[2023-04-28T11:24:25.568+0000] {processor.py:153} INFO - Started process (PID=373) to work on /home/airflow/.local/lib/python3.7/site-packages/airflow/example_dags/plugins/event_listener.py
[2023-04-28T11:24:25.569+0000] {processor.py:743} INFO - Processing file /home/airflow/.local/lib/python3.7/site-packages/airflow/example_dags/plugins/event_listener.py for tasks to queue
[2023-04-28T11:24:25.572+0000] {logging_mixin.py:137} INFO - [2023-04-28T11:24:25.571+0000] {dagbag.py:532} INFO - Filling up the DagBag from /home/airflow/.local/lib/python3.7/site-packages/airflow/example_dags/plugins/event_listener.py
[2023-04-28T11:24:25.574+0000] {processor.py:755} WARNING - No viable dags retrieved from /home/airflow/.local/lib/python3.7/site-packages/airflow/example_dags/plugins/event_listener.py
[2023-04-28T11:24:25.593+0000] {processor.py:175} INFO - Processing /home/airflow/.local/lib/python3.7/site-packages/airflow/example_dags/plugins/event_listener.py took 0.029 seconds
[2023-04-28T11:24:56.196+0000] {processor.py:153} INFO - Started process (PID=586) to work on /home/airflow/.local/lib/python3.7/site-packages/airflow/example_dags/plugins/event_listener.py
[2023-04-28T11:24:56.198+0000] {processor.py:743} INFO - Processing file /home/airflow/.local/lib/python3.7/site-packages/airflow/example_dags/plugins/event_listener.py for tasks to queue
[2023-04-28T11:24:56.200+0000] {logging_mixin.py:137} INFO - [2023-04-28T11:24:56.200+0000] {dagbag.py:532} INFO - Filling up the DagBag from /home/airflow/.local/lib/python3.7/site-packages/airflow/example_dags/plugins/event_listener.py
[2023-04-28T11:24:56.202+0000] {processor.py:755} WARNING - No viable dags retrieved from /home/airflow/.local/lib/python3.7/site-packages/airflow/example_dags/plugins/event_listener.py
[2023-04-28T11:24:56.218+0000] {processor.py:175} INFO - Processing /home/airflow/.local/lib/python3.7/site-packages/airflow/example_dags/plugins/event_listener.py took 0.027 seconds
[2023-04-28T11:25:28.338+0000] {processor.py:153} INFO - Started process (PID=809) to work on /home/airflow/.local/lib/python3.7/site-packages/airflow/example_dags/plugins/event_listener.py
[2023-04-28T11:25:28.341+0000] {processor.py:743} INFO - Processing file /home/airflow/.local/lib/python3.7/site-packages/airflow/example_dags/plugins/event_listener.py for tasks to queue
[2023-04-28T11:25:28.343+0000] {logging_mixin.py:137} INFO - [2023-04-28T11:25:28.343+0000] {dagbag.py:532} INFO - Filling up the DagBag from /home/airflow/.local/lib/python3.7/site-packages/airflow/example_dags/plugins/event_listener.py
[2023-04-28T11:25:28.346+0000] {processor.py:755} WARNING - No viable dags retrieved from /home/airflow/.local/lib/python3.7/site-packages/airflow/example_dags/plugins/event_listener.py
[2023-04-28T11:25:28.368+0000] {processor.py:175} INFO - Processing /home/airflow/.local/lib/python3.7/site-packages/airflow/example_dags/plugins/event_listener.py took 0.036 seconds
[2023-04-28T11:26:00.021+0000] {processor.py:153} INFO - Started process (PID=1027) to work on /home/airflow/.local/lib/python3.7/site-packages/airflow/example_dags/plugins/event_listener.py
[2023-04-28T11:26:00.024+0000] {processor.py:743} INFO - Processing file /home/airflow/.local/lib/python3.7/site-packages/airflow/example_dags/plugins/event_listener.py for tasks to queue
[2023-04-28T11:26:00.027+0000] {logging_mixin.py:137} INFO - [2023-04-28T11:26:00.027+0000] {dagbag.py:532} INFO - Filling up the DagBag from /home/airflow/.local/lib/python3.7/site-packages/airflow/example_dags/plugins/event_listener.py
[2023-04-28T11:26:00.031+0000] {processor.py:755} WARNING - No viable dags retrieved from /home/airflow/.local/lib/python3.7/site-packages/airflow/example_dags/plugins/event_listener.py
[2023-04-28T11:26:00.058+0000] {processor.py:175} INFO - Processing /home/airflow/.local/lib/python3.7/site-packages/airflow/example_dags/plugins/event_listener.py took 0.043 seconds
[2023-04-28T11:26:30.583+0000] {processor.py:153} INFO - Started process (PID=1245) to work on /home/airflow/.local/lib/python3.7/site-packages/airflow/example_dags/plugins/event_listener.py
[2023-04-28T11:26:30.586+0000] {processor.py:743} INFO - Processing file /home/airflow/.local/lib/python3.7/site-packages/airflow/example_dags/plugins/event_listener.py for tasks to queue
[2023-04-28T11:26:30.588+0000] {logging_mixin.py:137} INFO - [2023-04-28T11:26:30.588+0000] {dagbag.py:532} INFO - Filling up the DagBag from /home/airflow/.local/lib/python3.7/site-packages/airflow/example_dags/plugins/event_listener.py
[2023-04-28T11:26:30.590+0000] {processor.py:755} WARNING - No viable dags retrieved from /home/airflow/.local/lib/python3.7/site-packages/airflow/example_dags/plugins/event_listener.py
[2023-04-28T11:26:30.607+0000] {processor.py:175} INFO - Processing /home/airflow/.local/lib/python3.7/site-packages/airflow/example_dags/plugins/event_listener.py took 0.028 seconds
[2023-04-28T11:27:01.621+0000] {processor.py:153} INFO - Started process (PID=1464) to work on /home/airflow/.local/lib/python3.7/site-packages/airflow/example_dags/plugins/event_listener.py
[2023-04-28T11:27:01.625+0000] {processor.py:743} INFO - Processing file /home/airflow/.local/lib/python3.7/site-packages/airflow/example_dags/plugins/event_listener.py for tasks to queue
[2023-04-28T11:27:01.628+0000] {logging_mixin.py:137} INFO - [2023-04-28T11:27:01.628+0000] {dagbag.py:532} INFO - Filling up the DagBag from /home/airflow/.local/lib/python3.7/site-packages/airflow/example_dags/plugins/event_listener.py
[2023-04-28T11:27:01.633+0000] {processor.py:755} WARNING - No viable dags retrieved from /home/airflow/.local/lib/python3.7/site-packages/airflow/example_dags/plugins/event_listener.py
[2023-04-28T11:27:01.666+0000] {processor.py:175} INFO - Processing /home/airflow/.local/lib/python3.7/site-packages/airflow/example_dags/plugins/event_listener.py took 0.051 seconds
[2023-04-28T11:27:32.692+0000] {processor.py:153} INFO - Started process (PID=1676) to work on /home/airflow/.local/lib/python3.7/site-packages/airflow/example_dags/plugins/event_listener.py
[2023-04-28T11:27:32.695+0000] {processor.py:743} INFO - Processing file /home/airflow/.local/lib/python3.7/site-packages/airflow/example_dags/plugins/event_listener.py for tasks to queue
[2023-04-28T11:27:32.698+0000] {logging_mixin.py:137} INFO - [2023-04-28T11:27:32.698+0000] {dagbag.py:532} INFO - Filling up the DagBag from /home/airflow/.local/lib/python3.7/site-packages/airflow/example_dags/plugins/event_listener.py
[2023-04-28T11:27:32.705+0000] {processor.py:755} WARNING - No viable dags retrieved from /home/airflow/.local/lib/python3.7/site-packages/airflow/example_dags/plugins/event_listener.py
[2023-04-28T11:27:32.739+0000] {processor.py:175} INFO - Processing /home/airflow/.local/lib/python3.7/site-packages/airflow/example_dags/plugins/event_listener.py took 0.054 seconds
[2023-04-28T11:28:04.180+0000] {processor.py:153} INFO - Started process (PID=1899) to work on /home/airflow/.local/lib/python3.7/site-packages/airflow/example_dags/plugins/event_listener.py
[2023-04-28T11:28:04.183+0000] {processor.py:743} INFO - Processing file /home/airflow/.local/lib/python3.7/site-packages/airflow/example_dags/plugins/event_listener.py for tasks to queue
[2023-04-28T11:28:04.186+0000] {logging_mixin.py:137} INFO - [2023-04-28T11:28:04.185+0000] {dagbag.py:532} INFO - Filling up the DagBag from /home/airflow/.local/lib/python3.7/site-packages/airflow/example_dags/plugins/event_listener.py
[2023-04-28T11:28:04.190+0000] {processor.py:755} WARNING - No viable dags retrieved from /home/airflow/.local/lib/python3.7/site-packages/airflow/example_dags/plugins/event_listener.py
[2023-04-28T11:28:04.218+0000] {processor.py:175} INFO - Processing /home/airflow/.local/lib/python3.7/site-packages/airflow/example_dags/plugins/event_listener.py took 0.044 seconds
[2023-04-28T11:28:34.711+0000] {processor.py:153} INFO - Started process (PID=2112) to work on /home/airflow/.local/lib/python3.7/site-packages/airflow/example_dags/plugins/event_listener.py
[2023-04-28T11:28:34.714+0000] {processor.py:743} INFO - Processing file /home/airflow/.local/lib/python3.7/site-packages/airflow/example_dags/plugins/event_listener.py for tasks to queue
[2023-04-28T11:28:34.717+0000] {logging_mixin.py:137} INFO - [2023-04-28T11:28:34.717+0000] {dagbag.py:532} INFO - Filling up the DagBag from /home/airflow/.local/lib/python3.7/site-packages/airflow/example_dags/plugins/event_listener.py
[2023-04-28T11:28:34.721+0000] {processor.py:755} WARNING - No viable dags retrieved from /home/airflow/.local/lib/python3.7/site-packages/airflow/example_dags/plugins/event_listener.py
[2023-04-28T11:28:34.743+0000] {processor.py:175} INFO - Processing /home/airflow/.local/lib/python3.7/site-packages/airflow/example_dags/plugins/event_listener.py took 0.038 seconds
[2023-04-28T11:29:05.183+0000] {processor.py:153} INFO - Started process (PID=2332) to work on /home/airflow/.local/lib/python3.7/site-packages/airflow/example_dags/plugins/event_listener.py
[2023-04-28T11:29:05.186+0000] {processor.py:743} INFO - Processing file /home/airflow/.local/lib/python3.7/site-packages/airflow/example_dags/plugins/event_listener.py for tasks to queue
[2023-04-28T11:29:05.188+0000] {logging_mixin.py:137} INFO - [2023-04-28T11:29:05.188+0000] {dagbag.py:532} INFO - Filling up the DagBag from /home/airflow/.local/lib/python3.7/site-packages/airflow/example_dags/plugins/event_listener.py
[2023-04-28T11:29:05.191+0000] {processor.py:755} WARNING - No viable dags retrieved from /home/airflow/.local/lib/python3.7/site-packages/airflow/example_dags/plugins/event_listener.py
[2023-04-28T11:29:05.209+0000] {processor.py:175} INFO - Processing /home/airflow/.local/lib/python3.7/site-packages/airflow/example_dags/plugins/event_listener.py took 0.030 seconds
[2023-04-28T11:29:37.732+0000] {processor.py:153} INFO - Started process (PID=2554) to work on /home/airflow/.local/lib/python3.7/site-packages/airflow/example_dags/plugins/event_listener.py
[2023-04-28T11:29:37.736+0000] {processor.py:743} INFO - Processing file /home/airflow/.local/lib/python3.7/site-packages/airflow/example_dags/plugins/event_listener.py for tasks to queue
[2023-04-28T11:29:37.739+0000] {logging_mixin.py:137} INFO - [2023-04-28T11:29:37.739+0000] {dagbag.py:532} INFO - Filling up the DagBag from /home/airflow/.local/lib/python3.7/site-packages/airflow/example_dags/plugins/event_listener.py
[2023-04-28T11:29:37.743+0000] {processor.py:755} WARNING - No viable dags retrieved from /home/airflow/.local/lib/python3.7/site-packages/airflow/example_dags/plugins/event_listener.py
[2023-04-28T11:29:37.769+0000] {processor.py:175} INFO - Processing /home/airflow/.local/lib/python3.7/site-packages/airflow/example_dags/plugins/event_listener.py took 0.045 seconds
[2023-04-28T11:30:08.049+0000] {processor.py:153} INFO - Started process (PID=2766) to work on /home/airflow/.local/lib/python3.7/site-packages/airflow/example_dags/plugins/event_listener.py
[2023-04-28T11:30:08.052+0000] {processor.py:743} INFO - Processing file /home/airflow/.local/lib/python3.7/site-packages/airflow/example_dags/plugins/event_listener.py for tasks to queue
[2023-04-28T11:30:08.054+0000] {logging_mixin.py:137} INFO - [2023-04-28T11:30:08.054+0000] {dagbag.py:532} INFO - Filling up the DagBag from /home/airflow/.local/lib/python3.7/site-packages/airflow/example_dags/plugins/event_listener.py
[2023-04-28T11:30:08.060+0000] {processor.py:755} WARNING - No viable dags retrieved from /home/airflow/.local/lib/python3.7/site-packages/airflow/example_dags/plugins/event_listener.py
[2023-04-28T11:30:08.087+0000] {processor.py:175} INFO - Processing /home/airflow/.local/lib/python3.7/site-packages/airflow/example_dags/plugins/event_listener.py took 0.042 seconds
[2023-04-28T11:30:38.296+0000] {processor.py:153} INFO - Started process (PID=2984) to work on /home/airflow/.local/lib/python3.7/site-packages/airflow/example_dags/plugins/event_listener.py
[2023-04-28T11:30:38.299+0000] {processor.py:743} INFO - Processing file /home/airflow/.local/lib/python3.7/site-packages/airflow/example_dags/plugins/event_listener.py for tasks to queue
[2023-04-28T11:30:38.300+0000] {logging_mixin.py:137} INFO - [2023-04-28T11:30:38.300+0000] {dagbag.py:532} INFO - Filling up the DagBag from /home/airflow/.local/lib/python3.7/site-packages/airflow/example_dags/plugins/event_listener.py
[2023-04-28T11:30:38.304+0000] {processor.py:755} WARNING - No viable dags retrieved from /home/airflow/.local/lib/python3.7/site-packages/airflow/example_dags/plugins/event_listener.py
[2023-04-28T11:30:38.322+0000] {processor.py:175} INFO - Processing /home/airflow/.local/lib/python3.7/site-packages/airflow/example_dags/plugins/event_listener.py took 0.030 seconds
[2023-04-28T11:31:09.585+0000] {processor.py:153} INFO - Started process (PID=3204) to work on /home/airflow/.local/lib/python3.7/site-packages/airflow/example_dags/plugins/event_listener.py
[2023-04-28T11:31:09.587+0000] {processor.py:743} INFO - Processing file /home/airflow/.local/lib/python3.7/site-packages/airflow/example_dags/plugins/event_listener.py for tasks to queue
[2023-04-28T11:31:09.589+0000] {logging_mixin.py:137} INFO - [2023-04-28T11:31:09.588+0000] {dagbag.py:532} INFO - Filling up the DagBag from /home/airflow/.local/lib/python3.7/site-packages/airflow/example_dags/plugins/event_listener.py
[2023-04-28T11:31:09.591+0000] {processor.py:755} WARNING - No viable dags retrieved from /home/airflow/.local/lib/python3.7/site-packages/airflow/example_dags/plugins/event_listener.py
[2023-04-28T11:31:09.611+0000] {processor.py:175} INFO - Processing /home/airflow/.local/lib/python3.7/site-packages/airflow/example_dags/plugins/event_listener.py took 0.031 seconds
[2023-04-28T11:31:39.982+0000] {processor.py:153} INFO - Started process (PID=3419) to work on /home/airflow/.local/lib/python3.7/site-packages/airflow/example_dags/plugins/event_listener.py
[2023-04-28T11:31:39.984+0000] {processor.py:743} INFO - Processing file /home/airflow/.local/lib/python3.7/site-packages/airflow/example_dags/plugins/event_listener.py for tasks to queue
[2023-04-28T11:31:39.986+0000] {logging_mixin.py:137} INFO - [2023-04-28T11:31:39.986+0000] {dagbag.py:532} INFO - Filling up the DagBag from /home/airflow/.local/lib/python3.7/site-packages/airflow/example_dags/plugins/event_listener.py
[2023-04-28T11:31:39.989+0000] {processor.py:755} WARNING - No viable dags retrieved from /home/airflow/.local/lib/python3.7/site-packages/airflow/example_dags/plugins/event_listener.py
[2023-04-28T11:31:40.009+0000] {processor.py:175} INFO - Processing /home/airflow/.local/lib/python3.7/site-packages/airflow/example_dags/plugins/event_listener.py took 0.032 seconds
[2023-04-28T11:32:10.299+0000] {processor.py:153} INFO - Started process (PID=3637) to work on /home/airflow/.local/lib/python3.7/site-packages/airflow/example_dags/plugins/event_listener.py
[2023-04-28T11:32:10.302+0000] {processor.py:743} INFO - Processing file /home/airflow/.local/lib/python3.7/site-packages/airflow/example_dags/plugins/event_listener.py for tasks to queue
[2023-04-28T11:32:10.303+0000] {logging_mixin.py:137} INFO - [2023-04-28T11:32:10.303+0000] {dagbag.py:532} INFO - Filling up the DagBag from /home/airflow/.local/lib/python3.7/site-packages/airflow/example_dags/plugins/event_listener.py
[2023-04-28T11:32:10.307+0000] {processor.py:755} WARNING - No viable dags retrieved from /home/airflow/.local/lib/python3.7/site-packages/airflow/example_dags/plugins/event_listener.py
[2023-04-28T11:32:10.330+0000] {processor.py:175} INFO - Processing /home/airflow/.local/lib/python3.7/site-packages/airflow/example_dags/plugins/event_listener.py took 0.037 seconds
[2023-04-28T11:32:40.701+0000] {processor.py:153} INFO - Started process (PID=3855) to work on /home/airflow/.local/lib/python3.7/site-packages/airflow/example_dags/plugins/event_listener.py
[2023-04-28T11:32:40.704+0000] {processor.py:743} INFO - Processing file /home/airflow/.local/lib/python3.7/site-packages/airflow/example_dags/plugins/event_listener.py for tasks to queue
[2023-04-28T11:32:40.706+0000] {logging_mixin.py:137} INFO - [2023-04-28T11:32:40.706+0000] {dagbag.py:532} INFO - Filling up the DagBag from /home/airflow/.local/lib/python3.7/site-packages/airflow/example_dags/plugins/event_listener.py
[2023-04-28T11:32:40.710+0000] {processor.py:755} WARNING - No viable dags retrieved from /home/airflow/.local/lib/python3.7/site-packages/airflow/example_dags/plugins/event_listener.py
[2023-04-28T11:32:40.727+0000] {processor.py:175} INFO - Processing /home/airflow/.local/lib/python3.7/site-packages/airflow/example_dags/plugins/event_listener.py took 0.030 seconds
[2023-04-28T11:33:10.920+0000] {processor.py:153} INFO - Started process (PID=4073) to work on /home/airflow/.local/lib/python3.7/site-packages/airflow/example_dags/plugins/event_listener.py
[2023-04-28T11:33:10.922+0000] {processor.py:743} INFO - Processing file /home/airflow/.local/lib/python3.7/site-packages/airflow/example_dags/plugins/event_listener.py for tasks to queue
[2023-04-28T11:33:10.923+0000] {logging_mixin.py:137} INFO - [2023-04-28T11:33:10.923+0000] {dagbag.py:532} INFO - Filling up the DagBag from /home/airflow/.local/lib/python3.7/site-packages/airflow/example_dags/plugins/event_listener.py
[2023-04-28T11:33:10.927+0000] {processor.py:755} WARNING - No viable dags retrieved from /home/airflow/.local/lib/python3.7/site-packages/airflow/example_dags/plugins/event_listener.py
[2023-04-28T11:33:10.943+0000] {processor.py:175} INFO - Processing /home/airflow/.local/lib/python3.7/site-packages/airflow/example_dags/plugins/event_listener.py took 0.028 seconds
[2023-04-28T11:33:41.267+0000] {processor.py:153} INFO - Started process (PID=4291) to work on /home/airflow/.local/lib/python3.7/site-packages/airflow/example_dags/plugins/event_listener.py
[2023-04-28T11:33:41.270+0000] {processor.py:743} INFO - Processing file /home/airflow/.local/lib/python3.7/site-packages/airflow/example_dags/plugins/event_listener.py for tasks to queue
[2023-04-28T11:33:41.271+0000] {logging_mixin.py:137} INFO - [2023-04-28T11:33:41.271+0000] {dagbag.py:532} INFO - Filling up the DagBag from /home/airflow/.local/lib/python3.7/site-packages/airflow/example_dags/plugins/event_listener.py
[2023-04-28T11:33:41.274+0000] {processor.py:755} WARNING - No viable dags retrieved from /home/airflow/.local/lib/python3.7/site-packages/airflow/example_dags/plugins/event_listener.py
[2023-04-28T11:33:41.291+0000] {processor.py:175} INFO - Processing /home/airflow/.local/lib/python3.7/site-packages/airflow/example_dags/plugins/event_listener.py took 0.028 seconds
[2023-04-28T11:34:11.661+0000] {processor.py:153} INFO - Started process (PID=4509) to work on /home/airflow/.local/lib/python3.7/site-packages/airflow/example_dags/plugins/event_listener.py
[2023-04-28T11:34:11.666+0000] {processor.py:743} INFO - Processing file /home/airflow/.local/lib/python3.7/site-packages/airflow/example_dags/plugins/event_listener.py for tasks to queue
[2023-04-28T11:34:11.670+0000] {logging_mixin.py:137} INFO - [2023-04-28T11:34:11.669+0000] {dagbag.py:532} INFO - Filling up the DagBag from /home/airflow/.local/lib/python3.7/site-packages/airflow/example_dags/plugins/event_listener.py
[2023-04-28T11:34:11.674+0000] {processor.py:755} WARNING - No viable dags retrieved from /home/airflow/.local/lib/python3.7/site-packages/airflow/example_dags/plugins/event_listener.py
[2023-04-28T11:34:11.705+0000] {processor.py:175} INFO - Processing /home/airflow/.local/lib/python3.7/site-packages/airflow/example_dags/plugins/event_listener.py took 0.051 seconds
[2023-04-28T11:34:42.327+0000] {processor.py:153} INFO - Started process (PID=4727) to work on /home/airflow/.local/lib/python3.7/site-packages/airflow/example_dags/plugins/event_listener.py
[2023-04-28T11:34:42.330+0000] {processor.py:743} INFO - Processing file /home/airflow/.local/lib/python3.7/site-packages/airflow/example_dags/plugins/event_listener.py for tasks to queue
[2023-04-28T11:34:42.331+0000] {logging_mixin.py:137} INFO - [2023-04-28T11:34:42.331+0000] {dagbag.py:532} INFO - Filling up the DagBag from /home/airflow/.local/lib/python3.7/site-packages/airflow/example_dags/plugins/event_listener.py
[2023-04-28T11:34:42.334+0000] {processor.py:755} WARNING - No viable dags retrieved from /home/airflow/.local/lib/python3.7/site-packages/airflow/example_dags/plugins/event_listener.py
[2023-04-28T11:34:42.351+0000] {processor.py:175} INFO - Processing /home/airflow/.local/lib/python3.7/site-packages/airflow/example_dags/plugins/event_listener.py took 0.028 seconds
[2023-04-28T11:35:13.266+0000] {processor.py:153} INFO - Started process (PID=4945) to work on /home/airflow/.local/lib/python3.7/site-packages/airflow/example_dags/plugins/event_listener.py
[2023-04-28T11:35:13.268+0000] {processor.py:743} INFO - Processing file /home/airflow/.local/lib/python3.7/site-packages/airflow/example_dags/plugins/event_listener.py for tasks to queue
[2023-04-28T11:35:13.270+0000] {logging_mixin.py:137} INFO - [2023-04-28T11:35:13.270+0000] {dagbag.py:532} INFO - Filling up the DagBag from /home/airflow/.local/lib/python3.7/site-packages/airflow/example_dags/plugins/event_listener.py
[2023-04-28T11:35:13.273+0000] {processor.py:755} WARNING - No viable dags retrieved from /home/airflow/.local/lib/python3.7/site-packages/airflow/example_dags/plugins/event_listener.py
[2023-04-28T11:35:13.289+0000] {processor.py:175} INFO - Processing /home/airflow/.local/lib/python3.7/site-packages/airflow/example_dags/plugins/event_listener.py took 0.027 seconds
[2023-04-28T11:35:44.257+0000] {processor.py:153} INFO - Started process (PID=5163) to work on /home/airflow/.local/lib/python3.7/site-packages/airflow/example_dags/plugins/event_listener.py
[2023-04-28T11:35:44.261+0000] {processor.py:743} INFO - Processing file /home/airflow/.local/lib/python3.7/site-packages/airflow/example_dags/plugins/event_listener.py for tasks to queue
[2023-04-28T11:35:44.264+0000] {logging_mixin.py:137} INFO - [2023-04-28T11:35:44.264+0000] {dagbag.py:532} INFO - Filling up the DagBag from /home/airflow/.local/lib/python3.7/site-packages/airflow/example_dags/plugins/event_listener.py
[2023-04-28T11:35:44.268+0000] {processor.py:755} WARNING - No viable dags retrieved from /home/airflow/.local/lib/python3.7/site-packages/airflow/example_dags/plugins/event_listener.py
[2023-04-28T11:35:44.294+0000] {processor.py:175} INFO - Processing /home/airflow/.local/lib/python3.7/site-packages/airflow/example_dags/plugins/event_listener.py took 0.045 seconds
[2023-04-28T11:36:15.087+0000] {processor.py:153} INFO - Started process (PID=5388) to work on /home/airflow/.local/lib/python3.7/site-packages/airflow/example_dags/plugins/event_listener.py
[2023-04-28T11:36:15.089+0000] {processor.py:743} INFO - Processing file /home/airflow/.local/lib/python3.7/site-packages/airflow/example_dags/plugins/event_listener.py for tasks to queue
[2023-04-28T11:36:15.092+0000] {logging_mixin.py:137} INFO - [2023-04-28T11:36:15.091+0000] {dagbag.py:532} INFO - Filling up the DagBag from /home/airflow/.local/lib/python3.7/site-packages/airflow/example_dags/plugins/event_listener.py
[2023-04-28T11:36:15.095+0000] {processor.py:755} WARNING - No viable dags retrieved from /home/airflow/.local/lib/python3.7/site-packages/airflow/example_dags/plugins/event_listener.py
[2023-04-28T11:36:15.118+0000] {processor.py:175} INFO - Processing /home/airflow/.local/lib/python3.7/site-packages/airflow/example_dags/plugins/event_listener.py took 0.036 seconds
[2023-04-28T11:36:45.992+0000] {processor.py:153} INFO - Started process (PID=5606) to work on /home/airflow/.local/lib/python3.7/site-packages/airflow/example_dags/plugins/event_listener.py
[2023-04-28T11:36:45.995+0000] {processor.py:743} INFO - Processing file /home/airflow/.local/lib/python3.7/site-packages/airflow/example_dags/plugins/event_listener.py for tasks to queue
[2023-04-28T11:36:45.996+0000] {logging_mixin.py:137} INFO - [2023-04-28T11:36:45.996+0000] {dagbag.py:532} INFO - Filling up the DagBag from /home/airflow/.local/lib/python3.7/site-packages/airflow/example_dags/plugins/event_listener.py
[2023-04-28T11:36:45.999+0000] {processor.py:755} WARNING - No viable dags retrieved from /home/airflow/.local/lib/python3.7/site-packages/airflow/example_dags/plugins/event_listener.py
[2023-04-28T11:36:46.029+0000] {processor.py:175} INFO - Processing /home/airflow/.local/lib/python3.7/site-packages/airflow/example_dags/plugins/event_listener.py took 0.042 seconds
[2023-04-28T11:37:16.831+0000] {processor.py:153} INFO - Started process (PID=5824) to work on /home/airflow/.local/lib/python3.7/site-packages/airflow/example_dags/plugins/event_listener.py
[2023-04-28T11:37:16.833+0000] {processor.py:743} INFO - Processing file /home/airflow/.local/lib/python3.7/site-packages/airflow/example_dags/plugins/event_listener.py for tasks to queue
[2023-04-28T11:37:16.835+0000] {logging_mixin.py:137} INFO - [2023-04-28T11:37:16.835+0000] {dagbag.py:532} INFO - Filling up the DagBag from /home/airflow/.local/lib/python3.7/site-packages/airflow/example_dags/plugins/event_listener.py
[2023-04-28T11:37:16.838+0000] {processor.py:755} WARNING - No viable dags retrieved from /home/airflow/.local/lib/python3.7/site-packages/airflow/example_dags/plugins/event_listener.py
[2023-04-28T11:37:16.859+0000] {processor.py:175} INFO - Processing /home/airflow/.local/lib/python3.7/site-packages/airflow/example_dags/plugins/event_listener.py took 0.033 seconds
[2023-04-28T11:37:47.676+0000] {processor.py:153} INFO - Started process (PID=6042) to work on /home/airflow/.local/lib/python3.7/site-packages/airflow/example_dags/plugins/event_listener.py
[2023-04-28T11:37:47.679+0000] {processor.py:743} INFO - Processing file /home/airflow/.local/lib/python3.7/site-packages/airflow/example_dags/plugins/event_listener.py for tasks to queue
[2023-04-28T11:37:47.682+0000] {logging_mixin.py:137} INFO - [2023-04-28T11:37:47.682+0000] {dagbag.py:532} INFO - Filling up the DagBag from /home/airflow/.local/lib/python3.7/site-packages/airflow/example_dags/plugins/event_listener.py
[2023-04-28T11:37:47.685+0000] {processor.py:755} WARNING - No viable dags retrieved from /home/airflow/.local/lib/python3.7/site-packages/airflow/example_dags/plugins/event_listener.py
[2023-04-28T11:37:47.707+0000] {processor.py:175} INFO - Processing /home/airflow/.local/lib/python3.7/site-packages/airflow/example_dags/plugins/event_listener.py took 0.036 seconds
[2023-04-28T11:38:17.927+0000] {processor.py:153} INFO - Started process (PID=6260) to work on /home/airflow/.local/lib/python3.7/site-packages/airflow/example_dags/plugins/event_listener.py
[2023-04-28T11:38:17.929+0000] {processor.py:743} INFO - Processing file /home/airflow/.local/lib/python3.7/site-packages/airflow/example_dags/plugins/event_listener.py for tasks to queue
[2023-04-28T11:38:17.931+0000] {logging_mixin.py:137} INFO - [2023-04-28T11:38:17.931+0000] {dagbag.py:532} INFO - Filling up the DagBag from /home/airflow/.local/lib/python3.7/site-packages/airflow/example_dags/plugins/event_listener.py
[2023-04-28T11:38:17.934+0000] {processor.py:755} WARNING - No viable dags retrieved from /home/airflow/.local/lib/python3.7/site-packages/airflow/example_dags/plugins/event_listener.py
[2023-04-28T11:38:17.953+0000] {processor.py:175} INFO - Processing /home/airflow/.local/lib/python3.7/site-packages/airflow/example_dags/plugins/event_listener.py took 0.032 seconds
[2023-04-28T11:38:48.830+0000] {processor.py:153} INFO - Started process (PID=6478) to work on /home/airflow/.local/lib/python3.7/site-packages/airflow/example_dags/plugins/event_listener.py
[2023-04-28T11:38:48.832+0000] {processor.py:743} INFO - Processing file /home/airflow/.local/lib/python3.7/site-packages/airflow/example_dags/plugins/event_listener.py for tasks to queue
[2023-04-28T11:38:48.834+0000] {logging_mixin.py:137} INFO - [2023-04-28T11:38:48.834+0000] {dagbag.py:532} INFO - Filling up the DagBag from /home/airflow/.local/lib/python3.7/site-packages/airflow/example_dags/plugins/event_listener.py
[2023-04-28T11:38:48.837+0000] {processor.py:755} WARNING - No viable dags retrieved from /home/airflow/.local/lib/python3.7/site-packages/airflow/example_dags/plugins/event_listener.py
[2023-04-28T11:38:48.856+0000] {processor.py:175} INFO - Processing /home/airflow/.local/lib/python3.7/site-packages/airflow/example_dags/plugins/event_listener.py took 0.032 seconds
[2023-04-28T11:39:19.537+0000] {processor.py:153} INFO - Started process (PID=6695) to work on /home/airflow/.local/lib/python3.7/site-packages/airflow/example_dags/plugins/event_listener.py
[2023-04-28T11:39:19.540+0000] {processor.py:743} INFO - Processing file /home/airflow/.local/lib/python3.7/site-packages/airflow/example_dags/plugins/event_listener.py for tasks to queue
[2023-04-28T11:39:19.542+0000] {logging_mixin.py:137} INFO - [2023-04-28T11:39:19.542+0000] {dagbag.py:532} INFO - Filling up the DagBag from /home/airflow/.local/lib/python3.7/site-packages/airflow/example_dags/plugins/event_listener.py
[2023-04-28T11:39:19.545+0000] {processor.py:755} WARNING - No viable dags retrieved from /home/airflow/.local/lib/python3.7/site-packages/airflow/example_dags/plugins/event_listener.py
[2023-04-28T11:39:19.565+0000] {processor.py:175} INFO - Processing /home/airflow/.local/lib/python3.7/site-packages/airflow/example_dags/plugins/event_listener.py took 0.033 seconds
[2023-04-28T11:39:50.239+0000] {processor.py:153} INFO - Started process (PID=6928) to work on /home/airflow/.local/lib/python3.7/site-packages/airflow/example_dags/plugins/event_listener.py
[2023-04-28T11:39:50.242+0000] {processor.py:743} INFO - Processing file /home/airflow/.local/lib/python3.7/site-packages/airflow/example_dags/plugins/event_listener.py for tasks to queue
[2023-04-28T11:39:50.245+0000] {logging_mixin.py:137} INFO - [2023-04-28T11:39:50.245+0000] {dagbag.py:532} INFO - Filling up the DagBag from /home/airflow/.local/lib/python3.7/site-packages/airflow/example_dags/plugins/event_listener.py
[2023-04-28T11:39:50.250+0000] {processor.py:755} WARNING - No viable dags retrieved from /home/airflow/.local/lib/python3.7/site-packages/airflow/example_dags/plugins/event_listener.py
[2023-04-28T11:39:50.276+0000] {processor.py:175} INFO - Processing /home/airflow/.local/lib/python3.7/site-packages/airflow/example_dags/plugins/event_listener.py took 0.045 seconds
[2023-04-28T11:40:21.029+0000] {processor.py:153} INFO - Started process (PID=7150) to work on /home/airflow/.local/lib/python3.7/site-packages/airflow/example_dags/plugins/event_listener.py
[2023-04-28T11:40:21.037+0000] {processor.py:743} INFO - Processing file /home/airflow/.local/lib/python3.7/site-packages/airflow/example_dags/plugins/event_listener.py for tasks to queue
[2023-04-28T11:40:21.041+0000] {logging_mixin.py:137} INFO - [2023-04-28T11:40:21.041+0000] {dagbag.py:532} INFO - Filling up the DagBag from /home/airflow/.local/lib/python3.7/site-packages/airflow/example_dags/plugins/event_listener.py
[2023-04-28T11:40:21.048+0000] {processor.py:755} WARNING - No viable dags retrieved from /home/airflow/.local/lib/python3.7/site-packages/airflow/example_dags/plugins/event_listener.py
[2023-04-28T11:40:21.084+0000] {processor.py:175} INFO - Processing /home/airflow/.local/lib/python3.7/site-packages/airflow/example_dags/plugins/event_listener.py took 0.074 seconds
[2023-04-28T11:40:52.032+0000] {processor.py:153} INFO - Started process (PID=7287) to work on /home/airflow/.local/lib/python3.7/site-packages/airflow/example_dags/plugins/event_listener.py
[2023-04-28T11:40:52.037+0000] {processor.py:743} INFO - Processing file /home/airflow/.local/lib/python3.7/site-packages/airflow/example_dags/plugins/event_listener.py for tasks to queue
[2023-04-28T11:40:52.042+0000] {logging_mixin.py:137} INFO - [2023-04-28T11:40:52.041+0000] {dagbag.py:532} INFO - Filling up the DagBag from /home/airflow/.local/lib/python3.7/site-packages/airflow/example_dags/plugins/event_listener.py
[2023-04-28T11:40:52.047+0000] {processor.py:755} WARNING - No viable dags retrieved from /home/airflow/.local/lib/python3.7/site-packages/airflow/example_dags/plugins/event_listener.py
[2023-04-28T11:40:52.087+0000] {processor.py:175} INFO - Processing /home/airflow/.local/lib/python3.7/site-packages/airflow/example_dags/plugins/event_listener.py took 0.067 seconds
