[2023-05-05T10:11:50.598+0000] {processor.py:156} INFO - Started process (PID=69) to work on /home/airflow/.local/lib/python3.7/site-packages/airflow/example_dags/example_python_operator.py
[2023-05-05T10:11:50.622+0000] {processor.py:799} INFO - Processing file /home/airflow/.local/lib/python3.7/site-packages/airflow/example_dags/example_python_operator.py for tasks to queue
[2023-05-05T10:11:50.625+0000] {logging_mixin.py:149} INFO - [2023-05-05T10:11:50.624+0000] {dagbag.py:541} INFO - Filling up the DagBag from /home/airflow/.local/lib/python3.7/site-packages/airflow/example_dags/example_python_operator.py
[2023-05-05T10:11:50.650+0000] {logging_mixin.py:149} INFO - [2023-05-05T10:11:50.650+0000] {taskmixin.py:211} WARNING - Dependency <Task(_PythonDecoratedOperator): print_the_context>, log_sql_query already registered for DAG: example_python_operator
[2023-05-05T10:11:50.652+0000] {logging_mixin.py:149} INFO - [2023-05-05T10:11:50.652+0000] {taskmixin.py:211} WARNING - Dependency <Task(_PythonDecoratedOperator): log_sql_query>, print_the_context already registered for DAG: example_python_operator
[2023-05-05T10:11:50.655+0000] {logging_mixin.py:149} INFO - [2023-05-05T10:11:50.654+0000] {taskmixin.py:211} WARNING - Dependency <Task(_PythonDecoratedOperator): print_the_context>, log_sql_query already registered for DAG: example_python_operator
[2023-05-05T10:11:50.656+0000] {logging_mixin.py:149} INFO - [2023-05-05T10:11:50.656+0000] {taskmixin.py:211} WARNING - Dependency <Task(_PythonDecoratedOperator): log_sql_query>, print_the_context already registered for DAG: example_python_operator
[2023-05-05T10:11:50.658+0000] {logging_mixin.py:149} INFO - [2023-05-05T10:11:50.658+0000] {taskmixin.py:211} WARNING - Dependency <Task(_PythonDecoratedOperator): print_the_context>, log_sql_query already registered for DAG: example_python_operator
[2023-05-05T10:11:50.659+0000] {logging_mixin.py:149} INFO - [2023-05-05T10:11:50.659+0000] {taskmixin.py:211} WARNING - Dependency <Task(_PythonDecoratedOperator): log_sql_query>, print_the_context already registered for DAG: example_python_operator
[2023-05-05T10:11:50.661+0000] {logging_mixin.py:149} INFO - [2023-05-05T10:11:50.661+0000] {taskmixin.py:211} WARNING - Dependency <Task(_PythonDecoratedOperator): print_the_context>, log_sql_query already registered for DAG: example_python_operator
[2023-05-05T10:11:50.662+0000] {logging_mixin.py:149} INFO - [2023-05-05T10:11:50.662+0000] {taskmixin.py:211} WARNING - Dependency <Task(_PythonDecoratedOperator): log_sql_query>, print_the_context already registered for DAG: example_python_operator
[2023-05-05T10:11:50.669+0000] {processor.py:809} INFO - DAG(s) dict_keys(['example_python_operator']) retrieved from /home/airflow/.local/lib/python3.7/site-packages/airflow/example_dags/example_python_operator.py
[2023-05-05T10:11:50.770+0000] {logging_mixin.py:149} INFO - [2023-05-05T10:11:50.770+0000] {dag.py:2726} INFO - Sync 1 DAGs
[2023-05-05T10:11:50.813+0000] {logging_mixin.py:149} INFO - [2023-05-05T10:11:50.813+0000] {dag.py:3490} INFO - Setting next_dagrun for example_python_operator to None, run_after=None
[2023-05-05T10:11:50.852+0000] {processor.py:178} INFO - Processing /home/airflow/.local/lib/python3.7/site-packages/airflow/example_dags/example_python_operator.py took 0.266 seconds
[2023-05-05T10:12:20.981+0000] {processor.py:156} INFO - Started process (PID=133) to work on /home/airflow/.local/lib/python3.7/site-packages/airflow/example_dags/example_python_operator.py
[2023-05-05T10:12:20.984+0000] {processor.py:799} INFO - Processing file /home/airflow/.local/lib/python3.7/site-packages/airflow/example_dags/example_python_operator.py for tasks to queue
[2023-05-05T10:12:20.986+0000] {logging_mixin.py:149} INFO - [2023-05-05T10:12:20.986+0000] {dagbag.py:541} INFO - Filling up the DagBag from /home/airflow/.local/lib/python3.7/site-packages/airflow/example_dags/example_python_operator.py
[2023-05-05T10:12:20.995+0000] {logging_mixin.py:149} INFO - [2023-05-05T10:12:20.995+0000] {taskmixin.py:211} WARNING - Dependency <Task(_PythonDecoratedOperator): print_the_context>, log_sql_query already registered for DAG: example_python_operator
[2023-05-05T10:12:20.997+0000] {logging_mixin.py:149} INFO - [2023-05-05T10:12:20.997+0000] {taskmixin.py:211} WARNING - Dependency <Task(_PythonDecoratedOperator): log_sql_query>, print_the_context already registered for DAG: example_python_operator
[2023-05-05T10:12:20.999+0000] {logging_mixin.py:149} INFO - [2023-05-05T10:12:20.999+0000] {taskmixin.py:211} WARNING - Dependency <Task(_PythonDecoratedOperator): print_the_context>, log_sql_query already registered for DAG: example_python_operator
[2023-05-05T10:12:21.000+0000] {logging_mixin.py:149} INFO - [2023-05-05T10:12:21.000+0000] {taskmixin.py:211} WARNING - Dependency <Task(_PythonDecoratedOperator): log_sql_query>, print_the_context already registered for DAG: example_python_operator
[2023-05-05T10:12:21.001+0000] {logging_mixin.py:149} INFO - [2023-05-05T10:12:21.001+0000] {taskmixin.py:211} WARNING - Dependency <Task(_PythonDecoratedOperator): print_the_context>, log_sql_query already registered for DAG: example_python_operator
[2023-05-05T10:12:21.002+0000] {logging_mixin.py:149} INFO - [2023-05-05T10:12:21.002+0000] {taskmixin.py:211} WARNING - Dependency <Task(_PythonDecoratedOperator): log_sql_query>, print_the_context already registered for DAG: example_python_operator
[2023-05-05T10:12:21.004+0000] {logging_mixin.py:149} INFO - [2023-05-05T10:12:21.003+0000] {taskmixin.py:211} WARNING - Dependency <Task(_PythonDecoratedOperator): print_the_context>, log_sql_query already registered for DAG: example_python_operator
[2023-05-05T10:12:21.005+0000] {logging_mixin.py:149} INFO - [2023-05-05T10:12:21.004+0000] {taskmixin.py:211} WARNING - Dependency <Task(_PythonDecoratedOperator): log_sql_query>, print_the_context already registered for DAG: example_python_operator
[2023-05-05T10:12:21.008+0000] {processor.py:809} INFO - DAG(s) dict_keys(['example_python_operator']) retrieved from /home/airflow/.local/lib/python3.7/site-packages/airflow/example_dags/example_python_operator.py
[2023-05-05T10:12:21.043+0000] {logging_mixin.py:149} INFO - [2023-05-05T10:12:21.042+0000] {dag.py:2726} INFO - Sync 1 DAGs
[2023-05-05T10:12:21.073+0000] {logging_mixin.py:149} INFO - [2023-05-05T10:12:21.073+0000] {dag.py:3490} INFO - Setting next_dagrun for example_python_operator to None, run_after=None
[2023-05-05T10:12:21.095+0000] {processor.py:178} INFO - Processing /home/airflow/.local/lib/python3.7/site-packages/airflow/example_dags/example_python_operator.py took 0.118 seconds
[2023-05-05T10:12:51.276+0000] {processor.py:156} INFO - Started process (PID=197) to work on /home/airflow/.local/lib/python3.7/site-packages/airflow/example_dags/example_python_operator.py
[2023-05-05T10:12:51.279+0000] {processor.py:799} INFO - Processing file /home/airflow/.local/lib/python3.7/site-packages/airflow/example_dags/example_python_operator.py for tasks to queue
[2023-05-05T10:12:51.282+0000] {logging_mixin.py:149} INFO - [2023-05-05T10:12:51.282+0000] {dagbag.py:541} INFO - Filling up the DagBag from /home/airflow/.local/lib/python3.7/site-packages/airflow/example_dags/example_python_operator.py
[2023-05-05T10:12:51.293+0000] {logging_mixin.py:149} INFO - [2023-05-05T10:12:51.293+0000] {taskmixin.py:211} WARNING - Dependency <Task(_PythonDecoratedOperator): print_the_context>, log_sql_query already registered for DAG: example_python_operator
[2023-05-05T10:12:51.294+0000] {logging_mixin.py:149} INFO - [2023-05-05T10:12:51.294+0000] {taskmixin.py:211} WARNING - Dependency <Task(_PythonDecoratedOperator): log_sql_query>, print_the_context already registered for DAG: example_python_operator
[2023-05-05T10:12:51.296+0000] {logging_mixin.py:149} INFO - [2023-05-05T10:12:51.296+0000] {taskmixin.py:211} WARNING - Dependency <Task(_PythonDecoratedOperator): print_the_context>, log_sql_query already registered for DAG: example_python_operator
[2023-05-05T10:12:51.297+0000] {logging_mixin.py:149} INFO - [2023-05-05T10:12:51.297+0000] {taskmixin.py:211} WARNING - Dependency <Task(_PythonDecoratedOperator): log_sql_query>, print_the_context already registered for DAG: example_python_operator
[2023-05-05T10:12:51.300+0000] {logging_mixin.py:149} INFO - [2023-05-05T10:12:51.300+0000] {taskmixin.py:211} WARNING - Dependency <Task(_PythonDecoratedOperator): print_the_context>, log_sql_query already registered for DAG: example_python_operator
[2023-05-05T10:12:51.301+0000] {logging_mixin.py:149} INFO - [2023-05-05T10:12:51.301+0000] {taskmixin.py:211} WARNING - Dependency <Task(_PythonDecoratedOperator): log_sql_query>, print_the_context already registered for DAG: example_python_operator
[2023-05-05T10:12:51.302+0000] {logging_mixin.py:149} INFO - [2023-05-05T10:12:51.302+0000] {taskmixin.py:211} WARNING - Dependency <Task(_PythonDecoratedOperator): print_the_context>, log_sql_query already registered for DAG: example_python_operator
[2023-05-05T10:12:51.303+0000] {logging_mixin.py:149} INFO - [2023-05-05T10:12:51.303+0000] {taskmixin.py:211} WARNING - Dependency <Task(_PythonDecoratedOperator): log_sql_query>, print_the_context already registered for DAG: example_python_operator
[2023-05-05T10:12:51.308+0000] {processor.py:809} INFO - DAG(s) dict_keys(['example_python_operator']) retrieved from /home/airflow/.local/lib/python3.7/site-packages/airflow/example_dags/example_python_operator.py
[2023-05-05T10:12:51.345+0000] {logging_mixin.py:149} INFO - [2023-05-05T10:12:51.345+0000] {dag.py:2726} INFO - Sync 1 DAGs
[2023-05-05T10:12:51.375+0000] {logging_mixin.py:149} INFO - [2023-05-05T10:12:51.375+0000] {dag.py:3490} INFO - Setting next_dagrun for example_python_operator to None, run_after=None
[2023-05-05T10:12:51.397+0000] {processor.py:178} INFO - Processing /home/airflow/.local/lib/python3.7/site-packages/airflow/example_dags/example_python_operator.py took 0.125 seconds
[2023-05-05T10:13:21.561+0000] {processor.py:156} INFO - Started process (PID=261) to work on /home/airflow/.local/lib/python3.7/site-packages/airflow/example_dags/example_python_operator.py
[2023-05-05T10:13:21.563+0000] {processor.py:799} INFO - Processing file /home/airflow/.local/lib/python3.7/site-packages/airflow/example_dags/example_python_operator.py for tasks to queue
[2023-05-05T10:13:21.565+0000] {logging_mixin.py:149} INFO - [2023-05-05T10:13:21.565+0000] {dagbag.py:541} INFO - Filling up the DagBag from /home/airflow/.local/lib/python3.7/site-packages/airflow/example_dags/example_python_operator.py
[2023-05-05T10:13:21.575+0000] {logging_mixin.py:149} INFO - [2023-05-05T10:13:21.575+0000] {taskmixin.py:211} WARNING - Dependency <Task(_PythonDecoratedOperator): print_the_context>, log_sql_query already registered for DAG: example_python_operator
[2023-05-05T10:13:21.577+0000] {logging_mixin.py:149} INFO - [2023-05-05T10:13:21.576+0000] {taskmixin.py:211} WARNING - Dependency <Task(_PythonDecoratedOperator): log_sql_query>, print_the_context already registered for DAG: example_python_operator
[2023-05-05T10:13:21.579+0000] {logging_mixin.py:149} INFO - [2023-05-05T10:13:21.578+0000] {taskmixin.py:211} WARNING - Dependency <Task(_PythonDecoratedOperator): print_the_context>, log_sql_query already registered for DAG: example_python_operator
[2023-05-05T10:13:21.580+0000] {logging_mixin.py:149} INFO - [2023-05-05T10:13:21.580+0000] {taskmixin.py:211} WARNING - Dependency <Task(_PythonDecoratedOperator): log_sql_query>, print_the_context already registered for DAG: example_python_operator
[2023-05-05T10:13:21.581+0000] {logging_mixin.py:149} INFO - [2023-05-05T10:13:21.581+0000] {taskmixin.py:211} WARNING - Dependency <Task(_PythonDecoratedOperator): print_the_context>, log_sql_query already registered for DAG: example_python_operator
[2023-05-05T10:13:21.582+0000] {logging_mixin.py:149} INFO - [2023-05-05T10:13:21.582+0000] {taskmixin.py:211} WARNING - Dependency <Task(_PythonDecoratedOperator): log_sql_query>, print_the_context already registered for DAG: example_python_operator
[2023-05-05T10:13:21.584+0000] {logging_mixin.py:149} INFO - [2023-05-05T10:13:21.584+0000] {taskmixin.py:211} WARNING - Dependency <Task(_PythonDecoratedOperator): print_the_context>, log_sql_query already registered for DAG: example_python_operator
[2023-05-05T10:13:21.586+0000] {logging_mixin.py:149} INFO - [2023-05-05T10:13:21.586+0000] {taskmixin.py:211} WARNING - Dependency <Task(_PythonDecoratedOperator): log_sql_query>, print_the_context already registered for DAG: example_python_operator
[2023-05-05T10:13:21.591+0000] {processor.py:809} INFO - DAG(s) dict_keys(['example_python_operator']) retrieved from /home/airflow/.local/lib/python3.7/site-packages/airflow/example_dags/example_python_operator.py
[2023-05-05T10:13:21.625+0000] {logging_mixin.py:149} INFO - [2023-05-05T10:13:21.625+0000] {dag.py:2726} INFO - Sync 1 DAGs
[2023-05-05T10:13:21.653+0000] {logging_mixin.py:149} INFO - [2023-05-05T10:13:21.653+0000] {dag.py:3490} INFO - Setting next_dagrun for example_python_operator to None, run_after=None
[2023-05-05T10:13:21.675+0000] {processor.py:178} INFO - Processing /home/airflow/.local/lib/python3.7/site-packages/airflow/example_dags/example_python_operator.py took 0.119 seconds
[2023-05-05T10:13:51.779+0000] {processor.py:156} INFO - Started process (PID=325) to work on /home/airflow/.local/lib/python3.7/site-packages/airflow/example_dags/example_python_operator.py
[2023-05-05T10:13:51.782+0000] {processor.py:799} INFO - Processing file /home/airflow/.local/lib/python3.7/site-packages/airflow/example_dags/example_python_operator.py for tasks to queue
[2023-05-05T10:13:51.783+0000] {logging_mixin.py:149} INFO - [2023-05-05T10:13:51.783+0000] {dagbag.py:541} INFO - Filling up the DagBag from /home/airflow/.local/lib/python3.7/site-packages/airflow/example_dags/example_python_operator.py
[2023-05-05T10:13:51.793+0000] {logging_mixin.py:149} INFO - [2023-05-05T10:13:51.792+0000] {taskmixin.py:211} WARNING - Dependency <Task(_PythonDecoratedOperator): print_the_context>, log_sql_query already registered for DAG: example_python_operator
[2023-05-05T10:13:51.794+0000] {logging_mixin.py:149} INFO - [2023-05-05T10:13:51.794+0000] {taskmixin.py:211} WARNING - Dependency <Task(_PythonDecoratedOperator): log_sql_query>, print_the_context already registered for DAG: example_python_operator
[2023-05-05T10:13:51.796+0000] {logging_mixin.py:149} INFO - [2023-05-05T10:13:51.795+0000] {taskmixin.py:211} WARNING - Dependency <Task(_PythonDecoratedOperator): print_the_context>, log_sql_query already registered for DAG: example_python_operator
[2023-05-05T10:13:51.797+0000] {logging_mixin.py:149} INFO - [2023-05-05T10:13:51.797+0000] {taskmixin.py:211} WARNING - Dependency <Task(_PythonDecoratedOperator): log_sql_query>, print_the_context already registered for DAG: example_python_operator
[2023-05-05T10:13:51.799+0000] {logging_mixin.py:149} INFO - [2023-05-05T10:13:51.799+0000] {taskmixin.py:211} WARNING - Dependency <Task(_PythonDecoratedOperator): print_the_context>, log_sql_query already registered for DAG: example_python_operator
[2023-05-05T10:13:51.800+0000] {logging_mixin.py:149} INFO - [2023-05-05T10:13:51.800+0000] {taskmixin.py:211} WARNING - Dependency <Task(_PythonDecoratedOperator): log_sql_query>, print_the_context already registered for DAG: example_python_operator
[2023-05-05T10:13:51.801+0000] {logging_mixin.py:149} INFO - [2023-05-05T10:13:51.801+0000] {taskmixin.py:211} WARNING - Dependency <Task(_PythonDecoratedOperator): print_the_context>, log_sql_query already registered for DAG: example_python_operator
[2023-05-05T10:13:51.802+0000] {logging_mixin.py:149} INFO - [2023-05-05T10:13:51.802+0000] {taskmixin.py:211} WARNING - Dependency <Task(_PythonDecoratedOperator): log_sql_query>, print_the_context already registered for DAG: example_python_operator
[2023-05-05T10:13:51.806+0000] {processor.py:809} INFO - DAG(s) dict_keys(['example_python_operator']) retrieved from /home/airflow/.local/lib/python3.7/site-packages/airflow/example_dags/example_python_operator.py
[2023-05-05T10:13:51.841+0000] {logging_mixin.py:149} INFO - [2023-05-05T10:13:51.840+0000] {dag.py:2726} INFO - Sync 1 DAGs
[2023-05-05T10:13:51.875+0000] {logging_mixin.py:149} INFO - [2023-05-05T10:13:51.874+0000] {dag.py:3490} INFO - Setting next_dagrun for example_python_operator to None, run_after=None
[2023-05-05T10:13:51.901+0000] {processor.py:178} INFO - Processing /home/airflow/.local/lib/python3.7/site-packages/airflow/example_dags/example_python_operator.py took 0.125 seconds
[2023-05-05T10:14:22.892+0000] {processor.py:156} INFO - Started process (PID=389) to work on /home/airflow/.local/lib/python3.7/site-packages/airflow/example_dags/example_python_operator.py
[2023-05-05T10:14:22.895+0000] {processor.py:799} INFO - Processing file /home/airflow/.local/lib/python3.7/site-packages/airflow/example_dags/example_python_operator.py for tasks to queue
[2023-05-05T10:14:22.899+0000] {logging_mixin.py:149} INFO - [2023-05-05T10:14:22.898+0000] {dagbag.py:541} INFO - Filling up the DagBag from /home/airflow/.local/lib/python3.7/site-packages/airflow/example_dags/example_python_operator.py
[2023-05-05T10:14:22.918+0000] {logging_mixin.py:149} INFO - [2023-05-05T10:14:22.918+0000] {taskmixin.py:211} WARNING - Dependency <Task(_PythonDecoratedOperator): print_the_context>, log_sql_query already registered for DAG: example_python_operator
[2023-05-05T10:14:22.920+0000] {logging_mixin.py:149} INFO - [2023-05-05T10:14:22.920+0000] {taskmixin.py:211} WARNING - Dependency <Task(_PythonDecoratedOperator): log_sql_query>, print_the_context already registered for DAG: example_python_operator
[2023-05-05T10:14:22.923+0000] {logging_mixin.py:149} INFO - [2023-05-05T10:14:22.923+0000] {taskmixin.py:211} WARNING - Dependency <Task(_PythonDecoratedOperator): print_the_context>, log_sql_query already registered for DAG: example_python_operator
[2023-05-05T10:14:22.925+0000] {logging_mixin.py:149} INFO - [2023-05-05T10:14:22.924+0000] {taskmixin.py:211} WARNING - Dependency <Task(_PythonDecoratedOperator): log_sql_query>, print_the_context already registered for DAG: example_python_operator
[2023-05-05T10:14:22.927+0000] {logging_mixin.py:149} INFO - [2023-05-05T10:14:22.927+0000] {taskmixin.py:211} WARNING - Dependency <Task(_PythonDecoratedOperator): print_the_context>, log_sql_query already registered for DAG: example_python_operator
[2023-05-05T10:14:22.929+0000] {logging_mixin.py:149} INFO - [2023-05-05T10:14:22.928+0000] {taskmixin.py:211} WARNING - Dependency <Task(_PythonDecoratedOperator): log_sql_query>, print_the_context already registered for DAG: example_python_operator
[2023-05-05T10:14:22.931+0000] {logging_mixin.py:149} INFO - [2023-05-05T10:14:22.931+0000] {taskmixin.py:211} WARNING - Dependency <Task(_PythonDecoratedOperator): print_the_context>, log_sql_query already registered for DAG: example_python_operator
[2023-05-05T10:14:22.932+0000] {logging_mixin.py:149} INFO - [2023-05-05T10:14:22.932+0000] {taskmixin.py:211} WARNING - Dependency <Task(_PythonDecoratedOperator): log_sql_query>, print_the_context already registered for DAG: example_python_operator
[2023-05-05T10:14:22.937+0000] {processor.py:809} INFO - DAG(s) dict_keys(['example_python_operator']) retrieved from /home/airflow/.local/lib/python3.7/site-packages/airflow/example_dags/example_python_operator.py
[2023-05-05T10:14:22.981+0000] {logging_mixin.py:149} INFO - [2023-05-05T10:14:22.981+0000] {dag.py:2726} INFO - Sync 1 DAGs
[2023-05-05T10:14:23.015+0000] {logging_mixin.py:149} INFO - [2023-05-05T10:14:23.015+0000] {dag.py:3490} INFO - Setting next_dagrun for example_python_operator to None, run_after=None
[2023-05-05T10:14:23.040+0000] {processor.py:178} INFO - Processing /home/airflow/.local/lib/python3.7/site-packages/airflow/example_dags/example_python_operator.py took 0.153 seconds
[2023-05-05T10:14:53.660+0000] {processor.py:156} INFO - Started process (PID=453) to work on /home/airflow/.local/lib/python3.7/site-packages/airflow/example_dags/example_python_operator.py
[2023-05-05T10:14:53.663+0000] {processor.py:799} INFO - Processing file /home/airflow/.local/lib/python3.7/site-packages/airflow/example_dags/example_python_operator.py for tasks to queue
[2023-05-05T10:14:53.666+0000] {logging_mixin.py:149} INFO - [2023-05-05T10:14:53.665+0000] {dagbag.py:541} INFO - Filling up the DagBag from /home/airflow/.local/lib/python3.7/site-packages/airflow/example_dags/example_python_operator.py
[2023-05-05T10:14:53.680+0000] {logging_mixin.py:149} INFO - [2023-05-05T10:14:53.680+0000] {taskmixin.py:211} WARNING - Dependency <Task(_PythonDecoratedOperator): print_the_context>, log_sql_query already registered for DAG: example_python_operator
[2023-05-05T10:14:53.682+0000] {logging_mixin.py:149} INFO - [2023-05-05T10:14:53.681+0000] {taskmixin.py:211} WARNING - Dependency <Task(_PythonDecoratedOperator): log_sql_query>, print_the_context already registered for DAG: example_python_operator
[2023-05-05T10:14:53.684+0000] {logging_mixin.py:149} INFO - [2023-05-05T10:14:53.684+0000] {taskmixin.py:211} WARNING - Dependency <Task(_PythonDecoratedOperator): print_the_context>, log_sql_query already registered for DAG: example_python_operator
[2023-05-05T10:14:53.686+0000] {logging_mixin.py:149} INFO - [2023-05-05T10:14:53.686+0000] {taskmixin.py:211} WARNING - Dependency <Task(_PythonDecoratedOperator): log_sql_query>, print_the_context already registered for DAG: example_python_operator
[2023-05-05T10:14:53.689+0000] {logging_mixin.py:149} INFO - [2023-05-05T10:14:53.689+0000] {taskmixin.py:211} WARNING - Dependency <Task(_PythonDecoratedOperator): print_the_context>, log_sql_query already registered for DAG: example_python_operator
[2023-05-05T10:14:53.691+0000] {logging_mixin.py:149} INFO - [2023-05-05T10:14:53.691+0000] {taskmixin.py:211} WARNING - Dependency <Task(_PythonDecoratedOperator): log_sql_query>, print_the_context already registered for DAG: example_python_operator
[2023-05-05T10:14:53.693+0000] {logging_mixin.py:149} INFO - [2023-05-05T10:14:53.693+0000] {taskmixin.py:211} WARNING - Dependency <Task(_PythonDecoratedOperator): print_the_context>, log_sql_query already registered for DAG: example_python_operator
[2023-05-05T10:14:53.695+0000] {logging_mixin.py:149} INFO - [2023-05-05T10:14:53.695+0000] {taskmixin.py:211} WARNING - Dependency <Task(_PythonDecoratedOperator): log_sql_query>, print_the_context already registered for DAG: example_python_operator
[2023-05-05T10:14:53.700+0000] {processor.py:809} INFO - DAG(s) dict_keys(['example_python_operator']) retrieved from /home/airflow/.local/lib/python3.7/site-packages/airflow/example_dags/example_python_operator.py
[2023-05-05T10:14:53.746+0000] {logging_mixin.py:149} INFO - [2023-05-05T10:14:53.745+0000] {dag.py:2726} INFO - Sync 1 DAGs
[2023-05-05T10:14:53.784+0000] {logging_mixin.py:149} INFO - [2023-05-05T10:14:53.784+0000] {dag.py:3490} INFO - Setting next_dagrun for example_python_operator to None, run_after=None
[2023-05-05T10:14:53.813+0000] {processor.py:178} INFO - Processing /home/airflow/.local/lib/python3.7/site-packages/airflow/example_dags/example_python_operator.py took 0.158 seconds
[2023-05-05T10:15:24.913+0000] {processor.py:156} INFO - Started process (PID=517) to work on /home/airflow/.local/lib/python3.7/site-packages/airflow/example_dags/example_python_operator.py
[2023-05-05T10:15:24.917+0000] {processor.py:799} INFO - Processing file /home/airflow/.local/lib/python3.7/site-packages/airflow/example_dags/example_python_operator.py for tasks to queue
[2023-05-05T10:15:24.919+0000] {logging_mixin.py:149} INFO - [2023-05-05T10:15:24.918+0000] {dagbag.py:541} INFO - Filling up the DagBag from /home/airflow/.local/lib/python3.7/site-packages/airflow/example_dags/example_python_operator.py
[2023-05-05T10:15:24.935+0000] {logging_mixin.py:149} INFO - [2023-05-05T10:15:24.934+0000] {taskmixin.py:211} WARNING - Dependency <Task(_PythonDecoratedOperator): print_the_context>, log_sql_query already registered for DAG: example_python_operator
[2023-05-05T10:15:24.937+0000] {logging_mixin.py:149} INFO - [2023-05-05T10:15:24.937+0000] {taskmixin.py:211} WARNING - Dependency <Task(_PythonDecoratedOperator): log_sql_query>, print_the_context already registered for DAG: example_python_operator
[2023-05-05T10:15:24.943+0000] {logging_mixin.py:149} INFO - [2023-05-05T10:15:24.942+0000] {taskmixin.py:211} WARNING - Dependency <Task(_PythonDecoratedOperator): print_the_context>, log_sql_query already registered for DAG: example_python_operator
[2023-05-05T10:15:24.947+0000] {logging_mixin.py:149} INFO - [2023-05-05T10:15:24.946+0000] {taskmixin.py:211} WARNING - Dependency <Task(_PythonDecoratedOperator): log_sql_query>, print_the_context already registered for DAG: example_python_operator
[2023-05-05T10:15:24.951+0000] {logging_mixin.py:149} INFO - [2023-05-05T10:15:24.951+0000] {taskmixin.py:211} WARNING - Dependency <Task(_PythonDecoratedOperator): print_the_context>, log_sql_query already registered for DAG: example_python_operator
[2023-05-05T10:15:24.953+0000] {logging_mixin.py:149} INFO - [2023-05-05T10:15:24.953+0000] {taskmixin.py:211} WARNING - Dependency <Task(_PythonDecoratedOperator): log_sql_query>, print_the_context already registered for DAG: example_python_operator
[2023-05-05T10:15:24.958+0000] {logging_mixin.py:149} INFO - [2023-05-05T10:15:24.957+0000] {taskmixin.py:211} WARNING - Dependency <Task(_PythonDecoratedOperator): print_the_context>, log_sql_query already registered for DAG: example_python_operator
[2023-05-05T10:15:24.961+0000] {logging_mixin.py:149} INFO - [2023-05-05T10:15:24.960+0000] {taskmixin.py:211} WARNING - Dependency <Task(_PythonDecoratedOperator): log_sql_query>, print_the_context already registered for DAG: example_python_operator
[2023-05-05T10:15:24.973+0000] {processor.py:809} INFO - DAG(s) dict_keys(['example_python_operator']) retrieved from /home/airflow/.local/lib/python3.7/site-packages/airflow/example_dags/example_python_operator.py
[2023-05-05T10:15:25.036+0000] {logging_mixin.py:149} INFO - [2023-05-05T10:15:25.036+0000] {dag.py:2726} INFO - Sync 1 DAGs
[2023-05-05T10:15:25.085+0000] {logging_mixin.py:149} INFO - [2023-05-05T10:15:25.085+0000] {dag.py:3490} INFO - Setting next_dagrun for example_python_operator to None, run_after=None
[2023-05-05T10:15:25.128+0000] {processor.py:178} INFO - Processing /home/airflow/.local/lib/python3.7/site-packages/airflow/example_dags/example_python_operator.py took 0.220 seconds
[2023-05-05T10:15:55.227+0000] {processor.py:156} INFO - Started process (PID=581) to work on /home/airflow/.local/lib/python3.7/site-packages/airflow/example_dags/example_python_operator.py
[2023-05-05T10:15:55.234+0000] {processor.py:799} INFO - Processing file /home/airflow/.local/lib/python3.7/site-packages/airflow/example_dags/example_python_operator.py for tasks to queue
[2023-05-05T10:15:55.238+0000] {logging_mixin.py:149} INFO - [2023-05-05T10:15:55.238+0000] {dagbag.py:541} INFO - Filling up the DagBag from /home/airflow/.local/lib/python3.7/site-packages/airflow/example_dags/example_python_operator.py
[2023-05-05T10:15:55.255+0000] {logging_mixin.py:149} INFO - [2023-05-05T10:15:55.254+0000] {taskmixin.py:211} WARNING - Dependency <Task(_PythonDecoratedOperator): print_the_context>, log_sql_query already registered for DAG: example_python_operator
[2023-05-05T10:15:55.258+0000] {logging_mixin.py:149} INFO - [2023-05-05T10:15:55.257+0000] {taskmixin.py:211} WARNING - Dependency <Task(_PythonDecoratedOperator): log_sql_query>, print_the_context already registered for DAG: example_python_operator
[2023-05-05T10:15:55.260+0000] {logging_mixin.py:149} INFO - [2023-05-05T10:15:55.260+0000] {taskmixin.py:211} WARNING - Dependency <Task(_PythonDecoratedOperator): print_the_context>, log_sql_query already registered for DAG: example_python_operator
[2023-05-05T10:15:55.263+0000] {logging_mixin.py:149} INFO - [2023-05-05T10:15:55.263+0000] {taskmixin.py:211} WARNING - Dependency <Task(_PythonDecoratedOperator): log_sql_query>, print_the_context already registered for DAG: example_python_operator
[2023-05-05T10:15:55.267+0000] {logging_mixin.py:149} INFO - [2023-05-05T10:15:55.266+0000] {taskmixin.py:211} WARNING - Dependency <Task(_PythonDecoratedOperator): print_the_context>, log_sql_query already registered for DAG: example_python_operator
[2023-05-05T10:15:55.269+0000] {logging_mixin.py:149} INFO - [2023-05-05T10:15:55.268+0000] {taskmixin.py:211} WARNING - Dependency <Task(_PythonDecoratedOperator): log_sql_query>, print_the_context already registered for DAG: example_python_operator
[2023-05-05T10:15:55.273+0000] {logging_mixin.py:149} INFO - [2023-05-05T10:15:55.273+0000] {taskmixin.py:211} WARNING - Dependency <Task(_PythonDecoratedOperator): print_the_context>, log_sql_query already registered for DAG: example_python_operator
[2023-05-05T10:15:55.277+0000] {logging_mixin.py:149} INFO - [2023-05-05T10:15:55.276+0000] {taskmixin.py:211} WARNING - Dependency <Task(_PythonDecoratedOperator): log_sql_query>, print_the_context already registered for DAG: example_python_operator
[2023-05-05T10:15:55.289+0000] {processor.py:809} INFO - DAG(s) dict_keys(['example_python_operator']) retrieved from /home/airflow/.local/lib/python3.7/site-packages/airflow/example_dags/example_python_operator.py
[2023-05-05T10:15:55.353+0000] {logging_mixin.py:149} INFO - [2023-05-05T10:15:55.353+0000] {dag.py:2726} INFO - Sync 1 DAGs
[2023-05-05T10:15:55.407+0000] {logging_mixin.py:149} INFO - [2023-05-05T10:15:55.407+0000] {dag.py:3490} INFO - Setting next_dagrun for example_python_operator to None, run_after=None
[2023-05-05T10:15:55.450+0000] {processor.py:178} INFO - Processing /home/airflow/.local/lib/python3.7/site-packages/airflow/example_dags/example_python_operator.py took 0.228 seconds
[2023-05-05T10:16:25.727+0000] {processor.py:156} INFO - Started process (PID=645) to work on /home/airflow/.local/lib/python3.7/site-packages/airflow/example_dags/example_python_operator.py
[2023-05-05T10:16:25.729+0000] {processor.py:799} INFO - Processing file /home/airflow/.local/lib/python3.7/site-packages/airflow/example_dags/example_python_operator.py for tasks to queue
[2023-05-05T10:16:25.731+0000] {logging_mixin.py:149} INFO - [2023-05-05T10:16:25.731+0000] {dagbag.py:541} INFO - Filling up the DagBag from /home/airflow/.local/lib/python3.7/site-packages/airflow/example_dags/example_python_operator.py
[2023-05-05T10:16:25.742+0000] {logging_mixin.py:149} INFO - [2023-05-05T10:16:25.741+0000] {taskmixin.py:211} WARNING - Dependency <Task(_PythonDecoratedOperator): print_the_context>, log_sql_query already registered for DAG: example_python_operator
[2023-05-05T10:16:25.743+0000] {logging_mixin.py:149} INFO - [2023-05-05T10:16:25.743+0000] {taskmixin.py:211} WARNING - Dependency <Task(_PythonDecoratedOperator): log_sql_query>, print_the_context already registered for DAG: example_python_operator
[2023-05-05T10:16:25.746+0000] {logging_mixin.py:149} INFO - [2023-05-05T10:16:25.746+0000] {taskmixin.py:211} WARNING - Dependency <Task(_PythonDecoratedOperator): print_the_context>, log_sql_query already registered for DAG: example_python_operator
[2023-05-05T10:16:25.748+0000] {logging_mixin.py:149} INFO - [2023-05-05T10:16:25.747+0000] {taskmixin.py:211} WARNING - Dependency <Task(_PythonDecoratedOperator): log_sql_query>, print_the_context already registered for DAG: example_python_operator
[2023-05-05T10:16:25.751+0000] {logging_mixin.py:149} INFO - [2023-05-05T10:16:25.750+0000] {taskmixin.py:211} WARNING - Dependency <Task(_PythonDecoratedOperator): print_the_context>, log_sql_query already registered for DAG: example_python_operator
[2023-05-05T10:16:25.752+0000] {logging_mixin.py:149} INFO - [2023-05-05T10:16:25.752+0000] {taskmixin.py:211} WARNING - Dependency <Task(_PythonDecoratedOperator): log_sql_query>, print_the_context already registered for DAG: example_python_operator
[2023-05-05T10:16:25.755+0000] {logging_mixin.py:149} INFO - [2023-05-05T10:16:25.755+0000] {taskmixin.py:211} WARNING - Dependency <Task(_PythonDecoratedOperator): print_the_context>, log_sql_query already registered for DAG: example_python_operator
[2023-05-05T10:16:25.756+0000] {logging_mixin.py:149} INFO - [2023-05-05T10:16:25.756+0000] {taskmixin.py:211} WARNING - Dependency <Task(_PythonDecoratedOperator): log_sql_query>, print_the_context already registered for DAG: example_python_operator
[2023-05-05T10:16:25.761+0000] {processor.py:809} INFO - DAG(s) dict_keys(['example_python_operator']) retrieved from /home/airflow/.local/lib/python3.7/site-packages/airflow/example_dags/example_python_operator.py
[2023-05-05T10:16:25.804+0000] {logging_mixin.py:149} INFO - [2023-05-05T10:16:25.804+0000] {dag.py:2726} INFO - Sync 1 DAGs
[2023-05-05T10:16:25.841+0000] {logging_mixin.py:149} INFO - [2023-05-05T10:16:25.840+0000] {dag.py:3490} INFO - Setting next_dagrun for example_python_operator to None, run_after=None
[2023-05-05T10:16:25.868+0000] {processor.py:178} INFO - Processing /home/airflow/.local/lib/python3.7/site-packages/airflow/example_dags/example_python_operator.py took 0.145 seconds
[2023-05-05T10:16:57.176+0000] {processor.py:156} INFO - Started process (PID=709) to work on /home/airflow/.local/lib/python3.7/site-packages/airflow/example_dags/example_python_operator.py
[2023-05-05T10:16:57.191+0000] {processor.py:799} INFO - Processing file /home/airflow/.local/lib/python3.7/site-packages/airflow/example_dags/example_python_operator.py for tasks to queue
[2023-05-05T10:16:57.204+0000] {logging_mixin.py:149} INFO - [2023-05-05T10:16:57.199+0000] {dagbag.py:541} INFO - Filling up the DagBag from /home/airflow/.local/lib/python3.7/site-packages/airflow/example_dags/example_python_operator.py
[2023-05-05T10:16:57.321+0000] {logging_mixin.py:149} INFO - [2023-05-05T10:16:57.321+0000] {taskmixin.py:211} WARNING - Dependency <Task(_PythonDecoratedOperator): print_the_context>, log_sql_query already registered for DAG: example_python_operator
[2023-05-05T10:16:57.334+0000] {logging_mixin.py:149} INFO - [2023-05-05T10:16:57.332+0000] {taskmixin.py:211} WARNING - Dependency <Task(_PythonDecoratedOperator): log_sql_query>, print_the_context already registered for DAG: example_python_operator
[2023-05-05T10:16:57.343+0000] {logging_mixin.py:149} INFO - [2023-05-05T10:16:57.341+0000] {taskmixin.py:211} WARNING - Dependency <Task(_PythonDecoratedOperator): print_the_context>, log_sql_query already registered for DAG: example_python_operator
[2023-05-05T10:16:57.347+0000] {logging_mixin.py:149} INFO - [2023-05-05T10:16:57.346+0000] {taskmixin.py:211} WARNING - Dependency <Task(_PythonDecoratedOperator): log_sql_query>, print_the_context already registered for DAG: example_python_operator
[2023-05-05T10:16:57.353+0000] {logging_mixin.py:149} INFO - [2023-05-05T10:16:57.352+0000] {taskmixin.py:211} WARNING - Dependency <Task(_PythonDecoratedOperator): print_the_context>, log_sql_query already registered for DAG: example_python_operator
[2023-05-05T10:16:57.356+0000] {logging_mixin.py:149} INFO - [2023-05-05T10:16:57.356+0000] {taskmixin.py:211} WARNING - Dependency <Task(_PythonDecoratedOperator): log_sql_query>, print_the_context already registered for DAG: example_python_operator
[2023-05-05T10:16:57.369+0000] {logging_mixin.py:149} INFO - [2023-05-05T10:16:57.367+0000] {taskmixin.py:211} WARNING - Dependency <Task(_PythonDecoratedOperator): print_the_context>, log_sql_query already registered for DAG: example_python_operator
[2023-05-05T10:16:57.389+0000] {logging_mixin.py:149} INFO - [2023-05-05T10:16:57.382+0000] {taskmixin.py:211} WARNING - Dependency <Task(_PythonDecoratedOperator): log_sql_query>, print_the_context already registered for DAG: example_python_operator
[2023-05-05T10:16:57.415+0000] {processor.py:809} INFO - DAG(s) dict_keys(['example_python_operator']) retrieved from /home/airflow/.local/lib/python3.7/site-packages/airflow/example_dags/example_python_operator.py
[2023-05-05T10:16:59.131+0000] {logging_mixin.py:149} INFO - [2023-05-05T10:16:59.130+0000] {process_utils.py:258} INFO - Waiting up to 5 seconds for processes to exit...
