[2023-05-05T10:11:48.812+0000] {processor.py:156} INFO - Started process (PID=57) to work on /home/airflow/.local/lib/python3.7/site-packages/airflow/example_dags/example_nested_branch_dag.py
[2023-05-05T10:11:48.817+0000] {processor.py:799} INFO - Processing file /home/airflow/.local/lib/python3.7/site-packages/airflow/example_dags/example_nested_branch_dag.py for tasks to queue
[2023-05-05T10:11:48.819+0000] {logging_mixin.py:149} INFO - [2023-05-05T10:11:48.819+0000] {dagbag.py:541} INFO - Filling up the DagBag from /home/airflow/.local/lib/python3.7/site-packages/airflow/example_dags/example_nested_branch_dag.py
[2023-05-05T10:11:48.858+0000] {processor.py:809} INFO - DAG(s) dict_keys(['example_nested_branch_dag']) retrieved from /home/airflow/.local/lib/python3.7/site-packages/airflow/example_dags/example_nested_branch_dag.py
[2023-05-05T10:11:48.914+0000] {logging_mixin.py:149} INFO - [2023-05-05T10:11:48.914+0000] {dag.py:2726} INFO - Sync 1 DAGs
[2023-05-05T10:11:48.966+0000] {logging_mixin.py:149} INFO - [2023-05-05T10:11:48.965+0000] {dag.py:3490} INFO - Setting next_dagrun for example_nested_branch_dag to 2023-05-04T00:00:00+00:00, run_after=2023-05-05T00:00:00+00:00
[2023-05-05T10:11:49.007+0000] {processor.py:178} INFO - Processing /home/airflow/.local/lib/python3.7/site-packages/airflow/example_dags/example_nested_branch_dag.py took 0.205 seconds
[2023-05-05T10:12:19.069+0000] {processor.py:156} INFO - Started process (PID=121) to work on /home/airflow/.local/lib/python3.7/site-packages/airflow/example_dags/example_nested_branch_dag.py
[2023-05-05T10:12:19.071+0000] {processor.py:799} INFO - Processing file /home/airflow/.local/lib/python3.7/site-packages/airflow/example_dags/example_nested_branch_dag.py for tasks to queue
[2023-05-05T10:12:19.072+0000] {logging_mixin.py:149} INFO - [2023-05-05T10:12:19.072+0000] {dagbag.py:541} INFO - Filling up the DagBag from /home/airflow/.local/lib/python3.7/site-packages/airflow/example_dags/example_nested_branch_dag.py
[2023-05-05T10:12:19.087+0000] {processor.py:809} INFO - DAG(s) dict_keys(['example_nested_branch_dag']) retrieved from /home/airflow/.local/lib/python3.7/site-packages/airflow/example_dags/example_nested_branch_dag.py
[2023-05-05T10:12:19.123+0000] {logging_mixin.py:149} INFO - [2023-05-05T10:12:19.123+0000] {dag.py:2726} INFO - Sync 1 DAGs
[2023-05-05T10:12:19.157+0000] {logging_mixin.py:149} INFO - [2023-05-05T10:12:19.157+0000] {dag.py:3490} INFO - Setting next_dagrun for example_nested_branch_dag to 2023-05-04T00:00:00+00:00, run_after=2023-05-05T00:00:00+00:00
[2023-05-05T10:12:19.177+0000] {processor.py:178} INFO - Processing /home/airflow/.local/lib/python3.7/site-packages/airflow/example_dags/example_nested_branch_dag.py took 0.113 seconds
[2023-05-05T10:12:49.399+0000] {processor.py:156} INFO - Started process (PID=185) to work on /home/airflow/.local/lib/python3.7/site-packages/airflow/example_dags/example_nested_branch_dag.py
[2023-05-05T10:12:49.402+0000] {processor.py:799} INFO - Processing file /home/airflow/.local/lib/python3.7/site-packages/airflow/example_dags/example_nested_branch_dag.py for tasks to queue
[2023-05-05T10:12:49.403+0000] {logging_mixin.py:149} INFO - [2023-05-05T10:12:49.403+0000] {dagbag.py:541} INFO - Filling up the DagBag from /home/airflow/.local/lib/python3.7/site-packages/airflow/example_dags/example_nested_branch_dag.py
[2023-05-05T10:12:49.417+0000] {processor.py:809} INFO - DAG(s) dict_keys(['example_nested_branch_dag']) retrieved from /home/airflow/.local/lib/python3.7/site-packages/airflow/example_dags/example_nested_branch_dag.py
[2023-05-05T10:12:49.463+0000] {logging_mixin.py:149} INFO - [2023-05-05T10:12:49.463+0000] {dag.py:2726} INFO - Sync 1 DAGs
[2023-05-05T10:12:49.506+0000] {logging_mixin.py:149} INFO - [2023-05-05T10:12:49.506+0000] {dag.py:3490} INFO - Setting next_dagrun for example_nested_branch_dag to 2023-05-04T00:00:00+00:00, run_after=2023-05-05T00:00:00+00:00
[2023-05-05T10:12:49.541+0000] {processor.py:178} INFO - Processing /home/airflow/.local/lib/python3.7/site-packages/airflow/example_dags/example_nested_branch_dag.py took 0.146 seconds
[2023-05-05T10:13:19.723+0000] {processor.py:156} INFO - Started process (PID=249) to work on /home/airflow/.local/lib/python3.7/site-packages/airflow/example_dags/example_nested_branch_dag.py
[2023-05-05T10:13:19.726+0000] {processor.py:799} INFO - Processing file /home/airflow/.local/lib/python3.7/site-packages/airflow/example_dags/example_nested_branch_dag.py for tasks to queue
[2023-05-05T10:13:19.728+0000] {logging_mixin.py:149} INFO - [2023-05-05T10:13:19.728+0000] {dagbag.py:541} INFO - Filling up the DagBag from /home/airflow/.local/lib/python3.7/site-packages/airflow/example_dags/example_nested_branch_dag.py
[2023-05-05T10:13:19.741+0000] {processor.py:809} INFO - DAG(s) dict_keys(['example_nested_branch_dag']) retrieved from /home/airflow/.local/lib/python3.7/site-packages/airflow/example_dags/example_nested_branch_dag.py
[2023-05-05T10:13:19.777+0000] {logging_mixin.py:149} INFO - [2023-05-05T10:13:19.777+0000] {dag.py:2726} INFO - Sync 1 DAGs
[2023-05-05T10:13:19.809+0000] {logging_mixin.py:149} INFO - [2023-05-05T10:13:19.809+0000] {dag.py:3490} INFO - Setting next_dagrun for example_nested_branch_dag to 2023-05-04T00:00:00+00:00, run_after=2023-05-05T00:00:00+00:00
[2023-05-05T10:13:19.830+0000] {processor.py:178} INFO - Processing /home/airflow/.local/lib/python3.7/site-packages/airflow/example_dags/example_nested_branch_dag.py took 0.111 seconds
[2023-05-05T10:13:49.989+0000] {processor.py:156} INFO - Started process (PID=313) to work on /home/airflow/.local/lib/python3.7/site-packages/airflow/example_dags/example_nested_branch_dag.py
[2023-05-05T10:13:49.992+0000] {processor.py:799} INFO - Processing file /home/airflow/.local/lib/python3.7/site-packages/airflow/example_dags/example_nested_branch_dag.py for tasks to queue
[2023-05-05T10:13:49.993+0000] {logging_mixin.py:149} INFO - [2023-05-05T10:13:49.993+0000] {dagbag.py:541} INFO - Filling up the DagBag from /home/airflow/.local/lib/python3.7/site-packages/airflow/example_dags/example_nested_branch_dag.py
[2023-05-05T10:13:50.006+0000] {processor.py:809} INFO - DAG(s) dict_keys(['example_nested_branch_dag']) retrieved from /home/airflow/.local/lib/python3.7/site-packages/airflow/example_dags/example_nested_branch_dag.py
[2023-05-05T10:13:50.038+0000] {logging_mixin.py:149} INFO - [2023-05-05T10:13:50.038+0000] {dag.py:2726} INFO - Sync 1 DAGs
[2023-05-05T10:13:50.067+0000] {logging_mixin.py:149} INFO - [2023-05-05T10:13:50.067+0000] {dag.py:3490} INFO - Setting next_dagrun for example_nested_branch_dag to 2023-05-04T00:00:00+00:00, run_after=2023-05-05T00:00:00+00:00
[2023-05-05T10:13:50.088+0000] {processor.py:178} INFO - Processing /home/airflow/.local/lib/python3.7/site-packages/airflow/example_dags/example_nested_branch_dag.py took 0.102 seconds
[2023-05-05T10:14:20.978+0000] {processor.py:156} INFO - Started process (PID=377) to work on /home/airflow/.local/lib/python3.7/site-packages/airflow/example_dags/example_nested_branch_dag.py
[2023-05-05T10:14:20.981+0000] {processor.py:799} INFO - Processing file /home/airflow/.local/lib/python3.7/site-packages/airflow/example_dags/example_nested_branch_dag.py for tasks to queue
[2023-05-05T10:14:20.983+0000] {logging_mixin.py:149} INFO - [2023-05-05T10:14:20.983+0000] {dagbag.py:541} INFO - Filling up the DagBag from /home/airflow/.local/lib/python3.7/site-packages/airflow/example_dags/example_nested_branch_dag.py
[2023-05-05T10:14:20.997+0000] {processor.py:809} INFO - DAG(s) dict_keys(['example_nested_branch_dag']) retrieved from /home/airflow/.local/lib/python3.7/site-packages/airflow/example_dags/example_nested_branch_dag.py
[2023-05-05T10:14:21.032+0000] {logging_mixin.py:149} INFO - [2023-05-05T10:14:21.032+0000] {dag.py:2726} INFO - Sync 1 DAGs
[2023-05-05T10:14:21.067+0000] {logging_mixin.py:149} INFO - [2023-05-05T10:14:21.067+0000] {dag.py:3490} INFO - Setting next_dagrun for example_nested_branch_dag to 2023-05-04T00:00:00+00:00, run_after=2023-05-05T00:00:00+00:00
[2023-05-05T10:14:21.090+0000] {processor.py:178} INFO - Processing /home/airflow/.local/lib/python3.7/site-packages/airflow/example_dags/example_nested_branch_dag.py took 0.118 seconds
[2023-05-05T10:14:51.683+0000] {processor.py:156} INFO - Started process (PID=441) to work on /home/airflow/.local/lib/python3.7/site-packages/airflow/example_dags/example_nested_branch_dag.py
[2023-05-05T10:14:51.687+0000] {processor.py:799} INFO - Processing file /home/airflow/.local/lib/python3.7/site-packages/airflow/example_dags/example_nested_branch_dag.py for tasks to queue
[2023-05-05T10:14:51.690+0000] {logging_mixin.py:149} INFO - [2023-05-05T10:14:51.690+0000] {dagbag.py:541} INFO - Filling up the DagBag from /home/airflow/.local/lib/python3.7/site-packages/airflow/example_dags/example_nested_branch_dag.py
[2023-05-05T10:14:51.707+0000] {processor.py:809} INFO - DAG(s) dict_keys(['example_nested_branch_dag']) retrieved from /home/airflow/.local/lib/python3.7/site-packages/airflow/example_dags/example_nested_branch_dag.py
[2023-05-05T10:14:51.758+0000] {logging_mixin.py:149} INFO - [2023-05-05T10:14:51.758+0000] {dag.py:2726} INFO - Sync 1 DAGs
[2023-05-05T10:14:51.801+0000] {logging_mixin.py:149} INFO - [2023-05-05T10:14:51.800+0000] {dag.py:3490} INFO - Setting next_dagrun for example_nested_branch_dag to 2023-05-04T00:00:00+00:00, run_after=2023-05-05T00:00:00+00:00
[2023-05-05T10:14:51.828+0000] {processor.py:178} INFO - Processing /home/airflow/.local/lib/python3.7/site-packages/airflow/example_dags/example_nested_branch_dag.py took 0.149 seconds
[2023-05-05T10:15:22.481+0000] {processor.py:156} INFO - Started process (PID=505) to work on /home/airflow/.local/lib/python3.7/site-packages/airflow/example_dags/example_nested_branch_dag.py
[2023-05-05T10:15:22.484+0000] {processor.py:799} INFO - Processing file /home/airflow/.local/lib/python3.7/site-packages/airflow/example_dags/example_nested_branch_dag.py for tasks to queue
[2023-05-05T10:15:22.486+0000] {logging_mixin.py:149} INFO - [2023-05-05T10:15:22.486+0000] {dagbag.py:541} INFO - Filling up the DagBag from /home/airflow/.local/lib/python3.7/site-packages/airflow/example_dags/example_nested_branch_dag.py
[2023-05-05T10:15:22.503+0000] {processor.py:809} INFO - DAG(s) dict_keys(['example_nested_branch_dag']) retrieved from /home/airflow/.local/lib/python3.7/site-packages/airflow/example_dags/example_nested_branch_dag.py
[2023-05-05T10:15:22.542+0000] {logging_mixin.py:149} INFO - [2023-05-05T10:15:22.542+0000] {dag.py:2726} INFO - Sync 1 DAGs
[2023-05-05T10:15:22.578+0000] {logging_mixin.py:149} INFO - [2023-05-05T10:15:22.578+0000] {dag.py:3490} INFO - Setting next_dagrun for example_nested_branch_dag to 2023-05-04T00:00:00+00:00, run_after=2023-05-05T00:00:00+00:00
[2023-05-05T10:15:22.608+0000] {processor.py:178} INFO - Processing /home/airflow/.local/lib/python3.7/site-packages/airflow/example_dags/example_nested_branch_dag.py took 0.132 seconds
[2023-05-05T10:15:52.914+0000] {processor.py:156} INFO - Started process (PID=569) to work on /home/airflow/.local/lib/python3.7/site-packages/airflow/example_dags/example_nested_branch_dag.py
[2023-05-05T10:15:52.917+0000] {processor.py:799} INFO - Processing file /home/airflow/.local/lib/python3.7/site-packages/airflow/example_dags/example_nested_branch_dag.py for tasks to queue
[2023-05-05T10:15:52.920+0000] {logging_mixin.py:149} INFO - [2023-05-05T10:15:52.919+0000] {dagbag.py:541} INFO - Filling up the DagBag from /home/airflow/.local/lib/python3.7/site-packages/airflow/example_dags/example_nested_branch_dag.py
[2023-05-05T10:15:52.943+0000] {processor.py:809} INFO - DAG(s) dict_keys(['example_nested_branch_dag']) retrieved from /home/airflow/.local/lib/python3.7/site-packages/airflow/example_dags/example_nested_branch_dag.py
[2023-05-05T10:15:52.994+0000] {logging_mixin.py:149} INFO - [2023-05-05T10:15:52.994+0000] {dag.py:2726} INFO - Sync 1 DAGs
[2023-05-05T10:15:53.041+0000] {logging_mixin.py:149} INFO - [2023-05-05T10:15:53.040+0000] {dag.py:3490} INFO - Setting next_dagrun for example_nested_branch_dag to 2023-05-04T00:00:00+00:00, run_after=2023-05-05T00:00:00+00:00
[2023-05-05T10:15:53.070+0000] {processor.py:178} INFO - Processing /home/airflow/.local/lib/python3.7/site-packages/airflow/example_dags/example_nested_branch_dag.py took 0.163 seconds
[2023-05-05T10:16:24.294+0000] {processor.py:156} INFO - Started process (PID=633) to work on /home/airflow/.local/lib/python3.7/site-packages/airflow/example_dags/example_nested_branch_dag.py
[2023-05-05T10:16:24.300+0000] {processor.py:799} INFO - Processing file /home/airflow/.local/lib/python3.7/site-packages/airflow/example_dags/example_nested_branch_dag.py for tasks to queue
[2023-05-05T10:16:24.304+0000] {logging_mixin.py:149} INFO - [2023-05-05T10:16:24.304+0000] {dagbag.py:541} INFO - Filling up the DagBag from /home/airflow/.local/lib/python3.7/site-packages/airflow/example_dags/example_nested_branch_dag.py
[2023-05-05T10:16:24.338+0000] {processor.py:809} INFO - DAG(s) dict_keys(['example_nested_branch_dag']) retrieved from /home/airflow/.local/lib/python3.7/site-packages/airflow/example_dags/example_nested_branch_dag.py
[2023-05-05T10:16:24.412+0000] {logging_mixin.py:149} INFO - [2023-05-05T10:16:24.411+0000] {dag.py:2726} INFO - Sync 1 DAGs
[2023-05-05T10:16:24.464+0000] {logging_mixin.py:149} INFO - [2023-05-05T10:16:24.464+0000] {dag.py:3490} INFO - Setting next_dagrun for example_nested_branch_dag to 2023-05-04T00:00:00+00:00, run_after=2023-05-05T00:00:00+00:00
[2023-05-05T10:16:24.501+0000] {processor.py:178} INFO - Processing /home/airflow/.local/lib/python3.7/site-packages/airflow/example_dags/example_nested_branch_dag.py took 0.222 seconds
[2023-05-05T10:16:55.427+0000] {processor.py:156} INFO - Started process (PID=697) to work on /home/airflow/.local/lib/python3.7/site-packages/airflow/example_dags/example_nested_branch_dag.py
[2023-05-05T10:16:55.431+0000] {processor.py:799} INFO - Processing file /home/airflow/.local/lib/python3.7/site-packages/airflow/example_dags/example_nested_branch_dag.py for tasks to queue
[2023-05-05T10:16:55.434+0000] {logging_mixin.py:149} INFO - [2023-05-05T10:16:55.433+0000] {dagbag.py:541} INFO - Filling up the DagBag from /home/airflow/.local/lib/python3.7/site-packages/airflow/example_dags/example_nested_branch_dag.py
[2023-05-05T10:16:55.452+0000] {processor.py:809} INFO - DAG(s) dict_keys(['example_nested_branch_dag']) retrieved from /home/airflow/.local/lib/python3.7/site-packages/airflow/example_dags/example_nested_branch_dag.py
[2023-05-05T10:16:55.495+0000] {logging_mixin.py:149} INFO - [2023-05-05T10:16:55.495+0000] {dag.py:2726} INFO - Sync 1 DAGs
[2023-05-05T10:16:55.536+0000] {logging_mixin.py:149} INFO - [2023-05-05T10:16:55.536+0000] {dag.py:3490} INFO - Setting next_dagrun for example_nested_branch_dag to 2023-05-04T00:00:00+00:00, run_after=2023-05-05T00:00:00+00:00
[2023-05-05T10:16:55.569+0000] {processor.py:178} INFO - Processing /home/airflow/.local/lib/python3.7/site-packages/airflow/example_dags/example_nested_branch_dag.py took 0.148 seconds
