[2023-05-05T10:11:51.610+0000] {processor.py:156} INFO - Started process (PID=76) to work on /home/airflow/.local/lib/python3.7/site-packages/airflow/example_dags/example_latest_only.py
[2023-05-05T10:11:51.612+0000] {processor.py:799} INFO - Processing file /home/airflow/.local/lib/python3.7/site-packages/airflow/example_dags/example_latest_only.py for tasks to queue
[2023-05-05T10:11:51.614+0000] {logging_mixin.py:149} INFO - [2023-05-05T10:11:51.614+0000] {dagbag.py:541} INFO - Filling up the DagBag from /home/airflow/.local/lib/python3.7/site-packages/airflow/example_dags/example_latest_only.py
[2023-05-05T10:11:51.625+0000] {processor.py:809} INFO - DAG(s) dict_keys(['latest_only']) retrieved from /home/airflow/.local/lib/python3.7/site-packages/airflow/example_dags/example_latest_only.py
[2023-05-05T10:11:51.661+0000] {logging_mixin.py:149} INFO - [2023-05-05T10:11:51.661+0000] {dag.py:2726} INFO - Sync 1 DAGs
[2023-05-05T10:11:51.696+0000] {logging_mixin.py:149} INFO - [2023-05-05T10:11:51.695+0000] {dag.py:3490} INFO - Setting next_dagrun for latest_only to 2023-05-05T06:11:51.695644+00:00, run_after=2023-05-05T10:11:51.695644+00:00
[2023-05-05T10:11:51.722+0000] {processor.py:178} INFO - Processing /home/airflow/.local/lib/python3.7/site-packages/airflow/example_dags/example_latest_only.py took 0.118 seconds
[2023-05-05T10:12:22.593+0000] {processor.py:156} INFO - Started process (PID=140) to work on /home/airflow/.local/lib/python3.7/site-packages/airflow/example_dags/example_latest_only.py
[2023-05-05T10:12:22.595+0000] {processor.py:799} INFO - Processing file /home/airflow/.local/lib/python3.7/site-packages/airflow/example_dags/example_latest_only.py for tasks to queue
[2023-05-05T10:12:22.596+0000] {logging_mixin.py:149} INFO - [2023-05-05T10:12:22.596+0000] {dagbag.py:541} INFO - Filling up the DagBag from /home/airflow/.local/lib/python3.7/site-packages/airflow/example_dags/example_latest_only.py
[2023-05-05T10:12:22.603+0000] {processor.py:809} INFO - DAG(s) dict_keys(['latest_only']) retrieved from /home/airflow/.local/lib/python3.7/site-packages/airflow/example_dags/example_latest_only.py
[2023-05-05T10:12:22.633+0000] {logging_mixin.py:149} INFO - [2023-05-05T10:12:22.633+0000] {dag.py:2726} INFO - Sync 1 DAGs
[2023-05-05T10:12:22.663+0000] {logging_mixin.py:149} INFO - [2023-05-05T10:12:22.663+0000] {dag.py:3490} INFO - Setting next_dagrun for latest_only to 2023-05-05T06:12:22.662772+00:00, run_after=2023-05-05T10:12:22.662772+00:00
[2023-05-05T10:12:22.687+0000] {processor.py:178} INFO - Processing /home/airflow/.local/lib/python3.7/site-packages/airflow/example_dags/example_latest_only.py took 0.098 seconds
[2023-05-05T10:12:52.990+0000] {processor.py:156} INFO - Started process (PID=204) to work on /home/airflow/.local/lib/python3.7/site-packages/airflow/example_dags/example_latest_only.py
[2023-05-05T10:12:52.992+0000] {processor.py:799} INFO - Processing file /home/airflow/.local/lib/python3.7/site-packages/airflow/example_dags/example_latest_only.py for tasks to queue
[2023-05-05T10:12:52.994+0000] {logging_mixin.py:149} INFO - [2023-05-05T10:12:52.993+0000] {dagbag.py:541} INFO - Filling up the DagBag from /home/airflow/.local/lib/python3.7/site-packages/airflow/example_dags/example_latest_only.py
[2023-05-05T10:12:53.001+0000] {processor.py:809} INFO - DAG(s) dict_keys(['latest_only']) retrieved from /home/airflow/.local/lib/python3.7/site-packages/airflow/example_dags/example_latest_only.py
[2023-05-05T10:12:53.031+0000] {logging_mixin.py:149} INFO - [2023-05-05T10:12:53.030+0000] {dag.py:2726} INFO - Sync 1 DAGs
[2023-05-05T10:12:53.060+0000] {logging_mixin.py:149} INFO - [2023-05-05T10:12:53.060+0000] {dag.py:3490} INFO - Setting next_dagrun for latest_only to 2023-05-05T06:12:53.060161+00:00, run_after=2023-05-05T10:12:53.060161+00:00
[2023-05-05T10:12:53.082+0000] {processor.py:178} INFO - Processing /home/airflow/.local/lib/python3.7/site-packages/airflow/example_dags/example_latest_only.py took 0.097 seconds
[2023-05-05T10:13:24.083+0000] {processor.py:156} INFO - Started process (PID=268) to work on /home/airflow/.local/lib/python3.7/site-packages/airflow/example_dags/example_latest_only.py
[2023-05-05T10:13:24.086+0000] {processor.py:799} INFO - Processing file /home/airflow/.local/lib/python3.7/site-packages/airflow/example_dags/example_latest_only.py for tasks to queue
[2023-05-05T10:13:24.088+0000] {logging_mixin.py:149} INFO - [2023-05-05T10:13:24.088+0000] {dagbag.py:541} INFO - Filling up the DagBag from /home/airflow/.local/lib/python3.7/site-packages/airflow/example_dags/example_latest_only.py
[2023-05-05T10:13:24.096+0000] {processor.py:809} INFO - DAG(s) dict_keys(['latest_only']) retrieved from /home/airflow/.local/lib/python3.7/site-packages/airflow/example_dags/example_latest_only.py
[2023-05-05T10:13:24.124+0000] {logging_mixin.py:149} INFO - [2023-05-05T10:13:24.124+0000] {dag.py:2726} INFO - Sync 1 DAGs
[2023-05-05T10:13:24.154+0000] {logging_mixin.py:149} INFO - [2023-05-05T10:13:24.154+0000] {dag.py:3490} INFO - Setting next_dagrun for latest_only to 2023-05-05T06:13:24.154266+00:00, run_after=2023-05-05T10:13:24.154266+00:00
[2023-05-05T10:13:24.177+0000] {processor.py:178} INFO - Processing /home/airflow/.local/lib/python3.7/site-packages/airflow/example_dags/example_latest_only.py took 0.098 seconds
[2023-05-05T10:13:54.358+0000] {processor.py:156} INFO - Started process (PID=332) to work on /home/airflow/.local/lib/python3.7/site-packages/airflow/example_dags/example_latest_only.py
[2023-05-05T10:13:54.360+0000] {processor.py:799} INFO - Processing file /home/airflow/.local/lib/python3.7/site-packages/airflow/example_dags/example_latest_only.py for tasks to queue
[2023-05-05T10:13:54.361+0000] {logging_mixin.py:149} INFO - [2023-05-05T10:13:54.361+0000] {dagbag.py:541} INFO - Filling up the DagBag from /home/airflow/.local/lib/python3.7/site-packages/airflow/example_dags/example_latest_only.py
[2023-05-05T10:13:54.369+0000] {processor.py:809} INFO - DAG(s) dict_keys(['latest_only']) retrieved from /home/airflow/.local/lib/python3.7/site-packages/airflow/example_dags/example_latest_only.py
[2023-05-05T10:13:54.397+0000] {logging_mixin.py:149} INFO - [2023-05-05T10:13:54.397+0000] {dag.py:2726} INFO - Sync 1 DAGs
[2023-05-05T10:13:54.426+0000] {logging_mixin.py:149} INFO - [2023-05-05T10:13:54.426+0000] {dag.py:3490} INFO - Setting next_dagrun for latest_only to 2023-05-05T06:13:54.426135+00:00, run_after=2023-05-05T10:13:54.426135+00:00
[2023-05-05T10:13:54.449+0000] {processor.py:178} INFO - Processing /home/airflow/.local/lib/python3.7/site-packages/airflow/example_dags/example_latest_only.py took 0.096 seconds
[2023-05-05T10:14:24.589+0000] {processor.py:156} INFO - Started process (PID=395) to work on /home/airflow/.local/lib/python3.7/site-packages/airflow/example_dags/example_latest_only.py
[2023-05-05T10:14:24.593+0000] {processor.py:799} INFO - Processing file /home/airflow/.local/lib/python3.7/site-packages/airflow/example_dags/example_latest_only.py for tasks to queue
[2023-05-05T10:14:24.595+0000] {logging_mixin.py:149} INFO - [2023-05-05T10:14:24.595+0000] {dagbag.py:541} INFO - Filling up the DagBag from /home/airflow/.local/lib/python3.7/site-packages/airflow/example_dags/example_latest_only.py
[2023-05-05T10:14:24.603+0000] {processor.py:809} INFO - DAG(s) dict_keys(['latest_only']) retrieved from /home/airflow/.local/lib/python3.7/site-packages/airflow/example_dags/example_latest_only.py
[2023-05-05T10:14:24.638+0000] {logging_mixin.py:149} INFO - [2023-05-05T10:14:24.638+0000] {dag.py:2726} INFO - Sync 1 DAGs
[2023-05-05T10:14:24.671+0000] {logging_mixin.py:149} INFO - [2023-05-05T10:14:24.670+0000] {dag.py:3490} INFO - Setting next_dagrun for latest_only to 2023-05-05T06:14:24.670574+00:00, run_after=2023-05-05T10:14:24.670574+00:00
[2023-05-05T10:14:24.696+0000] {processor.py:178} INFO - Processing /home/airflow/.local/lib/python3.7/site-packages/airflow/example_dags/example_latest_only.py took 0.115 seconds
[2023-05-05T10:14:55.450+0000] {processor.py:156} INFO - Started process (PID=460) to work on /home/airflow/.local/lib/python3.7/site-packages/airflow/example_dags/example_latest_only.py
[2023-05-05T10:14:55.454+0000] {processor.py:799} INFO - Processing file /home/airflow/.local/lib/python3.7/site-packages/airflow/example_dags/example_latest_only.py for tasks to queue
[2023-05-05T10:14:55.457+0000] {logging_mixin.py:149} INFO - [2023-05-05T10:14:55.457+0000] {dagbag.py:541} INFO - Filling up the DagBag from /home/airflow/.local/lib/python3.7/site-packages/airflow/example_dags/example_latest_only.py
[2023-05-05T10:14:55.467+0000] {processor.py:809} INFO - DAG(s) dict_keys(['latest_only']) retrieved from /home/airflow/.local/lib/python3.7/site-packages/airflow/example_dags/example_latest_only.py
[2023-05-05T10:14:55.506+0000] {logging_mixin.py:149} INFO - [2023-05-05T10:14:55.506+0000] {dag.py:2726} INFO - Sync 1 DAGs
[2023-05-05T10:14:55.547+0000] {logging_mixin.py:149} INFO - [2023-05-05T10:14:55.547+0000] {dag.py:3490} INFO - Setting next_dagrun for latest_only to 2023-05-05T06:14:55.546692+00:00, run_after=2023-05-05T10:14:55.546692+00:00
[2023-05-05T10:14:55.577+0000] {processor.py:178} INFO - Processing /home/airflow/.local/lib/python3.7/site-packages/airflow/example_dags/example_latest_only.py took 0.132 seconds
[2023-05-05T10:15:25.969+0000] {processor.py:156} INFO - Started process (PID=524) to work on /home/airflow/.local/lib/python3.7/site-packages/airflow/example_dags/example_latest_only.py
[2023-05-05T10:15:25.972+0000] {processor.py:799} INFO - Processing file /home/airflow/.local/lib/python3.7/site-packages/airflow/example_dags/example_latest_only.py for tasks to queue
[2023-05-05T10:15:25.975+0000] {logging_mixin.py:149} INFO - [2023-05-05T10:15:25.975+0000] {dagbag.py:541} INFO - Filling up the DagBag from /home/airflow/.local/lib/python3.7/site-packages/airflow/example_dags/example_latest_only.py
[2023-05-05T10:15:25.990+0000] {processor.py:809} INFO - DAG(s) dict_keys(['latest_only']) retrieved from /home/airflow/.local/lib/python3.7/site-packages/airflow/example_dags/example_latest_only.py
[2023-05-05T10:15:26.038+0000] {logging_mixin.py:149} INFO - [2023-05-05T10:15:26.038+0000] {dag.py:2726} INFO - Sync 1 DAGs
[2023-05-05T10:15:26.088+0000] {logging_mixin.py:149} INFO - [2023-05-05T10:15:26.088+0000] {dag.py:3490} INFO - Setting next_dagrun for latest_only to 2023-05-05T06:15:26.088030+00:00, run_after=2023-05-05T10:15:26.088030+00:00
[2023-05-05T10:15:26.128+0000] {processor.py:178} INFO - Processing /home/airflow/.local/lib/python3.7/site-packages/airflow/example_dags/example_latest_only.py took 0.166 seconds
[2023-05-05T10:15:56.212+0000] {processor.py:156} INFO - Started process (PID=587) to work on /home/airflow/.local/lib/python3.7/site-packages/airflow/example_dags/example_latest_only.py
[2023-05-05T10:15:56.214+0000] {processor.py:799} INFO - Processing file /home/airflow/.local/lib/python3.7/site-packages/airflow/example_dags/example_latest_only.py for tasks to queue
[2023-05-05T10:15:56.216+0000] {logging_mixin.py:149} INFO - [2023-05-05T10:15:56.216+0000] {dagbag.py:541} INFO - Filling up the DagBag from /home/airflow/.local/lib/python3.7/site-packages/airflow/example_dags/example_latest_only.py
[2023-05-05T10:15:56.224+0000] {processor.py:809} INFO - DAG(s) dict_keys(['latest_only']) retrieved from /home/airflow/.local/lib/python3.7/site-packages/airflow/example_dags/example_latest_only.py
[2023-05-05T10:15:56.255+0000] {logging_mixin.py:149} INFO - [2023-05-05T10:15:56.255+0000] {dag.py:2726} INFO - Sync 1 DAGs
[2023-05-05T10:15:56.287+0000] {logging_mixin.py:149} INFO - [2023-05-05T10:15:56.286+0000] {dag.py:3490} INFO - Setting next_dagrun for latest_only to 2023-05-05T06:15:56.286685+00:00, run_after=2023-05-05T10:15:56.286685+00:00
[2023-05-05T10:15:56.313+0000] {processor.py:178} INFO - Processing /home/airflow/.local/lib/python3.7/site-packages/airflow/example_dags/example_latest_only.py took 0.106 seconds
[2023-05-05T10:16:26.441+0000] {processor.py:156} INFO - Started process (PID=651) to work on /home/airflow/.local/lib/python3.7/site-packages/airflow/example_dags/example_latest_only.py
[2023-05-05T10:16:26.443+0000] {processor.py:799} INFO - Processing file /home/airflow/.local/lib/python3.7/site-packages/airflow/example_dags/example_latest_only.py for tasks to queue
[2023-05-05T10:16:26.446+0000] {logging_mixin.py:149} INFO - [2023-05-05T10:16:26.446+0000] {dagbag.py:541} INFO - Filling up the DagBag from /home/airflow/.local/lib/python3.7/site-packages/airflow/example_dags/example_latest_only.py
[2023-05-05T10:16:26.457+0000] {processor.py:809} INFO - DAG(s) dict_keys(['latest_only']) retrieved from /home/airflow/.local/lib/python3.7/site-packages/airflow/example_dags/example_latest_only.py
[2023-05-05T10:16:26.492+0000] {logging_mixin.py:149} INFO - [2023-05-05T10:16:26.492+0000] {dag.py:2726} INFO - Sync 1 DAGs
[2023-05-05T10:16:26.526+0000] {logging_mixin.py:149} INFO - [2023-05-05T10:16:26.526+0000] {dag.py:3490} INFO - Setting next_dagrun for latest_only to 2023-05-05T06:16:26.526377+00:00, run_after=2023-05-05T10:16:26.526377+00:00
[2023-05-05T10:16:26.550+0000] {processor.py:178} INFO - Processing /home/airflow/.local/lib/python3.7/site-packages/airflow/example_dags/example_latest_only.py took 0.117 seconds
