[2023-05-05T10:11:45.614+0000] {processor.py:156} INFO - Started process (PID=37) to work on /home/airflow/.local/lib/python3.7/site-packages/airflow/example_dags/example_latest_only_with_trigger.py
[2023-05-05T10:11:45.617+0000] {processor.py:799} INFO - Processing file /home/airflow/.local/lib/python3.7/site-packages/airflow/example_dags/example_latest_only_with_trigger.py for tasks to queue
[2023-05-05T10:11:45.619+0000] {logging_mixin.py:149} INFO - [2023-05-05T10:11:45.619+0000] {dagbag.py:541} INFO - Filling up the DagBag from /home/airflow/.local/lib/python3.7/site-packages/airflow/example_dags/example_latest_only_with_trigger.py
[2023-05-05T10:11:45.638+0000] {processor.py:809} INFO - DAG(s) dict_keys(['latest_only_with_trigger']) retrieved from /home/airflow/.local/lib/python3.7/site-packages/airflow/example_dags/example_latest_only_with_trigger.py
[2023-05-05T10:11:45.685+0000] {logging_mixin.py:149} INFO - [2023-05-05T10:11:45.685+0000] {dag.py:2726} INFO - Sync 1 DAGs
[2023-05-05T10:11:45.728+0000] {logging_mixin.py:149} INFO - [2023-05-05T10:11:45.728+0000] {dag.py:3490} INFO - Setting next_dagrun for latest_only_with_trigger to 2023-05-05T06:11:45.728139+00:00, run_after=2023-05-05T10:11:45.728139+00:00
[2023-05-05T10:11:45.761+0000] {processor.py:178} INFO - Processing /home/airflow/.local/lib/python3.7/site-packages/airflow/example_dags/example_latest_only_with_trigger.py took 0.152 seconds
[2023-05-05T10:12:16.542+0000] {processor.py:156} INFO - Started process (PID=101) to work on /home/airflow/.local/lib/python3.7/site-packages/airflow/example_dags/example_latest_only_with_trigger.py
[2023-05-05T10:12:16.544+0000] {processor.py:799} INFO - Processing file /home/airflow/.local/lib/python3.7/site-packages/airflow/example_dags/example_latest_only_with_trigger.py for tasks to queue
[2023-05-05T10:12:16.546+0000] {logging_mixin.py:149} INFO - [2023-05-05T10:12:16.545+0000] {dagbag.py:541} INFO - Filling up the DagBag from /home/airflow/.local/lib/python3.7/site-packages/airflow/example_dags/example_latest_only_with_trigger.py
[2023-05-05T10:12:16.555+0000] {processor.py:809} INFO - DAG(s) dict_keys(['latest_only_with_trigger']) retrieved from /home/airflow/.local/lib/python3.7/site-packages/airflow/example_dags/example_latest_only_with_trigger.py
[2023-05-05T10:12:16.585+0000] {logging_mixin.py:149} INFO - [2023-05-05T10:12:16.585+0000] {dag.py:2726} INFO - Sync 1 DAGs
[2023-05-05T10:12:16.615+0000] {logging_mixin.py:149} INFO - [2023-05-05T10:12:16.615+0000] {dag.py:3490} INFO - Setting next_dagrun for latest_only_with_trigger to 2023-05-05T06:12:16.614773+00:00, run_after=2023-05-05T10:12:16.614773+00:00
[2023-05-05T10:12:16.637+0000] {processor.py:178} INFO - Processing /home/airflow/.local/lib/python3.7/site-packages/airflow/example_dags/example_latest_only_with_trigger.py took 0.101 seconds
[2023-05-05T10:12:46.689+0000] {processor.py:156} INFO - Started process (PID=165) to work on /home/airflow/.local/lib/python3.7/site-packages/airflow/example_dags/example_latest_only_with_trigger.py
[2023-05-05T10:12:46.691+0000] {processor.py:799} INFO - Processing file /home/airflow/.local/lib/python3.7/site-packages/airflow/example_dags/example_latest_only_with_trigger.py for tasks to queue
[2023-05-05T10:12:46.692+0000] {logging_mixin.py:149} INFO - [2023-05-05T10:12:46.692+0000] {dagbag.py:541} INFO - Filling up the DagBag from /home/airflow/.local/lib/python3.7/site-packages/airflow/example_dags/example_latest_only_with_trigger.py
[2023-05-05T10:12:46.700+0000] {processor.py:809} INFO - DAG(s) dict_keys(['latest_only_with_trigger']) retrieved from /home/airflow/.local/lib/python3.7/site-packages/airflow/example_dags/example_latest_only_with_trigger.py
[2023-05-05T10:12:46.729+0000] {logging_mixin.py:149} INFO - [2023-05-05T10:12:46.729+0000] {dag.py:2726} INFO - Sync 1 DAGs
[2023-05-05T10:12:46.757+0000] {logging_mixin.py:149} INFO - [2023-05-05T10:12:46.756+0000] {dag.py:3490} INFO - Setting next_dagrun for latest_only_with_trigger to 2023-05-05T06:12:46.756531+00:00, run_after=2023-05-05T10:12:46.756531+00:00
[2023-05-05T10:12:46.778+0000] {processor.py:178} INFO - Processing /home/airflow/.local/lib/python3.7/site-packages/airflow/example_dags/example_latest_only_with_trigger.py took 0.093 seconds
[2023-05-05T10:13:17.040+0000] {processor.py:156} INFO - Started process (PID=229) to work on /home/airflow/.local/lib/python3.7/site-packages/airflow/example_dags/example_latest_only_with_trigger.py
[2023-05-05T10:13:17.042+0000] {processor.py:799} INFO - Processing file /home/airflow/.local/lib/python3.7/site-packages/airflow/example_dags/example_latest_only_with_trigger.py for tasks to queue
[2023-05-05T10:13:17.044+0000] {logging_mixin.py:149} INFO - [2023-05-05T10:13:17.043+0000] {dagbag.py:541} INFO - Filling up the DagBag from /home/airflow/.local/lib/python3.7/site-packages/airflow/example_dags/example_latest_only_with_trigger.py
[2023-05-05T10:13:17.052+0000] {processor.py:809} INFO - DAG(s) dict_keys(['latest_only_with_trigger']) retrieved from /home/airflow/.local/lib/python3.7/site-packages/airflow/example_dags/example_latest_only_with_trigger.py
[2023-05-05T10:13:17.081+0000] {logging_mixin.py:149} INFO - [2023-05-05T10:13:17.081+0000] {dag.py:2726} INFO - Sync 1 DAGs
[2023-05-05T10:13:17.109+0000] {logging_mixin.py:149} INFO - [2023-05-05T10:13:17.109+0000] {dag.py:3490} INFO - Setting next_dagrun for latest_only_with_trigger to 2023-05-05T06:13:17.109494+00:00, run_after=2023-05-05T10:13:17.109494+00:00
[2023-05-05T10:13:17.130+0000] {processor.py:178} INFO - Processing /home/airflow/.local/lib/python3.7/site-packages/airflow/example_dags/example_latest_only_with_trigger.py took 0.095 seconds
[2023-05-05T10:13:47.348+0000] {processor.py:156} INFO - Started process (PID=293) to work on /home/airflow/.local/lib/python3.7/site-packages/airflow/example_dags/example_latest_only_with_trigger.py
[2023-05-05T10:13:47.350+0000] {processor.py:799} INFO - Processing file /home/airflow/.local/lib/python3.7/site-packages/airflow/example_dags/example_latest_only_with_trigger.py for tasks to queue
[2023-05-05T10:13:47.352+0000] {logging_mixin.py:149} INFO - [2023-05-05T10:13:47.352+0000] {dagbag.py:541} INFO - Filling up the DagBag from /home/airflow/.local/lib/python3.7/site-packages/airflow/example_dags/example_latest_only_with_trigger.py
[2023-05-05T10:13:47.361+0000] {processor.py:809} INFO - DAG(s) dict_keys(['latest_only_with_trigger']) retrieved from /home/airflow/.local/lib/python3.7/site-packages/airflow/example_dags/example_latest_only_with_trigger.py
[2023-05-05T10:13:47.391+0000] {logging_mixin.py:149} INFO - [2023-05-05T10:13:47.391+0000] {dag.py:2726} INFO - Sync 1 DAGs
[2023-05-05T10:13:47.422+0000] {logging_mixin.py:149} INFO - [2023-05-05T10:13:47.422+0000] {dag.py:3490} INFO - Setting next_dagrun for latest_only_with_trigger to 2023-05-05T06:13:47.422446+00:00, run_after=2023-05-05T10:13:47.422446+00:00
[2023-05-05T10:13:47.445+0000] {processor.py:178} INFO - Processing /home/airflow/.local/lib/python3.7/site-packages/airflow/example_dags/example_latest_only_with_trigger.py took 0.102 seconds
[2023-05-05T10:14:18.451+0000] {processor.py:156} INFO - Started process (PID=357) to work on /home/airflow/.local/lib/python3.7/site-packages/airflow/example_dags/example_latest_only_with_trigger.py
[2023-05-05T10:14:18.454+0000] {processor.py:799} INFO - Processing file /home/airflow/.local/lib/python3.7/site-packages/airflow/example_dags/example_latest_only_with_trigger.py for tasks to queue
[2023-05-05T10:14:18.455+0000] {logging_mixin.py:149} INFO - [2023-05-05T10:14:18.455+0000] {dagbag.py:541} INFO - Filling up the DagBag from /home/airflow/.local/lib/python3.7/site-packages/airflow/example_dags/example_latest_only_with_trigger.py
[2023-05-05T10:14:18.464+0000] {processor.py:809} INFO - DAG(s) dict_keys(['latest_only_with_trigger']) retrieved from /home/airflow/.local/lib/python3.7/site-packages/airflow/example_dags/example_latest_only_with_trigger.py
[2023-05-05T10:14:18.496+0000] {logging_mixin.py:149} INFO - [2023-05-05T10:14:18.495+0000] {dag.py:2726} INFO - Sync 1 DAGs
[2023-05-05T10:14:18.528+0000] {logging_mixin.py:149} INFO - [2023-05-05T10:14:18.527+0000] {dag.py:3490} INFO - Setting next_dagrun for latest_only_with_trigger to 2023-05-05T06:14:18.527523+00:00, run_after=2023-05-05T10:14:18.527523+00:00
[2023-05-05T10:14:18.553+0000] {processor.py:178} INFO - Processing /home/airflow/.local/lib/python3.7/site-packages/airflow/example_dags/example_latest_only_with_trigger.py took 0.106 seconds
[2023-05-05T10:14:48.676+0000] {processor.py:156} INFO - Started process (PID=421) to work on /home/airflow/.local/lib/python3.7/site-packages/airflow/example_dags/example_latest_only_with_trigger.py
[2023-05-05T10:14:48.679+0000] {processor.py:799} INFO - Processing file /home/airflow/.local/lib/python3.7/site-packages/airflow/example_dags/example_latest_only_with_trigger.py for tasks to queue
[2023-05-05T10:14:48.681+0000] {logging_mixin.py:149} INFO - [2023-05-05T10:14:48.680+0000] {dagbag.py:541} INFO - Filling up the DagBag from /home/airflow/.local/lib/python3.7/site-packages/airflow/example_dags/example_latest_only_with_trigger.py
[2023-05-05T10:14:48.691+0000] {processor.py:809} INFO - DAG(s) dict_keys(['latest_only_with_trigger']) retrieved from /home/airflow/.local/lib/python3.7/site-packages/airflow/example_dags/example_latest_only_with_trigger.py
[2023-05-05T10:14:48.728+0000] {logging_mixin.py:149} INFO - [2023-05-05T10:14:48.728+0000] {dag.py:2726} INFO - Sync 1 DAGs
[2023-05-05T10:14:48.760+0000] {logging_mixin.py:149} INFO - [2023-05-05T10:14:48.760+0000] {dag.py:3490} INFO - Setting next_dagrun for latest_only_with_trigger to 2023-05-05T06:14:48.760284+00:00, run_after=2023-05-05T10:14:48.760284+00:00
[2023-05-05T10:14:48.789+0000] {processor.py:178} INFO - Processing /home/airflow/.local/lib/python3.7/site-packages/airflow/example_dags/example_latest_only_with_trigger.py took 0.118 seconds
[2023-05-05T10:15:18.962+0000] {processor.py:156} INFO - Started process (PID=485) to work on /home/airflow/.local/lib/python3.7/site-packages/airflow/example_dags/example_latest_only_with_trigger.py
[2023-05-05T10:15:18.966+0000] {processor.py:799} INFO - Processing file /home/airflow/.local/lib/python3.7/site-packages/airflow/example_dags/example_latest_only_with_trigger.py for tasks to queue
[2023-05-05T10:15:18.969+0000] {logging_mixin.py:149} INFO - [2023-05-05T10:15:18.969+0000] {dagbag.py:541} INFO - Filling up the DagBag from /home/airflow/.local/lib/python3.7/site-packages/airflow/example_dags/example_latest_only_with_trigger.py
[2023-05-05T10:15:18.984+0000] {processor.py:809} INFO - DAG(s) dict_keys(['latest_only_with_trigger']) retrieved from /home/airflow/.local/lib/python3.7/site-packages/airflow/example_dags/example_latest_only_with_trigger.py
[2023-05-05T10:15:19.042+0000] {logging_mixin.py:149} INFO - [2023-05-05T10:15:19.042+0000] {dag.py:2726} INFO - Sync 1 DAGs
[2023-05-05T10:15:19.087+0000] {logging_mixin.py:149} INFO - [2023-05-05T10:15:19.086+0000] {dag.py:3490} INFO - Setting next_dagrun for latest_only_with_trigger to 2023-05-05T06:15:19.086561+00:00, run_after=2023-05-05T10:15:19.086561+00:00
[2023-05-05T10:15:19.117+0000] {processor.py:178} INFO - Processing /home/airflow/.local/lib/python3.7/site-packages/airflow/example_dags/example_latest_only_with_trigger.py took 0.161 seconds
[2023-05-05T10:15:50.020+0000] {processor.py:156} INFO - Started process (PID=549) to work on /home/airflow/.local/lib/python3.7/site-packages/airflow/example_dags/example_latest_only_with_trigger.py
[2023-05-05T10:15:50.025+0000] {processor.py:799} INFO - Processing file /home/airflow/.local/lib/python3.7/site-packages/airflow/example_dags/example_latest_only_with_trigger.py for tasks to queue
[2023-05-05T10:15:50.031+0000] {logging_mixin.py:149} INFO - [2023-05-05T10:15:50.030+0000] {dagbag.py:541} INFO - Filling up the DagBag from /home/airflow/.local/lib/python3.7/site-packages/airflow/example_dags/example_latest_only_with_trigger.py
[2023-05-05T10:15:50.060+0000] {processor.py:809} INFO - DAG(s) dict_keys(['latest_only_with_trigger']) retrieved from /home/airflow/.local/lib/python3.7/site-packages/airflow/example_dags/example_latest_only_with_trigger.py
[2023-05-05T10:15:50.161+0000] {logging_mixin.py:149} INFO - [2023-05-05T10:15:50.161+0000] {dag.py:2726} INFO - Sync 1 DAGs
[2023-05-05T10:15:50.247+0000] {logging_mixin.py:149} INFO - [2023-05-05T10:15:50.246+0000] {dag.py:3490} INFO - Setting next_dagrun for latest_only_with_trigger to 2023-05-05T06:15:50.244796+00:00, run_after=2023-05-05T10:15:50.244796+00:00
[2023-05-05T10:15:50.328+0000] {processor.py:178} INFO - Processing /home/airflow/.local/lib/python3.7/site-packages/airflow/example_dags/example_latest_only_with_trigger.py took 0.322 seconds
[2023-05-05T10:16:21.189+0000] {processor.py:156} INFO - Started process (PID=613) to work on /home/airflow/.local/lib/python3.7/site-packages/airflow/example_dags/example_latest_only_with_trigger.py
[2023-05-05T10:16:21.191+0000] {processor.py:799} INFO - Processing file /home/airflow/.local/lib/python3.7/site-packages/airflow/example_dags/example_latest_only_with_trigger.py for tasks to queue
[2023-05-05T10:16:21.193+0000] {logging_mixin.py:149} INFO - [2023-05-05T10:16:21.193+0000] {dagbag.py:541} INFO - Filling up the DagBag from /home/airflow/.local/lib/python3.7/site-packages/airflow/example_dags/example_latest_only_with_trigger.py
[2023-05-05T10:16:21.203+0000] {processor.py:809} INFO - DAG(s) dict_keys(['latest_only_with_trigger']) retrieved from /home/airflow/.local/lib/python3.7/site-packages/airflow/example_dags/example_latest_only_with_trigger.py
[2023-05-05T10:16:21.236+0000] {logging_mixin.py:149} INFO - [2023-05-05T10:16:21.236+0000] {dag.py:2726} INFO - Sync 1 DAGs
[2023-05-05T10:16:21.272+0000] {logging_mixin.py:149} INFO - [2023-05-05T10:16:21.272+0000] {dag.py:3490} INFO - Setting next_dagrun for latest_only_with_trigger to 2023-05-05T06:16:21.272097+00:00, run_after=2023-05-05T10:16:21.272097+00:00
[2023-05-05T10:16:21.299+0000] {processor.py:178} INFO - Processing /home/airflow/.local/lib/python3.7/site-packages/airflow/example_dags/example_latest_only_with_trigger.py took 0.114 seconds
[2023-05-05T10:16:51.983+0000] {processor.py:156} INFO - Started process (PID=677) to work on /home/airflow/.local/lib/python3.7/site-packages/airflow/example_dags/example_latest_only_with_trigger.py
[2023-05-05T10:16:51.985+0000] {processor.py:799} INFO - Processing file /home/airflow/.local/lib/python3.7/site-packages/airflow/example_dags/example_latest_only_with_trigger.py for tasks to queue
[2023-05-05T10:16:51.988+0000] {logging_mixin.py:149} INFO - [2023-05-05T10:16:51.987+0000] {dagbag.py:541} INFO - Filling up the DagBag from /home/airflow/.local/lib/python3.7/site-packages/airflow/example_dags/example_latest_only_with_trigger.py
[2023-05-05T10:16:52.002+0000] {processor.py:809} INFO - DAG(s) dict_keys(['latest_only_with_trigger']) retrieved from /home/airflow/.local/lib/python3.7/site-packages/airflow/example_dags/example_latest_only_with_trigger.py
[2023-05-05T10:16:52.044+0000] {logging_mixin.py:149} INFO - [2023-05-05T10:16:52.044+0000] {dag.py:2726} INFO - Sync 1 DAGs
[2023-05-05T10:16:52.094+0000] {logging_mixin.py:149} INFO - [2023-05-05T10:16:52.094+0000] {dag.py:3490} INFO - Setting next_dagrun for latest_only_with_trigger to 2023-05-05T06:16:52.093788+00:00, run_after=2023-05-05T10:16:52.093788+00:00
[2023-05-05T10:16:52.125+0000] {processor.py:178} INFO - Processing /home/airflow/.local/lib/python3.7/site-packages/airflow/example_dags/example_latest_only_with_trigger.py took 0.147 seconds
