[2023-05-05T10:11:50.703+0000] {processor.py:156} INFO - Started process (PID=70) to work on /home/airflow/.local/lib/python3.7/site-packages/airflow/example_dags/example_short_circuit_operator.py
[2023-05-05T10:11:50.705+0000] {processor.py:799} INFO - Processing file /home/airflow/.local/lib/python3.7/site-packages/airflow/example_dags/example_short_circuit_operator.py for tasks to queue
[2023-05-05T10:11:50.707+0000] {logging_mixin.py:149} INFO - [2023-05-05T10:11:50.707+0000] {dagbag.py:541} INFO - Filling up the DagBag from /home/airflow/.local/lib/python3.7/site-packages/airflow/example_dags/example_short_circuit_operator.py
[2023-05-05T10:11:50.720+0000] {processor.py:809} INFO - DAG(s) dict_keys(['example_short_circuit_operator']) retrieved from /home/airflow/.local/lib/python3.7/site-packages/airflow/example_dags/example_short_circuit_operator.py
[2023-05-05T10:11:50.784+0000] {logging_mixin.py:149} INFO - [2023-05-05T10:11:50.784+0000] {dag.py:2726} INFO - Sync 1 DAGs
[2023-05-05T10:11:50.839+0000] {logging_mixin.py:149} INFO - [2023-05-05T10:11:50.839+0000] {dag.py:3490} INFO - Setting next_dagrun for example_short_circuit_operator to 2023-05-04T10:11:50.838356+00:00, run_after=2023-05-05T10:11:50.838356+00:00
[2023-05-05T10:11:50.878+0000] {processor.py:178} INFO - Processing /home/airflow/.local/lib/python3.7/site-packages/airflow/example_dags/example_short_circuit_operator.py took 0.181 seconds
[2023-05-05T10:12:21.057+0000] {processor.py:156} INFO - Started process (PID=134) to work on /home/airflow/.local/lib/python3.7/site-packages/airflow/example_dags/example_short_circuit_operator.py
[2023-05-05T10:12:21.060+0000] {processor.py:799} INFO - Processing file /home/airflow/.local/lib/python3.7/site-packages/airflow/example_dags/example_short_circuit_operator.py for tasks to queue
[2023-05-05T10:12:21.061+0000] {logging_mixin.py:149} INFO - [2023-05-05T10:12:21.061+0000] {dagbag.py:541} INFO - Filling up the DagBag from /home/airflow/.local/lib/python3.7/site-packages/airflow/example_dags/example_short_circuit_operator.py
[2023-05-05T10:12:21.072+0000] {processor.py:809} INFO - DAG(s) dict_keys(['example_short_circuit_operator']) retrieved from /home/airflow/.local/lib/python3.7/site-packages/airflow/example_dags/example_short_circuit_operator.py
[2023-05-05T10:12:21.107+0000] {logging_mixin.py:149} INFO - [2023-05-05T10:12:21.106+0000] {dag.py:2726} INFO - Sync 1 DAGs
[2023-05-05T10:12:21.144+0000] {logging_mixin.py:149} INFO - [2023-05-05T10:12:21.143+0000] {dag.py:3490} INFO - Setting next_dagrun for example_short_circuit_operator to 2023-05-04T10:12:21.143669+00:00, run_after=2023-05-05T10:12:21.143669+00:00
[2023-05-05T10:12:21.172+0000] {processor.py:178} INFO - Processing /home/airflow/.local/lib/python3.7/site-packages/airflow/example_dags/example_short_circuit_operator.py took 0.119 seconds
[2023-05-05T10:12:51.344+0000] {processor.py:156} INFO - Started process (PID=198) to work on /home/airflow/.local/lib/python3.7/site-packages/airflow/example_dags/example_short_circuit_operator.py
[2023-05-05T10:12:51.346+0000] {processor.py:799} INFO - Processing file /home/airflow/.local/lib/python3.7/site-packages/airflow/example_dags/example_short_circuit_operator.py for tasks to queue
[2023-05-05T10:12:51.348+0000] {logging_mixin.py:149} INFO - [2023-05-05T10:12:51.348+0000] {dagbag.py:541} INFO - Filling up the DagBag from /home/airflow/.local/lib/python3.7/site-packages/airflow/example_dags/example_short_circuit_operator.py
[2023-05-05T10:12:51.358+0000] {processor.py:809} INFO - DAG(s) dict_keys(['example_short_circuit_operator']) retrieved from /home/airflow/.local/lib/python3.7/site-packages/airflow/example_dags/example_short_circuit_operator.py
[2023-05-05T10:12:51.391+0000] {logging_mixin.py:149} INFO - [2023-05-05T10:12:51.391+0000] {dag.py:2726} INFO - Sync 1 DAGs
[2023-05-05T10:12:51.423+0000] {logging_mixin.py:149} INFO - [2023-05-05T10:12:51.423+0000] {dag.py:3490} INFO - Setting next_dagrun for example_short_circuit_operator to 2023-05-04T10:12:51.423259+00:00, run_after=2023-05-05T10:12:51.423259+00:00
[2023-05-05T10:12:51.447+0000] {processor.py:178} INFO - Processing /home/airflow/.local/lib/python3.7/site-packages/airflow/example_dags/example_short_circuit_operator.py took 0.107 seconds
[2023-05-05T10:13:21.616+0000] {processor.py:156} INFO - Started process (PID=262) to work on /home/airflow/.local/lib/python3.7/site-packages/airflow/example_dags/example_short_circuit_operator.py
[2023-05-05T10:13:21.619+0000] {processor.py:799} INFO - Processing file /home/airflow/.local/lib/python3.7/site-packages/airflow/example_dags/example_short_circuit_operator.py for tasks to queue
[2023-05-05T10:13:21.621+0000] {logging_mixin.py:149} INFO - [2023-05-05T10:13:21.620+0000] {dagbag.py:541} INFO - Filling up the DagBag from /home/airflow/.local/lib/python3.7/site-packages/airflow/example_dags/example_short_circuit_operator.py
[2023-05-05T10:13:21.631+0000] {processor.py:809} INFO - DAG(s) dict_keys(['example_short_circuit_operator']) retrieved from /home/airflow/.local/lib/python3.7/site-packages/airflow/example_dags/example_short_circuit_operator.py
[2023-05-05T10:13:21.664+0000] {logging_mixin.py:149} INFO - [2023-05-05T10:13:21.664+0000] {dag.py:2726} INFO - Sync 1 DAGs
[2023-05-05T10:13:21.694+0000] {logging_mixin.py:149} INFO - [2023-05-05T10:13:21.693+0000] {dag.py:3490} INFO - Setting next_dagrun for example_short_circuit_operator to 2023-05-04T10:13:21.693723+00:00, run_after=2023-05-05T10:13:21.693723+00:00
[2023-05-05T10:13:21.719+0000] {processor.py:178} INFO - Processing /home/airflow/.local/lib/python3.7/site-packages/airflow/example_dags/example_short_circuit_operator.py took 0.107 seconds
[2023-05-05T10:13:51.857+0000] {processor.py:156} INFO - Started process (PID=326) to work on /home/airflow/.local/lib/python3.7/site-packages/airflow/example_dags/example_short_circuit_operator.py
[2023-05-05T10:13:51.859+0000] {processor.py:799} INFO - Processing file /home/airflow/.local/lib/python3.7/site-packages/airflow/example_dags/example_short_circuit_operator.py for tasks to queue
[2023-05-05T10:13:51.861+0000] {logging_mixin.py:149} INFO - [2023-05-05T10:13:51.861+0000] {dagbag.py:541} INFO - Filling up the DagBag from /home/airflow/.local/lib/python3.7/site-packages/airflow/example_dags/example_short_circuit_operator.py
[2023-05-05T10:13:51.874+0000] {processor.py:809} INFO - DAG(s) dict_keys(['example_short_circuit_operator']) retrieved from /home/airflow/.local/lib/python3.7/site-packages/airflow/example_dags/example_short_circuit_operator.py
[2023-05-05T10:13:51.910+0000] {logging_mixin.py:149} INFO - [2023-05-05T10:13:51.910+0000] {dag.py:2726} INFO - Sync 1 DAGs
[2023-05-05T10:13:51.943+0000] {logging_mixin.py:149} INFO - [2023-05-05T10:13:51.943+0000] {dag.py:3490} INFO - Setting next_dagrun for example_short_circuit_operator to 2023-05-04T10:13:51.942993+00:00, run_after=2023-05-05T10:13:51.942993+00:00
[2023-05-05T10:13:51.964+0000] {processor.py:178} INFO - Processing /home/airflow/.local/lib/python3.7/site-packages/airflow/example_dags/example_short_circuit_operator.py took 0.112 seconds
[2023-05-05T10:14:22.977+0000] {processor.py:156} INFO - Started process (PID=390) to work on /home/airflow/.local/lib/python3.7/site-packages/airflow/example_dags/example_short_circuit_operator.py
[2023-05-05T10:14:22.980+0000] {processor.py:799} INFO - Processing file /home/airflow/.local/lib/python3.7/site-packages/airflow/example_dags/example_short_circuit_operator.py for tasks to queue
[2023-05-05T10:14:22.982+0000] {logging_mixin.py:149} INFO - [2023-05-05T10:14:22.981+0000] {dagbag.py:541} INFO - Filling up the DagBag from /home/airflow/.local/lib/python3.7/site-packages/airflow/example_dags/example_short_circuit_operator.py
[2023-05-05T10:14:22.995+0000] {processor.py:809} INFO - DAG(s) dict_keys(['example_short_circuit_operator']) retrieved from /home/airflow/.local/lib/python3.7/site-packages/airflow/example_dags/example_short_circuit_operator.py
[2023-05-05T10:14:23.032+0000] {logging_mixin.py:149} INFO - [2023-05-05T10:14:23.032+0000] {dag.py:2726} INFO - Sync 1 DAGs
[2023-05-05T10:14:23.070+0000] {logging_mixin.py:149} INFO - [2023-05-05T10:14:23.070+0000] {dag.py:3490} INFO - Setting next_dagrun for example_short_circuit_operator to 2023-05-04T10:14:23.070194+00:00, run_after=2023-05-05T10:14:23.070194+00:00
[2023-05-05T10:14:23.100+0000] {processor.py:178} INFO - Processing /home/airflow/.local/lib/python3.7/site-packages/airflow/example_dags/example_short_circuit_operator.py took 0.129 seconds
[2023-05-05T10:14:53.747+0000] {processor.py:156} INFO - Started process (PID=454) to work on /home/airflow/.local/lib/python3.7/site-packages/airflow/example_dags/example_short_circuit_operator.py
[2023-05-05T10:14:53.749+0000] {processor.py:799} INFO - Processing file /home/airflow/.local/lib/python3.7/site-packages/airflow/example_dags/example_short_circuit_operator.py for tasks to queue
[2023-05-05T10:14:53.751+0000] {logging_mixin.py:149} INFO - [2023-05-05T10:14:53.751+0000] {dagbag.py:541} INFO - Filling up the DagBag from /home/airflow/.local/lib/python3.7/site-packages/airflow/example_dags/example_short_circuit_operator.py
[2023-05-05T10:14:53.765+0000] {processor.py:809} INFO - DAG(s) dict_keys(['example_short_circuit_operator']) retrieved from /home/airflow/.local/lib/python3.7/site-packages/airflow/example_dags/example_short_circuit_operator.py
[2023-05-05T10:14:53.807+0000] {logging_mixin.py:149} INFO - [2023-05-05T10:14:53.807+0000] {dag.py:2726} INFO - Sync 1 DAGs
[2023-05-05T10:14:53.849+0000] {logging_mixin.py:149} INFO - [2023-05-05T10:14:53.849+0000] {dag.py:3490} INFO - Setting next_dagrun for example_short_circuit_operator to 2023-05-04T10:14:53.848951+00:00, run_after=2023-05-05T10:14:53.848951+00:00
[2023-05-05T10:14:53.881+0000] {processor.py:178} INFO - Processing /home/airflow/.local/lib/python3.7/site-packages/airflow/example_dags/example_short_circuit_operator.py took 0.139 seconds
[2023-05-05T10:15:25.005+0000] {processor.py:156} INFO - Started process (PID=518) to work on /home/airflow/.local/lib/python3.7/site-packages/airflow/example_dags/example_short_circuit_operator.py
[2023-05-05T10:15:25.009+0000] {processor.py:799} INFO - Processing file /home/airflow/.local/lib/python3.7/site-packages/airflow/example_dags/example_short_circuit_operator.py for tasks to queue
[2023-05-05T10:15:25.011+0000] {logging_mixin.py:149} INFO - [2023-05-05T10:15:25.011+0000] {dagbag.py:541} INFO - Filling up the DagBag from /home/airflow/.local/lib/python3.7/site-packages/airflow/example_dags/example_short_circuit_operator.py
[2023-05-05T10:15:25.029+0000] {processor.py:809} INFO - DAG(s) dict_keys(['example_short_circuit_operator']) retrieved from /home/airflow/.local/lib/python3.7/site-packages/airflow/example_dags/example_short_circuit_operator.py
[2023-05-05T10:15:25.084+0000] {logging_mixin.py:149} INFO - [2023-05-05T10:15:25.084+0000] {dag.py:2726} INFO - Sync 1 DAGs
[2023-05-05T10:15:25.161+0000] {logging_mixin.py:149} INFO - [2023-05-05T10:15:25.160+0000] {dag.py:3490} INFO - Setting next_dagrun for example_short_circuit_operator to 2023-05-04T10:15:25.159867+00:00, run_after=2023-05-05T10:15:25.159867+00:00
[2023-05-05T10:15:25.241+0000] {processor.py:178} INFO - Processing /home/airflow/.local/lib/python3.7/site-packages/airflow/example_dags/example_short_circuit_operator.py took 0.245 seconds
[2023-05-05T10:15:55.454+0000] {processor.py:156} INFO - Started process (PID=582) to work on /home/airflow/.local/lib/python3.7/site-packages/airflow/example_dags/example_short_circuit_operator.py
[2023-05-05T10:15:55.458+0000] {processor.py:799} INFO - Processing file /home/airflow/.local/lib/python3.7/site-packages/airflow/example_dags/example_short_circuit_operator.py for tasks to queue
[2023-05-05T10:15:55.461+0000] {logging_mixin.py:149} INFO - [2023-05-05T10:15:55.461+0000] {dagbag.py:541} INFO - Filling up the DagBag from /home/airflow/.local/lib/python3.7/site-packages/airflow/example_dags/example_short_circuit_operator.py
[2023-05-05T10:15:55.477+0000] {processor.py:809} INFO - DAG(s) dict_keys(['example_short_circuit_operator']) retrieved from /home/airflow/.local/lib/python3.7/site-packages/airflow/example_dags/example_short_circuit_operator.py
[2023-05-05T10:15:55.539+0000] {logging_mixin.py:149} INFO - [2023-05-05T10:15:55.538+0000] {dag.py:2726} INFO - Sync 1 DAGs
[2023-05-05T10:15:55.612+0000] {logging_mixin.py:149} INFO - [2023-05-05T10:15:55.611+0000] {dag.py:3490} INFO - Setting next_dagrun for example_short_circuit_operator to 2023-05-04T10:15:55.610806+00:00, run_after=2023-05-05T10:15:55.610806+00:00
[2023-05-05T10:15:55.658+0000] {processor.py:178} INFO - Processing /home/airflow/.local/lib/python3.7/site-packages/airflow/example_dags/example_short_circuit_operator.py took 0.213 seconds
[2023-05-05T10:16:25.815+0000] {processor.py:156} INFO - Started process (PID=646) to work on /home/airflow/.local/lib/python3.7/site-packages/airflow/example_dags/example_short_circuit_operator.py
[2023-05-05T10:16:25.817+0000] {processor.py:799} INFO - Processing file /home/airflow/.local/lib/python3.7/site-packages/airflow/example_dags/example_short_circuit_operator.py for tasks to queue
[2023-05-05T10:16:25.819+0000] {logging_mixin.py:149} INFO - [2023-05-05T10:16:25.819+0000] {dagbag.py:541} INFO - Filling up the DagBag from /home/airflow/.local/lib/python3.7/site-packages/airflow/example_dags/example_short_circuit_operator.py
[2023-05-05T10:16:25.833+0000] {processor.py:809} INFO - DAG(s) dict_keys(['example_short_circuit_operator']) retrieved from /home/airflow/.local/lib/python3.7/site-packages/airflow/example_dags/example_short_circuit_operator.py
[2023-05-05T10:16:25.872+0000] {logging_mixin.py:149} INFO - [2023-05-05T10:16:25.872+0000] {dag.py:2726} INFO - Sync 1 DAGs
[2023-05-05T10:16:25.911+0000] {logging_mixin.py:149} INFO - [2023-05-05T10:16:25.910+0000] {dag.py:3490} INFO - Setting next_dagrun for example_short_circuit_operator to 2023-05-04T10:16:25.910663+00:00, run_after=2023-05-05T10:16:25.910663+00:00
[2023-05-05T10:16:25.936+0000] {processor.py:178} INFO - Processing /home/airflow/.local/lib/python3.7/site-packages/airflow/example_dags/example_short_circuit_operator.py took 0.126 seconds
[2023-05-05T10:16:57.499+0000] {processor.py:156} INFO - Started process (PID=710) to work on /home/airflow/.local/lib/python3.7/site-packages/airflow/example_dags/example_short_circuit_operator.py
[2023-05-05T10:16:57.516+0000] {processor.py:799} INFO - Processing file /home/airflow/.local/lib/python3.7/site-packages/airflow/example_dags/example_short_circuit_operator.py for tasks to queue
[2023-05-05T10:16:57.525+0000] {logging_mixin.py:149} INFO - [2023-05-05T10:16:57.524+0000] {dagbag.py:541} INFO - Filling up the DagBag from /home/airflow/.local/lib/python3.7/site-packages/airflow/example_dags/example_short_circuit_operator.py
[2023-05-05T10:16:59.323+0000] {logging_mixin.py:149} INFO - [2023-05-05T10:16:59.323+0000] {process_utils.py:258} INFO - Waiting up to 5 seconds for processes to exit...
