[2023-05-05T10:11:50.903+0000] {processor.py:156} INFO - Started process (PID=71) to work on /home/airflow/.local/lib/python3.7/site-packages/airflow/example_dags/example_external_task_marker_dag.py
[2023-05-05T10:11:50.906+0000] {processor.py:799} INFO - Processing file /home/airflow/.local/lib/python3.7/site-packages/airflow/example_dags/example_external_task_marker_dag.py for tasks to queue
[2023-05-05T10:11:50.908+0000] {logging_mixin.py:149} INFO - [2023-05-05T10:11:50.908+0000] {dagbag.py:541} INFO - Filling up the DagBag from /home/airflow/.local/lib/python3.7/site-packages/airflow/example_dags/example_external_task_marker_dag.py
[2023-05-05T10:11:50.918+0000] {processor.py:809} INFO - DAG(s) dict_keys(['example_external_task_marker_child', 'example_external_task_marker_parent']) retrieved from /home/airflow/.local/lib/python3.7/site-packages/airflow/example_dags/example_external_task_marker_dag.py
[2023-05-05T10:11:51.007+0000] {logging_mixin.py:149} INFO - [2023-05-05T10:11:51.007+0000] {dag.py:2726} INFO - Sync 2 DAGs
[2023-05-05T10:11:51.041+0000] {logging_mixin.py:149} INFO - [2023-05-05T10:11:51.041+0000] {dag.py:3490} INFO - Setting next_dagrun for example_external_task_marker_child to None, run_after=None
[2023-05-05T10:11:51.046+0000] {logging_mixin.py:149} INFO - [2023-05-05T10:11:51.046+0000] {dag.py:3490} INFO - Setting next_dagrun for example_external_task_marker_parent to None, run_after=None
[2023-05-05T10:11:51.081+0000] {processor.py:178} INFO - Processing /home/airflow/.local/lib/python3.7/site-packages/airflow/example_dags/example_external_task_marker_dag.py took 0.184 seconds
[2023-05-05T10:12:21.131+0000] {processor.py:156} INFO - Started process (PID=135) to work on /home/airflow/.local/lib/python3.7/site-packages/airflow/example_dags/example_external_task_marker_dag.py
[2023-05-05T10:12:21.133+0000] {processor.py:799} INFO - Processing file /home/airflow/.local/lib/python3.7/site-packages/airflow/example_dags/example_external_task_marker_dag.py for tasks to queue
[2023-05-05T10:12:21.135+0000] {logging_mixin.py:149} INFO - [2023-05-05T10:12:21.135+0000] {dagbag.py:541} INFO - Filling up the DagBag from /home/airflow/.local/lib/python3.7/site-packages/airflow/example_dags/example_external_task_marker_dag.py
[2023-05-05T10:12:21.144+0000] {processor.py:809} INFO - DAG(s) dict_keys(['example_external_task_marker_parent', 'example_external_task_marker_child']) retrieved from /home/airflow/.local/lib/python3.7/site-packages/airflow/example_dags/example_external_task_marker_dag.py
[2023-05-05T10:12:21.186+0000] {logging_mixin.py:149} INFO - [2023-05-05T10:12:21.186+0000] {dag.py:2726} INFO - Sync 2 DAGs
[2023-05-05T10:12:21.219+0000] {logging_mixin.py:149} INFO - [2023-05-05T10:12:21.218+0000] {dag.py:3490} INFO - Setting next_dagrun for example_external_task_marker_child to None, run_after=None
[2023-05-05T10:12:21.224+0000] {logging_mixin.py:149} INFO - [2023-05-05T10:12:21.223+0000] {dag.py:3490} INFO - Setting next_dagrun for example_external_task_marker_parent to None, run_after=None
[2023-05-05T10:12:21.243+0000] {processor.py:178} INFO - Processing /home/airflow/.local/lib/python3.7/site-packages/airflow/example_dags/example_external_task_marker_dag.py took 0.118 seconds
[2023-05-05T10:12:51.427+0000] {processor.py:156} INFO - Started process (PID=199) to work on /home/airflow/.local/lib/python3.7/site-packages/airflow/example_dags/example_external_task_marker_dag.py
[2023-05-05T10:12:51.430+0000] {processor.py:799} INFO - Processing file /home/airflow/.local/lib/python3.7/site-packages/airflow/example_dags/example_external_task_marker_dag.py for tasks to queue
[2023-05-05T10:12:51.431+0000] {logging_mixin.py:149} INFO - [2023-05-05T10:12:51.431+0000] {dagbag.py:541} INFO - Filling up the DagBag from /home/airflow/.local/lib/python3.7/site-packages/airflow/example_dags/example_external_task_marker_dag.py
[2023-05-05T10:12:51.439+0000] {processor.py:809} INFO - DAG(s) dict_keys(['example_external_task_marker_parent', 'example_external_task_marker_child']) retrieved from /home/airflow/.local/lib/python3.7/site-packages/airflow/example_dags/example_external_task_marker_dag.py
[2023-05-05T10:12:51.476+0000] {logging_mixin.py:149} INFO - [2023-05-05T10:12:51.476+0000] {dag.py:2726} INFO - Sync 2 DAGs
[2023-05-05T10:12:51.505+0000] {logging_mixin.py:149} INFO - [2023-05-05T10:12:51.505+0000] {dag.py:3490} INFO - Setting next_dagrun for example_external_task_marker_child to None, run_after=None
[2023-05-05T10:12:51.510+0000] {logging_mixin.py:149} INFO - [2023-05-05T10:12:51.510+0000] {dag.py:3490} INFO - Setting next_dagrun for example_external_task_marker_parent to None, run_after=None
[2023-05-05T10:12:51.529+0000] {processor.py:178} INFO - Processing /home/airflow/.local/lib/python3.7/site-packages/airflow/example_dags/example_external_task_marker_dag.py took 0.106 seconds
[2023-05-05T10:13:21.707+0000] {processor.py:156} INFO - Started process (PID=263) to work on /home/airflow/.local/lib/python3.7/site-packages/airflow/example_dags/example_external_task_marker_dag.py
[2023-05-05T10:13:21.710+0000] {processor.py:799} INFO - Processing file /home/airflow/.local/lib/python3.7/site-packages/airflow/example_dags/example_external_task_marker_dag.py for tasks to queue
[2023-05-05T10:13:21.712+0000] {logging_mixin.py:149} INFO - [2023-05-05T10:13:21.711+0000] {dagbag.py:541} INFO - Filling up the DagBag from /home/airflow/.local/lib/python3.7/site-packages/airflow/example_dags/example_external_task_marker_dag.py
[2023-05-05T10:13:21.720+0000] {processor.py:809} INFO - DAG(s) dict_keys(['example_external_task_marker_parent', 'example_external_task_marker_child']) retrieved from /home/airflow/.local/lib/python3.7/site-packages/airflow/example_dags/example_external_task_marker_dag.py
[2023-05-05T10:13:21.756+0000] {logging_mixin.py:149} INFO - [2023-05-05T10:13:21.756+0000] {dag.py:2726} INFO - Sync 2 DAGs
[2023-05-05T10:13:21.785+0000] {logging_mixin.py:149} INFO - [2023-05-05T10:13:21.785+0000] {dag.py:3490} INFO - Setting next_dagrun for example_external_task_marker_child to None, run_after=None
[2023-05-05T10:13:21.790+0000] {logging_mixin.py:149} INFO - [2023-05-05T10:13:21.790+0000] {dag.py:3490} INFO - Setting next_dagrun for example_external_task_marker_parent to None, run_after=None
[2023-05-05T10:13:21.810+0000] {processor.py:178} INFO - Processing /home/airflow/.local/lib/python3.7/site-packages/airflow/example_dags/example_external_task_marker_dag.py took 0.107 seconds
[2023-05-05T10:13:51.934+0000] {processor.py:156} INFO - Started process (PID=327) to work on /home/airflow/.local/lib/python3.7/site-packages/airflow/example_dags/example_external_task_marker_dag.py
[2023-05-05T10:13:51.936+0000] {processor.py:799} INFO - Processing file /home/airflow/.local/lib/python3.7/site-packages/airflow/example_dags/example_external_task_marker_dag.py for tasks to queue
[2023-05-05T10:13:51.938+0000] {logging_mixin.py:149} INFO - [2023-05-05T10:13:51.938+0000] {dagbag.py:541} INFO - Filling up the DagBag from /home/airflow/.local/lib/python3.7/site-packages/airflow/example_dags/example_external_task_marker_dag.py
[2023-05-05T10:13:51.946+0000] {processor.py:809} INFO - DAG(s) dict_keys(['example_external_task_marker_child', 'example_external_task_marker_parent']) retrieved from /home/airflow/.local/lib/python3.7/site-packages/airflow/example_dags/example_external_task_marker_dag.py
[2023-05-05T10:13:51.980+0000] {logging_mixin.py:149} INFO - [2023-05-05T10:13:51.980+0000] {dag.py:2726} INFO - Sync 2 DAGs
[2023-05-05T10:13:52.009+0000] {logging_mixin.py:149} INFO - [2023-05-05T10:13:52.009+0000] {dag.py:3490} INFO - Setting next_dagrun for example_external_task_marker_child to None, run_after=None
[2023-05-05T10:13:52.014+0000] {logging_mixin.py:149} INFO - [2023-05-05T10:13:52.014+0000] {dag.py:3490} INFO - Setting next_dagrun for example_external_task_marker_parent to None, run_after=None
[2023-05-05T10:13:52.032+0000] {processor.py:178} INFO - Processing /home/airflow/.local/lib/python3.7/site-packages/airflow/example_dags/example_external_task_marker_dag.py took 0.103 seconds
[2023-05-05T10:14:23.078+0000] {processor.py:156} INFO - Started process (PID=391) to work on /home/airflow/.local/lib/python3.7/site-packages/airflow/example_dags/example_external_task_marker_dag.py
[2023-05-05T10:14:23.082+0000] {processor.py:799} INFO - Processing file /home/airflow/.local/lib/python3.7/site-packages/airflow/example_dags/example_external_task_marker_dag.py for tasks to queue
[2023-05-05T10:14:23.084+0000] {logging_mixin.py:149} INFO - [2023-05-05T10:14:23.084+0000] {dagbag.py:541} INFO - Filling up the DagBag from /home/airflow/.local/lib/python3.7/site-packages/airflow/example_dags/example_external_task_marker_dag.py
[2023-05-05T10:14:23.094+0000] {processor.py:809} INFO - DAG(s) dict_keys(['example_external_task_marker_parent', 'example_external_task_marker_child']) retrieved from /home/airflow/.local/lib/python3.7/site-packages/airflow/example_dags/example_external_task_marker_dag.py
[2023-05-05T10:14:23.134+0000] {logging_mixin.py:149} INFO - [2023-05-05T10:14:23.134+0000] {dag.py:2726} INFO - Sync 2 DAGs
[2023-05-05T10:14:23.164+0000] {logging_mixin.py:149} INFO - [2023-05-05T10:14:23.164+0000] {dag.py:3490} INFO - Setting next_dagrun for example_external_task_marker_child to None, run_after=None
[2023-05-05T10:14:23.169+0000] {logging_mixin.py:149} INFO - [2023-05-05T10:14:23.169+0000] {dag.py:3490} INFO - Setting next_dagrun for example_external_task_marker_parent to None, run_after=None
[2023-05-05T10:14:23.187+0000] {processor.py:178} INFO - Processing /home/airflow/.local/lib/python3.7/site-packages/airflow/example_dags/example_external_task_marker_dag.py took 0.114 seconds
[2023-05-05T10:14:53.855+0000] {processor.py:156} INFO - Started process (PID=455) to work on /home/airflow/.local/lib/python3.7/site-packages/airflow/example_dags/example_external_task_marker_dag.py
[2023-05-05T10:14:53.858+0000] {processor.py:799} INFO - Processing file /home/airflow/.local/lib/python3.7/site-packages/airflow/example_dags/example_external_task_marker_dag.py for tasks to queue
[2023-05-05T10:14:53.860+0000] {logging_mixin.py:149} INFO - [2023-05-05T10:14:53.860+0000] {dagbag.py:541} INFO - Filling up the DagBag from /home/airflow/.local/lib/python3.7/site-packages/airflow/example_dags/example_external_task_marker_dag.py
[2023-05-05T10:14:53.871+0000] {processor.py:809} INFO - DAG(s) dict_keys(['example_external_task_marker_parent', 'example_external_task_marker_child']) retrieved from /home/airflow/.local/lib/python3.7/site-packages/airflow/example_dags/example_external_task_marker_dag.py
[2023-05-05T10:14:53.924+0000] {logging_mixin.py:149} INFO - [2023-05-05T10:14:53.924+0000] {dag.py:2726} INFO - Sync 2 DAGs
[2023-05-05T10:14:53.967+0000] {logging_mixin.py:149} INFO - [2023-05-05T10:14:53.967+0000] {dag.py:3490} INFO - Setting next_dagrun for example_external_task_marker_child to None, run_after=None
[2023-05-05T10:14:53.975+0000] {logging_mixin.py:149} INFO - [2023-05-05T10:14:53.975+0000] {dag.py:3490} INFO - Setting next_dagrun for example_external_task_marker_parent to None, run_after=None
[2023-05-05T10:14:54.003+0000] {processor.py:178} INFO - Processing /home/airflow/.local/lib/python3.7/site-packages/airflow/example_dags/example_external_task_marker_dag.py took 0.154 seconds
[2023-05-05T10:15:25.204+0000] {processor.py:156} INFO - Started process (PID=519) to work on /home/airflow/.local/lib/python3.7/site-packages/airflow/example_dags/example_external_task_marker_dag.py
[2023-05-05T10:15:25.211+0000] {processor.py:799} INFO - Processing file /home/airflow/.local/lib/python3.7/site-packages/airflow/example_dags/example_external_task_marker_dag.py for tasks to queue
[2023-05-05T10:15:25.216+0000] {logging_mixin.py:149} INFO - [2023-05-05T10:15:25.215+0000] {dagbag.py:541} INFO - Filling up the DagBag from /home/airflow/.local/lib/python3.7/site-packages/airflow/example_dags/example_external_task_marker_dag.py
[2023-05-05T10:15:25.240+0000] {processor.py:809} INFO - DAG(s) dict_keys(['example_external_task_marker_parent', 'example_external_task_marker_child']) retrieved from /home/airflow/.local/lib/python3.7/site-packages/airflow/example_dags/example_external_task_marker_dag.py
[2023-05-05T10:15:25.323+0000] {logging_mixin.py:149} INFO - [2023-05-05T10:15:25.323+0000] {dag.py:2726} INFO - Sync 2 DAGs
[2023-05-05T10:15:25.388+0000] {logging_mixin.py:149} INFO - [2023-05-05T10:15:25.387+0000] {dag.py:3490} INFO - Setting next_dagrun for example_external_task_marker_child to None, run_after=None
[2023-05-05T10:15:25.400+0000] {logging_mixin.py:149} INFO - [2023-05-05T10:15:25.400+0000] {dag.py:3490} INFO - Setting next_dagrun for example_external_task_marker_parent to None, run_after=None
[2023-05-05T10:15:25.442+0000] {processor.py:178} INFO - Processing /home/airflow/.local/lib/python3.7/site-packages/airflow/example_dags/example_external_task_marker_dag.py took 0.250 seconds
[2023-05-05T10:15:55.503+0000] {processor.py:156} INFO - Started process (PID=583) to work on /home/airflow/.local/lib/python3.7/site-packages/airflow/example_dags/example_external_task_marker_dag.py
[2023-05-05T10:15:55.506+0000] {processor.py:799} INFO - Processing file /home/airflow/.local/lib/python3.7/site-packages/airflow/example_dags/example_external_task_marker_dag.py for tasks to queue
[2023-05-05T10:15:55.508+0000] {logging_mixin.py:149} INFO - [2023-05-05T10:15:55.508+0000] {dagbag.py:541} INFO - Filling up the DagBag from /home/airflow/.local/lib/python3.7/site-packages/airflow/example_dags/example_external_task_marker_dag.py
[2023-05-05T10:15:55.521+0000] {processor.py:809} INFO - DAG(s) dict_keys(['example_external_task_marker_child', 'example_external_task_marker_parent']) retrieved from /home/airflow/.local/lib/python3.7/site-packages/airflow/example_dags/example_external_task_marker_dag.py
[2023-05-05T10:15:55.603+0000] {logging_mixin.py:149} INFO - [2023-05-05T10:15:55.603+0000] {dag.py:2726} INFO - Sync 2 DAGs
[2023-05-05T10:15:55.664+0000] {logging_mixin.py:149} INFO - [2023-05-05T10:15:55.663+0000] {dag.py:3490} INFO - Setting next_dagrun for example_external_task_marker_child to None, run_after=None
[2023-05-05T10:15:55.674+0000] {logging_mixin.py:149} INFO - [2023-05-05T10:15:55.674+0000] {dag.py:3490} INFO - Setting next_dagrun for example_external_task_marker_parent to None, run_after=None
[2023-05-05T10:15:55.736+0000] {processor.py:178} INFO - Processing /home/airflow/.local/lib/python3.7/site-packages/airflow/example_dags/example_external_task_marker_dag.py took 0.240 seconds
[2023-05-05T10:16:25.904+0000] {processor.py:156} INFO - Started process (PID=647) to work on /home/airflow/.local/lib/python3.7/site-packages/airflow/example_dags/example_external_task_marker_dag.py
[2023-05-05T10:16:25.907+0000] {processor.py:799} INFO - Processing file /home/airflow/.local/lib/python3.7/site-packages/airflow/example_dags/example_external_task_marker_dag.py for tasks to queue
[2023-05-05T10:16:25.909+0000] {logging_mixin.py:149} INFO - [2023-05-05T10:16:25.909+0000] {dagbag.py:541} INFO - Filling up the DagBag from /home/airflow/.local/lib/python3.7/site-packages/airflow/example_dags/example_external_task_marker_dag.py
[2023-05-05T10:16:25.917+0000] {processor.py:809} INFO - DAG(s) dict_keys(['example_external_task_marker_child', 'example_external_task_marker_parent']) retrieved from /home/airflow/.local/lib/python3.7/site-packages/airflow/example_dags/example_external_task_marker_dag.py
[2023-05-05T10:16:25.958+0000] {logging_mixin.py:149} INFO - [2023-05-05T10:16:25.958+0000] {dag.py:2726} INFO - Sync 2 DAGs
[2023-05-05T10:16:25.993+0000] {logging_mixin.py:149} INFO - [2023-05-05T10:16:25.993+0000] {dag.py:3490} INFO - Setting next_dagrun for example_external_task_marker_child to None, run_after=None
[2023-05-05T10:16:25.998+0000] {logging_mixin.py:149} INFO - [2023-05-05T10:16:25.998+0000] {dag.py:3490} INFO - Setting next_dagrun for example_external_task_marker_parent to None, run_after=None
[2023-05-05T10:16:26.020+0000] {processor.py:178} INFO - Processing /home/airflow/.local/lib/python3.7/site-packages/airflow/example_dags/example_external_task_marker_dag.py took 0.122 seconds
