[2023-05-05T10:11:47.193+0000] {processor.py:156} INFO - Started process (PID=47) to work on /home/airflow/.local/lib/python3.7/site-packages/airflow/example_dags/example_task_group_decorator.py
[2023-05-05T10:11:47.196+0000] {processor.py:799} INFO - Processing file /home/airflow/.local/lib/python3.7/site-packages/airflow/example_dags/example_task_group_decorator.py for tasks to queue
[2023-05-05T10:11:47.200+0000] {logging_mixin.py:149} INFO - [2023-05-05T10:11:47.200+0000] {dagbag.py:541} INFO - Filling up the DagBag from /home/airflow/.local/lib/python3.7/site-packages/airflow/example_dags/example_task_group_decorator.py
[2023-05-05T10:11:47.231+0000] {processor.py:809} INFO - DAG(s) dict_keys(['example_task_group_decorator']) retrieved from /home/airflow/.local/lib/python3.7/site-packages/airflow/example_dags/example_task_group_decorator.py
[2023-05-05T10:11:47.286+0000] {logging_mixin.py:149} INFO - [2023-05-05T10:11:47.286+0000] {dag.py:2726} INFO - Sync 1 DAGs
[2023-05-05T10:11:47.331+0000] {logging_mixin.py:149} INFO - [2023-05-05T10:11:47.331+0000] {dag.py:3490} INFO - Setting next_dagrun for example_task_group_decorator to 2023-05-04T10:11:47.330582+00:00, run_after=2023-05-05T10:11:47.330582+00:00
[2023-05-05T10:11:47.371+0000] {processor.py:178} INFO - Processing /home/airflow/.local/lib/python3.7/site-packages/airflow/example_dags/example_task_group_decorator.py took 0.188 seconds
[2023-05-05T10:12:18.236+0000] {processor.py:156} INFO - Started process (PID=110) to work on /home/airflow/.local/lib/python3.7/site-packages/airflow/example_dags/example_task_group_decorator.py
[2023-05-05T10:12:18.238+0000] {processor.py:799} INFO - Processing file /home/airflow/.local/lib/python3.7/site-packages/airflow/example_dags/example_task_group_decorator.py for tasks to queue
[2023-05-05T10:12:18.240+0000] {logging_mixin.py:149} INFO - [2023-05-05T10:12:18.240+0000] {dagbag.py:541} INFO - Filling up the DagBag from /home/airflow/.local/lib/python3.7/site-packages/airflow/example_dags/example_task_group_decorator.py
[2023-05-05T10:12:18.259+0000] {processor.py:809} INFO - DAG(s) dict_keys(['example_task_group_decorator']) retrieved from /home/airflow/.local/lib/python3.7/site-packages/airflow/example_dags/example_task_group_decorator.py
[2023-05-05T10:12:18.293+0000] {logging_mixin.py:149} INFO - [2023-05-05T10:12:18.293+0000] {dag.py:2726} INFO - Sync 1 DAGs
[2023-05-05T10:12:18.322+0000] {logging_mixin.py:149} INFO - [2023-05-05T10:12:18.321+0000] {dag.py:3490} INFO - Setting next_dagrun for example_task_group_decorator to 2023-05-04T10:12:18.321619+00:00, run_after=2023-05-05T10:12:18.321619+00:00
[2023-05-05T10:12:18.344+0000] {processor.py:178} INFO - Processing /home/airflow/.local/lib/python3.7/site-packages/airflow/example_dags/example_task_group_decorator.py took 0.113 seconds
[2023-05-05T10:12:48.416+0000] {processor.py:156} INFO - Started process (PID=174) to work on /home/airflow/.local/lib/python3.7/site-packages/airflow/example_dags/example_task_group_decorator.py
[2023-05-05T10:12:48.419+0000] {processor.py:799} INFO - Processing file /home/airflow/.local/lib/python3.7/site-packages/airflow/example_dags/example_task_group_decorator.py for tasks to queue
[2023-05-05T10:12:48.421+0000] {logging_mixin.py:149} INFO - [2023-05-05T10:12:48.421+0000] {dagbag.py:541} INFO - Filling up the DagBag from /home/airflow/.local/lib/python3.7/site-packages/airflow/example_dags/example_task_group_decorator.py
[2023-05-05T10:12:48.439+0000] {processor.py:809} INFO - DAG(s) dict_keys(['example_task_group_decorator']) retrieved from /home/airflow/.local/lib/python3.7/site-packages/airflow/example_dags/example_task_group_decorator.py
[2023-05-05T10:12:48.478+0000] {logging_mixin.py:149} INFO - [2023-05-05T10:12:48.477+0000] {dag.py:2726} INFO - Sync 1 DAGs
[2023-05-05T10:12:48.509+0000] {logging_mixin.py:149} INFO - [2023-05-05T10:12:48.509+0000] {dag.py:3490} INFO - Setting next_dagrun for example_task_group_decorator to 2023-05-04T10:12:48.508996+00:00, run_after=2023-05-05T10:12:48.508996+00:00
[2023-05-05T10:12:48.532+0000] {processor.py:178} INFO - Processing /home/airflow/.local/lib/python3.7/site-packages/airflow/example_dags/example_task_group_decorator.py took 0.121 seconds
[2023-05-05T10:13:18.732+0000] {processor.py:156} INFO - Started process (PID=238) to work on /home/airflow/.local/lib/python3.7/site-packages/airflow/example_dags/example_task_group_decorator.py
[2023-05-05T10:13:18.735+0000] {processor.py:799} INFO - Processing file /home/airflow/.local/lib/python3.7/site-packages/airflow/example_dags/example_task_group_decorator.py for tasks to queue
[2023-05-05T10:13:18.737+0000] {logging_mixin.py:149} INFO - [2023-05-05T10:13:18.737+0000] {dagbag.py:541} INFO - Filling up the DagBag from /home/airflow/.local/lib/python3.7/site-packages/airflow/example_dags/example_task_group_decorator.py
[2023-05-05T10:13:18.761+0000] {processor.py:809} INFO - DAG(s) dict_keys(['example_task_group_decorator']) retrieved from /home/airflow/.local/lib/python3.7/site-packages/airflow/example_dags/example_task_group_decorator.py
[2023-05-05T10:13:18.795+0000] {logging_mixin.py:149} INFO - [2023-05-05T10:13:18.795+0000] {dag.py:2726} INFO - Sync 1 DAGs
[2023-05-05T10:13:18.824+0000] {logging_mixin.py:149} INFO - [2023-05-05T10:13:18.823+0000] {dag.py:3490} INFO - Setting next_dagrun for example_task_group_decorator to 2023-05-04T10:13:18.823641+00:00, run_after=2023-05-05T10:13:18.823641+00:00
[2023-05-05T10:13:18.846+0000] {processor.py:178} INFO - Processing /home/airflow/.local/lib/python3.7/site-packages/airflow/example_dags/example_task_group_decorator.py took 0.120 seconds
[2023-05-05T10:13:49.082+0000] {processor.py:156} INFO - Started process (PID=302) to work on /home/airflow/.local/lib/python3.7/site-packages/airflow/example_dags/example_task_group_decorator.py
[2023-05-05T10:13:49.084+0000] {processor.py:799} INFO - Processing file /home/airflow/.local/lib/python3.7/site-packages/airflow/example_dags/example_task_group_decorator.py for tasks to queue
[2023-05-05T10:13:49.086+0000] {logging_mixin.py:149} INFO - [2023-05-05T10:13:49.086+0000] {dagbag.py:541} INFO - Filling up the DagBag from /home/airflow/.local/lib/python3.7/site-packages/airflow/example_dags/example_task_group_decorator.py
[2023-05-05T10:13:49.103+0000] {processor.py:809} INFO - DAG(s) dict_keys(['example_task_group_decorator']) retrieved from /home/airflow/.local/lib/python3.7/site-packages/airflow/example_dags/example_task_group_decorator.py
[2023-05-05T10:13:49.136+0000] {logging_mixin.py:149} INFO - [2023-05-05T10:13:49.136+0000] {dag.py:2726} INFO - Sync 1 DAGs
[2023-05-05T10:13:49.165+0000] {logging_mixin.py:149} INFO - [2023-05-05T10:13:49.165+0000] {dag.py:3490} INFO - Setting next_dagrun for example_task_group_decorator to 2023-05-04T10:13:49.164929+00:00, run_after=2023-05-05T10:13:49.164929+00:00
[2023-05-05T10:13:49.187+0000] {processor.py:178} INFO - Processing /home/airflow/.local/lib/python3.7/site-packages/airflow/example_dags/example_task_group_decorator.py took 0.109 seconds
[2023-05-05T10:14:20.105+0000] {processor.py:156} INFO - Started process (PID=367) to work on /home/airflow/.local/lib/python3.7/site-packages/airflow/example_dags/example_task_group_decorator.py
[2023-05-05T10:14:20.107+0000] {processor.py:799} INFO - Processing file /home/airflow/.local/lib/python3.7/site-packages/airflow/example_dags/example_task_group_decorator.py for tasks to queue
[2023-05-05T10:14:20.109+0000] {logging_mixin.py:149} INFO - [2023-05-05T10:14:20.109+0000] {dagbag.py:541} INFO - Filling up the DagBag from /home/airflow/.local/lib/python3.7/site-packages/airflow/example_dags/example_task_group_decorator.py
[2023-05-05T10:14:20.126+0000] {processor.py:809} INFO - DAG(s) dict_keys(['example_task_group_decorator']) retrieved from /home/airflow/.local/lib/python3.7/site-packages/airflow/example_dags/example_task_group_decorator.py
[2023-05-05T10:14:20.159+0000] {logging_mixin.py:149} INFO - [2023-05-05T10:14:20.158+0000] {dag.py:2726} INFO - Sync 1 DAGs
[2023-05-05T10:14:20.188+0000] {logging_mixin.py:149} INFO - [2023-05-05T10:14:20.188+0000] {dag.py:3490} INFO - Setting next_dagrun for example_task_group_decorator to 2023-05-04T10:14:20.187998+00:00, run_after=2023-05-05T10:14:20.187998+00:00
[2023-05-05T10:14:20.211+0000] {processor.py:178} INFO - Processing /home/airflow/.local/lib/python3.7/site-packages/airflow/example_dags/example_task_group_decorator.py took 0.110 seconds
[2023-05-05T10:14:50.664+0000] {processor.py:156} INFO - Started process (PID=431) to work on /home/airflow/.local/lib/python3.7/site-packages/airflow/example_dags/example_task_group_decorator.py
[2023-05-05T10:14:50.667+0000] {processor.py:799} INFO - Processing file /home/airflow/.local/lib/python3.7/site-packages/airflow/example_dags/example_task_group_decorator.py for tasks to queue
[2023-05-05T10:14:50.669+0000] {logging_mixin.py:149} INFO - [2023-05-05T10:14:50.668+0000] {dagbag.py:541} INFO - Filling up the DagBag from /home/airflow/.local/lib/python3.7/site-packages/airflow/example_dags/example_task_group_decorator.py
[2023-05-05T10:14:50.691+0000] {processor.py:809} INFO - DAG(s) dict_keys(['example_task_group_decorator']) retrieved from /home/airflow/.local/lib/python3.7/site-packages/airflow/example_dags/example_task_group_decorator.py
[2023-05-05T10:14:50.735+0000] {logging_mixin.py:149} INFO - [2023-05-05T10:14:50.735+0000] {dag.py:2726} INFO - Sync 1 DAGs
[2023-05-05T10:14:50.772+0000] {logging_mixin.py:149} INFO - [2023-05-05T10:14:50.771+0000] {dag.py:3490} INFO - Setting next_dagrun for example_task_group_decorator to 2023-05-04T10:14:50.771482+00:00, run_after=2023-05-05T10:14:50.771482+00:00
[2023-05-05T10:14:50.801+0000] {processor.py:178} INFO - Processing /home/airflow/.local/lib/python3.7/site-packages/airflow/example_dags/example_task_group_decorator.py took 0.142 seconds
[2023-05-05T10:15:21.128+0000] {processor.py:156} INFO - Started process (PID=494) to work on /home/airflow/.local/lib/python3.7/site-packages/airflow/example_dags/example_task_group_decorator.py
[2023-05-05T10:15:21.136+0000] {processor.py:799} INFO - Processing file /home/airflow/.local/lib/python3.7/site-packages/airflow/example_dags/example_task_group_decorator.py for tasks to queue
[2023-05-05T10:15:21.143+0000] {logging_mixin.py:149} INFO - [2023-05-05T10:15:21.143+0000] {dagbag.py:541} INFO - Filling up the DagBag from /home/airflow/.local/lib/python3.7/site-packages/airflow/example_dags/example_task_group_decorator.py
[2023-05-05T10:15:21.201+0000] {processor.py:809} INFO - DAG(s) dict_keys(['example_task_group_decorator']) retrieved from /home/airflow/.local/lib/python3.7/site-packages/airflow/example_dags/example_task_group_decorator.py
[2023-05-05T10:15:21.273+0000] {logging_mixin.py:149} INFO - [2023-05-05T10:15:21.273+0000] {dag.py:2726} INFO - Sync 1 DAGs
[2023-05-05T10:15:21.332+0000] {logging_mixin.py:149} INFO - [2023-05-05T10:15:21.332+0000] {dag.py:3490} INFO - Setting next_dagrun for example_task_group_decorator to 2023-05-04T10:15:21.331665+00:00, run_after=2023-05-05T10:15:21.331665+00:00
[2023-05-05T10:15:21.375+0000] {processor.py:178} INFO - Processing /home/airflow/.local/lib/python3.7/site-packages/airflow/example_dags/example_task_group_decorator.py took 0.267 seconds
[2023-05-05T10:15:51.874+0000] {processor.py:156} INFO - Started process (PID=558) to work on /home/airflow/.local/lib/python3.7/site-packages/airflow/example_dags/example_task_group_decorator.py
[2023-05-05T10:15:51.877+0000] {processor.py:799} INFO - Processing file /home/airflow/.local/lib/python3.7/site-packages/airflow/example_dags/example_task_group_decorator.py for tasks to queue
[2023-05-05T10:15:51.879+0000] {logging_mixin.py:149} INFO - [2023-05-05T10:15:51.879+0000] {dagbag.py:541} INFO - Filling up the DagBag from /home/airflow/.local/lib/python3.7/site-packages/airflow/example_dags/example_task_group_decorator.py
[2023-05-05T10:15:51.904+0000] {processor.py:809} INFO - DAG(s) dict_keys(['example_task_group_decorator']) retrieved from /home/airflow/.local/lib/python3.7/site-packages/airflow/example_dags/example_task_group_decorator.py
[2023-05-05T10:15:51.950+0000] {logging_mixin.py:149} INFO - [2023-05-05T10:15:51.950+0000] {dag.py:2726} INFO - Sync 1 DAGs
[2023-05-05T10:15:51.988+0000] {logging_mixin.py:149} INFO - [2023-05-05T10:15:51.987+0000] {dag.py:3490} INFO - Setting next_dagrun for example_task_group_decorator to 2023-05-04T10:15:51.987693+00:00, run_after=2023-05-05T10:15:51.987693+00:00
[2023-05-05T10:15:52.021+0000] {processor.py:178} INFO - Processing /home/airflow/.local/lib/python3.7/site-packages/airflow/example_dags/example_task_group_decorator.py took 0.152 seconds
[2023-05-05T10:16:22.098+0000] {processor.py:156} INFO - Started process (PID=623) to work on /home/airflow/.local/lib/python3.7/site-packages/airflow/example_dags/example_task_group_decorator.py
[2023-05-05T10:16:22.101+0000] {processor.py:799} INFO - Processing file /home/airflow/.local/lib/python3.7/site-packages/airflow/example_dags/example_task_group_decorator.py for tasks to queue
[2023-05-05T10:16:22.104+0000] {logging_mixin.py:149} INFO - [2023-05-05T10:16:22.103+0000] {dagbag.py:541} INFO - Filling up the DagBag from /home/airflow/.local/lib/python3.7/site-packages/airflow/example_dags/example_task_group_decorator.py
[2023-05-05T10:16:22.130+0000] {processor.py:809} INFO - DAG(s) dict_keys(['example_task_group_decorator']) retrieved from /home/airflow/.local/lib/python3.7/site-packages/airflow/example_dags/example_task_group_decorator.py
[2023-05-05T10:16:22.182+0000] {logging_mixin.py:149} INFO - [2023-05-05T10:16:22.182+0000] {dag.py:2726} INFO - Sync 1 DAGs
[2023-05-05T10:16:22.227+0000] {logging_mixin.py:149} INFO - [2023-05-05T10:16:22.227+0000] {dag.py:3490} INFO - Setting next_dagrun for example_task_group_decorator to 2023-05-04T10:16:22.226706+00:00, run_after=2023-05-05T10:16:22.226706+00:00
[2023-05-05T10:16:22.265+0000] {processor.py:178} INFO - Processing /home/airflow/.local/lib/python3.7/site-packages/airflow/example_dags/example_task_group_decorator.py took 0.172 seconds
[2023-05-05T10:16:53.123+0000] {processor.py:156} INFO - Started process (PID=686) to work on /home/airflow/.local/lib/python3.7/site-packages/airflow/example_dags/example_task_group_decorator.py
[2023-05-05T10:16:53.125+0000] {processor.py:799} INFO - Processing file /home/airflow/.local/lib/python3.7/site-packages/airflow/example_dags/example_task_group_decorator.py for tasks to queue
[2023-05-05T10:16:53.128+0000] {logging_mixin.py:149} INFO - [2023-05-05T10:16:53.127+0000] {dagbag.py:541} INFO - Filling up the DagBag from /home/airflow/.local/lib/python3.7/site-packages/airflow/example_dags/example_task_group_decorator.py
[2023-05-05T10:16:53.170+0000] {processor.py:809} INFO - DAG(s) dict_keys(['example_task_group_decorator']) retrieved from /home/airflow/.local/lib/python3.7/site-packages/airflow/example_dags/example_task_group_decorator.py
[2023-05-05T10:16:53.221+0000] {logging_mixin.py:149} INFO - [2023-05-05T10:16:53.221+0000] {dag.py:2726} INFO - Sync 1 DAGs
[2023-05-05T10:16:53.268+0000] {logging_mixin.py:149} INFO - [2023-05-05T10:16:53.267+0000] {dag.py:3490} INFO - Setting next_dagrun for example_task_group_decorator to 2023-05-04T10:16:53.267355+00:00, run_after=2023-05-05T10:16:53.267355+00:00
[2023-05-05T10:16:53.308+0000] {processor.py:178} INFO - Processing /home/airflow/.local/lib/python3.7/site-packages/airflow/example_dags/example_task_group_decorator.py took 0.191 seconds
