[2023-05-05T10:11:46.120+0000] {processor.py:156} INFO - Started process (PID=40) to work on /home/airflow/.local/lib/python3.7/site-packages/airflow/example_dags/example_branch_operator.py
[2023-05-05T10:11:46.122+0000] {processor.py:799} INFO - Processing file /home/airflow/.local/lib/python3.7/site-packages/airflow/example_dags/example_branch_operator.py for tasks to queue
[2023-05-05T10:11:46.125+0000] {logging_mixin.py:149} INFO - [2023-05-05T10:11:46.124+0000] {dagbag.py:541} INFO - Filling up the DagBag from /home/airflow/.local/lib/python3.7/site-packages/airflow/example_dags/example_branch_operator.py
[2023-05-05T10:11:46.152+0000] {processor.py:809} INFO - DAG(s) dict_keys(['example_branch_operator']) retrieved from /home/airflow/.local/lib/python3.7/site-packages/airflow/example_dags/example_branch_operator.py
[2023-05-05T10:11:46.200+0000] {logging_mixin.py:149} INFO - [2023-05-05T10:11:46.200+0000] {dag.py:2726} INFO - Sync 1 DAGs
[2023-05-05T10:11:46.248+0000] {logging_mixin.py:149} INFO - [2023-05-05T10:11:46.248+0000] {dag.py:3490} INFO - Setting next_dagrun for example_branch_operator to 2023-05-04T00:00:00+00:00, run_after=2023-05-05T00:00:00+00:00
[2023-05-05T10:11:46.282+0000] {processor.py:178} INFO - Processing /home/airflow/.local/lib/python3.7/site-packages/airflow/example_dags/example_branch_operator.py took 0.168 seconds
[2023-05-05T10:12:16.798+0000] {processor.py:156} INFO - Started process (PID=104) to work on /home/airflow/.local/lib/python3.7/site-packages/airflow/example_dags/example_branch_operator.py
[2023-05-05T10:12:16.800+0000] {processor.py:799} INFO - Processing file /home/airflow/.local/lib/python3.7/site-packages/airflow/example_dags/example_branch_operator.py for tasks to queue
[2023-05-05T10:12:16.802+0000] {logging_mixin.py:149} INFO - [2023-05-05T10:12:16.802+0000] {dagbag.py:541} INFO - Filling up the DagBag from /home/airflow/.local/lib/python3.7/site-packages/airflow/example_dags/example_branch_operator.py
[2023-05-05T10:12:16.813+0000] {processor.py:809} INFO - DAG(s) dict_keys(['example_branch_operator']) retrieved from /home/airflow/.local/lib/python3.7/site-packages/airflow/example_dags/example_branch_operator.py
[2023-05-05T10:12:16.848+0000] {logging_mixin.py:149} INFO - [2023-05-05T10:12:16.848+0000] {dag.py:2726} INFO - Sync 1 DAGs
[2023-05-05T10:12:16.879+0000] {logging_mixin.py:149} INFO - [2023-05-05T10:12:16.878+0000] {dag.py:3490} INFO - Setting next_dagrun for example_branch_operator to 2023-05-04T00:00:00+00:00, run_after=2023-05-05T00:00:00+00:00
[2023-05-05T10:12:16.901+0000] {processor.py:178} INFO - Processing /home/airflow/.local/lib/python3.7/site-packages/airflow/example_dags/example_branch_operator.py took 0.107 seconds
[2023-05-05T10:12:46.934+0000] {processor.py:156} INFO - Started process (PID=168) to work on /home/airflow/.local/lib/python3.7/site-packages/airflow/example_dags/example_branch_operator.py
[2023-05-05T10:12:46.935+0000] {processor.py:799} INFO - Processing file /home/airflow/.local/lib/python3.7/site-packages/airflow/example_dags/example_branch_operator.py for tasks to queue
[2023-05-05T10:12:46.937+0000] {logging_mixin.py:149} INFO - [2023-05-05T10:12:46.937+0000] {dagbag.py:541} INFO - Filling up the DagBag from /home/airflow/.local/lib/python3.7/site-packages/airflow/example_dags/example_branch_operator.py
[2023-05-05T10:12:46.948+0000] {processor.py:809} INFO - DAG(s) dict_keys(['example_branch_operator']) retrieved from /home/airflow/.local/lib/python3.7/site-packages/airflow/example_dags/example_branch_operator.py
[2023-05-05T10:12:46.980+0000] {logging_mixin.py:149} INFO - [2023-05-05T10:12:46.979+0000] {dag.py:2726} INFO - Sync 1 DAGs
[2023-05-05T10:12:47.010+0000] {logging_mixin.py:149} INFO - [2023-05-05T10:12:47.010+0000] {dag.py:3490} INFO - Setting next_dagrun for example_branch_operator to 2023-05-04T00:00:00+00:00, run_after=2023-05-05T00:00:00+00:00
[2023-05-05T10:12:47.034+0000] {processor.py:178} INFO - Processing /home/airflow/.local/lib/python3.7/site-packages/airflow/example_dags/example_branch_operator.py took 0.104 seconds
[2023-05-05T10:13:17.307+0000] {processor.py:156} INFO - Started process (PID=232) to work on /home/airflow/.local/lib/python3.7/site-packages/airflow/example_dags/example_branch_operator.py
[2023-05-05T10:13:17.309+0000] {processor.py:799} INFO - Processing file /home/airflow/.local/lib/python3.7/site-packages/airflow/example_dags/example_branch_operator.py for tasks to queue
[2023-05-05T10:13:17.311+0000] {logging_mixin.py:149} INFO - [2023-05-05T10:13:17.311+0000] {dagbag.py:541} INFO - Filling up the DagBag from /home/airflow/.local/lib/python3.7/site-packages/airflow/example_dags/example_branch_operator.py
[2023-05-05T10:13:17.324+0000] {processor.py:809} INFO - DAG(s) dict_keys(['example_branch_operator']) retrieved from /home/airflow/.local/lib/python3.7/site-packages/airflow/example_dags/example_branch_operator.py
[2023-05-05T10:13:17.362+0000] {logging_mixin.py:149} INFO - [2023-05-05T10:13:17.362+0000] {dag.py:2726} INFO - Sync 1 DAGs
[2023-05-05T10:13:17.394+0000] {logging_mixin.py:149} INFO - [2023-05-05T10:13:17.393+0000] {dag.py:3490} INFO - Setting next_dagrun for example_branch_operator to 2023-05-04T00:00:00+00:00, run_after=2023-05-05T00:00:00+00:00
[2023-05-05T10:13:17.415+0000] {processor.py:178} INFO - Processing /home/airflow/.local/lib/python3.7/site-packages/airflow/example_dags/example_branch_operator.py took 0.113 seconds
[2023-05-05T10:13:47.653+0000] {processor.py:156} INFO - Started process (PID=296) to work on /home/airflow/.local/lib/python3.7/site-packages/airflow/example_dags/example_branch_operator.py
[2023-05-05T10:13:47.656+0000] {processor.py:799} INFO - Processing file /home/airflow/.local/lib/python3.7/site-packages/airflow/example_dags/example_branch_operator.py for tasks to queue
[2023-05-05T10:13:47.658+0000] {logging_mixin.py:149} INFO - [2023-05-05T10:13:47.658+0000] {dagbag.py:541} INFO - Filling up the DagBag from /home/airflow/.local/lib/python3.7/site-packages/airflow/example_dags/example_branch_operator.py
[2023-05-05T10:13:47.670+0000] {processor.py:809} INFO - DAG(s) dict_keys(['example_branch_operator']) retrieved from /home/airflow/.local/lib/python3.7/site-packages/airflow/example_dags/example_branch_operator.py
[2023-05-05T10:13:47.703+0000] {logging_mixin.py:149} INFO - [2023-05-05T10:13:47.703+0000] {dag.py:2726} INFO - Sync 1 DAGs
[2023-05-05T10:13:47.735+0000] {logging_mixin.py:149} INFO - [2023-05-05T10:13:47.735+0000] {dag.py:3490} INFO - Setting next_dagrun for example_branch_operator to 2023-05-04T00:00:00+00:00, run_after=2023-05-05T00:00:00+00:00
[2023-05-05T10:13:47.757+0000] {processor.py:178} INFO - Processing /home/airflow/.local/lib/python3.7/site-packages/airflow/example_dags/example_branch_operator.py took 0.108 seconds
[2023-05-05T10:14:18.658+0000] {processor.py:156} INFO - Started process (PID=360) to work on /home/airflow/.local/lib/python3.7/site-packages/airflow/example_dags/example_branch_operator.py
[2023-05-05T10:14:18.661+0000] {processor.py:799} INFO - Processing file /home/airflow/.local/lib/python3.7/site-packages/airflow/example_dags/example_branch_operator.py for tasks to queue
[2023-05-05T10:14:18.662+0000] {logging_mixin.py:149} INFO - [2023-05-05T10:14:18.662+0000] {dagbag.py:541} INFO - Filling up the DagBag from /home/airflow/.local/lib/python3.7/site-packages/airflow/example_dags/example_branch_operator.py
[2023-05-05T10:14:18.675+0000] {processor.py:809} INFO - DAG(s) dict_keys(['example_branch_operator']) retrieved from /home/airflow/.local/lib/python3.7/site-packages/airflow/example_dags/example_branch_operator.py
[2023-05-05T10:14:18.709+0000] {logging_mixin.py:149} INFO - [2023-05-05T10:14:18.709+0000] {dag.py:2726} INFO - Sync 1 DAGs
[2023-05-05T10:14:18.741+0000] {logging_mixin.py:149} INFO - [2023-05-05T10:14:18.741+0000] {dag.py:3490} INFO - Setting next_dagrun for example_branch_operator to 2023-05-04T00:00:00+00:00, run_after=2023-05-05T00:00:00+00:00
[2023-05-05T10:14:18.763+0000] {processor.py:178} INFO - Processing /home/airflow/.local/lib/python3.7/site-packages/airflow/example_dags/example_branch_operator.py took 0.109 seconds
[2023-05-05T10:14:49.039+0000] {processor.py:156} INFO - Started process (PID=424) to work on /home/airflow/.local/lib/python3.7/site-packages/airflow/example_dags/example_branch_operator.py
[2023-05-05T10:14:49.042+0000] {processor.py:799} INFO - Processing file /home/airflow/.local/lib/python3.7/site-packages/airflow/example_dags/example_branch_operator.py for tasks to queue
[2023-05-05T10:14:49.046+0000] {logging_mixin.py:149} INFO - [2023-05-05T10:14:49.046+0000] {dagbag.py:541} INFO - Filling up the DagBag from /home/airflow/.local/lib/python3.7/site-packages/airflow/example_dags/example_branch_operator.py
[2023-05-05T10:14:49.070+0000] {processor.py:809} INFO - DAG(s) dict_keys(['example_branch_operator']) retrieved from /home/airflow/.local/lib/python3.7/site-packages/airflow/example_dags/example_branch_operator.py
[2023-05-05T10:14:49.122+0000] {logging_mixin.py:149} INFO - [2023-05-05T10:14:49.122+0000] {dag.py:2726} INFO - Sync 1 DAGs
[2023-05-05T10:14:49.165+0000] {logging_mixin.py:149} INFO - [2023-05-05T10:14:49.165+0000] {dag.py:3490} INFO - Setting next_dagrun for example_branch_operator to 2023-05-04T00:00:00+00:00, run_after=2023-05-05T00:00:00+00:00
[2023-05-05T10:14:49.201+0000] {processor.py:178} INFO - Processing /home/airflow/.local/lib/python3.7/site-packages/airflow/example_dags/example_branch_operator.py took 0.172 seconds
[2023-05-05T10:15:19.513+0000] {processor.py:156} INFO - Started process (PID=488) to work on /home/airflow/.local/lib/python3.7/site-packages/airflow/example_dags/example_branch_operator.py
[2023-05-05T10:15:19.516+0000] {processor.py:799} INFO - Processing file /home/airflow/.local/lib/python3.7/site-packages/airflow/example_dags/example_branch_operator.py for tasks to queue
[2023-05-05T10:15:19.518+0000] {logging_mixin.py:149} INFO - [2023-05-05T10:15:19.518+0000] {dagbag.py:541} INFO - Filling up the DagBag from /home/airflow/.local/lib/python3.7/site-packages/airflow/example_dags/example_branch_operator.py
[2023-05-05T10:15:19.533+0000] {processor.py:809} INFO - DAG(s) dict_keys(['example_branch_operator']) retrieved from /home/airflow/.local/lib/python3.7/site-packages/airflow/example_dags/example_branch_operator.py
[2023-05-05T10:15:19.573+0000] {logging_mixin.py:149} INFO - [2023-05-05T10:15:19.573+0000] {dag.py:2726} INFO - Sync 1 DAGs
[2023-05-05T10:15:19.608+0000] {logging_mixin.py:149} INFO - [2023-05-05T10:15:19.608+0000] {dag.py:3490} INFO - Setting next_dagrun for example_branch_operator to 2023-05-04T00:00:00+00:00, run_after=2023-05-05T00:00:00+00:00
[2023-05-05T10:15:19.634+0000] {processor.py:178} INFO - Processing /home/airflow/.local/lib/python3.7/site-packages/airflow/example_dags/example_branch_operator.py took 0.127 seconds
[2023-05-05T10:15:50.943+0000] {processor.py:156} INFO - Started process (PID=552) to work on /home/airflow/.local/lib/python3.7/site-packages/airflow/example_dags/example_branch_operator.py
[2023-05-05T10:15:50.947+0000] {processor.py:799} INFO - Processing file /home/airflow/.local/lib/python3.7/site-packages/airflow/example_dags/example_branch_operator.py for tasks to queue
[2023-05-05T10:15:50.951+0000] {logging_mixin.py:149} INFO - [2023-05-05T10:15:50.950+0000] {dagbag.py:541} INFO - Filling up the DagBag from /home/airflow/.local/lib/python3.7/site-packages/airflow/example_dags/example_branch_operator.py
[2023-05-05T10:15:50.974+0000] {processor.py:809} INFO - DAG(s) dict_keys(['example_branch_operator']) retrieved from /home/airflow/.local/lib/python3.7/site-packages/airflow/example_dags/example_branch_operator.py
[2023-05-05T10:15:51.027+0000] {logging_mixin.py:149} INFO - [2023-05-05T10:15:51.027+0000] {dag.py:2726} INFO - Sync 1 DAGs
[2023-05-05T10:15:51.080+0000] {logging_mixin.py:149} INFO - [2023-05-05T10:15:51.080+0000] {dag.py:3490} INFO - Setting next_dagrun for example_branch_operator to 2023-05-04T00:00:00+00:00, run_after=2023-05-05T00:00:00+00:00
[2023-05-05T10:15:51.118+0000] {processor.py:178} INFO - Processing /home/airflow/.local/lib/python3.7/site-packages/airflow/example_dags/example_branch_operator.py took 0.182 seconds
[2023-05-05T10:16:21.495+0000] {processor.py:156} INFO - Started process (PID=616) to work on /home/airflow/.local/lib/python3.7/site-packages/airflow/example_dags/example_branch_operator.py
[2023-05-05T10:16:21.498+0000] {processor.py:799} INFO - Processing file /home/airflow/.local/lib/python3.7/site-packages/airflow/example_dags/example_branch_operator.py for tasks to queue
[2023-05-05T10:16:21.500+0000] {logging_mixin.py:149} INFO - [2023-05-05T10:16:21.500+0000] {dagbag.py:541} INFO - Filling up the DagBag from /home/airflow/.local/lib/python3.7/site-packages/airflow/example_dags/example_branch_operator.py
[2023-05-05T10:16:21.515+0000] {processor.py:809} INFO - DAG(s) dict_keys(['example_branch_operator']) retrieved from /home/airflow/.local/lib/python3.7/site-packages/airflow/example_dags/example_branch_operator.py
[2023-05-05T10:16:21.560+0000] {logging_mixin.py:149} INFO - [2023-05-05T10:16:21.560+0000] {dag.py:2726} INFO - Sync 1 DAGs
[2023-05-05T10:16:21.599+0000] {logging_mixin.py:149} INFO - [2023-05-05T10:16:21.599+0000] {dag.py:3490} INFO - Setting next_dagrun for example_branch_operator to 2023-05-04T00:00:00+00:00, run_after=2023-05-05T00:00:00+00:00
[2023-05-05T10:16:21.635+0000] {processor.py:178} INFO - Processing /home/airflow/.local/lib/python3.7/site-packages/airflow/example_dags/example_branch_operator.py took 0.144 seconds
[2023-05-05T10:16:52.337+0000] {processor.py:156} INFO - Started process (PID=680) to work on /home/airflow/.local/lib/python3.7/site-packages/airflow/example_dags/example_branch_operator.py
[2023-05-05T10:16:52.340+0000] {processor.py:799} INFO - Processing file /home/airflow/.local/lib/python3.7/site-packages/airflow/example_dags/example_branch_operator.py for tasks to queue
[2023-05-05T10:16:52.342+0000] {logging_mixin.py:149} INFO - [2023-05-05T10:16:52.341+0000] {dagbag.py:541} INFO - Filling up the DagBag from /home/airflow/.local/lib/python3.7/site-packages/airflow/example_dags/example_branch_operator.py
[2023-05-05T10:16:52.356+0000] {processor.py:809} INFO - DAG(s) dict_keys(['example_branch_operator']) retrieved from /home/airflow/.local/lib/python3.7/site-packages/airflow/example_dags/example_branch_operator.py
[2023-05-05T10:16:52.456+0000] {logging_mixin.py:149} INFO - [2023-05-05T10:16:52.455+0000] {dag.py:2726} INFO - Sync 1 DAGs
[2023-05-05T10:16:52.547+0000] {logging_mixin.py:149} INFO - [2023-05-05T10:16:52.547+0000] {dag.py:3490} INFO - Setting next_dagrun for example_branch_operator to 2023-05-04T00:00:00+00:00, run_after=2023-05-05T00:00:00+00:00
[2023-05-05T10:16:52.591+0000] {processor.py:178} INFO - Processing /home/airflow/.local/lib/python3.7/site-packages/airflow/example_dags/example_branch_operator.py took 0.260 seconds
