[2023-05-05T10:11:51.395+0000] {processor.py:156} INFO - Started process (PID=74) to work on /home/airflow/.local/lib/python3.7/site-packages/airflow/example_dags/example_skip_dag.py
[2023-05-05T10:11:51.399+0000] {processor.py:799} INFO - Processing file /home/airflow/.local/lib/python3.7/site-packages/airflow/example_dags/example_skip_dag.py for tasks to queue
[2023-05-05T10:11:51.402+0000] {logging_mixin.py:149} INFO - [2023-05-05T10:11:51.402+0000] {dagbag.py:541} INFO - Filling up the DagBag from /home/airflow/.local/lib/python3.7/site-packages/airflow/example_dags/example_skip_dag.py
[2023-05-05T10:11:51.424+0000] {processor.py:809} INFO - DAG(s) dict_keys(['example_skip_dag']) retrieved from /home/airflow/.local/lib/python3.7/site-packages/airflow/example_dags/example_skip_dag.py
[2023-05-05T10:11:51.474+0000] {logging_mixin.py:149} INFO - [2023-05-05T10:11:51.474+0000] {dag.py:2726} INFO - Sync 1 DAGs
[2023-05-05T10:11:51.521+0000] {logging_mixin.py:149} INFO - [2023-05-05T10:11:51.520+0000] {dag.py:3490} INFO - Setting next_dagrun for example_skip_dag to 2023-05-04T10:11:51.520550+00:00, run_after=2023-05-05T10:11:51.520550+00:00
[2023-05-05T10:11:51.558+0000] {processor.py:178} INFO - Processing /home/airflow/.local/lib/python3.7/site-packages/airflow/example_dags/example_skip_dag.py took 0.189 seconds
[2023-05-05T10:12:22.363+0000] {processor.py:156} INFO - Started process (PID=138) to work on /home/airflow/.local/lib/python3.7/site-packages/airflow/example_dags/example_skip_dag.py
[2023-05-05T10:12:22.365+0000] {processor.py:799} INFO - Processing file /home/airflow/.local/lib/python3.7/site-packages/airflow/example_dags/example_skip_dag.py for tasks to queue
[2023-05-05T10:12:22.367+0000] {logging_mixin.py:149} INFO - [2023-05-05T10:12:22.367+0000] {dagbag.py:541} INFO - Filling up the DagBag from /home/airflow/.local/lib/python3.7/site-packages/airflow/example_dags/example_skip_dag.py
[2023-05-05T10:12:22.376+0000] {processor.py:809} INFO - DAG(s) dict_keys(['example_skip_dag']) retrieved from /home/airflow/.local/lib/python3.7/site-packages/airflow/example_dags/example_skip_dag.py
[2023-05-05T10:12:22.412+0000] {logging_mixin.py:149} INFO - [2023-05-05T10:12:22.412+0000] {dag.py:2726} INFO - Sync 1 DAGs
[2023-05-05T10:12:22.450+0000] {logging_mixin.py:149} INFO - [2023-05-05T10:12:22.450+0000] {dag.py:3490} INFO - Setting next_dagrun for example_skip_dag to 2023-05-04T10:12:22.450025+00:00, run_after=2023-05-05T10:12:22.450025+00:00
[2023-05-05T10:12:22.474+0000] {processor.py:178} INFO - Processing /home/airflow/.local/lib/python3.7/site-packages/airflow/example_dags/example_skip_dag.py took 0.115 seconds
[2023-05-05T10:12:52.563+0000] {processor.py:156} INFO - Started process (PID=201) to work on /home/airflow/.local/lib/python3.7/site-packages/airflow/example_dags/example_skip_dag.py
[2023-05-05T10:12:52.566+0000] {processor.py:799} INFO - Processing file /home/airflow/.local/lib/python3.7/site-packages/airflow/example_dags/example_skip_dag.py for tasks to queue
[2023-05-05T10:12:52.568+0000] {logging_mixin.py:149} INFO - [2023-05-05T10:12:52.568+0000] {dagbag.py:541} INFO - Filling up the DagBag from /home/airflow/.local/lib/python3.7/site-packages/airflow/example_dags/example_skip_dag.py
[2023-05-05T10:12:52.577+0000] {processor.py:809} INFO - DAG(s) dict_keys(['example_skip_dag']) retrieved from /home/airflow/.local/lib/python3.7/site-packages/airflow/example_dags/example_skip_dag.py
[2023-05-05T10:12:52.608+0000] {logging_mixin.py:149} INFO - [2023-05-05T10:12:52.607+0000] {dag.py:2726} INFO - Sync 1 DAGs
[2023-05-05T10:12:52.648+0000] {logging_mixin.py:149} INFO - [2023-05-05T10:12:52.648+0000] {dag.py:3490} INFO - Setting next_dagrun for example_skip_dag to 2023-05-04T10:12:52.648078+00:00, run_after=2023-05-05T10:12:52.648078+00:00
[2023-05-05T10:12:52.675+0000] {processor.py:178} INFO - Processing /home/airflow/.local/lib/python3.7/site-packages/airflow/example_dags/example_skip_dag.py took 0.115 seconds
[2023-05-05T10:13:22.779+0000] {processor.py:156} INFO - Started process (PID=265) to work on /home/airflow/.local/lib/python3.7/site-packages/airflow/example_dags/example_skip_dag.py
[2023-05-05T10:13:22.783+0000] {processor.py:799} INFO - Processing file /home/airflow/.local/lib/python3.7/site-packages/airflow/example_dags/example_skip_dag.py for tasks to queue
[2023-05-05T10:13:22.786+0000] {logging_mixin.py:149} INFO - [2023-05-05T10:13:22.786+0000] {dagbag.py:541} INFO - Filling up the DagBag from /home/airflow/.local/lib/python3.7/site-packages/airflow/example_dags/example_skip_dag.py
[2023-05-05T10:13:22.800+0000] {processor.py:809} INFO - DAG(s) dict_keys(['example_skip_dag']) retrieved from /home/airflow/.local/lib/python3.7/site-packages/airflow/example_dags/example_skip_dag.py
[2023-05-05T10:13:22.840+0000] {logging_mixin.py:149} INFO - [2023-05-05T10:13:22.840+0000] {dag.py:2726} INFO - Sync 1 DAGs
[2023-05-05T10:13:22.876+0000] {logging_mixin.py:149} INFO - [2023-05-05T10:13:22.875+0000] {dag.py:3490} INFO - Setting next_dagrun for example_skip_dag to 2023-05-04T10:13:22.875630+00:00, run_after=2023-05-05T10:13:22.875630+00:00
[2023-05-05T10:13:22.899+0000] {processor.py:178} INFO - Processing /home/airflow/.local/lib/python3.7/site-packages/airflow/example_dags/example_skip_dag.py took 0.125 seconds
[2023-05-05T10:13:53.013+0000] {processor.py:156} INFO - Started process (PID=329) to work on /home/airflow/.local/lib/python3.7/site-packages/airflow/example_dags/example_skip_dag.py
[2023-05-05T10:13:53.015+0000] {processor.py:799} INFO - Processing file /home/airflow/.local/lib/python3.7/site-packages/airflow/example_dags/example_skip_dag.py for tasks to queue
[2023-05-05T10:13:53.016+0000] {logging_mixin.py:149} INFO - [2023-05-05T10:13:53.016+0000] {dagbag.py:541} INFO - Filling up the DagBag from /home/airflow/.local/lib/python3.7/site-packages/airflow/example_dags/example_skip_dag.py
[2023-05-05T10:13:53.026+0000] {processor.py:809} INFO - DAG(s) dict_keys(['example_skip_dag']) retrieved from /home/airflow/.local/lib/python3.7/site-packages/airflow/example_dags/example_skip_dag.py
[2023-05-05T10:13:53.059+0000] {logging_mixin.py:149} INFO - [2023-05-05T10:13:53.058+0000] {dag.py:2726} INFO - Sync 1 DAGs
[2023-05-05T10:13:53.088+0000] {logging_mixin.py:149} INFO - [2023-05-05T10:13:53.088+0000] {dag.py:3490} INFO - Setting next_dagrun for example_skip_dag to 2023-05-04T10:13:53.088562+00:00, run_after=2023-05-05T10:13:53.088562+00:00
[2023-05-05T10:13:53.110+0000] {processor.py:178} INFO - Processing /home/airflow/.local/lib/python3.7/site-packages/airflow/example_dags/example_skip_dag.py took 0.102 seconds
[2023-05-05T10:14:23.225+0000] {processor.py:156} INFO - Started process (PID=393) to work on /home/airflow/.local/lib/python3.7/site-packages/airflow/example_dags/example_skip_dag.py
[2023-05-05T10:14:23.228+0000] {processor.py:799} INFO - Processing file /home/airflow/.local/lib/python3.7/site-packages/airflow/example_dags/example_skip_dag.py for tasks to queue
[2023-05-05T10:14:23.229+0000] {logging_mixin.py:149} INFO - [2023-05-05T10:14:23.229+0000] {dagbag.py:541} INFO - Filling up the DagBag from /home/airflow/.local/lib/python3.7/site-packages/airflow/example_dags/example_skip_dag.py
[2023-05-05T10:14:23.239+0000] {processor.py:809} INFO - DAG(s) dict_keys(['example_skip_dag']) retrieved from /home/airflow/.local/lib/python3.7/site-packages/airflow/example_dags/example_skip_dag.py
[2023-05-05T10:14:23.270+0000] {logging_mixin.py:149} INFO - [2023-05-05T10:14:23.270+0000] {dag.py:2726} INFO - Sync 1 DAGs
[2023-05-05T10:14:23.299+0000] {logging_mixin.py:149} INFO - [2023-05-05T10:14:23.299+0000] {dag.py:3490} INFO - Setting next_dagrun for example_skip_dag to 2023-05-04T10:14:23.299144+00:00, run_after=2023-05-05T10:14:23.299144+00:00
[2023-05-05T10:14:23.321+0000] {processor.py:178} INFO - Processing /home/airflow/.local/lib/python3.7/site-packages/airflow/example_dags/example_skip_dag.py took 0.101 seconds
[2023-05-05T10:14:54.052+0000] {processor.py:156} INFO - Started process (PID=457) to work on /home/airflow/.local/lib/python3.7/site-packages/airflow/example_dags/example_skip_dag.py
[2023-05-05T10:14:54.057+0000] {processor.py:799} INFO - Processing file /home/airflow/.local/lib/python3.7/site-packages/airflow/example_dags/example_skip_dag.py for tasks to queue
[2023-05-05T10:14:54.060+0000] {logging_mixin.py:149} INFO - [2023-05-05T10:14:54.059+0000] {dagbag.py:541} INFO - Filling up the DagBag from /home/airflow/.local/lib/python3.7/site-packages/airflow/example_dags/example_skip_dag.py
[2023-05-05T10:14:54.077+0000] {processor.py:809} INFO - DAG(s) dict_keys(['example_skip_dag']) retrieved from /home/airflow/.local/lib/python3.7/site-packages/airflow/example_dags/example_skip_dag.py
[2023-05-05T10:14:54.128+0000] {logging_mixin.py:149} INFO - [2023-05-05T10:14:54.128+0000] {dag.py:2726} INFO - Sync 1 DAGs
[2023-05-05T10:14:54.167+0000] {logging_mixin.py:149} INFO - [2023-05-05T10:14:54.166+0000] {dag.py:3490} INFO - Setting next_dagrun for example_skip_dag to 2023-05-04T10:14:54.166614+00:00, run_after=2023-05-05T10:14:54.166614+00:00
[2023-05-05T10:14:54.194+0000] {processor.py:178} INFO - Processing /home/airflow/.local/lib/python3.7/site-packages/airflow/example_dags/example_skip_dag.py took 0.150 seconds
[2023-05-05T10:15:25.498+0000] {processor.py:156} INFO - Started process (PID=521) to work on /home/airflow/.local/lib/python3.7/site-packages/airflow/example_dags/example_skip_dag.py
[2023-05-05T10:15:25.503+0000] {processor.py:799} INFO - Processing file /home/airflow/.local/lib/python3.7/site-packages/airflow/example_dags/example_skip_dag.py for tasks to queue
[2023-05-05T10:15:25.506+0000] {logging_mixin.py:149} INFO - [2023-05-05T10:15:25.505+0000] {dagbag.py:541} INFO - Filling up the DagBag from /home/airflow/.local/lib/python3.7/site-packages/airflow/example_dags/example_skip_dag.py
[2023-05-05T10:15:25.523+0000] {processor.py:809} INFO - DAG(s) dict_keys(['example_skip_dag']) retrieved from /home/airflow/.local/lib/python3.7/site-packages/airflow/example_dags/example_skip_dag.py
[2023-05-05T10:15:25.582+0000] {logging_mixin.py:149} INFO - [2023-05-05T10:15:25.582+0000] {dag.py:2726} INFO - Sync 1 DAGs
[2023-05-05T10:15:25.634+0000] {logging_mixin.py:149} INFO - [2023-05-05T10:15:25.634+0000] {dag.py:3490} INFO - Setting next_dagrun for example_skip_dag to 2023-05-04T10:15:25.633906+00:00, run_after=2023-05-05T10:15:25.633906+00:00
[2023-05-05T10:15:25.679+0000] {processor.py:178} INFO - Processing /home/airflow/.local/lib/python3.7/site-packages/airflow/example_dags/example_skip_dag.py took 0.187 seconds
[2023-05-05T10:15:55.819+0000] {processor.py:156} INFO - Started process (PID=585) to work on /home/airflow/.local/lib/python3.7/site-packages/airflow/example_dags/example_skip_dag.py
[2023-05-05T10:15:55.830+0000] {processor.py:799} INFO - Processing file /home/airflow/.local/lib/python3.7/site-packages/airflow/example_dags/example_skip_dag.py for tasks to queue
[2023-05-05T10:15:55.834+0000] {logging_mixin.py:149} INFO - [2023-05-05T10:15:55.833+0000] {dagbag.py:541} INFO - Filling up the DagBag from /home/airflow/.local/lib/python3.7/site-packages/airflow/example_dags/example_skip_dag.py
[2023-05-05T10:15:55.853+0000] {processor.py:809} INFO - DAG(s) dict_keys(['example_skip_dag']) retrieved from /home/airflow/.local/lib/python3.7/site-packages/airflow/example_dags/example_skip_dag.py
[2023-05-05T10:15:55.911+0000] {logging_mixin.py:149} INFO - [2023-05-05T10:15:55.911+0000] {dag.py:2726} INFO - Sync 1 DAGs
[2023-05-05T10:15:55.955+0000] {logging_mixin.py:149} INFO - [2023-05-05T10:15:55.954+0000] {dag.py:3490} INFO - Setting next_dagrun for example_skip_dag to 2023-05-04T10:15:55.954451+00:00, run_after=2023-05-05T10:15:55.954451+00:00
[2023-05-05T10:15:55.979+0000] {processor.py:178} INFO - Processing /home/airflow/.local/lib/python3.7/site-packages/airflow/example_dags/example_skip_dag.py took 0.170 seconds
[2023-05-05T10:16:26.061+0000] {processor.py:156} INFO - Started process (PID=649) to work on /home/airflow/.local/lib/python3.7/site-packages/airflow/example_dags/example_skip_dag.py
[2023-05-05T10:16:26.063+0000] {processor.py:799} INFO - Processing file /home/airflow/.local/lib/python3.7/site-packages/airflow/example_dags/example_skip_dag.py for tasks to queue
[2023-05-05T10:16:26.065+0000] {logging_mixin.py:149} INFO - [2023-05-05T10:16:26.065+0000] {dagbag.py:541} INFO - Filling up the DagBag from /home/airflow/.local/lib/python3.7/site-packages/airflow/example_dags/example_skip_dag.py
[2023-05-05T10:16:26.076+0000] {processor.py:809} INFO - DAG(s) dict_keys(['example_skip_dag']) retrieved from /home/airflow/.local/lib/python3.7/site-packages/airflow/example_dags/example_skip_dag.py
[2023-05-05T10:16:26.112+0000] {logging_mixin.py:149} INFO - [2023-05-05T10:16:26.112+0000] {dag.py:2726} INFO - Sync 1 DAGs
[2023-05-05T10:16:26.149+0000] {logging_mixin.py:149} INFO - [2023-05-05T10:16:26.148+0000] {dag.py:3490} INFO - Setting next_dagrun for example_skip_dag to 2023-05-04T10:16:26.148483+00:00, run_after=2023-05-05T10:16:26.148483+00:00
[2023-05-05T10:16:26.175+0000] {processor.py:178} INFO - Processing /home/airflow/.local/lib/python3.7/site-packages/airflow/example_dags/example_skip_dag.py took 0.120 seconds
