[2023-05-05T10:11:50.469+0000] {processor.py:156} INFO - Started process (PID=68) to work on /home/airflow/.local/lib/python3.7/site-packages/airflow/example_dags/example_task_group.py
[2023-05-05T10:11:50.472+0000] {processor.py:799} INFO - Processing file /home/airflow/.local/lib/python3.7/site-packages/airflow/example_dags/example_task_group.py for tasks to queue
[2023-05-05T10:11:50.474+0000] {logging_mixin.py:149} INFO - [2023-05-05T10:11:50.474+0000] {dagbag.py:541} INFO - Filling up the DagBag from /home/airflow/.local/lib/python3.7/site-packages/airflow/example_dags/example_task_group.py
[2023-05-05T10:11:50.497+0000] {processor.py:809} INFO - DAG(s) dict_keys(['example_task_group']) retrieved from /home/airflow/.local/lib/python3.7/site-packages/airflow/example_dags/example_task_group.py
[2023-05-05T10:11:50.570+0000] {logging_mixin.py:149} INFO - [2023-05-05T10:11:50.569+0000] {dag.py:2726} INFO - Sync 1 DAGs
[2023-05-05T10:11:50.618+0000] {logging_mixin.py:149} INFO - [2023-05-05T10:11:50.618+0000] {dag.py:3490} INFO - Setting next_dagrun for example_task_group to 2023-05-04T10:11:50.618039+00:00, run_after=2023-05-05T10:11:50.618039+00:00
[2023-05-05T10:11:50.657+0000] {processor.py:178} INFO - Processing /home/airflow/.local/lib/python3.7/site-packages/airflow/example_dags/example_task_group.py took 0.194 seconds
[2023-05-05T10:12:20.925+0000] {processor.py:156} INFO - Started process (PID=132) to work on /home/airflow/.local/lib/python3.7/site-packages/airflow/example_dags/example_task_group.py
[2023-05-05T10:12:20.928+0000] {processor.py:799} INFO - Processing file /home/airflow/.local/lib/python3.7/site-packages/airflow/example_dags/example_task_group.py for tasks to queue
[2023-05-05T10:12:20.929+0000] {logging_mixin.py:149} INFO - [2023-05-05T10:12:20.929+0000] {dagbag.py:541} INFO - Filling up the DagBag from /home/airflow/.local/lib/python3.7/site-packages/airflow/example_dags/example_task_group.py
[2023-05-05T10:12:20.940+0000] {processor.py:809} INFO - DAG(s) dict_keys(['example_task_group']) retrieved from /home/airflow/.local/lib/python3.7/site-packages/airflow/example_dags/example_task_group.py
[2023-05-05T10:12:20.973+0000] {logging_mixin.py:149} INFO - [2023-05-05T10:12:20.973+0000] {dag.py:2726} INFO - Sync 1 DAGs
[2023-05-05T10:12:21.005+0000] {logging_mixin.py:149} INFO - [2023-05-05T10:12:21.005+0000] {dag.py:3490} INFO - Setting next_dagrun for example_task_group to 2023-05-04T10:12:21.004801+00:00, run_after=2023-05-05T10:12:21.004801+00:00
[2023-05-05T10:12:21.026+0000] {processor.py:178} INFO - Processing /home/airflow/.local/lib/python3.7/site-packages/airflow/example_dags/example_task_group.py took 0.105 seconds
[2023-05-05T10:12:51.197+0000] {processor.py:156} INFO - Started process (PID=196) to work on /home/airflow/.local/lib/python3.7/site-packages/airflow/example_dags/example_task_group.py
[2023-05-05T10:12:51.200+0000] {processor.py:799} INFO - Processing file /home/airflow/.local/lib/python3.7/site-packages/airflow/example_dags/example_task_group.py for tasks to queue
[2023-05-05T10:12:51.201+0000] {logging_mixin.py:149} INFO - [2023-05-05T10:12:51.201+0000] {dagbag.py:541} INFO - Filling up the DagBag from /home/airflow/.local/lib/python3.7/site-packages/airflow/example_dags/example_task_group.py
[2023-05-05T10:12:51.211+0000] {processor.py:809} INFO - DAG(s) dict_keys(['example_task_group']) retrieved from /home/airflow/.local/lib/python3.7/site-packages/airflow/example_dags/example_task_group.py
[2023-05-05T10:12:51.247+0000] {logging_mixin.py:149} INFO - [2023-05-05T10:12:51.247+0000] {dag.py:2726} INFO - Sync 1 DAGs
[2023-05-05T10:12:51.288+0000] {logging_mixin.py:149} INFO - [2023-05-05T10:12:51.288+0000] {dag.py:3490} INFO - Setting next_dagrun for example_task_group to 2023-05-04T10:12:51.287782+00:00, run_after=2023-05-05T10:12:51.287782+00:00
[2023-05-05T10:12:51.310+0000] {processor.py:178} INFO - Processing /home/airflow/.local/lib/python3.7/site-packages/airflow/example_dags/example_task_group.py took 0.117 seconds
[2023-05-05T10:13:21.480+0000] {processor.py:156} INFO - Started process (PID=260) to work on /home/airflow/.local/lib/python3.7/site-packages/airflow/example_dags/example_task_group.py
[2023-05-05T10:13:21.483+0000] {processor.py:799} INFO - Processing file /home/airflow/.local/lib/python3.7/site-packages/airflow/example_dags/example_task_group.py for tasks to queue
[2023-05-05T10:13:21.485+0000] {logging_mixin.py:149} INFO - [2023-05-05T10:13:21.485+0000] {dagbag.py:541} INFO - Filling up the DagBag from /home/airflow/.local/lib/python3.7/site-packages/airflow/example_dags/example_task_group.py
[2023-05-05T10:13:21.495+0000] {processor.py:809} INFO - DAG(s) dict_keys(['example_task_group']) retrieved from /home/airflow/.local/lib/python3.7/site-packages/airflow/example_dags/example_task_group.py
[2023-05-05T10:13:21.525+0000] {logging_mixin.py:149} INFO - [2023-05-05T10:13:21.525+0000] {dag.py:2726} INFO - Sync 1 DAGs
[2023-05-05T10:13:21.558+0000] {logging_mixin.py:149} INFO - [2023-05-05T10:13:21.558+0000] {dag.py:3490} INFO - Setting next_dagrun for example_task_group to 2023-05-04T10:13:21.557761+00:00, run_after=2023-05-05T10:13:21.557761+00:00
[2023-05-05T10:13:21.582+0000] {processor.py:178} INFO - Processing /home/airflow/.local/lib/python3.7/site-packages/airflow/example_dags/example_task_group.py took 0.106 seconds
[2023-05-05T10:13:51.722+0000] {processor.py:156} INFO - Started process (PID=324) to work on /home/airflow/.local/lib/python3.7/site-packages/airflow/example_dags/example_task_group.py
[2023-05-05T10:13:51.724+0000] {processor.py:799} INFO - Processing file /home/airflow/.local/lib/python3.7/site-packages/airflow/example_dags/example_task_group.py for tasks to queue
[2023-05-05T10:13:51.726+0000] {logging_mixin.py:149} INFO - [2023-05-05T10:13:51.726+0000] {dagbag.py:541} INFO - Filling up the DagBag from /home/airflow/.local/lib/python3.7/site-packages/airflow/example_dags/example_task_group.py
[2023-05-05T10:13:51.737+0000] {processor.py:809} INFO - DAG(s) dict_keys(['example_task_group']) retrieved from /home/airflow/.local/lib/python3.7/site-packages/airflow/example_dags/example_task_group.py
[2023-05-05T10:13:51.769+0000] {logging_mixin.py:149} INFO - [2023-05-05T10:13:51.769+0000] {dag.py:2726} INFO - Sync 1 DAGs
[2023-05-05T10:13:51.800+0000] {logging_mixin.py:149} INFO - [2023-05-05T10:13:51.800+0000] {dag.py:3490} INFO - Setting next_dagrun for example_task_group to 2023-05-04T10:13:51.800368+00:00, run_after=2023-05-05T10:13:51.800368+00:00
[2023-05-05T10:13:51.822+0000] {processor.py:178} INFO - Processing /home/airflow/.local/lib/python3.7/site-packages/airflow/example_dags/example_task_group.py took 0.104 seconds
[2023-05-05T10:14:22.797+0000] {processor.py:156} INFO - Started process (PID=388) to work on /home/airflow/.local/lib/python3.7/site-packages/airflow/example_dags/example_task_group.py
[2023-05-05T10:14:22.800+0000] {processor.py:799} INFO - Processing file /home/airflow/.local/lib/python3.7/site-packages/airflow/example_dags/example_task_group.py for tasks to queue
[2023-05-05T10:14:22.802+0000] {logging_mixin.py:149} INFO - [2023-05-05T10:14:22.802+0000] {dagbag.py:541} INFO - Filling up the DagBag from /home/airflow/.local/lib/python3.7/site-packages/airflow/example_dags/example_task_group.py
[2023-05-05T10:14:22.815+0000] {processor.py:809} INFO - DAG(s) dict_keys(['example_task_group']) retrieved from /home/airflow/.local/lib/python3.7/site-packages/airflow/example_dags/example_task_group.py
[2023-05-05T10:14:22.856+0000] {logging_mixin.py:149} INFO - [2023-05-05T10:14:22.856+0000] {dag.py:2726} INFO - Sync 1 DAGs
[2023-05-05T10:14:22.906+0000] {logging_mixin.py:149} INFO - [2023-05-05T10:14:22.905+0000] {dag.py:3490} INFO - Setting next_dagrun for example_task_group to 2023-05-04T10:14:22.904470+00:00, run_after=2023-05-05T10:14:22.904470+00:00
[2023-05-05T10:14:22.938+0000] {processor.py:178} INFO - Processing /home/airflow/.local/lib/python3.7/site-packages/airflow/example_dags/example_task_group.py took 0.145 seconds
[2023-05-05T10:14:53.573+0000] {processor.py:156} INFO - Started process (PID=452) to work on /home/airflow/.local/lib/python3.7/site-packages/airflow/example_dags/example_task_group.py
[2023-05-05T10:14:53.577+0000] {processor.py:799} INFO - Processing file /home/airflow/.local/lib/python3.7/site-packages/airflow/example_dags/example_task_group.py for tasks to queue
[2023-05-05T10:14:53.579+0000] {logging_mixin.py:149} INFO - [2023-05-05T10:14:53.579+0000] {dagbag.py:541} INFO - Filling up the DagBag from /home/airflow/.local/lib/python3.7/site-packages/airflow/example_dags/example_task_group.py
[2023-05-05T10:14:53.591+0000] {processor.py:809} INFO - DAG(s) dict_keys(['example_task_group']) retrieved from /home/airflow/.local/lib/python3.7/site-packages/airflow/example_dags/example_task_group.py
[2023-05-05T10:14:53.629+0000] {logging_mixin.py:149} INFO - [2023-05-05T10:14:53.628+0000] {dag.py:2726} INFO - Sync 1 DAGs
[2023-05-05T10:14:53.673+0000] {logging_mixin.py:149} INFO - [2023-05-05T10:14:53.673+0000] {dag.py:3490} INFO - Setting next_dagrun for example_task_group to 2023-05-04T10:14:53.673003+00:00, run_after=2023-05-05T10:14:53.673003+00:00
[2023-05-05T10:14:53.704+0000] {processor.py:178} INFO - Processing /home/airflow/.local/lib/python3.7/site-packages/airflow/example_dags/example_task_group.py took 0.137 seconds
[2023-05-05T10:15:24.750+0000] {processor.py:156} INFO - Started process (PID=516) to work on /home/airflow/.local/lib/python3.7/site-packages/airflow/example_dags/example_task_group.py
[2023-05-05T10:15:24.758+0000] {processor.py:799} INFO - Processing file /home/airflow/.local/lib/python3.7/site-packages/airflow/example_dags/example_task_group.py for tasks to queue
[2023-05-05T10:15:24.761+0000] {logging_mixin.py:149} INFO - [2023-05-05T10:15:24.761+0000] {dagbag.py:541} INFO - Filling up the DagBag from /home/airflow/.local/lib/python3.7/site-packages/airflow/example_dags/example_task_group.py
[2023-05-05T10:15:24.787+0000] {processor.py:809} INFO - DAG(s) dict_keys(['example_task_group']) retrieved from /home/airflow/.local/lib/python3.7/site-packages/airflow/example_dags/example_task_group.py
[2023-05-05T10:15:24.851+0000] {logging_mixin.py:149} INFO - [2023-05-05T10:15:24.851+0000] {dag.py:2726} INFO - Sync 1 DAGs
[2023-05-05T10:15:24.895+0000] {logging_mixin.py:149} INFO - [2023-05-05T10:15:24.894+0000] {dag.py:3490} INFO - Setting next_dagrun for example_task_group to 2023-05-04T10:15:24.894468+00:00, run_after=2023-05-05T10:15:24.894468+00:00
[2023-05-05T10:15:24.933+0000] {processor.py:178} INFO - Processing /home/airflow/.local/lib/python3.7/site-packages/airflow/example_dags/example_task_group.py took 0.194 seconds
[2023-05-05T10:15:55.215+0000] {processor.py:156} INFO - Started process (PID=580) to work on /home/airflow/.local/lib/python3.7/site-packages/airflow/example_dags/example_task_group.py
[2023-05-05T10:15:55.218+0000] {processor.py:799} INFO - Processing file /home/airflow/.local/lib/python3.7/site-packages/airflow/example_dags/example_task_group.py for tasks to queue
[2023-05-05T10:15:55.221+0000] {logging_mixin.py:149} INFO - [2023-05-05T10:15:55.221+0000] {dagbag.py:541} INFO - Filling up the DagBag from /home/airflow/.local/lib/python3.7/site-packages/airflow/example_dags/example_task_group.py
[2023-05-05T10:15:55.239+0000] {processor.py:809} INFO - DAG(s) dict_keys(['example_task_group']) retrieved from /home/airflow/.local/lib/python3.7/site-packages/airflow/example_dags/example_task_group.py
[2023-05-05T10:15:55.307+0000] {logging_mixin.py:149} INFO - [2023-05-05T10:15:55.306+0000] {dag.py:2726} INFO - Sync 1 DAGs
[2023-05-05T10:15:55.359+0000] {logging_mixin.py:149} INFO - [2023-05-05T10:15:55.359+0000] {dag.py:3490} INFO - Setting next_dagrun for example_task_group to 2023-05-04T10:15:55.357997+00:00, run_after=2023-05-05T10:15:55.357997+00:00
[2023-05-05T10:15:55.394+0000] {processor.py:178} INFO - Processing /home/airflow/.local/lib/python3.7/site-packages/airflow/example_dags/example_task_group.py took 0.186 seconds
[2023-05-05T10:16:25.652+0000] {processor.py:156} INFO - Started process (PID=644) to work on /home/airflow/.local/lib/python3.7/site-packages/airflow/example_dags/example_task_group.py
[2023-05-05T10:16:25.656+0000] {processor.py:799} INFO - Processing file /home/airflow/.local/lib/python3.7/site-packages/airflow/example_dags/example_task_group.py for tasks to queue
[2023-05-05T10:16:25.658+0000] {logging_mixin.py:149} INFO - [2023-05-05T10:16:25.657+0000] {dagbag.py:541} INFO - Filling up the DagBag from /home/airflow/.local/lib/python3.7/site-packages/airflow/example_dags/example_task_group.py
[2023-05-05T10:16:25.671+0000] {processor.py:809} INFO - DAG(s) dict_keys(['example_task_group']) retrieved from /home/airflow/.local/lib/python3.7/site-packages/airflow/example_dags/example_task_group.py
[2023-05-05T10:16:25.709+0000] {logging_mixin.py:149} INFO - [2023-05-05T10:16:25.709+0000] {dag.py:2726} INFO - Sync 1 DAGs
[2023-05-05T10:16:25.745+0000] {logging_mixin.py:149} INFO - [2023-05-05T10:16:25.745+0000] {dag.py:3490} INFO - Setting next_dagrun for example_task_group to 2023-05-04T10:16:25.744812+00:00, run_after=2023-05-05T10:16:25.744812+00:00
[2023-05-05T10:16:25.775+0000] {processor.py:178} INFO - Processing /home/airflow/.local/lib/python3.7/site-packages/airflow/example_dags/example_task_group.py took 0.128 seconds
[2023-05-05T10:16:56.825+0000] {processor.py:156} INFO - Started process (PID=708) to work on /home/airflow/.local/lib/python3.7/site-packages/airflow/example_dags/example_task_group.py
[2023-05-05T10:16:56.838+0000] {processor.py:799} INFO - Processing file /home/airflow/.local/lib/python3.7/site-packages/airflow/example_dags/example_task_group.py for tasks to queue
[2023-05-05T10:16:56.845+0000] {logging_mixin.py:149} INFO - [2023-05-05T10:16:56.844+0000] {dagbag.py:541} INFO - Filling up the DagBag from /home/airflow/.local/lib/python3.7/site-packages/airflow/example_dags/example_task_group.py
[2023-05-05T10:16:56.877+0000] {processor.py:809} INFO - DAG(s) dict_keys(['example_task_group']) retrieved from /home/airflow/.local/lib/python3.7/site-packages/airflow/example_dags/example_task_group.py
[2023-05-05T10:16:56.995+0000] {logging_mixin.py:149} INFO - [2023-05-05T10:16:56.994+0000] {dag.py:2726} INFO - Sync 1 DAGs
[2023-05-05T10:16:57.137+0000] {logging_mixin.py:149} INFO - [2023-05-05T10:16:57.137+0000] {dag.py:3490} INFO - Setting next_dagrun for example_task_group to 2023-05-04T10:16:57.135853+00:00, run_after=2023-05-05T10:16:57.135853+00:00
[2023-05-05T10:16:57.286+0000] {processor.py:178} INFO - Processing /home/airflow/.local/lib/python3.7/site-packages/airflow/example_dags/example_task_group.py took 0.505 seconds
