[2023-05-05T10:11:49.624+0000] {processor.py:156} INFO - Started process (PID=62) to work on /home/airflow/.local/lib/python3.7/site-packages/airflow/example_dags/example_complex.py
[2023-05-05T10:11:49.626+0000] {processor.py:799} INFO - Processing file /home/airflow/.local/lib/python3.7/site-packages/airflow/example_dags/example_complex.py for tasks to queue
[2023-05-05T10:11:49.629+0000] {logging_mixin.py:149} INFO - [2023-05-05T10:11:49.629+0000] {dagbag.py:541} INFO - Filling up the DagBag from /home/airflow/.local/lib/python3.7/site-packages/airflow/example_dags/example_complex.py
[2023-05-05T10:11:49.649+0000] {logging_mixin.py:149} INFO - [2023-05-05T10:11:49.649+0000] {taskmixin.py:211} WARNING - Dependency <Task(BashOperator): create_entry_group>, delete_entry_group already registered for DAG: example_complex
[2023-05-05T10:11:49.651+0000] {logging_mixin.py:149} INFO - [2023-05-05T10:11:49.651+0000] {taskmixin.py:211} WARNING - Dependency <Task(BashOperator): delete_entry_group>, create_entry_group already registered for DAG: example_complex
[2023-05-05T10:11:49.653+0000] {logging_mixin.py:149} INFO - [2023-05-05T10:11:49.653+0000] {taskmixin.py:211} WARNING - Dependency <Task(BashOperator): create_entry_gcs>, delete_entry already registered for DAG: example_complex
[2023-05-05T10:11:49.655+0000] {logging_mixin.py:149} INFO - [2023-05-05T10:11:49.655+0000] {taskmixin.py:211} WARNING - Dependency <Task(BashOperator): delete_entry>, create_entry_gcs already registered for DAG: example_complex
[2023-05-05T10:11:49.657+0000] {logging_mixin.py:149} INFO - [2023-05-05T10:11:49.656+0000] {taskmixin.py:211} WARNING - Dependency <Task(BashOperator): create_tag>, delete_tag already registered for DAG: example_complex
[2023-05-05T10:11:49.658+0000] {logging_mixin.py:149} INFO - [2023-05-05T10:11:49.658+0000] {taskmixin.py:211} WARNING - Dependency <Task(BashOperator): delete_tag>, create_tag already registered for DAG: example_complex
[2023-05-05T10:11:49.662+0000] {processor.py:809} INFO - DAG(s) dict_keys(['example_complex']) retrieved from /home/airflow/.local/lib/python3.7/site-packages/airflow/example_dags/example_complex.py
[2023-05-05T10:11:49.725+0000] {logging_mixin.py:149} INFO - [2023-05-05T10:11:49.725+0000] {dag.py:2726} INFO - Sync 1 DAGs
[2023-05-05T10:11:49.770+0000] {logging_mixin.py:149} INFO - [2023-05-05T10:11:49.770+0000] {dag.py:3490} INFO - Setting next_dagrun for example_complex to None, run_after=None
[2023-05-05T10:11:49.811+0000] {processor.py:178} INFO - Processing /home/airflow/.local/lib/python3.7/site-packages/airflow/example_dags/example_complex.py took 0.193 seconds
[2023-05-05T10:12:20.398+0000] {processor.py:156} INFO - Started process (PID=126) to work on /home/airflow/.local/lib/python3.7/site-packages/airflow/example_dags/example_complex.py
[2023-05-05T10:12:20.401+0000] {processor.py:799} INFO - Processing file /home/airflow/.local/lib/python3.7/site-packages/airflow/example_dags/example_complex.py for tasks to queue
[2023-05-05T10:12:20.404+0000] {logging_mixin.py:149} INFO - [2023-05-05T10:12:20.404+0000] {dagbag.py:541} INFO - Filling up the DagBag from /home/airflow/.local/lib/python3.7/site-packages/airflow/example_dags/example_complex.py
[2023-05-05T10:12:20.495+0000] {logging_mixin.py:149} INFO - [2023-05-05T10:12:20.494+0000] {taskmixin.py:211} WARNING - Dependency <Task(BashOperator): create_entry_group>, delete_entry_group already registered for DAG: example_complex
[2023-05-05T10:12:20.496+0000] {logging_mixin.py:149} INFO - [2023-05-05T10:12:20.496+0000] {taskmixin.py:211} WARNING - Dependency <Task(BashOperator): delete_entry_group>, create_entry_group already registered for DAG: example_complex
[2023-05-05T10:12:20.498+0000] {logging_mixin.py:149} INFO - [2023-05-05T10:12:20.498+0000] {taskmixin.py:211} WARNING - Dependency <Task(BashOperator): create_entry_gcs>, delete_entry already registered for DAG: example_complex
[2023-05-05T10:12:20.499+0000] {logging_mixin.py:149} INFO - [2023-05-05T10:12:20.499+0000] {taskmixin.py:211} WARNING - Dependency <Task(BashOperator): delete_entry>, create_entry_gcs already registered for DAG: example_complex
[2023-05-05T10:12:20.501+0000] {logging_mixin.py:149} INFO - [2023-05-05T10:12:20.501+0000] {taskmixin.py:211} WARNING - Dependency <Task(BashOperator): create_tag>, delete_tag already registered for DAG: example_complex
[2023-05-05T10:12:20.502+0000] {logging_mixin.py:149} INFO - [2023-05-05T10:12:20.502+0000] {taskmixin.py:211} WARNING - Dependency <Task(BashOperator): delete_tag>, create_tag already registered for DAG: example_complex
[2023-05-05T10:12:20.505+0000] {processor.py:809} INFO - DAG(s) dict_keys(['example_complex']) retrieved from /home/airflow/.local/lib/python3.7/site-packages/airflow/example_dags/example_complex.py
[2023-05-05T10:12:20.547+0000] {logging_mixin.py:149} INFO - [2023-05-05T10:12:20.546+0000] {dag.py:2726} INFO - Sync 1 DAGs
[2023-05-05T10:12:20.580+0000] {logging_mixin.py:149} INFO - [2023-05-05T10:12:20.579+0000] {dag.py:3490} INFO - Setting next_dagrun for example_complex to None, run_after=None
[2023-05-05T10:12:20.604+0000] {processor.py:178} INFO - Processing /home/airflow/.local/lib/python3.7/site-packages/airflow/example_dags/example_complex.py took 0.211 seconds
[2023-05-05T10:12:50.754+0000] {processor.py:156} INFO - Started process (PID=190) to work on /home/airflow/.local/lib/python3.7/site-packages/airflow/example_dags/example_complex.py
[2023-05-05T10:12:50.757+0000] {processor.py:799} INFO - Processing file /home/airflow/.local/lib/python3.7/site-packages/airflow/example_dags/example_complex.py for tasks to queue
[2023-05-05T10:12:50.758+0000] {logging_mixin.py:149} INFO - [2023-05-05T10:12:50.758+0000] {dagbag.py:541} INFO - Filling up the DagBag from /home/airflow/.local/lib/python3.7/site-packages/airflow/example_dags/example_complex.py
[2023-05-05T10:12:50.776+0000] {logging_mixin.py:149} INFO - [2023-05-05T10:12:50.775+0000] {taskmixin.py:211} WARNING - Dependency <Task(BashOperator): create_entry_group>, delete_entry_group already registered for DAG: example_complex
[2023-05-05T10:12:50.777+0000] {logging_mixin.py:149} INFO - [2023-05-05T10:12:50.777+0000] {taskmixin.py:211} WARNING - Dependency <Task(BashOperator): delete_entry_group>, create_entry_group already registered for DAG: example_complex
[2023-05-05T10:12:50.778+0000] {logging_mixin.py:149} INFO - [2023-05-05T10:12:50.778+0000] {taskmixin.py:211} WARNING - Dependency <Task(BashOperator): create_entry_gcs>, delete_entry already registered for DAG: example_complex
[2023-05-05T10:12:50.780+0000] {logging_mixin.py:149} INFO - [2023-05-05T10:12:50.780+0000] {taskmixin.py:211} WARNING - Dependency <Task(BashOperator): delete_entry>, create_entry_gcs already registered for DAG: example_complex
[2023-05-05T10:12:50.781+0000] {logging_mixin.py:149} INFO - [2023-05-05T10:12:50.781+0000] {taskmixin.py:211} WARNING - Dependency <Task(BashOperator): create_tag>, delete_tag already registered for DAG: example_complex
[2023-05-05T10:12:50.782+0000] {logging_mixin.py:149} INFO - [2023-05-05T10:12:50.782+0000] {taskmixin.py:211} WARNING - Dependency <Task(BashOperator): delete_tag>, create_tag already registered for DAG: example_complex
[2023-05-05T10:12:50.785+0000] {processor.py:809} INFO - DAG(s) dict_keys(['example_complex']) retrieved from /home/airflow/.local/lib/python3.7/site-packages/airflow/example_dags/example_complex.py
[2023-05-05T10:12:50.829+0000] {logging_mixin.py:149} INFO - [2023-05-05T10:12:50.829+0000] {dag.py:2726} INFO - Sync 1 DAGs
[2023-05-05T10:12:50.862+0000] {logging_mixin.py:149} INFO - [2023-05-05T10:12:50.861+0000] {dag.py:3490} INFO - Setting next_dagrun for example_complex to None, run_after=None
[2023-05-05T10:12:50.883+0000] {processor.py:178} INFO - Processing /home/airflow/.local/lib/python3.7/site-packages/airflow/example_dags/example_complex.py took 0.133 seconds
[2023-05-05T10:13:21.016+0000] {processor.py:156} INFO - Started process (PID=254) to work on /home/airflow/.local/lib/python3.7/site-packages/airflow/example_dags/example_complex.py
[2023-05-05T10:13:21.018+0000] {processor.py:799} INFO - Processing file /home/airflow/.local/lib/python3.7/site-packages/airflow/example_dags/example_complex.py for tasks to queue
[2023-05-05T10:13:21.021+0000] {logging_mixin.py:149} INFO - [2023-05-05T10:13:21.021+0000] {dagbag.py:541} INFO - Filling up the DagBag from /home/airflow/.local/lib/python3.7/site-packages/airflow/example_dags/example_complex.py
[2023-05-05T10:13:21.033+0000] {logging_mixin.py:149} INFO - [2023-05-05T10:13:21.033+0000] {taskmixin.py:211} WARNING - Dependency <Task(BashOperator): create_entry_group>, delete_entry_group already registered for DAG: example_complex
[2023-05-05T10:13:21.035+0000] {logging_mixin.py:149} INFO - [2023-05-05T10:13:21.035+0000] {taskmixin.py:211} WARNING - Dependency <Task(BashOperator): delete_entry_group>, create_entry_group already registered for DAG: example_complex
[2023-05-05T10:13:21.036+0000] {logging_mixin.py:149} INFO - [2023-05-05T10:13:21.036+0000] {taskmixin.py:211} WARNING - Dependency <Task(BashOperator): create_entry_gcs>, delete_entry already registered for DAG: example_complex
[2023-05-05T10:13:21.037+0000] {logging_mixin.py:149} INFO - [2023-05-05T10:13:21.037+0000] {taskmixin.py:211} WARNING - Dependency <Task(BashOperator): delete_entry>, create_entry_gcs already registered for DAG: example_complex
[2023-05-05T10:13:21.038+0000] {logging_mixin.py:149} INFO - [2023-05-05T10:13:21.038+0000] {taskmixin.py:211} WARNING - Dependency <Task(BashOperator): create_tag>, delete_tag already registered for DAG: example_complex
[2023-05-05T10:13:21.039+0000] {logging_mixin.py:149} INFO - [2023-05-05T10:13:21.039+0000] {taskmixin.py:211} WARNING - Dependency <Task(BashOperator): delete_tag>, create_tag already registered for DAG: example_complex
[2023-05-05T10:13:21.042+0000] {processor.py:809} INFO - DAG(s) dict_keys(['example_complex']) retrieved from /home/airflow/.local/lib/python3.7/site-packages/airflow/example_dags/example_complex.py
[2023-05-05T10:13:21.083+0000] {logging_mixin.py:149} INFO - [2023-05-05T10:13:21.082+0000] {dag.py:2726} INFO - Sync 1 DAGs
[2023-05-05T10:13:21.115+0000] {logging_mixin.py:149} INFO - [2023-05-05T10:13:21.114+0000] {dag.py:3490} INFO - Setting next_dagrun for example_complex to None, run_after=None
[2023-05-05T10:13:21.166+0000] {processor.py:178} INFO - Processing /home/airflow/.local/lib/python3.7/site-packages/airflow/example_dags/example_complex.py took 0.155 seconds
[2023-05-05T10:13:51.284+0000] {processor.py:156} INFO - Started process (PID=318) to work on /home/airflow/.local/lib/python3.7/site-packages/airflow/example_dags/example_complex.py
[2023-05-05T10:13:51.286+0000] {processor.py:799} INFO - Processing file /home/airflow/.local/lib/python3.7/site-packages/airflow/example_dags/example_complex.py for tasks to queue
[2023-05-05T10:13:51.288+0000] {logging_mixin.py:149} INFO - [2023-05-05T10:13:51.288+0000] {dagbag.py:541} INFO - Filling up the DagBag from /home/airflow/.local/lib/python3.7/site-packages/airflow/example_dags/example_complex.py
[2023-05-05T10:13:51.300+0000] {logging_mixin.py:149} INFO - [2023-05-05T10:13:51.300+0000] {taskmixin.py:211} WARNING - Dependency <Task(BashOperator): create_entry_group>, delete_entry_group already registered for DAG: example_complex
[2023-05-05T10:13:51.301+0000] {logging_mixin.py:149} INFO - [2023-05-05T10:13:51.301+0000] {taskmixin.py:211} WARNING - Dependency <Task(BashOperator): delete_entry_group>, create_entry_group already registered for DAG: example_complex
[2023-05-05T10:13:51.302+0000] {logging_mixin.py:149} INFO - [2023-05-05T10:13:51.302+0000] {taskmixin.py:211} WARNING - Dependency <Task(BashOperator): create_entry_gcs>, delete_entry already registered for DAG: example_complex
[2023-05-05T10:13:51.304+0000] {logging_mixin.py:149} INFO - [2023-05-05T10:13:51.303+0000] {taskmixin.py:211} WARNING - Dependency <Task(BashOperator): delete_entry>, create_entry_gcs already registered for DAG: example_complex
[2023-05-05T10:13:51.305+0000] {logging_mixin.py:149} INFO - [2023-05-05T10:13:51.305+0000] {taskmixin.py:211} WARNING - Dependency <Task(BashOperator): create_tag>, delete_tag already registered for DAG: example_complex
[2023-05-05T10:13:51.306+0000] {logging_mixin.py:149} INFO - [2023-05-05T10:13:51.306+0000] {taskmixin.py:211} WARNING - Dependency <Task(BashOperator): delete_tag>, create_tag already registered for DAG: example_complex
[2023-05-05T10:13:51.309+0000] {processor.py:809} INFO - DAG(s) dict_keys(['example_complex']) retrieved from /home/airflow/.local/lib/python3.7/site-packages/airflow/example_dags/example_complex.py
[2023-05-05T10:13:51.374+0000] {logging_mixin.py:149} INFO - [2023-05-05T10:13:51.374+0000] {dag.py:2726} INFO - Sync 1 DAGs
[2023-05-05T10:13:51.406+0000] {logging_mixin.py:149} INFO - [2023-05-05T10:13:51.406+0000] {dag.py:3490} INFO - Setting next_dagrun for example_complex to None, run_after=None
[2023-05-05T10:13:51.428+0000] {processor.py:178} INFO - Processing /home/airflow/.local/lib/python3.7/site-packages/airflow/example_dags/example_complex.py took 0.148 seconds
[2023-05-05T10:14:22.304+0000] {processor.py:156} INFO - Started process (PID=382) to work on /home/airflow/.local/lib/python3.7/site-packages/airflow/example_dags/example_complex.py
[2023-05-05T10:14:22.306+0000] {processor.py:799} INFO - Processing file /home/airflow/.local/lib/python3.7/site-packages/airflow/example_dags/example_complex.py for tasks to queue
[2023-05-05T10:14:22.308+0000] {logging_mixin.py:149} INFO - [2023-05-05T10:14:22.307+0000] {dagbag.py:541} INFO - Filling up the DagBag from /home/airflow/.local/lib/python3.7/site-packages/airflow/example_dags/example_complex.py
[2023-05-05T10:14:22.322+0000] {logging_mixin.py:149} INFO - [2023-05-05T10:14:22.321+0000] {taskmixin.py:211} WARNING - Dependency <Task(BashOperator): create_entry_group>, delete_entry_group already registered for DAG: example_complex
[2023-05-05T10:14:22.323+0000] {logging_mixin.py:149} INFO - [2023-05-05T10:14:22.323+0000] {taskmixin.py:211} WARNING - Dependency <Task(BashOperator): delete_entry_group>, create_entry_group already registered for DAG: example_complex
[2023-05-05T10:14:22.324+0000] {logging_mixin.py:149} INFO - [2023-05-05T10:14:22.324+0000] {taskmixin.py:211} WARNING - Dependency <Task(BashOperator): create_entry_gcs>, delete_entry already registered for DAG: example_complex
[2023-05-05T10:14:22.325+0000] {logging_mixin.py:149} INFO - [2023-05-05T10:14:22.325+0000] {taskmixin.py:211} WARNING - Dependency <Task(BashOperator): delete_entry>, create_entry_gcs already registered for DAG: example_complex
[2023-05-05T10:14:22.327+0000] {logging_mixin.py:149} INFO - [2023-05-05T10:14:22.327+0000] {taskmixin.py:211} WARNING - Dependency <Task(BashOperator): create_tag>, delete_tag already registered for DAG: example_complex
[2023-05-05T10:14:22.328+0000] {logging_mixin.py:149} INFO - [2023-05-05T10:14:22.328+0000] {taskmixin.py:211} WARNING - Dependency <Task(BashOperator): delete_tag>, create_tag already registered for DAG: example_complex
[2023-05-05T10:14:22.331+0000] {processor.py:809} INFO - DAG(s) dict_keys(['example_complex']) retrieved from /home/airflow/.local/lib/python3.7/site-packages/airflow/example_dags/example_complex.py
[2023-05-05T10:14:22.373+0000] {logging_mixin.py:149} INFO - [2023-05-05T10:14:22.373+0000] {dag.py:2726} INFO - Sync 1 DAGs
[2023-05-05T10:14:22.411+0000] {logging_mixin.py:149} INFO - [2023-05-05T10:14:22.410+0000] {dag.py:3490} INFO - Setting next_dagrun for example_complex to None, run_after=None
[2023-05-05T10:14:22.437+0000] {processor.py:178} INFO - Processing /home/airflow/.local/lib/python3.7/site-packages/airflow/example_dags/example_complex.py took 0.138 seconds
[2023-05-05T10:14:53.068+0000] {processor.py:156} INFO - Started process (PID=446) to work on /home/airflow/.local/lib/python3.7/site-packages/airflow/example_dags/example_complex.py
[2023-05-05T10:14:53.071+0000] {processor.py:799} INFO - Processing file /home/airflow/.local/lib/python3.7/site-packages/airflow/example_dags/example_complex.py for tasks to queue
[2023-05-05T10:14:53.073+0000] {logging_mixin.py:149} INFO - [2023-05-05T10:14:53.073+0000] {dagbag.py:541} INFO - Filling up the DagBag from /home/airflow/.local/lib/python3.7/site-packages/airflow/example_dags/example_complex.py
[2023-05-05T10:14:53.092+0000] {logging_mixin.py:149} INFO - [2023-05-05T10:14:53.092+0000] {taskmixin.py:211} WARNING - Dependency <Task(BashOperator): create_entry_group>, delete_entry_group already registered for DAG: example_complex
[2023-05-05T10:14:53.094+0000] {logging_mixin.py:149} INFO - [2023-05-05T10:14:53.093+0000] {taskmixin.py:211} WARNING - Dependency <Task(BashOperator): delete_entry_group>, create_entry_group already registered for DAG: example_complex
[2023-05-05T10:14:53.095+0000] {logging_mixin.py:149} INFO - [2023-05-05T10:14:53.095+0000] {taskmixin.py:211} WARNING - Dependency <Task(BashOperator): create_entry_gcs>, delete_entry already registered for DAG: example_complex
[2023-05-05T10:14:53.097+0000] {logging_mixin.py:149} INFO - [2023-05-05T10:14:53.096+0000] {taskmixin.py:211} WARNING - Dependency <Task(BashOperator): delete_entry>, create_entry_gcs already registered for DAG: example_complex
[2023-05-05T10:14:53.098+0000] {logging_mixin.py:149} INFO - [2023-05-05T10:14:53.098+0000] {taskmixin.py:211} WARNING - Dependency <Task(BashOperator): create_tag>, delete_tag already registered for DAG: example_complex
[2023-05-05T10:14:53.099+0000] {logging_mixin.py:149} INFO - [2023-05-05T10:14:53.099+0000] {taskmixin.py:211} WARNING - Dependency <Task(BashOperator): delete_tag>, create_tag already registered for DAG: example_complex
[2023-05-05T10:14:53.102+0000] {processor.py:809} INFO - DAG(s) dict_keys(['example_complex']) retrieved from /home/airflow/.local/lib/python3.7/site-packages/airflow/example_dags/example_complex.py
[2023-05-05T10:14:53.153+0000] {logging_mixin.py:149} INFO - [2023-05-05T10:14:53.153+0000] {dag.py:2726} INFO - Sync 1 DAGs
[2023-05-05T10:14:53.190+0000] {logging_mixin.py:149} INFO - [2023-05-05T10:14:53.190+0000] {dag.py:3490} INFO - Setting next_dagrun for example_complex to None, run_after=None
[2023-05-05T10:14:53.217+0000] {processor.py:178} INFO - Processing /home/airflow/.local/lib/python3.7/site-packages/airflow/example_dags/example_complex.py took 0.155 seconds
[2023-05-05T10:15:23.932+0000] {processor.py:156} INFO - Started process (PID=510) to work on /home/airflow/.local/lib/python3.7/site-packages/airflow/example_dags/example_complex.py
[2023-05-05T10:15:23.935+0000] {processor.py:799} INFO - Processing file /home/airflow/.local/lib/python3.7/site-packages/airflow/example_dags/example_complex.py for tasks to queue
[2023-05-05T10:15:23.937+0000] {logging_mixin.py:149} INFO - [2023-05-05T10:15:23.937+0000] {dagbag.py:541} INFO - Filling up the DagBag from /home/airflow/.local/lib/python3.7/site-packages/airflow/example_dags/example_complex.py
[2023-05-05T10:15:23.958+0000] {logging_mixin.py:149} INFO - [2023-05-05T10:15:23.958+0000] {taskmixin.py:211} WARNING - Dependency <Task(BashOperator): create_entry_group>, delete_entry_group already registered for DAG: example_complex
[2023-05-05T10:15:23.960+0000] {logging_mixin.py:149} INFO - [2023-05-05T10:15:23.960+0000] {taskmixin.py:211} WARNING - Dependency <Task(BashOperator): delete_entry_group>, create_entry_group already registered for DAG: example_complex
[2023-05-05T10:15:23.962+0000] {logging_mixin.py:149} INFO - [2023-05-05T10:15:23.962+0000] {taskmixin.py:211} WARNING - Dependency <Task(BashOperator): create_entry_gcs>, delete_entry already registered for DAG: example_complex
[2023-05-05T10:15:23.964+0000] {logging_mixin.py:149} INFO - [2023-05-05T10:15:23.963+0000] {taskmixin.py:211} WARNING - Dependency <Task(BashOperator): delete_entry>, create_entry_gcs already registered for DAG: example_complex
[2023-05-05T10:15:23.966+0000] {logging_mixin.py:149} INFO - [2023-05-05T10:15:23.965+0000] {taskmixin.py:211} WARNING - Dependency <Task(BashOperator): create_tag>, delete_tag already registered for DAG: example_complex
[2023-05-05T10:15:23.967+0000] {logging_mixin.py:149} INFO - [2023-05-05T10:15:23.967+0000] {taskmixin.py:211} WARNING - Dependency <Task(BashOperator): delete_tag>, create_tag already registered for DAG: example_complex
[2023-05-05T10:15:23.973+0000] {processor.py:809} INFO - DAG(s) dict_keys(['example_complex']) retrieved from /home/airflow/.local/lib/python3.7/site-packages/airflow/example_dags/example_complex.py
[2023-05-05T10:15:24.036+0000] {logging_mixin.py:149} INFO - [2023-05-05T10:15:24.035+0000] {dag.py:2726} INFO - Sync 1 DAGs
[2023-05-05T10:15:24.081+0000] {logging_mixin.py:149} INFO - [2023-05-05T10:15:24.080+0000] {dag.py:3490} INFO - Setting next_dagrun for example_complex to None, run_after=None
[2023-05-05T10:15:24.111+0000] {processor.py:178} INFO - Processing /home/airflow/.local/lib/python3.7/site-packages/airflow/example_dags/example_complex.py took 0.184 seconds
[2023-05-05T10:15:54.318+0000] {processor.py:156} INFO - Started process (PID=574) to work on /home/airflow/.local/lib/python3.7/site-packages/airflow/example_dags/example_complex.py
[2023-05-05T10:15:54.321+0000] {processor.py:799} INFO - Processing file /home/airflow/.local/lib/python3.7/site-packages/airflow/example_dags/example_complex.py for tasks to queue
[2023-05-05T10:15:54.322+0000] {logging_mixin.py:149} INFO - [2023-05-05T10:15:54.322+0000] {dagbag.py:541} INFO - Filling up the DagBag from /home/airflow/.local/lib/python3.7/site-packages/airflow/example_dags/example_complex.py
[2023-05-05T10:15:54.339+0000] {logging_mixin.py:149} INFO - [2023-05-05T10:15:54.339+0000] {taskmixin.py:211} WARNING - Dependency <Task(BashOperator): create_entry_group>, delete_entry_group already registered for DAG: example_complex
[2023-05-05T10:15:54.341+0000] {logging_mixin.py:149} INFO - [2023-05-05T10:15:54.341+0000] {taskmixin.py:211} WARNING - Dependency <Task(BashOperator): delete_entry_group>, create_entry_group already registered for DAG: example_complex
[2023-05-05T10:15:54.343+0000] {logging_mixin.py:149} INFO - [2023-05-05T10:15:54.343+0000] {taskmixin.py:211} WARNING - Dependency <Task(BashOperator): create_entry_gcs>, delete_entry already registered for DAG: example_complex
[2023-05-05T10:15:54.345+0000] {logging_mixin.py:149} INFO - [2023-05-05T10:15:54.345+0000] {taskmixin.py:211} WARNING - Dependency <Task(BashOperator): delete_entry>, create_entry_gcs already registered for DAG: example_complex
[2023-05-05T10:15:54.348+0000] {logging_mixin.py:149} INFO - [2023-05-05T10:15:54.348+0000] {taskmixin.py:211} WARNING - Dependency <Task(BashOperator): create_tag>, delete_tag already registered for DAG: example_complex
[2023-05-05T10:15:54.350+0000] {logging_mixin.py:149} INFO - [2023-05-05T10:15:54.350+0000] {taskmixin.py:211} WARNING - Dependency <Task(BashOperator): delete_tag>, create_tag already registered for DAG: example_complex
[2023-05-05T10:15:54.355+0000] {processor.py:809} INFO - DAG(s) dict_keys(['example_complex']) retrieved from /home/airflow/.local/lib/python3.7/site-packages/airflow/example_dags/example_complex.py
[2023-05-05T10:15:54.416+0000] {logging_mixin.py:149} INFO - [2023-05-05T10:15:54.416+0000] {dag.py:2726} INFO - Sync 1 DAGs
[2023-05-05T10:15:54.458+0000] {logging_mixin.py:149} INFO - [2023-05-05T10:15:54.458+0000] {dag.py:3490} INFO - Setting next_dagrun for example_complex to None, run_after=None
[2023-05-05T10:15:54.491+0000] {processor.py:178} INFO - Processing /home/airflow/.local/lib/python3.7/site-packages/airflow/example_dags/example_complex.py took 0.179 seconds
[2023-05-05T10:16:24.824+0000] {processor.py:156} INFO - Started process (PID=638) to work on /home/airflow/.local/lib/python3.7/site-packages/airflow/example_dags/example_complex.py
[2023-05-05T10:16:24.827+0000] {processor.py:799} INFO - Processing file /home/airflow/.local/lib/python3.7/site-packages/airflow/example_dags/example_complex.py for tasks to queue
[2023-05-05T10:16:24.829+0000] {logging_mixin.py:149} INFO - [2023-05-05T10:16:24.829+0000] {dagbag.py:541} INFO - Filling up the DagBag from /home/airflow/.local/lib/python3.7/site-packages/airflow/example_dags/example_complex.py
[2023-05-05T10:16:24.846+0000] {logging_mixin.py:149} INFO - [2023-05-05T10:16:24.845+0000] {taskmixin.py:211} WARNING - Dependency <Task(BashOperator): create_entry_group>, delete_entry_group already registered for DAG: example_complex
[2023-05-05T10:16:24.848+0000] {logging_mixin.py:149} INFO - [2023-05-05T10:16:24.848+0000] {taskmixin.py:211} WARNING - Dependency <Task(BashOperator): delete_entry_group>, create_entry_group already registered for DAG: example_complex
[2023-05-05T10:16:24.850+0000] {logging_mixin.py:149} INFO - [2023-05-05T10:16:24.850+0000] {taskmixin.py:211} WARNING - Dependency <Task(BashOperator): create_entry_gcs>, delete_entry already registered for DAG: example_complex
[2023-05-05T10:16:24.852+0000] {logging_mixin.py:149} INFO - [2023-05-05T10:16:24.852+0000] {taskmixin.py:211} WARNING - Dependency <Task(BashOperator): delete_entry>, create_entry_gcs already registered for DAG: example_complex
[2023-05-05T10:16:24.854+0000] {logging_mixin.py:149} INFO - [2023-05-05T10:16:24.854+0000] {taskmixin.py:211} WARNING - Dependency <Task(BashOperator): create_tag>, delete_tag already registered for DAG: example_complex
[2023-05-05T10:16:24.856+0000] {logging_mixin.py:149} INFO - [2023-05-05T10:16:24.856+0000] {taskmixin.py:211} WARNING - Dependency <Task(BashOperator): delete_tag>, create_tag already registered for DAG: example_complex
[2023-05-05T10:16:24.860+0000] {processor.py:809} INFO - DAG(s) dict_keys(['example_complex']) retrieved from /home/airflow/.local/lib/python3.7/site-packages/airflow/example_dags/example_complex.py
[2023-05-05T10:16:24.914+0000] {logging_mixin.py:149} INFO - [2023-05-05T10:16:24.914+0000] {dag.py:2726} INFO - Sync 1 DAGs
[2023-05-05T10:16:25.164+0000] {logging_mixin.py:149} INFO - [2023-05-05T10:16:25.163+0000] {dag.py:3490} INFO - Setting next_dagrun for example_complex to None, run_after=None
[2023-05-05T10:16:25.216+0000] {processor.py:178} INFO - Processing /home/airflow/.local/lib/python3.7/site-packages/airflow/example_dags/example_complex.py took 0.396 seconds
[2023-05-05T10:16:55.894+0000] {processor.py:156} INFO - Started process (PID=702) to work on /home/airflow/.local/lib/python3.7/site-packages/airflow/example_dags/example_complex.py
[2023-05-05T10:16:55.897+0000] {processor.py:799} INFO - Processing file /home/airflow/.local/lib/python3.7/site-packages/airflow/example_dags/example_complex.py for tasks to queue
[2023-05-05T10:16:55.899+0000] {logging_mixin.py:149} INFO - [2023-05-05T10:16:55.899+0000] {dagbag.py:541} INFO - Filling up the DagBag from /home/airflow/.local/lib/python3.7/site-packages/airflow/example_dags/example_complex.py
[2023-05-05T10:16:55.913+0000] {logging_mixin.py:149} INFO - [2023-05-05T10:16:55.913+0000] {taskmixin.py:211} WARNING - Dependency <Task(BashOperator): create_entry_group>, delete_entry_group already registered for DAG: example_complex
[2023-05-05T10:16:55.915+0000] {logging_mixin.py:149} INFO - [2023-05-05T10:16:55.914+0000] {taskmixin.py:211} WARNING - Dependency <Task(BashOperator): delete_entry_group>, create_entry_group already registered for DAG: example_complex
[2023-05-05T10:16:55.916+0000] {logging_mixin.py:149} INFO - [2023-05-05T10:16:55.916+0000] {taskmixin.py:211} WARNING - Dependency <Task(BashOperator): create_entry_gcs>, delete_entry already registered for DAG: example_complex
[2023-05-05T10:16:55.917+0000] {logging_mixin.py:149} INFO - [2023-05-05T10:16:55.917+0000] {taskmixin.py:211} WARNING - Dependency <Task(BashOperator): delete_entry>, create_entry_gcs already registered for DAG: example_complex
[2023-05-05T10:16:55.919+0000] {logging_mixin.py:149} INFO - [2023-05-05T10:16:55.919+0000] {taskmixin.py:211} WARNING - Dependency <Task(BashOperator): create_tag>, delete_tag already registered for DAG: example_complex
[2023-05-05T10:16:55.920+0000] {logging_mixin.py:149} INFO - [2023-05-05T10:16:55.920+0000] {taskmixin.py:211} WARNING - Dependency <Task(BashOperator): delete_tag>, create_tag already registered for DAG: example_complex
[2023-05-05T10:16:55.923+0000] {processor.py:809} INFO - DAG(s) dict_keys(['example_complex']) retrieved from /home/airflow/.local/lib/python3.7/site-packages/airflow/example_dags/example_complex.py
[2023-05-05T10:16:55.968+0000] {logging_mixin.py:149} INFO - [2023-05-05T10:16:55.968+0000] {dag.py:2726} INFO - Sync 1 DAGs
[2023-05-05T10:16:56.006+0000] {logging_mixin.py:149} INFO - [2023-05-05T10:16:56.006+0000] {dag.py:3490} INFO - Setting next_dagrun for example_complex to None, run_after=None
[2023-05-05T10:16:56.035+0000] {processor.py:178} INFO - Processing /home/airflow/.local/lib/python3.7/site-packages/airflow/example_dags/example_complex.py took 0.146 seconds
