[2023-05-05T10:11:45.814+0000] {processor.py:156} INFO - Started process (PID=38) to work on /home/airflow/.local/lib/python3.7/site-packages/airflow/example_dags/example_dag_decorator.py
[2023-05-05T10:11:45.817+0000] {processor.py:799} INFO - Processing file /home/airflow/.local/lib/python3.7/site-packages/airflow/example_dags/example_dag_decorator.py for tasks to queue
[2023-05-05T10:11:45.819+0000] {logging_mixin.py:149} INFO - [2023-05-05T10:11:45.819+0000] {dagbag.py:541} INFO - Filling up the DagBag from /home/airflow/.local/lib/python3.7/site-packages/airflow/example_dags/example_dag_decorator.py
[2023-05-05T10:11:45.831+0000] {logging_mixin.py:149} INFO - [2023-05-05T10:11:45.830+0000] {taskmixin.py:211} WARNING - Dependency <Task(_PythonDecoratedOperator): prepare_email>, send_email already registered for DAG: example_dag_decorator
[2023-05-05T10:11:45.834+0000] {logging_mixin.py:149} INFO - [2023-05-05T10:11:45.833+0000] {taskmixin.py:211} WARNING - Dependency <Task(EmailOperator): send_email>, prepare_email already registered for DAG: example_dag_decorator
[2023-05-05T10:11:45.858+0000] {processor.py:809} INFO - DAG(s) dict_keys(['example_dag_decorator']) retrieved from /home/airflow/.local/lib/python3.7/site-packages/airflow/example_dags/example_dag_decorator.py
[2023-05-05T10:11:45.982+0000] {logging_mixin.py:149} INFO - [2023-05-05T10:11:45.982+0000] {dag.py:2726} INFO - Sync 1 DAGs
[2023-05-05T10:11:46.026+0000] {logging_mixin.py:149} INFO - [2023-05-05T10:11:46.026+0000] {dag.py:3490} INFO - Setting next_dagrun for example_dag_decorator to None, run_after=None
[2023-05-05T10:11:46.065+0000] {processor.py:178} INFO - Processing /home/airflow/.local/lib/python3.7/site-packages/airflow/example_dags/example_dag_decorator.py took 0.256 seconds
[2023-05-05T10:12:16.667+0000] {processor.py:156} INFO - Started process (PID=102) to work on /home/airflow/.local/lib/python3.7/site-packages/airflow/example_dags/example_dag_decorator.py
[2023-05-05T10:12:16.669+0000] {processor.py:799} INFO - Processing file /home/airflow/.local/lib/python3.7/site-packages/airflow/example_dags/example_dag_decorator.py for tasks to queue
[2023-05-05T10:12:16.671+0000] {logging_mixin.py:149} INFO - [2023-05-05T10:12:16.671+0000] {dagbag.py:541} INFO - Filling up the DagBag from /home/airflow/.local/lib/python3.7/site-packages/airflow/example_dags/example_dag_decorator.py
[2023-05-05T10:12:16.680+0000] {logging_mixin.py:149} INFO - [2023-05-05T10:12:16.680+0000] {taskmixin.py:211} WARNING - Dependency <Task(_PythonDecoratedOperator): prepare_email>, send_email already registered for DAG: example_dag_decorator
[2023-05-05T10:12:16.681+0000] {logging_mixin.py:149} INFO - [2023-05-05T10:12:16.681+0000] {taskmixin.py:211} WARNING - Dependency <Task(EmailOperator): send_email>, prepare_email already registered for DAG: example_dag_decorator
[2023-05-05T10:12:16.692+0000] {processor.py:809} INFO - DAG(s) dict_keys(['example_dag_decorator']) retrieved from /home/airflow/.local/lib/python3.7/site-packages/airflow/example_dags/example_dag_decorator.py
[2023-05-05T10:12:16.767+0000] {logging_mixin.py:149} INFO - [2023-05-05T10:12:16.766+0000] {dag.py:2726} INFO - Sync 1 DAGs
[2023-05-05T10:12:16.794+0000] {logging_mixin.py:149} INFO - [2023-05-05T10:12:16.794+0000] {dag.py:3490} INFO - Setting next_dagrun for example_dag_decorator to None, run_after=None
[2023-05-05T10:12:16.816+0000] {processor.py:178} INFO - Processing /home/airflow/.local/lib/python3.7/site-packages/airflow/example_dags/example_dag_decorator.py took 0.154 seconds
[2023-05-05T10:12:46.929+0000] {processor.py:156} INFO - Started process (PID=167) to work on /home/airflow/.local/lib/python3.7/site-packages/airflow/example_dags/example_dag_decorator.py
[2023-05-05T10:12:46.931+0000] {processor.py:799} INFO - Processing file /home/airflow/.local/lib/python3.7/site-packages/airflow/example_dags/example_dag_decorator.py for tasks to queue
[2023-05-05T10:12:46.932+0000] {logging_mixin.py:149} INFO - [2023-05-05T10:12:46.932+0000] {dagbag.py:541} INFO - Filling up the DagBag from /home/airflow/.local/lib/python3.7/site-packages/airflow/example_dags/example_dag_decorator.py
[2023-05-05T10:12:46.941+0000] {logging_mixin.py:149} INFO - [2023-05-05T10:12:46.941+0000] {taskmixin.py:211} WARNING - Dependency <Task(_PythonDecoratedOperator): prepare_email>, send_email already registered for DAG: example_dag_decorator
[2023-05-05T10:12:46.942+0000] {logging_mixin.py:149} INFO - [2023-05-05T10:12:46.942+0000] {taskmixin.py:211} WARNING - Dependency <Task(EmailOperator): send_email>, prepare_email already registered for DAG: example_dag_decorator
[2023-05-05T10:12:46.952+0000] {processor.py:809} INFO - DAG(s) dict_keys(['example_dag_decorator']) retrieved from /home/airflow/.local/lib/python3.7/site-packages/airflow/example_dags/example_dag_decorator.py
[2023-05-05T10:12:47.025+0000] {logging_mixin.py:149} INFO - [2023-05-05T10:12:47.024+0000] {dag.py:2726} INFO - Sync 1 DAGs
[2023-05-05T10:12:47.057+0000] {logging_mixin.py:149} INFO - [2023-05-05T10:12:47.056+0000] {dag.py:3490} INFO - Setting next_dagrun for example_dag_decorator to None, run_after=None
[2023-05-05T10:12:47.081+0000] {processor.py:178} INFO - Processing /home/airflow/.local/lib/python3.7/site-packages/airflow/example_dags/example_dag_decorator.py took 0.156 seconds
[2023-05-05T10:13:17.162+0000] {processor.py:156} INFO - Started process (PID=230) to work on /home/airflow/.local/lib/python3.7/site-packages/airflow/example_dags/example_dag_decorator.py
[2023-05-05T10:13:17.164+0000] {processor.py:799} INFO - Processing file /home/airflow/.local/lib/python3.7/site-packages/airflow/example_dags/example_dag_decorator.py for tasks to queue
[2023-05-05T10:13:17.166+0000] {logging_mixin.py:149} INFO - [2023-05-05T10:13:17.165+0000] {dagbag.py:541} INFO - Filling up the DagBag from /home/airflow/.local/lib/python3.7/site-packages/airflow/example_dags/example_dag_decorator.py
[2023-05-05T10:13:17.175+0000] {logging_mixin.py:149} INFO - [2023-05-05T10:13:17.175+0000] {taskmixin.py:211} WARNING - Dependency <Task(_PythonDecoratedOperator): prepare_email>, send_email already registered for DAG: example_dag_decorator
[2023-05-05T10:13:17.176+0000] {logging_mixin.py:149} INFO - [2023-05-05T10:13:17.176+0000] {taskmixin.py:211} WARNING - Dependency <Task(EmailOperator): send_email>, prepare_email already registered for DAG: example_dag_decorator
[2023-05-05T10:13:17.189+0000] {processor.py:809} INFO - DAG(s) dict_keys(['example_dag_decorator']) retrieved from /home/airflow/.local/lib/python3.7/site-packages/airflow/example_dags/example_dag_decorator.py
[2023-05-05T10:13:17.271+0000] {logging_mixin.py:149} INFO - [2023-05-05T10:13:17.270+0000] {dag.py:2726} INFO - Sync 1 DAGs
[2023-05-05T10:13:17.300+0000] {logging_mixin.py:149} INFO - [2023-05-05T10:13:17.300+0000] {dag.py:3490} INFO - Setting next_dagrun for example_dag_decorator to None, run_after=None
[2023-05-05T10:13:17.326+0000] {processor.py:178} INFO - Processing /home/airflow/.local/lib/python3.7/site-packages/airflow/example_dags/example_dag_decorator.py took 0.170 seconds
[2023-05-05T10:13:47.480+0000] {processor.py:156} INFO - Started process (PID=295) to work on /home/airflow/.local/lib/python3.7/site-packages/airflow/example_dags/example_dag_decorator.py
[2023-05-05T10:13:47.482+0000] {processor.py:799} INFO - Processing file /home/airflow/.local/lib/python3.7/site-packages/airflow/example_dags/example_dag_decorator.py for tasks to queue
[2023-05-05T10:13:47.484+0000] {logging_mixin.py:149} INFO - [2023-05-05T10:13:47.484+0000] {dagbag.py:541} INFO - Filling up the DagBag from /home/airflow/.local/lib/python3.7/site-packages/airflow/example_dags/example_dag_decorator.py
[2023-05-05T10:13:47.492+0000] {logging_mixin.py:149} INFO - [2023-05-05T10:13:47.492+0000] {taskmixin.py:211} WARNING - Dependency <Task(_PythonDecoratedOperator): prepare_email>, send_email already registered for DAG: example_dag_decorator
[2023-05-05T10:13:47.493+0000] {logging_mixin.py:149} INFO - [2023-05-05T10:13:47.493+0000] {taskmixin.py:211} WARNING - Dependency <Task(EmailOperator): send_email>, prepare_email already registered for DAG: example_dag_decorator
[2023-05-05T10:13:47.505+0000] {processor.py:809} INFO - DAG(s) dict_keys(['example_dag_decorator']) retrieved from /home/airflow/.local/lib/python3.7/site-packages/airflow/example_dags/example_dag_decorator.py
[2023-05-05T10:13:47.578+0000] {logging_mixin.py:149} INFO - [2023-05-05T10:13:47.578+0000] {dag.py:2726} INFO - Sync 1 DAGs
[2023-05-05T10:13:47.603+0000] {logging_mixin.py:149} INFO - [2023-05-05T10:13:47.603+0000] {dag.py:3490} INFO - Setting next_dagrun for example_dag_decorator to None, run_after=None
[2023-05-05T10:13:47.625+0000] {processor.py:178} INFO - Processing /home/airflow/.local/lib/python3.7/site-packages/airflow/example_dags/example_dag_decorator.py took 0.149 seconds
[2023-05-05T10:14:18.458+0000] {processor.py:156} INFO - Started process (PID=358) to work on /home/airflow/.local/lib/python3.7/site-packages/airflow/example_dags/example_dag_decorator.py
[2023-05-05T10:14:18.460+0000] {processor.py:799} INFO - Processing file /home/airflow/.local/lib/python3.7/site-packages/airflow/example_dags/example_dag_decorator.py for tasks to queue
[2023-05-05T10:14:18.462+0000] {logging_mixin.py:149} INFO - [2023-05-05T10:14:18.462+0000] {dagbag.py:541} INFO - Filling up the DagBag from /home/airflow/.local/lib/python3.7/site-packages/airflow/example_dags/example_dag_decorator.py
[2023-05-05T10:14:18.471+0000] {logging_mixin.py:149} INFO - [2023-05-05T10:14:18.471+0000] {taskmixin.py:211} WARNING - Dependency <Task(_PythonDecoratedOperator): prepare_email>, send_email already registered for DAG: example_dag_decorator
[2023-05-05T10:14:18.473+0000] {logging_mixin.py:149} INFO - [2023-05-05T10:14:18.473+0000] {taskmixin.py:211} WARNING - Dependency <Task(EmailOperator): send_email>, prepare_email already registered for DAG: example_dag_decorator
[2023-05-05T10:14:18.484+0000] {processor.py:809} INFO - DAG(s) dict_keys(['example_dag_decorator']) retrieved from /home/airflow/.local/lib/python3.7/site-packages/airflow/example_dags/example_dag_decorator.py
[2023-05-05T10:14:18.565+0000] {logging_mixin.py:149} INFO - [2023-05-05T10:14:18.565+0000] {dag.py:2726} INFO - Sync 1 DAGs
[2023-05-05T10:14:18.603+0000] {logging_mixin.py:149} INFO - [2023-05-05T10:14:18.603+0000] {dag.py:3490} INFO - Setting next_dagrun for example_dag_decorator to None, run_after=None
[2023-05-05T10:14:18.626+0000] {processor.py:178} INFO - Processing /home/airflow/.local/lib/python3.7/site-packages/airflow/example_dags/example_dag_decorator.py took 0.173 seconds
[2023-05-05T10:14:48.810+0000] {processor.py:156} INFO - Started process (PID=422) to work on /home/airflow/.local/lib/python3.7/site-packages/airflow/example_dags/example_dag_decorator.py
[2023-05-05T10:14:48.812+0000] {processor.py:799} INFO - Processing file /home/airflow/.local/lib/python3.7/site-packages/airflow/example_dags/example_dag_decorator.py for tasks to queue
[2023-05-05T10:14:48.814+0000] {logging_mixin.py:149} INFO - [2023-05-05T10:14:48.814+0000] {dagbag.py:541} INFO - Filling up the DagBag from /home/airflow/.local/lib/python3.7/site-packages/airflow/example_dags/example_dag_decorator.py
[2023-05-05T10:14:48.824+0000] {logging_mixin.py:149} INFO - [2023-05-05T10:14:48.823+0000] {taskmixin.py:211} WARNING - Dependency <Task(_PythonDecoratedOperator): prepare_email>, send_email already registered for DAG: example_dag_decorator
[2023-05-05T10:14:48.825+0000] {logging_mixin.py:149} INFO - [2023-05-05T10:14:48.825+0000] {taskmixin.py:211} WARNING - Dependency <Task(EmailOperator): send_email>, prepare_email already registered for DAG: example_dag_decorator
[2023-05-05T10:14:48.838+0000] {processor.py:809} INFO - DAG(s) dict_keys(['example_dag_decorator']) retrieved from /home/airflow/.local/lib/python3.7/site-packages/airflow/example_dags/example_dag_decorator.py
[2023-05-05T10:14:48.960+0000] {logging_mixin.py:149} INFO - [2023-05-05T10:14:48.960+0000] {dag.py:2726} INFO - Sync 1 DAGs
[2023-05-05T10:14:49.014+0000] {logging_mixin.py:149} INFO - [2023-05-05T10:14:49.014+0000] {dag.py:3490} INFO - Setting next_dagrun for example_dag_decorator to None, run_after=None
[2023-05-05T10:14:49.063+0000] {processor.py:178} INFO - Processing /home/airflow/.local/lib/python3.7/site-packages/airflow/example_dags/example_dag_decorator.py took 0.257 seconds
[2023-05-05T10:15:19.148+0000] {processor.py:156} INFO - Started process (PID=486) to work on /home/airflow/.local/lib/python3.7/site-packages/airflow/example_dags/example_dag_decorator.py
[2023-05-05T10:15:19.150+0000] {processor.py:799} INFO - Processing file /home/airflow/.local/lib/python3.7/site-packages/airflow/example_dags/example_dag_decorator.py for tasks to queue
[2023-05-05T10:15:19.152+0000] {logging_mixin.py:149} INFO - [2023-05-05T10:15:19.152+0000] {dagbag.py:541} INFO - Filling up the DagBag from /home/airflow/.local/lib/python3.7/site-packages/airflow/example_dags/example_dag_decorator.py
[2023-05-05T10:15:19.162+0000] {logging_mixin.py:149} INFO - [2023-05-05T10:15:19.162+0000] {taskmixin.py:211} WARNING - Dependency <Task(_PythonDecoratedOperator): prepare_email>, send_email already registered for DAG: example_dag_decorator
[2023-05-05T10:15:19.163+0000] {logging_mixin.py:149} INFO - [2023-05-05T10:15:19.163+0000] {taskmixin.py:211} WARNING - Dependency <Task(EmailOperator): send_email>, prepare_email already registered for DAG: example_dag_decorator
[2023-05-05T10:15:19.175+0000] {processor.py:809} INFO - DAG(s) dict_keys(['example_dag_decorator']) retrieved from /home/airflow/.local/lib/python3.7/site-packages/airflow/example_dags/example_dag_decorator.py
[2023-05-05T10:15:19.259+0000] {logging_mixin.py:149} INFO - [2023-05-05T10:15:19.259+0000] {dag.py:2726} INFO - Sync 1 DAGs
[2023-05-05T10:15:19.289+0000] {logging_mixin.py:149} INFO - [2023-05-05T10:15:19.289+0000] {dag.py:3490} INFO - Setting next_dagrun for example_dag_decorator to None, run_after=None
[2023-05-05T10:15:19.316+0000] {processor.py:178} INFO - Processing /home/airflow/.local/lib/python3.7/site-packages/airflow/example_dags/example_dag_decorator.py took 0.173 seconds
[2023-05-05T10:15:50.379+0000] {processor.py:156} INFO - Started process (PID=550) to work on /home/airflow/.local/lib/python3.7/site-packages/airflow/example_dags/example_dag_decorator.py
[2023-05-05T10:15:50.384+0000] {processor.py:799} INFO - Processing file /home/airflow/.local/lib/python3.7/site-packages/airflow/example_dags/example_dag_decorator.py for tasks to queue
[2023-05-05T10:15:50.387+0000] {logging_mixin.py:149} INFO - [2023-05-05T10:15:50.387+0000] {dagbag.py:541} INFO - Filling up the DagBag from /home/airflow/.local/lib/python3.7/site-packages/airflow/example_dags/example_dag_decorator.py
[2023-05-05T10:15:50.403+0000] {logging_mixin.py:149} INFO - [2023-05-05T10:15:50.402+0000] {taskmixin.py:211} WARNING - Dependency <Task(_PythonDecoratedOperator): prepare_email>, send_email already registered for DAG: example_dag_decorator
[2023-05-05T10:15:50.405+0000] {logging_mixin.py:149} INFO - [2023-05-05T10:15:50.405+0000] {taskmixin.py:211} WARNING - Dependency <Task(EmailOperator): send_email>, prepare_email already registered for DAG: example_dag_decorator
[2023-05-05T10:15:50.423+0000] {processor.py:809} INFO - DAG(s) dict_keys(['example_dag_decorator']) retrieved from /home/airflow/.local/lib/python3.7/site-packages/airflow/example_dags/example_dag_decorator.py
[2023-05-05T10:15:50.550+0000] {logging_mixin.py:149} INFO - [2023-05-05T10:15:50.550+0000] {dag.py:2726} INFO - Sync 1 DAGs
[2023-05-05T10:15:50.592+0000] {logging_mixin.py:149} INFO - [2023-05-05T10:15:50.592+0000] {dag.py:3490} INFO - Setting next_dagrun for example_dag_decorator to None, run_after=None
[2023-05-05T10:15:50.633+0000] {processor.py:178} INFO - Processing /home/airflow/.local/lib/python3.7/site-packages/airflow/example_dags/example_dag_decorator.py took 0.260 seconds
[2023-05-05T10:16:21.333+0000] {processor.py:156} INFO - Started process (PID=614) to work on /home/airflow/.local/lib/python3.7/site-packages/airflow/example_dags/example_dag_decorator.py
[2023-05-05T10:16:21.337+0000] {processor.py:799} INFO - Processing file /home/airflow/.local/lib/python3.7/site-packages/airflow/example_dags/example_dag_decorator.py for tasks to queue
[2023-05-05T10:16:21.340+0000] {logging_mixin.py:149} INFO - [2023-05-05T10:16:21.340+0000] {dagbag.py:541} INFO - Filling up the DagBag from /home/airflow/.local/lib/python3.7/site-packages/airflow/example_dags/example_dag_decorator.py
[2023-05-05T10:16:21.351+0000] {logging_mixin.py:149} INFO - [2023-05-05T10:16:21.351+0000] {taskmixin.py:211} WARNING - Dependency <Task(_PythonDecoratedOperator): prepare_email>, send_email already registered for DAG: example_dag_decorator
[2023-05-05T10:16:21.353+0000] {logging_mixin.py:149} INFO - [2023-05-05T10:16:21.352+0000] {taskmixin.py:211} WARNING - Dependency <Task(EmailOperator): send_email>, prepare_email already registered for DAG: example_dag_decorator
[2023-05-05T10:16:21.365+0000] {processor.py:809} INFO - DAG(s) dict_keys(['example_dag_decorator']) retrieved from /home/airflow/.local/lib/python3.7/site-packages/airflow/example_dags/example_dag_decorator.py
[2023-05-05T10:16:21.451+0000] {logging_mixin.py:149} INFO - [2023-05-05T10:16:21.451+0000] {dag.py:2726} INFO - Sync 1 DAGs
[2023-05-05T10:16:21.486+0000] {logging_mixin.py:149} INFO - [2023-05-05T10:16:21.486+0000] {dag.py:3490} INFO - Setting next_dagrun for example_dag_decorator to None, run_after=None
[2023-05-05T10:16:21.517+0000] {processor.py:178} INFO - Processing /home/airflow/.local/lib/python3.7/site-packages/airflow/example_dags/example_dag_decorator.py took 0.190 seconds
[2023-05-05T10:16:52.165+0000] {processor.py:156} INFO - Started process (PID=678) to work on /home/airflow/.local/lib/python3.7/site-packages/airflow/example_dags/example_dag_decorator.py
[2023-05-05T10:16:52.168+0000] {processor.py:799} INFO - Processing file /home/airflow/.local/lib/python3.7/site-packages/airflow/example_dags/example_dag_decorator.py for tasks to queue
[2023-05-05T10:16:52.170+0000] {logging_mixin.py:149} INFO - [2023-05-05T10:16:52.170+0000] {dagbag.py:541} INFO - Filling up the DagBag from /home/airflow/.local/lib/python3.7/site-packages/airflow/example_dags/example_dag_decorator.py
[2023-05-05T10:16:52.181+0000] {logging_mixin.py:149} INFO - [2023-05-05T10:16:52.181+0000] {taskmixin.py:211} WARNING - Dependency <Task(_PythonDecoratedOperator): prepare_email>, send_email already registered for DAG: example_dag_decorator
[2023-05-05T10:16:52.182+0000] {logging_mixin.py:149} INFO - [2023-05-05T10:16:52.182+0000] {taskmixin.py:211} WARNING - Dependency <Task(EmailOperator): send_email>, prepare_email already registered for DAG: example_dag_decorator
[2023-05-05T10:16:52.198+0000] {processor.py:809} INFO - DAG(s) dict_keys(['example_dag_decorator']) retrieved from /home/airflow/.local/lib/python3.7/site-packages/airflow/example_dags/example_dag_decorator.py
[2023-05-05T10:16:52.294+0000] {logging_mixin.py:149} INFO - [2023-05-05T10:16:52.293+0000] {dag.py:2726} INFO - Sync 1 DAGs
[2023-05-05T10:16:52.331+0000] {logging_mixin.py:149} INFO - [2023-05-05T10:16:52.331+0000] {dag.py:3490} INFO - Setting next_dagrun for example_dag_decorator to None, run_after=None
[2023-05-05T10:16:52.363+0000] {processor.py:178} INFO - Processing /home/airflow/.local/lib/python3.7/site-packages/airflow/example_dags/example_dag_decorator.py took 0.203 seconds
