[2023-05-05T10:11:50.210+0000] {processor.py:156} INFO - Started process (PID=66) to work on /home/airflow/.local/lib/python3.7/site-packages/airflow/example_dags/example_xcomargs.py
[2023-05-05T10:11:50.215+0000] {processor.py:799} INFO - Processing file /home/airflow/.local/lib/python3.7/site-packages/airflow/example_dags/example_xcomargs.py for tasks to queue
[2023-05-05T10:11:50.220+0000] {logging_mixin.py:149} INFO - [2023-05-05T10:11:50.220+0000] {dagbag.py:541} INFO - Filling up the DagBag from /home/airflow/.local/lib/python3.7/site-packages/airflow/example_dags/example_xcomargs.py
[2023-05-05T10:11:50.249+0000] {processor.py:809} INFO - DAG(s) dict_keys(['example_xcom_args', 'example_xcom_args_with_operators']) retrieved from /home/airflow/.local/lib/python3.7/site-packages/airflow/example_dags/example_xcomargs.py
[2023-05-05T10:11:50.303+0000] {logging_mixin.py:149} INFO - [2023-05-05T10:11:50.303+0000] {dag.py:2726} INFO - Sync 2 DAGs
[2023-05-05T10:11:50.367+0000] {logging_mixin.py:149} INFO - [2023-05-05T10:11:50.367+0000] {dag.py:3490} INFO - Setting next_dagrun for example_xcom_args to None, run_after=None
[2023-05-05T10:11:50.379+0000] {logging_mixin.py:149} INFO - [2023-05-05T10:11:50.379+0000] {dag.py:3490} INFO - Setting next_dagrun for example_xcom_args_with_operators to None, run_after=None
[2023-05-05T10:11:50.418+0000] {processor.py:178} INFO - Processing /home/airflow/.local/lib/python3.7/site-packages/airflow/example_dags/example_xcomargs.py took 0.225 seconds
[2023-05-05T10:12:20.777+0000] {processor.py:156} INFO - Started process (PID=130) to work on /home/airflow/.local/lib/python3.7/site-packages/airflow/example_dags/example_xcomargs.py
[2023-05-05T10:12:20.797+0000] {processor.py:799} INFO - Processing file /home/airflow/.local/lib/python3.7/site-packages/airflow/example_dags/example_xcomargs.py for tasks to queue
[2023-05-05T10:12:20.799+0000] {logging_mixin.py:149} INFO - [2023-05-05T10:12:20.798+0000] {dagbag.py:541} INFO - Filling up the DagBag from /home/airflow/.local/lib/python3.7/site-packages/airflow/example_dags/example_xcomargs.py
[2023-05-05T10:12:20.809+0000] {processor.py:809} INFO - DAG(s) dict_keys(['example_xcom_args_with_operators', 'example_xcom_args']) retrieved from /home/airflow/.local/lib/python3.7/site-packages/airflow/example_dags/example_xcomargs.py
[2023-05-05T10:12:20.842+0000] {logging_mixin.py:149} INFO - [2023-05-05T10:12:20.842+0000] {dag.py:2726} INFO - Sync 2 DAGs
[2023-05-05T10:12:20.873+0000] {logging_mixin.py:149} INFO - [2023-05-05T10:12:20.872+0000] {dag.py:3490} INFO - Setting next_dagrun for example_xcom_args to None, run_after=None
[2023-05-05T10:12:20.877+0000] {logging_mixin.py:149} INFO - [2023-05-05T10:12:20.877+0000] {dag.py:3490} INFO - Setting next_dagrun for example_xcom_args_with_operators to None, run_after=None
[2023-05-05T10:12:20.895+0000] {processor.py:178} INFO - Processing /home/airflow/.local/lib/python3.7/site-packages/airflow/example_dags/example_xcomargs.py took 0.122 seconds
[2023-05-05T10:12:51.059+0000] {processor.py:156} INFO - Started process (PID=194) to work on /home/airflow/.local/lib/python3.7/site-packages/airflow/example_dags/example_xcomargs.py
[2023-05-05T10:12:51.061+0000] {processor.py:799} INFO - Processing file /home/airflow/.local/lib/python3.7/site-packages/airflow/example_dags/example_xcomargs.py for tasks to queue
[2023-05-05T10:12:51.063+0000] {logging_mixin.py:149} INFO - [2023-05-05T10:12:51.063+0000] {dagbag.py:541} INFO - Filling up the DagBag from /home/airflow/.local/lib/python3.7/site-packages/airflow/example_dags/example_xcomargs.py
[2023-05-05T10:12:51.075+0000] {processor.py:809} INFO - DAG(s) dict_keys(['example_xcom_args_with_operators', 'example_xcom_args']) retrieved from /home/airflow/.local/lib/python3.7/site-packages/airflow/example_dags/example_xcomargs.py
[2023-05-05T10:12:51.109+0000] {logging_mixin.py:149} INFO - [2023-05-05T10:12:51.109+0000] {dag.py:2726} INFO - Sync 2 DAGs
[2023-05-05T10:12:51.143+0000] {logging_mixin.py:149} INFO - [2023-05-05T10:12:51.143+0000] {dag.py:3490} INFO - Setting next_dagrun for example_xcom_args to None, run_after=None
[2023-05-05T10:12:51.148+0000] {logging_mixin.py:149} INFO - [2023-05-05T10:12:51.148+0000] {dag.py:3490} INFO - Setting next_dagrun for example_xcom_args_with_operators to None, run_after=None
[2023-05-05T10:12:51.167+0000] {processor.py:178} INFO - Processing /home/airflow/.local/lib/python3.7/site-packages/airflow/example_dags/example_xcomargs.py took 0.112 seconds
[2023-05-05T10:13:21.336+0000] {processor.py:156} INFO - Started process (PID=258) to work on /home/airflow/.local/lib/python3.7/site-packages/airflow/example_dags/example_xcomargs.py
[2023-05-05T10:13:21.339+0000] {processor.py:799} INFO - Processing file /home/airflow/.local/lib/python3.7/site-packages/airflow/example_dags/example_xcomargs.py for tasks to queue
[2023-05-05T10:13:21.341+0000] {logging_mixin.py:149} INFO - [2023-05-05T10:13:21.341+0000] {dagbag.py:541} INFO - Filling up the DagBag from /home/airflow/.local/lib/python3.7/site-packages/airflow/example_dags/example_xcomargs.py
[2023-05-05T10:13:21.353+0000] {processor.py:809} INFO - DAG(s) dict_keys(['example_xcom_args', 'example_xcom_args_with_operators']) retrieved from /home/airflow/.local/lib/python3.7/site-packages/airflow/example_dags/example_xcomargs.py
[2023-05-05T10:13:21.389+0000] {logging_mixin.py:149} INFO - [2023-05-05T10:13:21.389+0000] {dag.py:2726} INFO - Sync 2 DAGs
[2023-05-05T10:13:21.421+0000] {logging_mixin.py:149} INFO - [2023-05-05T10:13:21.421+0000] {dag.py:3490} INFO - Setting next_dagrun for example_xcom_args to None, run_after=None
[2023-05-05T10:13:21.426+0000] {logging_mixin.py:149} INFO - [2023-05-05T10:13:21.426+0000] {dag.py:3490} INFO - Setting next_dagrun for example_xcom_args_with_operators to None, run_after=None
[2023-05-05T10:13:21.448+0000] {processor.py:178} INFO - Processing /home/airflow/.local/lib/python3.7/site-packages/airflow/example_dags/example_xcomargs.py took 0.117 seconds
[2023-05-05T10:13:51.587+0000] {processor.py:156} INFO - Started process (PID=322) to work on /home/airflow/.local/lib/python3.7/site-packages/airflow/example_dags/example_xcomargs.py
[2023-05-05T10:13:51.589+0000] {processor.py:799} INFO - Processing file /home/airflow/.local/lib/python3.7/site-packages/airflow/example_dags/example_xcomargs.py for tasks to queue
[2023-05-05T10:13:51.591+0000] {logging_mixin.py:149} INFO - [2023-05-05T10:13:51.591+0000] {dagbag.py:541} INFO - Filling up the DagBag from /home/airflow/.local/lib/python3.7/site-packages/airflow/example_dags/example_xcomargs.py
[2023-05-05T10:13:51.602+0000] {processor.py:809} INFO - DAG(s) dict_keys(['example_xcom_args', 'example_xcom_args_with_operators']) retrieved from /home/airflow/.local/lib/python3.7/site-packages/airflow/example_dags/example_xcomargs.py
[2023-05-05T10:13:51.637+0000] {logging_mixin.py:149} INFO - [2023-05-05T10:13:51.637+0000] {dag.py:2726} INFO - Sync 2 DAGs
[2023-05-05T10:13:51.667+0000] {logging_mixin.py:149} INFO - [2023-05-05T10:13:51.667+0000] {dag.py:3490} INFO - Setting next_dagrun for example_xcom_args to None, run_after=None
[2023-05-05T10:13:51.672+0000] {logging_mixin.py:149} INFO - [2023-05-05T10:13:51.672+0000] {dag.py:3490} INFO - Setting next_dagrun for example_xcom_args_with_operators to None, run_after=None
[2023-05-05T10:13:51.691+0000] {processor.py:178} INFO - Processing /home/airflow/.local/lib/python3.7/site-packages/airflow/example_dags/example_xcomargs.py took 0.108 seconds
[2023-05-05T10:14:22.631+0000] {processor.py:156} INFO - Started process (PID=386) to work on /home/airflow/.local/lib/python3.7/site-packages/airflow/example_dags/example_xcomargs.py
[2023-05-05T10:14:22.634+0000] {processor.py:799} INFO - Processing file /home/airflow/.local/lib/python3.7/site-packages/airflow/example_dags/example_xcomargs.py for tasks to queue
[2023-05-05T10:14:22.636+0000] {logging_mixin.py:149} INFO - [2023-05-05T10:14:22.635+0000] {dagbag.py:541} INFO - Filling up the DagBag from /home/airflow/.local/lib/python3.7/site-packages/airflow/example_dags/example_xcomargs.py
[2023-05-05T10:14:22.649+0000] {processor.py:809} INFO - DAG(s) dict_keys(['example_xcom_args_with_operators', 'example_xcom_args']) retrieved from /home/airflow/.local/lib/python3.7/site-packages/airflow/example_dags/example_xcomargs.py
[2023-05-05T10:14:22.690+0000] {logging_mixin.py:149} INFO - [2023-05-05T10:14:22.690+0000] {dag.py:2726} INFO - Sync 2 DAGs
[2023-05-05T10:14:22.730+0000] {logging_mixin.py:149} INFO - [2023-05-05T10:14:22.730+0000] {dag.py:3490} INFO - Setting next_dagrun for example_xcom_args to None, run_after=None
[2023-05-05T10:14:22.735+0000] {logging_mixin.py:149} INFO - [2023-05-05T10:14:22.735+0000] {dag.py:3490} INFO - Setting next_dagrun for example_xcom_args_with_operators to None, run_after=None
[2023-05-05T10:14:22.760+0000] {processor.py:178} INFO - Processing /home/airflow/.local/lib/python3.7/site-packages/airflow/example_dags/example_xcomargs.py took 0.135 seconds
[2023-05-05T10:14:53.409+0000] {processor.py:156} INFO - Started process (PID=450) to work on /home/airflow/.local/lib/python3.7/site-packages/airflow/example_dags/example_xcomargs.py
[2023-05-05T10:14:53.412+0000] {processor.py:799} INFO - Processing file /home/airflow/.local/lib/python3.7/site-packages/airflow/example_dags/example_xcomargs.py for tasks to queue
[2023-05-05T10:14:53.414+0000] {logging_mixin.py:149} INFO - [2023-05-05T10:14:53.414+0000] {dagbag.py:541} INFO - Filling up the DagBag from /home/airflow/.local/lib/python3.7/site-packages/airflow/example_dags/example_xcomargs.py
[2023-05-05T10:14:53.426+0000] {processor.py:809} INFO - DAG(s) dict_keys(['example_xcom_args', 'example_xcom_args_with_operators']) retrieved from /home/airflow/.local/lib/python3.7/site-packages/airflow/example_dags/example_xcomargs.py
[2023-05-05T10:14:53.465+0000] {logging_mixin.py:149} INFO - [2023-05-05T10:14:53.464+0000] {dag.py:2726} INFO - Sync 2 DAGs
[2023-05-05T10:14:53.504+0000] {logging_mixin.py:149} INFO - [2023-05-05T10:14:53.503+0000] {dag.py:3490} INFO - Setting next_dagrun for example_xcom_args to None, run_after=None
[2023-05-05T10:14:53.510+0000] {logging_mixin.py:149} INFO - [2023-05-05T10:14:53.510+0000] {dag.py:3490} INFO - Setting next_dagrun for example_xcom_args_with_operators to None, run_after=None
[2023-05-05T10:14:53.535+0000] {processor.py:178} INFO - Processing /home/airflow/.local/lib/python3.7/site-packages/airflow/example_dags/example_xcomargs.py took 0.130 seconds
[2023-05-05T10:15:24.358+0000] {processor.py:156} INFO - Started process (PID=514) to work on /home/airflow/.local/lib/python3.7/site-packages/airflow/example_dags/example_xcomargs.py
[2023-05-05T10:15:24.367+0000] {processor.py:799} INFO - Processing file /home/airflow/.local/lib/python3.7/site-packages/airflow/example_dags/example_xcomargs.py for tasks to queue
[2023-05-05T10:15:24.377+0000] {logging_mixin.py:149} INFO - [2023-05-05T10:15:24.376+0000] {dagbag.py:541} INFO - Filling up the DagBag from /home/airflow/.local/lib/python3.7/site-packages/airflow/example_dags/example_xcomargs.py
[2023-05-05T10:15:24.407+0000] {processor.py:809} INFO - DAG(s) dict_keys(['example_xcom_args_with_operators', 'example_xcom_args']) retrieved from /home/airflow/.local/lib/python3.7/site-packages/airflow/example_dags/example_xcomargs.py
[2023-05-05T10:15:24.501+0000] {logging_mixin.py:149} INFO - [2023-05-05T10:15:24.500+0000] {dag.py:2726} INFO - Sync 2 DAGs
[2023-05-05T10:15:24.588+0000] {logging_mixin.py:149} INFO - [2023-05-05T10:15:24.588+0000] {dag.py:3490} INFO - Setting next_dagrun for example_xcom_args to None, run_after=None
[2023-05-05T10:15:24.600+0000] {logging_mixin.py:149} INFO - [2023-05-05T10:15:24.600+0000] {dag.py:3490} INFO - Setting next_dagrun for example_xcom_args_with_operators to None, run_after=None
[2023-05-05T10:15:24.655+0000] {processor.py:178} INFO - Processing /home/airflow/.local/lib/python3.7/site-packages/airflow/example_dags/example_xcomargs.py took 0.311 seconds
[2023-05-05T10:15:54.800+0000] {processor.py:156} INFO - Started process (PID=578) to work on /home/airflow/.local/lib/python3.7/site-packages/airflow/example_dags/example_xcomargs.py
[2023-05-05T10:15:54.803+0000] {processor.py:799} INFO - Processing file /home/airflow/.local/lib/python3.7/site-packages/airflow/example_dags/example_xcomargs.py for tasks to queue
[2023-05-05T10:15:54.806+0000] {logging_mixin.py:149} INFO - [2023-05-05T10:15:54.806+0000] {dagbag.py:541} INFO - Filling up the DagBag from /home/airflow/.local/lib/python3.7/site-packages/airflow/example_dags/example_xcomargs.py
[2023-05-05T10:15:54.819+0000] {processor.py:809} INFO - DAG(s) dict_keys(['example_xcom_args_with_operators', 'example_xcom_args']) retrieved from /home/airflow/.local/lib/python3.7/site-packages/airflow/example_dags/example_xcomargs.py
[2023-05-05T10:15:54.859+0000] {logging_mixin.py:149} INFO - [2023-05-05T10:15:54.859+0000] {dag.py:2726} INFO - Sync 2 DAGs
[2023-05-05T10:15:54.896+0000] {logging_mixin.py:149} INFO - [2023-05-05T10:15:54.896+0000] {dag.py:3490} INFO - Setting next_dagrun for example_xcom_args to None, run_after=None
[2023-05-05T10:15:54.903+0000] {logging_mixin.py:149} INFO - [2023-05-05T10:15:54.903+0000] {dag.py:3490} INFO - Setting next_dagrun for example_xcom_args_with_operators to None, run_after=None
[2023-05-05T10:15:54.929+0000] {processor.py:178} INFO - Processing /home/airflow/.local/lib/python3.7/site-packages/airflow/example_dags/example_xcomargs.py took 0.135 seconds
[2023-05-05T10:16:25.486+0000] {processor.py:156} INFO - Started process (PID=642) to work on /home/airflow/.local/lib/python3.7/site-packages/airflow/example_dags/example_xcomargs.py
[2023-05-05T10:16:25.488+0000] {processor.py:799} INFO - Processing file /home/airflow/.local/lib/python3.7/site-packages/airflow/example_dags/example_xcomargs.py for tasks to queue
[2023-05-05T10:16:25.492+0000] {logging_mixin.py:149} INFO - [2023-05-05T10:16:25.491+0000] {dagbag.py:541} INFO - Filling up the DagBag from /home/airflow/.local/lib/python3.7/site-packages/airflow/example_dags/example_xcomargs.py
[2023-05-05T10:16:25.504+0000] {processor.py:809} INFO - DAG(s) dict_keys(['example_xcom_args', 'example_xcom_args_with_operators']) retrieved from /home/airflow/.local/lib/python3.7/site-packages/airflow/example_dags/example_xcomargs.py
[2023-05-05T10:16:25.547+0000] {logging_mixin.py:149} INFO - [2023-05-05T10:16:25.547+0000] {dag.py:2726} INFO - Sync 2 DAGs
[2023-05-05T10:16:25.584+0000] {logging_mixin.py:149} INFO - [2023-05-05T10:16:25.583+0000] {dag.py:3490} INFO - Setting next_dagrun for example_xcom_args to None, run_after=None
[2023-05-05T10:16:25.590+0000] {logging_mixin.py:149} INFO - [2023-05-05T10:16:25.590+0000] {dag.py:3490} INFO - Setting next_dagrun for example_xcom_args_with_operators to None, run_after=None
[2023-05-05T10:16:25.614+0000] {processor.py:178} INFO - Processing /home/airflow/.local/lib/python3.7/site-packages/airflow/example_dags/example_xcomargs.py took 0.134 seconds
[2023-05-05T10:16:56.302+0000] {processor.py:156} INFO - Started process (PID=706) to work on /home/airflow/.local/lib/python3.7/site-packages/airflow/example_dags/example_xcomargs.py
[2023-05-05T10:16:56.306+0000] {processor.py:799} INFO - Processing file /home/airflow/.local/lib/python3.7/site-packages/airflow/example_dags/example_xcomargs.py for tasks to queue
[2023-05-05T10:16:56.311+0000] {logging_mixin.py:149} INFO - [2023-05-05T10:16:56.311+0000] {dagbag.py:541} INFO - Filling up the DagBag from /home/airflow/.local/lib/python3.7/site-packages/airflow/example_dags/example_xcomargs.py
[2023-05-05T10:16:56.336+0000] {processor.py:809} INFO - DAG(s) dict_keys(['example_xcom_args_with_operators', 'example_xcom_args']) retrieved from /home/airflow/.local/lib/python3.7/site-packages/airflow/example_dags/example_xcomargs.py
[2023-05-05T10:16:56.408+0000] {logging_mixin.py:149} INFO - [2023-05-05T10:16:56.408+0000] {dag.py:2726} INFO - Sync 2 DAGs
[2023-05-05T10:16:56.477+0000] {logging_mixin.py:149} INFO - [2023-05-05T10:16:56.476+0000] {dag.py:3490} INFO - Setting next_dagrun for example_xcom_args to None, run_after=None
[2023-05-05T10:16:56.497+0000] {logging_mixin.py:149} INFO - [2023-05-05T10:16:56.496+0000] {dag.py:3490} INFO - Setting next_dagrun for example_xcom_args_with_operators to None, run_after=None
[2023-05-05T10:16:56.580+0000] {processor.py:178} INFO - Processing /home/airflow/.local/lib/python3.7/site-packages/airflow/example_dags/example_xcomargs.py took 0.291 seconds
