[2023-05-05T10:11:46.341+0000] {processor.py:156} INFO - Started process (PID=42) to work on /home/airflow/.local/lib/python3.7/site-packages/airflow/example_dags/example_subdag_operator.py
[2023-05-05T10:11:46.344+0000] {processor.py:799} INFO - Processing file /home/airflow/.local/lib/python3.7/site-packages/airflow/example_dags/example_subdag_operator.py for tasks to queue
[2023-05-05T10:11:46.347+0000] {logging_mixin.py:149} INFO - [2023-05-05T10:11:46.347+0000] {dagbag.py:541} INFO - Filling up the DagBag from /home/airflow/.local/lib/python3.7/site-packages/airflow/example_dags/example_subdag_operator.py
[2023-05-05T10:11:46.393+0000] {processor.py:809} INFO - DAG(s) dict_keys(['example_subdag_operator.section-1', 'example_subdag_operator.section-2', 'example_subdag_operator']) retrieved from /home/airflow/.local/lib/python3.7/site-packages/airflow/example_dags/example_subdag_operator.py
[2023-05-05T10:11:46.424+0000] {logging_mixin.py:149} INFO - [2023-05-05T10:11:46.424+0000] {dag.py:2726} INFO - Sync 3 DAGs
[2023-05-05T10:11:46.467+0000] {logging_mixin.py:149} INFO - [2023-05-05T10:11:46.467+0000] {dag.py:3490} INFO - Setting next_dagrun for example_subdag_operator to 2022-01-01T00:00:00+00:00, run_after=2022-01-01T00:00:00+00:00
[2023-05-05T10:11:46.473+0000] {logging_mixin.py:149} INFO - [2023-05-05T10:11:46.473+0000] {dag.py:3490} INFO - Setting next_dagrun for example_subdag_operator.section-1 to None, run_after=None
[2023-05-05T10:11:46.477+0000] {logging_mixin.py:149} INFO - [2023-05-05T10:11:46.476+0000] {dag.py:3490} INFO - Setting next_dagrun for example_subdag_operator.section-2 to None, run_after=None
[2023-05-05T10:11:46.490+0000] {logging_mixin.py:149} INFO - [2023-05-05T10:11:46.490+0000] {dag.py:2726} INFO - Sync 2 DAGs
[2023-05-05T10:11:46.499+0000] {logging_mixin.py:149} INFO - [2023-05-05T10:11:46.499+0000] {dag.py:3490} INFO - Setting next_dagrun for example_subdag_operator.section-1 to None, run_after=None
[2023-05-05T10:11:46.501+0000] {logging_mixin.py:149} INFO - [2023-05-05T10:11:46.501+0000] {dag.py:3490} INFO - Setting next_dagrun for example_subdag_operator.section-2 to None, run_after=None
[2023-05-05T10:11:46.517+0000] {processor.py:178} INFO - Processing /home/airflow/.local/lib/python3.7/site-packages/airflow/example_dags/example_subdag_operator.py took 0.186 seconds
[2023-05-05T10:12:16.934+0000] {processor.py:156} INFO - Started process (PID=106) to work on /home/airflow/.local/lib/python3.7/site-packages/airflow/example_dags/example_subdag_operator.py
[2023-05-05T10:12:16.936+0000] {processor.py:799} INFO - Processing file /home/airflow/.local/lib/python3.7/site-packages/airflow/example_dags/example_subdag_operator.py for tasks to queue
[2023-05-05T10:12:16.938+0000] {logging_mixin.py:149} INFO - [2023-05-05T10:12:16.937+0000] {dagbag.py:541} INFO - Filling up the DagBag from /home/airflow/.local/lib/python3.7/site-packages/airflow/example_dags/example_subdag_operator.py
[2023-05-05T10:12:16.971+0000] {processor.py:809} INFO - DAG(s) dict_keys(['example_subdag_operator.section-1', 'example_subdag_operator.section-2', 'example_subdag_operator']) retrieved from /home/airflow/.local/lib/python3.7/site-packages/airflow/example_dags/example_subdag_operator.py
[2023-05-05T10:12:16.997+0000] {logging_mixin.py:149} INFO - [2023-05-05T10:12:16.997+0000] {dag.py:2726} INFO - Sync 3 DAGs
[2023-05-05T10:12:17.028+0000] {logging_mixin.py:149} INFO - [2023-05-05T10:12:17.027+0000] {dag.py:3490} INFO - Setting next_dagrun for example_subdag_operator to 2022-01-01T00:00:00+00:00, run_after=2022-01-01T00:00:00+00:00
[2023-05-05T10:12:17.035+0000] {logging_mixin.py:149} INFO - [2023-05-05T10:12:17.035+0000] {dag.py:3490} INFO - Setting next_dagrun for example_subdag_operator.section-1 to None, run_after=None
[2023-05-05T10:12:17.038+0000] {logging_mixin.py:149} INFO - [2023-05-05T10:12:17.038+0000] {dag.py:3490} INFO - Setting next_dagrun for example_subdag_operator.section-2 to None, run_after=None
[2023-05-05T10:12:17.047+0000] {logging_mixin.py:149} INFO - [2023-05-05T10:12:17.047+0000] {dag.py:2726} INFO - Sync 2 DAGs
[2023-05-05T10:12:17.055+0000] {logging_mixin.py:149} INFO - [2023-05-05T10:12:17.055+0000] {dag.py:3490} INFO - Setting next_dagrun for example_subdag_operator.section-1 to None, run_after=None
[2023-05-05T10:12:17.056+0000] {logging_mixin.py:149} INFO - [2023-05-05T10:12:17.056+0000] {dag.py:3490} INFO - Setting next_dagrun for example_subdag_operator.section-2 to None, run_after=None
[2023-05-05T10:12:17.070+0000] {processor.py:178} INFO - Processing /home/airflow/.local/lib/python3.7/site-packages/airflow/example_dags/example_subdag_operator.py took 0.141 seconds
[2023-05-05T10:12:47.117+0000] {processor.py:156} INFO - Started process (PID=170) to work on /home/airflow/.local/lib/python3.7/site-packages/airflow/example_dags/example_subdag_operator.py
[2023-05-05T10:12:47.119+0000] {processor.py:799} INFO - Processing file /home/airflow/.local/lib/python3.7/site-packages/airflow/example_dags/example_subdag_operator.py for tasks to queue
[2023-05-05T10:12:47.120+0000] {logging_mixin.py:149} INFO - [2023-05-05T10:12:47.120+0000] {dagbag.py:541} INFO - Filling up the DagBag from /home/airflow/.local/lib/python3.7/site-packages/airflow/example_dags/example_subdag_operator.py
[2023-05-05T10:12:47.156+0000] {processor.py:809} INFO - DAG(s) dict_keys(['example_subdag_operator.section-1', 'example_subdag_operator.section-2', 'example_subdag_operator']) retrieved from /home/airflow/.local/lib/python3.7/site-packages/airflow/example_dags/example_subdag_operator.py
[2023-05-05T10:12:47.184+0000] {logging_mixin.py:149} INFO - [2023-05-05T10:12:47.184+0000] {dag.py:2726} INFO - Sync 3 DAGs
[2023-05-05T10:12:47.216+0000] {logging_mixin.py:149} INFO - [2023-05-05T10:12:47.215+0000] {dag.py:3490} INFO - Setting next_dagrun for example_subdag_operator to 2022-01-01T00:00:00+00:00, run_after=2022-01-01T00:00:00+00:00
[2023-05-05T10:12:47.220+0000] {logging_mixin.py:149} INFO - [2023-05-05T10:12:47.220+0000] {dag.py:3490} INFO - Setting next_dagrun for example_subdag_operator.section-1 to None, run_after=None
[2023-05-05T10:12:47.222+0000] {logging_mixin.py:149} INFO - [2023-05-05T10:12:47.222+0000] {dag.py:3490} INFO - Setting next_dagrun for example_subdag_operator.section-2 to None, run_after=None
[2023-05-05T10:12:47.231+0000] {logging_mixin.py:149} INFO - [2023-05-05T10:12:47.231+0000] {dag.py:2726} INFO - Sync 2 DAGs
[2023-05-05T10:12:47.238+0000] {logging_mixin.py:149} INFO - [2023-05-05T10:12:47.238+0000] {dag.py:3490} INFO - Setting next_dagrun for example_subdag_operator.section-1 to None, run_after=None
[2023-05-05T10:12:47.239+0000] {logging_mixin.py:149} INFO - [2023-05-05T10:12:47.239+0000] {dag.py:3490} INFO - Setting next_dagrun for example_subdag_operator.section-2 to None, run_after=None
[2023-05-05T10:12:47.251+0000] {processor.py:178} INFO - Processing /home/airflow/.local/lib/python3.7/site-packages/airflow/example_dags/example_subdag_operator.py took 0.139 seconds
[2023-05-05T10:13:17.446+0000] {processor.py:156} INFO - Started process (PID=234) to work on /home/airflow/.local/lib/python3.7/site-packages/airflow/example_dags/example_subdag_operator.py
[2023-05-05T10:13:17.448+0000] {processor.py:799} INFO - Processing file /home/airflow/.local/lib/python3.7/site-packages/airflow/example_dags/example_subdag_operator.py for tasks to queue
[2023-05-05T10:13:17.449+0000] {logging_mixin.py:149} INFO - [2023-05-05T10:13:17.449+0000] {dagbag.py:541} INFO - Filling up the DagBag from /home/airflow/.local/lib/python3.7/site-packages/airflow/example_dags/example_subdag_operator.py
[2023-05-05T10:13:17.482+0000] {processor.py:809} INFO - DAG(s) dict_keys(['example_subdag_operator.section-1', 'example_subdag_operator.section-2', 'example_subdag_operator']) retrieved from /home/airflow/.local/lib/python3.7/site-packages/airflow/example_dags/example_subdag_operator.py
[2023-05-05T10:13:17.507+0000] {logging_mixin.py:149} INFO - [2023-05-05T10:13:17.507+0000] {dag.py:2726} INFO - Sync 3 DAGs
[2023-05-05T10:13:17.536+0000] {logging_mixin.py:149} INFO - [2023-05-05T10:13:17.535+0000] {dag.py:3490} INFO - Setting next_dagrun for example_subdag_operator to 2022-01-01T00:00:00+00:00, run_after=2022-01-01T00:00:00+00:00
[2023-05-05T10:13:17.541+0000] {logging_mixin.py:149} INFO - [2023-05-05T10:13:17.541+0000] {dag.py:3490} INFO - Setting next_dagrun for example_subdag_operator.section-1 to None, run_after=None
[2023-05-05T10:13:17.543+0000] {logging_mixin.py:149} INFO - [2023-05-05T10:13:17.543+0000] {dag.py:3490} INFO - Setting next_dagrun for example_subdag_operator.section-2 to None, run_after=None
[2023-05-05T10:13:17.552+0000] {logging_mixin.py:149} INFO - [2023-05-05T10:13:17.552+0000] {dag.py:2726} INFO - Sync 2 DAGs
[2023-05-05T10:13:17.558+0000] {logging_mixin.py:149} INFO - [2023-05-05T10:13:17.558+0000] {dag.py:3490} INFO - Setting next_dagrun for example_subdag_operator.section-1 to None, run_after=None
[2023-05-05T10:13:17.560+0000] {logging_mixin.py:149} INFO - [2023-05-05T10:13:17.559+0000] {dag.py:3490} INFO - Setting next_dagrun for example_subdag_operator.section-2 to None, run_after=None
[2023-05-05T10:13:17.572+0000] {processor.py:178} INFO - Processing /home/airflow/.local/lib/python3.7/site-packages/airflow/example_dags/example_subdag_operator.py took 0.130 seconds
[2023-05-05T10:13:47.796+0000] {processor.py:156} INFO - Started process (PID=298) to work on /home/airflow/.local/lib/python3.7/site-packages/airflow/example_dags/example_subdag_operator.py
[2023-05-05T10:13:47.798+0000] {processor.py:799} INFO - Processing file /home/airflow/.local/lib/python3.7/site-packages/airflow/example_dags/example_subdag_operator.py for tasks to queue
[2023-05-05T10:13:47.800+0000] {logging_mixin.py:149} INFO - [2023-05-05T10:13:47.800+0000] {dagbag.py:541} INFO - Filling up the DagBag from /home/airflow/.local/lib/python3.7/site-packages/airflow/example_dags/example_subdag_operator.py
[2023-05-05T10:13:47.830+0000] {processor.py:809} INFO - DAG(s) dict_keys(['example_subdag_operator.section-1', 'example_subdag_operator.section-2', 'example_subdag_operator']) retrieved from /home/airflow/.local/lib/python3.7/site-packages/airflow/example_dags/example_subdag_operator.py
[2023-05-05T10:13:47.853+0000] {logging_mixin.py:149} INFO - [2023-05-05T10:13:47.853+0000] {dag.py:2726} INFO - Sync 3 DAGs
[2023-05-05T10:13:47.883+0000] {logging_mixin.py:149} INFO - [2023-05-05T10:13:47.882+0000] {dag.py:3490} INFO - Setting next_dagrun for example_subdag_operator to 2022-01-01T00:00:00+00:00, run_after=2022-01-01T00:00:00+00:00
[2023-05-05T10:13:47.888+0000] {logging_mixin.py:149} INFO - [2023-05-05T10:13:47.887+0000] {dag.py:3490} INFO - Setting next_dagrun for example_subdag_operator.section-1 to None, run_after=None
[2023-05-05T10:13:47.890+0000] {logging_mixin.py:149} INFO - [2023-05-05T10:13:47.890+0000] {dag.py:3490} INFO - Setting next_dagrun for example_subdag_operator.section-2 to None, run_after=None
[2023-05-05T10:13:47.900+0000] {logging_mixin.py:149} INFO - [2023-05-05T10:13:47.900+0000] {dag.py:2726} INFO - Sync 2 DAGs
[2023-05-05T10:13:47.907+0000] {logging_mixin.py:149} INFO - [2023-05-05T10:13:47.907+0000] {dag.py:3490} INFO - Setting next_dagrun for example_subdag_operator.section-1 to None, run_after=None
[2023-05-05T10:13:47.908+0000] {logging_mixin.py:149} INFO - [2023-05-05T10:13:47.908+0000] {dag.py:3490} INFO - Setting next_dagrun for example_subdag_operator.section-2 to None, run_after=None
[2023-05-05T10:13:47.922+0000] {processor.py:178} INFO - Processing /home/airflow/.local/lib/python3.7/site-packages/airflow/example_dags/example_subdag_operator.py took 0.130 seconds
[2023-05-05T10:14:18.798+0000] {processor.py:156} INFO - Started process (PID=362) to work on /home/airflow/.local/lib/python3.7/site-packages/airflow/example_dags/example_subdag_operator.py
[2023-05-05T10:14:18.800+0000] {processor.py:799} INFO - Processing file /home/airflow/.local/lib/python3.7/site-packages/airflow/example_dags/example_subdag_operator.py for tasks to queue
[2023-05-05T10:14:18.802+0000] {logging_mixin.py:149} INFO - [2023-05-05T10:14:18.802+0000] {dagbag.py:541} INFO - Filling up the DagBag from /home/airflow/.local/lib/python3.7/site-packages/airflow/example_dags/example_subdag_operator.py
[2023-05-05T10:14:18.837+0000] {processor.py:809} INFO - DAG(s) dict_keys(['example_subdag_operator.section-1', 'example_subdag_operator.section-2', 'example_subdag_operator']) retrieved from /home/airflow/.local/lib/python3.7/site-packages/airflow/example_dags/example_subdag_operator.py
[2023-05-05T10:14:18.864+0000] {logging_mixin.py:149} INFO - [2023-05-05T10:14:18.863+0000] {dag.py:2726} INFO - Sync 3 DAGs
[2023-05-05T10:14:18.893+0000] {logging_mixin.py:149} INFO - [2023-05-05T10:14:18.893+0000] {dag.py:3490} INFO - Setting next_dagrun for example_subdag_operator to 2022-01-01T00:00:00+00:00, run_after=2022-01-01T00:00:00+00:00
[2023-05-05T10:14:18.898+0000] {logging_mixin.py:149} INFO - [2023-05-05T10:14:18.898+0000] {dag.py:3490} INFO - Setting next_dagrun for example_subdag_operator.section-1 to None, run_after=None
[2023-05-05T10:14:18.901+0000] {logging_mixin.py:149} INFO - [2023-05-05T10:14:18.901+0000] {dag.py:3490} INFO - Setting next_dagrun for example_subdag_operator.section-2 to None, run_after=None
[2023-05-05T10:14:18.910+0000] {logging_mixin.py:149} INFO - [2023-05-05T10:14:18.910+0000] {dag.py:2726} INFO - Sync 2 DAGs
[2023-05-05T10:14:18.917+0000] {logging_mixin.py:149} INFO - [2023-05-05T10:14:18.917+0000] {dag.py:3490} INFO - Setting next_dagrun for example_subdag_operator.section-1 to None, run_after=None
[2023-05-05T10:14:18.919+0000] {logging_mixin.py:149} INFO - [2023-05-05T10:14:18.918+0000] {dag.py:3490} INFO - Setting next_dagrun for example_subdag_operator.section-2 to None, run_after=None
[2023-05-05T10:14:18.931+0000] {processor.py:178} INFO - Processing /home/airflow/.local/lib/python3.7/site-packages/airflow/example_dags/example_subdag_operator.py took 0.137 seconds
[2023-05-05T10:14:49.248+0000] {processor.py:156} INFO - Started process (PID=426) to work on /home/airflow/.local/lib/python3.7/site-packages/airflow/example_dags/example_subdag_operator.py
[2023-05-05T10:14:49.251+0000] {processor.py:799} INFO - Processing file /home/airflow/.local/lib/python3.7/site-packages/airflow/example_dags/example_subdag_operator.py for tasks to queue
[2023-05-05T10:14:49.254+0000] {logging_mixin.py:149} INFO - [2023-05-05T10:14:49.253+0000] {dagbag.py:541} INFO - Filling up the DagBag from /home/airflow/.local/lib/python3.7/site-packages/airflow/example_dags/example_subdag_operator.py
[2023-05-05T10:14:49.303+0000] {processor.py:809} INFO - DAG(s) dict_keys(['example_subdag_operator.section-1', 'example_subdag_operator.section-2', 'example_subdag_operator']) retrieved from /home/airflow/.local/lib/python3.7/site-packages/airflow/example_dags/example_subdag_operator.py
[2023-05-05T10:14:49.332+0000] {logging_mixin.py:149} INFO - [2023-05-05T10:14:49.332+0000] {dag.py:2726} INFO - Sync 3 DAGs
[2023-05-05T10:14:49.377+0000] {logging_mixin.py:149} INFO - [2023-05-05T10:14:49.377+0000] {dag.py:3490} INFO - Setting next_dagrun for example_subdag_operator to 2022-01-01T00:00:00+00:00, run_after=2022-01-01T00:00:00+00:00
[2023-05-05T10:14:49.385+0000] {logging_mixin.py:149} INFO - [2023-05-05T10:14:49.385+0000] {dag.py:3490} INFO - Setting next_dagrun for example_subdag_operator.section-1 to None, run_after=None
[2023-05-05T10:14:49.388+0000] {logging_mixin.py:149} INFO - [2023-05-05T10:14:49.388+0000] {dag.py:3490} INFO - Setting next_dagrun for example_subdag_operator.section-2 to None, run_after=None
[2023-05-05T10:14:49.405+0000] {logging_mixin.py:149} INFO - [2023-05-05T10:14:49.405+0000] {dag.py:2726} INFO - Sync 2 DAGs
[2023-05-05T10:14:49.414+0000] {logging_mixin.py:149} INFO - [2023-05-05T10:14:49.414+0000] {dag.py:3490} INFO - Setting next_dagrun for example_subdag_operator.section-1 to None, run_after=None
[2023-05-05T10:14:49.416+0000] {logging_mixin.py:149} INFO - [2023-05-05T10:14:49.416+0000] {dag.py:3490} INFO - Setting next_dagrun for example_subdag_operator.section-2 to None, run_after=None
[2023-05-05T10:14:49.434+0000] {processor.py:178} INFO - Processing /home/airflow/.local/lib/python3.7/site-packages/airflow/example_dags/example_subdag_operator.py took 0.193 seconds
[2023-05-05T10:15:19.661+0000] {processor.py:156} INFO - Started process (PID=490) to work on /home/airflow/.local/lib/python3.7/site-packages/airflow/example_dags/example_subdag_operator.py
[2023-05-05T10:15:19.664+0000] {processor.py:799} INFO - Processing file /home/airflow/.local/lib/python3.7/site-packages/airflow/example_dags/example_subdag_operator.py for tasks to queue
[2023-05-05T10:15:19.666+0000] {logging_mixin.py:149} INFO - [2023-05-05T10:15:19.666+0000] {dagbag.py:541} INFO - Filling up the DagBag from /home/airflow/.local/lib/python3.7/site-packages/airflow/example_dags/example_subdag_operator.py
[2023-05-05T10:15:19.703+0000] {processor.py:809} INFO - DAG(s) dict_keys(['example_subdag_operator.section-1', 'example_subdag_operator.section-2', 'example_subdag_operator']) retrieved from /home/airflow/.local/lib/python3.7/site-packages/airflow/example_dags/example_subdag_operator.py
[2023-05-05T10:15:19.732+0000] {logging_mixin.py:149} INFO - [2023-05-05T10:15:19.732+0000] {dag.py:2726} INFO - Sync 3 DAGs
[2023-05-05T10:15:19.769+0000] {logging_mixin.py:149} INFO - [2023-05-05T10:15:19.769+0000] {dag.py:3490} INFO - Setting next_dagrun for example_subdag_operator to 2022-01-01T00:00:00+00:00, run_after=2022-01-01T00:00:00+00:00
[2023-05-05T10:15:19.776+0000] {logging_mixin.py:149} INFO - [2023-05-05T10:15:19.775+0000] {dag.py:3490} INFO - Setting next_dagrun for example_subdag_operator.section-1 to None, run_after=None
[2023-05-05T10:15:19.779+0000] {logging_mixin.py:149} INFO - [2023-05-05T10:15:19.779+0000] {dag.py:3490} INFO - Setting next_dagrun for example_subdag_operator.section-2 to None, run_after=None
[2023-05-05T10:15:19.791+0000] {logging_mixin.py:149} INFO - [2023-05-05T10:15:19.791+0000] {dag.py:2726} INFO - Sync 2 DAGs
[2023-05-05T10:15:19.801+0000] {logging_mixin.py:149} INFO - [2023-05-05T10:15:19.801+0000] {dag.py:3490} INFO - Setting next_dagrun for example_subdag_operator.section-1 to None, run_after=None
[2023-05-05T10:15:19.804+0000] {logging_mixin.py:149} INFO - [2023-05-05T10:15:19.804+0000] {dag.py:3490} INFO - Setting next_dagrun for example_subdag_operator.section-2 to None, run_after=None
[2023-05-05T10:15:19.821+0000] {processor.py:178} INFO - Processing /home/airflow/.local/lib/python3.7/site-packages/airflow/example_dags/example_subdag_operator.py took 0.164 seconds
[2023-05-05T10:15:51.169+0000] {processor.py:156} INFO - Started process (PID=554) to work on /home/airflow/.local/lib/python3.7/site-packages/airflow/example_dags/example_subdag_operator.py
[2023-05-05T10:15:51.173+0000] {processor.py:799} INFO - Processing file /home/airflow/.local/lib/python3.7/site-packages/airflow/example_dags/example_subdag_operator.py for tasks to queue
[2023-05-05T10:15:51.177+0000] {logging_mixin.py:149} INFO - [2023-05-05T10:15:51.177+0000] {dagbag.py:541} INFO - Filling up the DagBag from /home/airflow/.local/lib/python3.7/site-packages/airflow/example_dags/example_subdag_operator.py
[2023-05-05T10:15:51.228+0000] {processor.py:809} INFO - DAG(s) dict_keys(['example_subdag_operator.section-1', 'example_subdag_operator.section-2', 'example_subdag_operator']) retrieved from /home/airflow/.local/lib/python3.7/site-packages/airflow/example_dags/example_subdag_operator.py
[2023-05-05T10:15:51.267+0000] {logging_mixin.py:149} INFO - [2023-05-05T10:15:51.267+0000] {dag.py:2726} INFO - Sync 3 DAGs
[2023-05-05T10:15:51.319+0000] {logging_mixin.py:149} INFO - [2023-05-05T10:15:51.318+0000] {dag.py:3490} INFO - Setting next_dagrun for example_subdag_operator to 2022-01-01T00:00:00+00:00, run_after=2022-01-01T00:00:00+00:00
[2023-05-05T10:15:51.327+0000] {logging_mixin.py:149} INFO - [2023-05-05T10:15:51.327+0000] {dag.py:3490} INFO - Setting next_dagrun for example_subdag_operator.section-1 to None, run_after=None
[2023-05-05T10:15:51.332+0000] {logging_mixin.py:149} INFO - [2023-05-05T10:15:51.332+0000] {dag.py:3490} INFO - Setting next_dagrun for example_subdag_operator.section-2 to None, run_after=None
[2023-05-05T10:15:51.352+0000] {logging_mixin.py:149} INFO - [2023-05-05T10:15:51.352+0000] {dag.py:2726} INFO - Sync 2 DAGs
[2023-05-05T10:15:51.364+0000] {logging_mixin.py:149} INFO - [2023-05-05T10:15:51.364+0000] {dag.py:3490} INFO - Setting next_dagrun for example_subdag_operator.section-1 to None, run_after=None
[2023-05-05T10:15:51.366+0000] {logging_mixin.py:149} INFO - [2023-05-05T10:15:51.366+0000] {dag.py:3490} INFO - Setting next_dagrun for example_subdag_operator.section-2 to None, run_after=None
[2023-05-05T10:15:51.388+0000] {processor.py:178} INFO - Processing /home/airflow/.local/lib/python3.7/site-packages/airflow/example_dags/example_subdag_operator.py took 0.227 seconds
[2023-05-05T10:16:21.683+0000] {processor.py:156} INFO - Started process (PID=618) to work on /home/airflow/.local/lib/python3.7/site-packages/airflow/example_dags/example_subdag_operator.py
[2023-05-05T10:16:21.686+0000] {processor.py:799} INFO - Processing file /home/airflow/.local/lib/python3.7/site-packages/airflow/example_dags/example_subdag_operator.py for tasks to queue
[2023-05-05T10:16:21.689+0000] {logging_mixin.py:149} INFO - [2023-05-05T10:16:21.689+0000] {dagbag.py:541} INFO - Filling up the DagBag from /home/airflow/.local/lib/python3.7/site-packages/airflow/example_dags/example_subdag_operator.py
[2023-05-05T10:16:21.743+0000] {processor.py:809} INFO - DAG(s) dict_keys(['example_subdag_operator.section-1', 'example_subdag_operator.section-2', 'example_subdag_operator']) retrieved from /home/airflow/.local/lib/python3.7/site-packages/airflow/example_dags/example_subdag_operator.py
[2023-05-05T10:16:21.777+0000] {logging_mixin.py:149} INFO - [2023-05-05T10:16:21.777+0000] {dag.py:2726} INFO - Sync 3 DAGs
[2023-05-05T10:16:21.815+0000] {logging_mixin.py:149} INFO - [2023-05-05T10:16:21.814+0000] {dag.py:3490} INFO - Setting next_dagrun for example_subdag_operator to 2022-01-01T00:00:00+00:00, run_after=2022-01-01T00:00:00+00:00
[2023-05-05T10:16:21.822+0000] {logging_mixin.py:149} INFO - [2023-05-05T10:16:21.822+0000] {dag.py:3490} INFO - Setting next_dagrun for example_subdag_operator.section-1 to None, run_after=None
[2023-05-05T10:16:21.826+0000] {logging_mixin.py:149} INFO - [2023-05-05T10:16:21.826+0000] {dag.py:3490} INFO - Setting next_dagrun for example_subdag_operator.section-2 to None, run_after=None
[2023-05-05T10:16:21.838+0000] {logging_mixin.py:149} INFO - [2023-05-05T10:16:21.838+0000] {dag.py:2726} INFO - Sync 2 DAGs
[2023-05-05T10:16:21.847+0000] {logging_mixin.py:149} INFO - [2023-05-05T10:16:21.847+0000] {dag.py:3490} INFO - Setting next_dagrun for example_subdag_operator.section-1 to None, run_after=None
[2023-05-05T10:16:21.848+0000] {logging_mixin.py:149} INFO - [2023-05-05T10:16:21.848+0000] {dag.py:3490} INFO - Setting next_dagrun for example_subdag_operator.section-2 to None, run_after=None
[2023-05-05T10:16:21.865+0000] {processor.py:178} INFO - Processing /home/airflow/.local/lib/python3.7/site-packages/airflow/example_dags/example_subdag_operator.py took 0.189 seconds
[2023-05-05T10:16:52.655+0000] {processor.py:156} INFO - Started process (PID=682) to work on /home/airflow/.local/lib/python3.7/site-packages/airflow/example_dags/example_subdag_operator.py
[2023-05-05T10:16:52.659+0000] {processor.py:799} INFO - Processing file /home/airflow/.local/lib/python3.7/site-packages/airflow/example_dags/example_subdag_operator.py for tasks to queue
[2023-05-05T10:16:52.665+0000] {logging_mixin.py:149} INFO - [2023-05-05T10:16:52.664+0000] {dagbag.py:541} INFO - Filling up the DagBag from /home/airflow/.local/lib/python3.7/site-packages/airflow/example_dags/example_subdag_operator.py
[2023-05-05T10:16:52.734+0000] {processor.py:809} INFO - DAG(s) dict_keys(['example_subdag_operator.section-1', 'example_subdag_operator.section-2', 'example_subdag_operator']) retrieved from /home/airflow/.local/lib/python3.7/site-packages/airflow/example_dags/example_subdag_operator.py
[2023-05-05T10:16:52.775+0000] {logging_mixin.py:149} INFO - [2023-05-05T10:16:52.775+0000] {dag.py:2726} INFO - Sync 3 DAGs
[2023-05-05T10:16:52.819+0000] {logging_mixin.py:149} INFO - [2023-05-05T10:16:52.819+0000] {dag.py:3490} INFO - Setting next_dagrun for example_subdag_operator to 2022-01-01T00:00:00+00:00, run_after=2022-01-01T00:00:00+00:00
[2023-05-05T10:16:52.828+0000] {logging_mixin.py:149} INFO - [2023-05-05T10:16:52.827+0000] {dag.py:3490} INFO - Setting next_dagrun for example_subdag_operator.section-1 to None, run_after=None
[2023-05-05T10:16:52.831+0000] {logging_mixin.py:149} INFO - [2023-05-05T10:16:52.831+0000] {dag.py:3490} INFO - Setting next_dagrun for example_subdag_operator.section-2 to None, run_after=None
[2023-05-05T10:16:52.843+0000] {logging_mixin.py:149} INFO - [2023-05-05T10:16:52.843+0000] {dag.py:2726} INFO - Sync 2 DAGs
[2023-05-05T10:16:52.854+0000] {logging_mixin.py:149} INFO - [2023-05-05T10:16:52.854+0000] {dag.py:3490} INFO - Setting next_dagrun for example_subdag_operator.section-1 to None, run_after=None
[2023-05-05T10:16:52.856+0000] {logging_mixin.py:149} INFO - [2023-05-05T10:16:52.855+0000] {dag.py:3490} INFO - Setting next_dagrun for example_subdag_operator.section-2 to None, run_after=None
[2023-05-05T10:16:52.872+0000] {processor.py:178} INFO - Processing /home/airflow/.local/lib/python3.7/site-packages/airflow/example_dags/example_subdag_operator.py took 0.227 seconds
