[2023-05-05T10:11:48.262+0000] {processor.py:156} INFO - Started process (PID=52) to work on /home/airflow/.local/lib/python3.7/site-packages/airflow/example_dags/example_branch_operator_decorator.py
[2023-05-05T10:11:48.265+0000] {processor.py:799} INFO - Processing file /home/airflow/.local/lib/python3.7/site-packages/airflow/example_dags/example_branch_operator_decorator.py for tasks to queue
[2023-05-05T10:11:48.269+0000] {logging_mixin.py:149} INFO - [2023-05-05T10:11:48.268+0000] {dagbag.py:541} INFO - Filling up the DagBag from /home/airflow/.local/lib/python3.7/site-packages/airflow/example_dags/example_branch_operator_decorator.py
[2023-05-05T10:11:48.294+0000] {processor.py:809} INFO - DAG(s) dict_keys(['example_branch_python_operator_decorator']) retrieved from /home/airflow/.local/lib/python3.7/site-packages/airflow/example_dags/example_branch_operator_decorator.py
[2023-05-05T10:11:48.354+0000] {logging_mixin.py:149} INFO - [2023-05-05T10:11:48.354+0000] {dag.py:2726} INFO - Sync 1 DAGs
[2023-05-05T10:11:48.409+0000] {logging_mixin.py:149} INFO - [2023-05-05T10:11:48.409+0000] {dag.py:3490} INFO - Setting next_dagrun for example_branch_python_operator_decorator to 2023-05-04T00:00:00+00:00, run_after=2023-05-05T00:00:00+00:00
[2023-05-05T10:11:48.449+0000] {processor.py:178} INFO - Processing /home/airflow/.local/lib/python3.7/site-packages/airflow/example_dags/example_branch_operator_decorator.py took 0.193 seconds
[2023-05-05T10:12:18.743+0000] {processor.py:156} INFO - Started process (PID=116) to work on /home/airflow/.local/lib/python3.7/site-packages/airflow/example_dags/example_branch_operator_decorator.py
[2023-05-05T10:12:18.746+0000] {processor.py:799} INFO - Processing file /home/airflow/.local/lib/python3.7/site-packages/airflow/example_dags/example_branch_operator_decorator.py for tasks to queue
[2023-05-05T10:12:18.747+0000] {logging_mixin.py:149} INFO - [2023-05-05T10:12:18.747+0000] {dagbag.py:541} INFO - Filling up the DagBag from /home/airflow/.local/lib/python3.7/site-packages/airflow/example_dags/example_branch_operator_decorator.py
[2023-05-05T10:12:18.761+0000] {processor.py:809} INFO - DAG(s) dict_keys(['example_branch_python_operator_decorator']) retrieved from /home/airflow/.local/lib/python3.7/site-packages/airflow/example_dags/example_branch_operator_decorator.py
[2023-05-05T10:12:18.800+0000] {logging_mixin.py:149} INFO - [2023-05-05T10:12:18.800+0000] {dag.py:2726} INFO - Sync 1 DAGs
[2023-05-05T10:12:18.832+0000] {logging_mixin.py:149} INFO - [2023-05-05T10:12:18.832+0000] {dag.py:3490} INFO - Setting next_dagrun for example_branch_python_operator_decorator to 2023-05-04T00:00:00+00:00, run_after=2023-05-05T00:00:00+00:00
[2023-05-05T10:12:18.852+0000] {processor.py:178} INFO - Processing /home/airflow/.local/lib/python3.7/site-packages/airflow/example_dags/example_branch_operator_decorator.py took 0.114 seconds
[2023-05-05T10:12:48.957+0000] {processor.py:156} INFO - Started process (PID=180) to work on /home/airflow/.local/lib/python3.7/site-packages/airflow/example_dags/example_branch_operator_decorator.py
[2023-05-05T10:12:48.959+0000] {processor.py:799} INFO - Processing file /home/airflow/.local/lib/python3.7/site-packages/airflow/example_dags/example_branch_operator_decorator.py for tasks to queue
[2023-05-05T10:12:48.961+0000] {logging_mixin.py:149} INFO - [2023-05-05T10:12:48.961+0000] {dagbag.py:541} INFO - Filling up the DagBag from /home/airflow/.local/lib/python3.7/site-packages/airflow/example_dags/example_branch_operator_decorator.py
[2023-05-05T10:12:48.980+0000] {processor.py:809} INFO - DAG(s) dict_keys(['example_branch_python_operator_decorator']) retrieved from /home/airflow/.local/lib/python3.7/site-packages/airflow/example_dags/example_branch_operator_decorator.py
[2023-05-05T10:12:49.016+0000] {logging_mixin.py:149} INFO - [2023-05-05T10:12:49.016+0000] {dag.py:2726} INFO - Sync 1 DAGs
[2023-05-05T10:12:49.047+0000] {logging_mixin.py:149} INFO - [2023-05-05T10:12:49.047+0000] {dag.py:3490} INFO - Setting next_dagrun for example_branch_python_operator_decorator to 2023-05-04T00:00:00+00:00, run_after=2023-05-05T00:00:00+00:00
[2023-05-05T10:12:49.070+0000] {processor.py:178} INFO - Processing /home/airflow/.local/lib/python3.7/site-packages/airflow/example_dags/example_branch_operator_decorator.py took 0.118 seconds
[2023-05-05T10:13:19.235+0000] {processor.py:156} INFO - Started process (PID=244) to work on /home/airflow/.local/lib/python3.7/site-packages/airflow/example_dags/example_branch_operator_decorator.py
[2023-05-05T10:13:19.238+0000] {processor.py:799} INFO - Processing file /home/airflow/.local/lib/python3.7/site-packages/airflow/example_dags/example_branch_operator_decorator.py for tasks to queue
[2023-05-05T10:13:19.240+0000] {logging_mixin.py:149} INFO - [2023-05-05T10:13:19.240+0000] {dagbag.py:541} INFO - Filling up the DagBag from /home/airflow/.local/lib/python3.7/site-packages/airflow/example_dags/example_branch_operator_decorator.py
[2023-05-05T10:13:19.256+0000] {processor.py:809} INFO - DAG(s) dict_keys(['example_branch_python_operator_decorator']) retrieved from /home/airflow/.local/lib/python3.7/site-packages/airflow/example_dags/example_branch_operator_decorator.py
[2023-05-05T10:13:19.291+0000] {logging_mixin.py:149} INFO - [2023-05-05T10:13:19.291+0000] {dag.py:2726} INFO - Sync 1 DAGs
[2023-05-05T10:13:19.322+0000] {logging_mixin.py:149} INFO - [2023-05-05T10:13:19.322+0000] {dag.py:3490} INFO - Setting next_dagrun for example_branch_python_operator_decorator to 2023-05-04T00:00:00+00:00, run_after=2023-05-05T00:00:00+00:00
[2023-05-05T10:13:19.344+0000] {processor.py:178} INFO - Processing /home/airflow/.local/lib/python3.7/site-packages/airflow/example_dags/example_branch_operator_decorator.py took 0.114 seconds
[2023-05-05T10:13:49.382+0000] {processor.py:156} INFO - Started process (PID=307) to work on /home/airflow/.local/lib/python3.7/site-packages/airflow/example_dags/example_branch_operator_decorator.py
[2023-05-05T10:13:49.385+0000] {processor.py:799} INFO - Processing file /home/airflow/.local/lib/python3.7/site-packages/airflow/example_dags/example_branch_operator_decorator.py for tasks to queue
[2023-05-05T10:13:49.386+0000] {logging_mixin.py:149} INFO - [2023-05-05T10:13:49.386+0000] {dagbag.py:541} INFO - Filling up the DagBag from /home/airflow/.local/lib/python3.7/site-packages/airflow/example_dags/example_branch_operator_decorator.py
[2023-05-05T10:13:49.400+0000] {processor.py:809} INFO - DAG(s) dict_keys(['example_branch_python_operator_decorator']) retrieved from /home/airflow/.local/lib/python3.7/site-packages/airflow/example_dags/example_branch_operator_decorator.py
[2023-05-05T10:13:49.439+0000] {logging_mixin.py:149} INFO - [2023-05-05T10:13:49.439+0000] {dag.py:2726} INFO - Sync 1 DAGs
[2023-05-05T10:13:49.472+0000] {logging_mixin.py:149} INFO - [2023-05-05T10:13:49.472+0000] {dag.py:3490} INFO - Setting next_dagrun for example_branch_python_operator_decorator to 2023-05-04T00:00:00+00:00, run_after=2023-05-05T00:00:00+00:00
[2023-05-05T10:13:49.495+0000] {processor.py:178} INFO - Processing /home/airflow/.local/lib/python3.7/site-packages/airflow/example_dags/example_branch_operator_decorator.py took 0.117 seconds
[2023-05-05T10:14:20.600+0000] {processor.py:156} INFO - Started process (PID=372) to work on /home/airflow/.local/lib/python3.7/site-packages/airflow/example_dags/example_branch_operator_decorator.py
[2023-05-05T10:14:20.602+0000] {processor.py:799} INFO - Processing file /home/airflow/.local/lib/python3.7/site-packages/airflow/example_dags/example_branch_operator_decorator.py for tasks to queue
[2023-05-05T10:14:20.604+0000] {logging_mixin.py:149} INFO - [2023-05-05T10:14:20.604+0000] {dagbag.py:541} INFO - Filling up the DagBag from /home/airflow/.local/lib/python3.7/site-packages/airflow/example_dags/example_branch_operator_decorator.py
[2023-05-05T10:14:20.618+0000] {processor.py:809} INFO - DAG(s) dict_keys(['example_branch_python_operator_decorator']) retrieved from /home/airflow/.local/lib/python3.7/site-packages/airflow/example_dags/example_branch_operator_decorator.py
[2023-05-05T10:14:20.657+0000] {logging_mixin.py:149} INFO - [2023-05-05T10:14:20.657+0000] {dag.py:2726} INFO - Sync 1 DAGs
[2023-05-05T10:14:20.692+0000] {logging_mixin.py:149} INFO - [2023-05-05T10:14:20.692+0000] {dag.py:3490} INFO - Setting next_dagrun for example_branch_python_operator_decorator to 2023-05-04T00:00:00+00:00, run_after=2023-05-05T00:00:00+00:00
[2023-05-05T10:14:20.718+0000] {processor.py:178} INFO - Processing /home/airflow/.local/lib/python3.7/site-packages/airflow/example_dags/example_branch_operator_decorator.py took 0.123 seconds
[2023-05-05T10:14:51.273+0000] {processor.py:156} INFO - Started process (PID=436) to work on /home/airflow/.local/lib/python3.7/site-packages/airflow/example_dags/example_branch_operator_decorator.py
[2023-05-05T10:14:51.276+0000] {processor.py:799} INFO - Processing file /home/airflow/.local/lib/python3.7/site-packages/airflow/example_dags/example_branch_operator_decorator.py for tasks to queue
[2023-05-05T10:14:51.278+0000] {logging_mixin.py:149} INFO - [2023-05-05T10:14:51.278+0000] {dagbag.py:541} INFO - Filling up the DagBag from /home/airflow/.local/lib/python3.7/site-packages/airflow/example_dags/example_branch_operator_decorator.py
[2023-05-05T10:14:51.295+0000] {processor.py:809} INFO - DAG(s) dict_keys(['example_branch_python_operator_decorator']) retrieved from /home/airflow/.local/lib/python3.7/site-packages/airflow/example_dags/example_branch_operator_decorator.py
[2023-05-05T10:14:51.337+0000] {logging_mixin.py:149} INFO - [2023-05-05T10:14:51.337+0000] {dag.py:2726} INFO - Sync 1 DAGs
[2023-05-05T10:14:51.378+0000] {logging_mixin.py:149} INFO - [2023-05-05T10:14:51.378+0000] {dag.py:3490} INFO - Setting next_dagrun for example_branch_python_operator_decorator to 2023-05-04T00:00:00+00:00, run_after=2023-05-05T00:00:00+00:00
[2023-05-05T10:14:51.406+0000] {processor.py:178} INFO - Processing /home/airflow/.local/lib/python3.7/site-packages/airflow/example_dags/example_branch_operator_decorator.py took 0.139 seconds
[2023-05-05T10:15:21.983+0000] {processor.py:156} INFO - Started process (PID=500) to work on /home/airflow/.local/lib/python3.7/site-packages/airflow/example_dags/example_branch_operator_decorator.py
[2023-05-05T10:15:21.986+0000] {processor.py:799} INFO - Processing file /home/airflow/.local/lib/python3.7/site-packages/airflow/example_dags/example_branch_operator_decorator.py for tasks to queue
[2023-05-05T10:15:21.989+0000] {logging_mixin.py:149} INFO - [2023-05-05T10:15:21.988+0000] {dagbag.py:541} INFO - Filling up the DagBag from /home/airflow/.local/lib/python3.7/site-packages/airflow/example_dags/example_branch_operator_decorator.py
[2023-05-05T10:15:22.007+0000] {processor.py:809} INFO - DAG(s) dict_keys(['example_branch_python_operator_decorator']) retrieved from /home/airflow/.local/lib/python3.7/site-packages/airflow/example_dags/example_branch_operator_decorator.py
[2023-05-05T10:15:22.045+0000] {logging_mixin.py:149} INFO - [2023-05-05T10:15:22.045+0000] {dag.py:2726} INFO - Sync 1 DAGs
[2023-05-05T10:15:22.091+0000] {logging_mixin.py:149} INFO - [2023-05-05T10:15:22.091+0000] {dag.py:3490} INFO - Setting next_dagrun for example_branch_python_operator_decorator to 2023-05-04T00:00:00+00:00, run_after=2023-05-05T00:00:00+00:00
[2023-05-05T10:15:22.121+0000] {processor.py:178} INFO - Processing /home/airflow/.local/lib/python3.7/site-packages/airflow/example_dags/example_branch_operator_decorator.py took 0.144 seconds
[2023-05-05T10:15:52.505+0000] {processor.py:156} INFO - Started process (PID=564) to work on /home/airflow/.local/lib/python3.7/site-packages/airflow/example_dags/example_branch_operator_decorator.py
[2023-05-05T10:15:52.509+0000] {processor.py:799} INFO - Processing file /home/airflow/.local/lib/python3.7/site-packages/airflow/example_dags/example_branch_operator_decorator.py for tasks to queue
[2023-05-05T10:15:52.511+0000] {logging_mixin.py:149} INFO - [2023-05-05T10:15:52.511+0000] {dagbag.py:541} INFO - Filling up the DagBag from /home/airflow/.local/lib/python3.7/site-packages/airflow/example_dags/example_branch_operator_decorator.py
[2023-05-05T10:15:52.527+0000] {processor.py:809} INFO - DAG(s) dict_keys(['example_branch_python_operator_decorator']) retrieved from /home/airflow/.local/lib/python3.7/site-packages/airflow/example_dags/example_branch_operator_decorator.py
[2023-05-05T10:15:52.575+0000] {logging_mixin.py:149} INFO - [2023-05-05T10:15:52.575+0000] {dag.py:2726} INFO - Sync 1 DAGs
[2023-05-05T10:15:52.613+0000] {logging_mixin.py:149} INFO - [2023-05-05T10:15:52.612+0000] {dag.py:3490} INFO - Setting next_dagrun for example_branch_python_operator_decorator to 2023-05-04T00:00:00+00:00, run_after=2023-05-05T00:00:00+00:00
[2023-05-05T10:15:52.639+0000] {processor.py:178} INFO - Processing /home/airflow/.local/lib/python3.7/site-packages/airflow/example_dags/example_branch_operator_decorator.py took 0.141 seconds
[2023-05-05T10:16:23.788+0000] {processor.py:156} INFO - Started process (PID=628) to work on /home/airflow/.local/lib/python3.7/site-packages/airflow/example_dags/example_branch_operator_decorator.py
[2023-05-05T10:16:23.791+0000] {processor.py:799} INFO - Processing file /home/airflow/.local/lib/python3.7/site-packages/airflow/example_dags/example_branch_operator_decorator.py for tasks to queue
[2023-05-05T10:16:23.793+0000] {logging_mixin.py:149} INFO - [2023-05-05T10:16:23.793+0000] {dagbag.py:541} INFO - Filling up the DagBag from /home/airflow/.local/lib/python3.7/site-packages/airflow/example_dags/example_branch_operator_decorator.py
[2023-05-05T10:16:23.809+0000] {processor.py:809} INFO - DAG(s) dict_keys(['example_branch_python_operator_decorator']) retrieved from /home/airflow/.local/lib/python3.7/site-packages/airflow/example_dags/example_branch_operator_decorator.py
[2023-05-05T10:16:23.846+0000] {logging_mixin.py:149} INFO - [2023-05-05T10:16:23.845+0000] {dag.py:2726} INFO - Sync 1 DAGs
[2023-05-05T10:16:23.880+0000] {logging_mixin.py:149} INFO - [2023-05-05T10:16:23.880+0000] {dag.py:3490} INFO - Setting next_dagrun for example_branch_python_operator_decorator to 2023-05-04T00:00:00+00:00, run_after=2023-05-05T00:00:00+00:00
[2023-05-05T10:16:23.906+0000] {processor.py:178} INFO - Processing /home/airflow/.local/lib/python3.7/site-packages/airflow/example_dags/example_branch_operator_decorator.py took 0.123 seconds
[2023-05-05T10:16:54.951+0000] {processor.py:156} INFO - Started process (PID=692) to work on /home/airflow/.local/lib/python3.7/site-packages/airflow/example_dags/example_branch_operator_decorator.py
[2023-05-05T10:16:54.954+0000] {processor.py:799} INFO - Processing file /home/airflow/.local/lib/python3.7/site-packages/airflow/example_dags/example_branch_operator_decorator.py for tasks to queue
[2023-05-05T10:16:54.956+0000] {logging_mixin.py:149} INFO - [2023-05-05T10:16:54.956+0000] {dagbag.py:541} INFO - Filling up the DagBag from /home/airflow/.local/lib/python3.7/site-packages/airflow/example_dags/example_branch_operator_decorator.py
[2023-05-05T10:16:54.974+0000] {processor.py:809} INFO - DAG(s) dict_keys(['example_branch_python_operator_decorator']) retrieved from /home/airflow/.local/lib/python3.7/site-packages/airflow/example_dags/example_branch_operator_decorator.py
[2023-05-05T10:16:55.015+0000] {logging_mixin.py:149} INFO - [2023-05-05T10:16:55.015+0000] {dag.py:2726} INFO - Sync 1 DAGs
[2023-05-05T10:16:55.054+0000] {logging_mixin.py:149} INFO - [2023-05-05T10:16:55.054+0000] {dag.py:3490} INFO - Setting next_dagrun for example_branch_python_operator_decorator to 2023-05-04T00:00:00+00:00, run_after=2023-05-05T00:00:00+00:00
[2023-05-05T10:16:55.084+0000] {processor.py:178} INFO - Processing /home/airflow/.local/lib/python3.7/site-packages/airflow/example_dags/example_branch_operator_decorator.py took 0.137 seconds
