[2023-05-05T10:11:49.007+0000] {processor.py:156} INFO - Started process (PID=58) to work on /home/airflow/.local/lib/python3.7/site-packages/airflow/example_dags/example_datasets.py
[2023-05-05T10:11:49.013+0000] {processor.py:799} INFO - Processing file /home/airflow/.local/lib/python3.7/site-packages/airflow/example_dags/example_datasets.py for tasks to queue
[2023-05-05T10:11:49.017+0000] {logging_mixin.py:149} INFO - [2023-05-05T10:11:49.016+0000] {dagbag.py:541} INFO - Filling up the DagBag from /home/airflow/.local/lib/python3.7/site-packages/airflow/example_dags/example_datasets.py
[2023-05-05T10:11:49.040+0000] {processor.py:809} INFO - DAG(s) dict_keys(['dataset_produces_2', 'dataset_consumes_1_never_scheduled', 'dataset_produces_1', 'dataset_consumes_1_and_2', 'dataset_consumes_1', 'dataset_consumes_unknown_never_scheduled']) retrieved from /home/airflow/.local/lib/python3.7/site-packages/airflow/example_dags/example_datasets.py
[2023-05-05T10:11:49.229+0000] {logging_mixin.py:149} INFO - [2023-05-05T10:11:49.228+0000] {dag.py:2726} INFO - Sync 6 DAGs
[2023-05-05T10:11:49.276+0000] {logging_mixin.py:149} INFO - [2023-05-05T10:11:49.276+0000] {dag.py:3490} INFO - Setting next_dagrun for dataset_consumes_1 to None, run_after=None
[2023-05-05T10:11:49.285+0000] {logging_mixin.py:149} INFO - [2023-05-05T10:11:49.284+0000] {dag.py:3490} INFO - Setting next_dagrun for dataset_consumes_1_and_2 to None, run_after=None
[2023-05-05T10:11:49.290+0000] {logging_mixin.py:149} INFO - [2023-05-05T10:11:49.289+0000] {dag.py:3490} INFO - Setting next_dagrun for dataset_consumes_1_never_scheduled to None, run_after=None
[2023-05-05T10:11:49.293+0000] {logging_mixin.py:149} INFO - [2023-05-05T10:11:49.292+0000] {dag.py:3490} INFO - Setting next_dagrun for dataset_consumes_unknown_never_scheduled to None, run_after=None
[2023-05-05T10:11:49.301+0000] {logging_mixin.py:149} INFO - [2023-05-05T10:11:49.300+0000] {dag.py:3490} INFO - Setting next_dagrun for dataset_produces_1 to 2023-05-04T00:00:00+00:00, run_after=2023-05-05T00:00:00+00:00
[2023-05-05T10:11:49.305+0000] {logging_mixin.py:149} INFO - [2023-05-05T10:11:49.305+0000] {dag.py:3490} INFO - Setting next_dagrun for dataset_produces_2 to None, run_after=None
[2023-05-05T10:11:49.394+0000] {processor.py:178} INFO - Processing /home/airflow/.local/lib/python3.7/site-packages/airflow/example_dags/example_datasets.py took 0.393 seconds
[2023-05-05T10:12:20.168+0000] {processor.py:156} INFO - Started process (PID=122) to work on /home/airflow/.local/lib/python3.7/site-packages/airflow/example_dags/example_datasets.py
[2023-05-05T10:12:20.171+0000] {processor.py:799} INFO - Processing file /home/airflow/.local/lib/python3.7/site-packages/airflow/example_dags/example_datasets.py for tasks to queue
[2023-05-05T10:12:20.173+0000] {logging_mixin.py:149} INFO - [2023-05-05T10:12:20.173+0000] {dagbag.py:541} INFO - Filling up the DagBag from /home/airflow/.local/lib/python3.7/site-packages/airflow/example_dags/example_datasets.py
[2023-05-05T10:12:20.186+0000] {processor.py:809} INFO - DAG(s) dict_keys(['dataset_consumes_1', 'dataset_produces_1', 'dataset_produces_2', 'dataset_consumes_1_and_2', 'dataset_consumes_1_never_scheduled', 'dataset_consumes_unknown_never_scheduled']) retrieved from /home/airflow/.local/lib/python3.7/site-packages/airflow/example_dags/example_datasets.py
[2023-05-05T10:12:20.232+0000] {logging_mixin.py:149} INFO - [2023-05-05T10:12:20.232+0000] {dag.py:2726} INFO - Sync 6 DAGs
[2023-05-05T10:12:20.263+0000] {logging_mixin.py:149} INFO - [2023-05-05T10:12:20.262+0000] {dag.py:3490} INFO - Setting next_dagrun for dataset_consumes_1 to None, run_after=None
[2023-05-05T10:12:20.267+0000] {logging_mixin.py:149} INFO - [2023-05-05T10:12:20.267+0000] {dag.py:3490} INFO - Setting next_dagrun for dataset_consumes_1_and_2 to None, run_after=None
[2023-05-05T10:12:20.269+0000] {logging_mixin.py:149} INFO - [2023-05-05T10:12:20.269+0000] {dag.py:3490} INFO - Setting next_dagrun for dataset_consumes_1_never_scheduled to None, run_after=None
[2023-05-05T10:12:20.271+0000] {logging_mixin.py:149} INFO - [2023-05-05T10:12:20.271+0000] {dag.py:3490} INFO - Setting next_dagrun for dataset_consumes_unknown_never_scheduled to None, run_after=None
[2023-05-05T10:12:20.276+0000] {logging_mixin.py:149} INFO - [2023-05-05T10:12:20.276+0000] {dag.py:3490} INFO - Setting next_dagrun for dataset_produces_1 to 2023-05-04T00:00:00+00:00, run_after=2023-05-05T00:00:00+00:00
[2023-05-05T10:12:20.278+0000] {logging_mixin.py:149} INFO - [2023-05-05T10:12:20.278+0000] {dag.py:3490} INFO - Setting next_dagrun for dataset_produces_2 to None, run_after=None
[2023-05-05T10:12:20.315+0000] {processor.py:178} INFO - Processing /home/airflow/.local/lib/python3.7/site-packages/airflow/example_dags/example_datasets.py took 0.152 seconds
[2023-05-05T10:12:50.524+0000] {processor.py:156} INFO - Started process (PID=186) to work on /home/airflow/.local/lib/python3.7/site-packages/airflow/example_dags/example_datasets.py
[2023-05-05T10:12:50.527+0000] {processor.py:799} INFO - Processing file /home/airflow/.local/lib/python3.7/site-packages/airflow/example_dags/example_datasets.py for tasks to queue
[2023-05-05T10:12:50.529+0000] {logging_mixin.py:149} INFO - [2023-05-05T10:12:50.528+0000] {dagbag.py:541} INFO - Filling up the DagBag from /home/airflow/.local/lib/python3.7/site-packages/airflow/example_dags/example_datasets.py
[2023-05-05T10:12:50.541+0000] {processor.py:809} INFO - DAG(s) dict_keys(['dataset_consumes_1', 'dataset_produces_1', 'dataset_produces_2', 'dataset_consumes_unknown_never_scheduled', 'dataset_consumes_1_never_scheduled', 'dataset_consumes_1_and_2']) retrieved from /home/airflow/.local/lib/python3.7/site-packages/airflow/example_dags/example_datasets.py
[2023-05-05T10:12:50.591+0000] {logging_mixin.py:149} INFO - [2023-05-05T10:12:50.590+0000] {dag.py:2726} INFO - Sync 6 DAGs
[2023-05-05T10:12:50.622+0000] {logging_mixin.py:149} INFO - [2023-05-05T10:12:50.622+0000] {dag.py:3490} INFO - Setting next_dagrun for dataset_consumes_1 to None, run_after=None
[2023-05-05T10:12:50.629+0000] {logging_mixin.py:149} INFO - [2023-05-05T10:12:50.629+0000] {dag.py:3490} INFO - Setting next_dagrun for dataset_consumes_1_and_2 to None, run_after=None
[2023-05-05T10:12:50.631+0000] {logging_mixin.py:149} INFO - [2023-05-05T10:12:50.631+0000] {dag.py:3490} INFO - Setting next_dagrun for dataset_consumes_1_never_scheduled to None, run_after=None
[2023-05-05T10:12:50.634+0000] {logging_mixin.py:149} INFO - [2023-05-05T10:12:50.634+0000] {dag.py:3490} INFO - Setting next_dagrun for dataset_consumes_unknown_never_scheduled to None, run_after=None
[2023-05-05T10:12:50.638+0000] {logging_mixin.py:149} INFO - [2023-05-05T10:12:50.637+0000] {dag.py:3490} INFO - Setting next_dagrun for dataset_produces_1 to 2023-05-04T00:00:00+00:00, run_after=2023-05-05T00:00:00+00:00
[2023-05-05T10:12:50.640+0000] {logging_mixin.py:149} INFO - [2023-05-05T10:12:50.640+0000] {dag.py:3490} INFO - Setting next_dagrun for dataset_produces_2 to None, run_after=None
[2023-05-05T10:12:50.680+0000] {processor.py:178} INFO - Processing /home/airflow/.local/lib/python3.7/site-packages/airflow/example_dags/example_datasets.py took 0.161 seconds
[2023-05-05T10:13:20.789+0000] {processor.py:156} INFO - Started process (PID=250) to work on /home/airflow/.local/lib/python3.7/site-packages/airflow/example_dags/example_datasets.py
[2023-05-05T10:13:20.793+0000] {processor.py:799} INFO - Processing file /home/airflow/.local/lib/python3.7/site-packages/airflow/example_dags/example_datasets.py for tasks to queue
[2023-05-05T10:13:20.796+0000] {logging_mixin.py:149} INFO - [2023-05-05T10:13:20.795+0000] {dagbag.py:541} INFO - Filling up the DagBag from /home/airflow/.local/lib/python3.7/site-packages/airflow/example_dags/example_datasets.py
[2023-05-05T10:13:20.810+0000] {processor.py:809} INFO - DAG(s) dict_keys(['dataset_consumes_unknown_never_scheduled', 'dataset_consumes_1_and_2', 'dataset_consumes_1_never_scheduled', 'dataset_consumes_1', 'dataset_produces_2', 'dataset_produces_1']) retrieved from /home/airflow/.local/lib/python3.7/site-packages/airflow/example_dags/example_datasets.py
[2023-05-05T10:13:20.857+0000] {logging_mixin.py:149} INFO - [2023-05-05T10:13:20.857+0000] {dag.py:2726} INFO - Sync 6 DAGs
[2023-05-05T10:13:20.888+0000] {logging_mixin.py:149} INFO - [2023-05-05T10:13:20.888+0000] {dag.py:3490} INFO - Setting next_dagrun for dataset_consumes_1 to None, run_after=None
[2023-05-05T10:13:20.892+0000] {logging_mixin.py:149} INFO - [2023-05-05T10:13:20.892+0000] {dag.py:3490} INFO - Setting next_dagrun for dataset_consumes_1_and_2 to None, run_after=None
[2023-05-05T10:13:20.895+0000] {logging_mixin.py:149} INFO - [2023-05-05T10:13:20.895+0000] {dag.py:3490} INFO - Setting next_dagrun for dataset_consumes_1_never_scheduled to None, run_after=None
[2023-05-05T10:13:20.897+0000] {logging_mixin.py:149} INFO - [2023-05-05T10:13:20.897+0000] {dag.py:3490} INFO - Setting next_dagrun for dataset_consumes_unknown_never_scheduled to None, run_after=None
[2023-05-05T10:13:20.901+0000] {logging_mixin.py:149} INFO - [2023-05-05T10:13:20.901+0000] {dag.py:3490} INFO - Setting next_dagrun for dataset_produces_1 to 2023-05-04T00:00:00+00:00, run_after=2023-05-05T00:00:00+00:00
[2023-05-05T10:13:20.904+0000] {logging_mixin.py:149} INFO - [2023-05-05T10:13:20.904+0000] {dag.py:3490} INFO - Setting next_dagrun for dataset_produces_2 to None, run_after=None
[2023-05-05T10:13:20.947+0000] {processor.py:178} INFO - Processing /home/airflow/.local/lib/python3.7/site-packages/airflow/example_dags/example_datasets.py took 0.164 seconds
[2023-05-05T10:13:51.060+0000] {processor.py:156} INFO - Started process (PID=314) to work on /home/airflow/.local/lib/python3.7/site-packages/airflow/example_dags/example_datasets.py
[2023-05-05T10:13:51.064+0000] {processor.py:799} INFO - Processing file /home/airflow/.local/lib/python3.7/site-packages/airflow/example_dags/example_datasets.py for tasks to queue
[2023-05-05T10:13:51.066+0000] {logging_mixin.py:149} INFO - [2023-05-05T10:13:51.066+0000] {dagbag.py:541} INFO - Filling up the DagBag from /home/airflow/.local/lib/python3.7/site-packages/airflow/example_dags/example_datasets.py
[2023-05-05T10:13:51.084+0000] {processor.py:809} INFO - DAG(s) dict_keys(['dataset_consumes_1_and_2', 'dataset_produces_1', 'dataset_consumes_unknown_never_scheduled', 'dataset_produces_2', 'dataset_consumes_1', 'dataset_consumes_1_never_scheduled']) retrieved from /home/airflow/.local/lib/python3.7/site-packages/airflow/example_dags/example_datasets.py
[2023-05-05T10:13:51.135+0000] {logging_mixin.py:149} INFO - [2023-05-05T10:13:51.135+0000] {dag.py:2726} INFO - Sync 6 DAGs
[2023-05-05T10:13:51.165+0000] {logging_mixin.py:149} INFO - [2023-05-05T10:13:51.165+0000] {dag.py:3490} INFO - Setting next_dagrun for dataset_consumes_1 to None, run_after=None
[2023-05-05T10:13:51.170+0000] {logging_mixin.py:149} INFO - [2023-05-05T10:13:51.170+0000] {dag.py:3490} INFO - Setting next_dagrun for dataset_consumes_1_and_2 to None, run_after=None
[2023-05-05T10:13:51.173+0000] {logging_mixin.py:149} INFO - [2023-05-05T10:13:51.173+0000] {dag.py:3490} INFO - Setting next_dagrun for dataset_consumes_1_never_scheduled to None, run_after=None
[2023-05-05T10:13:51.175+0000] {logging_mixin.py:149} INFO - [2023-05-05T10:13:51.175+0000] {dag.py:3490} INFO - Setting next_dagrun for dataset_consumes_unknown_never_scheduled to None, run_after=None
[2023-05-05T10:13:51.179+0000] {logging_mixin.py:149} INFO - [2023-05-05T10:13:51.179+0000] {dag.py:3490} INFO - Setting next_dagrun for dataset_produces_1 to 2023-05-04T00:00:00+00:00, run_after=2023-05-05T00:00:00+00:00
[2023-05-05T10:13:51.181+0000] {logging_mixin.py:149} INFO - [2023-05-05T10:13:51.181+0000] {dag.py:3490} INFO - Setting next_dagrun for dataset_produces_2 to None, run_after=None
[2023-05-05T10:13:51.218+0000] {processor.py:178} INFO - Processing /home/airflow/.local/lib/python3.7/site-packages/airflow/example_dags/example_datasets.py took 0.165 seconds
[2023-05-05T10:14:22.074+0000] {processor.py:156} INFO - Started process (PID=378) to work on /home/airflow/.local/lib/python3.7/site-packages/airflow/example_dags/example_datasets.py
[2023-05-05T10:14:22.078+0000] {processor.py:799} INFO - Processing file /home/airflow/.local/lib/python3.7/site-packages/airflow/example_dags/example_datasets.py for tasks to queue
[2023-05-05T10:14:22.081+0000] {logging_mixin.py:149} INFO - [2023-05-05T10:14:22.080+0000] {dagbag.py:541} INFO - Filling up the DagBag from /home/airflow/.local/lib/python3.7/site-packages/airflow/example_dags/example_datasets.py
[2023-05-05T10:14:22.096+0000] {processor.py:809} INFO - DAG(s) dict_keys(['dataset_consumes_1', 'dataset_produces_2', 'dataset_consumes_1_never_scheduled', 'dataset_produces_1', 'dataset_consumes_unknown_never_scheduled', 'dataset_consumes_1_and_2']) retrieved from /home/airflow/.local/lib/python3.7/site-packages/airflow/example_dags/example_datasets.py
[2023-05-05T10:14:22.150+0000] {logging_mixin.py:149} INFO - [2023-05-05T10:14:22.150+0000] {dag.py:2726} INFO - Sync 6 DAGs
[2023-05-05T10:14:22.181+0000] {logging_mixin.py:149} INFO - [2023-05-05T10:14:22.180+0000] {dag.py:3490} INFO - Setting next_dagrun for dataset_consumes_1 to None, run_after=None
[2023-05-05T10:14:22.186+0000] {logging_mixin.py:149} INFO - [2023-05-05T10:14:22.185+0000] {dag.py:3490} INFO - Setting next_dagrun for dataset_consumes_1_and_2 to None, run_after=None
[2023-05-05T10:14:22.188+0000] {logging_mixin.py:149} INFO - [2023-05-05T10:14:22.188+0000] {dag.py:3490} INFO - Setting next_dagrun for dataset_consumes_1_never_scheduled to None, run_after=None
[2023-05-05T10:14:22.190+0000] {logging_mixin.py:149} INFO - [2023-05-05T10:14:22.190+0000] {dag.py:3490} INFO - Setting next_dagrun for dataset_consumes_unknown_never_scheduled to None, run_after=None
[2023-05-05T10:14:22.194+0000] {logging_mixin.py:149} INFO - [2023-05-05T10:14:22.194+0000] {dag.py:3490} INFO - Setting next_dagrun for dataset_produces_1 to 2023-05-04T00:00:00+00:00, run_after=2023-05-05T00:00:00+00:00
[2023-05-05T10:14:22.197+0000] {logging_mixin.py:149} INFO - [2023-05-05T10:14:22.196+0000] {dag.py:3490} INFO - Setting next_dagrun for dataset_produces_2 to None, run_after=None
[2023-05-05T10:14:22.236+0000] {processor.py:178} INFO - Processing /home/airflow/.local/lib/python3.7/site-packages/airflow/example_dags/example_datasets.py took 0.168 seconds
[2023-05-05T10:14:52.793+0000] {processor.py:156} INFO - Started process (PID=442) to work on /home/airflow/.local/lib/python3.7/site-packages/airflow/example_dags/example_datasets.py
[2023-05-05T10:14:52.796+0000] {processor.py:799} INFO - Processing file /home/airflow/.local/lib/python3.7/site-packages/airflow/example_dags/example_datasets.py for tasks to queue
[2023-05-05T10:14:52.797+0000] {logging_mixin.py:149} INFO - [2023-05-05T10:14:52.797+0000] {dagbag.py:541} INFO - Filling up the DagBag from /home/airflow/.local/lib/python3.7/site-packages/airflow/example_dags/example_datasets.py
[2023-05-05T10:14:52.810+0000] {processor.py:809} INFO - DAG(s) dict_keys(['dataset_consumes_1_and_2', 'dataset_consumes_1_never_scheduled', 'dataset_consumes_unknown_never_scheduled', 'dataset_consumes_1', 'dataset_produces_1', 'dataset_produces_2']) retrieved from /home/airflow/.local/lib/python3.7/site-packages/airflow/example_dags/example_datasets.py
[2023-05-05T10:14:52.863+0000] {logging_mixin.py:149} INFO - [2023-05-05T10:14:52.863+0000] {dag.py:2726} INFO - Sync 6 DAGs
[2023-05-05T10:14:52.898+0000] {logging_mixin.py:149} INFO - [2023-05-05T10:14:52.898+0000] {dag.py:3490} INFO - Setting next_dagrun for dataset_consumes_1 to None, run_after=None
[2023-05-05T10:14:52.906+0000] {logging_mixin.py:149} INFO - [2023-05-05T10:14:52.905+0000] {dag.py:3490} INFO - Setting next_dagrun for dataset_consumes_1_and_2 to None, run_after=None
[2023-05-05T10:14:52.908+0000] {logging_mixin.py:149} INFO - [2023-05-05T10:14:52.908+0000] {dag.py:3490} INFO - Setting next_dagrun for dataset_consumes_1_never_scheduled to None, run_after=None
[2023-05-05T10:14:52.911+0000] {logging_mixin.py:149} INFO - [2023-05-05T10:14:52.911+0000] {dag.py:3490} INFO - Setting next_dagrun for dataset_consumes_unknown_never_scheduled to None, run_after=None
[2023-05-05T10:14:52.915+0000] {logging_mixin.py:149} INFO - [2023-05-05T10:14:52.915+0000] {dag.py:3490} INFO - Setting next_dagrun for dataset_produces_1 to 2023-05-04T00:00:00+00:00, run_after=2023-05-05T00:00:00+00:00
[2023-05-05T10:14:52.918+0000] {logging_mixin.py:149} INFO - [2023-05-05T10:14:52.918+0000] {dag.py:3490} INFO - Setting next_dagrun for dataset_produces_2 to None, run_after=None
[2023-05-05T10:14:52.966+0000] {processor.py:178} INFO - Processing /home/airflow/.local/lib/python3.7/site-packages/airflow/example_dags/example_datasets.py took 0.177 seconds
[2023-05-05T10:15:23.651+0000] {processor.py:156} INFO - Started process (PID=506) to work on /home/airflow/.local/lib/python3.7/site-packages/airflow/example_dags/example_datasets.py
[2023-05-05T10:15:23.654+0000] {processor.py:799} INFO - Processing file /home/airflow/.local/lib/python3.7/site-packages/airflow/example_dags/example_datasets.py for tasks to queue
[2023-05-05T10:15:23.657+0000] {logging_mixin.py:149} INFO - [2023-05-05T10:15:23.657+0000] {dagbag.py:541} INFO - Filling up the DagBag from /home/airflow/.local/lib/python3.7/site-packages/airflow/example_dags/example_datasets.py
[2023-05-05T10:15:23.674+0000] {processor.py:809} INFO - DAG(s) dict_keys(['dataset_produces_2', 'dataset_consumes_1', 'dataset_consumes_1_and_2', 'dataset_consumes_1_never_scheduled', 'dataset_produces_1', 'dataset_consumes_unknown_never_scheduled']) retrieved from /home/airflow/.local/lib/python3.7/site-packages/airflow/example_dags/example_datasets.py
[2023-05-05T10:15:23.735+0000] {logging_mixin.py:149} INFO - [2023-05-05T10:15:23.735+0000] {dag.py:2726} INFO - Sync 6 DAGs
[2023-05-05T10:15:23.774+0000] {logging_mixin.py:149} INFO - [2023-05-05T10:15:23.774+0000] {dag.py:3490} INFO - Setting next_dagrun for dataset_consumes_1 to None, run_after=None
[2023-05-05T10:15:23.781+0000] {logging_mixin.py:149} INFO - [2023-05-05T10:15:23.781+0000] {dag.py:3490} INFO - Setting next_dagrun for dataset_consumes_1_and_2 to None, run_after=None
[2023-05-05T10:15:23.783+0000] {logging_mixin.py:149} INFO - [2023-05-05T10:15:23.783+0000] {dag.py:3490} INFO - Setting next_dagrun for dataset_consumes_1_never_scheduled to None, run_after=None
[2023-05-05T10:15:23.787+0000] {logging_mixin.py:149} INFO - [2023-05-05T10:15:23.787+0000] {dag.py:3490} INFO - Setting next_dagrun for dataset_consumes_unknown_never_scheduled to None, run_after=None
[2023-05-05T10:15:23.792+0000] {logging_mixin.py:149} INFO - [2023-05-05T10:15:23.792+0000] {dag.py:3490} INFO - Setting next_dagrun for dataset_produces_1 to 2023-05-04T00:00:00+00:00, run_after=2023-05-05T00:00:00+00:00
[2023-05-05T10:15:23.796+0000] {logging_mixin.py:149} INFO - [2023-05-05T10:15:23.795+0000] {dag.py:3490} INFO - Setting next_dagrun for dataset_produces_2 to None, run_after=None
[2023-05-05T10:15:23.850+0000] {processor.py:178} INFO - Processing /home/airflow/.local/lib/python3.7/site-packages/airflow/example_dags/example_datasets.py took 0.206 seconds
[2023-05-05T10:15:54.041+0000] {processor.py:156} INFO - Started process (PID=570) to work on /home/airflow/.local/lib/python3.7/site-packages/airflow/example_dags/example_datasets.py
[2023-05-05T10:15:54.043+0000] {processor.py:799} INFO - Processing file /home/airflow/.local/lib/python3.7/site-packages/airflow/example_dags/example_datasets.py for tasks to queue
[2023-05-05T10:15:54.045+0000] {logging_mixin.py:149} INFO - [2023-05-05T10:15:54.045+0000] {dagbag.py:541} INFO - Filling up the DagBag from /home/airflow/.local/lib/python3.7/site-packages/airflow/example_dags/example_datasets.py
[2023-05-05T10:15:54.061+0000] {processor.py:809} INFO - DAG(s) dict_keys(['dataset_consumes_1_never_scheduled', 'dataset_produces_1', 'dataset_consumes_unknown_never_scheduled', 'dataset_consumes_1', 'dataset_consumes_1_and_2', 'dataset_produces_2']) retrieved from /home/airflow/.local/lib/python3.7/site-packages/airflow/example_dags/example_datasets.py
[2023-05-05T10:15:54.119+0000] {logging_mixin.py:149} INFO - [2023-05-05T10:15:54.119+0000] {dag.py:2726} INFO - Sync 6 DAGs
[2023-05-05T10:15:54.159+0000] {logging_mixin.py:149} INFO - [2023-05-05T10:15:54.159+0000] {dag.py:3490} INFO - Setting next_dagrun for dataset_consumes_1 to None, run_after=None
[2023-05-05T10:15:54.167+0000] {logging_mixin.py:149} INFO - [2023-05-05T10:15:54.167+0000] {dag.py:3490} INFO - Setting next_dagrun for dataset_consumes_1_and_2 to None, run_after=None
[2023-05-05T10:15:54.169+0000] {logging_mixin.py:149} INFO - [2023-05-05T10:15:54.169+0000] {dag.py:3490} INFO - Setting next_dagrun for dataset_consumes_1_never_scheduled to None, run_after=None
[2023-05-05T10:15:54.171+0000] {logging_mixin.py:149} INFO - [2023-05-05T10:15:54.171+0000] {dag.py:3490} INFO - Setting next_dagrun for dataset_consumes_unknown_never_scheduled to None, run_after=None
[2023-05-05T10:15:54.175+0000] {logging_mixin.py:149} INFO - [2023-05-05T10:15:54.175+0000] {dag.py:3490} INFO - Setting next_dagrun for dataset_produces_1 to 2023-05-04T00:00:00+00:00, run_after=2023-05-05T00:00:00+00:00
[2023-05-05T10:15:54.180+0000] {logging_mixin.py:149} INFO - [2023-05-05T10:15:54.179+0000] {dag.py:3490} INFO - Setting next_dagrun for dataset_produces_2 to None, run_after=None
[2023-05-05T10:15:54.232+0000] {processor.py:178} INFO - Processing /home/airflow/.local/lib/python3.7/site-packages/airflow/example_dags/example_datasets.py took 0.196 seconds
[2023-05-05T10:16:24.356+0000] {processor.py:156} INFO - Started process (PID=634) to work on /home/airflow/.local/lib/python3.7/site-packages/airflow/example_dags/example_datasets.py
[2023-05-05T10:16:24.361+0000] {processor.py:799} INFO - Processing file /home/airflow/.local/lib/python3.7/site-packages/airflow/example_dags/example_datasets.py for tasks to queue
[2023-05-05T10:16:24.365+0000] {logging_mixin.py:149} INFO - [2023-05-05T10:16:24.365+0000] {dagbag.py:541} INFO - Filling up the DagBag from /home/airflow/.local/lib/python3.7/site-packages/airflow/example_dags/example_datasets.py
[2023-05-05T10:16:24.391+0000] {processor.py:809} INFO - DAG(s) dict_keys(['dataset_consumes_1_and_2', 'dataset_consumes_1', 'dataset_produces_2', 'dataset_consumes_unknown_never_scheduled', 'dataset_consumes_1_never_scheduled', 'dataset_produces_1']) retrieved from /home/airflow/.local/lib/python3.7/site-packages/airflow/example_dags/example_datasets.py
[2023-05-05T10:16:24.474+0000] {logging_mixin.py:149} INFO - [2023-05-05T10:16:24.474+0000] {dag.py:2726} INFO - Sync 6 DAGs
[2023-05-05T10:16:24.524+0000] {logging_mixin.py:149} INFO - [2023-05-05T10:16:24.524+0000] {dag.py:3490} INFO - Setting next_dagrun for dataset_consumes_1 to None, run_after=None
[2023-05-05T10:16:24.532+0000] {logging_mixin.py:149} INFO - [2023-05-05T10:16:24.532+0000] {dag.py:3490} INFO - Setting next_dagrun for dataset_consumes_1_and_2 to None, run_after=None
[2023-05-05T10:16:24.538+0000] {logging_mixin.py:149} INFO - [2023-05-05T10:16:24.538+0000] {dag.py:3490} INFO - Setting next_dagrun for dataset_consumes_1_never_scheduled to None, run_after=None
[2023-05-05T10:16:24.543+0000] {logging_mixin.py:149} INFO - [2023-05-05T10:16:24.543+0000] {dag.py:3490} INFO - Setting next_dagrun for dataset_consumes_unknown_never_scheduled to None, run_after=None
[2023-05-05T10:16:24.553+0000] {logging_mixin.py:149} INFO - [2023-05-05T10:16:24.552+0000] {dag.py:3490} INFO - Setting next_dagrun for dataset_produces_1 to 2023-05-04T00:00:00+00:00, run_after=2023-05-05T00:00:00+00:00
[2023-05-05T10:16:24.561+0000] {logging_mixin.py:149} INFO - [2023-05-05T10:16:24.561+0000] {dag.py:3490} INFO - Setting next_dagrun for dataset_produces_2 to None, run_after=None
[2023-05-05T10:16:24.666+0000] {processor.py:178} INFO - Processing /home/airflow/.local/lib/python3.7/site-packages/airflow/example_dags/example_datasets.py took 0.326 seconds
[2023-05-05T10:16:55.615+0000] {processor.py:156} INFO - Started process (PID=698) to work on /home/airflow/.local/lib/python3.7/site-packages/airflow/example_dags/example_datasets.py
[2023-05-05T10:16:55.617+0000] {processor.py:799} INFO - Processing file /home/airflow/.local/lib/python3.7/site-packages/airflow/example_dags/example_datasets.py for tasks to queue
[2023-05-05T10:16:55.620+0000] {logging_mixin.py:149} INFO - [2023-05-05T10:16:55.620+0000] {dagbag.py:541} INFO - Filling up the DagBag from /home/airflow/.local/lib/python3.7/site-packages/airflow/example_dags/example_datasets.py
[2023-05-05T10:16:55.647+0000] {processor.py:809} INFO - DAG(s) dict_keys(['dataset_consumes_1_never_scheduled', 'dataset_produces_1', 'dataset_consumes_unknown_never_scheduled', 'dataset_produces_2', 'dataset_consumes_1', 'dataset_consumes_1_and_2']) retrieved from /home/airflow/.local/lib/python3.7/site-packages/airflow/example_dags/example_datasets.py
[2023-05-05T10:16:55.712+0000] {logging_mixin.py:149} INFO - [2023-05-05T10:16:55.711+0000] {dag.py:2726} INFO - Sync 6 DAGs
[2023-05-05T10:16:55.750+0000] {logging_mixin.py:149} INFO - [2023-05-05T10:16:55.750+0000] {dag.py:3490} INFO - Setting next_dagrun for dataset_consumes_1 to None, run_after=None
[2023-05-05T10:16:55.757+0000] {logging_mixin.py:149} INFO - [2023-05-05T10:16:55.757+0000] {dag.py:3490} INFO - Setting next_dagrun for dataset_consumes_1_and_2 to None, run_after=None
[2023-05-05T10:16:55.760+0000] {logging_mixin.py:149} INFO - [2023-05-05T10:16:55.760+0000] {dag.py:3490} INFO - Setting next_dagrun for dataset_consumes_1_never_scheduled to None, run_after=None
[2023-05-05T10:16:55.763+0000] {logging_mixin.py:149} INFO - [2023-05-05T10:16:55.763+0000] {dag.py:3490} INFO - Setting next_dagrun for dataset_consumes_unknown_never_scheduled to None, run_after=None
[2023-05-05T10:16:55.767+0000] {logging_mixin.py:149} INFO - [2023-05-05T10:16:55.767+0000] {dag.py:3490} INFO - Setting next_dagrun for dataset_produces_1 to 2023-05-04T00:00:00+00:00, run_after=2023-05-05T00:00:00+00:00
[2023-05-05T10:16:55.770+0000] {logging_mixin.py:149} INFO - [2023-05-05T10:16:55.770+0000] {dag.py:3490} INFO - Setting next_dagrun for dataset_produces_2 to None, run_after=None
[2023-05-05T10:16:55.819+0000] {processor.py:178} INFO - Processing /home/airflow/.local/lib/python3.7/site-packages/airflow/example_dags/example_datasets.py took 0.210 seconds
