[2023-05-05T10:11:48.744+0000] {processor.py:156} INFO - Started process (PID=56) to work on /home/airflow/.local/lib/python3.7/site-packages/airflow/example_dags/example_short_circuit_decorator.py
[2023-05-05T10:11:48.747+0000] {processor.py:799} INFO - Processing file /home/airflow/.local/lib/python3.7/site-packages/airflow/example_dags/example_short_circuit_decorator.py for tasks to queue
[2023-05-05T10:11:48.751+0000] {logging_mixin.py:149} INFO - [2023-05-05T10:11:48.751+0000] {dagbag.py:541} INFO - Filling up the DagBag from /home/airflow/.local/lib/python3.7/site-packages/airflow/example_dags/example_short_circuit_decorator.py
[2023-05-05T10:11:48.775+0000] {processor.py:809} INFO - DAG(s) dict_keys(['example_short_circuit_decorator']) retrieved from /home/airflow/.local/lib/python3.7/site-packages/airflow/example_dags/example_short_circuit_decorator.py
[2023-05-05T10:11:48.836+0000] {logging_mixin.py:149} INFO - [2023-05-05T10:11:48.835+0000] {dag.py:2726} INFO - Sync 1 DAGs
[2023-05-05T10:11:48.904+0000] {logging_mixin.py:149} INFO - [2023-05-05T10:11:48.904+0000] {dag.py:3490} INFO - Setting next_dagrun for example_short_circuit_decorator to 2023-05-04T10:11:48.903641+00:00, run_after=2023-05-05T10:11:48.903641+00:00
[2023-05-05T10:11:48.942+0000] {processor.py:178} INFO - Processing /home/airflow/.local/lib/python3.7/site-packages/airflow/example_dags/example_short_circuit_decorator.py took 0.206 seconds
[2023-05-05T10:12:19.013+0000] {processor.py:156} INFO - Started process (PID=120) to work on /home/airflow/.local/lib/python3.7/site-packages/airflow/example_dags/example_short_circuit_decorator.py
[2023-05-05T10:12:19.015+0000] {processor.py:799} INFO - Processing file /home/airflow/.local/lib/python3.7/site-packages/airflow/example_dags/example_short_circuit_decorator.py for tasks to queue
[2023-05-05T10:12:19.016+0000] {logging_mixin.py:149} INFO - [2023-05-05T10:12:19.016+0000] {dagbag.py:541} INFO - Filling up the DagBag from /home/airflow/.local/lib/python3.7/site-packages/airflow/example_dags/example_short_circuit_decorator.py
[2023-05-05T10:12:19.029+0000] {processor.py:809} INFO - DAG(s) dict_keys(['example_short_circuit_decorator']) retrieved from /home/airflow/.local/lib/python3.7/site-packages/airflow/example_dags/example_short_circuit_decorator.py
[2023-05-05T10:12:19.065+0000] {logging_mixin.py:149} INFO - [2023-05-05T10:12:19.065+0000] {dag.py:2726} INFO - Sync 1 DAGs
[2023-05-05T10:12:19.100+0000] {logging_mixin.py:149} INFO - [2023-05-05T10:12:19.099+0000] {dag.py:3490} INFO - Setting next_dagrun for example_short_circuit_decorator to 2023-05-04T10:12:19.099531+00:00, run_after=2023-05-05T10:12:19.099531+00:00
[2023-05-05T10:12:19.125+0000] {processor.py:178} INFO - Processing /home/airflow/.local/lib/python3.7/site-packages/airflow/example_dags/example_short_circuit_decorator.py took 0.117 seconds
[2023-05-05T10:12:49.331+0000] {processor.py:156} INFO - Started process (PID=184) to work on /home/airflow/.local/lib/python3.7/site-packages/airflow/example_dags/example_short_circuit_decorator.py
[2023-05-05T10:12:49.335+0000] {processor.py:799} INFO - Processing file /home/airflow/.local/lib/python3.7/site-packages/airflow/example_dags/example_short_circuit_decorator.py for tasks to queue
[2023-05-05T10:12:49.337+0000] {logging_mixin.py:149} INFO - [2023-05-05T10:12:49.337+0000] {dagbag.py:541} INFO - Filling up the DagBag from /home/airflow/.local/lib/python3.7/site-packages/airflow/example_dags/example_short_circuit_decorator.py
[2023-05-05T10:12:49.352+0000] {processor.py:809} INFO - DAG(s) dict_keys(['example_short_circuit_decorator']) retrieved from /home/airflow/.local/lib/python3.7/site-packages/airflow/example_dags/example_short_circuit_decorator.py
[2023-05-05T10:12:49.400+0000] {logging_mixin.py:149} INFO - [2023-05-05T10:12:49.399+0000] {dag.py:2726} INFO - Sync 1 DAGs
[2023-05-05T10:12:49.444+0000] {logging_mixin.py:149} INFO - [2023-05-05T10:12:49.444+0000] {dag.py:3490} INFO - Setting next_dagrun for example_short_circuit_decorator to 2023-05-04T10:12:49.443755+00:00, run_after=2023-05-05T10:12:49.443755+00:00
[2023-05-05T10:12:49.478+0000] {processor.py:178} INFO - Processing /home/airflow/.local/lib/python3.7/site-packages/airflow/example_dags/example_short_circuit_decorator.py took 0.152 seconds
[2023-05-05T10:13:19.638+0000] {processor.py:156} INFO - Started process (PID=248) to work on /home/airflow/.local/lib/python3.7/site-packages/airflow/example_dags/example_short_circuit_decorator.py
[2023-05-05T10:13:19.640+0000] {processor.py:799} INFO - Processing file /home/airflow/.local/lib/python3.7/site-packages/airflow/example_dags/example_short_circuit_decorator.py for tasks to queue
[2023-05-05T10:13:19.642+0000] {logging_mixin.py:149} INFO - [2023-05-05T10:13:19.642+0000] {dagbag.py:541} INFO - Filling up the DagBag from /home/airflow/.local/lib/python3.7/site-packages/airflow/example_dags/example_short_circuit_decorator.py
[2023-05-05T10:13:19.654+0000] {processor.py:809} INFO - DAG(s) dict_keys(['example_short_circuit_decorator']) retrieved from /home/airflow/.local/lib/python3.7/site-packages/airflow/example_dags/example_short_circuit_decorator.py
[2023-05-05T10:13:19.686+0000] {logging_mixin.py:149} INFO - [2023-05-05T10:13:19.686+0000] {dag.py:2726} INFO - Sync 1 DAGs
[2023-05-05T10:13:19.718+0000] {logging_mixin.py:149} INFO - [2023-05-05T10:13:19.718+0000] {dag.py:3490} INFO - Setting next_dagrun for example_short_circuit_decorator to 2023-05-04T10:13:19.718190+00:00, run_after=2023-05-05T10:13:19.718190+00:00
[2023-05-05T10:13:19.742+0000] {processor.py:178} INFO - Processing /home/airflow/.local/lib/python3.7/site-packages/airflow/example_dags/example_short_circuit_decorator.py took 0.109 seconds
[2023-05-05T10:13:49.913+0000] {processor.py:156} INFO - Started process (PID=312) to work on /home/airflow/.local/lib/python3.7/site-packages/airflow/example_dags/example_short_circuit_decorator.py
[2023-05-05T10:13:49.915+0000] {processor.py:799} INFO - Processing file /home/airflow/.local/lib/python3.7/site-packages/airflow/example_dags/example_short_circuit_decorator.py for tasks to queue
[2023-05-05T10:13:49.917+0000] {logging_mixin.py:149} INFO - [2023-05-05T10:13:49.917+0000] {dagbag.py:541} INFO - Filling up the DagBag from /home/airflow/.local/lib/python3.7/site-packages/airflow/example_dags/example_short_circuit_decorator.py
[2023-05-05T10:13:49.930+0000] {processor.py:809} INFO - DAG(s) dict_keys(['example_short_circuit_decorator']) retrieved from /home/airflow/.local/lib/python3.7/site-packages/airflow/example_dags/example_short_circuit_decorator.py
[2023-05-05T10:13:49.963+0000] {logging_mixin.py:149} INFO - [2023-05-05T10:13:49.963+0000] {dag.py:2726} INFO - Sync 1 DAGs
[2023-05-05T10:13:49.996+0000] {logging_mixin.py:149} INFO - [2023-05-05T10:13:49.996+0000] {dag.py:3490} INFO - Setting next_dagrun for example_short_circuit_decorator to 2023-05-04T10:13:49.995698+00:00, run_after=2023-05-05T10:13:49.995698+00:00
[2023-05-05T10:13:50.018+0000] {processor.py:178} INFO - Processing /home/airflow/.local/lib/python3.7/site-packages/airflow/example_dags/example_short_circuit_decorator.py took 0.109 seconds
[2023-05-05T10:14:20.914+0000] {processor.py:156} INFO - Started process (PID=376) to work on /home/airflow/.local/lib/python3.7/site-packages/airflow/example_dags/example_short_circuit_decorator.py
[2023-05-05T10:14:20.917+0000] {processor.py:799} INFO - Processing file /home/airflow/.local/lib/python3.7/site-packages/airflow/example_dags/example_short_circuit_decorator.py for tasks to queue
[2023-05-05T10:14:20.919+0000] {logging_mixin.py:149} INFO - [2023-05-05T10:14:20.919+0000] {dagbag.py:541} INFO - Filling up the DagBag from /home/airflow/.local/lib/python3.7/site-packages/airflow/example_dags/example_short_circuit_decorator.py
[2023-05-05T10:14:20.933+0000] {processor.py:809} INFO - DAG(s) dict_keys(['example_short_circuit_decorator']) retrieved from /home/airflow/.local/lib/python3.7/site-packages/airflow/example_dags/example_short_circuit_decorator.py
[2023-05-05T10:14:20.974+0000] {logging_mixin.py:149} INFO - [2023-05-05T10:14:20.974+0000] {dag.py:2726} INFO - Sync 1 DAGs
[2023-05-05T10:14:21.009+0000] {logging_mixin.py:149} INFO - [2023-05-05T10:14:21.009+0000] {dag.py:3490} INFO - Setting next_dagrun for example_short_circuit_decorator to 2023-05-04T10:14:21.009068+00:00, run_after=2023-05-05T10:14:21.009068+00:00
[2023-05-05T10:14:21.033+0000] {processor.py:178} INFO - Processing /home/airflow/.local/lib/python3.7/site-packages/airflow/example_dags/example_short_circuit_decorator.py took 0.124 seconds
[2023-05-05T10:14:51.608+0000] {processor.py:156} INFO - Started process (PID=440) to work on /home/airflow/.local/lib/python3.7/site-packages/airflow/example_dags/example_short_circuit_decorator.py
[2023-05-05T10:14:51.611+0000] {processor.py:799} INFO - Processing file /home/airflow/.local/lib/python3.7/site-packages/airflow/example_dags/example_short_circuit_decorator.py for tasks to queue
[2023-05-05T10:14:51.613+0000] {logging_mixin.py:149} INFO - [2023-05-05T10:14:51.613+0000] {dagbag.py:541} INFO - Filling up the DagBag from /home/airflow/.local/lib/python3.7/site-packages/airflow/example_dags/example_short_circuit_decorator.py
[2023-05-05T10:14:51.630+0000] {processor.py:809} INFO - DAG(s) dict_keys(['example_short_circuit_decorator']) retrieved from /home/airflow/.local/lib/python3.7/site-packages/airflow/example_dags/example_short_circuit_decorator.py
[2023-05-05T10:14:51.676+0000] {logging_mixin.py:149} INFO - [2023-05-05T10:14:51.676+0000] {dag.py:2726} INFO - Sync 1 DAGs
[2023-05-05T10:14:51.719+0000] {logging_mixin.py:149} INFO - [2023-05-05T10:14:51.719+0000] {dag.py:3490} INFO - Setting next_dagrun for example_short_circuit_decorator to 2023-05-04T10:14:51.718741+00:00, run_after=2023-05-05T10:14:51.718741+00:00
[2023-05-05T10:14:51.750+0000] {processor.py:178} INFO - Processing /home/airflow/.local/lib/python3.7/site-packages/airflow/example_dags/example_short_circuit_decorator.py took 0.148 seconds
[2023-05-05T10:15:22.471+0000] {processor.py:156} INFO - Started process (PID=504) to work on /home/airflow/.local/lib/python3.7/site-packages/airflow/example_dags/example_short_circuit_decorator.py
[2023-05-05T10:15:22.473+0000] {processor.py:799} INFO - Processing file /home/airflow/.local/lib/python3.7/site-packages/airflow/example_dags/example_short_circuit_decorator.py for tasks to queue
[2023-05-05T10:15:22.476+0000] {logging_mixin.py:149} INFO - [2023-05-05T10:15:22.475+0000] {dagbag.py:541} INFO - Filling up the DagBag from /home/airflow/.local/lib/python3.7/site-packages/airflow/example_dags/example_short_circuit_decorator.py
[2023-05-05T10:15:22.493+0000] {processor.py:809} INFO - DAG(s) dict_keys(['example_short_circuit_decorator']) retrieved from /home/airflow/.local/lib/python3.7/site-packages/airflow/example_dags/example_short_circuit_decorator.py
[2023-05-05T10:15:22.535+0000] {logging_mixin.py:149} INFO - [2023-05-05T10:15:22.535+0000] {dag.py:2726} INFO - Sync 1 DAGs
[2023-05-05T10:15:22.571+0000] {logging_mixin.py:149} INFO - [2023-05-05T10:15:22.571+0000] {dag.py:3490} INFO - Setting next_dagrun for example_short_circuit_decorator to 2023-05-04T10:15:22.571014+00:00, run_after=2023-05-05T10:15:22.571014+00:00
[2023-05-05T10:15:22.600+0000] {processor.py:178} INFO - Processing /home/airflow/.local/lib/python3.7/site-packages/airflow/example_dags/example_short_circuit_decorator.py took 0.135 seconds
[2023-05-05T10:15:52.833+0000] {processor.py:156} INFO - Started process (PID=568) to work on /home/airflow/.local/lib/python3.7/site-packages/airflow/example_dags/example_short_circuit_decorator.py
[2023-05-05T10:15:52.836+0000] {processor.py:799} INFO - Processing file /home/airflow/.local/lib/python3.7/site-packages/airflow/example_dags/example_short_circuit_decorator.py for tasks to queue
[2023-05-05T10:15:52.839+0000] {logging_mixin.py:149} INFO - [2023-05-05T10:15:52.839+0000] {dagbag.py:541} INFO - Filling up the DagBag from /home/airflow/.local/lib/python3.7/site-packages/airflow/example_dags/example_short_circuit_decorator.py
[2023-05-05T10:15:52.856+0000] {processor.py:809} INFO - DAG(s) dict_keys(['example_short_circuit_decorator']) retrieved from /home/airflow/.local/lib/python3.7/site-packages/airflow/example_dags/example_short_circuit_decorator.py
[2023-05-05T10:15:52.907+0000] {logging_mixin.py:149} INFO - [2023-05-05T10:15:52.906+0000] {dag.py:2726} INFO - Sync 1 DAGs
[2023-05-05T10:15:52.959+0000] {logging_mixin.py:149} INFO - [2023-05-05T10:15:52.959+0000] {dag.py:3490} INFO - Setting next_dagrun for example_short_circuit_decorator to 2023-05-04T10:15:52.958786+00:00, run_after=2023-05-05T10:15:52.958786+00:00
[2023-05-05T10:15:52.994+0000] {processor.py:178} INFO - Processing /home/airflow/.local/lib/python3.7/site-packages/airflow/example_dags/example_short_circuit_decorator.py took 0.168 seconds
[2023-05-05T10:16:24.106+0000] {processor.py:156} INFO - Started process (PID=632) to work on /home/airflow/.local/lib/python3.7/site-packages/airflow/example_dags/example_short_circuit_decorator.py
[2023-05-05T10:16:24.109+0000] {processor.py:799} INFO - Processing file /home/airflow/.local/lib/python3.7/site-packages/airflow/example_dags/example_short_circuit_decorator.py for tasks to queue
[2023-05-05T10:16:24.112+0000] {logging_mixin.py:149} INFO - [2023-05-05T10:16:24.111+0000] {dagbag.py:541} INFO - Filling up the DagBag from /home/airflow/.local/lib/python3.7/site-packages/airflow/example_dags/example_short_circuit_decorator.py
[2023-05-05T10:16:24.127+0000] {processor.py:809} INFO - DAG(s) dict_keys(['example_short_circuit_decorator']) retrieved from /home/airflow/.local/lib/python3.7/site-packages/airflow/example_dags/example_short_circuit_decorator.py
[2023-05-05T10:16:24.166+0000] {logging_mixin.py:149} INFO - [2023-05-05T10:16:24.166+0000] {dag.py:2726} INFO - Sync 1 DAGs
[2023-05-05T10:16:24.202+0000] {logging_mixin.py:149} INFO - [2023-05-05T10:16:24.202+0000] {dag.py:3490} INFO - Setting next_dagrun for example_short_circuit_decorator to 2023-05-04T10:16:24.201776+00:00, run_after=2023-05-05T10:16:24.201776+00:00
[2023-05-05T10:16:24.254+0000] {processor.py:178} INFO - Processing /home/airflow/.local/lib/python3.7/site-packages/airflow/example_dags/example_short_circuit_decorator.py took 0.155 seconds
[2023-05-05T10:16:55.266+0000] {processor.py:156} INFO - Started process (PID=696) to work on /home/airflow/.local/lib/python3.7/site-packages/airflow/example_dags/example_short_circuit_decorator.py
[2023-05-05T10:16:55.269+0000] {processor.py:799} INFO - Processing file /home/airflow/.local/lib/python3.7/site-packages/airflow/example_dags/example_short_circuit_decorator.py for tasks to queue
[2023-05-05T10:16:55.270+0000] {logging_mixin.py:149} INFO - [2023-05-05T10:16:55.270+0000] {dagbag.py:541} INFO - Filling up the DagBag from /home/airflow/.local/lib/python3.7/site-packages/airflow/example_dags/example_short_circuit_decorator.py
[2023-05-05T10:16:55.284+0000] {processor.py:809} INFO - DAG(s) dict_keys(['example_short_circuit_decorator']) retrieved from /home/airflow/.local/lib/python3.7/site-packages/airflow/example_dags/example_short_circuit_decorator.py
[2023-05-05T10:16:55.321+0000] {logging_mixin.py:149} INFO - [2023-05-05T10:16:55.321+0000] {dag.py:2726} INFO - Sync 1 DAGs
[2023-05-05T10:16:55.354+0000] {logging_mixin.py:149} INFO - [2023-05-05T10:16:55.354+0000] {dag.py:3490} INFO - Setting next_dagrun for example_short_circuit_decorator to 2023-05-04T10:16:55.353983+00:00, run_after=2023-05-05T10:16:55.353983+00:00
[2023-05-05T10:16:55.387+0000] {processor.py:178} INFO - Processing /home/airflow/.local/lib/python3.7/site-packages/airflow/example_dags/example_short_circuit_decorator.py took 0.125 seconds
