[2023-05-05T10:11:49.963+0000] {processor.py:156} INFO - Started process (PID=65) to work on /home/airflow/.local/lib/python3.7/site-packages/airflow/example_dags/example_sla_dag.py
[2023-05-05T10:11:49.972+0000] {processor.py:799} INFO - Processing file /home/airflow/.local/lib/python3.7/site-packages/airflow/example_dags/example_sla_dag.py for tasks to queue
[2023-05-05T10:11:49.975+0000] {logging_mixin.py:149} INFO - [2023-05-05T10:11:49.974+0000] {dagbag.py:541} INFO - Filling up the DagBag from /home/airflow/.local/lib/python3.7/site-packages/airflow/example_dags/example_sla_dag.py
[2023-05-05T10:11:49.990+0000] {processor.py:809} INFO - DAG(s) dict_keys(['example_sla_dag']) retrieved from /home/airflow/.local/lib/python3.7/site-packages/airflow/example_dags/example_sla_dag.py
[2023-05-05T10:11:50.091+0000] {logging_mixin.py:149} INFO - [2023-05-05T10:11:50.091+0000] {dag.py:2726} INFO - Sync 1 DAGs
[2023-05-05T10:11:50.193+0000] {logging_mixin.py:149} INFO - [2023-05-05T10:11:50.193+0000] {dag.py:3490} INFO - Setting next_dagrun for example_sla_dag to 2023-05-05T10:08:00+00:00, run_after=2023-05-05T10:10:00+00:00
[2023-05-05T10:11:50.228+0000] {processor.py:178} INFO - Processing /home/airflow/.local/lib/python3.7/site-packages/airflow/example_dags/example_sla_dag.py took 0.327 seconds
[2023-05-05T10:12:20.722+0000] {processor.py:156} INFO - Started process (PID=129) to work on /home/airflow/.local/lib/python3.7/site-packages/airflow/example_dags/example_sla_dag.py
[2023-05-05T10:12:20.724+0000] {processor.py:799} INFO - Processing file /home/airflow/.local/lib/python3.7/site-packages/airflow/example_dags/example_sla_dag.py for tasks to queue
[2023-05-05T10:12:20.726+0000] {logging_mixin.py:149} INFO - [2023-05-05T10:12:20.726+0000] {dagbag.py:541} INFO - Filling up the DagBag from /home/airflow/.local/lib/python3.7/site-packages/airflow/example_dags/example_sla_dag.py
[2023-05-05T10:12:20.738+0000] {processor.py:809} INFO - DAG(s) dict_keys(['example_sla_dag']) retrieved from /home/airflow/.local/lib/python3.7/site-packages/airflow/example_dags/example_sla_dag.py
[2023-05-05T10:12:20.770+0000] {logging_mixin.py:149} INFO - [2023-05-05T10:12:20.769+0000] {dag.py:2726} INFO - Sync 1 DAGs
[2023-05-05T10:12:20.802+0000] {logging_mixin.py:149} INFO - [2023-05-05T10:12:20.802+0000] {dag.py:3490} INFO - Setting next_dagrun for example_sla_dag to 2023-05-05T10:10:00+00:00, run_after=2023-05-05T10:12:00+00:00
[2023-05-05T10:12:20.822+0000] {processor.py:178} INFO - Processing /home/airflow/.local/lib/python3.7/site-packages/airflow/example_dags/example_sla_dag.py took 0.104 seconds
[2023-05-05T10:12:51.002+0000] {processor.py:156} INFO - Started process (PID=193) to work on /home/airflow/.local/lib/python3.7/site-packages/airflow/example_dags/example_sla_dag.py
[2023-05-05T10:12:51.005+0000] {processor.py:799} INFO - Processing file /home/airflow/.local/lib/python3.7/site-packages/airflow/example_dags/example_sla_dag.py for tasks to queue
[2023-05-05T10:12:51.006+0000] {logging_mixin.py:149} INFO - [2023-05-05T10:12:51.006+0000] {dagbag.py:541} INFO - Filling up the DagBag from /home/airflow/.local/lib/python3.7/site-packages/airflow/example_dags/example_sla_dag.py
[2023-05-05T10:12:51.017+0000] {processor.py:809} INFO - DAG(s) dict_keys(['example_sla_dag']) retrieved from /home/airflow/.local/lib/python3.7/site-packages/airflow/example_dags/example_sla_dag.py
[2023-05-05T10:12:51.049+0000] {logging_mixin.py:149} INFO - [2023-05-05T10:12:51.049+0000] {dag.py:2726} INFO - Sync 1 DAGs
[2023-05-05T10:12:51.087+0000] {logging_mixin.py:149} INFO - [2023-05-05T10:12:51.086+0000] {dag.py:3490} INFO - Setting next_dagrun for example_sla_dag to 2023-05-05T10:10:00+00:00, run_after=2023-05-05T10:12:00+00:00
[2023-05-05T10:12:51.107+0000] {processor.py:178} INFO - Processing /home/airflow/.local/lib/python3.7/site-packages/airflow/example_dags/example_sla_dag.py took 0.109 seconds
[2023-05-05T10:13:21.282+0000] {processor.py:156} INFO - Started process (PID=257) to work on /home/airflow/.local/lib/python3.7/site-packages/airflow/example_dags/example_sla_dag.py
[2023-05-05T10:13:21.285+0000] {processor.py:799} INFO - Processing file /home/airflow/.local/lib/python3.7/site-packages/airflow/example_dags/example_sla_dag.py for tasks to queue
[2023-05-05T10:13:21.287+0000] {logging_mixin.py:149} INFO - [2023-05-05T10:13:21.287+0000] {dagbag.py:541} INFO - Filling up the DagBag from /home/airflow/.local/lib/python3.7/site-packages/airflow/example_dags/example_sla_dag.py
[2023-05-05T10:13:21.301+0000] {processor.py:809} INFO - DAG(s) dict_keys(['example_sla_dag']) retrieved from /home/airflow/.local/lib/python3.7/site-packages/airflow/example_dags/example_sla_dag.py
[2023-05-05T10:13:21.340+0000] {logging_mixin.py:149} INFO - [2023-05-05T10:13:21.340+0000] {dag.py:2726} INFO - Sync 1 DAGs
[2023-05-05T10:13:21.377+0000] {logging_mixin.py:149} INFO - [2023-05-05T10:13:21.377+0000] {dag.py:3490} INFO - Setting next_dagrun for example_sla_dag to 2023-05-05T10:10:00+00:00, run_after=2023-05-05T10:12:00+00:00
[2023-05-05T10:13:21.400+0000] {processor.py:178} INFO - Processing /home/airflow/.local/lib/python3.7/site-packages/airflow/example_dags/example_sla_dag.py took 0.124 seconds
[2023-05-05T10:13:51.519+0000] {processor.py:156} INFO - Started process (PID=321) to work on /home/airflow/.local/lib/python3.7/site-packages/airflow/example_dags/example_sla_dag.py
[2023-05-05T10:13:51.522+0000] {processor.py:799} INFO - Processing file /home/airflow/.local/lib/python3.7/site-packages/airflow/example_dags/example_sla_dag.py for tasks to queue
[2023-05-05T10:13:51.524+0000] {logging_mixin.py:149} INFO - [2023-05-05T10:13:51.523+0000] {dagbag.py:541} INFO - Filling up the DagBag from /home/airflow/.local/lib/python3.7/site-packages/airflow/example_dags/example_sla_dag.py
[2023-05-05T10:13:51.534+0000] {processor.py:809} INFO - DAG(s) dict_keys(['example_sla_dag']) retrieved from /home/airflow/.local/lib/python3.7/site-packages/airflow/example_dags/example_sla_dag.py
[2023-05-05T10:13:51.564+0000] {logging_mixin.py:149} INFO - [2023-05-05T10:13:51.564+0000] {dag.py:2726} INFO - Sync 1 DAGs
[2023-05-05T10:13:51.600+0000] {logging_mixin.py:149} INFO - [2023-05-05T10:13:51.599+0000] {dag.py:3490} INFO - Setting next_dagrun for example_sla_dag to 2023-05-05T10:10:00+00:00, run_after=2023-05-05T10:12:00+00:00
[2023-05-05T10:13:51.620+0000] {processor.py:178} INFO - Processing /home/airflow/.local/lib/python3.7/site-packages/airflow/example_dags/example_sla_dag.py took 0.105 seconds
[2023-05-05T10:14:22.561+0000] {processor.py:156} INFO - Started process (PID=385) to work on /home/airflow/.local/lib/python3.7/site-packages/airflow/example_dags/example_sla_dag.py
[2023-05-05T10:14:22.564+0000] {processor.py:799} INFO - Processing file /home/airflow/.local/lib/python3.7/site-packages/airflow/example_dags/example_sla_dag.py for tasks to queue
[2023-05-05T10:14:22.566+0000] {logging_mixin.py:149} INFO - [2023-05-05T10:14:22.565+0000] {dagbag.py:541} INFO - Filling up the DagBag from /home/airflow/.local/lib/python3.7/site-packages/airflow/example_dags/example_sla_dag.py
[2023-05-05T10:14:22.579+0000] {processor.py:809} INFO - DAG(s) dict_keys(['example_sla_dag']) retrieved from /home/airflow/.local/lib/python3.7/site-packages/airflow/example_dags/example_sla_dag.py
[2023-05-05T10:14:22.619+0000] {logging_mixin.py:149} INFO - [2023-05-05T10:14:22.619+0000] {dag.py:2726} INFO - Sync 1 DAGs
[2023-05-05T10:14:22.664+0000] {logging_mixin.py:149} INFO - [2023-05-05T10:14:22.664+0000] {dag.py:3490} INFO - Setting next_dagrun for example_sla_dag to 2023-05-05T10:12:00+00:00, run_after=2023-05-05T10:14:00+00:00
[2023-05-05T10:14:22.690+0000] {processor.py:178} INFO - Processing /home/airflow/.local/lib/python3.7/site-packages/airflow/example_dags/example_sla_dag.py took 0.134 seconds
[2023-05-05T10:14:53.339+0000] {processor.py:156} INFO - Started process (PID=449) to work on /home/airflow/.local/lib/python3.7/site-packages/airflow/example_dags/example_sla_dag.py
[2023-05-05T10:14:53.342+0000] {processor.py:799} INFO - Processing file /home/airflow/.local/lib/python3.7/site-packages/airflow/example_dags/example_sla_dag.py for tasks to queue
[2023-05-05T10:14:53.345+0000] {logging_mixin.py:149} INFO - [2023-05-05T10:14:53.345+0000] {dagbag.py:541} INFO - Filling up the DagBag from /home/airflow/.local/lib/python3.7/site-packages/airflow/example_dags/example_sla_dag.py
[2023-05-05T10:14:53.359+0000] {processor.py:809} INFO - DAG(s) dict_keys(['example_sla_dag']) retrieved from /home/airflow/.local/lib/python3.7/site-packages/airflow/example_dags/example_sla_dag.py
[2023-05-05T10:14:53.395+0000] {logging_mixin.py:149} INFO - [2023-05-05T10:14:53.394+0000] {dag.py:2726} INFO - Sync 1 DAGs
[2023-05-05T10:14:53.434+0000] {logging_mixin.py:149} INFO - [2023-05-05T10:14:53.434+0000] {dag.py:3490} INFO - Setting next_dagrun for example_sla_dag to 2023-05-05T10:12:00+00:00, run_after=2023-05-05T10:14:00+00:00
[2023-05-05T10:14:53.460+0000] {processor.py:178} INFO - Processing /home/airflow/.local/lib/python3.7/site-packages/airflow/example_dags/example_sla_dag.py took 0.127 seconds
[2023-05-05T10:15:24.262+0000] {processor.py:156} INFO - Started process (PID=513) to work on /home/airflow/.local/lib/python3.7/site-packages/airflow/example_dags/example_sla_dag.py
[2023-05-05T10:15:24.265+0000] {processor.py:799} INFO - Processing file /home/airflow/.local/lib/python3.7/site-packages/airflow/example_dags/example_sla_dag.py for tasks to queue
[2023-05-05T10:15:24.268+0000] {logging_mixin.py:149} INFO - [2023-05-05T10:15:24.267+0000] {dagbag.py:541} INFO - Filling up the DagBag from /home/airflow/.local/lib/python3.7/site-packages/airflow/example_dags/example_sla_dag.py
[2023-05-05T10:15:24.285+0000] {processor.py:809} INFO - DAG(s) dict_keys(['example_sla_dag']) retrieved from /home/airflow/.local/lib/python3.7/site-packages/airflow/example_dags/example_sla_dag.py
[2023-05-05T10:15:24.358+0000] {logging_mixin.py:149} INFO - [2023-05-05T10:15:24.358+0000] {dag.py:2726} INFO - Sync 1 DAGs
[2023-05-05T10:15:24.461+0000] {logging_mixin.py:149} INFO - [2023-05-05T10:15:24.461+0000] {dag.py:3490} INFO - Setting next_dagrun for example_sla_dag to 2023-05-05T10:12:00+00:00, run_after=2023-05-05T10:14:00+00:00
[2023-05-05T10:15:24.533+0000] {processor.py:178} INFO - Processing /home/airflow/.local/lib/python3.7/site-packages/airflow/example_dags/example_sla_dag.py took 0.277 seconds
[2023-05-05T10:15:54.622+0000] {processor.py:156} INFO - Started process (PID=577) to work on /home/airflow/.local/lib/python3.7/site-packages/airflow/example_dags/example_sla_dag.py
[2023-05-05T10:15:54.625+0000] {processor.py:799} INFO - Processing file /home/airflow/.local/lib/python3.7/site-packages/airflow/example_dags/example_sla_dag.py for tasks to queue
[2023-05-05T10:15:54.627+0000] {logging_mixin.py:149} INFO - [2023-05-05T10:15:54.627+0000] {dagbag.py:541} INFO - Filling up the DagBag from /home/airflow/.local/lib/python3.7/site-packages/airflow/example_dags/example_sla_dag.py
[2023-05-05T10:15:54.643+0000] {processor.py:809} INFO - DAG(s) dict_keys(['example_sla_dag']) retrieved from /home/airflow/.local/lib/python3.7/site-packages/airflow/example_dags/example_sla_dag.py
[2023-05-05T10:15:54.686+0000] {logging_mixin.py:149} INFO - [2023-05-05T10:15:54.686+0000] {dag.py:2726} INFO - Sync 1 DAGs
[2023-05-05T10:15:54.732+0000] {logging_mixin.py:149} INFO - [2023-05-05T10:15:54.732+0000] {dag.py:3490} INFO - Setting next_dagrun for example_sla_dag to 2023-05-05T10:12:00+00:00, run_after=2023-05-05T10:14:00+00:00
[2023-05-05T10:15:54.763+0000] {processor.py:178} INFO - Processing /home/airflow/.local/lib/python3.7/site-packages/airflow/example_dags/example_sla_dag.py took 0.146 seconds
[2023-05-05T10:16:25.383+0000] {processor.py:156} INFO - Started process (PID=641) to work on /home/airflow/.local/lib/python3.7/site-packages/airflow/example_dags/example_sla_dag.py
[2023-05-05T10:16:25.387+0000] {processor.py:799} INFO - Processing file /home/airflow/.local/lib/python3.7/site-packages/airflow/example_dags/example_sla_dag.py for tasks to queue
[2023-05-05T10:16:25.389+0000] {logging_mixin.py:149} INFO - [2023-05-05T10:16:25.389+0000] {dagbag.py:541} INFO - Filling up the DagBag from /home/airflow/.local/lib/python3.7/site-packages/airflow/example_dags/example_sla_dag.py
[2023-05-05T10:16:25.412+0000] {processor.py:809} INFO - DAG(s) dict_keys(['example_sla_dag']) retrieved from /home/airflow/.local/lib/python3.7/site-packages/airflow/example_dags/example_sla_dag.py
[2023-05-05T10:16:25.463+0000] {logging_mixin.py:149} INFO - [2023-05-05T10:16:25.463+0000] {dag.py:2726} INFO - Sync 1 DAGs
[2023-05-05T10:16:25.510+0000] {logging_mixin.py:149} INFO - [2023-05-05T10:16:25.510+0000] {dag.py:3490} INFO - Setting next_dagrun for example_sla_dag to 2023-05-05T10:14:00+00:00, run_after=2023-05-05T10:16:00+00:00
[2023-05-05T10:16:25.537+0000] {processor.py:178} INFO - Processing /home/airflow/.local/lib/python3.7/site-packages/airflow/example_dags/example_sla_dag.py took 0.159 seconds
[2023-05-05T10:16:56.163+0000] {processor.py:156} INFO - Started process (PID=705) to work on /home/airflow/.local/lib/python3.7/site-packages/airflow/example_dags/example_sla_dag.py
[2023-05-05T10:16:56.166+0000] {processor.py:799} INFO - Processing file /home/airflow/.local/lib/python3.7/site-packages/airflow/example_dags/example_sla_dag.py for tasks to queue
[2023-05-05T10:16:56.167+0000] {logging_mixin.py:149} INFO - [2023-05-05T10:16:56.167+0000] {dagbag.py:541} INFO - Filling up the DagBag from /home/airflow/.local/lib/python3.7/site-packages/airflow/example_dags/example_sla_dag.py
[2023-05-05T10:16:56.184+0000] {processor.py:809} INFO - DAG(s) dict_keys(['example_sla_dag']) retrieved from /home/airflow/.local/lib/python3.7/site-packages/airflow/example_dags/example_sla_dag.py
[2023-05-05T10:16:56.271+0000] {logging_mixin.py:149} INFO - [2023-05-05T10:16:56.271+0000] {dag.py:2726} INFO - Sync 1 DAGs
[2023-05-05T10:16:56.355+0000] {logging_mixin.py:149} INFO - [2023-05-05T10:16:56.355+0000] {dag.py:3490} INFO - Setting next_dagrun for example_sla_dag to 2023-05-05T10:14:00+00:00, run_after=2023-05-05T10:16:00+00:00
[2023-05-05T10:16:56.392+0000] {processor.py:178} INFO - Processing /home/airflow/.local/lib/python3.7/site-packages/airflow/example_dags/example_sla_dag.py took 0.234 seconds
