[2023-05-05T10:11:46.389+0000] {processor.py:156} INFO - Started process (PID=43) to work on /home/airflow/.local/lib/python3.7/site-packages/airflow/example_dags/example_local_kubernetes_executor.py
[2023-05-05T10:11:46.391+0000] {processor.py:799} INFO - Processing file /home/airflow/.local/lib/python3.7/site-packages/airflow/example_dags/example_local_kubernetes_executor.py for tasks to queue
[2023-05-05T10:11:46.394+0000] {logging_mixin.py:149} INFO - [2023-05-05T10:11:46.393+0000] {dagbag.py:541} INFO - Filling up the DagBag from /home/airflow/.local/lib/python3.7/site-packages/airflow/example_dags/example_local_kubernetes_executor.py
[2023-05-05T10:11:48.038+0000] {processor.py:809} INFO - DAG(s) dict_keys(['example_local_kubernetes_executor']) retrieved from /home/airflow/.local/lib/python3.7/site-packages/airflow/example_dags/example_local_kubernetes_executor.py
[2023-05-05T10:11:48.120+0000] {logging_mixin.py:149} INFO - [2023-05-05T10:11:48.120+0000] {dag.py:2726} INFO - Sync 1 DAGs
[2023-05-05T10:11:48.162+0000] {logging_mixin.py:149} INFO - [2023-05-05T10:11:48.161+0000] {dag.py:3490} INFO - Setting next_dagrun for example_local_kubernetes_executor to None, run_after=None
[2023-05-05T10:11:48.197+0000] {processor.py:178} INFO - Processing /home/airflow/.local/lib/python3.7/site-packages/airflow/example_dags/example_local_kubernetes_executor.py took 1.814 seconds
[2023-05-05T10:12:18.423+0000] {processor.py:156} INFO - Started process (PID=114) to work on /home/airflow/.local/lib/python3.7/site-packages/airflow/example_dags/example_local_kubernetes_executor.py
[2023-05-05T10:12:18.426+0000] {processor.py:799} INFO - Processing file /home/airflow/.local/lib/python3.7/site-packages/airflow/example_dags/example_local_kubernetes_executor.py for tasks to queue
[2023-05-05T10:12:18.428+0000] {logging_mixin.py:149} INFO - [2023-05-05T10:12:18.428+0000] {dagbag.py:541} INFO - Filling up the DagBag from /home/airflow/.local/lib/python3.7/site-packages/airflow/example_dags/example_local_kubernetes_executor.py
[2023-05-05T10:12:18.651+0000] {processor.py:809} INFO - DAG(s) dict_keys(['example_local_kubernetes_executor']) retrieved from /home/airflow/.local/lib/python3.7/site-packages/airflow/example_dags/example_local_kubernetes_executor.py
[2023-05-05T10:12:18.701+0000] {logging_mixin.py:149} INFO - [2023-05-05T10:12:18.700+0000] {dag.py:2726} INFO - Sync 1 DAGs
[2023-05-05T10:12:18.735+0000] {logging_mixin.py:149} INFO - [2023-05-05T10:12:18.735+0000] {dag.py:3490} INFO - Setting next_dagrun for example_local_kubernetes_executor to None, run_after=None
[2023-05-05T10:12:18.760+0000] {processor.py:178} INFO - Processing /home/airflow/.local/lib/python3.7/site-packages/airflow/example_dags/example_local_kubernetes_executor.py took 0.341 seconds
[2023-05-05T10:12:48.813+0000] {processor.py:156} INFO - Started process (PID=178) to work on /home/airflow/.local/lib/python3.7/site-packages/airflow/example_dags/example_local_kubernetes_executor.py
[2023-05-05T10:12:48.815+0000] {processor.py:799} INFO - Processing file /home/airflow/.local/lib/python3.7/site-packages/airflow/example_dags/example_local_kubernetes_executor.py for tasks to queue
[2023-05-05T10:12:48.817+0000] {logging_mixin.py:149} INFO - [2023-05-05T10:12:48.817+0000] {dagbag.py:541} INFO - Filling up the DagBag from /home/airflow/.local/lib/python3.7/site-packages/airflow/example_dags/example_local_kubernetes_executor.py
[2023-05-05T10:12:49.055+0000] {processor.py:809} INFO - DAG(s) dict_keys(['example_local_kubernetes_executor']) retrieved from /home/airflow/.local/lib/python3.7/site-packages/airflow/example_dags/example_local_kubernetes_executor.py
[2023-05-05T10:12:49.094+0000] {logging_mixin.py:149} INFO - [2023-05-05T10:12:49.094+0000] {dag.py:2726} INFO - Sync 1 DAGs
[2023-05-05T10:12:49.121+0000] {logging_mixin.py:149} INFO - [2023-05-05T10:12:49.121+0000] {dag.py:3490} INFO - Setting next_dagrun for example_local_kubernetes_executor to None, run_after=None
[2023-05-05T10:12:49.145+0000] {processor.py:178} INFO - Processing /home/airflow/.local/lib/python3.7/site-packages/airflow/example_dags/example_local_kubernetes_executor.py took 0.337 seconds
[2023-05-05T10:13:19.225+0000] {processor.py:156} INFO - Started process (PID=243) to work on /home/airflow/.local/lib/python3.7/site-packages/airflow/example_dags/example_local_kubernetes_executor.py
[2023-05-05T10:13:19.228+0000] {processor.py:799} INFO - Processing file /home/airflow/.local/lib/python3.7/site-packages/airflow/example_dags/example_local_kubernetes_executor.py for tasks to queue
[2023-05-05T10:13:19.231+0000] {logging_mixin.py:149} INFO - [2023-05-05T10:13:19.230+0000] {dagbag.py:541} INFO - Filling up the DagBag from /home/airflow/.local/lib/python3.7/site-packages/airflow/example_dags/example_local_kubernetes_executor.py
[2023-05-05T10:13:19.450+0000] {processor.py:809} INFO - DAG(s) dict_keys(['example_local_kubernetes_executor']) retrieved from /home/airflow/.local/lib/python3.7/site-packages/airflow/example_dags/example_local_kubernetes_executor.py
[2023-05-05T10:13:19.491+0000] {logging_mixin.py:149} INFO - [2023-05-05T10:13:19.491+0000] {dag.py:2726} INFO - Sync 1 DAGs
[2023-05-05T10:13:19.520+0000] {logging_mixin.py:149} INFO - [2023-05-05T10:13:19.520+0000] {dag.py:3490} INFO - Setting next_dagrun for example_local_kubernetes_executor to None, run_after=None
[2023-05-05T10:13:19.540+0000] {processor.py:178} INFO - Processing /home/airflow/.local/lib/python3.7/site-packages/airflow/example_dags/example_local_kubernetes_executor.py took 0.320 seconds
[2023-05-05T10:13:49.640+0000] {processor.py:156} INFO - Started process (PID=309) to work on /home/airflow/.local/lib/python3.7/site-packages/airflow/example_dags/example_local_kubernetes_executor.py
[2023-05-05T10:13:49.643+0000] {processor.py:799} INFO - Processing file /home/airflow/.local/lib/python3.7/site-packages/airflow/example_dags/example_local_kubernetes_executor.py for tasks to queue
[2023-05-05T10:13:49.644+0000] {logging_mixin.py:149} INFO - [2023-05-05T10:13:49.644+0000] {dagbag.py:541} INFO - Filling up the DagBag from /home/airflow/.local/lib/python3.7/site-packages/airflow/example_dags/example_local_kubernetes_executor.py
[2023-05-05T10:13:49.860+0000] {processor.py:809} INFO - DAG(s) dict_keys(['example_local_kubernetes_executor']) retrieved from /home/airflow/.local/lib/python3.7/site-packages/airflow/example_dags/example_local_kubernetes_executor.py
[2023-05-05T10:13:49.904+0000] {logging_mixin.py:149} INFO - [2023-05-05T10:13:49.903+0000] {dag.py:2726} INFO - Sync 1 DAGs
[2023-05-05T10:13:49.933+0000] {logging_mixin.py:149} INFO - [2023-05-05T10:13:49.933+0000] {dag.py:3490} INFO - Setting next_dagrun for example_local_kubernetes_executor to None, run_after=None
[2023-05-05T10:13:49.953+0000] {processor.py:178} INFO - Processing /home/airflow/.local/lib/python3.7/site-packages/airflow/example_dags/example_local_kubernetes_executor.py took 0.317 seconds
[2023-05-05T10:14:20.099+0000] {processor.py:156} INFO - Started process (PID=366) to work on /home/airflow/.local/lib/python3.7/site-packages/airflow/example_dags/example_local_kubernetes_executor.py
[2023-05-05T10:14:20.102+0000] {processor.py:799} INFO - Processing file /home/airflow/.local/lib/python3.7/site-packages/airflow/example_dags/example_local_kubernetes_executor.py for tasks to queue
[2023-05-05T10:14:20.103+0000] {logging_mixin.py:149} INFO - [2023-05-05T10:14:20.103+0000] {dagbag.py:541} INFO - Filling up the DagBag from /home/airflow/.local/lib/python3.7/site-packages/airflow/example_dags/example_local_kubernetes_executor.py
[2023-05-05T10:14:20.340+0000] {processor.py:809} INFO - DAG(s) dict_keys(['example_local_kubernetes_executor']) retrieved from /home/airflow/.local/lib/python3.7/site-packages/airflow/example_dags/example_local_kubernetes_executor.py
[2023-05-05T10:14:20.382+0000] {logging_mixin.py:149} INFO - [2023-05-05T10:14:20.382+0000] {dag.py:2726} INFO - Sync 1 DAGs
[2023-05-05T10:14:20.413+0000] {logging_mixin.py:149} INFO - [2023-05-05T10:14:20.413+0000] {dag.py:3490} INFO - Setting next_dagrun for example_local_kubernetes_executor to None, run_after=None
[2023-05-05T10:14:20.439+0000] {processor.py:178} INFO - Processing /home/airflow/.local/lib/python3.7/site-packages/airflow/example_dags/example_local_kubernetes_executor.py took 0.345 seconds
[2023-05-05T10:14:50.656+0000] {processor.py:156} INFO - Started process (PID=430) to work on /home/airflow/.local/lib/python3.7/site-packages/airflow/example_dags/example_local_kubernetes_executor.py
[2023-05-05T10:14:50.658+0000] {processor.py:799} INFO - Processing file /home/airflow/.local/lib/python3.7/site-packages/airflow/example_dags/example_local_kubernetes_executor.py for tasks to queue
[2023-05-05T10:14:50.660+0000] {logging_mixin.py:149} INFO - [2023-05-05T10:14:50.660+0000] {dagbag.py:541} INFO - Filling up the DagBag from /home/airflow/.local/lib/python3.7/site-packages/airflow/example_dags/example_local_kubernetes_executor.py
[2023-05-05T10:14:50.930+0000] {processor.py:809} INFO - DAG(s) dict_keys(['example_local_kubernetes_executor']) retrieved from /home/airflow/.local/lib/python3.7/site-packages/airflow/example_dags/example_local_kubernetes_executor.py
[2023-05-05T10:14:50.981+0000] {logging_mixin.py:149} INFO - [2023-05-05T10:14:50.981+0000] {dag.py:2726} INFO - Sync 1 DAGs
[2023-05-05T10:14:51.024+0000] {logging_mixin.py:149} INFO - [2023-05-05T10:14:51.024+0000] {dag.py:3490} INFO - Setting next_dagrun for example_local_kubernetes_executor to None, run_after=None
[2023-05-05T10:14:51.059+0000] {processor.py:178} INFO - Processing /home/airflow/.local/lib/python3.7/site-packages/airflow/example_dags/example_local_kubernetes_executor.py took 0.408 seconds
[2023-05-05T10:15:21.481+0000] {processor.py:156} INFO - Started process (PID=497) to work on /home/airflow/.local/lib/python3.7/site-packages/airflow/example_dags/example_local_kubernetes_executor.py
[2023-05-05T10:15:21.484+0000] {processor.py:799} INFO - Processing file /home/airflow/.local/lib/python3.7/site-packages/airflow/example_dags/example_local_kubernetes_executor.py for tasks to queue
[2023-05-05T10:15:21.487+0000] {logging_mixin.py:149} INFO - [2023-05-05T10:15:21.487+0000] {dagbag.py:541} INFO - Filling up the DagBag from /home/airflow/.local/lib/python3.7/site-packages/airflow/example_dags/example_local_kubernetes_executor.py
[2023-05-05T10:15:21.789+0000] {processor.py:809} INFO - DAG(s) dict_keys(['example_local_kubernetes_executor']) retrieved from /home/airflow/.local/lib/python3.7/site-packages/airflow/example_dags/example_local_kubernetes_executor.py
[2023-05-05T10:15:21.847+0000] {logging_mixin.py:149} INFO - [2023-05-05T10:15:21.847+0000] {dag.py:2726} INFO - Sync 1 DAGs
[2023-05-05T10:15:21.887+0000] {logging_mixin.py:149} INFO - [2023-05-05T10:15:21.887+0000] {dag.py:3490} INFO - Setting next_dagrun for example_local_kubernetes_executor to None, run_after=None
[2023-05-05T10:15:21.929+0000] {processor.py:178} INFO - Processing /home/airflow/.local/lib/python3.7/site-packages/airflow/example_dags/example_local_kubernetes_executor.py took 0.455 seconds
[2023-05-05T10:15:52.124+0000] {processor.py:156} INFO - Started process (PID=562) to work on /home/airflow/.local/lib/python3.7/site-packages/airflow/example_dags/example_local_kubernetes_executor.py
[2023-05-05T10:15:52.127+0000] {processor.py:799} INFO - Processing file /home/airflow/.local/lib/python3.7/site-packages/airflow/example_dags/example_local_kubernetes_executor.py for tasks to queue
[2023-05-05T10:15:52.129+0000] {logging_mixin.py:149} INFO - [2023-05-05T10:15:52.129+0000] {dagbag.py:541} INFO - Filling up the DagBag from /home/airflow/.local/lib/python3.7/site-packages/airflow/example_dags/example_local_kubernetes_executor.py
[2023-05-05T10:15:52.412+0000] {processor.py:809} INFO - DAG(s) dict_keys(['example_local_kubernetes_executor']) retrieved from /home/airflow/.local/lib/python3.7/site-packages/airflow/example_dags/example_local_kubernetes_executor.py
[2023-05-05T10:15:52.462+0000] {logging_mixin.py:149} INFO - [2023-05-05T10:15:52.461+0000] {dag.py:2726} INFO - Sync 1 DAGs
[2023-05-05T10:15:52.510+0000] {logging_mixin.py:149} INFO - [2023-05-05T10:15:52.510+0000] {dag.py:3490} INFO - Setting next_dagrun for example_local_kubernetes_executor to None, run_after=None
[2023-05-05T10:15:52.539+0000] {processor.py:178} INFO - Processing /home/airflow/.local/lib/python3.7/site-packages/airflow/example_dags/example_local_kubernetes_executor.py took 0.419 seconds
[2023-05-05T10:16:23.316+0000] {processor.py:156} INFO - Started process (PID=625) to work on /home/airflow/.local/lib/python3.7/site-packages/airflow/example_dags/example_local_kubernetes_executor.py
[2023-05-05T10:16:23.318+0000] {processor.py:799} INFO - Processing file /home/airflow/.local/lib/python3.7/site-packages/airflow/example_dags/example_local_kubernetes_executor.py for tasks to queue
[2023-05-05T10:16:23.320+0000] {logging_mixin.py:149} INFO - [2023-05-05T10:16:23.320+0000] {dagbag.py:541} INFO - Filling up the DagBag from /home/airflow/.local/lib/python3.7/site-packages/airflow/example_dags/example_local_kubernetes_executor.py
[2023-05-05T10:16:23.633+0000] {processor.py:809} INFO - DAG(s) dict_keys(['example_local_kubernetes_executor']) retrieved from /home/airflow/.local/lib/python3.7/site-packages/airflow/example_dags/example_local_kubernetes_executor.py
[2023-05-05T10:16:23.682+0000] {logging_mixin.py:149} INFO - [2023-05-05T10:16:23.682+0000] {dag.py:2726} INFO - Sync 1 DAGs
[2023-05-05T10:16:23.722+0000] {logging_mixin.py:149} INFO - [2023-05-05T10:16:23.722+0000] {dag.py:3490} INFO - Setting next_dagrun for example_local_kubernetes_executor to None, run_after=None
[2023-05-05T10:16:23.750+0000] {processor.py:178} INFO - Processing /home/airflow/.local/lib/python3.7/site-packages/airflow/example_dags/example_local_kubernetes_executor.py took 0.442 seconds
[2023-05-05T10:16:54.403+0000] {processor.py:156} INFO - Started process (PID=689) to work on /home/airflow/.local/lib/python3.7/site-packages/airflow/example_dags/example_local_kubernetes_executor.py
[2023-05-05T10:16:54.406+0000] {processor.py:799} INFO - Processing file /home/airflow/.local/lib/python3.7/site-packages/airflow/example_dags/example_local_kubernetes_executor.py for tasks to queue
[2023-05-05T10:16:54.409+0000] {logging_mixin.py:149} INFO - [2023-05-05T10:16:54.408+0000] {dagbag.py:541} INFO - Filling up the DagBag from /home/airflow/.local/lib/python3.7/site-packages/airflow/example_dags/example_local_kubernetes_executor.py
[2023-05-05T10:16:54.793+0000] {processor.py:809} INFO - DAG(s) dict_keys(['example_local_kubernetes_executor']) retrieved from /home/airflow/.local/lib/python3.7/site-packages/airflow/example_dags/example_local_kubernetes_executor.py
[2023-05-05T10:16:54.850+0000] {logging_mixin.py:149} INFO - [2023-05-05T10:16:54.849+0000] {dag.py:2726} INFO - Sync 1 DAGs
[2023-05-05T10:16:54.887+0000] {logging_mixin.py:149} INFO - [2023-05-05T10:16:54.887+0000] {dag.py:3490} INFO - Setting next_dagrun for example_local_kubernetes_executor to None, run_after=None
[2023-05-05T10:16:54.920+0000] {processor.py:178} INFO - Processing /home/airflow/.local/lib/python3.7/site-packages/airflow/example_dags/example_local_kubernetes_executor.py took 0.523 seconds
