[2023-05-05T10:11:48.560+0000] {processor.py:156} INFO - Started process (PID=55) to work on /home/airflow/.local/lib/python3.7/site-packages/airflow/example_dags/example_branch_python_dop_operator_3.py
[2023-05-05T10:11:48.563+0000] {processor.py:799} INFO - Processing file /home/airflow/.local/lib/python3.7/site-packages/airflow/example_dags/example_branch_python_dop_operator_3.py for tasks to queue
[2023-05-05T10:11:48.566+0000] {logging_mixin.py:149} INFO - [2023-05-05T10:11:48.565+0000] {dagbag.py:541} INFO - Filling up the DagBag from /home/airflow/.local/lib/python3.7/site-packages/airflow/example_dags/example_branch_python_dop_operator_3.py
[2023-05-05T10:11:48.587+0000] {processor.py:809} INFO - DAG(s) dict_keys(['example_branch_dop_operator_v3']) retrieved from /home/airflow/.local/lib/python3.7/site-packages/airflow/example_dags/example_branch_python_dop_operator_3.py
[2023-05-05T10:11:48.637+0000] {logging_mixin.py:149} INFO - [2023-05-05T10:11:48.637+0000] {dag.py:2726} INFO - Sync 1 DAGs
[2023-05-05T10:11:48.697+0000] {logging_mixin.py:149} INFO - [2023-05-05T10:11:48.697+0000] {dag.py:3490} INFO - Setting next_dagrun for example_branch_dop_operator_v3 to 2023-05-05T10:10:00+00:00, run_after=2023-05-05T10:11:00+00:00
[2023-05-05T10:11:48.738+0000] {processor.py:178} INFO - Processing /home/airflow/.local/lib/python3.7/site-packages/airflow/example_dags/example_branch_python_dop_operator_3.py took 0.183 seconds
[2023-05-05T10:12:18.927+0000] {processor.py:156} INFO - Started process (PID=119) to work on /home/airflow/.local/lib/python3.7/site-packages/airflow/example_dags/example_branch_python_dop_operator_3.py
[2023-05-05T10:12:18.929+0000] {processor.py:799} INFO - Processing file /home/airflow/.local/lib/python3.7/site-packages/airflow/example_dags/example_branch_python_dop_operator_3.py for tasks to queue
[2023-05-05T10:12:18.931+0000] {logging_mixin.py:149} INFO - [2023-05-05T10:12:18.931+0000] {dagbag.py:541} INFO - Filling up the DagBag from /home/airflow/.local/lib/python3.7/site-packages/airflow/example_dags/example_branch_python_dop_operator_3.py
[2023-05-05T10:12:18.942+0000] {processor.py:809} INFO - DAG(s) dict_keys(['example_branch_dop_operator_v3']) retrieved from /home/airflow/.local/lib/python3.7/site-packages/airflow/example_dags/example_branch_python_dop_operator_3.py
[2023-05-05T10:12:18.973+0000] {logging_mixin.py:149} INFO - [2023-05-05T10:12:18.973+0000] {dag.py:2726} INFO - Sync 1 DAGs
[2023-05-05T10:12:19.013+0000] {logging_mixin.py:149} INFO - [2023-05-05T10:12:19.013+0000] {dag.py:3490} INFO - Setting next_dagrun for example_branch_dop_operator_v3 to 2023-05-05T10:11:00+00:00, run_after=2023-05-05T10:12:00+00:00
[2023-05-05T10:12:19.035+0000] {processor.py:178} INFO - Processing /home/airflow/.local/lib/python3.7/site-packages/airflow/example_dags/example_branch_python_dop_operator_3.py took 0.112 seconds
[2023-05-05T10:12:49.234+0000] {processor.py:156} INFO - Started process (PID=183) to work on /home/airflow/.local/lib/python3.7/site-packages/airflow/example_dags/example_branch_python_dop_operator_3.py
[2023-05-05T10:12:49.236+0000] {processor.py:799} INFO - Processing file /home/airflow/.local/lib/python3.7/site-packages/airflow/example_dags/example_branch_python_dop_operator_3.py for tasks to queue
[2023-05-05T10:12:49.238+0000] {logging_mixin.py:149} INFO - [2023-05-05T10:12:49.237+0000] {dagbag.py:541} INFO - Filling up the DagBag from /home/airflow/.local/lib/python3.7/site-packages/airflow/example_dags/example_branch_python_dop_operator_3.py
[2023-05-05T10:12:49.249+0000] {processor.py:809} INFO - DAG(s) dict_keys(['example_branch_dop_operator_v3']) retrieved from /home/airflow/.local/lib/python3.7/site-packages/airflow/example_dags/example_branch_python_dop_operator_3.py
[2023-05-05T10:12:49.282+0000] {logging_mixin.py:149} INFO - [2023-05-05T10:12:49.281+0000] {dag.py:2726} INFO - Sync 1 DAGs
[2023-05-05T10:12:49.328+0000] {logging_mixin.py:149} INFO - [2023-05-05T10:12:49.328+0000] {dag.py:3490} INFO - Setting next_dagrun for example_branch_dop_operator_v3 to 2023-05-05T10:11:00+00:00, run_after=2023-05-05T10:12:00+00:00
[2023-05-05T10:12:49.357+0000] {processor.py:178} INFO - Processing /home/airflow/.local/lib/python3.7/site-packages/airflow/example_dags/example_branch_python_dop_operator_3.py took 0.128 seconds
[2023-05-05T10:13:19.582+0000] {processor.py:156} INFO - Started process (PID=247) to work on /home/airflow/.local/lib/python3.7/site-packages/airflow/example_dags/example_branch_python_dop_operator_3.py
[2023-05-05T10:13:19.585+0000] {processor.py:799} INFO - Processing file /home/airflow/.local/lib/python3.7/site-packages/airflow/example_dags/example_branch_python_dop_operator_3.py for tasks to queue
[2023-05-05T10:13:19.587+0000] {logging_mixin.py:149} INFO - [2023-05-05T10:13:19.586+0000] {dagbag.py:541} INFO - Filling up the DagBag from /home/airflow/.local/lib/python3.7/site-packages/airflow/example_dags/example_branch_python_dop_operator_3.py
[2023-05-05T10:13:19.598+0000] {processor.py:809} INFO - DAG(s) dict_keys(['example_branch_dop_operator_v3']) retrieved from /home/airflow/.local/lib/python3.7/site-packages/airflow/example_dags/example_branch_python_dop_operator_3.py
[2023-05-05T10:13:19.635+0000] {logging_mixin.py:149} INFO - [2023-05-05T10:13:19.635+0000] {dag.py:2726} INFO - Sync 1 DAGs
[2023-05-05T10:13:19.670+0000] {logging_mixin.py:149} INFO - [2023-05-05T10:13:19.670+0000] {dag.py:3490} INFO - Setting next_dagrun for example_branch_dop_operator_v3 to 2023-05-05T10:12:00+00:00, run_after=2023-05-05T10:13:00+00:00
[2023-05-05T10:13:19.692+0000] {processor.py:178} INFO - Processing /home/airflow/.local/lib/python3.7/site-packages/airflow/example_dags/example_branch_python_dop_operator_3.py took 0.114 seconds
[2023-05-05T10:13:49.774+0000] {processor.py:156} INFO - Started process (PID=311) to work on /home/airflow/.local/lib/python3.7/site-packages/airflow/example_dags/example_branch_python_dop_operator_3.py
[2023-05-05T10:13:49.777+0000] {processor.py:799} INFO - Processing file /home/airflow/.local/lib/python3.7/site-packages/airflow/example_dags/example_branch_python_dop_operator_3.py for tasks to queue
[2023-05-05T10:13:49.778+0000] {logging_mixin.py:149} INFO - [2023-05-05T10:13:49.778+0000] {dagbag.py:541} INFO - Filling up the DagBag from /home/airflow/.local/lib/python3.7/site-packages/airflow/example_dags/example_branch_python_dop_operator_3.py
[2023-05-05T10:13:49.790+0000] {processor.py:809} INFO - DAG(s) dict_keys(['example_branch_dop_operator_v3']) retrieved from /home/airflow/.local/lib/python3.7/site-packages/airflow/example_dags/example_branch_python_dop_operator_3.py
[2023-05-05T10:13:49.821+0000] {logging_mixin.py:149} INFO - [2023-05-05T10:13:49.821+0000] {dag.py:2726} INFO - Sync 1 DAGs
[2023-05-05T10:13:49.858+0000] {logging_mixin.py:149} INFO - [2023-05-05T10:13:49.858+0000] {dag.py:3490} INFO - Setting next_dagrun for example_branch_dop_operator_v3 to 2023-05-05T10:12:00+00:00, run_after=2023-05-05T10:13:00+00:00
[2023-05-05T10:13:49.881+0000] {processor.py:178} INFO - Processing /home/airflow/.local/lib/python3.7/site-packages/airflow/example_dags/example_branch_python_dop_operator_3.py took 0.111 seconds
[2023-05-05T10:14:20.811+0000] {processor.py:156} INFO - Started process (PID=375) to work on /home/airflow/.local/lib/python3.7/site-packages/airflow/example_dags/example_branch_python_dop_operator_3.py
[2023-05-05T10:14:20.814+0000] {processor.py:799} INFO - Processing file /home/airflow/.local/lib/python3.7/site-packages/airflow/example_dags/example_branch_python_dop_operator_3.py for tasks to queue
[2023-05-05T10:14:20.816+0000] {logging_mixin.py:149} INFO - [2023-05-05T10:14:20.816+0000] {dagbag.py:541} INFO - Filling up the DagBag from /home/airflow/.local/lib/python3.7/site-packages/airflow/example_dags/example_branch_python_dop_operator_3.py
[2023-05-05T10:14:20.830+0000] {processor.py:809} INFO - DAG(s) dict_keys(['example_branch_dop_operator_v3']) retrieved from /home/airflow/.local/lib/python3.7/site-packages/airflow/example_dags/example_branch_python_dop_operator_3.py
[2023-05-05T10:14:20.866+0000] {logging_mixin.py:149} INFO - [2023-05-05T10:14:20.866+0000] {dag.py:2726} INFO - Sync 1 DAGs
[2023-05-05T10:14:20.912+0000] {logging_mixin.py:149} INFO - [2023-05-05T10:14:20.912+0000] {dag.py:3490} INFO - Setting next_dagrun for example_branch_dop_operator_v3 to 2023-05-05T10:13:00+00:00, run_after=2023-05-05T10:14:00+00:00
[2023-05-05T10:14:20.939+0000] {processor.py:178} INFO - Processing /home/airflow/.local/lib/python3.7/site-packages/airflow/example_dags/example_branch_python_dop_operator_3.py took 0.133 seconds
[2023-05-05T10:14:51.504+0000] {processor.py:156} INFO - Started process (PID=439) to work on /home/airflow/.local/lib/python3.7/site-packages/airflow/example_dags/example_branch_python_dop_operator_3.py
[2023-05-05T10:14:51.506+0000] {processor.py:799} INFO - Processing file /home/airflow/.local/lib/python3.7/site-packages/airflow/example_dags/example_branch_python_dop_operator_3.py for tasks to queue
[2023-05-05T10:14:51.509+0000] {logging_mixin.py:149} INFO - [2023-05-05T10:14:51.508+0000] {dagbag.py:541} INFO - Filling up the DagBag from /home/airflow/.local/lib/python3.7/site-packages/airflow/example_dags/example_branch_python_dop_operator_3.py
[2023-05-05T10:14:51.522+0000] {processor.py:809} INFO - DAG(s) dict_keys(['example_branch_dop_operator_v3']) retrieved from /home/airflow/.local/lib/python3.7/site-packages/airflow/example_dags/example_branch_python_dop_operator_3.py
[2023-05-05T10:14:51.561+0000] {logging_mixin.py:149} INFO - [2023-05-05T10:14:51.561+0000] {dag.py:2726} INFO - Sync 1 DAGs
[2023-05-05T10:14:51.610+0000] {logging_mixin.py:149} INFO - [2023-05-05T10:14:51.610+0000] {dag.py:3490} INFO - Setting next_dagrun for example_branch_dop_operator_v3 to 2023-05-05T10:13:00+00:00, run_after=2023-05-05T10:14:00+00:00
[2023-05-05T10:14:51.641+0000] {processor.py:178} INFO - Processing /home/airflow/.local/lib/python3.7/site-packages/airflow/example_dags/example_branch_python_dop_operator_3.py took 0.144 seconds
[2023-05-05T10:15:22.316+0000] {processor.py:156} INFO - Started process (PID=503) to work on /home/airflow/.local/lib/python3.7/site-packages/airflow/example_dags/example_branch_python_dop_operator_3.py
[2023-05-05T10:15:22.319+0000] {processor.py:799} INFO - Processing file /home/airflow/.local/lib/python3.7/site-packages/airflow/example_dags/example_branch_python_dop_operator_3.py for tasks to queue
[2023-05-05T10:15:22.322+0000] {logging_mixin.py:149} INFO - [2023-05-05T10:15:22.321+0000] {dagbag.py:541} INFO - Filling up the DagBag from /home/airflow/.local/lib/python3.7/site-packages/airflow/example_dags/example_branch_python_dop_operator_3.py
[2023-05-05T10:15:22.334+0000] {processor.py:809} INFO - DAG(s) dict_keys(['example_branch_dop_operator_v3']) retrieved from /home/airflow/.local/lib/python3.7/site-packages/airflow/example_dags/example_branch_python_dop_operator_3.py
[2023-05-05T10:15:22.370+0000] {logging_mixin.py:149} INFO - [2023-05-05T10:15:22.370+0000] {dag.py:2726} INFO - Sync 1 DAGs
[2023-05-05T10:15:22.409+0000] {logging_mixin.py:149} INFO - [2023-05-05T10:15:22.409+0000] {dag.py:3490} INFO - Setting next_dagrun for example_branch_dop_operator_v3 to 2023-05-05T10:14:00+00:00, run_after=2023-05-05T10:15:00+00:00
[2023-05-05T10:15:22.436+0000] {processor.py:178} INFO - Processing /home/airflow/.local/lib/python3.7/site-packages/airflow/example_dags/example_branch_python_dop_operator_3.py took 0.124 seconds
[2023-05-05T10:15:52.734+0000] {processor.py:156} INFO - Started process (PID=567) to work on /home/airflow/.local/lib/python3.7/site-packages/airflow/example_dags/example_branch_python_dop_operator_3.py
[2023-05-05T10:15:52.737+0000] {processor.py:799} INFO - Processing file /home/airflow/.local/lib/python3.7/site-packages/airflow/example_dags/example_branch_python_dop_operator_3.py for tasks to queue
[2023-05-05T10:15:52.739+0000] {logging_mixin.py:149} INFO - [2023-05-05T10:15:52.739+0000] {dagbag.py:541} INFO - Filling up the DagBag from /home/airflow/.local/lib/python3.7/site-packages/airflow/example_dags/example_branch_python_dop_operator_3.py
[2023-05-05T10:15:52.751+0000] {processor.py:809} INFO - DAG(s) dict_keys(['example_branch_dop_operator_v3']) retrieved from /home/airflow/.local/lib/python3.7/site-packages/airflow/example_dags/example_branch_python_dop_operator_3.py
[2023-05-05T10:15:52.788+0000] {logging_mixin.py:149} INFO - [2023-05-05T10:15:52.788+0000] {dag.py:2726} INFO - Sync 1 DAGs
[2023-05-05T10:15:52.839+0000] {logging_mixin.py:149} INFO - [2023-05-05T10:15:52.839+0000] {dag.py:3490} INFO - Setting next_dagrun for example_branch_dop_operator_v3 to 2023-05-05T10:14:00+00:00, run_after=2023-05-05T10:15:00+00:00
[2023-05-05T10:15:52.869+0000] {processor.py:178} INFO - Processing /home/airflow/.local/lib/python3.7/site-packages/airflow/example_dags/example_branch_python_dop_operator_3.py took 0.141 seconds
[2023-05-05T10:16:24.083+0000] {processor.py:156} INFO - Started process (PID=631) to work on /home/airflow/.local/lib/python3.7/site-packages/airflow/example_dags/example_branch_python_dop_operator_3.py
[2023-05-05T10:16:24.086+0000] {processor.py:799} INFO - Processing file /home/airflow/.local/lib/python3.7/site-packages/airflow/example_dags/example_branch_python_dop_operator_3.py for tasks to queue
[2023-05-05T10:16:24.089+0000] {logging_mixin.py:149} INFO - [2023-05-05T10:16:24.088+0000] {dagbag.py:541} INFO - Filling up the DagBag from /home/airflow/.local/lib/python3.7/site-packages/airflow/example_dags/example_branch_python_dop_operator_3.py
[2023-05-05T10:16:24.103+0000] {processor.py:809} INFO - DAG(s) dict_keys(['example_branch_dop_operator_v3']) retrieved from /home/airflow/.local/lib/python3.7/site-packages/airflow/example_dags/example_branch_python_dop_operator_3.py
[2023-05-05T10:16:24.142+0000] {logging_mixin.py:149} INFO - [2023-05-05T10:16:24.141+0000] {dag.py:2726} INFO - Sync 1 DAGs
[2023-05-05T10:16:24.183+0000] {logging_mixin.py:149} INFO - [2023-05-05T10:16:24.183+0000] {dag.py:3490} INFO - Setting next_dagrun for example_branch_dop_operator_v3 to 2023-05-05T10:15:00+00:00, run_after=2023-05-05T10:16:00+00:00
[2023-05-05T10:16:24.213+0000] {processor.py:178} INFO - Processing /home/airflow/.local/lib/python3.7/site-packages/airflow/example_dags/example_branch_python_dop_operator_3.py took 0.135 seconds
[2023-05-05T10:16:55.259+0000] {processor.py:156} INFO - Started process (PID=695) to work on /home/airflow/.local/lib/python3.7/site-packages/airflow/example_dags/example_branch_python_dop_operator_3.py
[2023-05-05T10:16:55.262+0000] {processor.py:799} INFO - Processing file /home/airflow/.local/lib/python3.7/site-packages/airflow/example_dags/example_branch_python_dop_operator_3.py for tasks to queue
[2023-05-05T10:16:55.264+0000] {logging_mixin.py:149} INFO - [2023-05-05T10:16:55.264+0000] {dagbag.py:541} INFO - Filling up the DagBag from /home/airflow/.local/lib/python3.7/site-packages/airflow/example_dags/example_branch_python_dop_operator_3.py
[2023-05-05T10:16:55.275+0000] {processor.py:809} INFO - DAG(s) dict_keys(['example_branch_dop_operator_v3']) retrieved from /home/airflow/.local/lib/python3.7/site-packages/airflow/example_dags/example_branch_python_dop_operator_3.py
[2023-05-05T10:16:55.312+0000] {logging_mixin.py:149} INFO - [2023-05-05T10:16:55.312+0000] {dag.py:2726} INFO - Sync 1 DAGs
[2023-05-05T10:16:55.352+0000] {logging_mixin.py:149} INFO - [2023-05-05T10:16:55.351+0000] {dag.py:3490} INFO - Setting next_dagrun for example_branch_dop_operator_v3 to 2023-05-05T10:15:00+00:00, run_after=2023-05-05T10:16:00+00:00
[2023-05-05T10:16:55.381+0000] {processor.py:178} INFO - Processing /home/airflow/.local/lib/python3.7/site-packages/airflow/example_dags/example_branch_python_dop_operator_3.py took 0.127 seconds
