[2023-05-05T10:11:46.950+0000] {processor.py:156} INFO - Started process (PID=46) to work on /home/airflow/.local/lib/python3.7/site-packages/airflow/example_dags/example_branch_labels.py
[2023-05-05T10:11:46.953+0000] {processor.py:799} INFO - Processing file /home/airflow/.local/lib/python3.7/site-packages/airflow/example_dags/example_branch_labels.py for tasks to queue
[2023-05-05T10:11:46.956+0000] {logging_mixin.py:149} INFO - [2023-05-05T10:11:46.956+0000] {dagbag.py:541} INFO - Filling up the DagBag from /home/airflow/.local/lib/python3.7/site-packages/airflow/example_dags/example_branch_labels.py
[2023-05-05T10:11:46.972+0000] {processor.py:809} INFO - DAG(s) dict_keys(['example_branch_labels']) retrieved from /home/airflow/.local/lib/python3.7/site-packages/airflow/example_dags/example_branch_labels.py
[2023-05-05T10:11:47.027+0000] {logging_mixin.py:149} INFO - [2023-05-05T10:11:47.027+0000] {dag.py:2726} INFO - Sync 1 DAGs
[2023-05-05T10:11:47.081+0000] {logging_mixin.py:149} INFO - [2023-05-05T10:11:47.081+0000] {dag.py:3490} INFO - Setting next_dagrun for example_branch_labels to 2023-05-04T00:00:00+00:00, run_after=2023-05-05T00:00:00+00:00
[2023-05-05T10:11:47.122+0000] {processor.py:178} INFO - Processing /home/airflow/.local/lib/python3.7/site-packages/airflow/example_dags/example_branch_labels.py took 0.179 seconds
[2023-05-05T10:12:17.219+0000] {processor.py:156} INFO - Started process (PID=109) to work on /home/airflow/.local/lib/python3.7/site-packages/airflow/example_dags/example_branch_labels.py
[2023-05-05T10:12:17.221+0000] {processor.py:799} INFO - Processing file /home/airflow/.local/lib/python3.7/site-packages/airflow/example_dags/example_branch_labels.py for tasks to queue
[2023-05-05T10:12:17.222+0000] {logging_mixin.py:149} INFO - [2023-05-05T10:12:17.222+0000] {dagbag.py:541} INFO - Filling up the DagBag from /home/airflow/.local/lib/python3.7/site-packages/airflow/example_dags/example_branch_labels.py
[2023-05-05T10:12:17.232+0000] {processor.py:809} INFO - DAG(s) dict_keys(['example_branch_labels']) retrieved from /home/airflow/.local/lib/python3.7/site-packages/airflow/example_dags/example_branch_labels.py
[2023-05-05T10:12:17.263+0000] {logging_mixin.py:149} INFO - [2023-05-05T10:12:17.263+0000] {dag.py:2726} INFO - Sync 1 DAGs
[2023-05-05T10:12:17.292+0000] {logging_mixin.py:149} INFO - [2023-05-05T10:12:17.292+0000] {dag.py:3490} INFO - Setting next_dagrun for example_branch_labels to 2023-05-04T00:00:00+00:00, run_after=2023-05-05T00:00:00+00:00
[2023-05-05T10:12:17.312+0000] {processor.py:178} INFO - Processing /home/airflow/.local/lib/python3.7/site-packages/airflow/example_dags/example_branch_labels.py took 0.098 seconds
[2023-05-05T10:12:47.346+0000] {processor.py:156} INFO - Started process (PID=173) to work on /home/airflow/.local/lib/python3.7/site-packages/airflow/example_dags/example_branch_labels.py
[2023-05-05T10:12:47.349+0000] {processor.py:799} INFO - Processing file /home/airflow/.local/lib/python3.7/site-packages/airflow/example_dags/example_branch_labels.py for tasks to queue
[2023-05-05T10:12:47.350+0000] {logging_mixin.py:149} INFO - [2023-05-05T10:12:47.350+0000] {dagbag.py:541} INFO - Filling up the DagBag from /home/airflow/.local/lib/python3.7/site-packages/airflow/example_dags/example_branch_labels.py
[2023-05-05T10:12:47.360+0000] {processor.py:809} INFO - DAG(s) dict_keys(['example_branch_labels']) retrieved from /home/airflow/.local/lib/python3.7/site-packages/airflow/example_dags/example_branch_labels.py
[2023-05-05T10:12:47.393+0000] {logging_mixin.py:149} INFO - [2023-05-05T10:12:47.393+0000] {dag.py:2726} INFO - Sync 1 DAGs
[2023-05-05T10:12:47.423+0000] {logging_mixin.py:149} INFO - [2023-05-05T10:12:47.423+0000] {dag.py:3490} INFO - Setting next_dagrun for example_branch_labels to 2023-05-04T00:00:00+00:00, run_after=2023-05-05T00:00:00+00:00
[2023-05-05T10:12:47.444+0000] {processor.py:178} INFO - Processing /home/airflow/.local/lib/python3.7/site-packages/airflow/example_dags/example_branch_labels.py took 0.102 seconds
[2023-05-05T10:13:17.628+0000] {processor.py:156} INFO - Started process (PID=237) to work on /home/airflow/.local/lib/python3.7/site-packages/airflow/example_dags/example_branch_labels.py
[2023-05-05T10:13:17.632+0000] {processor.py:799} INFO - Processing file /home/airflow/.local/lib/python3.7/site-packages/airflow/example_dags/example_branch_labels.py for tasks to queue
[2023-05-05T10:13:17.634+0000] {logging_mixin.py:149} INFO - [2023-05-05T10:13:17.633+0000] {dagbag.py:541} INFO - Filling up the DagBag from /home/airflow/.local/lib/python3.7/site-packages/airflow/example_dags/example_branch_labels.py
[2023-05-05T10:13:17.644+0000] {processor.py:809} INFO - DAG(s) dict_keys(['example_branch_labels']) retrieved from /home/airflow/.local/lib/python3.7/site-packages/airflow/example_dags/example_branch_labels.py
[2023-05-05T10:13:17.676+0000] {logging_mixin.py:149} INFO - [2023-05-05T10:13:17.676+0000] {dag.py:2726} INFO - Sync 1 DAGs
[2023-05-05T10:13:17.709+0000] {logging_mixin.py:149} INFO - [2023-05-05T10:13:17.709+0000] {dag.py:3490} INFO - Setting next_dagrun for example_branch_labels to 2023-05-04T00:00:00+00:00, run_after=2023-05-05T00:00:00+00:00
[2023-05-05T10:13:17.732+0000] {processor.py:178} INFO - Processing /home/airflow/.local/lib/python3.7/site-packages/airflow/example_dags/example_branch_labels.py took 0.108 seconds
[2023-05-05T10:13:48.047+0000] {processor.py:156} INFO - Started process (PID=301) to work on /home/airflow/.local/lib/python3.7/site-packages/airflow/example_dags/example_branch_labels.py
[2023-05-05T10:13:48.050+0000] {processor.py:799} INFO - Processing file /home/airflow/.local/lib/python3.7/site-packages/airflow/example_dags/example_branch_labels.py for tasks to queue
[2023-05-05T10:13:48.051+0000] {logging_mixin.py:149} INFO - [2023-05-05T10:13:48.051+0000] {dagbag.py:541} INFO - Filling up the DagBag from /home/airflow/.local/lib/python3.7/site-packages/airflow/example_dags/example_branch_labels.py
[2023-05-05T10:13:48.062+0000] {processor.py:809} INFO - DAG(s) dict_keys(['example_branch_labels']) retrieved from /home/airflow/.local/lib/python3.7/site-packages/airflow/example_dags/example_branch_labels.py
[2023-05-05T10:13:48.092+0000] {logging_mixin.py:149} INFO - [2023-05-05T10:13:48.092+0000] {dag.py:2726} INFO - Sync 1 DAGs
[2023-05-05T10:13:48.121+0000] {logging_mixin.py:149} INFO - [2023-05-05T10:13:48.121+0000] {dag.py:3490} INFO - Setting next_dagrun for example_branch_labels to 2023-05-04T00:00:00+00:00, run_after=2023-05-05T00:00:00+00:00
[2023-05-05T10:13:48.141+0000] {processor.py:178} INFO - Processing /home/airflow/.local/lib/python3.7/site-packages/airflow/example_dags/example_branch_labels.py took 0.098 seconds
[2023-05-05T10:14:19.007+0000] {processor.py:156} INFO - Started process (PID=365) to work on /home/airflow/.local/lib/python3.7/site-packages/airflow/example_dags/example_branch_labels.py
[2023-05-05T10:14:19.010+0000] {processor.py:799} INFO - Processing file /home/airflow/.local/lib/python3.7/site-packages/airflow/example_dags/example_branch_labels.py for tasks to queue
[2023-05-05T10:14:19.011+0000] {logging_mixin.py:149} INFO - [2023-05-05T10:14:19.011+0000] {dagbag.py:541} INFO - Filling up the DagBag from /home/airflow/.local/lib/python3.7/site-packages/airflow/example_dags/example_branch_labels.py
[2023-05-05T10:14:19.021+0000] {processor.py:809} INFO - DAG(s) dict_keys(['example_branch_labels']) retrieved from /home/airflow/.local/lib/python3.7/site-packages/airflow/example_dags/example_branch_labels.py
[2023-05-05T10:14:19.053+0000] {logging_mixin.py:149} INFO - [2023-05-05T10:14:19.053+0000] {dag.py:2726} INFO - Sync 1 DAGs
[2023-05-05T10:14:19.089+0000] {logging_mixin.py:149} INFO - [2023-05-05T10:14:19.088+0000] {dag.py:3490} INFO - Setting next_dagrun for example_branch_labels to 2023-05-04T00:00:00+00:00, run_after=2023-05-05T00:00:00+00:00
[2023-05-05T10:14:19.111+0000] {processor.py:178} INFO - Processing /home/airflow/.local/lib/python3.7/site-packages/airflow/example_dags/example_branch_labels.py took 0.108 seconds
[2023-05-05T10:14:49.534+0000] {processor.py:156} INFO - Started process (PID=429) to work on /home/airflow/.local/lib/python3.7/site-packages/airflow/example_dags/example_branch_labels.py
[2023-05-05T10:14:49.539+0000] {processor.py:799} INFO - Processing file /home/airflow/.local/lib/python3.7/site-packages/airflow/example_dags/example_branch_labels.py for tasks to queue
[2023-05-05T10:14:49.542+0000] {logging_mixin.py:149} INFO - [2023-05-05T10:14:49.541+0000] {dagbag.py:541} INFO - Filling up the DagBag from /home/airflow/.local/lib/python3.7/site-packages/airflow/example_dags/example_branch_labels.py
[2023-05-05T10:14:49.556+0000] {processor.py:809} INFO - DAG(s) dict_keys(['example_branch_labels']) retrieved from /home/airflow/.local/lib/python3.7/site-packages/airflow/example_dags/example_branch_labels.py
[2023-05-05T10:14:49.598+0000] {logging_mixin.py:149} INFO - [2023-05-05T10:14:49.598+0000] {dag.py:2726} INFO - Sync 1 DAGs
[2023-05-05T10:14:49.643+0000] {logging_mixin.py:149} INFO - [2023-05-05T10:14:49.643+0000] {dag.py:3490} INFO - Setting next_dagrun for example_branch_labels to 2023-05-04T00:00:00+00:00, run_after=2023-05-05T00:00:00+00:00
[2023-05-05T10:14:49.677+0000] {processor.py:178} INFO - Processing /home/airflow/.local/lib/python3.7/site-packages/airflow/example_dags/example_branch_labels.py took 0.148 seconds
[2023-05-05T10:15:20.060+0000] {processor.py:156} INFO - Started process (PID=493) to work on /home/airflow/.local/lib/python3.7/site-packages/airflow/example_dags/example_branch_labels.py
[2023-05-05T10:15:20.065+0000] {processor.py:799} INFO - Processing file /home/airflow/.local/lib/python3.7/site-packages/airflow/example_dags/example_branch_labels.py for tasks to queue
[2023-05-05T10:15:20.068+0000] {logging_mixin.py:149} INFO - [2023-05-05T10:15:20.068+0000] {dagbag.py:541} INFO - Filling up the DagBag from /home/airflow/.local/lib/python3.7/site-packages/airflow/example_dags/example_branch_labels.py
[2023-05-05T10:15:20.085+0000] {processor.py:809} INFO - DAG(s) dict_keys(['example_branch_labels']) retrieved from /home/airflow/.local/lib/python3.7/site-packages/airflow/example_dags/example_branch_labels.py
[2023-05-05T10:15:20.131+0000] {logging_mixin.py:149} INFO - [2023-05-05T10:15:20.131+0000] {dag.py:2726} INFO - Sync 1 DAGs
[2023-05-05T10:15:20.173+0000] {logging_mixin.py:149} INFO - [2023-05-05T10:15:20.172+0000] {dag.py:3490} INFO - Setting next_dagrun for example_branch_labels to 2023-05-04T00:00:00+00:00, run_after=2023-05-05T00:00:00+00:00
[2023-05-05T10:15:20.203+0000] {processor.py:178} INFO - Processing /home/airflow/.local/lib/python3.7/site-packages/airflow/example_dags/example_branch_labels.py took 0.153 seconds
[2023-05-05T10:15:51.657+0000] {processor.py:156} INFO - Started process (PID=557) to work on /home/airflow/.local/lib/python3.7/site-packages/airflow/example_dags/example_branch_labels.py
[2023-05-05T10:15:51.661+0000] {processor.py:799} INFO - Processing file /home/airflow/.local/lib/python3.7/site-packages/airflow/example_dags/example_branch_labels.py for tasks to queue
[2023-05-05T10:15:51.664+0000] {logging_mixin.py:149} INFO - [2023-05-05T10:15:51.664+0000] {dagbag.py:541} INFO - Filling up the DagBag from /home/airflow/.local/lib/python3.7/site-packages/airflow/example_dags/example_branch_labels.py
[2023-05-05T10:15:51.684+0000] {processor.py:809} INFO - DAG(s) dict_keys(['example_branch_labels']) retrieved from /home/airflow/.local/lib/python3.7/site-packages/airflow/example_dags/example_branch_labels.py
[2023-05-05T10:15:51.743+0000] {logging_mixin.py:149} INFO - [2023-05-05T10:15:51.743+0000] {dag.py:2726} INFO - Sync 1 DAGs
[2023-05-05T10:15:51.797+0000] {logging_mixin.py:149} INFO - [2023-05-05T10:15:51.797+0000] {dag.py:3490} INFO - Setting next_dagrun for example_branch_labels to 2023-05-04T00:00:00+00:00, run_after=2023-05-05T00:00:00+00:00
[2023-05-05T10:15:51.831+0000] {processor.py:178} INFO - Processing /home/airflow/.local/lib/python3.7/site-packages/airflow/example_dags/example_branch_labels.py took 0.184 seconds
[2023-05-05T10:16:21.936+0000] {processor.py:156} INFO - Started process (PID=621) to work on /home/airflow/.local/lib/python3.7/site-packages/airflow/example_dags/example_branch_labels.py
[2023-05-05T10:16:21.940+0000] {processor.py:799} INFO - Processing file /home/airflow/.local/lib/python3.7/site-packages/airflow/example_dags/example_branch_labels.py for tasks to queue
[2023-05-05T10:16:21.943+0000] {logging_mixin.py:149} INFO - [2023-05-05T10:16:21.942+0000] {dagbag.py:541} INFO - Filling up the DagBag from /home/airflow/.local/lib/python3.7/site-packages/airflow/example_dags/example_branch_labels.py
[2023-05-05T10:16:21.956+0000] {processor.py:809} INFO - DAG(s) dict_keys(['example_branch_labels']) retrieved from /home/airflow/.local/lib/python3.7/site-packages/airflow/example_dags/example_branch_labels.py
[2023-05-05T10:16:21.990+0000] {logging_mixin.py:149} INFO - [2023-05-05T10:16:21.990+0000] {dag.py:2726} INFO - Sync 1 DAGs
[2023-05-05T10:16:22.024+0000] {logging_mixin.py:149} INFO - [2023-05-05T10:16:22.024+0000] {dag.py:3490} INFO - Setting next_dagrun for example_branch_labels to 2023-05-04T00:00:00+00:00, run_after=2023-05-05T00:00:00+00:00
[2023-05-05T10:16:22.054+0000] {processor.py:178} INFO - Processing /home/airflow/.local/lib/python3.7/site-packages/airflow/example_dags/example_branch_labels.py took 0.123 seconds
[2023-05-05T10:16:52.948+0000] {processor.py:156} INFO - Started process (PID=685) to work on /home/airflow/.local/lib/python3.7/site-packages/airflow/example_dags/example_branch_labels.py
[2023-05-05T10:16:52.951+0000] {processor.py:799} INFO - Processing file /home/airflow/.local/lib/python3.7/site-packages/airflow/example_dags/example_branch_labels.py for tasks to queue
[2023-05-05T10:16:52.954+0000] {logging_mixin.py:149} INFO - [2023-05-05T10:16:52.954+0000] {dagbag.py:541} INFO - Filling up the DagBag from /home/airflow/.local/lib/python3.7/site-packages/airflow/example_dags/example_branch_labels.py
[2023-05-05T10:16:52.967+0000] {processor.py:809} INFO - DAG(s) dict_keys(['example_branch_labels']) retrieved from /home/airflow/.local/lib/python3.7/site-packages/airflow/example_dags/example_branch_labels.py
[2023-05-05T10:16:53.017+0000] {logging_mixin.py:149} INFO - [2023-05-05T10:16:53.017+0000] {dag.py:2726} INFO - Sync 1 DAGs
[2023-05-05T10:16:53.085+0000] {logging_mixin.py:149} INFO - [2023-05-05T10:16:53.085+0000] {dag.py:3490} INFO - Setting next_dagrun for example_branch_labels to 2023-05-04T00:00:00+00:00, run_after=2023-05-05T00:00:00+00:00
[2023-05-05T10:16:53.121+0000] {processor.py:178} INFO - Processing /home/airflow/.local/lib/python3.7/site-packages/airflow/example_dags/example_branch_labels.py took 0.178 seconds
