[2023-05-05T10:11:47.429+0000] {processor.py:156} INFO - Started process (PID=48) to work on /home/airflow/.local/lib/python3.7/site-packages/airflow/example_dags/tutorial_dag.py
[2023-05-05T10:11:47.434+0000] {processor.py:799} INFO - Processing file /home/airflow/.local/lib/python3.7/site-packages/airflow/example_dags/tutorial_dag.py for tasks to queue
[2023-05-05T10:11:47.437+0000] {logging_mixin.py:149} INFO - [2023-05-05T10:11:47.436+0000] {dagbag.py:541} INFO - Filling up the DagBag from /home/airflow/.local/lib/python3.7/site-packages/airflow/example_dags/tutorial_dag.py
[2023-05-05T10:11:47.450+0000] {processor.py:809} INFO - DAG(s) dict_keys(['tutorial_dag']) retrieved from /home/airflow/.local/lib/python3.7/site-packages/airflow/example_dags/tutorial_dag.py
[2023-05-05T10:11:47.500+0000] {logging_mixin.py:149} INFO - [2023-05-05T10:11:47.500+0000] {dag.py:2726} INFO - Sync 1 DAGs
[2023-05-05T10:11:47.546+0000] {logging_mixin.py:149} INFO - [2023-05-05T10:11:47.546+0000] {dag.py:3490} INFO - Setting next_dagrun for tutorial_dag to None, run_after=None
[2023-05-05T10:11:47.581+0000] {processor.py:178} INFO - Processing /home/airflow/.local/lib/python3.7/site-packages/airflow/example_dags/tutorial_dag.py took 0.164 seconds
[2023-05-05T10:12:18.242+0000] {processor.py:156} INFO - Started process (PID=111) to work on /home/airflow/.local/lib/python3.7/site-packages/airflow/example_dags/tutorial_dag.py
[2023-05-05T10:12:18.244+0000] {processor.py:799} INFO - Processing file /home/airflow/.local/lib/python3.7/site-packages/airflow/example_dags/tutorial_dag.py for tasks to queue
[2023-05-05T10:12:18.245+0000] {logging_mixin.py:149} INFO - [2023-05-05T10:12:18.245+0000] {dagbag.py:541} INFO - Filling up the DagBag from /home/airflow/.local/lib/python3.7/site-packages/airflow/example_dags/tutorial_dag.py
[2023-05-05T10:12:18.252+0000] {processor.py:809} INFO - DAG(s) dict_keys(['tutorial_dag']) retrieved from /home/airflow/.local/lib/python3.7/site-packages/airflow/example_dags/tutorial_dag.py
[2023-05-05T10:12:18.283+0000] {logging_mixin.py:149} INFO - [2023-05-05T10:12:18.283+0000] {dag.py:2726} INFO - Sync 1 DAGs
[2023-05-05T10:12:18.311+0000] {logging_mixin.py:149} INFO - [2023-05-05T10:12:18.311+0000] {dag.py:3490} INFO - Setting next_dagrun for tutorial_dag to None, run_after=None
[2023-05-05T10:12:18.333+0000] {processor.py:178} INFO - Processing /home/airflow/.local/lib/python3.7/site-packages/airflow/example_dags/tutorial_dag.py took 0.096 seconds
[2023-05-05T10:12:48.425+0000] {processor.py:156} INFO - Started process (PID=175) to work on /home/airflow/.local/lib/python3.7/site-packages/airflow/example_dags/tutorial_dag.py
[2023-05-05T10:12:48.428+0000] {processor.py:799} INFO - Processing file /home/airflow/.local/lib/python3.7/site-packages/airflow/example_dags/tutorial_dag.py for tasks to queue
[2023-05-05T10:12:48.430+0000] {logging_mixin.py:149} INFO - [2023-05-05T10:12:48.429+0000] {dagbag.py:541} INFO - Filling up the DagBag from /home/airflow/.local/lib/python3.7/site-packages/airflow/example_dags/tutorial_dag.py
[2023-05-05T10:12:48.436+0000] {processor.py:809} INFO - DAG(s) dict_keys(['tutorial_dag']) retrieved from /home/airflow/.local/lib/python3.7/site-packages/airflow/example_dags/tutorial_dag.py
[2023-05-05T10:12:48.475+0000] {logging_mixin.py:149} INFO - [2023-05-05T10:12:48.474+0000] {dag.py:2726} INFO - Sync 1 DAGs
[2023-05-05T10:12:48.507+0000] {logging_mixin.py:149} INFO - [2023-05-05T10:12:48.507+0000] {dag.py:3490} INFO - Setting next_dagrun for tutorial_dag to None, run_after=None
[2023-05-05T10:12:48.532+0000] {processor.py:178} INFO - Processing /home/airflow/.local/lib/python3.7/site-packages/airflow/example_dags/tutorial_dag.py took 0.112 seconds
[2023-05-05T10:13:18.740+0000] {processor.py:156} INFO - Started process (PID=239) to work on /home/airflow/.local/lib/python3.7/site-packages/airflow/example_dags/tutorial_dag.py
[2023-05-05T10:13:18.743+0000] {processor.py:799} INFO - Processing file /home/airflow/.local/lib/python3.7/site-packages/airflow/example_dags/tutorial_dag.py for tasks to queue
[2023-05-05T10:13:18.747+0000] {logging_mixin.py:149} INFO - [2023-05-05T10:13:18.747+0000] {dagbag.py:541} INFO - Filling up the DagBag from /home/airflow/.local/lib/python3.7/site-packages/airflow/example_dags/tutorial_dag.py
[2023-05-05T10:13:18.755+0000] {processor.py:809} INFO - DAG(s) dict_keys(['tutorial_dag']) retrieved from /home/airflow/.local/lib/python3.7/site-packages/airflow/example_dags/tutorial_dag.py
[2023-05-05T10:13:18.787+0000] {logging_mixin.py:149} INFO - [2023-05-05T10:13:18.786+0000] {dag.py:2726} INFO - Sync 1 DAGs
[2023-05-05T10:13:18.815+0000] {logging_mixin.py:149} INFO - [2023-05-05T10:13:18.815+0000] {dag.py:3490} INFO - Setting next_dagrun for tutorial_dag to None, run_after=None
[2023-05-05T10:13:18.837+0000] {processor.py:178} INFO - Processing /home/airflow/.local/lib/python3.7/site-packages/airflow/example_dags/tutorial_dag.py took 0.102 seconds
[2023-05-05T10:13:49.089+0000] {processor.py:156} INFO - Started process (PID=303) to work on /home/airflow/.local/lib/python3.7/site-packages/airflow/example_dags/tutorial_dag.py
[2023-05-05T10:13:49.091+0000] {processor.py:799} INFO - Processing file /home/airflow/.local/lib/python3.7/site-packages/airflow/example_dags/tutorial_dag.py for tasks to queue
[2023-05-05T10:13:49.093+0000] {logging_mixin.py:149} INFO - [2023-05-05T10:13:49.093+0000] {dagbag.py:541} INFO - Filling up the DagBag from /home/airflow/.local/lib/python3.7/site-packages/airflow/example_dags/tutorial_dag.py
[2023-05-05T10:13:49.099+0000] {processor.py:809} INFO - DAG(s) dict_keys(['tutorial_dag']) retrieved from /home/airflow/.local/lib/python3.7/site-packages/airflow/example_dags/tutorial_dag.py
[2023-05-05T10:13:49.129+0000] {logging_mixin.py:149} INFO - [2023-05-05T10:13:49.128+0000] {dag.py:2726} INFO - Sync 1 DAGs
[2023-05-05T10:13:49.157+0000] {logging_mixin.py:149} INFO - [2023-05-05T10:13:49.157+0000] {dag.py:3490} INFO - Setting next_dagrun for tutorial_dag to None, run_after=None
[2023-05-05T10:13:49.178+0000] {processor.py:178} INFO - Processing /home/airflow/.local/lib/python3.7/site-packages/airflow/example_dags/tutorial_dag.py took 0.093 seconds
[2023-05-05T10:14:20.242+0000] {processor.py:156} INFO - Started process (PID=368) to work on /home/airflow/.local/lib/python3.7/site-packages/airflow/example_dags/tutorial_dag.py
[2023-05-05T10:14:20.245+0000] {processor.py:799} INFO - Processing file /home/airflow/.local/lib/python3.7/site-packages/airflow/example_dags/tutorial_dag.py for tasks to queue
[2023-05-05T10:14:20.249+0000] {logging_mixin.py:149} INFO - [2023-05-05T10:14:20.249+0000] {dagbag.py:541} INFO - Filling up the DagBag from /home/airflow/.local/lib/python3.7/site-packages/airflow/example_dags/tutorial_dag.py
[2023-05-05T10:14:20.262+0000] {processor.py:809} INFO - DAG(s) dict_keys(['tutorial_dag']) retrieved from /home/airflow/.local/lib/python3.7/site-packages/airflow/example_dags/tutorial_dag.py
[2023-05-05T10:14:20.300+0000] {logging_mixin.py:149} INFO - [2023-05-05T10:14:20.300+0000] {dag.py:2726} INFO - Sync 1 DAGs
[2023-05-05T10:14:20.330+0000] {logging_mixin.py:149} INFO - [2023-05-05T10:14:20.329+0000] {dag.py:3490} INFO - Setting next_dagrun for tutorial_dag to None, run_after=None
[2023-05-05T10:14:20.354+0000] {processor.py:178} INFO - Processing /home/airflow/.local/lib/python3.7/site-packages/airflow/example_dags/tutorial_dag.py took 0.118 seconds
[2023-05-05T10:14:50.842+0000] {processor.py:156} INFO - Started process (PID=432) to work on /home/airflow/.local/lib/python3.7/site-packages/airflow/example_dags/tutorial_dag.py
[2023-05-05T10:14:50.844+0000] {processor.py:799} INFO - Processing file /home/airflow/.local/lib/python3.7/site-packages/airflow/example_dags/tutorial_dag.py for tasks to queue
[2023-05-05T10:14:50.847+0000] {logging_mixin.py:149} INFO - [2023-05-05T10:14:50.846+0000] {dagbag.py:541} INFO - Filling up the DagBag from /home/airflow/.local/lib/python3.7/site-packages/airflow/example_dags/tutorial_dag.py
[2023-05-05T10:14:50.857+0000] {processor.py:809} INFO - DAG(s) dict_keys(['tutorial_dag']) retrieved from /home/airflow/.local/lib/python3.7/site-packages/airflow/example_dags/tutorial_dag.py
[2023-05-05T10:14:50.894+0000] {logging_mixin.py:149} INFO - [2023-05-05T10:14:50.893+0000] {dag.py:2726} INFO - Sync 1 DAGs
[2023-05-05T10:14:50.930+0000] {logging_mixin.py:149} INFO - [2023-05-05T10:14:50.930+0000] {dag.py:3490} INFO - Setting next_dagrun for tutorial_dag to None, run_after=None
[2023-05-05T10:14:50.960+0000] {processor.py:178} INFO - Processing /home/airflow/.local/lib/python3.7/site-packages/airflow/example_dags/tutorial_dag.py took 0.123 seconds
[2023-05-05T10:15:21.162+0000] {processor.py:156} INFO - Started process (PID=495) to work on /home/airflow/.local/lib/python3.7/site-packages/airflow/example_dags/tutorial_dag.py
[2023-05-05T10:15:21.168+0000] {processor.py:799} INFO - Processing file /home/airflow/.local/lib/python3.7/site-packages/airflow/example_dags/tutorial_dag.py for tasks to queue
[2023-05-05T10:15:21.173+0000] {logging_mixin.py:149} INFO - [2023-05-05T10:15:21.172+0000] {dagbag.py:541} INFO - Filling up the DagBag from /home/airflow/.local/lib/python3.7/site-packages/airflow/example_dags/tutorial_dag.py
[2023-05-05T10:15:21.193+0000] {processor.py:809} INFO - DAG(s) dict_keys(['tutorial_dag']) retrieved from /home/airflow/.local/lib/python3.7/site-packages/airflow/example_dags/tutorial_dag.py
[2023-05-05T10:15:21.262+0000] {logging_mixin.py:149} INFO - [2023-05-05T10:15:21.261+0000] {dag.py:2726} INFO - Sync 1 DAGs
[2023-05-05T10:15:21.322+0000] {logging_mixin.py:149} INFO - [2023-05-05T10:15:21.322+0000] {dag.py:3490} INFO - Setting next_dagrun for tutorial_dag to None, run_after=None
[2023-05-05T10:15:21.362+0000] {processor.py:178} INFO - Processing /home/airflow/.local/lib/python3.7/site-packages/airflow/example_dags/tutorial_dag.py took 0.217 seconds
[2023-05-05T10:15:51.883+0000] {processor.py:156} INFO - Started process (PID=559) to work on /home/airflow/.local/lib/python3.7/site-packages/airflow/example_dags/tutorial_dag.py
[2023-05-05T10:15:51.886+0000] {processor.py:799} INFO - Processing file /home/airflow/.local/lib/python3.7/site-packages/airflow/example_dags/tutorial_dag.py for tasks to queue
[2023-05-05T10:15:51.888+0000] {logging_mixin.py:149} INFO - [2023-05-05T10:15:51.888+0000] {dagbag.py:541} INFO - Filling up the DagBag from /home/airflow/.local/lib/python3.7/site-packages/airflow/example_dags/tutorial_dag.py
[2023-05-05T10:15:51.898+0000] {processor.py:809} INFO - DAG(s) dict_keys(['tutorial_dag']) retrieved from /home/airflow/.local/lib/python3.7/site-packages/airflow/example_dags/tutorial_dag.py
[2023-05-05T10:15:51.937+0000] {logging_mixin.py:149} INFO - [2023-05-05T10:15:51.937+0000] {dag.py:2726} INFO - Sync 1 DAGs
[2023-05-05T10:15:51.974+0000] {logging_mixin.py:149} INFO - [2023-05-05T10:15:51.974+0000] {dag.py:3490} INFO - Setting next_dagrun for tutorial_dag to None, run_after=None
[2023-05-05T10:15:52.006+0000] {processor.py:178} INFO - Processing /home/airflow/.local/lib/python3.7/site-packages/airflow/example_dags/tutorial_dag.py took 0.130 seconds
[2023-05-05T10:16:22.053+0000] {processor.py:156} INFO - Started process (PID=622) to work on /home/airflow/.local/lib/python3.7/site-packages/airflow/example_dags/tutorial_dag.py
[2023-05-05T10:16:22.058+0000] {processor.py:799} INFO - Processing file /home/airflow/.local/lib/python3.7/site-packages/airflow/example_dags/tutorial_dag.py for tasks to queue
[2023-05-05T10:16:22.061+0000] {logging_mixin.py:149} INFO - [2023-05-05T10:16:22.060+0000] {dagbag.py:541} INFO - Filling up the DagBag from /home/airflow/.local/lib/python3.7/site-packages/airflow/example_dags/tutorial_dag.py
[2023-05-05T10:16:22.069+0000] {processor.py:809} INFO - DAG(s) dict_keys(['tutorial_dag']) retrieved from /home/airflow/.local/lib/python3.7/site-packages/airflow/example_dags/tutorial_dag.py
[2023-05-05T10:16:22.109+0000] {logging_mixin.py:149} INFO - [2023-05-05T10:16:22.109+0000] {dag.py:2726} INFO - Sync 1 DAGs
[2023-05-05T10:16:22.154+0000] {logging_mixin.py:149} INFO - [2023-05-05T10:16:22.154+0000] {dag.py:3490} INFO - Setting next_dagrun for tutorial_dag to None, run_after=None
[2023-05-05T10:16:22.200+0000] {processor.py:178} INFO - Processing /home/airflow/.local/lib/python3.7/site-packages/airflow/example_dags/tutorial_dag.py took 0.153 seconds
[2023-05-05T10:16:53.183+0000] {processor.py:156} INFO - Started process (PID=687) to work on /home/airflow/.local/lib/python3.7/site-packages/airflow/example_dags/tutorial_dag.py
[2023-05-05T10:16:53.187+0000] {processor.py:799} INFO - Processing file /home/airflow/.local/lib/python3.7/site-packages/airflow/example_dags/tutorial_dag.py for tasks to queue
[2023-05-05T10:16:53.189+0000] {logging_mixin.py:149} INFO - [2023-05-05T10:16:53.189+0000] {dagbag.py:541} INFO - Filling up the DagBag from /home/airflow/.local/lib/python3.7/site-packages/airflow/example_dags/tutorial_dag.py
[2023-05-05T10:16:53.199+0000] {processor.py:809} INFO - DAG(s) dict_keys(['tutorial_dag']) retrieved from /home/airflow/.local/lib/python3.7/site-packages/airflow/example_dags/tutorial_dag.py
[2023-05-05T10:16:53.245+0000] {logging_mixin.py:149} INFO - [2023-05-05T10:16:53.244+0000] {dag.py:2726} INFO - Sync 1 DAGs
[2023-05-05T10:16:53.299+0000] {logging_mixin.py:149} INFO - [2023-05-05T10:16:53.298+0000] {dag.py:3490} INFO - Setting next_dagrun for tutorial_dag to None, run_after=None
[2023-05-05T10:16:53.344+0000] {processor.py:178} INFO - Processing /home/airflow/.local/lib/python3.7/site-packages/airflow/example_dags/tutorial_dag.py took 0.166 seconds
