[2023-04-28T11:24:22.450+0000] {processor.py:153} INFO - Started process (PID=172) to work on /home/airflow/.local/lib/python3.7/site-packages/airflow/example_dags/example_dag_decorator.py
[2023-04-28T11:24:22.453+0000] {processor.py:743} INFO - Processing file /home/airflow/.local/lib/python3.7/site-packages/airflow/example_dags/example_dag_decorator.py for tasks to queue
[2023-04-28T11:24:22.454+0000] {logging_mixin.py:137} INFO - [2023-04-28T11:24:22.454+0000] {dagbag.py:532} INFO - Filling up the DagBag from /home/airflow/.local/lib/python3.7/site-packages/airflow/example_dags/example_dag_decorator.py
[2023-04-28T11:24:22.491+0000] {logging_mixin.py:137} INFO - [2023-04-28T11:24:22.491+0000] {taskmixin.py:211} WARNING - Dependency <Task(_PythonDecoratedOperator): prepare_email>, send_email already registered for DAG: example_dag_decorator
[2023-04-28T11:24:22.493+0000] {logging_mixin.py:137} INFO - [2023-04-28T11:24:22.493+0000] {taskmixin.py:211} WARNING - Dependency <Task(EmailOperator): send_email>, prepare_email already registered for DAG: example_dag_decorator
[2023-04-28T11:24:22.514+0000] {processor.py:753} INFO - DAG(s) dict_keys(['example_dag_decorator']) retrieved from /home/airflow/.local/lib/python3.7/site-packages/airflow/example_dags/example_dag_decorator.py
[2023-04-28T11:24:22.550+0000] {logging_mixin.py:137} INFO - [2023-04-28T11:24:22.550+0000] {dag.py:2705} INFO - Sync 1 DAGs
[2023-04-28T11:24:22.581+0000] {logging_mixin.py:137} INFO - [2023-04-28T11:24:22.581+0000] {dag.py:3456} INFO - Setting next_dagrun for example_dag_decorator to None, run_after=None
[2023-04-28T11:24:22.621+0000] {processor.py:175} INFO - Processing /home/airflow/.local/lib/python3.7/site-packages/airflow/example_dags/example_dag_decorator.py took 0.176 seconds
[2023-04-28T11:24:52.766+0000] {processor.py:153} INFO - Started process (PID=393) to work on /home/airflow/.local/lib/python3.7/site-packages/airflow/example_dags/example_dag_decorator.py
[2023-04-28T11:24:52.767+0000] {processor.py:743} INFO - Processing file /home/airflow/.local/lib/python3.7/site-packages/airflow/example_dags/example_dag_decorator.py for tasks to queue
[2023-04-28T11:24:52.769+0000] {logging_mixin.py:137} INFO - [2023-04-28T11:24:52.769+0000] {dagbag.py:532} INFO - Filling up the DagBag from /home/airflow/.local/lib/python3.7/site-packages/airflow/example_dags/example_dag_decorator.py
[2023-04-28T11:24:52.788+0000] {logging_mixin.py:137} INFO - [2023-04-28T11:24:52.787+0000] {taskmixin.py:211} WARNING - Dependency <Task(_PythonDecoratedOperator): prepare_email>, send_email already registered for DAG: example_dag_decorator
[2023-04-28T11:24:52.789+0000] {logging_mixin.py:137} INFO - [2023-04-28T11:24:52.789+0000] {taskmixin.py:211} WARNING - Dependency <Task(EmailOperator): send_email>, prepare_email already registered for DAG: example_dag_decorator
[2023-04-28T11:24:52.802+0000] {processor.py:753} INFO - DAG(s) dict_keys(['example_dag_decorator']) retrieved from /home/airflow/.local/lib/python3.7/site-packages/airflow/example_dags/example_dag_decorator.py
[2023-04-28T11:24:52.873+0000] {logging_mixin.py:137} INFO - [2023-04-28T11:24:52.873+0000] {dag.py:2705} INFO - Sync 1 DAGs
[2023-04-28T11:24:52.899+0000] {logging_mixin.py:137} INFO - [2023-04-28T11:24:52.899+0000] {dag.py:3456} INFO - Setting next_dagrun for example_dag_decorator to None, run_after=None
[2023-04-28T11:24:52.921+0000] {processor.py:175} INFO - Processing /home/airflow/.local/lib/python3.7/site-packages/airflow/example_dags/example_dag_decorator.py took 0.159 seconds
[2023-04-28T11:25:23.583+0000] {processor.py:153} INFO - Started process (PID=609) to work on /home/airflow/.local/lib/python3.7/site-packages/airflow/example_dags/example_dag_decorator.py
[2023-04-28T11:25:23.585+0000] {processor.py:743} INFO - Processing file /home/airflow/.local/lib/python3.7/site-packages/airflow/example_dags/example_dag_decorator.py for tasks to queue
[2023-04-28T11:25:23.587+0000] {logging_mixin.py:137} INFO - [2023-04-28T11:25:23.586+0000] {dagbag.py:532} INFO - Filling up the DagBag from /home/airflow/.local/lib/python3.7/site-packages/airflow/example_dags/example_dag_decorator.py
[2023-04-28T11:25:23.610+0000] {logging_mixin.py:137} INFO - [2023-04-28T11:25:23.610+0000] {taskmixin.py:211} WARNING - Dependency <Task(_PythonDecoratedOperator): prepare_email>, send_email already registered for DAG: example_dag_decorator
[2023-04-28T11:25:23.611+0000] {logging_mixin.py:137} INFO - [2023-04-28T11:25:23.611+0000] {taskmixin.py:211} WARNING - Dependency <Task(EmailOperator): send_email>, prepare_email already registered for DAG: example_dag_decorator
[2023-04-28T11:25:23.627+0000] {processor.py:753} INFO - DAG(s) dict_keys(['example_dag_decorator']) retrieved from /home/airflow/.local/lib/python3.7/site-packages/airflow/example_dags/example_dag_decorator.py
[2023-04-28T11:25:23.706+0000] {logging_mixin.py:137} INFO - [2023-04-28T11:25:23.706+0000] {dag.py:2705} INFO - Sync 1 DAGs
[2023-04-28T11:25:23.733+0000] {logging_mixin.py:137} INFO - [2023-04-28T11:25:23.732+0000] {dag.py:3456} INFO - Setting next_dagrun for example_dag_decorator to None, run_after=None
[2023-04-28T11:25:23.754+0000] {processor.py:175} INFO - Processing /home/airflow/.local/lib/python3.7/site-packages/airflow/example_dags/example_dag_decorator.py took 0.176 seconds
[2023-04-28T11:25:54.017+0000] {processor.py:153} INFO - Started process (PID=827) to work on /home/airflow/.local/lib/python3.7/site-packages/airflow/example_dags/example_dag_decorator.py
[2023-04-28T11:25:54.020+0000] {processor.py:743} INFO - Processing file /home/airflow/.local/lib/python3.7/site-packages/airflow/example_dags/example_dag_decorator.py for tasks to queue
[2023-04-28T11:25:54.023+0000] {logging_mixin.py:137} INFO - [2023-04-28T11:25:54.023+0000] {dagbag.py:532} INFO - Filling up the DagBag from /home/airflow/.local/lib/python3.7/site-packages/airflow/example_dags/example_dag_decorator.py
[2023-04-28T11:25:54.059+0000] {logging_mixin.py:137} INFO - [2023-04-28T11:25:54.058+0000] {taskmixin.py:211} WARNING - Dependency <Task(_PythonDecoratedOperator): prepare_email>, send_email already registered for DAG: example_dag_decorator
[2023-04-28T11:25:54.061+0000] {logging_mixin.py:137} INFO - [2023-04-28T11:25:54.060+0000] {taskmixin.py:211} WARNING - Dependency <Task(EmailOperator): send_email>, prepare_email already registered for DAG: example_dag_decorator
[2023-04-28T11:25:54.088+0000] {processor.py:753} INFO - DAG(s) dict_keys(['example_dag_decorator']) retrieved from /home/airflow/.local/lib/python3.7/site-packages/airflow/example_dags/example_dag_decorator.py
[2023-04-28T11:25:54.216+0000] {logging_mixin.py:137} INFO - [2023-04-28T11:25:54.216+0000] {dag.py:2705} INFO - Sync 1 DAGs
[2023-04-28T11:25:54.270+0000] {logging_mixin.py:137} INFO - [2023-04-28T11:25:54.269+0000] {dag.py:3456} INFO - Setting next_dagrun for example_dag_decorator to None, run_after=None
[2023-04-28T11:25:54.312+0000] {processor.py:175} INFO - Processing /home/airflow/.local/lib/python3.7/site-packages/airflow/example_dags/example_dag_decorator.py took 0.304 seconds
[2023-04-28T11:26:24.427+0000] {processor.py:153} INFO - Started process (PID=1047) to work on /home/airflow/.local/lib/python3.7/site-packages/airflow/example_dags/example_dag_decorator.py
[2023-04-28T11:26:24.429+0000] {processor.py:743} INFO - Processing file /home/airflow/.local/lib/python3.7/site-packages/airflow/example_dags/example_dag_decorator.py for tasks to queue
[2023-04-28T11:26:24.431+0000] {logging_mixin.py:137} INFO - [2023-04-28T11:26:24.431+0000] {dagbag.py:532} INFO - Filling up the DagBag from /home/airflow/.local/lib/python3.7/site-packages/airflow/example_dags/example_dag_decorator.py
[2023-04-28T11:26:24.453+0000] {logging_mixin.py:137} INFO - [2023-04-28T11:26:24.453+0000] {taskmixin.py:211} WARNING - Dependency <Task(_PythonDecoratedOperator): prepare_email>, send_email already registered for DAG: example_dag_decorator
[2023-04-28T11:26:24.454+0000] {logging_mixin.py:137} INFO - [2023-04-28T11:26:24.454+0000] {taskmixin.py:211} WARNING - Dependency <Task(EmailOperator): send_email>, prepare_email already registered for DAG: example_dag_decorator
[2023-04-28T11:26:24.470+0000] {processor.py:753} INFO - DAG(s) dict_keys(['example_dag_decorator']) retrieved from /home/airflow/.local/lib/python3.7/site-packages/airflow/example_dags/example_dag_decorator.py
[2023-04-28T11:26:24.546+0000] {logging_mixin.py:137} INFO - [2023-04-28T11:26:24.546+0000] {dag.py:2705} INFO - Sync 1 DAGs
[2023-04-28T11:26:24.572+0000] {logging_mixin.py:137} INFO - [2023-04-28T11:26:24.572+0000] {dag.py:3456} INFO - Setting next_dagrun for example_dag_decorator to None, run_after=None
[2023-04-28T11:26:24.600+0000] {processor.py:175} INFO - Processing /home/airflow/.local/lib/python3.7/site-packages/airflow/example_dags/example_dag_decorator.py took 0.178 seconds
[2023-04-28T11:26:54.849+0000] {processor.py:153} INFO - Started process (PID=1263) to work on /home/airflow/.local/lib/python3.7/site-packages/airflow/example_dags/example_dag_decorator.py
[2023-04-28T11:26:54.853+0000] {processor.py:743} INFO - Processing file /home/airflow/.local/lib/python3.7/site-packages/airflow/example_dags/example_dag_decorator.py for tasks to queue
[2023-04-28T11:26:54.856+0000] {logging_mixin.py:137} INFO - [2023-04-28T11:26:54.856+0000] {dagbag.py:532} INFO - Filling up the DagBag from /home/airflow/.local/lib/python3.7/site-packages/airflow/example_dags/example_dag_decorator.py
[2023-04-28T11:26:54.893+0000] {logging_mixin.py:137} INFO - [2023-04-28T11:26:54.892+0000] {taskmixin.py:211} WARNING - Dependency <Task(_PythonDecoratedOperator): prepare_email>, send_email already registered for DAG: example_dag_decorator
[2023-04-28T11:26:54.896+0000] {logging_mixin.py:137} INFO - [2023-04-28T11:26:54.896+0000] {taskmixin.py:211} WARNING - Dependency <Task(EmailOperator): send_email>, prepare_email already registered for DAG: example_dag_decorator
[2023-04-28T11:26:54.919+0000] {processor.py:753} INFO - DAG(s) dict_keys(['example_dag_decorator']) retrieved from /home/airflow/.local/lib/python3.7/site-packages/airflow/example_dags/example_dag_decorator.py
[2023-04-28T11:26:55.055+0000] {logging_mixin.py:137} INFO - [2023-04-28T11:26:55.055+0000] {dag.py:2705} INFO - Sync 1 DAGs
[2023-04-28T11:26:55.114+0000] {logging_mixin.py:137} INFO - [2023-04-28T11:26:55.114+0000] {dag.py:3456} INFO - Setting next_dagrun for example_dag_decorator to None, run_after=None
[2023-04-28T11:26:55.164+0000] {processor.py:175} INFO - Processing /home/airflow/.local/lib/python3.7/site-packages/airflow/example_dags/example_dag_decorator.py took 0.323 seconds
[2023-04-28T11:27:25.298+0000] {processor.py:153} INFO - Started process (PID=1483) to work on /home/airflow/.local/lib/python3.7/site-packages/airflow/example_dags/example_dag_decorator.py
[2023-04-28T11:27:25.300+0000] {processor.py:743} INFO - Processing file /home/airflow/.local/lib/python3.7/site-packages/airflow/example_dags/example_dag_decorator.py for tasks to queue
[2023-04-28T11:27:25.302+0000] {logging_mixin.py:137} INFO - [2023-04-28T11:27:25.302+0000] {dagbag.py:532} INFO - Filling up the DagBag from /home/airflow/.local/lib/python3.7/site-packages/airflow/example_dags/example_dag_decorator.py
[2023-04-28T11:27:25.321+0000] {logging_mixin.py:137} INFO - [2023-04-28T11:27:25.320+0000] {taskmixin.py:211} WARNING - Dependency <Task(_PythonDecoratedOperator): prepare_email>, send_email already registered for DAG: example_dag_decorator
[2023-04-28T11:27:25.322+0000] {logging_mixin.py:137} INFO - [2023-04-28T11:27:25.322+0000] {taskmixin.py:211} WARNING - Dependency <Task(EmailOperator): send_email>, prepare_email already registered for DAG: example_dag_decorator
[2023-04-28T11:27:25.337+0000] {processor.py:753} INFO - DAG(s) dict_keys(['example_dag_decorator']) retrieved from /home/airflow/.local/lib/python3.7/site-packages/airflow/example_dags/example_dag_decorator.py
[2023-04-28T11:27:25.410+0000] {logging_mixin.py:137} INFO - [2023-04-28T11:27:25.410+0000] {dag.py:2705} INFO - Sync 1 DAGs
[2023-04-28T11:27:25.436+0000] {logging_mixin.py:137} INFO - [2023-04-28T11:27:25.436+0000] {dag.py:3456} INFO - Setting next_dagrun for example_dag_decorator to None, run_after=None
[2023-04-28T11:27:25.459+0000] {processor.py:175} INFO - Processing /home/airflow/.local/lib/python3.7/site-packages/airflow/example_dags/example_dag_decorator.py took 0.165 seconds
[2023-04-28T11:27:55.564+0000] {processor.py:153} INFO - Started process (PID=1701) to work on /home/airflow/.local/lib/python3.7/site-packages/airflow/example_dags/example_dag_decorator.py
[2023-04-28T11:27:55.566+0000] {processor.py:743} INFO - Processing file /home/airflow/.local/lib/python3.7/site-packages/airflow/example_dags/example_dag_decorator.py for tasks to queue
[2023-04-28T11:27:55.567+0000] {logging_mixin.py:137} INFO - [2023-04-28T11:27:55.567+0000] {dagbag.py:532} INFO - Filling up the DagBag from /home/airflow/.local/lib/python3.7/site-packages/airflow/example_dags/example_dag_decorator.py
[2023-04-28T11:27:55.591+0000] {logging_mixin.py:137} INFO - [2023-04-28T11:27:55.591+0000] {taskmixin.py:211} WARNING - Dependency <Task(_PythonDecoratedOperator): prepare_email>, send_email already registered for DAG: example_dag_decorator
[2023-04-28T11:27:55.593+0000] {logging_mixin.py:137} INFO - [2023-04-28T11:27:55.593+0000] {taskmixin.py:211} WARNING - Dependency <Task(EmailOperator): send_email>, prepare_email already registered for DAG: example_dag_decorator
[2023-04-28T11:27:55.608+0000] {processor.py:753} INFO - DAG(s) dict_keys(['example_dag_decorator']) retrieved from /home/airflow/.local/lib/python3.7/site-packages/airflow/example_dags/example_dag_decorator.py
[2023-04-28T11:27:55.689+0000] {logging_mixin.py:137} INFO - [2023-04-28T11:27:55.689+0000] {dag.py:2705} INFO - Sync 1 DAGs
[2023-04-28T11:27:55.719+0000] {logging_mixin.py:137} INFO - [2023-04-28T11:27:55.719+0000] {dag.py:3456} INFO - Setting next_dagrun for example_dag_decorator to None, run_after=None
[2023-04-28T11:27:55.747+0000] {processor.py:175} INFO - Processing /home/airflow/.local/lib/python3.7/site-packages/airflow/example_dags/example_dag_decorator.py took 0.188 seconds
[2023-04-28T11:28:25.901+0000] {processor.py:153} INFO - Started process (PID=1919) to work on /home/airflow/.local/lib/python3.7/site-packages/airflow/example_dags/example_dag_decorator.py
[2023-04-28T11:28:25.903+0000] {processor.py:743} INFO - Processing file /home/airflow/.local/lib/python3.7/site-packages/airflow/example_dags/example_dag_decorator.py for tasks to queue
[2023-04-28T11:28:25.905+0000] {logging_mixin.py:137} INFO - [2023-04-28T11:28:25.905+0000] {dagbag.py:532} INFO - Filling up the DagBag from /home/airflow/.local/lib/python3.7/site-packages/airflow/example_dags/example_dag_decorator.py
[2023-04-28T11:28:25.933+0000] {logging_mixin.py:137} INFO - [2023-04-28T11:28:25.933+0000] {taskmixin.py:211} WARNING - Dependency <Task(_PythonDecoratedOperator): prepare_email>, send_email already registered for DAG: example_dag_decorator
[2023-04-28T11:28:25.935+0000] {logging_mixin.py:137} INFO - [2023-04-28T11:28:25.935+0000] {taskmixin.py:211} WARNING - Dependency <Task(EmailOperator): send_email>, prepare_email already registered for DAG: example_dag_decorator
[2023-04-28T11:28:25.955+0000] {processor.py:753} INFO - DAG(s) dict_keys(['example_dag_decorator']) retrieved from /home/airflow/.local/lib/python3.7/site-packages/airflow/example_dags/example_dag_decorator.py
[2023-04-28T11:28:26.064+0000] {logging_mixin.py:137} INFO - [2023-04-28T11:28:26.064+0000] {dag.py:2705} INFO - Sync 1 DAGs
[2023-04-28T11:28:26.099+0000] {logging_mixin.py:137} INFO - [2023-04-28T11:28:26.099+0000] {dag.py:3456} INFO - Setting next_dagrun for example_dag_decorator to None, run_after=None
[2023-04-28T11:28:26.133+0000] {processor.py:175} INFO - Processing /home/airflow/.local/lib/python3.7/site-packages/airflow/example_dags/example_dag_decorator.py took 0.238 seconds
[2023-04-28T11:28:56.978+0000] {processor.py:153} INFO - Started process (PID=2137) to work on /home/airflow/.local/lib/python3.7/site-packages/airflow/example_dags/example_dag_decorator.py
[2023-04-28T11:28:56.980+0000] {processor.py:743} INFO - Processing file /home/airflow/.local/lib/python3.7/site-packages/airflow/example_dags/example_dag_decorator.py for tasks to queue
[2023-04-28T11:28:56.983+0000] {logging_mixin.py:137} INFO - [2023-04-28T11:28:56.983+0000] {dagbag.py:532} INFO - Filling up the DagBag from /home/airflow/.local/lib/python3.7/site-packages/airflow/example_dags/example_dag_decorator.py
[2023-04-28T11:28:57.008+0000] {logging_mixin.py:137} INFO - [2023-04-28T11:28:57.007+0000] {taskmixin.py:211} WARNING - Dependency <Task(_PythonDecoratedOperator): prepare_email>, send_email already registered for DAG: example_dag_decorator
[2023-04-28T11:28:57.009+0000] {logging_mixin.py:137} INFO - [2023-04-28T11:28:57.009+0000] {taskmixin.py:211} WARNING - Dependency <Task(EmailOperator): send_email>, prepare_email already registered for DAG: example_dag_decorator
[2023-04-28T11:28:57.027+0000] {processor.py:753} INFO - DAG(s) dict_keys(['example_dag_decorator']) retrieved from /home/airflow/.local/lib/python3.7/site-packages/airflow/example_dags/example_dag_decorator.py
[2023-04-28T11:28:57.118+0000] {logging_mixin.py:137} INFO - [2023-04-28T11:28:57.118+0000] {dag.py:2705} INFO - Sync 1 DAGs
[2023-04-28T11:28:57.151+0000] {logging_mixin.py:137} INFO - [2023-04-28T11:28:57.151+0000] {dag.py:3456} INFO - Setting next_dagrun for example_dag_decorator to None, run_after=None
[2023-04-28T11:28:57.180+0000] {processor.py:175} INFO - Processing /home/airflow/.local/lib/python3.7/site-packages/airflow/example_dags/example_dag_decorator.py took 0.209 seconds
[2023-04-28T11:29:27.477+0000] {processor.py:153} INFO - Started process (PID=2355) to work on /home/airflow/.local/lib/python3.7/site-packages/airflow/example_dags/example_dag_decorator.py
[2023-04-28T11:29:27.481+0000] {processor.py:743} INFO - Processing file /home/airflow/.local/lib/python3.7/site-packages/airflow/example_dags/example_dag_decorator.py for tasks to queue
[2023-04-28T11:29:27.484+0000] {logging_mixin.py:137} INFO - [2023-04-28T11:29:27.484+0000] {dagbag.py:532} INFO - Filling up the DagBag from /home/airflow/.local/lib/python3.7/site-packages/airflow/example_dags/example_dag_decorator.py
[2023-04-28T11:29:27.523+0000] {logging_mixin.py:137} INFO - [2023-04-28T11:29:27.522+0000] {taskmixin.py:211} WARNING - Dependency <Task(_PythonDecoratedOperator): prepare_email>, send_email already registered for DAG: example_dag_decorator
[2023-04-28T11:29:27.524+0000] {logging_mixin.py:137} INFO - [2023-04-28T11:29:27.524+0000] {taskmixin.py:211} WARNING - Dependency <Task(EmailOperator): send_email>, prepare_email already registered for DAG: example_dag_decorator
[2023-04-28T11:29:27.543+0000] {processor.py:753} INFO - DAG(s) dict_keys(['example_dag_decorator']) retrieved from /home/airflow/.local/lib/python3.7/site-packages/airflow/example_dags/example_dag_decorator.py
[2023-04-28T11:29:27.623+0000] {logging_mixin.py:137} INFO - [2023-04-28T11:29:27.623+0000] {dag.py:2705} INFO - Sync 1 DAGs
[2023-04-28T11:29:27.654+0000] {logging_mixin.py:137} INFO - [2023-04-28T11:29:27.654+0000] {dag.py:3456} INFO - Setting next_dagrun for example_dag_decorator to None, run_after=None
[2023-04-28T11:29:27.679+0000] {processor.py:175} INFO - Processing /home/airflow/.local/lib/python3.7/site-packages/airflow/example_dags/example_dag_decorator.py took 0.209 seconds
[2023-04-28T11:29:57.948+0000] {processor.py:153} INFO - Started process (PID=2573) to work on /home/airflow/.local/lib/python3.7/site-packages/airflow/example_dags/example_dag_decorator.py
[2023-04-28T11:29:57.952+0000] {processor.py:743} INFO - Processing file /home/airflow/.local/lib/python3.7/site-packages/airflow/example_dags/example_dag_decorator.py for tasks to queue
[2023-04-28T11:29:57.957+0000] {logging_mixin.py:137} INFO - [2023-04-28T11:29:57.956+0000] {dagbag.py:532} INFO - Filling up the DagBag from /home/airflow/.local/lib/python3.7/site-packages/airflow/example_dags/example_dag_decorator.py
[2023-04-28T11:29:58.003+0000] {logging_mixin.py:137} INFO - [2023-04-28T11:29:58.003+0000] {taskmixin.py:211} WARNING - Dependency <Task(_PythonDecoratedOperator): prepare_email>, send_email already registered for DAG: example_dag_decorator
[2023-04-28T11:29:58.007+0000] {logging_mixin.py:137} INFO - [2023-04-28T11:29:58.006+0000] {taskmixin.py:211} WARNING - Dependency <Task(EmailOperator): send_email>, prepare_email already registered for DAG: example_dag_decorator
[2023-04-28T11:29:58.038+0000] {processor.py:753} INFO - DAG(s) dict_keys(['example_dag_decorator']) retrieved from /home/airflow/.local/lib/python3.7/site-packages/airflow/example_dags/example_dag_decorator.py
[2023-04-28T11:29:58.240+0000] {logging_mixin.py:137} INFO - [2023-04-28T11:29:58.240+0000] {dag.py:2705} INFO - Sync 1 DAGs
[2023-04-28T11:29:58.299+0000] {logging_mixin.py:137} INFO - [2023-04-28T11:29:58.299+0000] {dag.py:3456} INFO - Setting next_dagrun for example_dag_decorator to None, run_after=None
[2023-04-28T11:29:58.363+0000] {processor.py:175} INFO - Processing /home/airflow/.local/lib/python3.7/site-packages/airflow/example_dags/example_dag_decorator.py took 0.422 seconds
[2023-04-28T11:30:28.521+0000] {processor.py:153} INFO - Started process (PID=2796) to work on /home/airflow/.local/lib/python3.7/site-packages/airflow/example_dags/example_dag_decorator.py
[2023-04-28T11:30:28.524+0000] {processor.py:743} INFO - Processing file /home/airflow/.local/lib/python3.7/site-packages/airflow/example_dags/example_dag_decorator.py for tasks to queue
[2023-04-28T11:30:28.526+0000] {logging_mixin.py:137} INFO - [2023-04-28T11:30:28.525+0000] {dagbag.py:532} INFO - Filling up the DagBag from /home/airflow/.local/lib/python3.7/site-packages/airflow/example_dags/example_dag_decorator.py
[2023-04-28T11:30:28.548+0000] {logging_mixin.py:137} INFO - [2023-04-28T11:30:28.548+0000] {taskmixin.py:211} WARNING - Dependency <Task(_PythonDecoratedOperator): prepare_email>, send_email already registered for DAG: example_dag_decorator
[2023-04-28T11:30:28.550+0000] {logging_mixin.py:137} INFO - [2023-04-28T11:30:28.550+0000] {taskmixin.py:211} WARNING - Dependency <Task(EmailOperator): send_email>, prepare_email already registered for DAG: example_dag_decorator
[2023-04-28T11:30:28.566+0000] {processor.py:753} INFO - DAG(s) dict_keys(['example_dag_decorator']) retrieved from /home/airflow/.local/lib/python3.7/site-packages/airflow/example_dags/example_dag_decorator.py
[2023-04-28T11:30:28.650+0000] {logging_mixin.py:137} INFO - [2023-04-28T11:30:28.650+0000] {dag.py:2705} INFO - Sync 1 DAGs
[2023-04-28T11:30:28.676+0000] {logging_mixin.py:137} INFO - [2023-04-28T11:30:28.676+0000] {dag.py:3456} INFO - Setting next_dagrun for example_dag_decorator to None, run_after=None
[2023-04-28T11:30:28.699+0000] {processor.py:175} INFO - Processing /home/airflow/.local/lib/python3.7/site-packages/airflow/example_dags/example_dag_decorator.py took 0.182 seconds
[2023-04-28T11:30:59.006+0000] {processor.py:153} INFO - Started process (PID=3009) to work on /home/airflow/.local/lib/python3.7/site-packages/airflow/example_dags/example_dag_decorator.py
[2023-04-28T11:30:59.009+0000] {processor.py:743} INFO - Processing file /home/airflow/.local/lib/python3.7/site-packages/airflow/example_dags/example_dag_decorator.py for tasks to queue
[2023-04-28T11:30:59.012+0000] {logging_mixin.py:137} INFO - [2023-04-28T11:30:59.012+0000] {dagbag.py:532} INFO - Filling up the DagBag from /home/airflow/.local/lib/python3.7/site-packages/airflow/example_dags/example_dag_decorator.py
[2023-04-28T11:30:59.039+0000] {logging_mixin.py:137} INFO - [2023-04-28T11:30:59.039+0000] {taskmixin.py:211} WARNING - Dependency <Task(_PythonDecoratedOperator): prepare_email>, send_email already registered for DAG: example_dag_decorator
[2023-04-28T11:30:59.041+0000] {logging_mixin.py:137} INFO - [2023-04-28T11:30:59.041+0000] {taskmixin.py:211} WARNING - Dependency <Task(EmailOperator): send_email>, prepare_email already registered for DAG: example_dag_decorator
[2023-04-28T11:30:59.058+0000] {processor.py:753} INFO - DAG(s) dict_keys(['example_dag_decorator']) retrieved from /home/airflow/.local/lib/python3.7/site-packages/airflow/example_dags/example_dag_decorator.py
[2023-04-28T11:30:59.168+0000] {logging_mixin.py:137} INFO - [2023-04-28T11:30:59.168+0000] {dag.py:2705} INFO - Sync 1 DAGs
[2023-04-28T11:30:59.207+0000] {logging_mixin.py:137} INFO - [2023-04-28T11:30:59.207+0000] {dag.py:3456} INFO - Setting next_dagrun for example_dag_decorator to None, run_after=None
[2023-04-28T11:30:59.238+0000] {processor.py:175} INFO - Processing /home/airflow/.local/lib/python3.7/site-packages/airflow/example_dags/example_dag_decorator.py took 0.238 seconds
[2023-04-28T11:31:29.788+0000] {processor.py:153} INFO - Started process (PID=3226) to work on /home/airflow/.local/lib/python3.7/site-packages/airflow/example_dags/example_dag_decorator.py
[2023-04-28T11:31:29.790+0000] {processor.py:743} INFO - Processing file /home/airflow/.local/lib/python3.7/site-packages/airflow/example_dags/example_dag_decorator.py for tasks to queue
[2023-04-28T11:31:29.792+0000] {logging_mixin.py:137} INFO - [2023-04-28T11:31:29.792+0000] {dagbag.py:532} INFO - Filling up the DagBag from /home/airflow/.local/lib/python3.7/site-packages/airflow/example_dags/example_dag_decorator.py
[2023-04-28T11:31:29.815+0000] {logging_mixin.py:137} INFO - [2023-04-28T11:31:29.815+0000] {taskmixin.py:211} WARNING - Dependency <Task(_PythonDecoratedOperator): prepare_email>, send_email already registered for DAG: example_dag_decorator
[2023-04-28T11:31:29.816+0000] {logging_mixin.py:137} INFO - [2023-04-28T11:31:29.816+0000] {taskmixin.py:211} WARNING - Dependency <Task(EmailOperator): send_email>, prepare_email already registered for DAG: example_dag_decorator
[2023-04-28T11:31:29.832+0000] {processor.py:753} INFO - DAG(s) dict_keys(['example_dag_decorator']) retrieved from /home/airflow/.local/lib/python3.7/site-packages/airflow/example_dags/example_dag_decorator.py
[2023-04-28T11:31:29.911+0000] {logging_mixin.py:137} INFO - [2023-04-28T11:31:29.910+0000] {dag.py:2705} INFO - Sync 1 DAGs
[2023-04-28T11:31:29.944+0000] {logging_mixin.py:137} INFO - [2023-04-28T11:31:29.944+0000] {dag.py:3456} INFO - Setting next_dagrun for example_dag_decorator to None, run_after=None
[2023-04-28T11:31:29.968+0000] {processor.py:175} INFO - Processing /home/airflow/.local/lib/python3.7/site-packages/airflow/example_dags/example_dag_decorator.py took 0.185 seconds
[2023-04-28T11:32:00.188+0000] {processor.py:153} INFO - Started process (PID=3444) to work on /home/airflow/.local/lib/python3.7/site-packages/airflow/example_dags/example_dag_decorator.py
[2023-04-28T11:32:00.189+0000] {processor.py:743} INFO - Processing file /home/airflow/.local/lib/python3.7/site-packages/airflow/example_dags/example_dag_decorator.py for tasks to queue
[2023-04-28T11:32:00.191+0000] {logging_mixin.py:137} INFO - [2023-04-28T11:32:00.191+0000] {dagbag.py:532} INFO - Filling up the DagBag from /home/airflow/.local/lib/python3.7/site-packages/airflow/example_dags/example_dag_decorator.py
[2023-04-28T11:32:00.214+0000] {logging_mixin.py:137} INFO - [2023-04-28T11:32:00.214+0000] {taskmixin.py:211} WARNING - Dependency <Task(_PythonDecoratedOperator): prepare_email>, send_email already registered for DAG: example_dag_decorator
[2023-04-28T11:32:00.216+0000] {logging_mixin.py:137} INFO - [2023-04-28T11:32:00.216+0000] {taskmixin.py:211} WARNING - Dependency <Task(EmailOperator): send_email>, prepare_email already registered for DAG: example_dag_decorator
[2023-04-28T11:32:00.231+0000] {processor.py:753} INFO - DAG(s) dict_keys(['example_dag_decorator']) retrieved from /home/airflow/.local/lib/python3.7/site-packages/airflow/example_dags/example_dag_decorator.py
[2023-04-28T11:32:00.314+0000] {logging_mixin.py:137} INFO - [2023-04-28T11:32:00.314+0000] {dag.py:2705} INFO - Sync 1 DAGs
[2023-04-28T11:32:00.346+0000] {logging_mixin.py:137} INFO - [2023-04-28T11:32:00.346+0000] {dag.py:3456} INFO - Setting next_dagrun for example_dag_decorator to None, run_after=None
[2023-04-28T11:32:00.371+0000] {processor.py:175} INFO - Processing /home/airflow/.local/lib/python3.7/site-packages/airflow/example_dags/example_dag_decorator.py took 0.190 seconds
[2023-04-28T11:32:30.521+0000] {processor.py:153} INFO - Started process (PID=3662) to work on /home/airflow/.local/lib/python3.7/site-packages/airflow/example_dags/example_dag_decorator.py
[2023-04-28T11:32:30.524+0000] {processor.py:743} INFO - Processing file /home/airflow/.local/lib/python3.7/site-packages/airflow/example_dags/example_dag_decorator.py for tasks to queue
[2023-04-28T11:32:30.526+0000] {logging_mixin.py:137} INFO - [2023-04-28T11:32:30.526+0000] {dagbag.py:532} INFO - Filling up the DagBag from /home/airflow/.local/lib/python3.7/site-packages/airflow/example_dags/example_dag_decorator.py
[2023-04-28T11:32:30.548+0000] {logging_mixin.py:137} INFO - [2023-04-28T11:32:30.548+0000] {taskmixin.py:211} WARNING - Dependency <Task(_PythonDecoratedOperator): prepare_email>, send_email already registered for DAG: example_dag_decorator
[2023-04-28T11:32:30.550+0000] {logging_mixin.py:137} INFO - [2023-04-28T11:32:30.550+0000] {taskmixin.py:211} WARNING - Dependency <Task(EmailOperator): send_email>, prepare_email already registered for DAG: example_dag_decorator
[2023-04-28T11:32:30.565+0000] {processor.py:753} INFO - DAG(s) dict_keys(['example_dag_decorator']) retrieved from /home/airflow/.local/lib/python3.7/site-packages/airflow/example_dags/example_dag_decorator.py
[2023-04-28T11:32:30.642+0000] {logging_mixin.py:137} INFO - [2023-04-28T11:32:30.642+0000] {dag.py:2705} INFO - Sync 1 DAGs
[2023-04-28T11:32:30.672+0000] {logging_mixin.py:137} INFO - [2023-04-28T11:32:30.672+0000] {dag.py:3456} INFO - Setting next_dagrun for example_dag_decorator to None, run_after=None
[2023-04-28T11:32:30.697+0000] {processor.py:175} INFO - Processing /home/airflow/.local/lib/python3.7/site-packages/airflow/example_dags/example_dag_decorator.py took 0.181 seconds
[2023-04-28T11:33:00.913+0000] {processor.py:153} INFO - Started process (PID=3880) to work on /home/airflow/.local/lib/python3.7/site-packages/airflow/example_dags/example_dag_decorator.py
[2023-04-28T11:33:00.915+0000] {processor.py:743} INFO - Processing file /home/airflow/.local/lib/python3.7/site-packages/airflow/example_dags/example_dag_decorator.py for tasks to queue
[2023-04-28T11:33:00.917+0000] {logging_mixin.py:137} INFO - [2023-04-28T11:33:00.917+0000] {dagbag.py:532} INFO - Filling up the DagBag from /home/airflow/.local/lib/python3.7/site-packages/airflow/example_dags/example_dag_decorator.py
[2023-04-28T11:33:00.941+0000] {logging_mixin.py:137} INFO - [2023-04-28T11:33:00.940+0000] {taskmixin.py:211} WARNING - Dependency <Task(_PythonDecoratedOperator): prepare_email>, send_email already registered for DAG: example_dag_decorator
[2023-04-28T11:33:00.942+0000] {logging_mixin.py:137} INFO - [2023-04-28T11:33:00.942+0000] {taskmixin.py:211} WARNING - Dependency <Task(EmailOperator): send_email>, prepare_email already registered for DAG: example_dag_decorator
[2023-04-28T11:33:00.957+0000] {processor.py:753} INFO - DAG(s) dict_keys(['example_dag_decorator']) retrieved from /home/airflow/.local/lib/python3.7/site-packages/airflow/example_dags/example_dag_decorator.py
[2023-04-28T11:33:01.035+0000] {logging_mixin.py:137} INFO - [2023-04-28T11:33:01.035+0000] {dag.py:2705} INFO - Sync 1 DAGs
[2023-04-28T11:33:01.066+0000] {logging_mixin.py:137} INFO - [2023-04-28T11:33:01.066+0000] {dag.py:3456} INFO - Setting next_dagrun for example_dag_decorator to None, run_after=None
[2023-04-28T11:33:01.091+0000] {processor.py:175} INFO - Processing /home/airflow/.local/lib/python3.7/site-packages/airflow/example_dags/example_dag_decorator.py took 0.184 seconds
[2023-04-28T11:33:31.268+0000] {processor.py:153} INFO - Started process (PID=4101) to work on /home/airflow/.local/lib/python3.7/site-packages/airflow/example_dags/example_dag_decorator.py
[2023-04-28T11:33:31.270+0000] {processor.py:743} INFO - Processing file /home/airflow/.local/lib/python3.7/site-packages/airflow/example_dags/example_dag_decorator.py for tasks to queue
[2023-04-28T11:33:31.272+0000] {logging_mixin.py:137} INFO - [2023-04-28T11:33:31.272+0000] {dagbag.py:532} INFO - Filling up the DagBag from /home/airflow/.local/lib/python3.7/site-packages/airflow/example_dags/example_dag_decorator.py
[2023-04-28T11:33:31.295+0000] {logging_mixin.py:137} INFO - [2023-04-28T11:33:31.295+0000] {taskmixin.py:211} WARNING - Dependency <Task(_PythonDecoratedOperator): prepare_email>, send_email already registered for DAG: example_dag_decorator
[2023-04-28T11:33:31.296+0000] {logging_mixin.py:137} INFO - [2023-04-28T11:33:31.296+0000] {taskmixin.py:211} WARNING - Dependency <Task(EmailOperator): send_email>, prepare_email already registered for DAG: example_dag_decorator
[2023-04-28T11:33:31.311+0000] {processor.py:753} INFO - DAG(s) dict_keys(['example_dag_decorator']) retrieved from /home/airflow/.local/lib/python3.7/site-packages/airflow/example_dags/example_dag_decorator.py
[2023-04-28T11:33:31.387+0000] {logging_mixin.py:137} INFO - [2023-04-28T11:33:31.386+0000] {dag.py:2705} INFO - Sync 1 DAGs
[2023-04-28T11:33:31.416+0000] {logging_mixin.py:137} INFO - [2023-04-28T11:33:31.416+0000] {dag.py:3456} INFO - Setting next_dagrun for example_dag_decorator to None, run_after=None
[2023-04-28T11:33:31.441+0000] {processor.py:175} INFO - Processing /home/airflow/.local/lib/python3.7/site-packages/airflow/example_dags/example_dag_decorator.py took 0.177 seconds
[2023-04-28T11:34:01.480+0000] {processor.py:153} INFO - Started process (PID=4316) to work on /home/airflow/.local/lib/python3.7/site-packages/airflow/example_dags/example_dag_decorator.py
[2023-04-28T11:34:01.483+0000] {processor.py:743} INFO - Processing file /home/airflow/.local/lib/python3.7/site-packages/airflow/example_dags/example_dag_decorator.py for tasks to queue
[2023-04-28T11:34:01.485+0000] {logging_mixin.py:137} INFO - [2023-04-28T11:34:01.484+0000] {dagbag.py:532} INFO - Filling up the DagBag from /home/airflow/.local/lib/python3.7/site-packages/airflow/example_dags/example_dag_decorator.py
[2023-04-28T11:34:01.507+0000] {logging_mixin.py:137} INFO - [2023-04-28T11:34:01.507+0000] {taskmixin.py:211} WARNING - Dependency <Task(_PythonDecoratedOperator): prepare_email>, send_email already registered for DAG: example_dag_decorator
[2023-04-28T11:34:01.509+0000] {logging_mixin.py:137} INFO - [2023-04-28T11:34:01.509+0000] {taskmixin.py:211} WARNING - Dependency <Task(EmailOperator): send_email>, prepare_email already registered for DAG: example_dag_decorator
[2023-04-28T11:34:01.524+0000] {processor.py:753} INFO - DAG(s) dict_keys(['example_dag_decorator']) retrieved from /home/airflow/.local/lib/python3.7/site-packages/airflow/example_dags/example_dag_decorator.py
[2023-04-28T11:34:01.601+0000] {logging_mixin.py:137} INFO - [2023-04-28T11:34:01.601+0000] {dag.py:2705} INFO - Sync 1 DAGs
[2023-04-28T11:34:01.630+0000] {logging_mixin.py:137} INFO - [2023-04-28T11:34:01.630+0000] {dag.py:3456} INFO - Setting next_dagrun for example_dag_decorator to None, run_after=None
[2023-04-28T11:34:01.654+0000] {processor.py:175} INFO - Processing /home/airflow/.local/lib/python3.7/site-packages/airflow/example_dags/example_dag_decorator.py took 0.179 seconds
[2023-04-28T11:34:32.008+0000] {processor.py:153} INFO - Started process (PID=4534) to work on /home/airflow/.local/lib/python3.7/site-packages/airflow/example_dags/example_dag_decorator.py
[2023-04-28T11:34:32.010+0000] {processor.py:743} INFO - Processing file /home/airflow/.local/lib/python3.7/site-packages/airflow/example_dags/example_dag_decorator.py for tasks to queue
[2023-04-28T11:34:32.012+0000] {logging_mixin.py:137} INFO - [2023-04-28T11:34:32.012+0000] {dagbag.py:532} INFO - Filling up the DagBag from /home/airflow/.local/lib/python3.7/site-packages/airflow/example_dags/example_dag_decorator.py
[2023-04-28T11:34:32.035+0000] {logging_mixin.py:137} INFO - [2023-04-28T11:34:32.035+0000] {taskmixin.py:211} WARNING - Dependency <Task(_PythonDecoratedOperator): prepare_email>, send_email already registered for DAG: example_dag_decorator
[2023-04-28T11:34:32.037+0000] {logging_mixin.py:137} INFO - [2023-04-28T11:34:32.036+0000] {taskmixin.py:211} WARNING - Dependency <Task(EmailOperator): send_email>, prepare_email already registered for DAG: example_dag_decorator
[2023-04-28T11:34:32.052+0000] {processor.py:753} INFO - DAG(s) dict_keys(['example_dag_decorator']) retrieved from /home/airflow/.local/lib/python3.7/site-packages/airflow/example_dags/example_dag_decorator.py
[2023-04-28T11:34:32.137+0000] {logging_mixin.py:137} INFO - [2023-04-28T11:34:32.136+0000] {dag.py:2705} INFO - Sync 1 DAGs
[2023-04-28T11:34:32.178+0000] {logging_mixin.py:137} INFO - [2023-04-28T11:34:32.178+0000] {dag.py:3456} INFO - Setting next_dagrun for example_dag_decorator to None, run_after=None
[2023-04-28T11:34:32.212+0000] {processor.py:175} INFO - Processing /home/airflow/.local/lib/python3.7/site-packages/airflow/example_dags/example_dag_decorator.py took 0.209 seconds
[2023-04-28T11:35:02.579+0000] {processor.py:153} INFO - Started process (PID=4752) to work on /home/airflow/.local/lib/python3.7/site-packages/airflow/example_dags/example_dag_decorator.py
[2023-04-28T11:35:02.582+0000] {processor.py:743} INFO - Processing file /home/airflow/.local/lib/python3.7/site-packages/airflow/example_dags/example_dag_decorator.py for tasks to queue
[2023-04-28T11:35:02.584+0000] {logging_mixin.py:137} INFO - [2023-04-28T11:35:02.584+0000] {dagbag.py:532} INFO - Filling up the DagBag from /home/airflow/.local/lib/python3.7/site-packages/airflow/example_dags/example_dag_decorator.py
[2023-04-28T11:35:02.611+0000] {logging_mixin.py:137} INFO - [2023-04-28T11:35:02.611+0000] {taskmixin.py:211} WARNING - Dependency <Task(_PythonDecoratedOperator): prepare_email>, send_email already registered for DAG: example_dag_decorator
[2023-04-28T11:35:02.613+0000] {logging_mixin.py:137} INFO - [2023-04-28T11:35:02.613+0000] {taskmixin.py:211} WARNING - Dependency <Task(EmailOperator): send_email>, prepare_email already registered for DAG: example_dag_decorator
[2023-04-28T11:35:02.633+0000] {processor.py:753} INFO - DAG(s) dict_keys(['example_dag_decorator']) retrieved from /home/airflow/.local/lib/python3.7/site-packages/airflow/example_dags/example_dag_decorator.py
[2023-04-28T11:35:02.740+0000] {logging_mixin.py:137} INFO - [2023-04-28T11:35:02.740+0000] {dag.py:2705} INFO - Sync 1 DAGs
[2023-04-28T11:35:02.782+0000] {logging_mixin.py:137} INFO - [2023-04-28T11:35:02.782+0000] {dag.py:3456} INFO - Setting next_dagrun for example_dag_decorator to None, run_after=None
[2023-04-28T11:35:02.819+0000] {processor.py:175} INFO - Processing /home/airflow/.local/lib/python3.7/site-packages/airflow/example_dags/example_dag_decorator.py took 0.246 seconds
[2023-04-28T11:35:32.882+0000] {processor.py:153} INFO - Started process (PID=4970) to work on /home/airflow/.local/lib/python3.7/site-packages/airflow/example_dags/example_dag_decorator.py
[2023-04-28T11:35:32.884+0000] {processor.py:743} INFO - Processing file /home/airflow/.local/lib/python3.7/site-packages/airflow/example_dags/example_dag_decorator.py for tasks to queue
[2023-04-28T11:35:32.886+0000] {logging_mixin.py:137} INFO - [2023-04-28T11:35:32.886+0000] {dagbag.py:532} INFO - Filling up the DagBag from /home/airflow/.local/lib/python3.7/site-packages/airflow/example_dags/example_dag_decorator.py
[2023-04-28T11:35:32.907+0000] {logging_mixin.py:137} INFO - [2023-04-28T11:35:32.907+0000] {taskmixin.py:211} WARNING - Dependency <Task(_PythonDecoratedOperator): prepare_email>, send_email already registered for DAG: example_dag_decorator
[2023-04-28T11:35:32.909+0000] {logging_mixin.py:137} INFO - [2023-04-28T11:35:32.908+0000] {taskmixin.py:211} WARNING - Dependency <Task(EmailOperator): send_email>, prepare_email already registered for DAG: example_dag_decorator
[2023-04-28T11:35:32.923+0000] {processor.py:753} INFO - DAG(s) dict_keys(['example_dag_decorator']) retrieved from /home/airflow/.local/lib/python3.7/site-packages/airflow/example_dags/example_dag_decorator.py
[2023-04-28T11:35:33.001+0000] {logging_mixin.py:137} INFO - [2023-04-28T11:35:33.001+0000] {dag.py:2705} INFO - Sync 1 DAGs
[2023-04-28T11:35:33.030+0000] {logging_mixin.py:137} INFO - [2023-04-28T11:35:33.030+0000] {dag.py:3456} INFO - Setting next_dagrun for example_dag_decorator to None, run_after=None
[2023-04-28T11:35:33.057+0000] {processor.py:175} INFO - Processing /home/airflow/.local/lib/python3.7/site-packages/airflow/example_dags/example_dag_decorator.py took 0.179 seconds
[2023-04-28T11:36:03.489+0000] {processor.py:153} INFO - Started process (PID=5188) to work on /home/airflow/.local/lib/python3.7/site-packages/airflow/example_dags/example_dag_decorator.py
[2023-04-28T11:36:03.492+0000] {processor.py:743} INFO - Processing file /home/airflow/.local/lib/python3.7/site-packages/airflow/example_dags/example_dag_decorator.py for tasks to queue
[2023-04-28T11:36:03.494+0000] {logging_mixin.py:137} INFO - [2023-04-28T11:36:03.494+0000] {dagbag.py:532} INFO - Filling up the DagBag from /home/airflow/.local/lib/python3.7/site-packages/airflow/example_dags/example_dag_decorator.py
[2023-04-28T11:36:03.520+0000] {logging_mixin.py:137} INFO - [2023-04-28T11:36:03.520+0000] {taskmixin.py:211} WARNING - Dependency <Task(_PythonDecoratedOperator): prepare_email>, send_email already registered for DAG: example_dag_decorator
[2023-04-28T11:36:03.521+0000] {logging_mixin.py:137} INFO - [2023-04-28T11:36:03.521+0000] {taskmixin.py:211} WARNING - Dependency <Task(EmailOperator): send_email>, prepare_email already registered for DAG: example_dag_decorator
[2023-04-28T11:36:03.538+0000] {processor.py:753} INFO - DAG(s) dict_keys(['example_dag_decorator']) retrieved from /home/airflow/.local/lib/python3.7/site-packages/airflow/example_dags/example_dag_decorator.py
[2023-04-28T11:36:03.631+0000] {logging_mixin.py:137} INFO - [2023-04-28T11:36:03.631+0000] {dag.py:2705} INFO - Sync 1 DAGs
[2023-04-28T11:36:03.667+0000] {logging_mixin.py:137} INFO - [2023-04-28T11:36:03.667+0000] {dag.py:3456} INFO - Setting next_dagrun for example_dag_decorator to None, run_after=None
[2023-04-28T11:36:03.706+0000] {processor.py:175} INFO - Processing /home/airflow/.local/lib/python3.7/site-packages/airflow/example_dags/example_dag_decorator.py took 0.224 seconds
[2023-04-28T11:36:34.304+0000] {processor.py:153} INFO - Started process (PID=5406) to work on /home/airflow/.local/lib/python3.7/site-packages/airflow/example_dags/example_dag_decorator.py
[2023-04-28T11:36:34.307+0000] {processor.py:743} INFO - Processing file /home/airflow/.local/lib/python3.7/site-packages/airflow/example_dags/example_dag_decorator.py for tasks to queue
[2023-04-28T11:36:34.309+0000] {logging_mixin.py:137} INFO - [2023-04-28T11:36:34.309+0000] {dagbag.py:532} INFO - Filling up the DagBag from /home/airflow/.local/lib/python3.7/site-packages/airflow/example_dags/example_dag_decorator.py
[2023-04-28T11:36:34.334+0000] {logging_mixin.py:137} INFO - [2023-04-28T11:36:34.334+0000] {taskmixin.py:211} WARNING - Dependency <Task(_PythonDecoratedOperator): prepare_email>, send_email already registered for DAG: example_dag_decorator
[2023-04-28T11:36:34.335+0000] {logging_mixin.py:137} INFO - [2023-04-28T11:36:34.335+0000] {taskmixin.py:211} WARNING - Dependency <Task(EmailOperator): send_email>, prepare_email already registered for DAG: example_dag_decorator
[2023-04-28T11:36:34.351+0000] {processor.py:753} INFO - DAG(s) dict_keys(['example_dag_decorator']) retrieved from /home/airflow/.local/lib/python3.7/site-packages/airflow/example_dags/example_dag_decorator.py
[2023-04-28T11:36:34.449+0000] {logging_mixin.py:137} INFO - [2023-04-28T11:36:34.449+0000] {dag.py:2705} INFO - Sync 1 DAGs
[2023-04-28T11:36:34.491+0000] {logging_mixin.py:137} INFO - [2023-04-28T11:36:34.491+0000] {dag.py:3456} INFO - Setting next_dagrun for example_dag_decorator to None, run_after=None
[2023-04-28T11:36:34.521+0000] {processor.py:175} INFO - Processing /home/airflow/.local/lib/python3.7/site-packages/airflow/example_dags/example_dag_decorator.py took 0.223 seconds
[2023-04-28T11:37:04.635+0000] {processor.py:153} INFO - Started process (PID=5624) to work on /home/airflow/.local/lib/python3.7/site-packages/airflow/example_dags/example_dag_decorator.py
[2023-04-28T11:37:04.638+0000] {processor.py:743} INFO - Processing file /home/airflow/.local/lib/python3.7/site-packages/airflow/example_dags/example_dag_decorator.py for tasks to queue
[2023-04-28T11:37:04.643+0000] {logging_mixin.py:137} INFO - [2023-04-28T11:37:04.642+0000] {dagbag.py:532} INFO - Filling up the DagBag from /home/airflow/.local/lib/python3.7/site-packages/airflow/example_dags/example_dag_decorator.py
[2023-04-28T11:37:04.672+0000] {logging_mixin.py:137} INFO - [2023-04-28T11:37:04.672+0000] {taskmixin.py:211} WARNING - Dependency <Task(_PythonDecoratedOperator): prepare_email>, send_email already registered for DAG: example_dag_decorator
[2023-04-28T11:37:04.674+0000] {logging_mixin.py:137} INFO - [2023-04-28T11:37:04.674+0000] {taskmixin.py:211} WARNING - Dependency <Task(EmailOperator): send_email>, prepare_email already registered for DAG: example_dag_decorator
[2023-04-28T11:37:04.695+0000] {processor.py:753} INFO - DAG(s) dict_keys(['example_dag_decorator']) retrieved from /home/airflow/.local/lib/python3.7/site-packages/airflow/example_dags/example_dag_decorator.py
[2023-04-28T11:37:04.795+0000] {logging_mixin.py:137} INFO - [2023-04-28T11:37:04.795+0000] {dag.py:2705} INFO - Sync 1 DAGs
[2023-04-28T11:37:04.834+0000] {logging_mixin.py:137} INFO - [2023-04-28T11:37:04.834+0000] {dag.py:3456} INFO - Setting next_dagrun for example_dag_decorator to None, run_after=None
[2023-04-28T11:37:04.864+0000] {processor.py:175} INFO - Processing /home/airflow/.local/lib/python3.7/site-packages/airflow/example_dags/example_dag_decorator.py took 0.234 seconds
[2023-04-28T11:37:35.020+0000] {processor.py:153} INFO - Started process (PID=5842) to work on /home/airflow/.local/lib/python3.7/site-packages/airflow/example_dags/example_dag_decorator.py
[2023-04-28T11:37:35.022+0000] {processor.py:743} INFO - Processing file /home/airflow/.local/lib/python3.7/site-packages/airflow/example_dags/example_dag_decorator.py for tasks to queue
[2023-04-28T11:37:35.024+0000] {logging_mixin.py:137} INFO - [2023-04-28T11:37:35.024+0000] {dagbag.py:532} INFO - Filling up the DagBag from /home/airflow/.local/lib/python3.7/site-packages/airflow/example_dags/example_dag_decorator.py
[2023-04-28T11:37:35.053+0000] {logging_mixin.py:137} INFO - [2023-04-28T11:37:35.052+0000] {taskmixin.py:211} WARNING - Dependency <Task(_PythonDecoratedOperator): prepare_email>, send_email already registered for DAG: example_dag_decorator
[2023-04-28T11:37:35.055+0000] {logging_mixin.py:137} INFO - [2023-04-28T11:37:35.054+0000] {taskmixin.py:211} WARNING - Dependency <Task(EmailOperator): send_email>, prepare_email already registered for DAG: example_dag_decorator
[2023-04-28T11:37:35.074+0000] {processor.py:753} INFO - DAG(s) dict_keys(['example_dag_decorator']) retrieved from /home/airflow/.local/lib/python3.7/site-packages/airflow/example_dags/example_dag_decorator.py
[2023-04-28T11:37:35.181+0000] {logging_mixin.py:137} INFO - [2023-04-28T11:37:35.181+0000] {dag.py:2705} INFO - Sync 1 DAGs
[2023-04-28T11:37:35.227+0000] {logging_mixin.py:137} INFO - [2023-04-28T11:37:35.227+0000] {dag.py:3456} INFO - Setting next_dagrun for example_dag_decorator to None, run_after=None
[2023-04-28T11:37:35.271+0000] {processor.py:175} INFO - Processing /home/airflow/.local/lib/python3.7/site-packages/airflow/example_dags/example_dag_decorator.py took 0.257 seconds
[2023-04-28T11:38:05.419+0000] {processor.py:153} INFO - Started process (PID=6060) to work on /home/airflow/.local/lib/python3.7/site-packages/airflow/example_dags/example_dag_decorator.py
[2023-04-28T11:38:05.420+0000] {processor.py:743} INFO - Processing file /home/airflow/.local/lib/python3.7/site-packages/airflow/example_dags/example_dag_decorator.py for tasks to queue
[2023-04-28T11:38:05.422+0000] {logging_mixin.py:137} INFO - [2023-04-28T11:38:05.422+0000] {dagbag.py:532} INFO - Filling up the DagBag from /home/airflow/.local/lib/python3.7/site-packages/airflow/example_dags/example_dag_decorator.py
[2023-04-28T11:38:05.446+0000] {logging_mixin.py:137} INFO - [2023-04-28T11:38:05.445+0000] {taskmixin.py:211} WARNING - Dependency <Task(_PythonDecoratedOperator): prepare_email>, send_email already registered for DAG: example_dag_decorator
[2023-04-28T11:38:05.448+0000] {logging_mixin.py:137} INFO - [2023-04-28T11:38:05.447+0000] {taskmixin.py:211} WARNING - Dependency <Task(EmailOperator): send_email>, prepare_email already registered for DAG: example_dag_decorator
[2023-04-28T11:38:05.465+0000] {processor.py:753} INFO - DAG(s) dict_keys(['example_dag_decorator']) retrieved from /home/airflow/.local/lib/python3.7/site-packages/airflow/example_dags/example_dag_decorator.py
[2023-04-28T11:38:05.554+0000] {logging_mixin.py:137} INFO - [2023-04-28T11:38:05.553+0000] {dag.py:2705} INFO - Sync 1 DAGs
[2023-04-28T11:38:05.589+0000] {logging_mixin.py:137} INFO - [2023-04-28T11:38:05.588+0000] {dag.py:3456} INFO - Setting next_dagrun for example_dag_decorator to None, run_after=None
[2023-04-28T11:38:05.616+0000] {processor.py:175} INFO - Processing /home/airflow/.local/lib/python3.7/site-packages/airflow/example_dags/example_dag_decorator.py took 0.204 seconds
[2023-04-28T11:38:36.115+0000] {processor.py:153} INFO - Started process (PID=6278) to work on /home/airflow/.local/lib/python3.7/site-packages/airflow/example_dags/example_dag_decorator.py
[2023-04-28T11:38:36.117+0000] {processor.py:743} INFO - Processing file /home/airflow/.local/lib/python3.7/site-packages/airflow/example_dags/example_dag_decorator.py for tasks to queue
[2023-04-28T11:38:36.119+0000] {logging_mixin.py:137} INFO - [2023-04-28T11:38:36.118+0000] {dagbag.py:532} INFO - Filling up the DagBag from /home/airflow/.local/lib/python3.7/site-packages/airflow/example_dags/example_dag_decorator.py
[2023-04-28T11:38:36.140+0000] {logging_mixin.py:137} INFO - [2023-04-28T11:38:36.140+0000] {taskmixin.py:211} WARNING - Dependency <Task(_PythonDecoratedOperator): prepare_email>, send_email already registered for DAG: example_dag_decorator
[2023-04-28T11:38:36.142+0000] {logging_mixin.py:137} INFO - [2023-04-28T11:38:36.142+0000] {taskmixin.py:211} WARNING - Dependency <Task(EmailOperator): send_email>, prepare_email already registered for DAG: example_dag_decorator
[2023-04-28T11:38:36.158+0000] {processor.py:753} INFO - DAG(s) dict_keys(['example_dag_decorator']) retrieved from /home/airflow/.local/lib/python3.7/site-packages/airflow/example_dags/example_dag_decorator.py
[2023-04-28T11:38:36.270+0000] {logging_mixin.py:137} INFO - [2023-04-28T11:38:36.270+0000] {dag.py:2705} INFO - Sync 1 DAGs
[2023-04-28T11:38:36.335+0000] {logging_mixin.py:137} INFO - [2023-04-28T11:38:36.335+0000] {dag.py:3456} INFO - Setting next_dagrun for example_dag_decorator to None, run_after=None
[2023-04-28T11:38:36.367+0000] {processor.py:175} INFO - Processing /home/airflow/.local/lib/python3.7/site-packages/airflow/example_dags/example_dag_decorator.py took 0.257 seconds
[2023-04-28T11:39:07.019+0000] {processor.py:153} INFO - Started process (PID=6496) to work on /home/airflow/.local/lib/python3.7/site-packages/airflow/example_dags/example_dag_decorator.py
[2023-04-28T11:39:07.022+0000] {processor.py:743} INFO - Processing file /home/airflow/.local/lib/python3.7/site-packages/airflow/example_dags/example_dag_decorator.py for tasks to queue
[2023-04-28T11:39:07.024+0000] {logging_mixin.py:137} INFO - [2023-04-28T11:39:07.024+0000] {dagbag.py:532} INFO - Filling up the DagBag from /home/airflow/.local/lib/python3.7/site-packages/airflow/example_dags/example_dag_decorator.py
[2023-04-28T11:39:07.051+0000] {logging_mixin.py:137} INFO - [2023-04-28T11:39:07.051+0000] {taskmixin.py:211} WARNING - Dependency <Task(_PythonDecoratedOperator): prepare_email>, send_email already registered for DAG: example_dag_decorator
[2023-04-28T11:39:07.053+0000] {logging_mixin.py:137} INFO - [2023-04-28T11:39:07.053+0000] {taskmixin.py:211} WARNING - Dependency <Task(EmailOperator): send_email>, prepare_email already registered for DAG: example_dag_decorator
[2023-04-28T11:39:07.071+0000] {processor.py:753} INFO - DAG(s) dict_keys(['example_dag_decorator']) retrieved from /home/airflow/.local/lib/python3.7/site-packages/airflow/example_dags/example_dag_decorator.py
[2023-04-28T11:39:07.164+0000] {logging_mixin.py:137} INFO - [2023-04-28T11:39:07.164+0000] {dag.py:2705} INFO - Sync 1 DAGs
[2023-04-28T11:39:07.208+0000] {logging_mixin.py:137} INFO - [2023-04-28T11:39:07.208+0000] {dag.py:3456} INFO - Setting next_dagrun for example_dag_decorator to None, run_after=None
[2023-04-28T11:39:07.241+0000] {processor.py:175} INFO - Processing /home/airflow/.local/lib/python3.7/site-packages/airflow/example_dags/example_dag_decorator.py took 0.228 seconds
[2023-04-28T11:39:37.433+0000] {processor.py:153} INFO - Started process (PID=6733) to work on /home/airflow/.local/lib/python3.7/site-packages/airflow/example_dags/example_dag_decorator.py
[2023-04-28T11:39:37.436+0000] {processor.py:743} INFO - Processing file /home/airflow/.local/lib/python3.7/site-packages/airflow/example_dags/example_dag_decorator.py for tasks to queue
[2023-04-28T11:39:37.438+0000] {logging_mixin.py:137} INFO - [2023-04-28T11:39:37.438+0000] {dagbag.py:532} INFO - Filling up the DagBag from /home/airflow/.local/lib/python3.7/site-packages/airflow/example_dags/example_dag_decorator.py
[2023-04-28T11:39:37.464+0000] {logging_mixin.py:137} INFO - [2023-04-28T11:39:37.464+0000] {taskmixin.py:211} WARNING - Dependency <Task(_PythonDecoratedOperator): prepare_email>, send_email already registered for DAG: example_dag_decorator
[2023-04-28T11:39:37.466+0000] {logging_mixin.py:137} INFO - [2023-04-28T11:39:37.465+0000] {taskmixin.py:211} WARNING - Dependency <Task(EmailOperator): send_email>, prepare_email already registered for DAG: example_dag_decorator
[2023-04-28T11:39:37.482+0000] {processor.py:753} INFO - DAG(s) dict_keys(['example_dag_decorator']) retrieved from /home/airflow/.local/lib/python3.7/site-packages/airflow/example_dags/example_dag_decorator.py
[2023-04-28T11:39:37.573+0000] {logging_mixin.py:137} INFO - [2023-04-28T11:39:37.573+0000] {dag.py:2705} INFO - Sync 1 DAGs
[2023-04-28T11:39:37.608+0000] {logging_mixin.py:137} INFO - [2023-04-28T11:39:37.608+0000] {dag.py:3456} INFO - Setting next_dagrun for example_dag_decorator to None, run_after=None
[2023-04-28T11:39:37.638+0000] {processor.py:175} INFO - Processing /home/airflow/.local/lib/python3.7/site-packages/airflow/example_dags/example_dag_decorator.py took 0.212 seconds
[2023-04-28T11:40:07.761+0000] {processor.py:153} INFO - Started process (PID=6954) to work on /home/airflow/.local/lib/python3.7/site-packages/airflow/example_dags/example_dag_decorator.py
[2023-04-28T11:40:07.776+0000] {processor.py:743} INFO - Processing file /home/airflow/.local/lib/python3.7/site-packages/airflow/example_dags/example_dag_decorator.py for tasks to queue
[2023-04-28T11:40:07.787+0000] {logging_mixin.py:137} INFO - [2023-04-28T11:40:07.786+0000] {dagbag.py:532} INFO - Filling up the DagBag from /home/airflow/.local/lib/python3.7/site-packages/airflow/example_dags/example_dag_decorator.py
[2023-04-28T11:40:07.868+0000] {logging_mixin.py:137} INFO - [2023-04-28T11:40:07.867+0000] {taskmixin.py:211} WARNING - Dependency <Task(_PythonDecoratedOperator): prepare_email>, send_email already registered for DAG: example_dag_decorator
[2023-04-28T11:40:07.870+0000] {logging_mixin.py:137} INFO - [2023-04-28T11:40:07.870+0000] {taskmixin.py:211} WARNING - Dependency <Task(EmailOperator): send_email>, prepare_email already registered for DAG: example_dag_decorator
[2023-04-28T11:40:07.904+0000] {processor.py:753} INFO - DAG(s) dict_keys(['example_dag_decorator']) retrieved from /home/airflow/.local/lib/python3.7/site-packages/airflow/example_dags/example_dag_decorator.py
[2023-04-28T11:40:08.159+0000] {logging_mixin.py:137} INFO - [2023-04-28T11:40:08.158+0000] {dag.py:2705} INFO - Sync 1 DAGs
[2023-04-28T11:40:08.349+0000] {logging_mixin.py:137} INFO - [2023-04-28T11:40:08.347+0000] {dag.py:3456} INFO - Setting next_dagrun for example_dag_decorator to None, run_after=None
[2023-04-28T11:40:08.552+0000] {processor.py:175} INFO - Processing /home/airflow/.local/lib/python3.7/site-packages/airflow/example_dags/example_dag_decorator.py took 0.802 seconds
[2023-04-28T11:40:39.095+0000] {processor.py:153} INFO - Started process (PID=7178) to work on /home/airflow/.local/lib/python3.7/site-packages/airflow/example_dags/example_dag_decorator.py
[2023-04-28T11:40:39.099+0000] {processor.py:743} INFO - Processing file /home/airflow/.local/lib/python3.7/site-packages/airflow/example_dags/example_dag_decorator.py for tasks to queue
[2023-04-28T11:40:39.102+0000] {logging_mixin.py:137} INFO - [2023-04-28T11:40:39.101+0000] {dagbag.py:532} INFO - Filling up the DagBag from /home/airflow/.local/lib/python3.7/site-packages/airflow/example_dags/example_dag_decorator.py
[2023-04-28T11:40:39.128+0000] {logging_mixin.py:137} INFO - [2023-04-28T11:40:39.128+0000] {taskmixin.py:211} WARNING - Dependency <Task(_PythonDecoratedOperator): prepare_email>, send_email already registered for DAG: example_dag_decorator
[2023-04-28T11:40:39.130+0000] {logging_mixin.py:137} INFO - [2023-04-28T11:40:39.130+0000] {taskmixin.py:211} WARNING - Dependency <Task(EmailOperator): send_email>, prepare_email already registered for DAG: example_dag_decorator
[2023-04-28T11:40:39.150+0000] {processor.py:753} INFO - DAG(s) dict_keys(['example_dag_decorator']) retrieved from /home/airflow/.local/lib/python3.7/site-packages/airflow/example_dags/example_dag_decorator.py
[2023-04-28T11:40:39.346+0000] {logging_mixin.py:137} INFO - [2023-04-28T11:40:39.345+0000] {dag.py:2705} INFO - Sync 1 DAGs
[2023-04-28T11:40:39.421+0000] {logging_mixin.py:137} INFO - [2023-04-28T11:40:39.421+0000] {dag.py:3456} INFO - Setting next_dagrun for example_dag_decorator to None, run_after=None
[2023-04-28T11:40:39.477+0000] {processor.py:175} INFO - Processing /home/airflow/.local/lib/python3.7/site-packages/airflow/example_dags/example_dag_decorator.py took 0.389 seconds
