[2023-04-28T11:24:22.672+0000] {processor.py:153} INFO - Started process (PID=183) to work on /home/airflow/.local/lib/python3.7/site-packages/airflow/example_dags/example_branch_operator.py
[2023-04-28T11:24:22.674+0000] {processor.py:743} INFO - Processing file /home/airflow/.local/lib/python3.7/site-packages/airflow/example_dags/example_branch_operator.py for tasks to queue
[2023-04-28T11:24:22.676+0000] {logging_mixin.py:137} INFO - [2023-04-28T11:24:22.675+0000] {dagbag.py:532} INFO - Filling up the DagBag from /home/airflow/.local/lib/python3.7/site-packages/airflow/example_dags/example_branch_operator.py
[2023-04-28T11:24:22.702+0000] {processor.py:753} INFO - DAG(s) dict_keys(['example_branch_operator']) retrieved from /home/airflow/.local/lib/python3.7/site-packages/airflow/example_dags/example_branch_operator.py
[2023-04-28T11:24:22.721+0000] {logging_mixin.py:137} INFO - [2023-04-28T11:24:22.721+0000] {dag.py:2705} INFO - Sync 1 DAGs
[2023-04-28T11:24:22.761+0000] {logging_mixin.py:137} INFO - [2023-04-28T11:24:22.761+0000] {dag.py:3456} INFO - Setting next_dagrun for example_branch_operator to 2023-04-27T00:00:00+00:00, run_after=2023-04-28T00:00:00+00:00
[2023-04-28T11:24:22.797+0000] {processor.py:175} INFO - Processing /home/airflow/.local/lib/python3.7/site-packages/airflow/example_dags/example_branch_operator.py took 0.134 seconds
[2023-04-28T11:24:52.961+0000] {processor.py:153} INFO - Started process (PID=401) to work on /home/airflow/.local/lib/python3.7/site-packages/airflow/example_dags/example_branch_operator.py
[2023-04-28T11:24:52.963+0000] {processor.py:743} INFO - Processing file /home/airflow/.local/lib/python3.7/site-packages/airflow/example_dags/example_branch_operator.py for tasks to queue
[2023-04-28T11:24:52.964+0000] {logging_mixin.py:137} INFO - [2023-04-28T11:24:52.964+0000] {dagbag.py:532} INFO - Filling up the DagBag from /home/airflow/.local/lib/python3.7/site-packages/airflow/example_dags/example_branch_operator.py
[2023-04-28T11:24:52.983+0000] {processor.py:753} INFO - DAG(s) dict_keys(['example_branch_operator']) retrieved from /home/airflow/.local/lib/python3.7/site-packages/airflow/example_dags/example_branch_operator.py
[2023-04-28T11:24:53.014+0000] {logging_mixin.py:137} INFO - [2023-04-28T11:24:53.014+0000] {dag.py:2705} INFO - Sync 1 DAGs
[2023-04-28T11:24:53.044+0000] {logging_mixin.py:137} INFO - [2023-04-28T11:24:53.044+0000] {dag.py:3456} INFO - Setting next_dagrun for example_branch_operator to 2023-04-27T00:00:00+00:00, run_after=2023-04-28T00:00:00+00:00
[2023-04-28T11:24:53.063+0000] {processor.py:175} INFO - Processing /home/airflow/.local/lib/python3.7/site-packages/airflow/example_dags/example_branch_operator.py took 0.107 seconds
[2023-04-28T11:25:23.789+0000] {processor.py:153} INFO - Started process (PID=619) to work on /home/airflow/.local/lib/python3.7/site-packages/airflow/example_dags/example_branch_operator.py
[2023-04-28T11:25:23.791+0000] {processor.py:743} INFO - Processing file /home/airflow/.local/lib/python3.7/site-packages/airflow/example_dags/example_branch_operator.py for tasks to queue
[2023-04-28T11:25:23.793+0000] {logging_mixin.py:137} INFO - [2023-04-28T11:25:23.793+0000] {dagbag.py:532} INFO - Filling up the DagBag from /home/airflow/.local/lib/python3.7/site-packages/airflow/example_dags/example_branch_operator.py
[2023-04-28T11:25:23.812+0000] {processor.py:753} INFO - DAG(s) dict_keys(['example_branch_operator']) retrieved from /home/airflow/.local/lib/python3.7/site-packages/airflow/example_dags/example_branch_operator.py
[2023-04-28T11:25:23.844+0000] {logging_mixin.py:137} INFO - [2023-04-28T11:25:23.844+0000] {dag.py:2705} INFO - Sync 1 DAGs
[2023-04-28T11:25:23.876+0000] {logging_mixin.py:137} INFO - [2023-04-28T11:25:23.876+0000] {dag.py:3456} INFO - Setting next_dagrun for example_branch_operator to 2023-04-27T00:00:00+00:00, run_after=2023-04-28T00:00:00+00:00
[2023-04-28T11:25:23.898+0000] {processor.py:175} INFO - Processing /home/airflow/.local/lib/python3.7/site-packages/airflow/example_dags/example_branch_operator.py took 0.113 seconds
[2023-04-28T11:25:54.385+0000] {processor.py:153} INFO - Started process (PID=837) to work on /home/airflow/.local/lib/python3.7/site-packages/airflow/example_dags/example_branch_operator.py
[2023-04-28T11:25:54.389+0000] {processor.py:743} INFO - Processing file /home/airflow/.local/lib/python3.7/site-packages/airflow/example_dags/example_branch_operator.py for tasks to queue
[2023-04-28T11:25:54.393+0000] {logging_mixin.py:137} INFO - [2023-04-28T11:25:54.392+0000] {dagbag.py:532} INFO - Filling up the DagBag from /home/airflow/.local/lib/python3.7/site-packages/airflow/example_dags/example_branch_operator.py
[2023-04-28T11:25:54.430+0000] {processor.py:753} INFO - DAG(s) dict_keys(['example_branch_operator']) retrieved from /home/airflow/.local/lib/python3.7/site-packages/airflow/example_dags/example_branch_operator.py
[2023-04-28T11:25:54.495+0000] {logging_mixin.py:137} INFO - [2023-04-28T11:25:54.494+0000] {dag.py:2705} INFO - Sync 1 DAGs
[2023-04-28T11:25:54.553+0000] {logging_mixin.py:137} INFO - [2023-04-28T11:25:54.553+0000] {dag.py:3456} INFO - Setting next_dagrun for example_branch_operator to 2023-04-27T00:00:00+00:00, run_after=2023-04-28T00:00:00+00:00
[2023-04-28T11:25:54.596+0000] {processor.py:175} INFO - Processing /home/airflow/.local/lib/python3.7/site-packages/airflow/example_dags/example_branch_operator.py took 0.217 seconds
[2023-04-28T11:26:24.780+0000] {processor.py:153} INFO - Started process (PID=1057) to work on /home/airflow/.local/lib/python3.7/site-packages/airflow/example_dags/example_branch_operator.py
[2023-04-28T11:26:24.786+0000] {processor.py:743} INFO - Processing file /home/airflow/.local/lib/python3.7/site-packages/airflow/example_dags/example_branch_operator.py for tasks to queue
[2023-04-28T11:26:24.787+0000] {logging_mixin.py:137} INFO - [2023-04-28T11:26:24.787+0000] {dagbag.py:532} INFO - Filling up the DagBag from /home/airflow/.local/lib/python3.7/site-packages/airflow/example_dags/example_branch_operator.py
[2023-04-28T11:26:24.807+0000] {processor.py:753} INFO - DAG(s) dict_keys(['example_branch_operator']) retrieved from /home/airflow/.local/lib/python3.7/site-packages/airflow/example_dags/example_branch_operator.py
[2023-04-28T11:26:24.839+0000] {logging_mixin.py:137} INFO - [2023-04-28T11:26:24.839+0000] {dag.py:2705} INFO - Sync 1 DAGs
[2023-04-28T11:26:24.869+0000] {logging_mixin.py:137} INFO - [2023-04-28T11:26:24.869+0000] {dag.py:3456} INFO - Setting next_dagrun for example_branch_operator to 2023-04-27T00:00:00+00:00, run_after=2023-04-28T00:00:00+00:00
[2023-04-28T11:26:24.891+0000] {processor.py:175} INFO - Processing /home/airflow/.local/lib/python3.7/site-packages/airflow/example_dags/example_branch_operator.py took 0.115 seconds
[2023-04-28T11:26:55.241+0000] {processor.py:153} INFO - Started process (PID=1273) to work on /home/airflow/.local/lib/python3.7/site-packages/airflow/example_dags/example_branch_operator.py
[2023-04-28T11:26:55.244+0000] {processor.py:743} INFO - Processing file /home/airflow/.local/lib/python3.7/site-packages/airflow/example_dags/example_branch_operator.py for tasks to queue
[2023-04-28T11:26:55.251+0000] {logging_mixin.py:137} INFO - [2023-04-28T11:26:55.250+0000] {dagbag.py:532} INFO - Filling up the DagBag from /home/airflow/.local/lib/python3.7/site-packages/airflow/example_dags/example_branch_operator.py
[2023-04-28T11:26:55.298+0000] {processor.py:753} INFO - DAG(s) dict_keys(['example_branch_operator']) retrieved from /home/airflow/.local/lib/python3.7/site-packages/airflow/example_dags/example_branch_operator.py
[2023-04-28T11:26:55.370+0000] {logging_mixin.py:137} INFO - [2023-04-28T11:26:55.370+0000] {dag.py:2705} INFO - Sync 1 DAGs
[2023-04-28T11:26:55.440+0000] {logging_mixin.py:137} INFO - [2023-04-28T11:26:55.439+0000] {dag.py:3456} INFO - Setting next_dagrun for example_branch_operator to 2023-04-27T00:00:00+00:00, run_after=2023-04-28T00:00:00+00:00
[2023-04-28T11:26:55.485+0000] {processor.py:175} INFO - Processing /home/airflow/.local/lib/python3.7/site-packages/airflow/example_dags/example_branch_operator.py took 0.253 seconds
[2023-04-28T11:27:25.636+0000] {processor.py:153} INFO - Started process (PID=1493) to work on /home/airflow/.local/lib/python3.7/site-packages/airflow/example_dags/example_branch_operator.py
[2023-04-28T11:27:25.638+0000] {processor.py:743} INFO - Processing file /home/airflow/.local/lib/python3.7/site-packages/airflow/example_dags/example_branch_operator.py for tasks to queue
[2023-04-28T11:27:25.640+0000] {logging_mixin.py:137} INFO - [2023-04-28T11:27:25.640+0000] {dagbag.py:532} INFO - Filling up the DagBag from /home/airflow/.local/lib/python3.7/site-packages/airflow/example_dags/example_branch_operator.py
[2023-04-28T11:27:25.660+0000] {processor.py:753} INFO - DAG(s) dict_keys(['example_branch_operator']) retrieved from /home/airflow/.local/lib/python3.7/site-packages/airflow/example_dags/example_branch_operator.py
[2023-04-28T11:27:25.693+0000] {logging_mixin.py:137} INFO - [2023-04-28T11:27:25.693+0000] {dag.py:2705} INFO - Sync 1 DAGs
[2023-04-28T11:27:25.723+0000] {logging_mixin.py:137} INFO - [2023-04-28T11:27:25.723+0000] {dag.py:3456} INFO - Setting next_dagrun for example_branch_operator to 2023-04-27T00:00:00+00:00, run_after=2023-04-28T00:00:00+00:00
[2023-04-28T11:27:25.743+0000] {processor.py:175} INFO - Processing /home/airflow/.local/lib/python3.7/site-packages/airflow/example_dags/example_branch_operator.py took 0.111 seconds
[2023-04-28T11:27:55.799+0000] {processor.py:153} INFO - Started process (PID=1709) to work on /home/airflow/.local/lib/python3.7/site-packages/airflow/example_dags/example_branch_operator.py
[2023-04-28T11:27:55.801+0000] {processor.py:743} INFO - Processing file /home/airflow/.local/lib/python3.7/site-packages/airflow/example_dags/example_branch_operator.py for tasks to queue
[2023-04-28T11:27:55.803+0000] {logging_mixin.py:137} INFO - [2023-04-28T11:27:55.802+0000] {dagbag.py:532} INFO - Filling up the DagBag from /home/airflow/.local/lib/python3.7/site-packages/airflow/example_dags/example_branch_operator.py
[2023-04-28T11:27:55.828+0000] {processor.py:753} INFO - DAG(s) dict_keys(['example_branch_operator']) retrieved from /home/airflow/.local/lib/python3.7/site-packages/airflow/example_dags/example_branch_operator.py
[2023-04-28T11:27:55.868+0000] {logging_mixin.py:137} INFO - [2023-04-28T11:27:55.868+0000] {dag.py:2705} INFO - Sync 1 DAGs
[2023-04-28T11:27:55.908+0000] {logging_mixin.py:137} INFO - [2023-04-28T11:27:55.907+0000] {dag.py:3456} INFO - Setting next_dagrun for example_branch_operator to 2023-04-27T00:00:00+00:00, run_after=2023-04-28T00:00:00+00:00
[2023-04-28T11:27:55.943+0000] {processor.py:175} INFO - Processing /home/airflow/.local/lib/python3.7/site-packages/airflow/example_dags/example_branch_operator.py took 0.149 seconds
[2023-04-28T11:28:26.202+0000] {processor.py:153} INFO - Started process (PID=1927) to work on /home/airflow/.local/lib/python3.7/site-packages/airflow/example_dags/example_branch_operator.py
[2023-04-28T11:28:26.206+0000] {processor.py:743} INFO - Processing file /home/airflow/.local/lib/python3.7/site-packages/airflow/example_dags/example_branch_operator.py for tasks to queue
[2023-04-28T11:28:26.209+0000] {logging_mixin.py:137} INFO - [2023-04-28T11:28:26.209+0000] {dagbag.py:532} INFO - Filling up the DagBag from /home/airflow/.local/lib/python3.7/site-packages/airflow/example_dags/example_branch_operator.py
[2023-04-28T11:28:26.238+0000] {processor.py:753} INFO - DAG(s) dict_keys(['example_branch_operator']) retrieved from /home/airflow/.local/lib/python3.7/site-packages/airflow/example_dags/example_branch_operator.py
[2023-04-28T11:28:26.292+0000] {logging_mixin.py:137} INFO - [2023-04-28T11:28:26.292+0000] {dag.py:2705} INFO - Sync 1 DAGs
[2023-04-28T11:28:26.337+0000] {logging_mixin.py:137} INFO - [2023-04-28T11:28:26.336+0000] {dag.py:3456} INFO - Setting next_dagrun for example_branch_operator to 2023-04-27T00:00:00+00:00, run_after=2023-04-28T00:00:00+00:00
[2023-04-28T11:28:26.366+0000] {processor.py:175} INFO - Processing /home/airflow/.local/lib/python3.7/site-packages/airflow/example_dags/example_branch_operator.py took 0.170 seconds
[2023-04-28T11:28:57.157+0000] {processor.py:153} INFO - Started process (PID=2145) to work on /home/airflow/.local/lib/python3.7/site-packages/airflow/example_dags/example_branch_operator.py
[2023-04-28T11:28:57.160+0000] {processor.py:743} INFO - Processing file /home/airflow/.local/lib/python3.7/site-packages/airflow/example_dags/example_branch_operator.py for tasks to queue
[2023-04-28T11:28:57.162+0000] {logging_mixin.py:137} INFO - [2023-04-28T11:28:57.162+0000] {dagbag.py:532} INFO - Filling up the DagBag from /home/airflow/.local/lib/python3.7/site-packages/airflow/example_dags/example_branch_operator.py
[2023-04-28T11:28:57.186+0000] {processor.py:753} INFO - DAG(s) dict_keys(['example_branch_operator']) retrieved from /home/airflow/.local/lib/python3.7/site-packages/airflow/example_dags/example_branch_operator.py
[2023-04-28T11:28:57.230+0000] {logging_mixin.py:137} INFO - [2023-04-28T11:28:57.230+0000] {dag.py:2705} INFO - Sync 1 DAGs
[2023-04-28T11:28:57.266+0000] {logging_mixin.py:137} INFO - [2023-04-28T11:28:57.266+0000] {dag.py:3456} INFO - Setting next_dagrun for example_branch_operator to 2023-04-27T00:00:00+00:00, run_after=2023-04-28T00:00:00+00:00
[2023-04-28T11:28:57.293+0000] {processor.py:175} INFO - Processing /home/airflow/.local/lib/python3.7/site-packages/airflow/example_dags/example_branch_operator.py took 0.141 seconds
[2023-04-28T11:29:27.660+0000] {processor.py:153} INFO - Started process (PID=2363) to work on /home/airflow/.local/lib/python3.7/site-packages/airflow/example_dags/example_branch_operator.py
[2023-04-28T11:29:27.662+0000] {processor.py:743} INFO - Processing file /home/airflow/.local/lib/python3.7/site-packages/airflow/example_dags/example_branch_operator.py for tasks to queue
[2023-04-28T11:29:27.664+0000] {logging_mixin.py:137} INFO - [2023-04-28T11:29:27.664+0000] {dagbag.py:532} INFO - Filling up the DagBag from /home/airflow/.local/lib/python3.7/site-packages/airflow/example_dags/example_branch_operator.py
[2023-04-28T11:29:27.688+0000] {processor.py:753} INFO - DAG(s) dict_keys(['example_branch_operator']) retrieved from /home/airflow/.local/lib/python3.7/site-packages/airflow/example_dags/example_branch_operator.py
[2023-04-28T11:29:27.734+0000] {logging_mixin.py:137} INFO - [2023-04-28T11:29:27.734+0000] {dag.py:2705} INFO - Sync 1 DAGs
[2023-04-28T11:29:27.769+0000] {logging_mixin.py:137} INFO - [2023-04-28T11:29:27.769+0000] {dag.py:3456} INFO - Setting next_dagrun for example_branch_operator to 2023-04-27T00:00:00+00:00, run_after=2023-04-28T00:00:00+00:00
[2023-04-28T11:29:27.791+0000] {processor.py:175} INFO - Processing /home/airflow/.local/lib/python3.7/site-packages/airflow/example_dags/example_branch_operator.py took 0.135 seconds
[2023-04-28T11:29:58.295+0000] {processor.py:153} INFO - Started process (PID=2581) to work on /home/airflow/.local/lib/python3.7/site-packages/airflow/example_dags/example_branch_operator.py
[2023-04-28T11:29:58.299+0000] {processor.py:743} INFO - Processing file /home/airflow/.local/lib/python3.7/site-packages/airflow/example_dags/example_branch_operator.py for tasks to queue
[2023-04-28T11:29:58.302+0000] {logging_mixin.py:137} INFO - [2023-04-28T11:29:58.302+0000] {dagbag.py:532} INFO - Filling up the DagBag from /home/airflow/.local/lib/python3.7/site-packages/airflow/example_dags/example_branch_operator.py
[2023-04-28T11:29:58.357+0000] {processor.py:753} INFO - DAG(s) dict_keys(['example_branch_operator']) retrieved from /home/airflow/.local/lib/python3.7/site-packages/airflow/example_dags/example_branch_operator.py
[2023-04-28T11:29:58.456+0000] {logging_mixin.py:137} INFO - [2023-04-28T11:29:58.454+0000] {dag.py:2705} INFO - Sync 1 DAGs
[2023-04-28T11:29:58.538+0000] {logging_mixin.py:137} INFO - [2023-04-28T11:29:58.538+0000] {dag.py:3456} INFO - Setting next_dagrun for example_branch_operator to 2023-04-27T00:00:00+00:00, run_after=2023-04-28T00:00:00+00:00
[2023-04-28T11:29:58.585+0000] {processor.py:175} INFO - Processing /home/airflow/.local/lib/python3.7/site-packages/airflow/example_dags/example_branch_operator.py took 0.297 seconds
[2023-04-28T11:30:28.739+0000] {processor.py:153} INFO - Started process (PID=2801) to work on /home/airflow/.local/lib/python3.7/site-packages/airflow/example_dags/example_branch_operator.py
[2023-04-28T11:30:28.742+0000] {processor.py:743} INFO - Processing file /home/airflow/.local/lib/python3.7/site-packages/airflow/example_dags/example_branch_operator.py for tasks to queue
[2023-04-28T11:30:28.743+0000] {logging_mixin.py:137} INFO - [2023-04-28T11:30:28.743+0000] {dagbag.py:532} INFO - Filling up the DagBag from /home/airflow/.local/lib/python3.7/site-packages/airflow/example_dags/example_branch_operator.py
[2023-04-28T11:30:28.767+0000] {processor.py:753} INFO - DAG(s) dict_keys(['example_branch_operator']) retrieved from /home/airflow/.local/lib/python3.7/site-packages/airflow/example_dags/example_branch_operator.py
[2023-04-28T11:30:28.804+0000] {logging_mixin.py:137} INFO - [2023-04-28T11:30:28.803+0000] {dag.py:2705} INFO - Sync 1 DAGs
[2023-04-28T11:30:28.837+0000] {logging_mixin.py:137} INFO - [2023-04-28T11:30:28.837+0000] {dag.py:3456} INFO - Setting next_dagrun for example_branch_operator to 2023-04-27T00:00:00+00:00, run_after=2023-04-28T00:00:00+00:00
[2023-04-28T11:30:28.861+0000] {processor.py:175} INFO - Processing /home/airflow/.local/lib/python3.7/site-packages/airflow/example_dags/example_branch_operator.py took 0.127 seconds
[2023-04-28T11:30:59.218+0000] {processor.py:153} INFO - Started process (PID=3017) to work on /home/airflow/.local/lib/python3.7/site-packages/airflow/example_dags/example_branch_operator.py
[2023-04-28T11:30:59.220+0000] {processor.py:743} INFO - Processing file /home/airflow/.local/lib/python3.7/site-packages/airflow/example_dags/example_branch_operator.py for tasks to queue
[2023-04-28T11:30:59.222+0000] {logging_mixin.py:137} INFO - [2023-04-28T11:30:59.222+0000] {dagbag.py:532} INFO - Filling up the DagBag from /home/airflow/.local/lib/python3.7/site-packages/airflow/example_dags/example_branch_operator.py
[2023-04-28T11:30:59.248+0000] {processor.py:753} INFO - DAG(s) dict_keys(['example_branch_operator']) retrieved from /home/airflow/.local/lib/python3.7/site-packages/airflow/example_dags/example_branch_operator.py
[2023-04-28T11:30:59.290+0000] {logging_mixin.py:137} INFO - [2023-04-28T11:30:59.290+0000] {dag.py:2705} INFO - Sync 1 DAGs
[2023-04-28T11:30:59.327+0000] {logging_mixin.py:137} INFO - [2023-04-28T11:30:59.327+0000] {dag.py:3456} INFO - Setting next_dagrun for example_branch_operator to 2023-04-27T00:00:00+00:00, run_after=2023-04-28T00:00:00+00:00
[2023-04-28T11:30:59.354+0000] {processor.py:175} INFO - Processing /home/airflow/.local/lib/python3.7/site-packages/airflow/example_dags/example_branch_operator.py took 0.142 seconds
[2023-04-28T11:31:29.948+0000] {processor.py:153} INFO - Started process (PID=3234) to work on /home/airflow/.local/lib/python3.7/site-packages/airflow/example_dags/example_branch_operator.py
[2023-04-28T11:31:29.951+0000] {processor.py:743} INFO - Processing file /home/airflow/.local/lib/python3.7/site-packages/airflow/example_dags/example_branch_operator.py for tasks to queue
[2023-04-28T11:31:29.953+0000] {logging_mixin.py:137} INFO - [2023-04-28T11:31:29.953+0000] {dagbag.py:532} INFO - Filling up the DagBag from /home/airflow/.local/lib/python3.7/site-packages/airflow/example_dags/example_branch_operator.py
[2023-04-28T11:31:29.975+0000] {processor.py:753} INFO - DAG(s) dict_keys(['example_branch_operator']) retrieved from /home/airflow/.local/lib/python3.7/site-packages/airflow/example_dags/example_branch_operator.py
[2023-04-28T11:31:30.016+0000] {logging_mixin.py:137} INFO - [2023-04-28T11:31:30.016+0000] {dag.py:2705} INFO - Sync 1 DAGs
[2023-04-28T11:31:30.051+0000] {logging_mixin.py:137} INFO - [2023-04-28T11:31:30.051+0000] {dag.py:3456} INFO - Setting next_dagrun for example_branch_operator to 2023-04-27T00:00:00+00:00, run_after=2023-04-28T00:00:00+00:00
[2023-04-28T11:31:30.073+0000] {processor.py:175} INFO - Processing /home/airflow/.local/lib/python3.7/site-packages/airflow/example_dags/example_branch_operator.py took 0.130 seconds
[2023-04-28T11:32:00.352+0000] {processor.py:153} INFO - Started process (PID=3452) to work on /home/airflow/.local/lib/python3.7/site-packages/airflow/example_dags/example_branch_operator.py
[2023-04-28T11:32:00.354+0000] {processor.py:743} INFO - Processing file /home/airflow/.local/lib/python3.7/site-packages/airflow/example_dags/example_branch_operator.py for tasks to queue
[2023-04-28T11:32:00.355+0000] {logging_mixin.py:137} INFO - [2023-04-28T11:32:00.355+0000] {dagbag.py:532} INFO - Filling up the DagBag from /home/airflow/.local/lib/python3.7/site-packages/airflow/example_dags/example_branch_operator.py
[2023-04-28T11:32:00.379+0000] {processor.py:753} INFO - DAG(s) dict_keys(['example_branch_operator']) retrieved from /home/airflow/.local/lib/python3.7/site-packages/airflow/example_dags/example_branch_operator.py
[2023-04-28T11:32:00.417+0000] {logging_mixin.py:137} INFO - [2023-04-28T11:32:00.417+0000] {dag.py:2705} INFO - Sync 1 DAGs
[2023-04-28T11:32:00.451+0000] {logging_mixin.py:137} INFO - [2023-04-28T11:32:00.451+0000] {dag.py:3456} INFO - Setting next_dagrun for example_branch_operator to 2023-04-27T00:00:00+00:00, run_after=2023-04-28T00:00:00+00:00
[2023-04-28T11:32:00.476+0000] {processor.py:175} INFO - Processing /home/airflow/.local/lib/python3.7/site-packages/airflow/example_dags/example_branch_operator.py took 0.129 seconds
[2023-04-28T11:32:30.678+0000] {processor.py:153} INFO - Started process (PID=3670) to work on /home/airflow/.local/lib/python3.7/site-packages/airflow/example_dags/example_branch_operator.py
[2023-04-28T11:32:30.680+0000] {processor.py:743} INFO - Processing file /home/airflow/.local/lib/python3.7/site-packages/airflow/example_dags/example_branch_operator.py for tasks to queue
[2023-04-28T11:32:30.682+0000] {logging_mixin.py:137} INFO - [2023-04-28T11:32:30.682+0000] {dagbag.py:532} INFO - Filling up the DagBag from /home/airflow/.local/lib/python3.7/site-packages/airflow/example_dags/example_branch_operator.py
[2023-04-28T11:32:30.704+0000] {processor.py:753} INFO - DAG(s) dict_keys(['example_branch_operator']) retrieved from /home/airflow/.local/lib/python3.7/site-packages/airflow/example_dags/example_branch_operator.py
[2023-04-28T11:32:30.740+0000] {logging_mixin.py:137} INFO - [2023-04-28T11:32:30.740+0000] {dag.py:2705} INFO - Sync 1 DAGs
[2023-04-28T11:32:30.773+0000] {logging_mixin.py:137} INFO - [2023-04-28T11:32:30.773+0000] {dag.py:3456} INFO - Setting next_dagrun for example_branch_operator to 2023-04-27T00:00:00+00:00, run_after=2023-04-28T00:00:00+00:00
[2023-04-28T11:32:30.794+0000] {processor.py:175} INFO - Processing /home/airflow/.local/lib/python3.7/site-packages/airflow/example_dags/example_branch_operator.py took 0.121 seconds
[2023-04-28T11:33:01.071+0000] {processor.py:153} INFO - Started process (PID=3888) to work on /home/airflow/.local/lib/python3.7/site-packages/airflow/example_dags/example_branch_operator.py
[2023-04-28T11:33:01.073+0000] {processor.py:743} INFO - Processing file /home/airflow/.local/lib/python3.7/site-packages/airflow/example_dags/example_branch_operator.py for tasks to queue
[2023-04-28T11:33:01.074+0000] {logging_mixin.py:137} INFO - [2023-04-28T11:33:01.074+0000] {dagbag.py:532} INFO - Filling up the DagBag from /home/airflow/.local/lib/python3.7/site-packages/airflow/example_dags/example_branch_operator.py
[2023-04-28T11:33:01.096+0000] {processor.py:753} INFO - DAG(s) dict_keys(['example_branch_operator']) retrieved from /home/airflow/.local/lib/python3.7/site-packages/airflow/example_dags/example_branch_operator.py
[2023-04-28T11:33:01.133+0000] {logging_mixin.py:137} INFO - [2023-04-28T11:33:01.133+0000] {dag.py:2705} INFO - Sync 1 DAGs
[2023-04-28T11:33:01.164+0000] {logging_mixin.py:137} INFO - [2023-04-28T11:33:01.164+0000] {dag.py:3456} INFO - Setting next_dagrun for example_branch_operator to 2023-04-27T00:00:00+00:00, run_after=2023-04-28T00:00:00+00:00
[2023-04-28T11:33:01.186+0000] {processor.py:175} INFO - Processing /home/airflow/.local/lib/python3.7/site-packages/airflow/example_dags/example_branch_operator.py took 0.119 seconds
[2023-04-28T11:33:31.292+0000] {processor.py:153} INFO - Started process (PID=4106) to work on /home/airflow/.local/lib/python3.7/site-packages/airflow/example_dags/example_branch_operator.py
[2023-04-28T11:33:31.294+0000] {processor.py:743} INFO - Processing file /home/airflow/.local/lib/python3.7/site-packages/airflow/example_dags/example_branch_operator.py for tasks to queue
[2023-04-28T11:33:31.296+0000] {logging_mixin.py:137} INFO - [2023-04-28T11:33:31.296+0000] {dagbag.py:532} INFO - Filling up the DagBag from /home/airflow/.local/lib/python3.7/site-packages/airflow/example_dags/example_branch_operator.py
[2023-04-28T11:33:31.317+0000] {processor.py:753} INFO - DAG(s) dict_keys(['example_branch_operator']) retrieved from /home/airflow/.local/lib/python3.7/site-packages/airflow/example_dags/example_branch_operator.py
[2023-04-28T11:33:31.350+0000] {logging_mixin.py:137} INFO - [2023-04-28T11:33:31.350+0000] {dag.py:2705} INFO - Sync 1 DAGs
[2023-04-28T11:33:31.381+0000] {logging_mixin.py:137} INFO - [2023-04-28T11:33:31.381+0000] {dag.py:3456} INFO - Setting next_dagrun for example_branch_operator to 2023-04-27T00:00:00+00:00, run_after=2023-04-28T00:00:00+00:00
[2023-04-28T11:33:31.402+0000] {processor.py:175} INFO - Processing /home/airflow/.local/lib/python3.7/site-packages/airflow/example_dags/example_branch_operator.py took 0.115 seconds
[2023-04-28T11:34:01.635+0000] {processor.py:153} INFO - Started process (PID=4324) to work on /home/airflow/.local/lib/python3.7/site-packages/airflow/example_dags/example_branch_operator.py
[2023-04-28T11:34:01.638+0000] {processor.py:743} INFO - Processing file /home/airflow/.local/lib/python3.7/site-packages/airflow/example_dags/example_branch_operator.py for tasks to queue
[2023-04-28T11:34:01.639+0000] {logging_mixin.py:137} INFO - [2023-04-28T11:34:01.639+0000] {dagbag.py:532} INFO - Filling up the DagBag from /home/airflow/.local/lib/python3.7/site-packages/airflow/example_dags/example_branch_operator.py
[2023-04-28T11:34:01.661+0000] {processor.py:753} INFO - DAG(s) dict_keys(['example_branch_operator']) retrieved from /home/airflow/.local/lib/python3.7/site-packages/airflow/example_dags/example_branch_operator.py
[2023-04-28T11:34:01.698+0000] {logging_mixin.py:137} INFO - [2023-04-28T11:34:01.698+0000] {dag.py:2705} INFO - Sync 1 DAGs
[2023-04-28T11:34:01.729+0000] {logging_mixin.py:137} INFO - [2023-04-28T11:34:01.729+0000] {dag.py:3456} INFO - Setting next_dagrun for example_branch_operator to 2023-04-27T00:00:00+00:00, run_after=2023-04-28T00:00:00+00:00
[2023-04-28T11:34:01.751+0000] {processor.py:175} INFO - Processing /home/airflow/.local/lib/python3.7/site-packages/airflow/example_dags/example_branch_operator.py took 0.120 seconds
[2023-04-28T11:34:32.191+0000] {processor.py:153} INFO - Started process (PID=4542) to work on /home/airflow/.local/lib/python3.7/site-packages/airflow/example_dags/example_branch_operator.py
[2023-04-28T11:34:32.194+0000] {processor.py:743} INFO - Processing file /home/airflow/.local/lib/python3.7/site-packages/airflow/example_dags/example_branch_operator.py for tasks to queue
[2023-04-28T11:34:32.196+0000] {logging_mixin.py:137} INFO - [2023-04-28T11:34:32.196+0000] {dagbag.py:532} INFO - Filling up the DagBag from /home/airflow/.local/lib/python3.7/site-packages/airflow/example_dags/example_branch_operator.py
[2023-04-28T11:34:32.225+0000] {processor.py:753} INFO - DAG(s) dict_keys(['example_branch_operator']) retrieved from /home/airflow/.local/lib/python3.7/site-packages/airflow/example_dags/example_branch_operator.py
[2023-04-28T11:34:32.271+0000] {logging_mixin.py:137} INFO - [2023-04-28T11:34:32.271+0000] {dag.py:2705} INFO - Sync 1 DAGs
[2023-04-28T11:34:32.311+0000] {logging_mixin.py:137} INFO - [2023-04-28T11:34:32.311+0000] {dag.py:3456} INFO - Setting next_dagrun for example_branch_operator to 2023-04-27T00:00:00+00:00, run_after=2023-04-28T00:00:00+00:00
[2023-04-28T11:34:32.334+0000] {processor.py:175} INFO - Processing /home/airflow/.local/lib/python3.7/site-packages/airflow/example_dags/example_branch_operator.py took 0.148 seconds
[2023-04-28T11:35:02.793+0000] {processor.py:153} INFO - Started process (PID=4760) to work on /home/airflow/.local/lib/python3.7/site-packages/airflow/example_dags/example_branch_operator.py
[2023-04-28T11:35:02.795+0000] {processor.py:743} INFO - Processing file /home/airflow/.local/lib/python3.7/site-packages/airflow/example_dags/example_branch_operator.py for tasks to queue
[2023-04-28T11:35:02.798+0000] {logging_mixin.py:137} INFO - [2023-04-28T11:35:02.797+0000] {dagbag.py:532} INFO - Filling up the DagBag from /home/airflow/.local/lib/python3.7/site-packages/airflow/example_dags/example_branch_operator.py
[2023-04-28T11:35:02.829+0000] {processor.py:753} INFO - DAG(s) dict_keys(['example_branch_operator']) retrieved from /home/airflow/.local/lib/python3.7/site-packages/airflow/example_dags/example_branch_operator.py
[2023-04-28T11:35:02.879+0000] {logging_mixin.py:137} INFO - [2023-04-28T11:35:02.879+0000] {dag.py:2705} INFO - Sync 1 DAGs
[2023-04-28T11:35:02.924+0000] {logging_mixin.py:137} INFO - [2023-04-28T11:35:02.923+0000] {dag.py:3456} INFO - Setting next_dagrun for example_branch_operator to 2023-04-27T00:00:00+00:00, run_after=2023-04-28T00:00:00+00:00
[2023-04-28T11:35:02.956+0000] {processor.py:175} INFO - Processing /home/airflow/.local/lib/python3.7/site-packages/airflow/example_dags/example_branch_operator.py took 0.169 seconds
[2023-04-28T11:35:33.042+0000] {processor.py:153} INFO - Started process (PID=4978) to work on /home/airflow/.local/lib/python3.7/site-packages/airflow/example_dags/example_branch_operator.py
[2023-04-28T11:35:33.044+0000] {processor.py:743} INFO - Processing file /home/airflow/.local/lib/python3.7/site-packages/airflow/example_dags/example_branch_operator.py for tasks to queue
[2023-04-28T11:35:33.046+0000] {logging_mixin.py:137} INFO - [2023-04-28T11:35:33.046+0000] {dagbag.py:532} INFO - Filling up the DagBag from /home/airflow/.local/lib/python3.7/site-packages/airflow/example_dags/example_branch_operator.py
[2023-04-28T11:35:33.069+0000] {processor.py:753} INFO - DAG(s) dict_keys(['example_branch_operator']) retrieved from /home/airflow/.local/lib/python3.7/site-packages/airflow/example_dags/example_branch_operator.py
[2023-04-28T11:35:33.108+0000] {logging_mixin.py:137} INFO - [2023-04-28T11:35:33.108+0000] {dag.py:2705} INFO - Sync 1 DAGs
[2023-04-28T11:35:33.141+0000] {logging_mixin.py:137} INFO - [2023-04-28T11:35:33.141+0000] {dag.py:3456} INFO - Setting next_dagrun for example_branch_operator to 2023-04-27T00:00:00+00:00, run_after=2023-04-28T00:00:00+00:00
[2023-04-28T11:35:33.164+0000] {processor.py:175} INFO - Processing /home/airflow/.local/lib/python3.7/site-packages/airflow/example_dags/example_branch_operator.py took 0.127 seconds
[2023-04-28T11:36:03.676+0000] {processor.py:153} INFO - Started process (PID=5196) to work on /home/airflow/.local/lib/python3.7/site-packages/airflow/example_dags/example_branch_operator.py
[2023-04-28T11:36:03.680+0000] {processor.py:743} INFO - Processing file /home/airflow/.local/lib/python3.7/site-packages/airflow/example_dags/example_branch_operator.py for tasks to queue
[2023-04-28T11:36:03.684+0000] {logging_mixin.py:137} INFO - [2023-04-28T11:36:03.683+0000] {dagbag.py:532} INFO - Filling up the DagBag from /home/airflow/.local/lib/python3.7/site-packages/airflow/example_dags/example_branch_operator.py
[2023-04-28T11:36:03.718+0000] {processor.py:753} INFO - DAG(s) dict_keys(['example_branch_operator']) retrieved from /home/airflow/.local/lib/python3.7/site-packages/airflow/example_dags/example_branch_operator.py
[2023-04-28T11:36:03.763+0000] {logging_mixin.py:137} INFO - [2023-04-28T11:36:03.762+0000] {dag.py:2705} INFO - Sync 1 DAGs
[2023-04-28T11:36:03.801+0000] {logging_mixin.py:137} INFO - [2023-04-28T11:36:03.801+0000] {dag.py:3456} INFO - Setting next_dagrun for example_branch_operator to 2023-04-27T00:00:00+00:00, run_after=2023-04-28T00:00:00+00:00
[2023-04-28T11:36:03.830+0000] {processor.py:175} INFO - Processing /home/airflow/.local/lib/python3.7/site-packages/airflow/example_dags/example_branch_operator.py took 0.159 seconds
[2023-04-28T11:36:34.498+0000] {processor.py:153} INFO - Started process (PID=5414) to work on /home/airflow/.local/lib/python3.7/site-packages/airflow/example_dags/example_branch_operator.py
[2023-04-28T11:36:34.500+0000] {processor.py:743} INFO - Processing file /home/airflow/.local/lib/python3.7/site-packages/airflow/example_dags/example_branch_operator.py for tasks to queue
[2023-04-28T11:36:34.502+0000] {logging_mixin.py:137} INFO - [2023-04-28T11:36:34.502+0000] {dagbag.py:532} INFO - Filling up the DagBag from /home/airflow/.local/lib/python3.7/site-packages/airflow/example_dags/example_branch_operator.py
[2023-04-28T11:36:34.528+0000] {processor.py:753} INFO - DAG(s) dict_keys(['example_branch_operator']) retrieved from /home/airflow/.local/lib/python3.7/site-packages/airflow/example_dags/example_branch_operator.py
[2023-04-28T11:36:34.569+0000] {logging_mixin.py:137} INFO - [2023-04-28T11:36:34.569+0000] {dag.py:2705} INFO - Sync 1 DAGs
[2023-04-28T11:36:34.605+0000] {logging_mixin.py:137} INFO - [2023-04-28T11:36:34.605+0000] {dag.py:3456} INFO - Setting next_dagrun for example_branch_operator to 2023-04-27T00:00:00+00:00, run_after=2023-04-28T00:00:00+00:00
[2023-04-28T11:36:34.631+0000] {processor.py:175} INFO - Processing /home/airflow/.local/lib/python3.7/site-packages/airflow/example_dags/example_branch_operator.py took 0.138 seconds
[2023-04-28T11:37:04.843+0000] {processor.py:153} INFO - Started process (PID=5632) to work on /home/airflow/.local/lib/python3.7/site-packages/airflow/example_dags/example_branch_operator.py
[2023-04-28T11:37:04.846+0000] {processor.py:743} INFO - Processing file /home/airflow/.local/lib/python3.7/site-packages/airflow/example_dags/example_branch_operator.py for tasks to queue
[2023-04-28T11:37:04.848+0000] {logging_mixin.py:137} INFO - [2023-04-28T11:37:04.847+0000] {dagbag.py:532} INFO - Filling up the DagBag from /home/airflow/.local/lib/python3.7/site-packages/airflow/example_dags/example_branch_operator.py
[2023-04-28T11:37:04.876+0000] {processor.py:753} INFO - DAG(s) dict_keys(['example_branch_operator']) retrieved from /home/airflow/.local/lib/python3.7/site-packages/airflow/example_dags/example_branch_operator.py
[2023-04-28T11:37:04.919+0000] {logging_mixin.py:137} INFO - [2023-04-28T11:37:04.919+0000] {dag.py:2705} INFO - Sync 1 DAGs
[2023-04-28T11:37:04.956+0000] {logging_mixin.py:137} INFO - [2023-04-28T11:37:04.956+0000] {dag.py:3456} INFO - Setting next_dagrun for example_branch_operator to 2023-04-27T00:00:00+00:00, run_after=2023-04-28T00:00:00+00:00
[2023-04-28T11:37:04.985+0000] {processor.py:175} INFO - Processing /home/airflow/.local/lib/python3.7/site-packages/airflow/example_dags/example_branch_operator.py took 0.148 seconds
[2023-04-28T11:37:35.239+0000] {processor.py:153} INFO - Started process (PID=5850) to work on /home/airflow/.local/lib/python3.7/site-packages/airflow/example_dags/example_branch_operator.py
[2023-04-28T11:37:35.242+0000] {processor.py:743} INFO - Processing file /home/airflow/.local/lib/python3.7/site-packages/airflow/example_dags/example_branch_operator.py for tasks to queue
[2023-04-28T11:37:35.246+0000] {logging_mixin.py:137} INFO - [2023-04-28T11:37:35.245+0000] {dagbag.py:532} INFO - Filling up the DagBag from /home/airflow/.local/lib/python3.7/site-packages/airflow/example_dags/example_branch_operator.py
[2023-04-28T11:37:35.280+0000] {processor.py:753} INFO - DAG(s) dict_keys(['example_branch_operator']) retrieved from /home/airflow/.local/lib/python3.7/site-packages/airflow/example_dags/example_branch_operator.py
[2023-04-28T11:37:35.335+0000] {logging_mixin.py:137} INFO - [2023-04-28T11:37:35.334+0000] {dag.py:2705} INFO - Sync 1 DAGs
[2023-04-28T11:37:35.381+0000] {logging_mixin.py:137} INFO - [2023-04-28T11:37:35.381+0000] {dag.py:3456} INFO - Setting next_dagrun for example_branch_operator to 2023-04-27T00:00:00+00:00, run_after=2023-04-28T00:00:00+00:00
[2023-04-28T11:37:35.416+0000] {processor.py:175} INFO - Processing /home/airflow/.local/lib/python3.7/site-packages/airflow/example_dags/example_branch_operator.py took 0.184 seconds
[2023-04-28T11:38:05.596+0000] {processor.py:153} INFO - Started process (PID=6068) to work on /home/airflow/.local/lib/python3.7/site-packages/airflow/example_dags/example_branch_operator.py
[2023-04-28T11:38:05.598+0000] {processor.py:743} INFO - Processing file /home/airflow/.local/lib/python3.7/site-packages/airflow/example_dags/example_branch_operator.py for tasks to queue
[2023-04-28T11:38:05.600+0000] {logging_mixin.py:137} INFO - [2023-04-28T11:38:05.600+0000] {dagbag.py:532} INFO - Filling up the DagBag from /home/airflow/.local/lib/python3.7/site-packages/airflow/example_dags/example_branch_operator.py
[2023-04-28T11:38:05.626+0000] {processor.py:753} INFO - DAG(s) dict_keys(['example_branch_operator']) retrieved from /home/airflow/.local/lib/python3.7/site-packages/airflow/example_dags/example_branch_operator.py
[2023-04-28T11:38:05.666+0000] {logging_mixin.py:137} INFO - [2023-04-28T11:38:05.666+0000] {dag.py:2705} INFO - Sync 1 DAGs
[2023-04-28T11:38:05.704+0000] {logging_mixin.py:137} INFO - [2023-04-28T11:38:05.704+0000] {dag.py:3456} INFO - Setting next_dagrun for example_branch_operator to 2023-04-27T00:00:00+00:00, run_after=2023-04-28T00:00:00+00:00
[2023-04-28T11:38:05.731+0000] {processor.py:175} INFO - Processing /home/airflow/.local/lib/python3.7/site-packages/airflow/example_dags/example_branch_operator.py took 0.140 seconds
[2023-04-28T11:38:36.355+0000] {processor.py:153} INFO - Started process (PID=6286) to work on /home/airflow/.local/lib/python3.7/site-packages/airflow/example_dags/example_branch_operator.py
[2023-04-28T11:38:36.357+0000] {processor.py:743} INFO - Processing file /home/airflow/.local/lib/python3.7/site-packages/airflow/example_dags/example_branch_operator.py for tasks to queue
[2023-04-28T11:38:36.360+0000] {logging_mixin.py:137} INFO - [2023-04-28T11:38:36.360+0000] {dagbag.py:532} INFO - Filling up the DagBag from /home/airflow/.local/lib/python3.7/site-packages/airflow/example_dags/example_branch_operator.py
[2023-04-28T11:38:36.388+0000] {processor.py:753} INFO - DAG(s) dict_keys(['example_branch_operator']) retrieved from /home/airflow/.local/lib/python3.7/site-packages/airflow/example_dags/example_branch_operator.py
[2023-04-28T11:38:36.431+0000] {logging_mixin.py:137} INFO - [2023-04-28T11:38:36.431+0000] {dag.py:2705} INFO - Sync 1 DAGs
[2023-04-28T11:38:36.466+0000] {logging_mixin.py:137} INFO - [2023-04-28T11:38:36.466+0000] {dag.py:3456} INFO - Setting next_dagrun for example_branch_operator to 2023-04-27T00:00:00+00:00, run_after=2023-04-28T00:00:00+00:00
[2023-04-28T11:38:36.490+0000] {processor.py:175} INFO - Processing /home/airflow/.local/lib/python3.7/site-packages/airflow/example_dags/example_branch_operator.py took 0.141 seconds
[2023-04-28T11:39:07.212+0000] {processor.py:153} INFO - Started process (PID=6504) to work on /home/airflow/.local/lib/python3.7/site-packages/airflow/example_dags/example_branch_operator.py
[2023-04-28T11:39:07.215+0000] {processor.py:743} INFO - Processing file /home/airflow/.local/lib/python3.7/site-packages/airflow/example_dags/example_branch_operator.py for tasks to queue
[2023-04-28T11:39:07.218+0000] {logging_mixin.py:137} INFO - [2023-04-28T11:39:07.218+0000] {dagbag.py:532} INFO - Filling up the DagBag from /home/airflow/.local/lib/python3.7/site-packages/airflow/example_dags/example_branch_operator.py
[2023-04-28T11:39:07.247+0000] {processor.py:753} INFO - DAG(s) dict_keys(['example_branch_operator']) retrieved from /home/airflow/.local/lib/python3.7/site-packages/airflow/example_dags/example_branch_operator.py
[2023-04-28T11:39:07.294+0000] {logging_mixin.py:137} INFO - [2023-04-28T11:39:07.294+0000] {dag.py:2705} INFO - Sync 1 DAGs
[2023-04-28T11:39:07.332+0000] {logging_mixin.py:137} INFO - [2023-04-28T11:39:07.332+0000] {dag.py:3456} INFO - Setting next_dagrun for example_branch_operator to 2023-04-27T00:00:00+00:00, run_after=2023-04-28T00:00:00+00:00
[2023-04-28T11:39:07.358+0000] {processor.py:175} INFO - Processing /home/airflow/.local/lib/python3.7/site-packages/airflow/example_dags/example_branch_operator.py took 0.152 seconds
[2023-04-28T11:39:37.439+0000] {processor.py:153} INFO - Started process (PID=6736) to work on /home/airflow/.local/lib/python3.7/site-packages/airflow/example_dags/example_branch_operator.py
[2023-04-28T11:39:37.441+0000] {processor.py:743} INFO - Processing file /home/airflow/.local/lib/python3.7/site-packages/airflow/example_dags/example_branch_operator.py for tasks to queue
[2023-04-28T11:39:37.443+0000] {logging_mixin.py:137} INFO - [2023-04-28T11:39:37.443+0000] {dagbag.py:532} INFO - Filling up the DagBag from /home/airflow/.local/lib/python3.7/site-packages/airflow/example_dags/example_branch_operator.py
[2023-04-28T11:39:37.470+0000] {processor.py:753} INFO - DAG(s) dict_keys(['example_branch_operator']) retrieved from /home/airflow/.local/lib/python3.7/site-packages/airflow/example_dags/example_branch_operator.py
[2023-04-28T11:39:37.507+0000] {logging_mixin.py:137} INFO - [2023-04-28T11:39:37.507+0000] {dag.py:2705} INFO - Sync 1 DAGs
[2023-04-28T11:39:37.545+0000] {logging_mixin.py:137} INFO - [2023-04-28T11:39:37.545+0000] {dag.py:3456} INFO - Setting next_dagrun for example_branch_operator to 2023-04-27T00:00:00+00:00, run_after=2023-04-28T00:00:00+00:00
[2023-04-28T11:39:37.572+0000] {processor.py:175} INFO - Processing /home/airflow/.local/lib/python3.7/site-packages/airflow/example_dags/example_branch_operator.py took 0.139 seconds
[2023-04-28T11:40:07.851+0000] {processor.py:153} INFO - Started process (PID=6959) to work on /home/airflow/.local/lib/python3.7/site-packages/airflow/example_dags/example_branch_operator.py
[2023-04-28T11:40:07.855+0000] {processor.py:743} INFO - Processing file /home/airflow/.local/lib/python3.7/site-packages/airflow/example_dags/example_branch_operator.py for tasks to queue
[2023-04-28T11:40:07.859+0000] {logging_mixin.py:137} INFO - [2023-04-28T11:40:07.859+0000] {dagbag.py:532} INFO - Filling up the DagBag from /home/airflow/.local/lib/python3.7/site-packages/airflow/example_dags/example_branch_operator.py
[2023-04-28T11:40:07.911+0000] {processor.py:753} INFO - DAG(s) dict_keys(['example_branch_operator']) retrieved from /home/airflow/.local/lib/python3.7/site-packages/airflow/example_dags/example_branch_operator.py
[2023-04-28T11:40:08.003+0000] {logging_mixin.py:137} INFO - [2023-04-28T11:40:08.001+0000] {dag.py:2705} INFO - Sync 1 DAGs
[2023-04-28T11:40:08.111+0000] {logging_mixin.py:137} INFO - [2023-04-28T11:40:08.110+0000] {dag.py:3456} INFO - Setting next_dagrun for example_branch_operator to 2023-04-27T00:00:00+00:00, run_after=2023-04-28T00:00:00+00:00
[2023-04-28T11:40:08.191+0000] {processor.py:175} INFO - Processing /home/airflow/.local/lib/python3.7/site-packages/airflow/example_dags/example_branch_operator.py took 0.354 seconds
[2023-04-28T11:40:39.098+0000] {processor.py:153} INFO - Started process (PID=7181) to work on /home/airflow/.local/lib/python3.7/site-packages/airflow/example_dags/example_branch_operator.py
[2023-04-28T11:40:39.100+0000] {processor.py:743} INFO - Processing file /home/airflow/.local/lib/python3.7/site-packages/airflow/example_dags/example_branch_operator.py for tasks to queue
[2023-04-28T11:40:39.102+0000] {logging_mixin.py:137} INFO - [2023-04-28T11:40:39.102+0000] {dagbag.py:532} INFO - Filling up the DagBag from /home/airflow/.local/lib/python3.7/site-packages/airflow/example_dags/example_branch_operator.py
[2023-04-28T11:40:39.129+0000] {processor.py:753} INFO - DAG(s) dict_keys(['example_branch_operator']) retrieved from /home/airflow/.local/lib/python3.7/site-packages/airflow/example_dags/example_branch_operator.py
[2023-04-28T11:40:39.216+0000] {logging_mixin.py:137} INFO - [2023-04-28T11:40:39.215+0000] {dag.py:2705} INFO - Sync 1 DAGs
[2023-04-28T11:40:39.291+0000] {logging_mixin.py:137} INFO - [2023-04-28T11:40:39.290+0000] {dag.py:3456} INFO - Setting next_dagrun for example_branch_operator to 2023-04-27T00:00:00+00:00, run_after=2023-04-28T00:00:00+00:00
[2023-04-28T11:40:39.343+0000] {processor.py:175} INFO - Processing /home/airflow/.local/lib/python3.7/site-packages/airflow/example_dags/example_branch_operator.py took 0.250 seconds
