[2023-04-28T11:24:24.106+0000] {processor.py:153} INFO - Started process (PID=268) to work on /home/airflow/.local/lib/python3.7/site-packages/airflow/example_dags/example_datasets.py
[2023-04-28T11:24:24.108+0000] {processor.py:743} INFO - Processing file /home/airflow/.local/lib/python3.7/site-packages/airflow/example_dags/example_datasets.py for tasks to queue
[2023-04-28T11:24:24.110+0000] {logging_mixin.py:137} INFO - [2023-04-28T11:24:24.110+0000] {dagbag.py:532} INFO - Filling up the DagBag from /home/airflow/.local/lib/python3.7/site-packages/airflow/example_dags/example_datasets.py
[2023-04-28T11:24:24.131+0000] {processor.py:753} INFO - DAG(s) dict_keys(['dataset_consumes_1', 'dataset_produces_2', 'dataset_consumes_1_never_scheduled', 'dataset_consumes_unknown_never_scheduled', 'dataset_produces_1', 'dataset_consumes_1_and_2']) retrieved from /home/airflow/.local/lib/python3.7/site-packages/airflow/example_dags/example_datasets.py
[2023-04-28T11:24:24.154+0000] {logging_mixin.py:137} INFO - [2023-04-28T11:24:24.153+0000] {dag.py:2705} INFO - Sync 6 DAGs
[2023-04-28T11:24:24.186+0000] {logging_mixin.py:137} INFO - [2023-04-28T11:24:24.185+0000] {dag.py:3456} INFO - Setting next_dagrun for dataset_consumes_1 to None, run_after=None
[2023-04-28T11:24:24.191+0000] {logging_mixin.py:137} INFO - [2023-04-28T11:24:24.191+0000] {dag.py:3456} INFO - Setting next_dagrun for dataset_consumes_1_and_2 to None, run_after=None
[2023-04-28T11:24:24.193+0000] {logging_mixin.py:137} INFO - [2023-04-28T11:24:24.193+0000] {dag.py:3456} INFO - Setting next_dagrun for dataset_consumes_1_never_scheduled to None, run_after=None
[2023-04-28T11:24:24.196+0000] {logging_mixin.py:137} INFO - [2023-04-28T11:24:24.196+0000] {dag.py:3456} INFO - Setting next_dagrun for dataset_consumes_unknown_never_scheduled to None, run_after=None
[2023-04-28T11:24:24.199+0000] {logging_mixin.py:137} INFO - [2023-04-28T11:24:24.199+0000] {dag.py:3456} INFO - Setting next_dagrun for dataset_produces_1 to 2023-04-27T00:00:00+00:00, run_after=2023-04-28T00:00:00+00:00
[2023-04-28T11:24:24.202+0000] {logging_mixin.py:137} INFO - [2023-04-28T11:24:24.201+0000] {dag.py:3456} INFO - Setting next_dagrun for dataset_produces_2 to None, run_after=None
[2023-04-28T11:24:24.239+0000] {processor.py:175} INFO - Processing /home/airflow/.local/lib/python3.7/site-packages/airflow/example_dags/example_datasets.py took 0.138 seconds
[2023-04-28T11:24:54.547+0000] {processor.py:153} INFO - Started process (PID=486) to work on /home/airflow/.local/lib/python3.7/site-packages/airflow/example_dags/example_datasets.py
[2023-04-28T11:24:54.549+0000] {processor.py:743} INFO - Processing file /home/airflow/.local/lib/python3.7/site-packages/airflow/example_dags/example_datasets.py for tasks to queue
[2023-04-28T11:24:54.550+0000] {logging_mixin.py:137} INFO - [2023-04-28T11:24:54.550+0000] {dagbag.py:532} INFO - Filling up the DagBag from /home/airflow/.local/lib/python3.7/site-packages/airflow/example_dags/example_datasets.py
[2023-04-28T11:24:54.569+0000] {processor.py:753} INFO - DAG(s) dict_keys(['dataset_produces_2', 'dataset_consumes_1_never_scheduled', 'dataset_consumes_1_and_2', 'dataset_consumes_1', 'dataset_produces_1', 'dataset_consumes_unknown_never_scheduled']) retrieved from /home/airflow/.local/lib/python3.7/site-packages/airflow/example_dags/example_datasets.py
[2023-04-28T11:24:54.676+0000] {logging_mixin.py:137} INFO - [2023-04-28T11:24:54.676+0000] {dag.py:2705} INFO - Sync 6 DAGs
[2023-04-28T11:24:54.703+0000] {logging_mixin.py:137} INFO - [2023-04-28T11:24:54.702+0000] {dag.py:3456} INFO - Setting next_dagrun for dataset_consumes_1 to None, run_after=None
[2023-04-28T11:24:54.707+0000] {logging_mixin.py:137} INFO - [2023-04-28T11:24:54.707+0000] {dag.py:3456} INFO - Setting next_dagrun for dataset_consumes_1_and_2 to None, run_after=None
[2023-04-28T11:24:54.709+0000] {logging_mixin.py:137} INFO - [2023-04-28T11:24:54.709+0000] {dag.py:3456} INFO - Setting next_dagrun for dataset_consumes_1_never_scheduled to None, run_after=None
[2023-04-28T11:24:54.711+0000] {logging_mixin.py:137} INFO - [2023-04-28T11:24:54.711+0000] {dag.py:3456} INFO - Setting next_dagrun for dataset_consumes_unknown_never_scheduled to None, run_after=None
[2023-04-28T11:24:54.716+0000] {logging_mixin.py:137} INFO - [2023-04-28T11:24:54.716+0000] {dag.py:3456} INFO - Setting next_dagrun for dataset_produces_1 to 2023-04-27T00:00:00+00:00, run_after=2023-04-28T00:00:00+00:00
[2023-04-28T11:24:54.718+0000] {logging_mixin.py:137} INFO - [2023-04-28T11:24:54.718+0000] {dag.py:3456} INFO - Setting next_dagrun for dataset_produces_2 to None, run_after=None
[2023-04-28T11:24:54.755+0000] {processor.py:175} INFO - Processing /home/airflow/.local/lib/python3.7/site-packages/airflow/example_dags/example_datasets.py took 0.212 seconds
[2023-04-28T11:25:25.219+0000] {processor.py:153} INFO - Started process (PID=704) to work on /home/airflow/.local/lib/python3.7/site-packages/airflow/example_dags/example_datasets.py
[2023-04-28T11:25:25.221+0000] {processor.py:743} INFO - Processing file /home/airflow/.local/lib/python3.7/site-packages/airflow/example_dags/example_datasets.py for tasks to queue
[2023-04-28T11:25:25.223+0000] {logging_mixin.py:137} INFO - [2023-04-28T11:25:25.222+0000] {dagbag.py:532} INFO - Filling up the DagBag from /home/airflow/.local/lib/python3.7/site-packages/airflow/example_dags/example_datasets.py
[2023-04-28T11:25:25.245+0000] {processor.py:753} INFO - DAG(s) dict_keys(['dataset_consumes_unknown_never_scheduled', 'dataset_consumes_1_and_2', 'dataset_consumes_1_never_scheduled', 'dataset_produces_1', 'dataset_produces_2', 'dataset_consumes_1']) retrieved from /home/airflow/.local/lib/python3.7/site-packages/airflow/example_dags/example_datasets.py
[2023-04-28T11:25:25.295+0000] {logging_mixin.py:137} INFO - [2023-04-28T11:25:25.295+0000] {dag.py:2705} INFO - Sync 6 DAGs
[2023-04-28T11:25:25.325+0000] {logging_mixin.py:137} INFO - [2023-04-28T11:25:25.325+0000] {dag.py:3456} INFO - Setting next_dagrun for dataset_consumes_1 to None, run_after=None
[2023-04-28T11:25:25.329+0000] {logging_mixin.py:137} INFO - [2023-04-28T11:25:25.329+0000] {dag.py:3456} INFO - Setting next_dagrun for dataset_consumes_1_and_2 to None, run_after=None
[2023-04-28T11:25:25.332+0000] {logging_mixin.py:137} INFO - [2023-04-28T11:25:25.332+0000] {dag.py:3456} INFO - Setting next_dagrun for dataset_consumes_1_never_scheduled to None, run_after=None
[2023-04-28T11:25:25.334+0000] {logging_mixin.py:137} INFO - [2023-04-28T11:25:25.334+0000] {dag.py:3456} INFO - Setting next_dagrun for dataset_consumes_unknown_never_scheduled to None, run_after=None
[2023-04-28T11:25:25.338+0000] {logging_mixin.py:137} INFO - [2023-04-28T11:25:25.338+0000] {dag.py:3456} INFO - Setting next_dagrun for dataset_produces_1 to 2023-04-27T00:00:00+00:00, run_after=2023-04-28T00:00:00+00:00
[2023-04-28T11:25:25.340+0000] {logging_mixin.py:137} INFO - [2023-04-28T11:25:25.340+0000] {dag.py:3456} INFO - Setting next_dagrun for dataset_produces_2 to None, run_after=None
[2023-04-28T11:25:25.376+0000] {processor.py:175} INFO - Processing /home/airflow/.local/lib/python3.7/site-packages/airflow/example_dags/example_datasets.py took 0.163 seconds
[2023-04-28T11:25:57.141+0000] {processor.py:153} INFO - Started process (PID=922) to work on /home/airflow/.local/lib/python3.7/site-packages/airflow/example_dags/example_datasets.py
[2023-04-28T11:25:57.146+0000] {processor.py:743} INFO - Processing file /home/airflow/.local/lib/python3.7/site-packages/airflow/example_dags/example_datasets.py for tasks to queue
[2023-04-28T11:25:57.149+0000] {logging_mixin.py:137} INFO - [2023-04-28T11:25:57.149+0000] {dagbag.py:532} INFO - Filling up the DagBag from /home/airflow/.local/lib/python3.7/site-packages/airflow/example_dags/example_datasets.py
[2023-04-28T11:25:57.196+0000] {processor.py:753} INFO - DAG(s) dict_keys(['dataset_consumes_1', 'dataset_consumes_unknown_never_scheduled', 'dataset_produces_1', 'dataset_produces_2', 'dataset_consumes_1_never_scheduled', 'dataset_consumes_1_and_2']) retrieved from /home/airflow/.local/lib/python3.7/site-packages/airflow/example_dags/example_datasets.py
[2023-04-28T11:25:57.302+0000] {logging_mixin.py:137} INFO - [2023-04-28T11:25:57.302+0000] {dag.py:2705} INFO - Sync 6 DAGs
[2023-04-28T11:25:57.351+0000] {logging_mixin.py:137} INFO - [2023-04-28T11:25:57.351+0000] {dag.py:3456} INFO - Setting next_dagrun for dataset_consumes_1 to None, run_after=None
[2023-04-28T11:25:57.359+0000] {logging_mixin.py:137} INFO - [2023-04-28T11:25:57.359+0000] {dag.py:3456} INFO - Setting next_dagrun for dataset_consumes_1_and_2 to None, run_after=None
[2023-04-28T11:25:57.364+0000] {logging_mixin.py:137} INFO - [2023-04-28T11:25:57.363+0000] {dag.py:3456} INFO - Setting next_dagrun for dataset_consumes_1_never_scheduled to None, run_after=None
[2023-04-28T11:25:57.366+0000] {logging_mixin.py:137} INFO - [2023-04-28T11:25:57.366+0000] {dag.py:3456} INFO - Setting next_dagrun for dataset_consumes_unknown_never_scheduled to None, run_after=None
[2023-04-28T11:25:57.376+0000] {logging_mixin.py:137} INFO - [2023-04-28T11:25:57.375+0000] {dag.py:3456} INFO - Setting next_dagrun for dataset_produces_1 to 2023-04-27T00:00:00+00:00, run_after=2023-04-28T00:00:00+00:00
[2023-04-28T11:25:57.382+0000] {logging_mixin.py:137} INFO - [2023-04-28T11:25:57.382+0000] {dag.py:3456} INFO - Setting next_dagrun for dataset_produces_2 to None, run_after=None
[2023-04-28T11:25:57.509+0000] {processor.py:175} INFO - Processing /home/airflow/.local/lib/python3.7/site-packages/airflow/example_dags/example_datasets.py took 0.378 seconds
[2023-04-28T11:26:27.616+0000] {processor.py:153} INFO - Started process (PID=1140) to work on /home/airflow/.local/lib/python3.7/site-packages/airflow/example_dags/example_datasets.py
[2023-04-28T11:26:27.618+0000] {processor.py:743} INFO - Processing file /home/airflow/.local/lib/python3.7/site-packages/airflow/example_dags/example_datasets.py for tasks to queue
[2023-04-28T11:26:27.620+0000] {logging_mixin.py:137} INFO - [2023-04-28T11:26:27.620+0000] {dagbag.py:532} INFO - Filling up the DagBag from /home/airflow/.local/lib/python3.7/site-packages/airflow/example_dags/example_datasets.py
[2023-04-28T11:26:27.638+0000] {processor.py:753} INFO - DAG(s) dict_keys(['dataset_consumes_1', 'dataset_consumes_1_never_scheduled', 'dataset_consumes_unknown_never_scheduled', 'dataset_consumes_1_and_2', 'dataset_produces_2', 'dataset_produces_1']) retrieved from /home/airflow/.local/lib/python3.7/site-packages/airflow/example_dags/example_datasets.py
[2023-04-28T11:26:27.689+0000] {logging_mixin.py:137} INFO - [2023-04-28T11:26:27.689+0000] {dag.py:2705} INFO - Sync 6 DAGs
[2023-04-28T11:26:27.720+0000] {logging_mixin.py:137} INFO - [2023-04-28T11:26:27.720+0000] {dag.py:3456} INFO - Setting next_dagrun for dataset_consumes_1 to None, run_after=None
[2023-04-28T11:26:27.725+0000] {logging_mixin.py:137} INFO - [2023-04-28T11:26:27.725+0000] {dag.py:3456} INFO - Setting next_dagrun for dataset_consumes_1_and_2 to None, run_after=None
[2023-04-28T11:26:27.727+0000] {logging_mixin.py:137} INFO - [2023-04-28T11:26:27.727+0000] {dag.py:3456} INFO - Setting next_dagrun for dataset_consumes_1_never_scheduled to None, run_after=None
[2023-04-28T11:26:27.729+0000] {logging_mixin.py:137} INFO - [2023-04-28T11:26:27.729+0000] {dag.py:3456} INFO - Setting next_dagrun for dataset_consumes_unknown_never_scheduled to None, run_after=None
[2023-04-28T11:26:27.732+0000] {logging_mixin.py:137} INFO - [2023-04-28T11:26:27.732+0000] {dag.py:3456} INFO - Setting next_dagrun for dataset_produces_1 to 2023-04-27T00:00:00+00:00, run_after=2023-04-28T00:00:00+00:00
[2023-04-28T11:26:27.734+0000] {logging_mixin.py:137} INFO - [2023-04-28T11:26:27.734+0000] {dag.py:3456} INFO - Setting next_dagrun for dataset_produces_2 to None, run_after=None
[2023-04-28T11:26:27.769+0000] {processor.py:175} INFO - Processing /home/airflow/.local/lib/python3.7/site-packages/airflow/example_dags/example_datasets.py took 0.158 seconds
[2023-04-28T11:26:58.792+0000] {processor.py:153} INFO - Started process (PID=1358) to work on /home/airflow/.local/lib/python3.7/site-packages/airflow/example_dags/example_datasets.py
[2023-04-28T11:26:58.797+0000] {processor.py:743} INFO - Processing file /home/airflow/.local/lib/python3.7/site-packages/airflow/example_dags/example_datasets.py for tasks to queue
[2023-04-28T11:26:58.801+0000] {logging_mixin.py:137} INFO - [2023-04-28T11:26:58.800+0000] {dagbag.py:532} INFO - Filling up the DagBag from /home/airflow/.local/lib/python3.7/site-packages/airflow/example_dags/example_datasets.py
[2023-04-28T11:26:58.833+0000] {processor.py:753} INFO - DAG(s) dict_keys(['dataset_consumes_unknown_never_scheduled', 'dataset_produces_2', 'dataset_consumes_1_and_2', 'dataset_consumes_1', 'dataset_consumes_1_never_scheduled', 'dataset_produces_1']) retrieved from /home/airflow/.local/lib/python3.7/site-packages/airflow/example_dags/example_datasets.py
[2023-04-28T11:26:58.929+0000] {logging_mixin.py:137} INFO - [2023-04-28T11:26:58.929+0000] {dag.py:2705} INFO - Sync 6 DAGs
[2023-04-28T11:26:58.985+0000] {logging_mixin.py:137} INFO - [2023-04-28T11:26:58.985+0000] {dag.py:3456} INFO - Setting next_dagrun for dataset_consumes_1 to None, run_after=None
[2023-04-28T11:26:58.994+0000] {logging_mixin.py:137} INFO - [2023-04-28T11:26:58.994+0000] {dag.py:3456} INFO - Setting next_dagrun for dataset_consumes_1_and_2 to None, run_after=None
[2023-04-28T11:26:58.998+0000] {logging_mixin.py:137} INFO - [2023-04-28T11:26:58.998+0000] {dag.py:3456} INFO - Setting next_dagrun for dataset_consumes_1_never_scheduled to None, run_after=None
[2023-04-28T11:26:59.002+0000] {logging_mixin.py:137} INFO - [2023-04-28T11:26:59.002+0000] {dag.py:3456} INFO - Setting next_dagrun for dataset_consumes_unknown_never_scheduled to None, run_after=None
[2023-04-28T11:26:59.008+0000] {logging_mixin.py:137} INFO - [2023-04-28T11:26:59.007+0000] {dag.py:3456} INFO - Setting next_dagrun for dataset_produces_1 to 2023-04-27T00:00:00+00:00, run_after=2023-04-28T00:00:00+00:00
[2023-04-28T11:26:59.012+0000] {logging_mixin.py:137} INFO - [2023-04-28T11:26:59.012+0000] {dag.py:3456} INFO - Setting next_dagrun for dataset_produces_2 to None, run_after=None
[2023-04-28T11:26:59.078+0000] {processor.py:175} INFO - Processing /home/airflow/.local/lib/python3.7/site-packages/airflow/example_dags/example_datasets.py took 0.294 seconds
[2023-04-28T11:27:29.181+0000] {processor.py:153} INFO - Started process (PID=1578) to work on /home/airflow/.local/lib/python3.7/site-packages/airflow/example_dags/example_datasets.py
[2023-04-28T11:27:29.183+0000] {processor.py:743} INFO - Processing file /home/airflow/.local/lib/python3.7/site-packages/airflow/example_dags/example_datasets.py for tasks to queue
[2023-04-28T11:27:29.186+0000] {logging_mixin.py:137} INFO - [2023-04-28T11:27:29.185+0000] {dagbag.py:532} INFO - Filling up the DagBag from /home/airflow/.local/lib/python3.7/site-packages/airflow/example_dags/example_datasets.py
[2023-04-28T11:27:29.205+0000] {processor.py:753} INFO - DAG(s) dict_keys(['dataset_consumes_1_and_2', 'dataset_produces_1', 'dataset_consumes_1', 'dataset_consumes_unknown_never_scheduled', 'dataset_produces_2', 'dataset_consumes_1_never_scheduled']) retrieved from /home/airflow/.local/lib/python3.7/site-packages/airflow/example_dags/example_datasets.py
[2023-04-28T11:27:29.252+0000] {logging_mixin.py:137} INFO - [2023-04-28T11:27:29.252+0000] {dag.py:2705} INFO - Sync 6 DAGs
[2023-04-28T11:27:29.282+0000] {logging_mixin.py:137} INFO - [2023-04-28T11:27:29.282+0000] {dag.py:3456} INFO - Setting next_dagrun for dataset_consumes_1 to None, run_after=None
[2023-04-28T11:27:29.287+0000] {logging_mixin.py:137} INFO - [2023-04-28T11:27:29.287+0000] {dag.py:3456} INFO - Setting next_dagrun for dataset_consumes_1_and_2 to None, run_after=None
[2023-04-28T11:27:29.290+0000] {logging_mixin.py:137} INFO - [2023-04-28T11:27:29.290+0000] {dag.py:3456} INFO - Setting next_dagrun for dataset_consumes_1_never_scheduled to None, run_after=None
[2023-04-28T11:27:29.292+0000] {logging_mixin.py:137} INFO - [2023-04-28T11:27:29.292+0000] {dag.py:3456} INFO - Setting next_dagrun for dataset_consumes_unknown_never_scheduled to None, run_after=None
[2023-04-28T11:27:29.297+0000] {logging_mixin.py:137} INFO - [2023-04-28T11:27:29.297+0000] {dag.py:3456} INFO - Setting next_dagrun for dataset_produces_1 to 2023-04-27T00:00:00+00:00, run_after=2023-04-28T00:00:00+00:00
[2023-04-28T11:27:29.300+0000] {logging_mixin.py:137} INFO - [2023-04-28T11:27:29.299+0000] {dag.py:3456} INFO - Setting next_dagrun for dataset_produces_2 to None, run_after=None
[2023-04-28T11:27:29.338+0000] {processor.py:175} INFO - Processing /home/airflow/.local/lib/python3.7/site-packages/airflow/example_dags/example_datasets.py took 0.161 seconds
[2023-04-28T11:28:00.194+0000] {processor.py:153} INFO - Started process (PID=1794) to work on /home/airflow/.local/lib/python3.7/site-packages/airflow/example_dags/example_datasets.py
[2023-04-28T11:28:00.198+0000] {processor.py:743} INFO - Processing file /home/airflow/.local/lib/python3.7/site-packages/airflow/example_dags/example_datasets.py for tasks to queue
[2023-04-28T11:28:00.201+0000] {logging_mixin.py:137} INFO - [2023-04-28T11:28:00.200+0000] {dagbag.py:532} INFO - Filling up the DagBag from /home/airflow/.local/lib/python3.7/site-packages/airflow/example_dags/example_datasets.py
[2023-04-28T11:28:00.233+0000] {processor.py:753} INFO - DAG(s) dict_keys(['dataset_consumes_1', 'dataset_produces_2', 'dataset_consumes_1_never_scheduled', 'dataset_produces_1', 'dataset_consumes_1_and_2', 'dataset_consumes_unknown_never_scheduled']) retrieved from /home/airflow/.local/lib/python3.7/site-packages/airflow/example_dags/example_datasets.py
[2023-04-28T11:28:00.328+0000] {logging_mixin.py:137} INFO - [2023-04-28T11:28:00.327+0000] {dag.py:2705} INFO - Sync 6 DAGs
[2023-04-28T11:28:00.380+0000] {logging_mixin.py:137} INFO - [2023-04-28T11:28:00.380+0000] {dag.py:3456} INFO - Setting next_dagrun for dataset_consumes_1 to None, run_after=None
[2023-04-28T11:28:00.387+0000] {logging_mixin.py:137} INFO - [2023-04-28T11:28:00.387+0000] {dag.py:3456} INFO - Setting next_dagrun for dataset_consumes_1_and_2 to None, run_after=None
[2023-04-28T11:28:00.392+0000] {logging_mixin.py:137} INFO - [2023-04-28T11:28:00.392+0000] {dag.py:3456} INFO - Setting next_dagrun for dataset_consumes_1_never_scheduled to None, run_after=None
[2023-04-28T11:28:00.396+0000] {logging_mixin.py:137} INFO - [2023-04-28T11:28:00.396+0000] {dag.py:3456} INFO - Setting next_dagrun for dataset_consumes_unknown_never_scheduled to None, run_after=None
[2023-04-28T11:28:00.401+0000] {logging_mixin.py:137} INFO - [2023-04-28T11:28:00.401+0000] {dag.py:3456} INFO - Setting next_dagrun for dataset_produces_1 to 2023-04-27T00:00:00+00:00, run_after=2023-04-28T00:00:00+00:00
[2023-04-28T11:28:00.406+0000] {logging_mixin.py:137} INFO - [2023-04-28T11:28:00.405+0000] {dag.py:3456} INFO - Setting next_dagrun for dataset_produces_2 to None, run_after=None
[2023-04-28T11:28:00.457+0000] {processor.py:175} INFO - Processing /home/airflow/.local/lib/python3.7/site-packages/airflow/example_dags/example_datasets.py took 0.272 seconds
[2023-04-28T11:28:30.794+0000] {processor.py:153} INFO - Started process (PID=2012) to work on /home/airflow/.local/lib/python3.7/site-packages/airflow/example_dags/example_datasets.py
[2023-04-28T11:28:30.797+0000] {processor.py:743} INFO - Processing file /home/airflow/.local/lib/python3.7/site-packages/airflow/example_dags/example_datasets.py for tasks to queue
[2023-04-28T11:28:30.800+0000] {logging_mixin.py:137} INFO - [2023-04-28T11:28:30.799+0000] {dagbag.py:532} INFO - Filling up the DagBag from /home/airflow/.local/lib/python3.7/site-packages/airflow/example_dags/example_datasets.py
[2023-04-28T11:28:30.830+0000] {processor.py:753} INFO - DAG(s) dict_keys(['dataset_consumes_1_and_2', 'dataset_consumes_1_never_scheduled', 'dataset_consumes_1', 'dataset_consumes_unknown_never_scheduled', 'dataset_produces_1', 'dataset_produces_2']) retrieved from /home/airflow/.local/lib/python3.7/site-packages/airflow/example_dags/example_datasets.py
[2023-04-28T11:28:30.903+0000] {logging_mixin.py:137} INFO - [2023-04-28T11:28:30.903+0000] {dag.py:2705} INFO - Sync 6 DAGs
[2023-04-28T11:28:30.952+0000] {logging_mixin.py:137} INFO - [2023-04-28T11:28:30.952+0000] {dag.py:3456} INFO - Setting next_dagrun for dataset_consumes_1 to None, run_after=None
[2023-04-28T11:28:30.961+0000] {logging_mixin.py:137} INFO - [2023-04-28T11:28:30.961+0000] {dag.py:3456} INFO - Setting next_dagrun for dataset_consumes_1_and_2 to None, run_after=None
[2023-04-28T11:28:30.964+0000] {logging_mixin.py:137} INFO - [2023-04-28T11:28:30.964+0000] {dag.py:3456} INFO - Setting next_dagrun for dataset_consumes_1_never_scheduled to None, run_after=None
[2023-04-28T11:28:30.967+0000] {logging_mixin.py:137} INFO - [2023-04-28T11:28:30.967+0000] {dag.py:3456} INFO - Setting next_dagrun for dataset_consumes_unknown_never_scheduled to None, run_after=None
[2023-04-28T11:28:30.975+0000] {logging_mixin.py:137} INFO - [2023-04-28T11:28:30.975+0000] {dag.py:3456} INFO - Setting next_dagrun for dataset_produces_1 to 2023-04-27T00:00:00+00:00, run_after=2023-04-28T00:00:00+00:00
[2023-04-28T11:28:30.979+0000] {logging_mixin.py:137} INFO - [2023-04-28T11:28:30.979+0000] {dag.py:3456} INFO - Setting next_dagrun for dataset_produces_2 to None, run_after=None
[2023-04-28T11:28:31.034+0000] {processor.py:175} INFO - Processing /home/airflow/.local/lib/python3.7/site-packages/airflow/example_dags/example_datasets.py took 0.246 seconds
[2023-04-28T11:29:01.729+0000] {processor.py:153} INFO - Started process (PID=2230) to work on /home/airflow/.local/lib/python3.7/site-packages/airflow/example_dags/example_datasets.py
[2023-04-28T11:29:01.731+0000] {processor.py:743} INFO - Processing file /home/airflow/.local/lib/python3.7/site-packages/airflow/example_dags/example_datasets.py for tasks to queue
[2023-04-28T11:29:01.734+0000] {logging_mixin.py:137} INFO - [2023-04-28T11:29:01.733+0000] {dagbag.py:532} INFO - Filling up the DagBag from /home/airflow/.local/lib/python3.7/site-packages/airflow/example_dags/example_datasets.py
[2023-04-28T11:29:01.760+0000] {processor.py:753} INFO - DAG(s) dict_keys(['dataset_produces_1', 'dataset_consumes_unknown_never_scheduled', 'dataset_consumes_1_and_2', 'dataset_produces_2', 'dataset_consumes_1', 'dataset_consumes_1_never_scheduled']) retrieved from /home/airflow/.local/lib/python3.7/site-packages/airflow/example_dags/example_datasets.py
[2023-04-28T11:29:01.820+0000] {logging_mixin.py:137} INFO - [2023-04-28T11:29:01.819+0000] {dag.py:2705} INFO - Sync 6 DAGs
[2023-04-28T11:29:01.857+0000] {logging_mixin.py:137} INFO - [2023-04-28T11:29:01.856+0000] {dag.py:3456} INFO - Setting next_dagrun for dataset_consumes_1 to None, run_after=None
[2023-04-28T11:29:01.862+0000] {logging_mixin.py:137} INFO - [2023-04-28T11:29:01.862+0000] {dag.py:3456} INFO - Setting next_dagrun for dataset_consumes_1_and_2 to None, run_after=None
[2023-04-28T11:29:01.864+0000] {logging_mixin.py:137} INFO - [2023-04-28T11:29:01.864+0000] {dag.py:3456} INFO - Setting next_dagrun for dataset_consumes_1_never_scheduled to None, run_after=None
[2023-04-28T11:29:01.867+0000] {logging_mixin.py:137} INFO - [2023-04-28T11:29:01.866+0000] {dag.py:3456} INFO - Setting next_dagrun for dataset_consumes_unknown_never_scheduled to None, run_after=None
[2023-04-28T11:29:01.871+0000] {logging_mixin.py:137} INFO - [2023-04-28T11:29:01.871+0000] {dag.py:3456} INFO - Setting next_dagrun for dataset_produces_1 to 2023-04-27T00:00:00+00:00, run_after=2023-04-28T00:00:00+00:00
[2023-04-28T11:29:01.874+0000] {logging_mixin.py:137} INFO - [2023-04-28T11:29:01.874+0000] {dag.py:3456} INFO - Setting next_dagrun for dataset_produces_2 to None, run_after=None
[2023-04-28T11:29:01.918+0000] {processor.py:175} INFO - Processing /home/airflow/.local/lib/python3.7/site-packages/airflow/example_dags/example_datasets.py took 0.194 seconds
[2023-04-28T11:29:32.130+0000] {processor.py:153} INFO - Started process (PID=2449) to work on /home/airflow/.local/lib/python3.7/site-packages/airflow/example_dags/example_datasets.py
[2023-04-28T11:29:32.133+0000] {processor.py:743} INFO - Processing file /home/airflow/.local/lib/python3.7/site-packages/airflow/example_dags/example_datasets.py for tasks to queue
[2023-04-28T11:29:32.135+0000] {logging_mixin.py:137} INFO - [2023-04-28T11:29:32.135+0000] {dagbag.py:532} INFO - Filling up the DagBag from /home/airflow/.local/lib/python3.7/site-packages/airflow/example_dags/example_datasets.py
[2023-04-28T11:29:32.159+0000] {processor.py:753} INFO - DAG(s) dict_keys(['dataset_consumes_1_never_scheduled', 'dataset_produces_1', 'dataset_consumes_1_and_2', 'dataset_consumes_unknown_never_scheduled', 'dataset_consumes_1', 'dataset_produces_2']) retrieved from /home/airflow/.local/lib/python3.7/site-packages/airflow/example_dags/example_datasets.py
[2023-04-28T11:29:32.212+0000] {logging_mixin.py:137} INFO - [2023-04-28T11:29:32.212+0000] {dag.py:2705} INFO - Sync 6 DAGs
[2023-04-28T11:29:32.242+0000] {logging_mixin.py:137} INFO - [2023-04-28T11:29:32.242+0000] {dag.py:3456} INFO - Setting next_dagrun for dataset_consumes_1 to None, run_after=None
[2023-04-28T11:29:32.247+0000] {logging_mixin.py:137} INFO - [2023-04-28T11:29:32.247+0000] {dag.py:3456} INFO - Setting next_dagrun for dataset_consumes_1_and_2 to None, run_after=None
[2023-04-28T11:29:32.249+0000] {logging_mixin.py:137} INFO - [2023-04-28T11:29:32.249+0000] {dag.py:3456} INFO - Setting next_dagrun for dataset_consumes_1_never_scheduled to None, run_after=None
[2023-04-28T11:29:32.251+0000] {logging_mixin.py:137} INFO - [2023-04-28T11:29:32.251+0000] {dag.py:3456} INFO - Setting next_dagrun for dataset_consumes_unknown_never_scheduled to None, run_after=None
[2023-04-28T11:29:32.255+0000] {logging_mixin.py:137} INFO - [2023-04-28T11:29:32.254+0000] {dag.py:3456} INFO - Setting next_dagrun for dataset_produces_1 to 2023-04-27T00:00:00+00:00, run_after=2023-04-28T00:00:00+00:00
[2023-04-28T11:29:32.257+0000] {logging_mixin.py:137} INFO - [2023-04-28T11:29:32.257+0000] {dag.py:3456} INFO - Setting next_dagrun for dataset_produces_2 to None, run_after=None
[2023-04-28T11:29:32.295+0000] {processor.py:175} INFO - Processing /home/airflow/.local/lib/python3.7/site-packages/airflow/example_dags/example_datasets.py took 0.168 seconds
[2023-04-28T11:30:03.282+0000] {processor.py:153} INFO - Started process (PID=2668) to work on /home/airflow/.local/lib/python3.7/site-packages/airflow/example_dags/example_datasets.py
[2023-04-28T11:30:03.286+0000] {processor.py:743} INFO - Processing file /home/airflow/.local/lib/python3.7/site-packages/airflow/example_dags/example_datasets.py for tasks to queue
[2023-04-28T11:30:03.288+0000] {logging_mixin.py:137} INFO - [2023-04-28T11:30:03.288+0000] {dagbag.py:532} INFO - Filling up the DagBag from /home/airflow/.local/lib/python3.7/site-packages/airflow/example_dags/example_datasets.py
[2023-04-28T11:30:03.311+0000] {processor.py:753} INFO - DAG(s) dict_keys(['dataset_consumes_1_never_scheduled', 'dataset_consumes_1', 'dataset_consumes_1_and_2', 'dataset_produces_2', 'dataset_produces_1', 'dataset_consumes_unknown_never_scheduled']) retrieved from /home/airflow/.local/lib/python3.7/site-packages/airflow/example_dags/example_datasets.py
[2023-04-28T11:30:03.364+0000] {logging_mixin.py:137} INFO - [2023-04-28T11:30:03.364+0000] {dag.py:2705} INFO - Sync 6 DAGs
[2023-04-28T11:30:03.397+0000] {logging_mixin.py:137} INFO - [2023-04-28T11:30:03.397+0000] {dag.py:3456} INFO - Setting next_dagrun for dataset_consumes_1 to None, run_after=None
[2023-04-28T11:30:03.402+0000] {logging_mixin.py:137} INFO - [2023-04-28T11:30:03.402+0000] {dag.py:3456} INFO - Setting next_dagrun for dataset_consumes_1_and_2 to None, run_after=None
[2023-04-28T11:30:03.405+0000] {logging_mixin.py:137} INFO - [2023-04-28T11:30:03.405+0000] {dag.py:3456} INFO - Setting next_dagrun for dataset_consumes_1_never_scheduled to None, run_after=None
[2023-04-28T11:30:03.407+0000] {logging_mixin.py:137} INFO - [2023-04-28T11:30:03.407+0000] {dag.py:3456} INFO - Setting next_dagrun for dataset_consumes_unknown_never_scheduled to None, run_after=None
[2023-04-28T11:30:03.411+0000] {logging_mixin.py:137} INFO - [2023-04-28T11:30:03.411+0000] {dag.py:3456} INFO - Setting next_dagrun for dataset_produces_1 to 2023-04-27T00:00:00+00:00, run_after=2023-04-28T00:00:00+00:00
[2023-04-28T11:30:03.416+0000] {logging_mixin.py:137} INFO - [2023-04-28T11:30:03.415+0000] {dag.py:3456} INFO - Setting next_dagrun for dataset_produces_2 to None, run_after=None
[2023-04-28T11:30:03.458+0000] {processor.py:175} INFO - Processing /home/airflow/.local/lib/python3.7/site-packages/airflow/example_dags/example_datasets.py took 0.183 seconds
[2023-04-28T11:30:34.433+0000] {processor.py:153} INFO - Started process (PID=2886) to work on /home/airflow/.local/lib/python3.7/site-packages/airflow/example_dags/example_datasets.py
[2023-04-28T11:30:34.435+0000] {processor.py:743} INFO - Processing file /home/airflow/.local/lib/python3.7/site-packages/airflow/example_dags/example_datasets.py for tasks to queue
[2023-04-28T11:30:34.437+0000] {logging_mixin.py:137} INFO - [2023-04-28T11:30:34.437+0000] {dagbag.py:532} INFO - Filling up the DagBag from /home/airflow/.local/lib/python3.7/site-packages/airflow/example_dags/example_datasets.py
[2023-04-28T11:30:34.458+0000] {processor.py:753} INFO - DAG(s) dict_keys(['dataset_produces_2', 'dataset_consumes_1_never_scheduled', 'dataset_produces_1', 'dataset_consumes_1', 'dataset_consumes_1_and_2', 'dataset_consumes_unknown_never_scheduled']) retrieved from /home/airflow/.local/lib/python3.7/site-packages/airflow/example_dags/example_datasets.py
[2023-04-28T11:30:34.507+0000] {logging_mixin.py:137} INFO - [2023-04-28T11:30:34.507+0000] {dag.py:2705} INFO - Sync 6 DAGs
[2023-04-28T11:30:34.539+0000] {logging_mixin.py:137} INFO - [2023-04-28T11:30:34.539+0000] {dag.py:3456} INFO - Setting next_dagrun for dataset_consumes_1 to None, run_after=None
[2023-04-28T11:30:34.544+0000] {logging_mixin.py:137} INFO - [2023-04-28T11:30:34.544+0000] {dag.py:3456} INFO - Setting next_dagrun for dataset_consumes_1_and_2 to None, run_after=None
[2023-04-28T11:30:34.547+0000] {logging_mixin.py:137} INFO - [2023-04-28T11:30:34.546+0000] {dag.py:3456} INFO - Setting next_dagrun for dataset_consumes_1_never_scheduled to None, run_after=None
[2023-04-28T11:30:34.549+0000] {logging_mixin.py:137} INFO - [2023-04-28T11:30:34.548+0000] {dag.py:3456} INFO - Setting next_dagrun for dataset_consumes_unknown_never_scheduled to None, run_after=None
[2023-04-28T11:30:34.552+0000] {logging_mixin.py:137} INFO - [2023-04-28T11:30:34.552+0000] {dag.py:3456} INFO - Setting next_dagrun for dataset_produces_1 to 2023-04-27T00:00:00+00:00, run_after=2023-04-28T00:00:00+00:00
[2023-04-28T11:30:34.554+0000] {logging_mixin.py:137} INFO - [2023-04-28T11:30:34.554+0000] {dag.py:3456} INFO - Setting next_dagrun for dataset_produces_2 to None, run_after=None
[2023-04-28T11:30:34.592+0000] {processor.py:175} INFO - Processing /home/airflow/.local/lib/python3.7/site-packages/airflow/example_dags/example_datasets.py took 0.163 seconds
[2023-04-28T11:31:04.832+0000] {processor.py:153} INFO - Started process (PID=3104) to work on /home/airflow/.local/lib/python3.7/site-packages/airflow/example_dags/example_datasets.py
[2023-04-28T11:31:04.834+0000] {processor.py:743} INFO - Processing file /home/airflow/.local/lib/python3.7/site-packages/airflow/example_dags/example_datasets.py for tasks to queue
[2023-04-28T11:31:04.836+0000] {logging_mixin.py:137} INFO - [2023-04-28T11:31:04.835+0000] {dagbag.py:532} INFO - Filling up the DagBag from /home/airflow/.local/lib/python3.7/site-packages/airflow/example_dags/example_datasets.py
[2023-04-28T11:31:04.859+0000] {processor.py:753} INFO - DAG(s) dict_keys(['dataset_produces_1', 'dataset_consumes_1_never_scheduled', 'dataset_consumes_1', 'dataset_produces_2', 'dataset_consumes_unknown_never_scheduled', 'dataset_consumes_1_and_2']) retrieved from /home/airflow/.local/lib/python3.7/site-packages/airflow/example_dags/example_datasets.py
[2023-04-28T11:31:04.926+0000] {logging_mixin.py:137} INFO - [2023-04-28T11:31:04.926+0000] {dag.py:2705} INFO - Sync 6 DAGs
[2023-04-28T11:31:04.969+0000] {logging_mixin.py:137} INFO - [2023-04-28T11:31:04.969+0000] {dag.py:3456} INFO - Setting next_dagrun for dataset_consumes_1 to None, run_after=None
[2023-04-28T11:31:04.976+0000] {logging_mixin.py:137} INFO - [2023-04-28T11:31:04.976+0000] {dag.py:3456} INFO - Setting next_dagrun for dataset_consumes_1_and_2 to None, run_after=None
[2023-04-28T11:31:04.981+0000] {logging_mixin.py:137} INFO - [2023-04-28T11:31:04.981+0000] {dag.py:3456} INFO - Setting next_dagrun for dataset_consumes_1_never_scheduled to None, run_after=None
[2023-04-28T11:31:04.984+0000] {logging_mixin.py:137} INFO - [2023-04-28T11:31:04.984+0000] {dag.py:3456} INFO - Setting next_dagrun for dataset_consumes_unknown_never_scheduled to None, run_after=None
[2023-04-28T11:31:04.988+0000] {logging_mixin.py:137} INFO - [2023-04-28T11:31:04.988+0000] {dag.py:3456} INFO - Setting next_dagrun for dataset_produces_1 to 2023-04-27T00:00:00+00:00, run_after=2023-04-28T00:00:00+00:00
[2023-04-28T11:31:04.991+0000] {logging_mixin.py:137} INFO - [2023-04-28T11:31:04.991+0000] {dag.py:3456} INFO - Setting next_dagrun for dataset_produces_2 to None, run_after=None
[2023-04-28T11:31:05.042+0000] {processor.py:175} INFO - Processing /home/airflow/.local/lib/python3.7/site-packages/airflow/example_dags/example_datasets.py took 0.215 seconds
[2023-04-28T11:31:35.387+0000] {processor.py:153} INFO - Started process (PID=3321) to work on /home/airflow/.local/lib/python3.7/site-packages/airflow/example_dags/example_datasets.py
[2023-04-28T11:31:35.389+0000] {processor.py:743} INFO - Processing file /home/airflow/.local/lib/python3.7/site-packages/airflow/example_dags/example_datasets.py for tasks to queue
[2023-04-28T11:31:35.391+0000] {logging_mixin.py:137} INFO - [2023-04-28T11:31:35.390+0000] {dagbag.py:532} INFO - Filling up the DagBag from /home/airflow/.local/lib/python3.7/site-packages/airflow/example_dags/example_datasets.py
[2023-04-28T11:31:35.411+0000] {processor.py:753} INFO - DAG(s) dict_keys(['dataset_produces_2', 'dataset_consumes_unknown_never_scheduled', 'dataset_produces_1', 'dataset_consumes_1_never_scheduled', 'dataset_consumes_1_and_2', 'dataset_consumes_1']) retrieved from /home/airflow/.local/lib/python3.7/site-packages/airflow/example_dags/example_datasets.py
[2023-04-28T11:31:35.461+0000] {logging_mixin.py:137} INFO - [2023-04-28T11:31:35.461+0000] {dag.py:2705} INFO - Sync 6 DAGs
[2023-04-28T11:31:35.492+0000] {logging_mixin.py:137} INFO - [2023-04-28T11:31:35.492+0000] {dag.py:3456} INFO - Setting next_dagrun for dataset_consumes_1 to None, run_after=None
[2023-04-28T11:31:35.497+0000] {logging_mixin.py:137} INFO - [2023-04-28T11:31:35.497+0000] {dag.py:3456} INFO - Setting next_dagrun for dataset_consumes_1_and_2 to None, run_after=None
[2023-04-28T11:31:35.499+0000] {logging_mixin.py:137} INFO - [2023-04-28T11:31:35.499+0000] {dag.py:3456} INFO - Setting next_dagrun for dataset_consumes_1_never_scheduled to None, run_after=None
[2023-04-28T11:31:35.501+0000] {logging_mixin.py:137} INFO - [2023-04-28T11:31:35.501+0000] {dag.py:3456} INFO - Setting next_dagrun for dataset_consumes_unknown_never_scheduled to None, run_after=None
[2023-04-28T11:31:35.504+0000] {logging_mixin.py:137} INFO - [2023-04-28T11:31:35.504+0000] {dag.py:3456} INFO - Setting next_dagrun for dataset_produces_1 to 2023-04-27T00:00:00+00:00, run_after=2023-04-28T00:00:00+00:00
[2023-04-28T11:31:35.506+0000] {logging_mixin.py:137} INFO - [2023-04-28T11:31:35.506+0000] {dag.py:3456} INFO - Setting next_dagrun for dataset_produces_2 to None, run_after=None
[2023-04-28T11:31:35.543+0000] {processor.py:175} INFO - Processing /home/airflow/.local/lib/python3.7/site-packages/airflow/example_dags/example_datasets.py took 0.159 seconds
[2023-04-28T11:32:05.764+0000] {processor.py:153} INFO - Started process (PID=3539) to work on /home/airflow/.local/lib/python3.7/site-packages/airflow/example_dags/example_datasets.py
[2023-04-28T11:32:05.766+0000] {processor.py:743} INFO - Processing file /home/airflow/.local/lib/python3.7/site-packages/airflow/example_dags/example_datasets.py for tasks to queue
[2023-04-28T11:32:05.767+0000] {logging_mixin.py:137} INFO - [2023-04-28T11:32:05.767+0000] {dagbag.py:532} INFO - Filling up the DagBag from /home/airflow/.local/lib/python3.7/site-packages/airflow/example_dags/example_datasets.py
[2023-04-28T11:32:05.787+0000] {processor.py:753} INFO - DAG(s) dict_keys(['dataset_consumes_1', 'dataset_consumes_1_never_scheduled', 'dataset_produces_2', 'dataset_consumes_1_and_2', 'dataset_consumes_unknown_never_scheduled', 'dataset_produces_1']) retrieved from /home/airflow/.local/lib/python3.7/site-packages/airflow/example_dags/example_datasets.py
[2023-04-28T11:32:05.834+0000] {logging_mixin.py:137} INFO - [2023-04-28T11:32:05.834+0000] {dag.py:2705} INFO - Sync 6 DAGs
[2023-04-28T11:32:05.865+0000] {logging_mixin.py:137} INFO - [2023-04-28T11:32:05.865+0000] {dag.py:3456} INFO - Setting next_dagrun for dataset_consumes_1 to None, run_after=None
[2023-04-28T11:32:05.869+0000] {logging_mixin.py:137} INFO - [2023-04-28T11:32:05.869+0000] {dag.py:3456} INFO - Setting next_dagrun for dataset_consumes_1_and_2 to None, run_after=None
[2023-04-28T11:32:05.871+0000] {logging_mixin.py:137} INFO - [2023-04-28T11:32:05.871+0000] {dag.py:3456} INFO - Setting next_dagrun for dataset_consumes_1_never_scheduled to None, run_after=None
[2023-04-28T11:32:05.873+0000] {logging_mixin.py:137} INFO - [2023-04-28T11:32:05.873+0000] {dag.py:3456} INFO - Setting next_dagrun for dataset_consumes_unknown_never_scheduled to None, run_after=None
[2023-04-28T11:32:05.877+0000] {logging_mixin.py:137} INFO - [2023-04-28T11:32:05.877+0000] {dag.py:3456} INFO - Setting next_dagrun for dataset_produces_1 to 2023-04-27T00:00:00+00:00, run_after=2023-04-28T00:00:00+00:00
[2023-04-28T11:32:05.880+0000] {logging_mixin.py:137} INFO - [2023-04-28T11:32:05.879+0000] {dag.py:3456} INFO - Setting next_dagrun for dataset_produces_2 to None, run_after=None
[2023-04-28T11:32:05.916+0000] {processor.py:175} INFO - Processing /home/airflow/.local/lib/python3.7/site-packages/airflow/example_dags/example_datasets.py took 0.157 seconds
[2023-04-28T11:32:36.035+0000] {processor.py:153} INFO - Started process (PID=3757) to work on /home/airflow/.local/lib/python3.7/site-packages/airflow/example_dags/example_datasets.py
[2023-04-28T11:32:36.036+0000] {processor.py:743} INFO - Processing file /home/airflow/.local/lib/python3.7/site-packages/airflow/example_dags/example_datasets.py for tasks to queue
[2023-04-28T11:32:36.038+0000] {logging_mixin.py:137} INFO - [2023-04-28T11:32:36.038+0000] {dagbag.py:532} INFO - Filling up the DagBag from /home/airflow/.local/lib/python3.7/site-packages/airflow/example_dags/example_datasets.py
[2023-04-28T11:32:36.057+0000] {processor.py:753} INFO - DAG(s) dict_keys(['dataset_consumes_1_and_2', 'dataset_consumes_unknown_never_scheduled', 'dataset_produces_2', 'dataset_consumes_1_never_scheduled', 'dataset_produces_1', 'dataset_consumes_1']) retrieved from /home/airflow/.local/lib/python3.7/site-packages/airflow/example_dags/example_datasets.py
[2023-04-28T11:32:36.105+0000] {logging_mixin.py:137} INFO - [2023-04-28T11:32:36.104+0000] {dag.py:2705} INFO - Sync 6 DAGs
[2023-04-28T11:32:36.135+0000] {logging_mixin.py:137} INFO - [2023-04-28T11:32:36.134+0000] {dag.py:3456} INFO - Setting next_dagrun for dataset_consumes_1 to None, run_after=None
[2023-04-28T11:32:36.139+0000] {logging_mixin.py:137} INFO - [2023-04-28T11:32:36.139+0000] {dag.py:3456} INFO - Setting next_dagrun for dataset_consumes_1_and_2 to None, run_after=None
[2023-04-28T11:32:36.141+0000] {logging_mixin.py:137} INFO - [2023-04-28T11:32:36.141+0000] {dag.py:3456} INFO - Setting next_dagrun for dataset_consumes_1_never_scheduled to None, run_after=None
[2023-04-28T11:32:36.143+0000] {logging_mixin.py:137} INFO - [2023-04-28T11:32:36.143+0000] {dag.py:3456} INFO - Setting next_dagrun for dataset_consumes_unknown_never_scheduled to None, run_after=None
[2023-04-28T11:32:36.147+0000] {logging_mixin.py:137} INFO - [2023-04-28T11:32:36.147+0000] {dag.py:3456} INFO - Setting next_dagrun for dataset_produces_1 to 2023-04-27T00:00:00+00:00, run_after=2023-04-28T00:00:00+00:00
[2023-04-28T11:32:36.149+0000] {logging_mixin.py:137} INFO - [2023-04-28T11:32:36.149+0000] {dag.py:3456} INFO - Setting next_dagrun for dataset_produces_2 to None, run_after=None
[2023-04-28T11:32:36.185+0000] {processor.py:175} INFO - Processing /home/airflow/.local/lib/python3.7/site-packages/airflow/example_dags/example_datasets.py took 0.155 seconds
[2023-04-28T11:33:06.411+0000] {processor.py:153} INFO - Started process (PID=3975) to work on /home/airflow/.local/lib/python3.7/site-packages/airflow/example_dags/example_datasets.py
[2023-04-28T11:33:06.413+0000] {processor.py:743} INFO - Processing file /home/airflow/.local/lib/python3.7/site-packages/airflow/example_dags/example_datasets.py for tasks to queue
[2023-04-28T11:33:06.414+0000] {logging_mixin.py:137} INFO - [2023-04-28T11:33:06.414+0000] {dagbag.py:532} INFO - Filling up the DagBag from /home/airflow/.local/lib/python3.7/site-packages/airflow/example_dags/example_datasets.py
[2023-04-28T11:33:06.433+0000] {processor.py:753} INFO - DAG(s) dict_keys(['dataset_consumes_unknown_never_scheduled', 'dataset_produces_1', 'dataset_consumes_1', 'dataset_consumes_1_never_scheduled', 'dataset_consumes_1_and_2', 'dataset_produces_2']) retrieved from /home/airflow/.local/lib/python3.7/site-packages/airflow/example_dags/example_datasets.py
[2023-04-28T11:33:06.479+0000] {logging_mixin.py:137} INFO - [2023-04-28T11:33:06.479+0000] {dag.py:2705} INFO - Sync 6 DAGs
[2023-04-28T11:33:06.509+0000] {logging_mixin.py:137} INFO - [2023-04-28T11:33:06.509+0000] {dag.py:3456} INFO - Setting next_dagrun for dataset_consumes_1 to None, run_after=None
[2023-04-28T11:33:06.514+0000] {logging_mixin.py:137} INFO - [2023-04-28T11:33:06.514+0000] {dag.py:3456} INFO - Setting next_dagrun for dataset_consumes_1_and_2 to None, run_after=None
[2023-04-28T11:33:06.516+0000] {logging_mixin.py:137} INFO - [2023-04-28T11:33:06.516+0000] {dag.py:3456} INFO - Setting next_dagrun for dataset_consumes_1_never_scheduled to None, run_after=None
[2023-04-28T11:33:06.518+0000] {logging_mixin.py:137} INFO - [2023-04-28T11:33:06.518+0000] {dag.py:3456} INFO - Setting next_dagrun for dataset_consumes_unknown_never_scheduled to None, run_after=None
[2023-04-28T11:33:06.521+0000] {logging_mixin.py:137} INFO - [2023-04-28T11:33:06.521+0000] {dag.py:3456} INFO - Setting next_dagrun for dataset_produces_1 to 2023-04-27T00:00:00+00:00, run_after=2023-04-28T00:00:00+00:00
[2023-04-28T11:33:06.523+0000] {logging_mixin.py:137} INFO - [2023-04-28T11:33:06.523+0000] {dag.py:3456} INFO - Setting next_dagrun for dataset_produces_2 to None, run_after=None
[2023-04-28T11:33:06.560+0000] {processor.py:175} INFO - Processing /home/airflow/.local/lib/python3.7/site-packages/airflow/example_dags/example_datasets.py took 0.153 seconds
[2023-04-28T11:33:36.718+0000] {processor.py:153} INFO - Started process (PID=4193) to work on /home/airflow/.local/lib/python3.7/site-packages/airflow/example_dags/example_datasets.py
[2023-04-28T11:33:36.720+0000] {processor.py:743} INFO - Processing file /home/airflow/.local/lib/python3.7/site-packages/airflow/example_dags/example_datasets.py for tasks to queue
[2023-04-28T11:33:36.722+0000] {logging_mixin.py:137} INFO - [2023-04-28T11:33:36.721+0000] {dagbag.py:532} INFO - Filling up the DagBag from /home/airflow/.local/lib/python3.7/site-packages/airflow/example_dags/example_datasets.py
[2023-04-28T11:33:36.741+0000] {processor.py:753} INFO - DAG(s) dict_keys(['dataset_consumes_1_never_scheduled', 'dataset_produces_2', 'dataset_consumes_1_and_2', 'dataset_consumes_unknown_never_scheduled', 'dataset_consumes_1', 'dataset_produces_1']) retrieved from /home/airflow/.local/lib/python3.7/site-packages/airflow/example_dags/example_datasets.py
[2023-04-28T11:33:36.788+0000] {logging_mixin.py:137} INFO - [2023-04-28T11:33:36.788+0000] {dag.py:2705} INFO - Sync 6 DAGs
[2023-04-28T11:33:36.827+0000] {logging_mixin.py:137} INFO - [2023-04-28T11:33:36.827+0000] {dag.py:3456} INFO - Setting next_dagrun for dataset_consumes_1 to None, run_after=None
[2023-04-28T11:33:36.846+0000] {logging_mixin.py:137} INFO - [2023-04-28T11:33:36.846+0000] {dag.py:3456} INFO - Setting next_dagrun for dataset_consumes_1_and_2 to None, run_after=None
[2023-04-28T11:33:36.865+0000] {logging_mixin.py:137} INFO - [2023-04-28T11:33:36.865+0000] {dag.py:3456} INFO - Setting next_dagrun for dataset_consumes_1_never_scheduled to None, run_after=None
[2023-04-28T11:33:36.868+0000] {logging_mixin.py:137} INFO - [2023-04-28T11:33:36.868+0000] {dag.py:3456} INFO - Setting next_dagrun for dataset_consumes_unknown_never_scheduled to None, run_after=None
[2023-04-28T11:33:36.872+0000] {logging_mixin.py:137} INFO - [2023-04-28T11:33:36.871+0000] {dag.py:3456} INFO - Setting next_dagrun for dataset_produces_1 to 2023-04-27T00:00:00+00:00, run_after=2023-04-28T00:00:00+00:00
[2023-04-28T11:33:36.873+0000] {logging_mixin.py:137} INFO - [2023-04-28T11:33:36.873+0000] {dag.py:3456} INFO - Setting next_dagrun for dataset_produces_2 to None, run_after=None
[2023-04-28T11:33:36.910+0000] {processor.py:175} INFO - Processing /home/airflow/.local/lib/python3.7/site-packages/airflow/example_dags/example_datasets.py took 0.197 seconds
[2023-04-28T11:34:07.019+0000] {processor.py:153} INFO - Started process (PID=4411) to work on /home/airflow/.local/lib/python3.7/site-packages/airflow/example_dags/example_datasets.py
[2023-04-28T11:34:07.021+0000] {processor.py:743} INFO - Processing file /home/airflow/.local/lib/python3.7/site-packages/airflow/example_dags/example_datasets.py for tasks to queue
[2023-04-28T11:34:07.022+0000] {logging_mixin.py:137} INFO - [2023-04-28T11:34:07.022+0000] {dagbag.py:532} INFO - Filling up the DagBag from /home/airflow/.local/lib/python3.7/site-packages/airflow/example_dags/example_datasets.py
[2023-04-28T11:34:07.041+0000] {processor.py:753} INFO - DAG(s) dict_keys(['dataset_consumes_unknown_never_scheduled', 'dataset_produces_1', 'dataset_consumes_1_and_2', 'dataset_consumes_1_never_scheduled', 'dataset_consumes_1', 'dataset_produces_2']) retrieved from /home/airflow/.local/lib/python3.7/site-packages/airflow/example_dags/example_datasets.py
[2023-04-28T11:34:07.088+0000] {logging_mixin.py:137} INFO - [2023-04-28T11:34:07.087+0000] {dag.py:2705} INFO - Sync 6 DAGs
[2023-04-28T11:34:07.118+0000] {logging_mixin.py:137} INFO - [2023-04-28T11:34:07.118+0000] {dag.py:3456} INFO - Setting next_dagrun for dataset_consumes_1 to None, run_after=None
[2023-04-28T11:34:07.123+0000] {logging_mixin.py:137} INFO - [2023-04-28T11:34:07.123+0000] {dag.py:3456} INFO - Setting next_dagrun for dataset_consumes_1_and_2 to None, run_after=None
[2023-04-28T11:34:07.125+0000] {logging_mixin.py:137} INFO - [2023-04-28T11:34:07.125+0000] {dag.py:3456} INFO - Setting next_dagrun for dataset_consumes_1_never_scheduled to None, run_after=None
[2023-04-28T11:34:07.127+0000] {logging_mixin.py:137} INFO - [2023-04-28T11:34:07.127+0000] {dag.py:3456} INFO - Setting next_dagrun for dataset_consumes_unknown_never_scheduled to None, run_after=None
[2023-04-28T11:34:07.131+0000] {logging_mixin.py:137} INFO - [2023-04-28T11:34:07.130+0000] {dag.py:3456} INFO - Setting next_dagrun for dataset_produces_1 to 2023-04-27T00:00:00+00:00, run_after=2023-04-28T00:00:00+00:00
[2023-04-28T11:34:07.133+0000] {logging_mixin.py:137} INFO - [2023-04-28T11:34:07.133+0000] {dag.py:3456} INFO - Setting next_dagrun for dataset_produces_2 to None, run_after=None
[2023-04-28T11:34:07.169+0000] {processor.py:175} INFO - Processing /home/airflow/.local/lib/python3.7/site-packages/airflow/example_dags/example_datasets.py took 0.154 seconds
[2023-04-28T11:34:37.647+0000] {processor.py:153} INFO - Started process (PID=4629) to work on /home/airflow/.local/lib/python3.7/site-packages/airflow/example_dags/example_datasets.py
[2023-04-28T11:34:37.649+0000] {processor.py:743} INFO - Processing file /home/airflow/.local/lib/python3.7/site-packages/airflow/example_dags/example_datasets.py for tasks to queue
[2023-04-28T11:34:37.651+0000] {logging_mixin.py:137} INFO - [2023-04-28T11:34:37.651+0000] {dagbag.py:532} INFO - Filling up the DagBag from /home/airflow/.local/lib/python3.7/site-packages/airflow/example_dags/example_datasets.py
[2023-04-28T11:34:37.669+0000] {processor.py:753} INFO - DAG(s) dict_keys(['dataset_produces_2', 'dataset_consumes_unknown_never_scheduled', 'dataset_consumes_1_and_2', 'dataset_consumes_1_never_scheduled', 'dataset_produces_1', 'dataset_consumes_1']) retrieved from /home/airflow/.local/lib/python3.7/site-packages/airflow/example_dags/example_datasets.py
[2023-04-28T11:34:37.715+0000] {logging_mixin.py:137} INFO - [2023-04-28T11:34:37.715+0000] {dag.py:2705} INFO - Sync 6 DAGs
[2023-04-28T11:34:37.744+0000] {logging_mixin.py:137} INFO - [2023-04-28T11:34:37.744+0000] {dag.py:3456} INFO - Setting next_dagrun for dataset_consumes_1 to None, run_after=None
[2023-04-28T11:34:37.748+0000] {logging_mixin.py:137} INFO - [2023-04-28T11:34:37.748+0000] {dag.py:3456} INFO - Setting next_dagrun for dataset_consumes_1_and_2 to None, run_after=None
[2023-04-28T11:34:37.750+0000] {logging_mixin.py:137} INFO - [2023-04-28T11:34:37.750+0000] {dag.py:3456} INFO - Setting next_dagrun for dataset_consumes_1_never_scheduled to None, run_after=None
[2023-04-28T11:34:37.752+0000] {logging_mixin.py:137} INFO - [2023-04-28T11:34:37.752+0000] {dag.py:3456} INFO - Setting next_dagrun for dataset_consumes_unknown_never_scheduled to None, run_after=None
[2023-04-28T11:34:37.756+0000] {logging_mixin.py:137} INFO - [2023-04-28T11:34:37.755+0000] {dag.py:3456} INFO - Setting next_dagrun for dataset_produces_1 to 2023-04-27T00:00:00+00:00, run_after=2023-04-28T00:00:00+00:00
[2023-04-28T11:34:37.757+0000] {logging_mixin.py:137} INFO - [2023-04-28T11:34:37.757+0000] {dag.py:3456} INFO - Setting next_dagrun for dataset_produces_2 to None, run_after=None
[2023-04-28T11:34:37.792+0000] {processor.py:175} INFO - Processing /home/airflow/.local/lib/python3.7/site-packages/airflow/example_dags/example_datasets.py took 0.149 seconds
[2023-04-28T11:35:08.424+0000] {processor.py:153} INFO - Started process (PID=4847) to work on /home/airflow/.local/lib/python3.7/site-packages/airflow/example_dags/example_datasets.py
[2023-04-28T11:35:08.427+0000] {processor.py:743} INFO - Processing file /home/airflow/.local/lib/python3.7/site-packages/airflow/example_dags/example_datasets.py for tasks to queue
[2023-04-28T11:35:08.429+0000] {logging_mixin.py:137} INFO - [2023-04-28T11:35:08.428+0000] {dagbag.py:532} INFO - Filling up the DagBag from /home/airflow/.local/lib/python3.7/site-packages/airflow/example_dags/example_datasets.py
[2023-04-28T11:35:08.455+0000] {processor.py:753} INFO - DAG(s) dict_keys(['dataset_produces_1', 'dataset_consumes_1_never_scheduled', 'dataset_consumes_1', 'dataset_consumes_1_and_2', 'dataset_consumes_unknown_never_scheduled', 'dataset_produces_2']) retrieved from /home/airflow/.local/lib/python3.7/site-packages/airflow/example_dags/example_datasets.py
[2023-04-28T11:35:08.526+0000] {logging_mixin.py:137} INFO - [2023-04-28T11:35:08.526+0000] {dag.py:2705} INFO - Sync 6 DAGs
[2023-04-28T11:35:08.567+0000] {logging_mixin.py:137} INFO - [2023-04-28T11:35:08.566+0000] {dag.py:3456} INFO - Setting next_dagrun for dataset_consumes_1 to None, run_after=None
[2023-04-28T11:35:08.573+0000] {logging_mixin.py:137} INFO - [2023-04-28T11:35:08.573+0000] {dag.py:3456} INFO - Setting next_dagrun for dataset_consumes_1_and_2 to None, run_after=None
[2023-04-28T11:35:08.577+0000] {logging_mixin.py:137} INFO - [2023-04-28T11:35:08.577+0000] {dag.py:3456} INFO - Setting next_dagrun for dataset_consumes_1_never_scheduled to None, run_after=None
[2023-04-28T11:35:08.580+0000] {logging_mixin.py:137} INFO - [2023-04-28T11:35:08.579+0000] {dag.py:3456} INFO - Setting next_dagrun for dataset_consumes_unknown_never_scheduled to None, run_after=None
[2023-04-28T11:35:08.584+0000] {logging_mixin.py:137} INFO - [2023-04-28T11:35:08.584+0000] {dag.py:3456} INFO - Setting next_dagrun for dataset_produces_1 to 2023-04-27T00:00:00+00:00, run_after=2023-04-28T00:00:00+00:00
[2023-04-28T11:35:08.588+0000] {logging_mixin.py:137} INFO - [2023-04-28T11:35:08.587+0000] {dag.py:3456} INFO - Setting next_dagrun for dataset_produces_2 to None, run_after=None
[2023-04-28T11:35:08.638+0000] {processor.py:175} INFO - Processing /home/airflow/.local/lib/python3.7/site-packages/airflow/example_dags/example_datasets.py took 0.221 seconds
[2023-04-28T11:35:39.775+0000] {processor.py:153} INFO - Started process (PID=5065) to work on /home/airflow/.local/lib/python3.7/site-packages/airflow/example_dags/example_datasets.py
[2023-04-28T11:35:39.780+0000] {processor.py:743} INFO - Processing file /home/airflow/.local/lib/python3.7/site-packages/airflow/example_dags/example_datasets.py for tasks to queue
[2023-04-28T11:35:39.782+0000] {logging_mixin.py:137} INFO - [2023-04-28T11:35:39.782+0000] {dagbag.py:532} INFO - Filling up the DagBag from /home/airflow/.local/lib/python3.7/site-packages/airflow/example_dags/example_datasets.py
[2023-04-28T11:35:39.809+0000] {processor.py:753} INFO - DAG(s) dict_keys(['dataset_consumes_1', 'dataset_consumes_1_and_2', 'dataset_produces_1', 'dataset_consumes_unknown_never_scheduled', 'dataset_consumes_1_never_scheduled', 'dataset_produces_2']) retrieved from /home/airflow/.local/lib/python3.7/site-packages/airflow/example_dags/example_datasets.py
[2023-04-28T11:35:39.877+0000] {logging_mixin.py:137} INFO - [2023-04-28T11:35:39.876+0000] {dag.py:2705} INFO - Sync 6 DAGs
[2023-04-28T11:35:39.922+0000] {logging_mixin.py:137} INFO - [2023-04-28T11:35:39.922+0000] {dag.py:3456} INFO - Setting next_dagrun for dataset_consumes_1 to None, run_after=None
[2023-04-28T11:35:39.930+0000] {logging_mixin.py:137} INFO - [2023-04-28T11:35:39.930+0000] {dag.py:3456} INFO - Setting next_dagrun for dataset_consumes_1_and_2 to None, run_after=None
[2023-04-28T11:35:39.933+0000] {logging_mixin.py:137} INFO - [2023-04-28T11:35:39.933+0000] {dag.py:3456} INFO - Setting next_dagrun for dataset_consumes_1_never_scheduled to None, run_after=None
[2023-04-28T11:35:39.935+0000] {logging_mixin.py:137} INFO - [2023-04-28T11:35:39.935+0000] {dag.py:3456} INFO - Setting next_dagrun for dataset_consumes_unknown_never_scheduled to None, run_after=None
[2023-04-28T11:35:39.941+0000] {logging_mixin.py:137} INFO - [2023-04-28T11:35:39.940+0000] {dag.py:3456} INFO - Setting next_dagrun for dataset_produces_1 to 2023-04-27T00:00:00+00:00, run_after=2023-04-28T00:00:00+00:00
[2023-04-28T11:35:39.943+0000] {logging_mixin.py:137} INFO - [2023-04-28T11:35:39.943+0000] {dag.py:3456} INFO - Setting next_dagrun for dataset_produces_2 to None, run_after=None
[2023-04-28T11:35:39.988+0000] {processor.py:175} INFO - Processing /home/airflow/.local/lib/python3.7/site-packages/airflow/example_dags/example_datasets.py took 0.219 seconds
[2023-04-28T11:36:10.202+0000] {processor.py:153} INFO - Started process (PID=5283) to work on /home/airflow/.local/lib/python3.7/site-packages/airflow/example_dags/example_datasets.py
[2023-04-28T11:36:10.204+0000] {processor.py:743} INFO - Processing file /home/airflow/.local/lib/python3.7/site-packages/airflow/example_dags/example_datasets.py for tasks to queue
[2023-04-28T11:36:10.206+0000] {logging_mixin.py:137} INFO - [2023-04-28T11:36:10.206+0000] {dagbag.py:532} INFO - Filling up the DagBag from /home/airflow/.local/lib/python3.7/site-packages/airflow/example_dags/example_datasets.py
[2023-04-28T11:36:10.227+0000] {processor.py:753} INFO - DAG(s) dict_keys(['dataset_produces_1', 'dataset_produces_2', 'dataset_consumes_1_and_2', 'dataset_consumes_1_never_scheduled', 'dataset_consumes_unknown_never_scheduled', 'dataset_consumes_1']) retrieved from /home/airflow/.local/lib/python3.7/site-packages/airflow/example_dags/example_datasets.py
[2023-04-28T11:36:10.282+0000] {logging_mixin.py:137} INFO - [2023-04-28T11:36:10.282+0000] {dag.py:2705} INFO - Sync 6 DAGs
[2023-04-28T11:36:10.318+0000] {logging_mixin.py:137} INFO - [2023-04-28T11:36:10.318+0000] {dag.py:3456} INFO - Setting next_dagrun for dataset_consumes_1 to None, run_after=None
[2023-04-28T11:36:10.323+0000] {logging_mixin.py:137} INFO - [2023-04-28T11:36:10.323+0000] {dag.py:3456} INFO - Setting next_dagrun for dataset_consumes_1_and_2 to None, run_after=None
[2023-04-28T11:36:10.325+0000] {logging_mixin.py:137} INFO - [2023-04-28T11:36:10.325+0000] {dag.py:3456} INFO - Setting next_dagrun for dataset_consumes_1_never_scheduled to None, run_after=None
[2023-04-28T11:36:10.328+0000] {logging_mixin.py:137} INFO - [2023-04-28T11:36:10.328+0000] {dag.py:3456} INFO - Setting next_dagrun for dataset_consumes_unknown_never_scheduled to None, run_after=None
[2023-04-28T11:36:10.333+0000] {logging_mixin.py:137} INFO - [2023-04-28T11:36:10.333+0000] {dag.py:3456} INFO - Setting next_dagrun for dataset_produces_1 to 2023-04-27T00:00:00+00:00, run_after=2023-04-28T00:00:00+00:00
[2023-04-28T11:36:10.335+0000] {logging_mixin.py:137} INFO - [2023-04-28T11:36:10.335+0000] {dag.py:3456} INFO - Setting next_dagrun for dataset_produces_2 to None, run_after=None
[2023-04-28T11:36:10.373+0000] {processor.py:175} INFO - Processing /home/airflow/.local/lib/python3.7/site-packages/airflow/example_dags/example_datasets.py took 0.176 seconds
[2023-04-28T11:36:41.064+0000] {processor.py:153} INFO - Started process (PID=5501) to work on /home/airflow/.local/lib/python3.7/site-packages/airflow/example_dags/example_datasets.py
[2023-04-28T11:36:41.067+0000] {processor.py:743} INFO - Processing file /home/airflow/.local/lib/python3.7/site-packages/airflow/example_dags/example_datasets.py for tasks to queue
[2023-04-28T11:36:41.069+0000] {logging_mixin.py:137} INFO - [2023-04-28T11:36:41.068+0000] {dagbag.py:532} INFO - Filling up the DagBag from /home/airflow/.local/lib/python3.7/site-packages/airflow/example_dags/example_datasets.py
[2023-04-28T11:36:41.090+0000] {processor.py:753} INFO - DAG(s) dict_keys(['dataset_consumes_unknown_never_scheduled', 'dataset_consumes_1_never_scheduled', 'dataset_consumes_1_and_2', 'dataset_consumes_1', 'dataset_produces_2', 'dataset_produces_1']) retrieved from /home/airflow/.local/lib/python3.7/site-packages/airflow/example_dags/example_datasets.py
[2023-04-28T11:36:41.169+0000] {logging_mixin.py:137} INFO - [2023-04-28T11:36:41.169+0000] {dag.py:2705} INFO - Sync 6 DAGs
[2023-04-28T11:36:41.214+0000] {logging_mixin.py:137} INFO - [2023-04-28T11:36:41.214+0000] {dag.py:3456} INFO - Setting next_dagrun for dataset_consumes_1 to None, run_after=None
[2023-04-28T11:36:41.220+0000] {logging_mixin.py:137} INFO - [2023-04-28T11:36:41.220+0000] {dag.py:3456} INFO - Setting next_dagrun for dataset_consumes_1_and_2 to None, run_after=None
[2023-04-28T11:36:41.223+0000] {logging_mixin.py:137} INFO - [2023-04-28T11:36:41.223+0000] {dag.py:3456} INFO - Setting next_dagrun for dataset_consumes_1_never_scheduled to None, run_after=None
[2023-04-28T11:36:41.226+0000] {logging_mixin.py:137} INFO - [2023-04-28T11:36:41.226+0000] {dag.py:3456} INFO - Setting next_dagrun for dataset_consumes_unknown_never_scheduled to None, run_after=None
[2023-04-28T11:36:41.232+0000] {logging_mixin.py:137} INFO - [2023-04-28T11:36:41.232+0000] {dag.py:3456} INFO - Setting next_dagrun for dataset_produces_1 to 2023-04-27T00:00:00+00:00, run_after=2023-04-28T00:00:00+00:00
[2023-04-28T11:36:41.236+0000] {logging_mixin.py:137} INFO - [2023-04-28T11:36:41.236+0000] {dag.py:3456} INFO - Setting next_dagrun for dataset_produces_2 to None, run_after=None
[2023-04-28T11:36:41.299+0000] {processor.py:175} INFO - Processing /home/airflow/.local/lib/python3.7/site-packages/airflow/example_dags/example_datasets.py took 0.239 seconds
[2023-04-28T11:37:11.402+0000] {processor.py:153} INFO - Started process (PID=5719) to work on /home/airflow/.local/lib/python3.7/site-packages/airflow/example_dags/example_datasets.py
[2023-04-28T11:37:11.404+0000] {processor.py:743} INFO - Processing file /home/airflow/.local/lib/python3.7/site-packages/airflow/example_dags/example_datasets.py for tasks to queue
[2023-04-28T11:37:11.406+0000] {logging_mixin.py:137} INFO - [2023-04-28T11:37:11.406+0000] {dagbag.py:532} INFO - Filling up the DagBag from /home/airflow/.local/lib/python3.7/site-packages/airflow/example_dags/example_datasets.py
[2023-04-28T11:37:11.427+0000] {processor.py:753} INFO - DAG(s) dict_keys(['dataset_produces_2', 'dataset_produces_1', 'dataset_consumes_1_never_scheduled', 'dataset_consumes_unknown_never_scheduled', 'dataset_consumes_1', 'dataset_consumes_1_and_2']) retrieved from /home/airflow/.local/lib/python3.7/site-packages/airflow/example_dags/example_datasets.py
[2023-04-28T11:37:11.480+0000] {logging_mixin.py:137} INFO - [2023-04-28T11:37:11.479+0000] {dag.py:2705} INFO - Sync 6 DAGs
[2023-04-28T11:37:11.511+0000] {logging_mixin.py:137} INFO - [2023-04-28T11:37:11.511+0000] {dag.py:3456} INFO - Setting next_dagrun for dataset_consumes_1 to None, run_after=None
[2023-04-28T11:37:11.516+0000] {logging_mixin.py:137} INFO - [2023-04-28T11:37:11.516+0000] {dag.py:3456} INFO - Setting next_dagrun for dataset_consumes_1_and_2 to None, run_after=None
[2023-04-28T11:37:11.518+0000] {logging_mixin.py:137} INFO - [2023-04-28T11:37:11.518+0000] {dag.py:3456} INFO - Setting next_dagrun for dataset_consumes_1_never_scheduled to None, run_after=None
[2023-04-28T11:37:11.521+0000] {logging_mixin.py:137} INFO - [2023-04-28T11:37:11.520+0000] {dag.py:3456} INFO - Setting next_dagrun for dataset_consumes_unknown_never_scheduled to None, run_after=None
[2023-04-28T11:37:11.524+0000] {logging_mixin.py:137} INFO - [2023-04-28T11:37:11.524+0000] {dag.py:3456} INFO - Setting next_dagrun for dataset_produces_1 to 2023-04-27T00:00:00+00:00, run_after=2023-04-28T00:00:00+00:00
[2023-04-28T11:37:11.526+0000] {logging_mixin.py:137} INFO - [2023-04-28T11:37:11.526+0000] {dag.py:3456} INFO - Setting next_dagrun for dataset_produces_2 to None, run_after=None
[2023-04-28T11:37:11.566+0000] {processor.py:175} INFO - Processing /home/airflow/.local/lib/python3.7/site-packages/airflow/example_dags/example_datasets.py took 0.169 seconds
[2023-04-28T11:37:42.021+0000] {processor.py:153} INFO - Started process (PID=5937) to work on /home/airflow/.local/lib/python3.7/site-packages/airflow/example_dags/example_datasets.py
[2023-04-28T11:37:42.023+0000] {processor.py:743} INFO - Processing file /home/airflow/.local/lib/python3.7/site-packages/airflow/example_dags/example_datasets.py for tasks to queue
[2023-04-28T11:37:42.025+0000] {logging_mixin.py:137} INFO - [2023-04-28T11:37:42.025+0000] {dagbag.py:532} INFO - Filling up the DagBag from /home/airflow/.local/lib/python3.7/site-packages/airflow/example_dags/example_datasets.py
[2023-04-28T11:37:42.050+0000] {processor.py:753} INFO - DAG(s) dict_keys(['dataset_produces_1', 'dataset_produces_2', 'dataset_consumes_1_never_scheduled', 'dataset_consumes_1_and_2', 'dataset_consumes_1', 'dataset_consumes_unknown_never_scheduled']) retrieved from /home/airflow/.local/lib/python3.7/site-packages/airflow/example_dags/example_datasets.py
[2023-04-28T11:37:42.115+0000] {logging_mixin.py:137} INFO - [2023-04-28T11:37:42.114+0000] {dag.py:2705} INFO - Sync 6 DAGs
[2023-04-28T11:37:42.153+0000] {logging_mixin.py:137} INFO - [2023-04-28T11:37:42.153+0000] {dag.py:3456} INFO - Setting next_dagrun for dataset_consumes_1 to None, run_after=None
[2023-04-28T11:37:42.160+0000] {logging_mixin.py:137} INFO - [2023-04-28T11:37:42.160+0000] {dag.py:3456} INFO - Setting next_dagrun for dataset_consumes_1_and_2 to None, run_after=None
[2023-04-28T11:37:42.163+0000] {logging_mixin.py:137} INFO - [2023-04-28T11:37:42.163+0000] {dag.py:3456} INFO - Setting next_dagrun for dataset_consumes_1_never_scheduled to None, run_after=None
[2023-04-28T11:37:42.166+0000] {logging_mixin.py:137} INFO - [2023-04-28T11:37:42.166+0000] {dag.py:3456} INFO - Setting next_dagrun for dataset_consumes_unknown_never_scheduled to None, run_after=None
[2023-04-28T11:37:42.171+0000] {logging_mixin.py:137} INFO - [2023-04-28T11:37:42.171+0000] {dag.py:3456} INFO - Setting next_dagrun for dataset_produces_1 to 2023-04-27T00:00:00+00:00, run_after=2023-04-28T00:00:00+00:00
[2023-04-28T11:37:42.174+0000] {logging_mixin.py:137} INFO - [2023-04-28T11:37:42.174+0000] {dag.py:3456} INFO - Setting next_dagrun for dataset_produces_2 to None, run_after=None
[2023-04-28T11:37:42.236+0000] {processor.py:175} INFO - Processing /home/airflow/.local/lib/python3.7/site-packages/airflow/example_dags/example_datasets.py took 0.221 seconds
[2023-04-28T11:38:12.331+0000] {processor.py:153} INFO - Started process (PID=6155) to work on /home/airflow/.local/lib/python3.7/site-packages/airflow/example_dags/example_datasets.py
[2023-04-28T11:38:12.333+0000] {processor.py:743} INFO - Processing file /home/airflow/.local/lib/python3.7/site-packages/airflow/example_dags/example_datasets.py for tasks to queue
[2023-04-28T11:38:12.335+0000] {logging_mixin.py:137} INFO - [2023-04-28T11:38:12.335+0000] {dagbag.py:532} INFO - Filling up the DagBag from /home/airflow/.local/lib/python3.7/site-packages/airflow/example_dags/example_datasets.py
[2023-04-28T11:38:12.360+0000] {processor.py:753} INFO - DAG(s) dict_keys(['dataset_consumes_1_never_scheduled', 'dataset_consumes_1_and_2', 'dataset_produces_1', 'dataset_consumes_1', 'dataset_consumes_unknown_never_scheduled', 'dataset_produces_2']) retrieved from /home/airflow/.local/lib/python3.7/site-packages/airflow/example_dags/example_datasets.py
[2023-04-28T11:38:12.438+0000] {logging_mixin.py:137} INFO - [2023-04-28T11:38:12.438+0000] {dag.py:2705} INFO - Sync 6 DAGs
[2023-04-28T11:38:12.504+0000] {logging_mixin.py:137} INFO - [2023-04-28T11:38:12.504+0000] {dag.py:3456} INFO - Setting next_dagrun for dataset_consumes_1 to None, run_after=None
[2023-04-28T11:38:12.511+0000] {logging_mixin.py:137} INFO - [2023-04-28T11:38:12.511+0000] {dag.py:3456} INFO - Setting next_dagrun for dataset_consumes_1_and_2 to None, run_after=None
[2023-04-28T11:38:12.517+0000] {logging_mixin.py:137} INFO - [2023-04-28T11:38:12.517+0000] {dag.py:3456} INFO - Setting next_dagrun for dataset_consumes_1_never_scheduled to None, run_after=None
[2023-04-28T11:38:12.520+0000] {logging_mixin.py:137} INFO - [2023-04-28T11:38:12.520+0000] {dag.py:3456} INFO - Setting next_dagrun for dataset_consumes_unknown_never_scheduled to None, run_after=None
[2023-04-28T11:38:12.527+0000] {logging_mixin.py:137} INFO - [2023-04-28T11:38:12.527+0000] {dag.py:3456} INFO - Setting next_dagrun for dataset_produces_1 to 2023-04-27T00:00:00+00:00, run_after=2023-04-28T00:00:00+00:00
[2023-04-28T11:38:12.530+0000] {logging_mixin.py:137} INFO - [2023-04-28T11:38:12.530+0000] {dag.py:3456} INFO - Setting next_dagrun for dataset_produces_2 to None, run_after=None
[2023-04-28T11:38:12.575+0000] {processor.py:175} INFO - Processing /home/airflow/.local/lib/python3.7/site-packages/airflow/example_dags/example_datasets.py took 0.251 seconds
[2023-04-28T11:38:43.002+0000] {processor.py:153} INFO - Started process (PID=6373) to work on /home/airflow/.local/lib/python3.7/site-packages/airflow/example_dags/example_datasets.py
[2023-04-28T11:38:43.005+0000] {processor.py:743} INFO - Processing file /home/airflow/.local/lib/python3.7/site-packages/airflow/example_dags/example_datasets.py for tasks to queue
[2023-04-28T11:38:43.006+0000] {logging_mixin.py:137} INFO - [2023-04-28T11:38:43.006+0000] {dagbag.py:532} INFO - Filling up the DagBag from /home/airflow/.local/lib/python3.7/site-packages/airflow/example_dags/example_datasets.py
[2023-04-28T11:38:43.028+0000] {processor.py:753} INFO - DAG(s) dict_keys(['dataset_produces_2', 'dataset_consumes_unknown_never_scheduled', 'dataset_consumes_1_never_scheduled', 'dataset_consumes_1', 'dataset_consumes_1_and_2', 'dataset_produces_1']) retrieved from /home/airflow/.local/lib/python3.7/site-packages/airflow/example_dags/example_datasets.py
[2023-04-28T11:38:43.080+0000] {logging_mixin.py:137} INFO - [2023-04-28T11:38:43.080+0000] {dag.py:2705} INFO - Sync 6 DAGs
[2023-04-28T11:38:43.112+0000] {logging_mixin.py:137} INFO - [2023-04-28T11:38:43.112+0000] {dag.py:3456} INFO - Setting next_dagrun for dataset_consumes_1 to None, run_after=None
[2023-04-28T11:38:43.117+0000] {logging_mixin.py:137} INFO - [2023-04-28T11:38:43.117+0000] {dag.py:3456} INFO - Setting next_dagrun for dataset_consumes_1_and_2 to None, run_after=None
[2023-04-28T11:38:43.119+0000] {logging_mixin.py:137} INFO - [2023-04-28T11:38:43.119+0000] {dag.py:3456} INFO - Setting next_dagrun for dataset_consumes_1_never_scheduled to None, run_after=None
[2023-04-28T11:38:43.122+0000] {logging_mixin.py:137} INFO - [2023-04-28T11:38:43.122+0000] {dag.py:3456} INFO - Setting next_dagrun for dataset_consumes_unknown_never_scheduled to None, run_after=None
[2023-04-28T11:38:43.158+0000] {logging_mixin.py:137} INFO - [2023-04-28T11:38:43.157+0000] {dag.py:3456} INFO - Setting next_dagrun for dataset_produces_1 to 2023-04-27T00:00:00+00:00, run_after=2023-04-28T00:00:00+00:00
[2023-04-28T11:38:43.176+0000] {logging_mixin.py:137} INFO - [2023-04-28T11:38:43.176+0000] {dag.py:3456} INFO - Setting next_dagrun for dataset_produces_2 to None, run_after=None
[2023-04-28T11:38:43.255+0000] {processor.py:175} INFO - Processing /home/airflow/.local/lib/python3.7/site-packages/airflow/example_dags/example_datasets.py took 0.257 seconds
[2023-04-28T11:39:13.734+0000] {processor.py:153} INFO - Started process (PID=6591) to work on /home/airflow/.local/lib/python3.7/site-packages/airflow/example_dags/example_datasets.py
[2023-04-28T11:39:13.736+0000] {processor.py:743} INFO - Processing file /home/airflow/.local/lib/python3.7/site-packages/airflow/example_dags/example_datasets.py for tasks to queue
[2023-04-28T11:39:13.738+0000] {logging_mixin.py:137} INFO - [2023-04-28T11:39:13.738+0000] {dagbag.py:532} INFO - Filling up the DagBag from /home/airflow/.local/lib/python3.7/site-packages/airflow/example_dags/example_datasets.py
[2023-04-28T11:39:13.760+0000] {processor.py:753} INFO - DAG(s) dict_keys(['dataset_produces_2', 'dataset_produces_1', 'dataset_consumes_1', 'dataset_consumes_unknown_never_scheduled', 'dataset_consumes_1_and_2', 'dataset_consumes_1_never_scheduled']) retrieved from /home/airflow/.local/lib/python3.7/site-packages/airflow/example_dags/example_datasets.py
[2023-04-28T11:39:13.818+0000] {logging_mixin.py:137} INFO - [2023-04-28T11:39:13.817+0000] {dag.py:2705} INFO - Sync 6 DAGs
[2023-04-28T11:39:13.855+0000] {logging_mixin.py:137} INFO - [2023-04-28T11:39:13.854+0000] {dag.py:3456} INFO - Setting next_dagrun for dataset_consumes_1 to None, run_after=None
[2023-04-28T11:39:13.860+0000] {logging_mixin.py:137} INFO - [2023-04-28T11:39:13.860+0000] {dag.py:3456} INFO - Setting next_dagrun for dataset_consumes_1_and_2 to None, run_after=None
[2023-04-28T11:39:13.864+0000] {logging_mixin.py:137} INFO - [2023-04-28T11:39:13.864+0000] {dag.py:3456} INFO - Setting next_dagrun for dataset_consumes_1_never_scheduled to None, run_after=None
[2023-04-28T11:39:13.868+0000] {logging_mixin.py:137} INFO - [2023-04-28T11:39:13.868+0000] {dag.py:3456} INFO - Setting next_dagrun for dataset_consumes_unknown_never_scheduled to None, run_after=None
[2023-04-28T11:39:13.873+0000] {logging_mixin.py:137} INFO - [2023-04-28T11:39:13.873+0000] {dag.py:3456} INFO - Setting next_dagrun for dataset_produces_1 to 2023-04-27T00:00:00+00:00, run_after=2023-04-28T00:00:00+00:00
[2023-04-28T11:39:13.876+0000] {logging_mixin.py:137} INFO - [2023-04-28T11:39:13.876+0000] {dag.py:3456} INFO - Setting next_dagrun for dataset_produces_2 to None, run_after=None
[2023-04-28T11:39:13.934+0000] {processor.py:175} INFO - Processing /home/airflow/.local/lib/python3.7/site-packages/airflow/example_dags/example_datasets.py took 0.205 seconds
[2023-04-28T11:39:44.236+0000] {processor.py:153} INFO - Started process (PID=6823) to work on /home/airflow/.local/lib/python3.7/site-packages/airflow/example_dags/example_datasets.py
[2023-04-28T11:39:44.238+0000] {processor.py:743} INFO - Processing file /home/airflow/.local/lib/python3.7/site-packages/airflow/example_dags/example_datasets.py for tasks to queue
[2023-04-28T11:39:44.240+0000] {logging_mixin.py:137} INFO - [2023-04-28T11:39:44.240+0000] {dagbag.py:532} INFO - Filling up the DagBag from /home/airflow/.local/lib/python3.7/site-packages/airflow/example_dags/example_datasets.py
[2023-04-28T11:39:44.264+0000] {processor.py:753} INFO - DAG(s) dict_keys(['dataset_produces_1', 'dataset_produces_2', 'dataset_consumes_1', 'dataset_consumes_1_never_scheduled', 'dataset_consumes_1_and_2', 'dataset_consumes_unknown_never_scheduled']) retrieved from /home/airflow/.local/lib/python3.7/site-packages/airflow/example_dags/example_datasets.py
[2023-04-28T11:39:44.328+0000] {logging_mixin.py:137} INFO - [2023-04-28T11:39:44.328+0000] {dag.py:2705} INFO - Sync 6 DAGs
[2023-04-28T11:39:44.394+0000] {logging_mixin.py:137} INFO - [2023-04-28T11:39:44.393+0000] {dag.py:3456} INFO - Setting next_dagrun for dataset_consumes_1 to None, run_after=None
[2023-04-28T11:39:44.404+0000] {logging_mixin.py:137} INFO - [2023-04-28T11:39:44.404+0000] {dag.py:3456} INFO - Setting next_dagrun for dataset_consumes_1_and_2 to None, run_after=None
[2023-04-28T11:39:44.409+0000] {logging_mixin.py:137} INFO - [2023-04-28T11:39:44.409+0000] {dag.py:3456} INFO - Setting next_dagrun for dataset_consumes_1_never_scheduled to None, run_after=None
[2023-04-28T11:39:44.416+0000] {logging_mixin.py:137} INFO - [2023-04-28T11:39:44.415+0000] {dag.py:3456} INFO - Setting next_dagrun for dataset_consumes_unknown_never_scheduled to None, run_after=None
[2023-04-28T11:39:44.428+0000] {logging_mixin.py:137} INFO - [2023-04-28T11:39:44.427+0000] {dag.py:3456} INFO - Setting next_dagrun for dataset_produces_1 to 2023-04-27T00:00:00+00:00, run_after=2023-04-28T00:00:00+00:00
[2023-04-28T11:39:44.435+0000] {logging_mixin.py:137} INFO - [2023-04-28T11:39:44.434+0000] {dag.py:3456} INFO - Setting next_dagrun for dataset_produces_2 to None, run_after=None
[2023-04-28T11:39:44.513+0000] {processor.py:175} INFO - Processing /home/airflow/.local/lib/python3.7/site-packages/airflow/example_dags/example_datasets.py took 0.281 seconds
[2023-04-28T11:40:14.824+0000] {processor.py:153} INFO - Started process (PID=7046) to work on /home/airflow/.local/lib/python3.7/site-packages/airflow/example_dags/example_datasets.py
[2023-04-28T11:40:14.826+0000] {processor.py:743} INFO - Processing file /home/airflow/.local/lib/python3.7/site-packages/airflow/example_dags/example_datasets.py for tasks to queue
[2023-04-28T11:40:14.828+0000] {logging_mixin.py:137} INFO - [2023-04-28T11:40:14.828+0000] {dagbag.py:532} INFO - Filling up the DagBag from /home/airflow/.local/lib/python3.7/site-packages/airflow/example_dags/example_datasets.py
[2023-04-28T11:40:14.850+0000] {processor.py:753} INFO - DAG(s) dict_keys(['dataset_consumes_unknown_never_scheduled', 'dataset_produces_1', 'dataset_consumes_1_never_scheduled', 'dataset_consumes_1_and_2', 'dataset_produces_2', 'dataset_consumes_1']) retrieved from /home/airflow/.local/lib/python3.7/site-packages/airflow/example_dags/example_datasets.py
[2023-04-28T11:40:14.906+0000] {logging_mixin.py:137} INFO - [2023-04-28T11:40:14.906+0000] {dag.py:2705} INFO - Sync 6 DAGs
[2023-04-28T11:40:14.943+0000] {logging_mixin.py:137} INFO - [2023-04-28T11:40:14.943+0000] {dag.py:3456} INFO - Setting next_dagrun for dataset_consumes_1 to None, run_after=None
[2023-04-28T11:40:14.948+0000] {logging_mixin.py:137} INFO - [2023-04-28T11:40:14.948+0000] {dag.py:3456} INFO - Setting next_dagrun for dataset_consumes_1_and_2 to None, run_after=None
[2023-04-28T11:40:14.952+0000] {logging_mixin.py:137} INFO - [2023-04-28T11:40:14.951+0000] {dag.py:3456} INFO - Setting next_dagrun for dataset_consumes_1_never_scheduled to None, run_after=None
[2023-04-28T11:40:14.954+0000] {logging_mixin.py:137} INFO - [2023-04-28T11:40:14.954+0000] {dag.py:3456} INFO - Setting next_dagrun for dataset_consumes_unknown_never_scheduled to None, run_after=None
[2023-04-28T11:40:14.958+0000] {logging_mixin.py:137} INFO - [2023-04-28T11:40:14.958+0000] {dag.py:3456} INFO - Setting next_dagrun for dataset_produces_1 to 2023-04-27T00:00:00+00:00, run_after=2023-04-28T00:00:00+00:00
[2023-04-28T11:40:14.960+0000] {logging_mixin.py:137} INFO - [2023-04-28T11:40:14.960+0000] {dag.py:3456} INFO - Setting next_dagrun for dataset_produces_2 to None, run_after=None
[2023-04-28T11:40:15.006+0000] {processor.py:175} INFO - Processing /home/airflow/.local/lib/python3.7/site-packages/airflow/example_dags/example_datasets.py took 0.186 seconds
[2023-04-28T11:40:47.109+0000] {processor.py:153} INFO - Started process (PID=7267) to work on /home/airflow/.local/lib/python3.7/site-packages/airflow/example_dags/example_datasets.py
[2023-04-28T11:40:47.115+0000] {processor.py:743} INFO - Processing file /home/airflow/.local/lib/python3.7/site-packages/airflow/example_dags/example_datasets.py for tasks to queue
[2023-04-28T11:40:47.120+0000] {logging_mixin.py:137} INFO - [2023-04-28T11:40:47.119+0000] {dagbag.py:532} INFO - Filling up the DagBag from /home/airflow/.local/lib/python3.7/site-packages/airflow/example_dags/example_datasets.py
[2023-04-28T11:40:47.166+0000] {processor.py:753} INFO - DAG(s) dict_keys(['dataset_produces_2', 'dataset_produces_1', 'dataset_consumes_1_and_2', 'dataset_consumes_1', 'dataset_consumes_unknown_never_scheduled', 'dataset_consumes_1_never_scheduled']) retrieved from /home/airflow/.local/lib/python3.7/site-packages/airflow/example_dags/example_datasets.py
[2023-04-28T11:40:47.289+0000] {logging_mixin.py:137} INFO - [2023-04-28T11:40:47.289+0000] {dag.py:2705} INFO - Sync 6 DAGs
[2023-04-28T11:40:47.344+0000] {logging_mixin.py:137} INFO - [2023-04-28T11:40:47.344+0000] {dag.py:3456} INFO - Setting next_dagrun for dataset_consumes_1 to None, run_after=None
[2023-04-28T11:40:47.352+0000] {logging_mixin.py:137} INFO - [2023-04-28T11:40:47.352+0000] {dag.py:3456} INFO - Setting next_dagrun for dataset_consumes_1_and_2 to None, run_after=None
[2023-04-28T11:40:47.357+0000] {logging_mixin.py:137} INFO - [2023-04-28T11:40:47.356+0000] {dag.py:3456} INFO - Setting next_dagrun for dataset_consumes_1_never_scheduled to None, run_after=None
[2023-04-28T11:40:47.361+0000] {logging_mixin.py:137} INFO - [2023-04-28T11:40:47.361+0000] {dag.py:3456} INFO - Setting next_dagrun for dataset_consumes_unknown_never_scheduled to None, run_after=None
[2023-04-28T11:40:47.369+0000] {logging_mixin.py:137} INFO - [2023-04-28T11:40:47.369+0000] {dag.py:3456} INFO - Setting next_dagrun for dataset_produces_1 to 2023-04-27T00:00:00+00:00, run_after=2023-04-28T00:00:00+00:00
[2023-04-28T11:40:47.374+0000] {logging_mixin.py:137} INFO - [2023-04-28T11:40:47.373+0000] {dag.py:3456} INFO - Setting next_dagrun for dataset_produces_2 to None, run_after=None
[2023-04-28T11:40:47.445+0000] {processor.py:175} INFO - Processing /home/airflow/.local/lib/python3.7/site-packages/airflow/example_dags/example_datasets.py took 0.345 seconds
