[2023-04-28T11:24:23.262+0000] {processor.py:153} INFO - Started process (PID=218) to work on /home/airflow/.local/lib/python3.7/site-packages/airflow/example_dags/example_task_group_decorator.py
[2023-04-28T11:24:23.264+0000] {processor.py:743} INFO - Processing file /home/airflow/.local/lib/python3.7/site-packages/airflow/example_dags/example_task_group_decorator.py for tasks to queue
[2023-04-28T11:24:23.266+0000] {logging_mixin.py:137} INFO - [2023-04-28T11:24:23.266+0000] {dagbag.py:532} INFO - Filling up the DagBag from /home/airflow/.local/lib/python3.7/site-packages/airflow/example_dags/example_task_group_decorator.py
[2023-04-28T11:24:23.313+0000] {processor.py:753} INFO - DAG(s) dict_keys(['example_task_group_decorator']) retrieved from /home/airflow/.local/lib/python3.7/site-packages/airflow/example_dags/example_task_group_decorator.py
[2023-04-28T11:24:23.331+0000] {logging_mixin.py:137} INFO - [2023-04-28T11:24:23.331+0000] {dag.py:2705} INFO - Sync 1 DAGs
[2023-04-28T11:24:23.363+0000] {logging_mixin.py:137} INFO - [2023-04-28T11:24:23.363+0000] {dag.py:3456} INFO - Setting next_dagrun for example_task_group_decorator to 2023-04-27T11:24:23.362729+00:00, run_after=2023-04-28T11:24:23.362729+00:00
[2023-04-28T11:24:23.386+0000] {processor.py:175} INFO - Processing /home/airflow/.local/lib/python3.7/site-packages/airflow/example_dags/example_task_group_decorator.py took 0.129 seconds
[2023-04-28T11:24:53.790+0000] {processor.py:153} INFO - Started process (PID=438) to work on /home/airflow/.local/lib/python3.7/site-packages/airflow/example_dags/example_task_group_decorator.py
[2023-04-28T11:24:53.792+0000] {processor.py:743} INFO - Processing file /home/airflow/.local/lib/python3.7/site-packages/airflow/example_dags/example_task_group_decorator.py for tasks to queue
[2023-04-28T11:24:53.794+0000] {logging_mixin.py:137} INFO - [2023-04-28T11:24:53.794+0000] {dagbag.py:532} INFO - Filling up the DagBag from /home/airflow/.local/lib/python3.7/site-packages/airflow/example_dags/example_task_group_decorator.py
[2023-04-28T11:24:53.826+0000] {processor.py:753} INFO - DAG(s) dict_keys(['example_task_group_decorator']) retrieved from /home/airflow/.local/lib/python3.7/site-packages/airflow/example_dags/example_task_group_decorator.py
[2023-04-28T11:24:53.859+0000] {logging_mixin.py:137} INFO - [2023-04-28T11:24:53.859+0000] {dag.py:2705} INFO - Sync 1 DAGs
[2023-04-28T11:24:53.887+0000] {logging_mixin.py:137} INFO - [2023-04-28T11:24:53.887+0000] {dag.py:3456} INFO - Setting next_dagrun for example_task_group_decorator to 2023-04-27T11:24:53.887599+00:00, run_after=2023-04-28T11:24:53.887599+00:00
[2023-04-28T11:24:53.911+0000] {processor.py:175} INFO - Processing /home/airflow/.local/lib/python3.7/site-packages/airflow/example_dags/example_task_group_decorator.py took 0.125 seconds
[2023-04-28T11:25:24.303+0000] {processor.py:153} INFO - Started process (PID=654) to work on /home/airflow/.local/lib/python3.7/site-packages/airflow/example_dags/example_task_group_decorator.py
[2023-04-28T11:25:24.305+0000] {processor.py:743} INFO - Processing file /home/airflow/.local/lib/python3.7/site-packages/airflow/example_dags/example_task_group_decorator.py for tasks to queue
[2023-04-28T11:25:24.307+0000] {logging_mixin.py:137} INFO - [2023-04-28T11:25:24.307+0000] {dagbag.py:532} INFO - Filling up the DagBag from /home/airflow/.local/lib/python3.7/site-packages/airflow/example_dags/example_task_group_decorator.py
[2023-04-28T11:25:24.341+0000] {processor.py:753} INFO - DAG(s) dict_keys(['example_task_group_decorator']) retrieved from /home/airflow/.local/lib/python3.7/site-packages/airflow/example_dags/example_task_group_decorator.py
[2023-04-28T11:25:24.378+0000] {logging_mixin.py:137} INFO - [2023-04-28T11:25:24.377+0000] {dag.py:2705} INFO - Sync 1 DAGs
[2023-04-28T11:25:24.470+0000] {logging_mixin.py:137} INFO - [2023-04-28T11:25:24.470+0000] {dag.py:3456} INFO - Setting next_dagrun for example_task_group_decorator to 2023-04-27T11:25:24.469810+00:00, run_after=2023-04-28T11:25:24.469810+00:00
[2023-04-28T11:25:24.492+0000] {processor.py:175} INFO - Processing /home/airflow/.local/lib/python3.7/site-packages/airflow/example_dags/example_task_group_decorator.py took 0.193 seconds
[2023-04-28T11:25:55.398+0000] {processor.py:153} INFO - Started process (PID=872) to work on /home/airflow/.local/lib/python3.7/site-packages/airflow/example_dags/example_task_group_decorator.py
[2023-04-28T11:25:55.401+0000] {processor.py:743} INFO - Processing file /home/airflow/.local/lib/python3.7/site-packages/airflow/example_dags/example_task_group_decorator.py for tasks to queue
[2023-04-28T11:25:55.406+0000] {logging_mixin.py:137} INFO - [2023-04-28T11:25:55.405+0000] {dagbag.py:532} INFO - Filling up the DagBag from /home/airflow/.local/lib/python3.7/site-packages/airflow/example_dags/example_task_group_decorator.py
[2023-04-28T11:25:55.466+0000] {processor.py:753} INFO - DAG(s) dict_keys(['example_task_group_decorator']) retrieved from /home/airflow/.local/lib/python3.7/site-packages/airflow/example_dags/example_task_group_decorator.py
[2023-04-28T11:25:55.550+0000] {logging_mixin.py:137} INFO - [2023-04-28T11:25:55.549+0000] {dag.py:2705} INFO - Sync 1 DAGs
[2023-04-28T11:25:55.697+0000] {logging_mixin.py:137} INFO - [2023-04-28T11:25:55.696+0000] {dag.py:3456} INFO - Setting next_dagrun for example_task_group_decorator to 2023-04-27T11:25:55.696122+00:00, run_after=2023-04-28T11:25:55.696122+00:00
[2023-04-28T11:25:55.750+0000] {processor.py:175} INFO - Processing /home/airflow/.local/lib/python3.7/site-packages/airflow/example_dags/example_task_group_decorator.py took 0.360 seconds
[2023-04-28T11:26:25.817+0000] {processor.py:153} INFO - Started process (PID=1092) to work on /home/airflow/.local/lib/python3.7/site-packages/airflow/example_dags/example_task_group_decorator.py
[2023-04-28T11:26:25.819+0000] {processor.py:743} INFO - Processing file /home/airflow/.local/lib/python3.7/site-packages/airflow/example_dags/example_task_group_decorator.py for tasks to queue
[2023-04-28T11:26:25.820+0000] {logging_mixin.py:137} INFO - [2023-04-28T11:26:25.820+0000] {dagbag.py:532} INFO - Filling up the DagBag from /home/airflow/.local/lib/python3.7/site-packages/airflow/example_dags/example_task_group_decorator.py
[2023-04-28T11:26:25.853+0000] {processor.py:753} INFO - DAG(s) dict_keys(['example_task_group_decorator']) retrieved from /home/airflow/.local/lib/python3.7/site-packages/airflow/example_dags/example_task_group_decorator.py
[2023-04-28T11:26:25.887+0000] {logging_mixin.py:137} INFO - [2023-04-28T11:26:25.887+0000] {dag.py:2705} INFO - Sync 1 DAGs
[2023-04-28T11:26:25.916+0000] {logging_mixin.py:137} INFO - [2023-04-28T11:26:25.916+0000] {dag.py:3456} INFO - Setting next_dagrun for example_task_group_decorator to 2023-04-27T11:26:25.916393+00:00, run_after=2023-04-28T11:26:25.916393+00:00
[2023-04-28T11:26:25.938+0000] {processor.py:175} INFO - Processing /home/airflow/.local/lib/python3.7/site-packages/airflow/example_dags/example_task_group_decorator.py took 0.126 seconds
[2023-04-28T11:26:56.173+0000] {processor.py:153} INFO - Started process (PID=1308) to work on /home/airflow/.local/lib/python3.7/site-packages/airflow/example_dags/example_task_group_decorator.py
[2023-04-28T11:26:56.178+0000] {processor.py:743} INFO - Processing file /home/airflow/.local/lib/python3.7/site-packages/airflow/example_dags/example_task_group_decorator.py for tasks to queue
[2023-04-28T11:26:56.183+0000] {logging_mixin.py:137} INFO - [2023-04-28T11:26:56.183+0000] {dagbag.py:532} INFO - Filling up the DagBag from /home/airflow/.local/lib/python3.7/site-packages/airflow/example_dags/example_task_group_decorator.py
[2023-04-28T11:26:56.250+0000] {processor.py:753} INFO - DAG(s) dict_keys(['example_task_group_decorator']) retrieved from /home/airflow/.local/lib/python3.7/site-packages/airflow/example_dags/example_task_group_decorator.py
[2023-04-28T11:26:56.326+0000] {logging_mixin.py:137} INFO - [2023-04-28T11:26:56.325+0000] {dag.py:2705} INFO - Sync 1 DAGs
[2023-04-28T11:26:56.402+0000] {logging_mixin.py:137} INFO - [2023-04-28T11:26:56.402+0000] {dag.py:3456} INFO - Setting next_dagrun for example_task_group_decorator to 2023-04-27T11:26:56.401527+00:00, run_after=2023-04-28T11:26:56.401527+00:00
[2023-04-28T11:26:56.451+0000] {processor.py:175} INFO - Processing /home/airflow/.local/lib/python3.7/site-packages/airflow/example_dags/example_task_group_decorator.py took 0.288 seconds
[2023-04-28T11:27:27.240+0000] {processor.py:153} INFO - Started process (PID=1526) to work on /home/airflow/.local/lib/python3.7/site-packages/airflow/example_dags/example_task_group_decorator.py
[2023-04-28T11:27:27.242+0000] {processor.py:743} INFO - Processing file /home/airflow/.local/lib/python3.7/site-packages/airflow/example_dags/example_task_group_decorator.py for tasks to queue
[2023-04-28T11:27:27.243+0000] {logging_mixin.py:137} INFO - [2023-04-28T11:27:27.243+0000] {dagbag.py:532} INFO - Filling up the DagBag from /home/airflow/.local/lib/python3.7/site-packages/airflow/example_dags/example_task_group_decorator.py
[2023-04-28T11:27:27.280+0000] {processor.py:753} INFO - DAG(s) dict_keys(['example_task_group_decorator']) retrieved from /home/airflow/.local/lib/python3.7/site-packages/airflow/example_dags/example_task_group_decorator.py
[2023-04-28T11:27:27.314+0000] {logging_mixin.py:137} INFO - [2023-04-28T11:27:27.314+0000] {dag.py:2705} INFO - Sync 1 DAGs
[2023-04-28T11:27:27.342+0000] {logging_mixin.py:137} INFO - [2023-04-28T11:27:27.342+0000] {dag.py:3456} INFO - Setting next_dagrun for example_task_group_decorator to 2023-04-27T11:27:27.341910+00:00, run_after=2023-04-28T11:27:27.341910+00:00
[2023-04-28T11:27:27.364+0000] {processor.py:175} INFO - Processing /home/airflow/.local/lib/python3.7/site-packages/airflow/example_dags/example_task_group_decorator.py took 0.130 seconds
[2023-04-28T11:27:57.705+0000] {processor.py:153} INFO - Started process (PID=1744) to work on /home/airflow/.local/lib/python3.7/site-packages/airflow/example_dags/example_task_group_decorator.py
[2023-04-28T11:27:57.709+0000] {processor.py:743} INFO - Processing file /home/airflow/.local/lib/python3.7/site-packages/airflow/example_dags/example_task_group_decorator.py for tasks to queue
[2023-04-28T11:27:57.712+0000] {logging_mixin.py:137} INFO - [2023-04-28T11:27:57.712+0000] {dagbag.py:532} INFO - Filling up the DagBag from /home/airflow/.local/lib/python3.7/site-packages/airflow/example_dags/example_task_group_decorator.py
[2023-04-28T11:27:57.784+0000] {processor.py:753} INFO - DAG(s) dict_keys(['example_task_group_decorator']) retrieved from /home/airflow/.local/lib/python3.7/site-packages/airflow/example_dags/example_task_group_decorator.py
[2023-04-28T11:27:57.865+0000] {logging_mixin.py:137} INFO - [2023-04-28T11:27:57.865+0000] {dag.py:2705} INFO - Sync 1 DAGs
[2023-04-28T11:27:57.928+0000] {logging_mixin.py:137} INFO - [2023-04-28T11:27:57.928+0000] {dag.py:3456} INFO - Setting next_dagrun for example_task_group_decorator to 2023-04-27T11:27:57.928182+00:00, run_after=2023-04-28T11:27:57.928182+00:00
[2023-04-28T11:27:57.973+0000] {processor.py:175} INFO - Processing /home/airflow/.local/lib/python3.7/site-packages/airflow/example_dags/example_task_group_decorator.py took 0.276 seconds
[2023-04-28T11:28:28.277+0000] {processor.py:153} INFO - Started process (PID=1962) to work on /home/airflow/.local/lib/python3.7/site-packages/airflow/example_dags/example_task_group_decorator.py
[2023-04-28T11:28:28.280+0000] {processor.py:743} INFO - Processing file /home/airflow/.local/lib/python3.7/site-packages/airflow/example_dags/example_task_group_decorator.py for tasks to queue
[2023-04-28T11:28:28.282+0000] {logging_mixin.py:137} INFO - [2023-04-28T11:28:28.282+0000] {dagbag.py:532} INFO - Filling up the DagBag from /home/airflow/.local/lib/python3.7/site-packages/airflow/example_dags/example_task_group_decorator.py
[2023-04-28T11:28:28.334+0000] {processor.py:753} INFO - DAG(s) dict_keys(['example_task_group_decorator']) retrieved from /home/airflow/.local/lib/python3.7/site-packages/airflow/example_dags/example_task_group_decorator.py
[2023-04-28T11:28:28.380+0000] {logging_mixin.py:137} INFO - [2023-04-28T11:28:28.379+0000] {dag.py:2705} INFO - Sync 1 DAGs
[2023-04-28T11:28:28.422+0000] {logging_mixin.py:137} INFO - [2023-04-28T11:28:28.422+0000] {dag.py:3456} INFO - Setting next_dagrun for example_task_group_decorator to 2023-04-27T11:28:28.421747+00:00, run_after=2023-04-28T11:28:28.421747+00:00
[2023-04-28T11:28:28.460+0000] {processor.py:175} INFO - Processing /home/airflow/.local/lib/python3.7/site-packages/airflow/example_dags/example_task_group_decorator.py took 0.190 seconds
[2023-04-28T11:28:58.727+0000] {processor.py:153} INFO - Started process (PID=2180) to work on /home/airflow/.local/lib/python3.7/site-packages/airflow/example_dags/example_task_group_decorator.py
[2023-04-28T11:28:58.729+0000] {processor.py:743} INFO - Processing file /home/airflow/.local/lib/python3.7/site-packages/airflow/example_dags/example_task_group_decorator.py for tasks to queue
[2023-04-28T11:28:58.731+0000] {logging_mixin.py:137} INFO - [2023-04-28T11:28:58.731+0000] {dagbag.py:532} INFO - Filling up the DagBag from /home/airflow/.local/lib/python3.7/site-packages/airflow/example_dags/example_task_group_decorator.py
[2023-04-28T11:28:58.772+0000] {processor.py:753} INFO - DAG(s) dict_keys(['example_task_group_decorator']) retrieved from /home/airflow/.local/lib/python3.7/site-packages/airflow/example_dags/example_task_group_decorator.py
[2023-04-28T11:28:58.812+0000] {logging_mixin.py:137} INFO - [2023-04-28T11:28:58.812+0000] {dag.py:2705} INFO - Sync 1 DAGs
[2023-04-28T11:28:58.847+0000] {logging_mixin.py:137} INFO - [2023-04-28T11:28:58.846+0000] {dag.py:3456} INFO - Setting next_dagrun for example_task_group_decorator to 2023-04-27T11:28:58.846621+00:00, run_after=2023-04-28T11:28:58.846621+00:00
[2023-04-28T11:28:58.877+0000] {processor.py:175} INFO - Processing /home/airflow/.local/lib/python3.7/site-packages/airflow/example_dags/example_task_group_decorator.py took 0.156 seconds
[2023-04-28T11:29:29.167+0000] {processor.py:153} INFO - Started process (PID=2398) to work on /home/airflow/.local/lib/python3.7/site-packages/airflow/example_dags/example_task_group_decorator.py
[2023-04-28T11:29:29.169+0000] {processor.py:743} INFO - Processing file /home/airflow/.local/lib/python3.7/site-packages/airflow/example_dags/example_task_group_decorator.py for tasks to queue
[2023-04-28T11:29:29.172+0000] {logging_mixin.py:137} INFO - [2023-04-28T11:29:29.171+0000] {dagbag.py:532} INFO - Filling up the DagBag from /home/airflow/.local/lib/python3.7/site-packages/airflow/example_dags/example_task_group_decorator.py
[2023-04-28T11:29:29.217+0000] {processor.py:753} INFO - DAG(s) dict_keys(['example_task_group_decorator']) retrieved from /home/airflow/.local/lib/python3.7/site-packages/airflow/example_dags/example_task_group_decorator.py
[2023-04-28T11:29:29.256+0000] {logging_mixin.py:137} INFO - [2023-04-28T11:29:29.256+0000] {dag.py:2705} INFO - Sync 1 DAGs
[2023-04-28T11:29:29.288+0000] {logging_mixin.py:137} INFO - [2023-04-28T11:29:29.288+0000] {dag.py:3456} INFO - Setting next_dagrun for example_task_group_decorator to 2023-04-27T11:29:29.288198+00:00, run_after=2023-04-28T11:29:29.288198+00:00
[2023-04-28T11:29:29.316+0000] {processor.py:175} INFO - Processing /home/airflow/.local/lib/python3.7/site-packages/airflow/example_dags/example_task_group_decorator.py took 0.155 seconds
[2023-04-28T11:30:00.117+0000] {processor.py:153} INFO - Started process (PID=2616) to work on /home/airflow/.local/lib/python3.7/site-packages/airflow/example_dags/example_task_group_decorator.py
[2023-04-28T11:30:00.120+0000] {processor.py:743} INFO - Processing file /home/airflow/.local/lib/python3.7/site-packages/airflow/example_dags/example_task_group_decorator.py for tasks to queue
[2023-04-28T11:30:00.123+0000] {logging_mixin.py:137} INFO - [2023-04-28T11:30:00.122+0000] {dagbag.py:532} INFO - Filling up the DagBag from /home/airflow/.local/lib/python3.7/site-packages/airflow/example_dags/example_task_group_decorator.py
[2023-04-28T11:30:00.166+0000] {processor.py:753} INFO - DAG(s) dict_keys(['example_task_group_decorator']) retrieved from /home/airflow/.local/lib/python3.7/site-packages/airflow/example_dags/example_task_group_decorator.py
[2023-04-28T11:30:00.211+0000] {logging_mixin.py:137} INFO - [2023-04-28T11:30:00.210+0000] {dag.py:2705} INFO - Sync 1 DAGs
[2023-04-28T11:30:00.253+0000] {logging_mixin.py:137} INFO - [2023-04-28T11:30:00.253+0000] {dag.py:3456} INFO - Setting next_dagrun for example_task_group_decorator to 2023-04-27T11:30:00.252714+00:00, run_after=2023-04-28T11:30:00.252714+00:00
[2023-04-28T11:30:00.297+0000] {processor.py:175} INFO - Processing /home/airflow/.local/lib/python3.7/site-packages/airflow/example_dags/example_task_group_decorator.py took 0.185 seconds
[2023-04-28T11:30:30.444+0000] {processor.py:153} INFO - Started process (PID=2834) to work on /home/airflow/.local/lib/python3.7/site-packages/airflow/example_dags/example_task_group_decorator.py
[2023-04-28T11:30:30.447+0000] {processor.py:743} INFO - Processing file /home/airflow/.local/lib/python3.7/site-packages/airflow/example_dags/example_task_group_decorator.py for tasks to queue
[2023-04-28T11:30:30.449+0000] {logging_mixin.py:137} INFO - [2023-04-28T11:30:30.449+0000] {dagbag.py:532} INFO - Filling up the DagBag from /home/airflow/.local/lib/python3.7/site-packages/airflow/example_dags/example_task_group_decorator.py
[2023-04-28T11:30:30.490+0000] {processor.py:753} INFO - DAG(s) dict_keys(['example_task_group_decorator']) retrieved from /home/airflow/.local/lib/python3.7/site-packages/airflow/example_dags/example_task_group_decorator.py
[2023-04-28T11:30:30.530+0000] {logging_mixin.py:137} INFO - [2023-04-28T11:30:30.530+0000] {dag.py:2705} INFO - Sync 1 DAGs
[2023-04-28T11:30:30.563+0000] {logging_mixin.py:137} INFO - [2023-04-28T11:30:30.563+0000] {dag.py:3456} INFO - Setting next_dagrun for example_task_group_decorator to 2023-04-27T11:30:30.563293+00:00, run_after=2023-04-28T11:30:30.563293+00:00
[2023-04-28T11:30:30.588+0000] {processor.py:175} INFO - Processing /home/airflow/.local/lib/python3.7/site-packages/airflow/example_dags/example_task_group_decorator.py took 0.150 seconds
[2023-04-28T11:31:00.796+0000] {processor.py:153} INFO - Started process (PID=3052) to work on /home/airflow/.local/lib/python3.7/site-packages/airflow/example_dags/example_task_group_decorator.py
[2023-04-28T11:31:00.799+0000] {processor.py:743} INFO - Processing file /home/airflow/.local/lib/python3.7/site-packages/airflow/example_dags/example_task_group_decorator.py for tasks to queue
[2023-04-28T11:31:00.801+0000] {logging_mixin.py:137} INFO - [2023-04-28T11:31:00.801+0000] {dagbag.py:532} INFO - Filling up the DagBag from /home/airflow/.local/lib/python3.7/site-packages/airflow/example_dags/example_task_group_decorator.py
[2023-04-28T11:31:00.848+0000] {processor.py:753} INFO - DAG(s) dict_keys(['example_task_group_decorator']) retrieved from /home/airflow/.local/lib/python3.7/site-packages/airflow/example_dags/example_task_group_decorator.py
[2023-04-28T11:31:00.895+0000] {logging_mixin.py:137} INFO - [2023-04-28T11:31:00.895+0000] {dag.py:2705} INFO - Sync 1 DAGs
[2023-04-28T11:31:00.935+0000] {logging_mixin.py:137} INFO - [2023-04-28T11:31:00.935+0000] {dag.py:3456} INFO - Setting next_dagrun for example_task_group_decorator to 2023-04-27T11:31:00.935471+00:00, run_after=2023-04-28T11:31:00.935471+00:00
[2023-04-28T11:31:00.965+0000] {processor.py:175} INFO - Processing /home/airflow/.local/lib/python3.7/site-packages/airflow/example_dags/example_task_group_decorator.py took 0.175 seconds
[2023-04-28T11:31:31.487+0000] {processor.py:153} INFO - Started process (PID=3269) to work on /home/airflow/.local/lib/python3.7/site-packages/airflow/example_dags/example_task_group_decorator.py
[2023-04-28T11:31:31.489+0000] {processor.py:743} INFO - Processing file /home/airflow/.local/lib/python3.7/site-packages/airflow/example_dags/example_task_group_decorator.py for tasks to queue
[2023-04-28T11:31:31.491+0000] {logging_mixin.py:137} INFO - [2023-04-28T11:31:31.491+0000] {dagbag.py:532} INFO - Filling up the DagBag from /home/airflow/.local/lib/python3.7/site-packages/airflow/example_dags/example_task_group_decorator.py
[2023-04-28T11:31:31.533+0000] {processor.py:753} INFO - DAG(s) dict_keys(['example_task_group_decorator']) retrieved from /home/airflow/.local/lib/python3.7/site-packages/airflow/example_dags/example_task_group_decorator.py
[2023-04-28T11:31:31.569+0000] {logging_mixin.py:137} INFO - [2023-04-28T11:31:31.569+0000] {dag.py:2705} INFO - Sync 1 DAGs
[2023-04-28T11:31:31.608+0000] {logging_mixin.py:137} INFO - [2023-04-28T11:31:31.607+0000] {dag.py:3456} INFO - Setting next_dagrun for example_task_group_decorator to 2023-04-27T11:31:31.607521+00:00, run_after=2023-04-28T11:31:31.607521+00:00
[2023-04-28T11:31:31.635+0000] {processor.py:175} INFO - Processing /home/airflow/.local/lib/python3.7/site-packages/airflow/example_dags/example_task_group_decorator.py took 0.153 seconds
[2023-04-28T11:32:01.893+0000] {processor.py:153} INFO - Started process (PID=3487) to work on /home/airflow/.local/lib/python3.7/site-packages/airflow/example_dags/example_task_group_decorator.py
[2023-04-28T11:32:01.894+0000] {processor.py:743} INFO - Processing file /home/airflow/.local/lib/python3.7/site-packages/airflow/example_dags/example_task_group_decorator.py for tasks to queue
[2023-04-28T11:32:01.896+0000] {logging_mixin.py:137} INFO - [2023-04-28T11:32:01.896+0000] {dagbag.py:532} INFO - Filling up the DagBag from /home/airflow/.local/lib/python3.7/site-packages/airflow/example_dags/example_task_group_decorator.py
[2023-04-28T11:32:01.935+0000] {processor.py:753} INFO - DAG(s) dict_keys(['example_task_group_decorator']) retrieved from /home/airflow/.local/lib/python3.7/site-packages/airflow/example_dags/example_task_group_decorator.py
[2023-04-28T11:32:01.971+0000] {logging_mixin.py:137} INFO - [2023-04-28T11:32:01.971+0000] {dag.py:2705} INFO - Sync 1 DAGs
[2023-04-28T11:32:02.003+0000] {logging_mixin.py:137} INFO - [2023-04-28T11:32:02.003+0000] {dag.py:3456} INFO - Setting next_dagrun for example_task_group_decorator to 2023-04-27T11:32:02.002820+00:00, run_after=2023-04-28T11:32:02.002820+00:00
[2023-04-28T11:32:02.028+0000] {processor.py:175} INFO - Processing /home/airflow/.local/lib/python3.7/site-packages/airflow/example_dags/example_task_group_decorator.py took 0.140 seconds
[2023-04-28T11:32:32.185+0000] {processor.py:153} INFO - Started process (PID=3705) to work on /home/airflow/.local/lib/python3.7/site-packages/airflow/example_dags/example_task_group_decorator.py
[2023-04-28T11:32:32.187+0000] {processor.py:743} INFO - Processing file /home/airflow/.local/lib/python3.7/site-packages/airflow/example_dags/example_task_group_decorator.py for tasks to queue
[2023-04-28T11:32:32.189+0000] {logging_mixin.py:137} INFO - [2023-04-28T11:32:32.188+0000] {dagbag.py:532} INFO - Filling up the DagBag from /home/airflow/.local/lib/python3.7/site-packages/airflow/example_dags/example_task_group_decorator.py
[2023-04-28T11:32:32.229+0000] {processor.py:753} INFO - DAG(s) dict_keys(['example_task_group_decorator']) retrieved from /home/airflow/.local/lib/python3.7/site-packages/airflow/example_dags/example_task_group_decorator.py
[2023-04-28T11:32:32.265+0000] {logging_mixin.py:137} INFO - [2023-04-28T11:32:32.265+0000] {dag.py:2705} INFO - Sync 1 DAGs
[2023-04-28T11:32:32.294+0000] {logging_mixin.py:137} INFO - [2023-04-28T11:32:32.294+0000] {dag.py:3456} INFO - Setting next_dagrun for example_task_group_decorator to 2023-04-27T11:32:32.294148+00:00, run_after=2023-04-28T11:32:32.294148+00:00
[2023-04-28T11:32:32.317+0000] {processor.py:175} INFO - Processing /home/airflow/.local/lib/python3.7/site-packages/airflow/example_dags/example_task_group_decorator.py took 0.137 seconds
[2023-04-28T11:33:02.572+0000] {processor.py:153} INFO - Started process (PID=3923) to work on /home/airflow/.local/lib/python3.7/site-packages/airflow/example_dags/example_task_group_decorator.py
[2023-04-28T11:33:02.574+0000] {processor.py:743} INFO - Processing file /home/airflow/.local/lib/python3.7/site-packages/airflow/example_dags/example_task_group_decorator.py for tasks to queue
[2023-04-28T11:33:02.575+0000] {logging_mixin.py:137} INFO - [2023-04-28T11:33:02.575+0000] {dagbag.py:532} INFO - Filling up the DagBag from /home/airflow/.local/lib/python3.7/site-packages/airflow/example_dags/example_task_group_decorator.py
[2023-04-28T11:33:02.613+0000] {processor.py:753} INFO - DAG(s) dict_keys(['example_task_group_decorator']) retrieved from /home/airflow/.local/lib/python3.7/site-packages/airflow/example_dags/example_task_group_decorator.py
[2023-04-28T11:33:02.647+0000] {logging_mixin.py:137} INFO - [2023-04-28T11:33:02.647+0000] {dag.py:2705} INFO - Sync 1 DAGs
[2023-04-28T11:33:02.676+0000] {logging_mixin.py:137} INFO - [2023-04-28T11:33:02.676+0000] {dag.py:3456} INFO - Setting next_dagrun for example_task_group_decorator to 2023-04-27T11:33:02.675766+00:00, run_after=2023-04-28T11:33:02.675766+00:00
[2023-04-28T11:33:02.699+0000] {processor.py:175} INFO - Processing /home/airflow/.local/lib/python3.7/site-packages/airflow/example_dags/example_task_group_decorator.py took 0.131 seconds
[2023-04-28T11:33:32.838+0000] {processor.py:153} INFO - Started process (PID=4141) to work on /home/airflow/.local/lib/python3.7/site-packages/airflow/example_dags/example_task_group_decorator.py
[2023-04-28T11:33:32.840+0000] {processor.py:743} INFO - Processing file /home/airflow/.local/lib/python3.7/site-packages/airflow/example_dags/example_task_group_decorator.py for tasks to queue
[2023-04-28T11:33:32.841+0000] {logging_mixin.py:137} INFO - [2023-04-28T11:33:32.841+0000] {dagbag.py:532} INFO - Filling up the DagBag from /home/airflow/.local/lib/python3.7/site-packages/airflow/example_dags/example_task_group_decorator.py
[2023-04-28T11:33:32.877+0000] {processor.py:753} INFO - DAG(s) dict_keys(['example_task_group_decorator']) retrieved from /home/airflow/.local/lib/python3.7/site-packages/airflow/example_dags/example_task_group_decorator.py
[2023-04-28T11:33:32.922+0000] {logging_mixin.py:137} INFO - [2023-04-28T11:33:32.922+0000] {dag.py:2705} INFO - Sync 1 DAGs
[2023-04-28T11:33:32.964+0000] {logging_mixin.py:137} INFO - [2023-04-28T11:33:32.964+0000] {dag.py:3456} INFO - Setting next_dagrun for example_task_group_decorator to 2023-04-27T11:33:32.963859+00:00, run_after=2023-04-28T11:33:32.963859+00:00
[2023-04-28T11:33:32.999+0000] {processor.py:175} INFO - Processing /home/airflow/.local/lib/python3.7/site-packages/airflow/example_dags/example_task_group_decorator.py took 0.166 seconds
[2023-04-28T11:34:03.136+0000] {processor.py:153} INFO - Started process (PID=4359) to work on /home/airflow/.local/lib/python3.7/site-packages/airflow/example_dags/example_task_group_decorator.py
[2023-04-28T11:34:03.138+0000] {processor.py:743} INFO - Processing file /home/airflow/.local/lib/python3.7/site-packages/airflow/example_dags/example_task_group_decorator.py for tasks to queue
[2023-04-28T11:34:03.140+0000] {logging_mixin.py:137} INFO - [2023-04-28T11:34:03.140+0000] {dagbag.py:532} INFO - Filling up the DagBag from /home/airflow/.local/lib/python3.7/site-packages/airflow/example_dags/example_task_group_decorator.py
[2023-04-28T11:34:03.178+0000] {processor.py:753} INFO - DAG(s) dict_keys(['example_task_group_decorator']) retrieved from /home/airflow/.local/lib/python3.7/site-packages/airflow/example_dags/example_task_group_decorator.py
[2023-04-28T11:34:03.211+0000] {logging_mixin.py:137} INFO - [2023-04-28T11:34:03.211+0000] {dag.py:2705} INFO - Sync 1 DAGs
[2023-04-28T11:34:03.247+0000] {logging_mixin.py:137} INFO - [2023-04-28T11:34:03.247+0000] {dag.py:3456} INFO - Setting next_dagrun for example_task_group_decorator to 2023-04-27T11:34:03.246912+00:00, run_after=2023-04-28T11:34:03.246912+00:00
[2023-04-28T11:34:03.276+0000] {processor.py:175} INFO - Processing /home/airflow/.local/lib/python3.7/site-packages/airflow/example_dags/example_task_group_decorator.py took 0.144 seconds
[2023-04-28T11:34:33.851+0000] {processor.py:153} INFO - Started process (PID=4577) to work on /home/airflow/.local/lib/python3.7/site-packages/airflow/example_dags/example_task_group_decorator.py
[2023-04-28T11:34:33.853+0000] {processor.py:743} INFO - Processing file /home/airflow/.local/lib/python3.7/site-packages/airflow/example_dags/example_task_group_decorator.py for tasks to queue
[2023-04-28T11:34:33.855+0000] {logging_mixin.py:137} INFO - [2023-04-28T11:34:33.855+0000] {dagbag.py:532} INFO - Filling up the DagBag from /home/airflow/.local/lib/python3.7/site-packages/airflow/example_dags/example_task_group_decorator.py
[2023-04-28T11:34:33.887+0000] {processor.py:753} INFO - DAG(s) dict_keys(['example_task_group_decorator']) retrieved from /home/airflow/.local/lib/python3.7/site-packages/airflow/example_dags/example_task_group_decorator.py
[2023-04-28T11:34:33.919+0000] {logging_mixin.py:137} INFO - [2023-04-28T11:34:33.919+0000] {dag.py:2705} INFO - Sync 1 DAGs
[2023-04-28T11:34:33.947+0000] {logging_mixin.py:137} INFO - [2023-04-28T11:34:33.947+0000] {dag.py:3456} INFO - Setting next_dagrun for example_task_group_decorator to 2023-04-27T11:34:33.947093+00:00, run_after=2023-04-28T11:34:33.947093+00:00
[2023-04-28T11:34:33.969+0000] {processor.py:175} INFO - Processing /home/airflow/.local/lib/python3.7/site-packages/airflow/example_dags/example_task_group_decorator.py took 0.123 seconds
[2023-04-28T11:35:04.399+0000] {processor.py:153} INFO - Started process (PID=4795) to work on /home/airflow/.local/lib/python3.7/site-packages/airflow/example_dags/example_task_group_decorator.py
[2023-04-28T11:35:04.401+0000] {processor.py:743} INFO - Processing file /home/airflow/.local/lib/python3.7/site-packages/airflow/example_dags/example_task_group_decorator.py for tasks to queue
[2023-04-28T11:35:04.403+0000] {logging_mixin.py:137} INFO - [2023-04-28T11:35:04.402+0000] {dagbag.py:532} INFO - Filling up the DagBag from /home/airflow/.local/lib/python3.7/site-packages/airflow/example_dags/example_task_group_decorator.py
[2023-04-28T11:35:04.437+0000] {processor.py:753} INFO - DAG(s) dict_keys(['example_task_group_decorator']) retrieved from /home/airflow/.local/lib/python3.7/site-packages/airflow/example_dags/example_task_group_decorator.py
[2023-04-28T11:35:04.470+0000] {logging_mixin.py:137} INFO - [2023-04-28T11:35:04.470+0000] {dag.py:2705} INFO - Sync 1 DAGs
[2023-04-28T11:35:04.499+0000] {logging_mixin.py:137} INFO - [2023-04-28T11:35:04.498+0000] {dag.py:3456} INFO - Setting next_dagrun for example_task_group_decorator to 2023-04-27T11:35:04.498608+00:00, run_after=2023-04-28T11:35:04.498608+00:00
[2023-04-28T11:35:04.522+0000] {processor.py:175} INFO - Processing /home/airflow/.local/lib/python3.7/site-packages/airflow/example_dags/example_task_group_decorator.py took 0.129 seconds
[2023-04-28T11:35:34.654+0000] {processor.py:153} INFO - Started process (PID=5013) to work on /home/airflow/.local/lib/python3.7/site-packages/airflow/example_dags/example_task_group_decorator.py
[2023-04-28T11:35:34.656+0000] {processor.py:743} INFO - Processing file /home/airflow/.local/lib/python3.7/site-packages/airflow/example_dags/example_task_group_decorator.py for tasks to queue
[2023-04-28T11:35:34.657+0000] {logging_mixin.py:137} INFO - [2023-04-28T11:35:34.657+0000] {dagbag.py:532} INFO - Filling up the DagBag from /home/airflow/.local/lib/python3.7/site-packages/airflow/example_dags/example_task_group_decorator.py
[2023-04-28T11:35:34.692+0000] {processor.py:753} INFO - DAG(s) dict_keys(['example_task_group_decorator']) retrieved from /home/airflow/.local/lib/python3.7/site-packages/airflow/example_dags/example_task_group_decorator.py
[2023-04-28T11:35:34.729+0000] {logging_mixin.py:137} INFO - [2023-04-28T11:35:34.728+0000] {dag.py:2705} INFO - Sync 1 DAGs
[2023-04-28T11:35:34.764+0000] {logging_mixin.py:137} INFO - [2023-04-28T11:35:34.764+0000] {dag.py:3456} INFO - Setting next_dagrun for example_task_group_decorator to 2023-04-27T11:35:34.763807+00:00, run_after=2023-04-28T11:35:34.763807+00:00
[2023-04-28T11:35:34.789+0000] {processor.py:175} INFO - Processing /home/airflow/.local/lib/python3.7/site-packages/airflow/example_dags/example_task_group_decorator.py took 0.140 seconds
[2023-04-28T11:36:05.228+0000] {processor.py:153} INFO - Started process (PID=5231) to work on /home/airflow/.local/lib/python3.7/site-packages/airflow/example_dags/example_task_group_decorator.py
[2023-04-28T11:36:05.232+0000] {processor.py:743} INFO - Processing file /home/airflow/.local/lib/python3.7/site-packages/airflow/example_dags/example_task_group_decorator.py for tasks to queue
[2023-04-28T11:36:05.234+0000] {logging_mixin.py:137} INFO - [2023-04-28T11:36:05.234+0000] {dagbag.py:532} INFO - Filling up the DagBag from /home/airflow/.local/lib/python3.7/site-packages/airflow/example_dags/example_task_group_decorator.py
[2023-04-28T11:36:05.272+0000] {processor.py:753} INFO - DAG(s) dict_keys(['example_task_group_decorator']) retrieved from /home/airflow/.local/lib/python3.7/site-packages/airflow/example_dags/example_task_group_decorator.py
[2023-04-28T11:36:05.312+0000] {logging_mixin.py:137} INFO - [2023-04-28T11:36:05.311+0000] {dag.py:2705} INFO - Sync 1 DAGs
[2023-04-28T11:36:05.348+0000] {logging_mixin.py:137} INFO - [2023-04-28T11:36:05.347+0000] {dag.py:3456} INFO - Setting next_dagrun for example_task_group_decorator to 2023-04-27T11:36:05.347603+00:00, run_after=2023-04-28T11:36:05.347603+00:00
[2023-04-28T11:36:05.374+0000] {processor.py:175} INFO - Processing /home/airflow/.local/lib/python3.7/site-packages/airflow/example_dags/example_task_group_decorator.py took 0.152 seconds
[2023-04-28T11:36:36.100+0000] {processor.py:153} INFO - Started process (PID=5449) to work on /home/airflow/.local/lib/python3.7/site-packages/airflow/example_dags/example_task_group_decorator.py
[2023-04-28T11:36:36.102+0000] {processor.py:743} INFO - Processing file /home/airflow/.local/lib/python3.7/site-packages/airflow/example_dags/example_task_group_decorator.py for tasks to queue
[2023-04-28T11:36:36.103+0000] {logging_mixin.py:137} INFO - [2023-04-28T11:36:36.103+0000] {dagbag.py:532} INFO - Filling up the DagBag from /home/airflow/.local/lib/python3.7/site-packages/airflow/example_dags/example_task_group_decorator.py
[2023-04-28T11:36:36.144+0000] {processor.py:753} INFO - DAG(s) dict_keys(['example_task_group_decorator']) retrieved from /home/airflow/.local/lib/python3.7/site-packages/airflow/example_dags/example_task_group_decorator.py
[2023-04-28T11:36:36.187+0000] {logging_mixin.py:137} INFO - [2023-04-28T11:36:36.187+0000] {dag.py:2705} INFO - Sync 1 DAGs
[2023-04-28T11:36:36.221+0000] {logging_mixin.py:137} INFO - [2023-04-28T11:36:36.220+0000] {dag.py:3456} INFO - Setting next_dagrun for example_task_group_decorator to 2023-04-27T11:36:36.220553+00:00, run_after=2023-04-28T11:36:36.220553+00:00
[2023-04-28T11:36:36.247+0000] {processor.py:175} INFO - Processing /home/airflow/.local/lib/python3.7/site-packages/airflow/example_dags/example_task_group_decorator.py took 0.153 seconds
[2023-04-28T11:37:06.445+0000] {processor.py:153} INFO - Started process (PID=5667) to work on /home/airflow/.local/lib/python3.7/site-packages/airflow/example_dags/example_task_group_decorator.py
[2023-04-28T11:37:06.447+0000] {processor.py:743} INFO - Processing file /home/airflow/.local/lib/python3.7/site-packages/airflow/example_dags/example_task_group_decorator.py for tasks to queue
[2023-04-28T11:37:06.450+0000] {logging_mixin.py:137} INFO - [2023-04-28T11:37:06.449+0000] {dagbag.py:532} INFO - Filling up the DagBag from /home/airflow/.local/lib/python3.7/site-packages/airflow/example_dags/example_task_group_decorator.py
[2023-04-28T11:37:06.492+0000] {processor.py:753} INFO - DAG(s) dict_keys(['example_task_group_decorator']) retrieved from /home/airflow/.local/lib/python3.7/site-packages/airflow/example_dags/example_task_group_decorator.py
[2023-04-28T11:37:06.530+0000] {logging_mixin.py:137} INFO - [2023-04-28T11:37:06.530+0000] {dag.py:2705} INFO - Sync 1 DAGs
[2023-04-28T11:37:06.562+0000] {logging_mixin.py:137} INFO - [2023-04-28T11:37:06.562+0000] {dag.py:3456} INFO - Setting next_dagrun for example_task_group_decorator to 2023-04-27T11:37:06.562170+00:00, run_after=2023-04-28T11:37:06.562170+00:00
[2023-04-28T11:37:06.594+0000] {processor.py:175} INFO - Processing /home/airflow/.local/lib/python3.7/site-packages/airflow/example_dags/example_task_group_decorator.py took 0.154 seconds
[2023-04-28T11:37:36.941+0000] {processor.py:153} INFO - Started process (PID=5885) to work on /home/airflow/.local/lib/python3.7/site-packages/airflow/example_dags/example_task_group_decorator.py
[2023-04-28T11:37:36.943+0000] {processor.py:743} INFO - Processing file /home/airflow/.local/lib/python3.7/site-packages/airflow/example_dags/example_task_group_decorator.py for tasks to queue
[2023-04-28T11:37:36.946+0000] {logging_mixin.py:137} INFO - [2023-04-28T11:37:36.946+0000] {dagbag.py:532} INFO - Filling up the DagBag from /home/airflow/.local/lib/python3.7/site-packages/airflow/example_dags/example_task_group_decorator.py
[2023-04-28T11:37:36.993+0000] {processor.py:753} INFO - DAG(s) dict_keys(['example_task_group_decorator']) retrieved from /home/airflow/.local/lib/python3.7/site-packages/airflow/example_dags/example_task_group_decorator.py
[2023-04-28T11:37:37.038+0000] {logging_mixin.py:137} INFO - [2023-04-28T11:37:37.038+0000] {dag.py:2705} INFO - Sync 1 DAGs
[2023-04-28T11:37:37.075+0000] {logging_mixin.py:137} INFO - [2023-04-28T11:37:37.075+0000] {dag.py:3456} INFO - Setting next_dagrun for example_task_group_decorator to 2023-04-27T11:37:37.075275+00:00, run_after=2023-04-28T11:37:37.075275+00:00
[2023-04-28T11:37:37.107+0000] {processor.py:175} INFO - Processing /home/airflow/.local/lib/python3.7/site-packages/airflow/example_dags/example_task_group_decorator.py took 0.171 seconds
[2023-04-28T11:38:07.193+0000] {processor.py:153} INFO - Started process (PID=6103) to work on /home/airflow/.local/lib/python3.7/site-packages/airflow/example_dags/example_task_group_decorator.py
[2023-04-28T11:38:07.195+0000] {processor.py:743} INFO - Processing file /home/airflow/.local/lib/python3.7/site-packages/airflow/example_dags/example_task_group_decorator.py for tasks to queue
[2023-04-28T11:38:07.197+0000] {logging_mixin.py:137} INFO - [2023-04-28T11:38:07.197+0000] {dagbag.py:532} INFO - Filling up the DagBag from /home/airflow/.local/lib/python3.7/site-packages/airflow/example_dags/example_task_group_decorator.py
[2023-04-28T11:38:07.246+0000] {processor.py:753} INFO - DAG(s) dict_keys(['example_task_group_decorator']) retrieved from /home/airflow/.local/lib/python3.7/site-packages/airflow/example_dags/example_task_group_decorator.py
[2023-04-28T11:38:07.302+0000] {logging_mixin.py:137} INFO - [2023-04-28T11:38:07.302+0000] {dag.py:2705} INFO - Sync 1 DAGs
[2023-04-28T11:38:07.350+0000] {logging_mixin.py:137} INFO - [2023-04-28T11:38:07.349+0000] {dag.py:3456} INFO - Setting next_dagrun for example_task_group_decorator to 2023-04-27T11:38:07.349591+00:00, run_after=2023-04-28T11:38:07.349591+00:00
[2023-04-28T11:38:07.393+0000] {processor.py:175} INFO - Processing /home/airflow/.local/lib/python3.7/site-packages/airflow/example_dags/example_task_group_decorator.py took 0.207 seconds
[2023-04-28T11:38:38.053+0000] {processor.py:153} INFO - Started process (PID=6321) to work on /home/airflow/.local/lib/python3.7/site-packages/airflow/example_dags/example_task_group_decorator.py
[2023-04-28T11:38:38.055+0000] {processor.py:743} INFO - Processing file /home/airflow/.local/lib/python3.7/site-packages/airflow/example_dags/example_task_group_decorator.py for tasks to queue
[2023-04-28T11:38:38.058+0000] {logging_mixin.py:137} INFO - [2023-04-28T11:38:38.057+0000] {dagbag.py:532} INFO - Filling up the DagBag from /home/airflow/.local/lib/python3.7/site-packages/airflow/example_dags/example_task_group_decorator.py
[2023-04-28T11:38:38.101+0000] {processor.py:753} INFO - DAG(s) dict_keys(['example_task_group_decorator']) retrieved from /home/airflow/.local/lib/python3.7/site-packages/airflow/example_dags/example_task_group_decorator.py
[2023-04-28T11:38:38.140+0000] {logging_mixin.py:137} INFO - [2023-04-28T11:38:38.140+0000] {dag.py:2705} INFO - Sync 1 DAGs
[2023-04-28T11:38:38.172+0000] {logging_mixin.py:137} INFO - [2023-04-28T11:38:38.172+0000] {dag.py:3456} INFO - Setting next_dagrun for example_task_group_decorator to 2023-04-27T11:38:38.172485+00:00, run_after=2023-04-28T11:38:38.172485+00:00
[2023-04-28T11:38:38.205+0000] {processor.py:175} INFO - Processing /home/airflow/.local/lib/python3.7/site-packages/airflow/example_dags/example_task_group_decorator.py took 0.158 seconds
[2023-04-28T11:39:08.667+0000] {processor.py:153} INFO - Started process (PID=6539) to work on /home/airflow/.local/lib/python3.7/site-packages/airflow/example_dags/example_task_group_decorator.py
[2023-04-28T11:39:08.669+0000] {processor.py:743} INFO - Processing file /home/airflow/.local/lib/python3.7/site-packages/airflow/example_dags/example_task_group_decorator.py for tasks to queue
[2023-04-28T11:39:08.671+0000] {logging_mixin.py:137} INFO - [2023-04-28T11:39:08.671+0000] {dagbag.py:532} INFO - Filling up the DagBag from /home/airflow/.local/lib/python3.7/site-packages/airflow/example_dags/example_task_group_decorator.py
[2023-04-28T11:39:08.711+0000] {processor.py:753} INFO - DAG(s) dict_keys(['example_task_group_decorator']) retrieved from /home/airflow/.local/lib/python3.7/site-packages/airflow/example_dags/example_task_group_decorator.py
[2023-04-28T11:39:08.748+0000] {logging_mixin.py:137} INFO - [2023-04-28T11:39:08.748+0000] {dag.py:2705} INFO - Sync 1 DAGs
[2023-04-28T11:39:08.781+0000] {logging_mixin.py:137} INFO - [2023-04-28T11:39:08.781+0000] {dag.py:3456} INFO - Setting next_dagrun for example_task_group_decorator to 2023-04-27T11:39:08.780854+00:00, run_after=2023-04-28T11:39:08.780854+00:00
[2023-04-28T11:39:08.810+0000] {processor.py:175} INFO - Processing /home/airflow/.local/lib/python3.7/site-packages/airflow/example_dags/example_task_group_decorator.py took 0.149 seconds
[2023-04-28T11:39:39.169+0000] {processor.py:153} INFO - Started process (PID=6771) to work on /home/airflow/.local/lib/python3.7/site-packages/airflow/example_dags/example_task_group_decorator.py
[2023-04-28T11:39:39.171+0000] {processor.py:743} INFO - Processing file /home/airflow/.local/lib/python3.7/site-packages/airflow/example_dags/example_task_group_decorator.py for tasks to queue
[2023-04-28T11:39:39.174+0000] {logging_mixin.py:137} INFO - [2023-04-28T11:39:39.174+0000] {dagbag.py:532} INFO - Filling up the DagBag from /home/airflow/.local/lib/python3.7/site-packages/airflow/example_dags/example_task_group_decorator.py
[2023-04-28T11:39:39.228+0000] {processor.py:753} INFO - DAG(s) dict_keys(['example_task_group_decorator']) retrieved from /home/airflow/.local/lib/python3.7/site-packages/airflow/example_dags/example_task_group_decorator.py
[2023-04-28T11:39:39.281+0000] {logging_mixin.py:137} INFO - [2023-04-28T11:39:39.281+0000] {dag.py:2705} INFO - Sync 1 DAGs
[2023-04-28T11:39:39.333+0000] {logging_mixin.py:137} INFO - [2023-04-28T11:39:39.333+0000] {dag.py:3456} INFO - Setting next_dagrun for example_task_group_decorator to 2023-04-27T11:39:39.332698+00:00, run_after=2023-04-28T11:39:39.332698+00:00
[2023-04-28T11:39:39.373+0000] {processor.py:175} INFO - Processing /home/airflow/.local/lib/python3.7/site-packages/airflow/example_dags/example_task_group_decorator.py took 0.210 seconds
[2023-04-28T11:40:09.888+0000] {processor.py:153} INFO - Started process (PID=6994) to work on /home/airflow/.local/lib/python3.7/site-packages/airflow/example_dags/example_task_group_decorator.py
[2023-04-28T11:40:09.892+0000] {processor.py:743} INFO - Processing file /home/airflow/.local/lib/python3.7/site-packages/airflow/example_dags/example_task_group_decorator.py for tasks to queue
[2023-04-28T11:40:09.897+0000] {logging_mixin.py:137} INFO - [2023-04-28T11:40:09.897+0000] {dagbag.py:532} INFO - Filling up the DagBag from /home/airflow/.local/lib/python3.7/site-packages/airflow/example_dags/example_task_group_decorator.py
[2023-04-28T11:40:09.995+0000] {processor.py:753} INFO - DAG(s) dict_keys(['example_task_group_decorator']) retrieved from /home/airflow/.local/lib/python3.7/site-packages/airflow/example_dags/example_task_group_decorator.py
[2023-04-28T11:40:10.140+0000] {logging_mixin.py:137} INFO - [2023-04-28T11:40:10.139+0000] {dag.py:2705} INFO - Sync 1 DAGs
[2023-04-28T11:40:10.250+0000] {logging_mixin.py:137} INFO - [2023-04-28T11:40:10.250+0000] {dag.py:3456} INFO - Setting next_dagrun for example_task_group_decorator to 2023-04-27T11:40:10.250237+00:00, run_after=2023-04-28T11:40:10.250237+00:00
[2023-04-28T11:40:10.350+0000] {processor.py:175} INFO - Processing /home/airflow/.local/lib/python3.7/site-packages/airflow/example_dags/example_task_group_decorator.py took 0.472 seconds
[2023-04-28T11:40:40.475+0000] {processor.py:153} INFO - Started process (PID=7218) to work on /home/airflow/.local/lib/python3.7/site-packages/airflow/example_dags/example_task_group_decorator.py
[2023-04-28T11:40:40.477+0000] {processor.py:743} INFO - Processing file /home/airflow/.local/lib/python3.7/site-packages/airflow/example_dags/example_task_group_decorator.py for tasks to queue
[2023-04-28T11:40:40.479+0000] {logging_mixin.py:137} INFO - [2023-04-28T11:40:40.479+0000] {dagbag.py:532} INFO - Filling up the DagBag from /home/airflow/.local/lib/python3.7/site-packages/airflow/example_dags/example_task_group_decorator.py
[2023-04-28T11:40:40.513+0000] {processor.py:753} INFO - DAG(s) dict_keys(['example_task_group_decorator']) retrieved from /home/airflow/.local/lib/python3.7/site-packages/airflow/example_dags/example_task_group_decorator.py
[2023-04-28T11:40:40.547+0000] {logging_mixin.py:137} INFO - [2023-04-28T11:40:40.547+0000] {dag.py:2705} INFO - Sync 1 DAGs
[2023-04-28T11:40:40.579+0000] {logging_mixin.py:137} INFO - [2023-04-28T11:40:40.578+0000] {dag.py:3456} INFO - Setting next_dagrun for example_task_group_decorator to 2023-04-27T11:40:40.578612+00:00, run_after=2023-04-28T11:40:40.578612+00:00
[2023-04-28T11:40:40.600+0000] {processor.py:175} INFO - Processing /home/airflow/.local/lib/python3.7/site-packages/airflow/example_dags/example_task_group_decorator.py took 0.129 seconds
