[2023-04-28T11:24:24.993+0000] {processor.py:153} INFO - Started process (PID=328) to work on /home/airflow/.local/lib/python3.7/site-packages/airflow/example_dags/example_external_task_marker_dag.py
[2023-04-28T11:24:24.994+0000] {processor.py:743} INFO - Processing file /home/airflow/.local/lib/python3.7/site-packages/airflow/example_dags/example_external_task_marker_dag.py for tasks to queue
[2023-04-28T11:24:24.996+0000] {logging_mixin.py:137} INFO - [2023-04-28T11:24:24.996+0000] {dagbag.py:532} INFO - Filling up the DagBag from /home/airflow/.local/lib/python3.7/site-packages/airflow/example_dags/example_external_task_marker_dag.py
[2023-04-28T11:24:25.016+0000] {processor.py:753} INFO - DAG(s) dict_keys(['example_external_task_marker_child', 'example_external_task_marker_parent']) retrieved from /home/airflow/.local/lib/python3.7/site-packages/airflow/example_dags/example_external_task_marker_dag.py
[2023-04-28T11:24:25.031+0000] {logging_mixin.py:137} INFO - [2023-04-28T11:24:25.031+0000] {dag.py:2705} INFO - Sync 2 DAGs
[2023-04-28T11:24:25.062+0000] {logging_mixin.py:137} INFO - [2023-04-28T11:24:25.062+0000] {dag.py:3456} INFO - Setting next_dagrun for example_external_task_marker_child to None, run_after=None
[2023-04-28T11:24:25.066+0000] {logging_mixin.py:137} INFO - [2023-04-28T11:24:25.066+0000] {dag.py:3456} INFO - Setting next_dagrun for example_external_task_marker_parent to None, run_after=None
[2023-04-28T11:24:25.085+0000] {processor.py:175} INFO - Processing /home/airflow/.local/lib/python3.7/site-packages/airflow/example_dags/example_external_task_marker_dag.py took 0.096 seconds
[2023-04-28T11:24:55.541+0000] {processor.py:153} INFO - Started process (PID=548) to work on /home/airflow/.local/lib/python3.7/site-packages/airflow/example_dags/example_external_task_marker_dag.py
[2023-04-28T11:24:55.544+0000] {processor.py:743} INFO - Processing file /home/airflow/.local/lib/python3.7/site-packages/airflow/example_dags/example_external_task_marker_dag.py for tasks to queue
[2023-04-28T11:24:55.545+0000] {logging_mixin.py:137} INFO - [2023-04-28T11:24:55.545+0000] {dagbag.py:532} INFO - Filling up the DagBag from /home/airflow/.local/lib/python3.7/site-packages/airflow/example_dags/example_external_task_marker_dag.py
[2023-04-28T11:24:55.560+0000] {processor.py:753} INFO - DAG(s) dict_keys(['example_external_task_marker_child', 'example_external_task_marker_parent']) retrieved from /home/airflow/.local/lib/python3.7/site-packages/airflow/example_dags/example_external_task_marker_dag.py
[2023-04-28T11:24:55.632+0000] {logging_mixin.py:137} INFO - [2023-04-28T11:24:55.632+0000] {dag.py:2705} INFO - Sync 2 DAGs
[2023-04-28T11:24:55.657+0000] {logging_mixin.py:137} INFO - [2023-04-28T11:24:55.657+0000] {dag.py:3456} INFO - Setting next_dagrun for example_external_task_marker_child to None, run_after=None
[2023-04-28T11:24:55.661+0000] {logging_mixin.py:137} INFO - [2023-04-28T11:24:55.661+0000] {dag.py:3456} INFO - Setting next_dagrun for example_external_task_marker_parent to None, run_after=None
[2023-04-28T11:24:55.680+0000] {processor.py:175} INFO - Processing /home/airflow/.local/lib/python3.7/site-packages/airflow/example_dags/example_external_task_marker_dag.py took 0.144 seconds
[2023-04-28T11:25:26.882+0000] {processor.py:153} INFO - Started process (PID=764) to work on /home/airflow/.local/lib/python3.7/site-packages/airflow/example_dags/example_external_task_marker_dag.py
[2023-04-28T11:25:26.887+0000] {processor.py:743} INFO - Processing file /home/airflow/.local/lib/python3.7/site-packages/airflow/example_dags/example_external_task_marker_dag.py for tasks to queue
[2023-04-28T11:25:26.891+0000] {logging_mixin.py:137} INFO - [2023-04-28T11:25:26.890+0000] {dagbag.py:532} INFO - Filling up the DagBag from /home/airflow/.local/lib/python3.7/site-packages/airflow/example_dags/example_external_task_marker_dag.py
[2023-04-28T11:25:26.923+0000] {processor.py:753} INFO - DAG(s) dict_keys(['example_external_task_marker_child', 'example_external_task_marker_parent']) retrieved from /home/airflow/.local/lib/python3.7/site-packages/airflow/example_dags/example_external_task_marker_dag.py
[2023-04-28T11:25:26.990+0000] {logging_mixin.py:137} INFO - [2023-04-28T11:25:26.989+0000] {dag.py:2705} INFO - Sync 2 DAGs
[2023-04-28T11:25:27.224+0000] {logging_mixin.py:137} INFO - [2023-04-28T11:25:27.222+0000] {dag.py:3456} INFO - Setting next_dagrun for example_external_task_marker_child to None, run_after=None
[2023-04-28T11:25:27.246+0000] {logging_mixin.py:137} INFO - [2023-04-28T11:25:27.246+0000] {dag.py:3456} INFO - Setting next_dagrun for example_external_task_marker_parent to None, run_after=None
[2023-04-28T11:25:27.338+0000] {processor.py:175} INFO - Processing /home/airflow/.local/lib/python3.7/site-packages/airflow/example_dags/example_external_task_marker_dag.py took 0.465 seconds
[2023-04-28T11:25:59.002+0000] {processor.py:153} INFO - Started process (PID=982) to work on /home/airflow/.local/lib/python3.7/site-packages/airflow/example_dags/example_external_task_marker_dag.py
[2023-04-28T11:25:59.009+0000] {processor.py:743} INFO - Processing file /home/airflow/.local/lib/python3.7/site-packages/airflow/example_dags/example_external_task_marker_dag.py for tasks to queue
[2023-04-28T11:25:59.013+0000] {logging_mixin.py:137} INFO - [2023-04-28T11:25:59.013+0000] {dagbag.py:532} INFO - Filling up the DagBag from /home/airflow/.local/lib/python3.7/site-packages/airflow/example_dags/example_external_task_marker_dag.py
[2023-04-28T11:25:59.057+0000] {processor.py:753} INFO - DAG(s) dict_keys(['example_external_task_marker_parent', 'example_external_task_marker_child']) retrieved from /home/airflow/.local/lib/python3.7/site-packages/airflow/example_dags/example_external_task_marker_dag.py
[2023-04-28T11:25:59.138+0000] {logging_mixin.py:137} INFO - [2023-04-28T11:25:59.138+0000] {dag.py:2705} INFO - Sync 2 DAGs
[2023-04-28T11:25:59.212+0000] {logging_mixin.py:137} INFO - [2023-04-28T11:25:59.212+0000] {dag.py:3456} INFO - Setting next_dagrun for example_external_task_marker_child to None, run_after=None
[2023-04-28T11:25:59.222+0000] {logging_mixin.py:137} INFO - [2023-04-28T11:25:59.222+0000] {dag.py:3456} INFO - Setting next_dagrun for example_external_task_marker_parent to None, run_after=None
[2023-04-28T11:25:59.253+0000] {processor.py:175} INFO - Processing /home/airflow/.local/lib/python3.7/site-packages/airflow/example_dags/example_external_task_marker_dag.py took 0.259 seconds
[2023-04-28T11:26:29.902+0000] {processor.py:153} INFO - Started process (PID=1200) to work on /home/airflow/.local/lib/python3.7/site-packages/airflow/example_dags/example_external_task_marker_dag.py
[2023-04-28T11:26:29.905+0000] {processor.py:743} INFO - Processing file /home/airflow/.local/lib/python3.7/site-packages/airflow/example_dags/example_external_task_marker_dag.py for tasks to queue
[2023-04-28T11:26:29.907+0000] {logging_mixin.py:137} INFO - [2023-04-28T11:26:29.907+0000] {dagbag.py:532} INFO - Filling up the DagBag from /home/airflow/.local/lib/python3.7/site-packages/airflow/example_dags/example_external_task_marker_dag.py
[2023-04-28T11:26:29.924+0000] {processor.py:753} INFO - DAG(s) dict_keys(['example_external_task_marker_child', 'example_external_task_marker_parent']) retrieved from /home/airflow/.local/lib/python3.7/site-packages/airflow/example_dags/example_external_task_marker_dag.py
[2023-04-28T11:26:29.957+0000] {logging_mixin.py:137} INFO - [2023-04-28T11:26:29.957+0000] {dag.py:2705} INFO - Sync 2 DAGs
[2023-04-28T11:26:29.986+0000] {logging_mixin.py:137} INFO - [2023-04-28T11:26:29.986+0000] {dag.py:3456} INFO - Setting next_dagrun for example_external_task_marker_child to None, run_after=None
[2023-04-28T11:26:29.990+0000] {logging_mixin.py:137} INFO - [2023-04-28T11:26:29.990+0000] {dag.py:3456} INFO - Setting next_dagrun for example_external_task_marker_parent to None, run_after=None
[2023-04-28T11:26:30.009+0000] {processor.py:175} INFO - Processing /home/airflow/.local/lib/python3.7/site-packages/airflow/example_dags/example_external_task_marker_dag.py took 0.112 seconds
[2023-04-28T11:27:00.563+0000] {processor.py:153} INFO - Started process (PID=1418) to work on /home/airflow/.local/lib/python3.7/site-packages/airflow/example_dags/example_external_task_marker_dag.py
[2023-04-28T11:27:00.569+0000] {processor.py:743} INFO - Processing file /home/airflow/.local/lib/python3.7/site-packages/airflow/example_dags/example_external_task_marker_dag.py for tasks to queue
[2023-04-28T11:27:00.572+0000] {logging_mixin.py:137} INFO - [2023-04-28T11:27:00.571+0000] {dagbag.py:532} INFO - Filling up the DagBag from /home/airflow/.local/lib/python3.7/site-packages/airflow/example_dags/example_external_task_marker_dag.py
[2023-04-28T11:27:00.606+0000] {processor.py:753} INFO - DAG(s) dict_keys(['example_external_task_marker_child', 'example_external_task_marker_parent']) retrieved from /home/airflow/.local/lib/python3.7/site-packages/airflow/example_dags/example_external_task_marker_dag.py
[2023-04-28T11:27:00.664+0000] {logging_mixin.py:137} INFO - [2023-04-28T11:27:00.664+0000] {dag.py:2705} INFO - Sync 2 DAGs
[2023-04-28T11:27:00.718+0000] {logging_mixin.py:137} INFO - [2023-04-28T11:27:00.718+0000] {dag.py:3456} INFO - Setting next_dagrun for example_external_task_marker_child to None, run_after=None
[2023-04-28T11:27:00.728+0000] {logging_mixin.py:137} INFO - [2023-04-28T11:27:00.727+0000] {dag.py:3456} INFO - Setting next_dagrun for example_external_task_marker_parent to None, run_after=None
[2023-04-28T11:27:00.765+0000] {processor.py:175} INFO - Processing /home/airflow/.local/lib/python3.7/site-packages/airflow/example_dags/example_external_task_marker_dag.py took 0.210 seconds
[2023-04-28T11:27:31.647+0000] {processor.py:153} INFO - Started process (PID=1638) to work on /home/airflow/.local/lib/python3.7/site-packages/airflow/example_dags/example_external_task_marker_dag.py
[2023-04-28T11:27:31.650+0000] {processor.py:743} INFO - Processing file /home/airflow/.local/lib/python3.7/site-packages/airflow/example_dags/example_external_task_marker_dag.py for tasks to queue
[2023-04-28T11:27:31.653+0000] {logging_mixin.py:137} INFO - [2023-04-28T11:27:31.653+0000] {dagbag.py:532} INFO - Filling up the DagBag from /home/airflow/.local/lib/python3.7/site-packages/airflow/example_dags/example_external_task_marker_dag.py
[2023-04-28T11:27:31.689+0000] {processor.py:753} INFO - DAG(s) dict_keys(['example_external_task_marker_parent', 'example_external_task_marker_child']) retrieved from /home/airflow/.local/lib/python3.7/site-packages/airflow/example_dags/example_external_task_marker_dag.py
[2023-04-28T11:27:31.737+0000] {logging_mixin.py:137} INFO - [2023-04-28T11:27:31.737+0000] {dag.py:2705} INFO - Sync 2 DAGs
[2023-04-28T11:27:31.785+0000] {logging_mixin.py:137} INFO - [2023-04-28T11:27:31.784+0000] {dag.py:3456} INFO - Setting next_dagrun for example_external_task_marker_child to None, run_after=None
[2023-04-28T11:27:31.794+0000] {logging_mixin.py:137} INFO - [2023-04-28T11:27:31.793+0000] {dag.py:3456} INFO - Setting next_dagrun for example_external_task_marker_parent to None, run_after=None
[2023-04-28T11:27:31.822+0000] {processor.py:175} INFO - Processing /home/airflow/.local/lib/python3.7/site-packages/airflow/example_dags/example_external_task_marker_dag.py took 0.182 seconds
[2023-04-28T11:28:03.002+0000] {processor.py:153} INFO - Started process (PID=1856) to work on /home/airflow/.local/lib/python3.7/site-packages/airflow/example_dags/example_external_task_marker_dag.py
[2023-04-28T11:28:03.006+0000] {processor.py:743} INFO - Processing file /home/airflow/.local/lib/python3.7/site-packages/airflow/example_dags/example_external_task_marker_dag.py for tasks to queue
[2023-04-28T11:28:03.010+0000] {logging_mixin.py:137} INFO - [2023-04-28T11:28:03.010+0000] {dagbag.py:532} INFO - Filling up the DagBag from /home/airflow/.local/lib/python3.7/site-packages/airflow/example_dags/example_external_task_marker_dag.py
[2023-04-28T11:28:03.042+0000] {processor.py:753} INFO - DAG(s) dict_keys(['example_external_task_marker_parent', 'example_external_task_marker_child']) retrieved from /home/airflow/.local/lib/python3.7/site-packages/airflow/example_dags/example_external_task_marker_dag.py
[2023-04-28T11:28:03.093+0000] {logging_mixin.py:137} INFO - [2023-04-28T11:28:03.092+0000] {dag.py:2705} INFO - Sync 2 DAGs
[2023-04-28T11:28:03.143+0000] {logging_mixin.py:137} INFO - [2023-04-28T11:28:03.143+0000] {dag.py:3456} INFO - Setting next_dagrun for example_external_task_marker_child to None, run_after=None
[2023-04-28T11:28:03.149+0000] {logging_mixin.py:137} INFO - [2023-04-28T11:28:03.149+0000] {dag.py:3456} INFO - Setting next_dagrun for example_external_task_marker_parent to None, run_after=None
[2023-04-28T11:28:03.178+0000] {processor.py:175} INFO - Processing /home/airflow/.local/lib/python3.7/site-packages/airflow/example_dags/example_external_task_marker_dag.py took 0.183 seconds
[2023-04-28T11:28:34.019+0000] {processor.py:153} INFO - Started process (PID=2073) to work on /home/airflow/.local/lib/python3.7/site-packages/airflow/example_dags/example_external_task_marker_dag.py
[2023-04-28T11:28:34.021+0000] {processor.py:743} INFO - Processing file /home/airflow/.local/lib/python3.7/site-packages/airflow/example_dags/example_external_task_marker_dag.py for tasks to queue
[2023-04-28T11:28:34.024+0000] {logging_mixin.py:137} INFO - [2023-04-28T11:28:34.023+0000] {dagbag.py:532} INFO - Filling up the DagBag from /home/airflow/.local/lib/python3.7/site-packages/airflow/example_dags/example_external_task_marker_dag.py
[2023-04-28T11:28:34.044+0000] {processor.py:753} INFO - DAG(s) dict_keys(['example_external_task_marker_parent', 'example_external_task_marker_child']) retrieved from /home/airflow/.local/lib/python3.7/site-packages/airflow/example_dags/example_external_task_marker_dag.py
[2023-04-28T11:28:34.081+0000] {logging_mixin.py:137} INFO - [2023-04-28T11:28:34.081+0000] {dag.py:2705} INFO - Sync 2 DAGs
[2023-04-28T11:28:34.119+0000] {logging_mixin.py:137} INFO - [2023-04-28T11:28:34.119+0000] {dag.py:3456} INFO - Setting next_dagrun for example_external_task_marker_child to None, run_after=None
[2023-04-28T11:28:34.127+0000] {logging_mixin.py:137} INFO - [2023-04-28T11:28:34.126+0000] {dag.py:3456} INFO - Setting next_dagrun for example_external_task_marker_parent to None, run_after=None
[2023-04-28T11:28:34.153+0000] {processor.py:175} INFO - Processing /home/airflow/.local/lib/python3.7/site-packages/airflow/example_dags/example_external_task_marker_dag.py took 0.138 seconds
[2023-04-28T11:29:04.535+0000] {processor.py:153} INFO - Started process (PID=2292) to work on /home/airflow/.local/lib/python3.7/site-packages/airflow/example_dags/example_external_task_marker_dag.py
[2023-04-28T11:29:04.538+0000] {processor.py:743} INFO - Processing file /home/airflow/.local/lib/python3.7/site-packages/airflow/example_dags/example_external_task_marker_dag.py for tasks to queue
[2023-04-28T11:29:04.539+0000] {logging_mixin.py:137} INFO - [2023-04-28T11:29:04.539+0000] {dagbag.py:532} INFO - Filling up the DagBag from /home/airflow/.local/lib/python3.7/site-packages/airflow/example_dags/example_external_task_marker_dag.py
[2023-04-28T11:29:04.558+0000] {processor.py:753} INFO - DAG(s) dict_keys(['example_external_task_marker_child', 'example_external_task_marker_parent']) retrieved from /home/airflow/.local/lib/python3.7/site-packages/airflow/example_dags/example_external_task_marker_dag.py
[2023-04-28T11:29:04.593+0000] {logging_mixin.py:137} INFO - [2023-04-28T11:29:04.593+0000] {dag.py:2705} INFO - Sync 2 DAGs
[2023-04-28T11:29:04.638+0000] {logging_mixin.py:137} INFO - [2023-04-28T11:29:04.638+0000] {dag.py:3456} INFO - Setting next_dagrun for example_external_task_marker_child to None, run_after=None
[2023-04-28T11:29:04.647+0000] {logging_mixin.py:137} INFO - [2023-04-28T11:29:04.647+0000] {dag.py:3456} INFO - Setting next_dagrun for example_external_task_marker_parent to None, run_after=None
[2023-04-28T11:29:04.676+0000] {processor.py:175} INFO - Processing /home/airflow/.local/lib/python3.7/site-packages/airflow/example_dags/example_external_task_marker_dag.py took 0.145 seconds
[2023-04-28T11:29:36.499+0000] {processor.py:153} INFO - Started process (PID=2508) to work on /home/airflow/.local/lib/python3.7/site-packages/airflow/example_dags/example_external_task_marker_dag.py
[2023-04-28T11:29:36.511+0000] {processor.py:743} INFO - Processing file /home/airflow/.local/lib/python3.7/site-packages/airflow/example_dags/example_external_task_marker_dag.py for tasks to queue
[2023-04-28T11:29:36.516+0000] {logging_mixin.py:137} INFO - [2023-04-28T11:29:36.515+0000] {dagbag.py:532} INFO - Filling up the DagBag from /home/airflow/.local/lib/python3.7/site-packages/airflow/example_dags/example_external_task_marker_dag.py
[2023-04-28T11:29:36.561+0000] {processor.py:753} INFO - DAG(s) dict_keys(['example_external_task_marker_parent', 'example_external_task_marker_child']) retrieved from /home/airflow/.local/lib/python3.7/site-packages/airflow/example_dags/example_external_task_marker_dag.py
[2023-04-28T11:29:36.634+0000] {logging_mixin.py:137} INFO - [2023-04-28T11:29:36.634+0000] {dag.py:2705} INFO - Sync 2 DAGs
[2023-04-28T11:29:36.684+0000] {logging_mixin.py:137} INFO - [2023-04-28T11:29:36.684+0000] {dag.py:3456} INFO - Setting next_dagrun for example_external_task_marker_child to None, run_after=None
[2023-04-28T11:29:36.692+0000] {logging_mixin.py:137} INFO - [2023-04-28T11:29:36.692+0000] {dag.py:3456} INFO - Setting next_dagrun for example_external_task_marker_parent to None, run_after=None
[2023-04-28T11:29:36.725+0000] {processor.py:175} INFO - Processing /home/airflow/.local/lib/python3.7/site-packages/airflow/example_dags/example_external_task_marker_dag.py took 0.244 seconds
[2023-04-28T11:30:07.314+0000] {processor.py:153} INFO - Started process (PID=2726) to work on /home/airflow/.local/lib/python3.7/site-packages/airflow/example_dags/example_external_task_marker_dag.py
[2023-04-28T11:30:07.316+0000] {processor.py:743} INFO - Processing file /home/airflow/.local/lib/python3.7/site-packages/airflow/example_dags/example_external_task_marker_dag.py for tasks to queue
[2023-04-28T11:30:07.318+0000] {logging_mixin.py:137} INFO - [2023-04-28T11:30:07.318+0000] {dagbag.py:532} INFO - Filling up the DagBag from /home/airflow/.local/lib/python3.7/site-packages/airflow/example_dags/example_external_task_marker_dag.py
[2023-04-28T11:30:07.337+0000] {processor.py:753} INFO - DAG(s) dict_keys(['example_external_task_marker_child', 'example_external_task_marker_parent']) retrieved from /home/airflow/.local/lib/python3.7/site-packages/airflow/example_dags/example_external_task_marker_dag.py
[2023-04-28T11:30:07.374+0000] {logging_mixin.py:137} INFO - [2023-04-28T11:30:07.374+0000] {dag.py:2705} INFO - Sync 2 DAGs
[2023-04-28T11:30:07.405+0000] {logging_mixin.py:137} INFO - [2023-04-28T11:30:07.405+0000] {dag.py:3456} INFO - Setting next_dagrun for example_external_task_marker_child to None, run_after=None
[2023-04-28T11:30:07.411+0000] {logging_mixin.py:137} INFO - [2023-04-28T11:30:07.411+0000] {dag.py:3456} INFO - Setting next_dagrun for example_external_task_marker_parent to None, run_after=None
[2023-04-28T11:30:07.433+0000] {processor.py:175} INFO - Processing /home/airflow/.local/lib/python3.7/site-packages/airflow/example_dags/example_external_task_marker_dag.py took 0.124 seconds
[2023-04-28T11:30:37.553+0000] {processor.py:153} INFO - Started process (PID=2944) to work on /home/airflow/.local/lib/python3.7/site-packages/airflow/example_dags/example_external_task_marker_dag.py
[2023-04-28T11:30:37.556+0000] {processor.py:743} INFO - Processing file /home/airflow/.local/lib/python3.7/site-packages/airflow/example_dags/example_external_task_marker_dag.py for tasks to queue
[2023-04-28T11:30:37.557+0000] {logging_mixin.py:137} INFO - [2023-04-28T11:30:37.557+0000] {dagbag.py:532} INFO - Filling up the DagBag from /home/airflow/.local/lib/python3.7/site-packages/airflow/example_dags/example_external_task_marker_dag.py
[2023-04-28T11:30:37.574+0000] {processor.py:753} INFO - DAG(s) dict_keys(['example_external_task_marker_child', 'example_external_task_marker_parent']) retrieved from /home/airflow/.local/lib/python3.7/site-packages/airflow/example_dags/example_external_task_marker_dag.py
[2023-04-28T11:30:37.610+0000] {logging_mixin.py:137} INFO - [2023-04-28T11:30:37.610+0000] {dag.py:2705} INFO - Sync 2 DAGs
[2023-04-28T11:30:37.641+0000] {logging_mixin.py:137} INFO - [2023-04-28T11:30:37.641+0000] {dag.py:3456} INFO - Setting next_dagrun for example_external_task_marker_child to None, run_after=None
[2023-04-28T11:30:37.646+0000] {logging_mixin.py:137} INFO - [2023-04-28T11:30:37.646+0000] {dag.py:3456} INFO - Setting next_dagrun for example_external_task_marker_parent to None, run_after=None
[2023-04-28T11:30:37.666+0000] {processor.py:175} INFO - Processing /home/airflow/.local/lib/python3.7/site-packages/airflow/example_dags/example_external_task_marker_dag.py took 0.119 seconds
[2023-04-28T11:31:07.942+0000] {processor.py:153} INFO - Started process (PID=3162) to work on /home/airflow/.local/lib/python3.7/site-packages/airflow/example_dags/example_external_task_marker_dag.py
[2023-04-28T11:31:07.944+0000] {processor.py:743} INFO - Processing file /home/airflow/.local/lib/python3.7/site-packages/airflow/example_dags/example_external_task_marker_dag.py for tasks to queue
[2023-04-28T11:31:07.946+0000] {logging_mixin.py:137} INFO - [2023-04-28T11:31:07.946+0000] {dagbag.py:532} INFO - Filling up the DagBag from /home/airflow/.local/lib/python3.7/site-packages/airflow/example_dags/example_external_task_marker_dag.py
[2023-04-28T11:31:07.969+0000] {processor.py:753} INFO - DAG(s) dict_keys(['example_external_task_marker_parent', 'example_external_task_marker_child']) retrieved from /home/airflow/.local/lib/python3.7/site-packages/airflow/example_dags/example_external_task_marker_dag.py
[2023-04-28T11:31:08.008+0000] {logging_mixin.py:137} INFO - [2023-04-28T11:31:08.008+0000] {dag.py:2705} INFO - Sync 2 DAGs
[2023-04-28T11:31:08.039+0000] {logging_mixin.py:137} INFO - [2023-04-28T11:31:08.038+0000] {dag.py:3456} INFO - Setting next_dagrun for example_external_task_marker_child to None, run_after=None
[2023-04-28T11:31:08.043+0000] {logging_mixin.py:137} INFO - [2023-04-28T11:31:08.043+0000] {dag.py:3456} INFO - Setting next_dagrun for example_external_task_marker_parent to None, run_after=None
[2023-04-28T11:31:08.063+0000] {processor.py:175} INFO - Processing /home/airflow/.local/lib/python3.7/site-packages/airflow/example_dags/example_external_task_marker_dag.py took 0.127 seconds
[2023-04-28T11:31:38.431+0000] {processor.py:153} INFO - Started process (PID=3379) to work on /home/airflow/.local/lib/python3.7/site-packages/airflow/example_dags/example_external_task_marker_dag.py
[2023-04-28T11:31:38.433+0000] {processor.py:743} INFO - Processing file /home/airflow/.local/lib/python3.7/site-packages/airflow/example_dags/example_external_task_marker_dag.py for tasks to queue
[2023-04-28T11:31:38.435+0000] {logging_mixin.py:137} INFO - [2023-04-28T11:31:38.435+0000] {dagbag.py:532} INFO - Filling up the DagBag from /home/airflow/.local/lib/python3.7/site-packages/airflow/example_dags/example_external_task_marker_dag.py
[2023-04-28T11:31:38.453+0000] {processor.py:753} INFO - DAG(s) dict_keys(['example_external_task_marker_parent', 'example_external_task_marker_child']) retrieved from /home/airflow/.local/lib/python3.7/site-packages/airflow/example_dags/example_external_task_marker_dag.py
[2023-04-28T11:31:38.489+0000] {logging_mixin.py:137} INFO - [2023-04-28T11:31:38.489+0000] {dag.py:2705} INFO - Sync 2 DAGs
[2023-04-28T11:31:38.520+0000] {logging_mixin.py:137} INFO - [2023-04-28T11:31:38.520+0000] {dag.py:3456} INFO - Setting next_dagrun for example_external_task_marker_child to None, run_after=None
[2023-04-28T11:31:38.525+0000] {logging_mixin.py:137} INFO - [2023-04-28T11:31:38.525+0000] {dag.py:3456} INFO - Setting next_dagrun for example_external_task_marker_parent to None, run_after=None
[2023-04-28T11:31:38.546+0000] {processor.py:175} INFO - Processing /home/airflow/.local/lib/python3.7/site-packages/airflow/example_dags/example_external_task_marker_dag.py took 0.120 seconds
[2023-04-28T11:32:08.762+0000] {processor.py:153} INFO - Started process (PID=3597) to work on /home/airflow/.local/lib/python3.7/site-packages/airflow/example_dags/example_external_task_marker_dag.py
[2023-04-28T11:32:08.765+0000] {processor.py:743} INFO - Processing file /home/airflow/.local/lib/python3.7/site-packages/airflow/example_dags/example_external_task_marker_dag.py for tasks to queue
[2023-04-28T11:32:08.767+0000] {logging_mixin.py:137} INFO - [2023-04-28T11:32:08.767+0000] {dagbag.py:532} INFO - Filling up the DagBag from /home/airflow/.local/lib/python3.7/site-packages/airflow/example_dags/example_external_task_marker_dag.py
[2023-04-28T11:32:08.789+0000] {processor.py:753} INFO - DAG(s) dict_keys(['example_external_task_marker_parent', 'example_external_task_marker_child']) retrieved from /home/airflow/.local/lib/python3.7/site-packages/airflow/example_dags/example_external_task_marker_dag.py
[2023-04-28T11:32:08.828+0000] {logging_mixin.py:137} INFO - [2023-04-28T11:32:08.828+0000] {dag.py:2705} INFO - Sync 2 DAGs
[2023-04-28T11:32:08.858+0000] {logging_mixin.py:137} INFO - [2023-04-28T11:32:08.858+0000] {dag.py:3456} INFO - Setting next_dagrun for example_external_task_marker_child to None, run_after=None
[2023-04-28T11:32:08.864+0000] {logging_mixin.py:137} INFO - [2023-04-28T11:32:08.863+0000] {dag.py:3456} INFO - Setting next_dagrun for example_external_task_marker_parent to None, run_after=None
[2023-04-28T11:32:08.883+0000] {processor.py:175} INFO - Processing /home/airflow/.local/lib/python3.7/site-packages/airflow/example_dags/example_external_task_marker_dag.py took 0.127 seconds
[2023-04-28T11:32:39.036+0000] {processor.py:153} INFO - Started process (PID=3815) to work on /home/airflow/.local/lib/python3.7/site-packages/airflow/example_dags/example_external_task_marker_dag.py
[2023-04-28T11:32:39.038+0000] {processor.py:743} INFO - Processing file /home/airflow/.local/lib/python3.7/site-packages/airflow/example_dags/example_external_task_marker_dag.py for tasks to queue
[2023-04-28T11:32:39.040+0000] {logging_mixin.py:137} INFO - [2023-04-28T11:32:39.040+0000] {dagbag.py:532} INFO - Filling up the DagBag from /home/airflow/.local/lib/python3.7/site-packages/airflow/example_dags/example_external_task_marker_dag.py
[2023-04-28T11:32:39.058+0000] {processor.py:753} INFO - DAG(s) dict_keys(['example_external_task_marker_parent', 'example_external_task_marker_child']) retrieved from /home/airflow/.local/lib/python3.7/site-packages/airflow/example_dags/example_external_task_marker_dag.py
[2023-04-28T11:32:39.093+0000] {logging_mixin.py:137} INFO - [2023-04-28T11:32:39.092+0000] {dag.py:2705} INFO - Sync 2 DAGs
[2023-04-28T11:32:39.122+0000] {logging_mixin.py:137} INFO - [2023-04-28T11:32:39.122+0000] {dag.py:3456} INFO - Setting next_dagrun for example_external_task_marker_child to None, run_after=None
[2023-04-28T11:32:39.127+0000] {logging_mixin.py:137} INFO - [2023-04-28T11:32:39.127+0000] {dag.py:3456} INFO - Setting next_dagrun for example_external_task_marker_parent to None, run_after=None
[2023-04-28T11:32:39.148+0000] {processor.py:175} INFO - Processing /home/airflow/.local/lib/python3.7/site-packages/airflow/example_dags/example_external_task_marker_dag.py took 0.117 seconds
[2023-04-28T11:33:09.397+0000] {processor.py:153} INFO - Started process (PID=4033) to work on /home/airflow/.local/lib/python3.7/site-packages/airflow/example_dags/example_external_task_marker_dag.py
[2023-04-28T11:33:09.400+0000] {processor.py:743} INFO - Processing file /home/airflow/.local/lib/python3.7/site-packages/airflow/example_dags/example_external_task_marker_dag.py for tasks to queue
[2023-04-28T11:33:09.401+0000] {logging_mixin.py:137} INFO - [2023-04-28T11:33:09.401+0000] {dagbag.py:532} INFO - Filling up the DagBag from /home/airflow/.local/lib/python3.7/site-packages/airflow/example_dags/example_external_task_marker_dag.py
[2023-04-28T11:33:09.419+0000] {processor.py:753} INFO - DAG(s) dict_keys(['example_external_task_marker_child', 'example_external_task_marker_parent']) retrieved from /home/airflow/.local/lib/python3.7/site-packages/airflow/example_dags/example_external_task_marker_dag.py
[2023-04-28T11:33:09.454+0000] {logging_mixin.py:137} INFO - [2023-04-28T11:33:09.454+0000] {dag.py:2705} INFO - Sync 2 DAGs
[2023-04-28T11:33:09.484+0000] {logging_mixin.py:137} INFO - [2023-04-28T11:33:09.484+0000] {dag.py:3456} INFO - Setting next_dagrun for example_external_task_marker_child to None, run_after=None
[2023-04-28T11:33:09.489+0000] {logging_mixin.py:137} INFO - [2023-04-28T11:33:09.488+0000] {dag.py:3456} INFO - Setting next_dagrun for example_external_task_marker_parent to None, run_after=None
[2023-04-28T11:33:09.507+0000] {processor.py:175} INFO - Processing /home/airflow/.local/lib/python3.7/site-packages/airflow/example_dags/example_external_task_marker_dag.py took 0.115 seconds
[2023-04-28T11:33:39.747+0000] {processor.py:153} INFO - Started process (PID=4251) to work on /home/airflow/.local/lib/python3.7/site-packages/airflow/example_dags/example_external_task_marker_dag.py
[2023-04-28T11:33:39.749+0000] {processor.py:743} INFO - Processing file /home/airflow/.local/lib/python3.7/site-packages/airflow/example_dags/example_external_task_marker_dag.py for tasks to queue
[2023-04-28T11:33:39.751+0000] {logging_mixin.py:137} INFO - [2023-04-28T11:33:39.750+0000] {dagbag.py:532} INFO - Filling up the DagBag from /home/airflow/.local/lib/python3.7/site-packages/airflow/example_dags/example_external_task_marker_dag.py
[2023-04-28T11:33:39.768+0000] {processor.py:753} INFO - DAG(s) dict_keys(['example_external_task_marker_child', 'example_external_task_marker_parent']) retrieved from /home/airflow/.local/lib/python3.7/site-packages/airflow/example_dags/example_external_task_marker_dag.py
[2023-04-28T11:33:39.801+0000] {logging_mixin.py:137} INFO - [2023-04-28T11:33:39.801+0000] {dag.py:2705} INFO - Sync 2 DAGs
[2023-04-28T11:33:39.830+0000] {logging_mixin.py:137} INFO - [2023-04-28T11:33:39.829+0000] {dag.py:3456} INFO - Setting next_dagrun for example_external_task_marker_child to None, run_after=None
[2023-04-28T11:33:39.834+0000] {logging_mixin.py:137} INFO - [2023-04-28T11:33:39.834+0000] {dag.py:3456} INFO - Setting next_dagrun for example_external_task_marker_parent to None, run_after=None
[2023-04-28T11:33:39.852+0000] {processor.py:175} INFO - Processing /home/airflow/.local/lib/python3.7/site-packages/airflow/example_dags/example_external_task_marker_dag.py took 0.112 seconds
[2023-04-28T11:34:10.007+0000] {processor.py:153} INFO - Started process (PID=4469) to work on /home/airflow/.local/lib/python3.7/site-packages/airflow/example_dags/example_external_task_marker_dag.py
[2023-04-28T11:34:10.010+0000] {processor.py:743} INFO - Processing file /home/airflow/.local/lib/python3.7/site-packages/airflow/example_dags/example_external_task_marker_dag.py for tasks to queue
[2023-04-28T11:34:10.011+0000] {logging_mixin.py:137} INFO - [2023-04-28T11:34:10.011+0000] {dagbag.py:532} INFO - Filling up the DagBag from /home/airflow/.local/lib/python3.7/site-packages/airflow/example_dags/example_external_task_marker_dag.py
[2023-04-28T11:34:10.030+0000] {processor.py:753} INFO - DAG(s) dict_keys(['example_external_task_marker_child', 'example_external_task_marker_parent']) retrieved from /home/airflow/.local/lib/python3.7/site-packages/airflow/example_dags/example_external_task_marker_dag.py
[2023-04-28T11:34:10.064+0000] {logging_mixin.py:137} INFO - [2023-04-28T11:34:10.064+0000] {dag.py:2705} INFO - Sync 2 DAGs
[2023-04-28T11:34:10.093+0000] {logging_mixin.py:137} INFO - [2023-04-28T11:34:10.093+0000] {dag.py:3456} INFO - Setting next_dagrun for example_external_task_marker_child to None, run_after=None
[2023-04-28T11:34:10.098+0000] {logging_mixin.py:137} INFO - [2023-04-28T11:34:10.098+0000] {dag.py:3456} INFO - Setting next_dagrun for example_external_task_marker_parent to None, run_after=None
[2023-04-28T11:34:10.116+0000] {processor.py:175} INFO - Processing /home/airflow/.local/lib/python3.7/site-packages/airflow/example_dags/example_external_task_marker_dag.py took 0.114 seconds
[2023-04-28T11:34:40.671+0000] {processor.py:153} INFO - Started process (PID=4687) to work on /home/airflow/.local/lib/python3.7/site-packages/airflow/example_dags/example_external_task_marker_dag.py
[2023-04-28T11:34:40.674+0000] {processor.py:743} INFO - Processing file /home/airflow/.local/lib/python3.7/site-packages/airflow/example_dags/example_external_task_marker_dag.py for tasks to queue
[2023-04-28T11:34:40.675+0000] {logging_mixin.py:137} INFO - [2023-04-28T11:34:40.675+0000] {dagbag.py:532} INFO - Filling up the DagBag from /home/airflow/.local/lib/python3.7/site-packages/airflow/example_dags/example_external_task_marker_dag.py
[2023-04-28T11:34:40.694+0000] {processor.py:753} INFO - DAG(s) dict_keys(['example_external_task_marker_parent', 'example_external_task_marker_child']) retrieved from /home/airflow/.local/lib/python3.7/site-packages/airflow/example_dags/example_external_task_marker_dag.py
[2023-04-28T11:34:40.727+0000] {logging_mixin.py:137} INFO - [2023-04-28T11:34:40.727+0000] {dag.py:2705} INFO - Sync 2 DAGs
[2023-04-28T11:34:40.756+0000] {logging_mixin.py:137} INFO - [2023-04-28T11:34:40.756+0000] {dag.py:3456} INFO - Setting next_dagrun for example_external_task_marker_child to None, run_after=None
[2023-04-28T11:34:40.761+0000] {logging_mixin.py:137} INFO - [2023-04-28T11:34:40.761+0000] {dag.py:3456} INFO - Setting next_dagrun for example_external_task_marker_parent to None, run_after=None
[2023-04-28T11:34:40.781+0000] {processor.py:175} INFO - Processing /home/airflow/.local/lib/python3.7/site-packages/airflow/example_dags/example_external_task_marker_dag.py took 0.116 seconds
[2023-04-28T11:35:11.590+0000] {processor.py:153} INFO - Started process (PID=4905) to work on /home/airflow/.local/lib/python3.7/site-packages/airflow/example_dags/example_external_task_marker_dag.py
[2023-04-28T11:35:11.592+0000] {processor.py:743} INFO - Processing file /home/airflow/.local/lib/python3.7/site-packages/airflow/example_dags/example_external_task_marker_dag.py for tasks to queue
[2023-04-28T11:35:11.593+0000] {logging_mixin.py:137} INFO - [2023-04-28T11:35:11.593+0000] {dagbag.py:532} INFO - Filling up the DagBag from /home/airflow/.local/lib/python3.7/site-packages/airflow/example_dags/example_external_task_marker_dag.py
[2023-04-28T11:35:11.609+0000] {processor.py:753} INFO - DAG(s) dict_keys(['example_external_task_marker_parent', 'example_external_task_marker_child']) retrieved from /home/airflow/.local/lib/python3.7/site-packages/airflow/example_dags/example_external_task_marker_dag.py
[2023-04-28T11:35:11.640+0000] {logging_mixin.py:137} INFO - [2023-04-28T11:35:11.640+0000] {dag.py:2705} INFO - Sync 2 DAGs
[2023-04-28T11:35:11.669+0000] {logging_mixin.py:137} INFO - [2023-04-28T11:35:11.669+0000] {dag.py:3456} INFO - Setting next_dagrun for example_external_task_marker_child to None, run_after=None
[2023-04-28T11:35:11.673+0000] {logging_mixin.py:137} INFO - [2023-04-28T11:35:11.673+0000] {dag.py:3456} INFO - Setting next_dagrun for example_external_task_marker_parent to None, run_after=None
[2023-04-28T11:35:11.692+0000] {processor.py:175} INFO - Processing /home/airflow/.local/lib/python3.7/site-packages/airflow/example_dags/example_external_task_marker_dag.py took 0.106 seconds
[2023-04-28T11:35:41.941+0000] {processor.py:153} INFO - Started process (PID=5123) to work on /home/airflow/.local/lib/python3.7/site-packages/airflow/example_dags/example_external_task_marker_dag.py
[2023-04-28T11:35:41.943+0000] {processor.py:743} INFO - Processing file /home/airflow/.local/lib/python3.7/site-packages/airflow/example_dags/example_external_task_marker_dag.py for tasks to queue
[2023-04-28T11:35:41.946+0000] {logging_mixin.py:137} INFO - [2023-04-28T11:35:41.946+0000] {dagbag.py:532} INFO - Filling up the DagBag from /home/airflow/.local/lib/python3.7/site-packages/airflow/example_dags/example_external_task_marker_dag.py
[2023-04-28T11:35:41.964+0000] {processor.py:753} INFO - DAG(s) dict_keys(['example_external_task_marker_child', 'example_external_task_marker_parent']) retrieved from /home/airflow/.local/lib/python3.7/site-packages/airflow/example_dags/example_external_task_marker_dag.py
[2023-04-28T11:35:41.999+0000] {logging_mixin.py:137} INFO - [2023-04-28T11:35:41.999+0000] {dag.py:2705} INFO - Sync 2 DAGs
[2023-04-28T11:35:42.065+0000] {logging_mixin.py:137} INFO - [2023-04-28T11:35:42.065+0000] {dag.py:3456} INFO - Setting next_dagrun for example_external_task_marker_child to None, run_after=None
[2023-04-28T11:35:42.073+0000] {logging_mixin.py:137} INFO - [2023-04-28T11:35:42.073+0000] {dag.py:3456} INFO - Setting next_dagrun for example_external_task_marker_parent to None, run_after=None
[2023-04-28T11:35:42.116+0000] {processor.py:175} INFO - Processing /home/airflow/.local/lib/python3.7/site-packages/airflow/example_dags/example_external_task_marker_dag.py took 0.179 seconds
[2023-04-28T11:36:12.532+0000] {processor.py:153} INFO - Started process (PID=5341) to work on /home/airflow/.local/lib/python3.7/site-packages/airflow/example_dags/example_external_task_marker_dag.py
[2023-04-28T11:36:12.534+0000] {processor.py:743} INFO - Processing file /home/airflow/.local/lib/python3.7/site-packages/airflow/example_dags/example_external_task_marker_dag.py for tasks to queue
[2023-04-28T11:36:12.536+0000] {logging_mixin.py:137} INFO - [2023-04-28T11:36:12.536+0000] {dagbag.py:532} INFO - Filling up the DagBag from /home/airflow/.local/lib/python3.7/site-packages/airflow/example_dags/example_external_task_marker_dag.py
[2023-04-28T11:36:12.558+0000] {processor.py:753} INFO - DAG(s) dict_keys(['example_external_task_marker_parent', 'example_external_task_marker_child']) retrieved from /home/airflow/.local/lib/python3.7/site-packages/airflow/example_dags/example_external_task_marker_dag.py
[2023-04-28T11:36:12.601+0000] {logging_mixin.py:137} INFO - [2023-04-28T11:36:12.600+0000] {dag.py:2705} INFO - Sync 2 DAGs
[2023-04-28T11:36:12.634+0000] {logging_mixin.py:137} INFO - [2023-04-28T11:36:12.634+0000] {dag.py:3456} INFO - Setting next_dagrun for example_external_task_marker_child to None, run_after=None
[2023-04-28T11:36:12.640+0000] {logging_mixin.py:137} INFO - [2023-04-28T11:36:12.639+0000] {dag.py:3456} INFO - Setting next_dagrun for example_external_task_marker_parent to None, run_after=None
[2023-04-28T11:36:12.660+0000] {processor.py:175} INFO - Processing /home/airflow/.local/lib/python3.7/site-packages/airflow/example_dags/example_external_task_marker_dag.py took 0.133 seconds
[2023-04-28T11:36:43.443+0000] {processor.py:153} INFO - Started process (PID=5559) to work on /home/airflow/.local/lib/python3.7/site-packages/airflow/example_dags/example_external_task_marker_dag.py
[2023-04-28T11:36:43.445+0000] {processor.py:743} INFO - Processing file /home/airflow/.local/lib/python3.7/site-packages/airflow/example_dags/example_external_task_marker_dag.py for tasks to queue
[2023-04-28T11:36:43.446+0000] {logging_mixin.py:137} INFO - [2023-04-28T11:36:43.446+0000] {dagbag.py:532} INFO - Filling up the DagBag from /home/airflow/.local/lib/python3.7/site-packages/airflow/example_dags/example_external_task_marker_dag.py
[2023-04-28T11:36:43.465+0000] {processor.py:753} INFO - DAG(s) dict_keys(['example_external_task_marker_child', 'example_external_task_marker_parent']) retrieved from /home/airflow/.local/lib/python3.7/site-packages/airflow/example_dags/example_external_task_marker_dag.py
[2023-04-28T11:36:43.503+0000] {logging_mixin.py:137} INFO - [2023-04-28T11:36:43.503+0000] {dag.py:2705} INFO - Sync 2 DAGs
[2023-04-28T11:36:43.534+0000] {logging_mixin.py:137} INFO - [2023-04-28T11:36:43.534+0000] {dag.py:3456} INFO - Setting next_dagrun for example_external_task_marker_child to None, run_after=None
[2023-04-28T11:36:43.541+0000] {logging_mixin.py:137} INFO - [2023-04-28T11:36:43.541+0000] {dag.py:3456} INFO - Setting next_dagrun for example_external_task_marker_parent to None, run_after=None
[2023-04-28T11:36:43.562+0000] {processor.py:175} INFO - Processing /home/airflow/.local/lib/python3.7/site-packages/airflow/example_dags/example_external_task_marker_dag.py took 0.127 seconds
[2023-04-28T11:37:14.264+0000] {processor.py:153} INFO - Started process (PID=5779) to work on /home/airflow/.local/lib/python3.7/site-packages/airflow/example_dags/example_external_task_marker_dag.py
[2023-04-28T11:37:14.267+0000] {processor.py:743} INFO - Processing file /home/airflow/.local/lib/python3.7/site-packages/airflow/example_dags/example_external_task_marker_dag.py for tasks to queue
[2023-04-28T11:37:14.269+0000] {logging_mixin.py:137} INFO - [2023-04-28T11:37:14.269+0000] {dagbag.py:532} INFO - Filling up the DagBag from /home/airflow/.local/lib/python3.7/site-packages/airflow/example_dags/example_external_task_marker_dag.py
[2023-04-28T11:37:14.287+0000] {processor.py:753} INFO - DAG(s) dict_keys(['example_external_task_marker_child', 'example_external_task_marker_parent']) retrieved from /home/airflow/.local/lib/python3.7/site-packages/airflow/example_dags/example_external_task_marker_dag.py
[2023-04-28T11:37:14.324+0000] {logging_mixin.py:137} INFO - [2023-04-28T11:37:14.323+0000] {dag.py:2705} INFO - Sync 2 DAGs
[2023-04-28T11:37:14.379+0000] {logging_mixin.py:137} INFO - [2023-04-28T11:37:14.378+0000] {dag.py:3456} INFO - Setting next_dagrun for example_external_task_marker_child to None, run_after=None
[2023-04-28T11:37:14.388+0000] {logging_mixin.py:137} INFO - [2023-04-28T11:37:14.388+0000] {dag.py:3456} INFO - Setting next_dagrun for example_external_task_marker_parent to None, run_after=None
[2023-04-28T11:37:14.437+0000] {processor.py:175} INFO - Processing /home/airflow/.local/lib/python3.7/site-packages/airflow/example_dags/example_external_task_marker_dag.py took 0.177 seconds
[2023-04-28T11:37:45.043+0000] {processor.py:153} INFO - Started process (PID=5995) to work on /home/airflow/.local/lib/python3.7/site-packages/airflow/example_dags/example_external_task_marker_dag.py
[2023-04-28T11:37:45.046+0000] {processor.py:743} INFO - Processing file /home/airflow/.local/lib/python3.7/site-packages/airflow/example_dags/example_external_task_marker_dag.py for tasks to queue
[2023-04-28T11:37:45.049+0000] {logging_mixin.py:137} INFO - [2023-04-28T11:37:45.049+0000] {dagbag.py:532} INFO - Filling up the DagBag from /home/airflow/.local/lib/python3.7/site-packages/airflow/example_dags/example_external_task_marker_dag.py
[2023-04-28T11:37:45.070+0000] {processor.py:753} INFO - DAG(s) dict_keys(['example_external_task_marker_parent', 'example_external_task_marker_child']) retrieved from /home/airflow/.local/lib/python3.7/site-packages/airflow/example_dags/example_external_task_marker_dag.py
[2023-04-28T11:37:45.116+0000] {logging_mixin.py:137} INFO - [2023-04-28T11:37:45.116+0000] {dag.py:2705} INFO - Sync 2 DAGs
[2023-04-28T11:37:45.156+0000] {logging_mixin.py:137} INFO - [2023-04-28T11:37:45.156+0000] {dag.py:3456} INFO - Setting next_dagrun for example_external_task_marker_child to None, run_after=None
[2023-04-28T11:37:45.165+0000] {logging_mixin.py:137} INFO - [2023-04-28T11:37:45.164+0000] {dag.py:3456} INFO - Setting next_dagrun for example_external_task_marker_parent to None, run_after=None
[2023-04-28T11:37:45.196+0000] {processor.py:175} INFO - Processing /home/airflow/.local/lib/python3.7/site-packages/airflow/example_dags/example_external_task_marker_dag.py took 0.159 seconds
[2023-04-28T11:38:15.452+0000] {processor.py:153} INFO - Started process (PID=6222) to work on /home/airflow/.local/lib/python3.7/site-packages/airflow/example_dags/example_external_task_marker_dag.py
[2023-04-28T11:38:15.455+0000] {processor.py:743} INFO - Processing file /home/airflow/.local/lib/python3.7/site-packages/airflow/example_dags/example_external_task_marker_dag.py for tasks to queue
[2023-04-28T11:38:15.457+0000] {logging_mixin.py:137} INFO - [2023-04-28T11:38:15.457+0000] {dagbag.py:532} INFO - Filling up the DagBag from /home/airflow/.local/lib/python3.7/site-packages/airflow/example_dags/example_external_task_marker_dag.py
[2023-04-28T11:38:15.477+0000] {processor.py:753} INFO - DAG(s) dict_keys(['example_external_task_marker_child', 'example_external_task_marker_parent']) retrieved from /home/airflow/.local/lib/python3.7/site-packages/airflow/example_dags/example_external_task_marker_dag.py
[2023-04-28T11:38:15.520+0000] {logging_mixin.py:137} INFO - [2023-04-28T11:38:15.520+0000] {dag.py:2705} INFO - Sync 2 DAGs
[2023-04-28T11:38:15.560+0000] {logging_mixin.py:137} INFO - [2023-04-28T11:38:15.560+0000] {dag.py:3456} INFO - Setting next_dagrun for example_external_task_marker_child to None, run_after=None
[2023-04-28T11:38:15.567+0000] {logging_mixin.py:137} INFO - [2023-04-28T11:38:15.567+0000] {dag.py:3456} INFO - Setting next_dagrun for example_external_task_marker_parent to None, run_after=None
[2023-04-28T11:38:15.590+0000] {processor.py:175} INFO - Processing /home/airflow/.local/lib/python3.7/site-packages/airflow/example_dags/example_external_task_marker_dag.py took 0.143 seconds
[2023-04-28T11:38:46.332+0000] {processor.py:153} INFO - Started process (PID=6440) to work on /home/airflow/.local/lib/python3.7/site-packages/airflow/example_dags/example_external_task_marker_dag.py
[2023-04-28T11:38:46.336+0000] {processor.py:743} INFO - Processing file /home/airflow/.local/lib/python3.7/site-packages/airflow/example_dags/example_external_task_marker_dag.py for tasks to queue
[2023-04-28T11:38:46.339+0000] {logging_mixin.py:137} INFO - [2023-04-28T11:38:46.339+0000] {dagbag.py:532} INFO - Filling up the DagBag from /home/airflow/.local/lib/python3.7/site-packages/airflow/example_dags/example_external_task_marker_dag.py
[2023-04-28T11:38:46.362+0000] {processor.py:753} INFO - DAG(s) dict_keys(['example_external_task_marker_parent', 'example_external_task_marker_child']) retrieved from /home/airflow/.local/lib/python3.7/site-packages/airflow/example_dags/example_external_task_marker_dag.py
[2023-04-28T11:38:46.410+0000] {logging_mixin.py:137} INFO - [2023-04-28T11:38:46.409+0000] {dag.py:2705} INFO - Sync 2 DAGs
[2023-04-28T11:38:46.449+0000] {logging_mixin.py:137} INFO - [2023-04-28T11:38:46.449+0000] {dag.py:3456} INFO - Setting next_dagrun for example_external_task_marker_child to None, run_after=None
[2023-04-28T11:38:46.456+0000] {logging_mixin.py:137} INFO - [2023-04-28T11:38:46.455+0000] {dag.py:3456} INFO - Setting next_dagrun for example_external_task_marker_parent to None, run_after=None
[2023-04-28T11:38:46.495+0000] {processor.py:175} INFO - Processing /home/airflow/.local/lib/python3.7/site-packages/airflow/example_dags/example_external_task_marker_dag.py took 0.171 seconds
[2023-04-28T11:39:17.088+0000] {processor.py:153} INFO - Started process (PID=6657) to work on /home/airflow/.local/lib/python3.7/site-packages/airflow/example_dags/example_external_task_marker_dag.py
[2023-04-28T11:39:17.091+0000] {processor.py:743} INFO - Processing file /home/airflow/.local/lib/python3.7/site-packages/airflow/example_dags/example_external_task_marker_dag.py for tasks to queue
[2023-04-28T11:39:17.092+0000] {logging_mixin.py:137} INFO - [2023-04-28T11:39:17.092+0000] {dagbag.py:532} INFO - Filling up the DagBag from /home/airflow/.local/lib/python3.7/site-packages/airflow/example_dags/example_external_task_marker_dag.py
[2023-04-28T11:39:17.111+0000] {processor.py:753} INFO - DAG(s) dict_keys(['example_external_task_marker_child', 'example_external_task_marker_parent']) retrieved from /home/airflow/.local/lib/python3.7/site-packages/airflow/example_dags/example_external_task_marker_dag.py
[2023-04-28T11:39:17.148+0000] {logging_mixin.py:137} INFO - [2023-04-28T11:39:17.147+0000] {dag.py:2705} INFO - Sync 2 DAGs
[2023-04-28T11:39:17.181+0000] {logging_mixin.py:137} INFO - [2023-04-28T11:39:17.181+0000] {dag.py:3456} INFO - Setting next_dagrun for example_external_task_marker_child to None, run_after=None
[2023-04-28T11:39:17.187+0000] {logging_mixin.py:137} INFO - [2023-04-28T11:39:17.187+0000] {dag.py:3456} INFO - Setting next_dagrun for example_external_task_marker_parent to None, run_after=None
[2023-04-28T11:39:17.209+0000] {processor.py:175} INFO - Processing /home/airflow/.local/lib/python3.7/site-packages/airflow/example_dags/example_external_task_marker_dag.py took 0.125 seconds
[2023-04-28T11:39:47.743+0000] {processor.py:153} INFO - Started process (PID=6890) to work on /home/airflow/.local/lib/python3.7/site-packages/airflow/example_dags/example_external_task_marker_dag.py
[2023-04-28T11:39:47.747+0000] {processor.py:743} INFO - Processing file /home/airflow/.local/lib/python3.7/site-packages/airflow/example_dags/example_external_task_marker_dag.py for tasks to queue
[2023-04-28T11:39:47.749+0000] {logging_mixin.py:137} INFO - [2023-04-28T11:39:47.749+0000] {dagbag.py:532} INFO - Filling up the DagBag from /home/airflow/.local/lib/python3.7/site-packages/airflow/example_dags/example_external_task_marker_dag.py
[2023-04-28T11:39:47.772+0000] {processor.py:753} INFO - DAG(s) dict_keys(['example_external_task_marker_parent', 'example_external_task_marker_child']) retrieved from /home/airflow/.local/lib/python3.7/site-packages/airflow/example_dags/example_external_task_marker_dag.py
[2023-04-28T11:39:47.824+0000] {logging_mixin.py:137} INFO - [2023-04-28T11:39:47.824+0000] {dag.py:2705} INFO - Sync 2 DAGs
[2023-04-28T11:39:47.872+0000] {logging_mixin.py:137} INFO - [2023-04-28T11:39:47.871+0000] {dag.py:3456} INFO - Setting next_dagrun for example_external_task_marker_child to None, run_after=None
[2023-04-28T11:39:47.880+0000] {logging_mixin.py:137} INFO - [2023-04-28T11:39:47.879+0000] {dag.py:3456} INFO - Setting next_dagrun for example_external_task_marker_parent to None, run_after=None
[2023-04-28T11:39:47.913+0000] {processor.py:175} INFO - Processing /home/airflow/.local/lib/python3.7/site-packages/airflow/example_dags/example_external_task_marker_dag.py took 0.176 seconds
[2023-04-28T11:40:18.058+0000] {processor.py:153} INFO - Started process (PID=7110) to work on /home/airflow/.local/lib/python3.7/site-packages/airflow/example_dags/example_external_task_marker_dag.py
[2023-04-28T11:40:18.061+0000] {processor.py:743} INFO - Processing file /home/airflow/.local/lib/python3.7/site-packages/airflow/example_dags/example_external_task_marker_dag.py for tasks to queue
[2023-04-28T11:40:18.063+0000] {logging_mixin.py:137} INFO - [2023-04-28T11:40:18.062+0000] {dagbag.py:532} INFO - Filling up the DagBag from /home/airflow/.local/lib/python3.7/site-packages/airflow/example_dags/example_external_task_marker_dag.py
[2023-04-28T11:40:18.085+0000] {processor.py:753} INFO - DAG(s) dict_keys(['example_external_task_marker_parent', 'example_external_task_marker_child']) retrieved from /home/airflow/.local/lib/python3.7/site-packages/airflow/example_dags/example_external_task_marker_dag.py
[2023-04-28T11:40:18.124+0000] {logging_mixin.py:137} INFO - [2023-04-28T11:40:18.124+0000] {dag.py:2705} INFO - Sync 2 DAGs
[2023-04-28T11:40:18.158+0000] {logging_mixin.py:137} INFO - [2023-04-28T11:40:18.158+0000] {dag.py:3456} INFO - Setting next_dagrun for example_external_task_marker_child to None, run_after=None
[2023-04-28T11:40:18.164+0000] {logging_mixin.py:137} INFO - [2023-04-28T11:40:18.164+0000] {dag.py:3456} INFO - Setting next_dagrun for example_external_task_marker_parent to None, run_after=None
[2023-04-28T11:40:18.187+0000] {processor.py:175} INFO - Processing /home/airflow/.local/lib/python3.7/site-packages/airflow/example_dags/example_external_task_marker_dag.py took 0.135 seconds
[2023-04-28T11:40:49.817+0000] {processor.py:153} INFO - Started process (PID=7279) to work on /home/airflow/.local/lib/python3.7/site-packages/airflow/example_dags/example_external_task_marker_dag.py
[2023-04-28T11:40:49.820+0000] {processor.py:743} INFO - Processing file /home/airflow/.local/lib/python3.7/site-packages/airflow/example_dags/example_external_task_marker_dag.py for tasks to queue
[2023-04-28T11:40:49.822+0000] {logging_mixin.py:137} INFO - [2023-04-28T11:40:49.822+0000] {dagbag.py:532} INFO - Filling up the DagBag from /home/airflow/.local/lib/python3.7/site-packages/airflow/example_dags/example_external_task_marker_dag.py
[2023-04-28T11:40:49.854+0000] {processor.py:753} INFO - DAG(s) dict_keys(['example_external_task_marker_parent', 'example_external_task_marker_child']) retrieved from /home/airflow/.local/lib/python3.7/site-packages/airflow/example_dags/example_external_task_marker_dag.py
[2023-04-28T11:40:49.924+0000] {logging_mixin.py:137} INFO - [2023-04-28T11:40:49.923+0000] {dag.py:2705} INFO - Sync 2 DAGs
[2023-04-28T11:40:50.004+0000] {logging_mixin.py:137} INFO - [2023-04-28T11:40:50.004+0000] {dag.py:3456} INFO - Setting next_dagrun for example_external_task_marker_child to None, run_after=None
[2023-04-28T11:40:50.010+0000] {logging_mixin.py:137} INFO - [2023-04-28T11:40:50.010+0000] {dag.py:3456} INFO - Setting next_dagrun for example_external_task_marker_parent to None, run_after=None
[2023-04-28T11:40:50.036+0000] {processor.py:175} INFO - Processing /home/airflow/.local/lib/python3.7/site-packages/airflow/example_dags/example_external_task_marker_dag.py took 0.227 seconds
