[2023-04-28T11:24:23.039+0000] {processor.py:153} INFO - Started process (PID=203) to work on /home/airflow/.local/lib/python3.7/site-packages/airflow/example_dags/example_sensors.py
[2023-04-28T11:24:23.041+0000] {processor.py:743} INFO - Processing file /home/airflow/.local/lib/python3.7/site-packages/airflow/example_dags/example_sensors.py for tasks to queue
[2023-04-28T11:24:23.042+0000] {logging_mixin.py:137} INFO - [2023-04-28T11:24:23.042+0000] {dagbag.py:532} INFO - Filling up the DagBag from /home/airflow/.local/lib/python3.7/site-packages/airflow/example_dags/example_sensors.py
[2023-04-28T11:24:23.069+0000] {processor.py:753} INFO - DAG(s) dict_keys(['example_sensors']) retrieved from /home/airflow/.local/lib/python3.7/site-packages/airflow/example_dags/example_sensors.py
[2023-04-28T11:24:23.086+0000] {logging_mixin.py:137} INFO - [2023-04-28T11:24:23.086+0000] {dag.py:2705} INFO - Sync 1 DAGs
[2023-04-28T11:24:23.123+0000] {logging_mixin.py:137} INFO - [2023-04-28T11:24:23.123+0000] {dag.py:3456} INFO - Setting next_dagrun for example_sensors to None, run_after=None
[2023-04-28T11:24:23.148+0000] {processor.py:175} INFO - Processing /home/airflow/.local/lib/python3.7/site-packages/airflow/example_dags/example_sensors.py took 0.113 seconds
[2023-04-28T11:24:53.388+0000] {processor.py:153} INFO - Started process (PID=421) to work on /home/airflow/.local/lib/python3.7/site-packages/airflow/example_dags/example_sensors.py
[2023-04-28T11:24:53.390+0000] {processor.py:743} INFO - Processing file /home/airflow/.local/lib/python3.7/site-packages/airflow/example_dags/example_sensors.py for tasks to queue
[2023-04-28T11:24:53.391+0000] {logging_mixin.py:137} INFO - [2023-04-28T11:24:53.391+0000] {dagbag.py:532} INFO - Filling up the DagBag from /home/airflow/.local/lib/python3.7/site-packages/airflow/example_dags/example_sensors.py
[2023-04-28T11:24:53.413+0000] {processor.py:753} INFO - DAG(s) dict_keys(['example_sensors']) retrieved from /home/airflow/.local/lib/python3.7/site-packages/airflow/example_dags/example_sensors.py
[2023-04-28T11:24:53.448+0000] {logging_mixin.py:137} INFO - [2023-04-28T11:24:53.447+0000] {dag.py:2705} INFO - Sync 1 DAGs
[2023-04-28T11:24:53.476+0000] {logging_mixin.py:137} INFO - [2023-04-28T11:24:53.476+0000] {dag.py:3456} INFO - Setting next_dagrun for example_sensors to None, run_after=None
[2023-04-28T11:24:53.497+0000] {processor.py:175} INFO - Processing /home/airflow/.local/lib/python3.7/site-packages/airflow/example_dags/example_sensors.py took 0.114 seconds
[2023-04-28T11:25:24.103+0000] {processor.py:153} INFO - Started process (PID=639) to work on /home/airflow/.local/lib/python3.7/site-packages/airflow/example_dags/example_sensors.py
[2023-04-28T11:25:24.105+0000] {processor.py:743} INFO - Processing file /home/airflow/.local/lib/python3.7/site-packages/airflow/example_dags/example_sensors.py for tasks to queue
[2023-04-28T11:25:24.107+0000] {logging_mixin.py:137} INFO - [2023-04-28T11:25:24.107+0000] {dagbag.py:532} INFO - Filling up the DagBag from /home/airflow/.local/lib/python3.7/site-packages/airflow/example_dags/example_sensors.py
[2023-04-28T11:25:24.132+0000] {processor.py:753} INFO - DAG(s) dict_keys(['example_sensors']) retrieved from /home/airflow/.local/lib/python3.7/site-packages/airflow/example_dags/example_sensors.py
[2023-04-28T11:25:24.168+0000] {logging_mixin.py:137} INFO - [2023-04-28T11:25:24.168+0000] {dag.py:2705} INFO - Sync 1 DAGs
[2023-04-28T11:25:24.197+0000] {logging_mixin.py:137} INFO - [2023-04-28T11:25:24.197+0000] {dag.py:3456} INFO - Setting next_dagrun for example_sensors to None, run_after=None
[2023-04-28T11:25:24.221+0000] {processor.py:175} INFO - Processing /home/airflow/.local/lib/python3.7/site-packages/airflow/example_dags/example_sensors.py took 0.124 seconds
[2023-04-28T11:25:55.023+0000] {processor.py:153} INFO - Started process (PID=857) to work on /home/airflow/.local/lib/python3.7/site-packages/airflow/example_dags/example_sensors.py
[2023-04-28T11:25:55.027+0000] {processor.py:743} INFO - Processing file /home/airflow/.local/lib/python3.7/site-packages/airflow/example_dags/example_sensors.py for tasks to queue
[2023-04-28T11:25:55.031+0000] {logging_mixin.py:137} INFO - [2023-04-28T11:25:55.031+0000] {dagbag.py:532} INFO - Filling up the DagBag from /home/airflow/.local/lib/python3.7/site-packages/airflow/example_dags/example_sensors.py
[2023-04-28T11:25:55.070+0000] {processor.py:753} INFO - DAG(s) dict_keys(['example_sensors']) retrieved from /home/airflow/.local/lib/python3.7/site-packages/airflow/example_dags/example_sensors.py
[2023-04-28T11:25:55.143+0000] {logging_mixin.py:137} INFO - [2023-04-28T11:25:55.143+0000] {dag.py:2705} INFO - Sync 1 DAGs
[2023-04-28T11:25:55.192+0000] {logging_mixin.py:137} INFO - [2023-04-28T11:25:55.192+0000] {dag.py:3456} INFO - Setting next_dagrun for example_sensors to None, run_after=None
[2023-04-28T11:25:55.232+0000] {processor.py:175} INFO - Processing /home/airflow/.local/lib/python3.7/site-packages/airflow/example_dags/example_sensors.py took 0.216 seconds
[2023-04-28T11:26:25.363+0000] {processor.py:153} INFO - Started process (PID=1077) to work on /home/airflow/.local/lib/python3.7/site-packages/airflow/example_dags/example_sensors.py
[2023-04-28T11:26:25.365+0000] {processor.py:743} INFO - Processing file /home/airflow/.local/lib/python3.7/site-packages/airflow/example_dags/example_sensors.py for tasks to queue
[2023-04-28T11:26:25.367+0000] {logging_mixin.py:137} INFO - [2023-04-28T11:26:25.367+0000] {dagbag.py:532} INFO - Filling up the DagBag from /home/airflow/.local/lib/python3.7/site-packages/airflow/example_dags/example_sensors.py
[2023-04-28T11:26:25.393+0000] {processor.py:753} INFO - DAG(s) dict_keys(['example_sensors']) retrieved from /home/airflow/.local/lib/python3.7/site-packages/airflow/example_dags/example_sensors.py
[2023-04-28T11:26:25.431+0000] {logging_mixin.py:137} INFO - [2023-04-28T11:26:25.431+0000] {dag.py:2705} INFO - Sync 1 DAGs
[2023-04-28T11:26:25.463+0000] {logging_mixin.py:137} INFO - [2023-04-28T11:26:25.463+0000] {dag.py:3456} INFO - Setting next_dagrun for example_sensors to None, run_after=None
[2023-04-28T11:26:25.485+0000] {processor.py:175} INFO - Processing /home/airflow/.local/lib/python3.7/site-packages/airflow/example_dags/example_sensors.py took 0.127 seconds
[2023-04-28T11:26:55.843+0000] {processor.py:153} INFO - Started process (PID=1293) to work on /home/airflow/.local/lib/python3.7/site-packages/airflow/example_dags/example_sensors.py
[2023-04-28T11:26:55.847+0000] {processor.py:743} INFO - Processing file /home/airflow/.local/lib/python3.7/site-packages/airflow/example_dags/example_sensors.py for tasks to queue
[2023-04-28T11:26:55.850+0000] {logging_mixin.py:137} INFO - [2023-04-28T11:26:55.849+0000] {dagbag.py:532} INFO - Filling up the DagBag from /home/airflow/.local/lib/python3.7/site-packages/airflow/example_dags/example_sensors.py
[2023-04-28T11:26:55.885+0000] {processor.py:753} INFO - DAG(s) dict_keys(['example_sensors']) retrieved from /home/airflow/.local/lib/python3.7/site-packages/airflow/example_dags/example_sensors.py
[2023-04-28T11:26:55.948+0000] {logging_mixin.py:137} INFO - [2023-04-28T11:26:55.947+0000] {dag.py:2705} INFO - Sync 1 DAGs
[2023-04-28T11:26:55.992+0000] {logging_mixin.py:137} INFO - [2023-04-28T11:26:55.992+0000] {dag.py:3456} INFO - Setting next_dagrun for example_sensors to None, run_after=None
[2023-04-28T11:26:56.029+0000] {processor.py:175} INFO - Processing /home/airflow/.local/lib/python3.7/site-packages/airflow/example_dags/example_sensors.py took 0.194 seconds
[2023-04-28T11:27:26.073+0000] {processor.py:153} INFO - Started process (PID=1513) to work on /home/airflow/.local/lib/python3.7/site-packages/airflow/example_dags/example_sensors.py
[2023-04-28T11:27:26.075+0000] {processor.py:743} INFO - Processing file /home/airflow/.local/lib/python3.7/site-packages/airflow/example_dags/example_sensors.py for tasks to queue
[2023-04-28T11:27:26.077+0000] {logging_mixin.py:137} INFO - [2023-04-28T11:27:26.077+0000] {dagbag.py:532} INFO - Filling up the DagBag from /home/airflow/.local/lib/python3.7/site-packages/airflow/example_dags/example_sensors.py
[2023-04-28T11:27:26.101+0000] {processor.py:753} INFO - DAG(s) dict_keys(['example_sensors']) retrieved from /home/airflow/.local/lib/python3.7/site-packages/airflow/example_dags/example_sensors.py
[2023-04-28T11:27:26.135+0000] {logging_mixin.py:137} INFO - [2023-04-28T11:27:26.135+0000] {dag.py:2705} INFO - Sync 1 DAGs
[2023-04-28T11:27:26.162+0000] {logging_mixin.py:137} INFO - [2023-04-28T11:27:26.162+0000] {dag.py:3456} INFO - Setting next_dagrun for example_sensors to None, run_after=None
[2023-04-28T11:27:26.182+0000] {processor.py:175} INFO - Processing /home/airflow/.local/lib/python3.7/site-packages/airflow/example_dags/example_sensors.py took 0.114 seconds
[2023-04-28T11:27:56.625+0000] {processor.py:153} INFO - Started process (PID=1729) to work on /home/airflow/.local/lib/python3.7/site-packages/airflow/example_dags/example_sensors.py
[2023-04-28T11:27:56.631+0000] {processor.py:743} INFO - Processing file /home/airflow/.local/lib/python3.7/site-packages/airflow/example_dags/example_sensors.py for tasks to queue
[2023-04-28T11:27:56.635+0000] {logging_mixin.py:137} INFO - [2023-04-28T11:27:56.634+0000] {dagbag.py:532} INFO - Filling up the DagBag from /home/airflow/.local/lib/python3.7/site-packages/airflow/example_dags/example_sensors.py
[2023-04-28T11:27:56.688+0000] {processor.py:753} INFO - DAG(s) dict_keys(['example_sensors']) retrieved from /home/airflow/.local/lib/python3.7/site-packages/airflow/example_dags/example_sensors.py
[2023-04-28T11:27:56.744+0000] {logging_mixin.py:137} INFO - [2023-04-28T11:27:56.743+0000] {dag.py:2705} INFO - Sync 1 DAGs
[2023-04-28T11:27:56.794+0000] {logging_mixin.py:137} INFO - [2023-04-28T11:27:56.794+0000] {dag.py:3456} INFO - Setting next_dagrun for example_sensors to None, run_after=None
[2023-04-28T11:27:56.830+0000] {processor.py:175} INFO - Processing /home/airflow/.local/lib/python3.7/site-packages/airflow/example_dags/example_sensors.py took 0.218 seconds
[2023-04-28T11:28:27.050+0000] {processor.py:153} INFO - Started process (PID=1949) to work on /home/airflow/.local/lib/python3.7/site-packages/airflow/example_dags/example_sensors.py
[2023-04-28T11:28:27.053+0000] {processor.py:743} INFO - Processing file /home/airflow/.local/lib/python3.7/site-packages/airflow/example_dags/example_sensors.py for tasks to queue
[2023-04-28T11:28:27.056+0000] {logging_mixin.py:137} INFO - [2023-04-28T11:28:27.055+0000] {dagbag.py:532} INFO - Filling up the DagBag from /home/airflow/.local/lib/python3.7/site-packages/airflow/example_dags/example_sensors.py
[2023-04-28T11:28:27.089+0000] {processor.py:753} INFO - DAG(s) dict_keys(['example_sensors']) retrieved from /home/airflow/.local/lib/python3.7/site-packages/airflow/example_dags/example_sensors.py
[2023-04-28T11:28:27.139+0000] {logging_mixin.py:137} INFO - [2023-04-28T11:28:27.139+0000] {dag.py:2705} INFO - Sync 1 DAGs
[2023-04-28T11:28:27.180+0000] {logging_mixin.py:137} INFO - [2023-04-28T11:28:27.180+0000] {dag.py:3456} INFO - Setting next_dagrun for example_sensors to None, run_after=None
[2023-04-28T11:28:27.218+0000] {processor.py:175} INFO - Processing /home/airflow/.local/lib/python3.7/site-packages/airflow/example_dags/example_sensors.py took 0.174 seconds
[2023-04-28T11:28:57.514+0000] {processor.py:153} INFO - Started process (PID=2165) to work on /home/airflow/.local/lib/python3.7/site-packages/airflow/example_dags/example_sensors.py
[2023-04-28T11:28:57.516+0000] {processor.py:743} INFO - Processing file /home/airflow/.local/lib/python3.7/site-packages/airflow/example_dags/example_sensors.py for tasks to queue
[2023-04-28T11:28:57.518+0000] {logging_mixin.py:137} INFO - [2023-04-28T11:28:57.517+0000] {dagbag.py:532} INFO - Filling up the DagBag from /home/airflow/.local/lib/python3.7/site-packages/airflow/example_dags/example_sensors.py
[2023-04-28T11:28:57.549+0000] {processor.py:753} INFO - DAG(s) dict_keys(['example_sensors']) retrieved from /home/airflow/.local/lib/python3.7/site-packages/airflow/example_dags/example_sensors.py
[2023-04-28T11:28:57.600+0000] {logging_mixin.py:137} INFO - [2023-04-28T11:28:57.599+0000] {dag.py:2705} INFO - Sync 1 DAGs
[2023-04-28T11:28:57.642+0000] {logging_mixin.py:137} INFO - [2023-04-28T11:28:57.642+0000] {dag.py:3456} INFO - Setting next_dagrun for example_sensors to None, run_after=None
[2023-04-28T11:28:57.668+0000] {processor.py:175} INFO - Processing /home/airflow/.local/lib/python3.7/site-packages/airflow/example_dags/example_sensors.py took 0.159 seconds
[2023-04-28T11:29:28.118+0000] {processor.py:153} INFO - Started process (PID=2383) to work on /home/airflow/.local/lib/python3.7/site-packages/airflow/example_dags/example_sensors.py
[2023-04-28T11:29:28.121+0000] {processor.py:743} INFO - Processing file /home/airflow/.local/lib/python3.7/site-packages/airflow/example_dags/example_sensors.py for tasks to queue
[2023-04-28T11:29:28.124+0000] {logging_mixin.py:137} INFO - [2023-04-28T11:29:28.123+0000] {dagbag.py:532} INFO - Filling up the DagBag from /home/airflow/.local/lib/python3.7/site-packages/airflow/example_dags/example_sensors.py
[2023-04-28T11:29:28.166+0000] {processor.py:753} INFO - DAG(s) dict_keys(['example_sensors']) retrieved from /home/airflow/.local/lib/python3.7/site-packages/airflow/example_dags/example_sensors.py
[2023-04-28T11:29:28.210+0000] {logging_mixin.py:137} INFO - [2023-04-28T11:29:28.210+0000] {dag.py:2705} INFO - Sync 1 DAGs
[2023-04-28T11:29:28.249+0000] {logging_mixin.py:137} INFO - [2023-04-28T11:29:28.249+0000] {dag.py:3456} INFO - Setting next_dagrun for example_sensors to None, run_after=None
[2023-04-28T11:29:28.296+0000] {processor.py:175} INFO - Processing /home/airflow/.local/lib/python3.7/site-packages/airflow/example_dags/example_sensors.py took 0.184 seconds
[2023-04-28T11:29:58.889+0000] {processor.py:153} INFO - Started process (PID=2601) to work on /home/airflow/.local/lib/python3.7/site-packages/airflow/example_dags/example_sensors.py
[2023-04-28T11:29:58.893+0000] {processor.py:743} INFO - Processing file /home/airflow/.local/lib/python3.7/site-packages/airflow/example_dags/example_sensors.py for tasks to queue
[2023-04-28T11:29:58.896+0000] {logging_mixin.py:137} INFO - [2023-04-28T11:29:58.895+0000] {dagbag.py:532} INFO - Filling up the DagBag from /home/airflow/.local/lib/python3.7/site-packages/airflow/example_dags/example_sensors.py
[2023-04-28T11:29:58.933+0000] {processor.py:753} INFO - DAG(s) dict_keys(['example_sensors']) retrieved from /home/airflow/.local/lib/python3.7/site-packages/airflow/example_dags/example_sensors.py
[2023-04-28T11:29:58.975+0000] {logging_mixin.py:137} INFO - [2023-04-28T11:29:58.975+0000] {dag.py:2705} INFO - Sync 1 DAGs
[2023-04-28T11:29:59.014+0000] {logging_mixin.py:137} INFO - [2023-04-28T11:29:59.013+0000] {dag.py:3456} INFO - Setting next_dagrun for example_sensors to None, run_after=None
[2023-04-28T11:29:59.053+0000] {processor.py:175} INFO - Processing /home/airflow/.local/lib/python3.7/site-packages/airflow/example_dags/example_sensors.py took 0.170 seconds
[2023-04-28T11:30:29.264+0000] {processor.py:153} INFO - Started process (PID=2821) to work on /home/airflow/.local/lib/python3.7/site-packages/airflow/example_dags/example_sensors.py
[2023-04-28T11:30:29.266+0000] {processor.py:743} INFO - Processing file /home/airflow/.local/lib/python3.7/site-packages/airflow/example_dags/example_sensors.py for tasks to queue
[2023-04-28T11:30:29.268+0000] {logging_mixin.py:137} INFO - [2023-04-28T11:30:29.268+0000] {dagbag.py:532} INFO - Filling up the DagBag from /home/airflow/.local/lib/python3.7/site-packages/airflow/example_dags/example_sensors.py
[2023-04-28T11:30:29.297+0000] {processor.py:753} INFO - DAG(s) dict_keys(['example_sensors']) retrieved from /home/airflow/.local/lib/python3.7/site-packages/airflow/example_dags/example_sensors.py
[2023-04-28T11:30:29.337+0000] {logging_mixin.py:137} INFO - [2023-04-28T11:30:29.336+0000] {dag.py:2705} INFO - Sync 1 DAGs
[2023-04-28T11:30:29.370+0000] {logging_mixin.py:137} INFO - [2023-04-28T11:30:29.370+0000] {dag.py:3456} INFO - Setting next_dagrun for example_sensors to None, run_after=None
[2023-04-28T11:30:29.396+0000] {processor.py:175} INFO - Processing /home/airflow/.local/lib/python3.7/site-packages/airflow/example_dags/example_sensors.py took 0.139 seconds
[2023-04-28T11:30:59.612+0000] {processor.py:153} INFO - Started process (PID=3037) to work on /home/airflow/.local/lib/python3.7/site-packages/airflow/example_dags/example_sensors.py
[2023-04-28T11:30:59.615+0000] {processor.py:743} INFO - Processing file /home/airflow/.local/lib/python3.7/site-packages/airflow/example_dags/example_sensors.py for tasks to queue
[2023-04-28T11:30:59.617+0000] {logging_mixin.py:137} INFO - [2023-04-28T11:30:59.617+0000] {dagbag.py:532} INFO - Filling up the DagBag from /home/airflow/.local/lib/python3.7/site-packages/airflow/example_dags/example_sensors.py
[2023-04-28T11:30:59.645+0000] {processor.py:753} INFO - DAG(s) dict_keys(['example_sensors']) retrieved from /home/airflow/.local/lib/python3.7/site-packages/airflow/example_dags/example_sensors.py
[2023-04-28T11:30:59.683+0000] {logging_mixin.py:137} INFO - [2023-04-28T11:30:59.683+0000] {dag.py:2705} INFO - Sync 1 DAGs
[2023-04-28T11:30:59.714+0000] {logging_mixin.py:137} INFO - [2023-04-28T11:30:59.713+0000] {dag.py:3456} INFO - Setting next_dagrun for example_sensors to None, run_after=None
[2023-04-28T11:30:59.736+0000] {processor.py:175} INFO - Processing /home/airflow/.local/lib/python3.7/site-packages/airflow/example_dags/example_sensors.py took 0.130 seconds
[2023-04-28T11:31:30.304+0000] {processor.py:153} INFO - Started process (PID=3254) to work on /home/airflow/.local/lib/python3.7/site-packages/airflow/example_dags/example_sensors.py
[2023-04-28T11:31:30.306+0000] {processor.py:743} INFO - Processing file /home/airflow/.local/lib/python3.7/site-packages/airflow/example_dags/example_sensors.py for tasks to queue
[2023-04-28T11:31:30.308+0000] {logging_mixin.py:137} INFO - [2023-04-28T11:31:30.308+0000] {dagbag.py:532} INFO - Filling up the DagBag from /home/airflow/.local/lib/python3.7/site-packages/airflow/example_dags/example_sensors.py
[2023-04-28T11:31:30.337+0000] {processor.py:753} INFO - DAG(s) dict_keys(['example_sensors']) retrieved from /home/airflow/.local/lib/python3.7/site-packages/airflow/example_dags/example_sensors.py
[2023-04-28T11:31:30.375+0000] {logging_mixin.py:137} INFO - [2023-04-28T11:31:30.375+0000] {dag.py:2705} INFO - Sync 1 DAGs
[2023-04-28T11:31:30.407+0000] {logging_mixin.py:137} INFO - [2023-04-28T11:31:30.406+0000] {dag.py:3456} INFO - Setting next_dagrun for example_sensors to None, run_after=None
[2023-04-28T11:31:30.430+0000] {processor.py:175} INFO - Processing /home/airflow/.local/lib/python3.7/site-packages/airflow/example_dags/example_sensors.py took 0.131 seconds
[2023-04-28T11:32:00.708+0000] {processor.py:153} INFO - Started process (PID=3472) to work on /home/airflow/.local/lib/python3.7/site-packages/airflow/example_dags/example_sensors.py
[2023-04-28T11:32:00.711+0000] {processor.py:743} INFO - Processing file /home/airflow/.local/lib/python3.7/site-packages/airflow/example_dags/example_sensors.py for tasks to queue
[2023-04-28T11:32:00.714+0000] {logging_mixin.py:137} INFO - [2023-04-28T11:32:00.713+0000] {dagbag.py:532} INFO - Filling up the DagBag from /home/airflow/.local/lib/python3.7/site-packages/airflow/example_dags/example_sensors.py
[2023-04-28T11:32:00.743+0000] {processor.py:753} INFO - DAG(s) dict_keys(['example_sensors']) retrieved from /home/airflow/.local/lib/python3.7/site-packages/airflow/example_dags/example_sensors.py
[2023-04-28T11:32:00.782+0000] {logging_mixin.py:137} INFO - [2023-04-28T11:32:00.782+0000] {dag.py:2705} INFO - Sync 1 DAGs
[2023-04-28T11:32:00.814+0000] {logging_mixin.py:137} INFO - [2023-04-28T11:32:00.814+0000] {dag.py:3456} INFO - Setting next_dagrun for example_sensors to None, run_after=None
[2023-04-28T11:32:00.837+0000] {processor.py:175} INFO - Processing /home/airflow/.local/lib/python3.7/site-packages/airflow/example_dags/example_sensors.py took 0.134 seconds
[2023-04-28T11:32:31.007+0000] {processor.py:153} INFO - Started process (PID=3690) to work on /home/airflow/.local/lib/python3.7/site-packages/airflow/example_dags/example_sensors.py
[2023-04-28T11:32:31.010+0000] {processor.py:743} INFO - Processing file /home/airflow/.local/lib/python3.7/site-packages/airflow/example_dags/example_sensors.py for tasks to queue
[2023-04-28T11:32:31.012+0000] {logging_mixin.py:137} INFO - [2023-04-28T11:32:31.012+0000] {dagbag.py:532} INFO - Filling up the DagBag from /home/airflow/.local/lib/python3.7/site-packages/airflow/example_dags/example_sensors.py
[2023-04-28T11:32:31.040+0000] {processor.py:753} INFO - DAG(s) dict_keys(['example_sensors']) retrieved from /home/airflow/.local/lib/python3.7/site-packages/airflow/example_dags/example_sensors.py
[2023-04-28T11:32:31.077+0000] {logging_mixin.py:137} INFO - [2023-04-28T11:32:31.077+0000] {dag.py:2705} INFO - Sync 1 DAGs
[2023-04-28T11:32:31.107+0000] {logging_mixin.py:137} INFO - [2023-04-28T11:32:31.107+0000] {dag.py:3456} INFO - Setting next_dagrun for example_sensors to None, run_after=None
[2023-04-28T11:32:31.128+0000] {processor.py:175} INFO - Processing /home/airflow/.local/lib/python3.7/site-packages/airflow/example_dags/example_sensors.py took 0.126 seconds
[2023-04-28T11:33:01.399+0000] {processor.py:153} INFO - Started process (PID=3908) to work on /home/airflow/.local/lib/python3.7/site-packages/airflow/example_dags/example_sensors.py
[2023-04-28T11:33:01.401+0000] {processor.py:743} INFO - Processing file /home/airflow/.local/lib/python3.7/site-packages/airflow/example_dags/example_sensors.py for tasks to queue
[2023-04-28T11:33:01.403+0000] {logging_mixin.py:137} INFO - [2023-04-28T11:33:01.403+0000] {dagbag.py:532} INFO - Filling up the DagBag from /home/airflow/.local/lib/python3.7/site-packages/airflow/example_dags/example_sensors.py
[2023-04-28T11:33:01.431+0000] {processor.py:753} INFO - DAG(s) dict_keys(['example_sensors']) retrieved from /home/airflow/.local/lib/python3.7/site-packages/airflow/example_dags/example_sensors.py
[2023-04-28T11:33:01.468+0000] {logging_mixin.py:137} INFO - [2023-04-28T11:33:01.468+0000] {dag.py:2705} INFO - Sync 1 DAGs
[2023-04-28T11:33:01.497+0000] {logging_mixin.py:137} INFO - [2023-04-28T11:33:01.497+0000] {dag.py:3456} INFO - Setting next_dagrun for example_sensors to None, run_after=None
[2023-04-28T11:33:01.518+0000] {processor.py:175} INFO - Processing /home/airflow/.local/lib/python3.7/site-packages/airflow/example_dags/example_sensors.py took 0.124 seconds
[2023-04-28T11:33:31.665+0000] {processor.py:153} INFO - Started process (PID=4126) to work on /home/airflow/.local/lib/python3.7/site-packages/airflow/example_dags/example_sensors.py
[2023-04-28T11:33:31.668+0000] {processor.py:743} INFO - Processing file /home/airflow/.local/lib/python3.7/site-packages/airflow/example_dags/example_sensors.py for tasks to queue
[2023-04-28T11:33:31.669+0000] {logging_mixin.py:137} INFO - [2023-04-28T11:33:31.669+0000] {dagbag.py:532} INFO - Filling up the DagBag from /home/airflow/.local/lib/python3.7/site-packages/airflow/example_dags/example_sensors.py
[2023-04-28T11:33:31.694+0000] {processor.py:753} INFO - DAG(s) dict_keys(['example_sensors']) retrieved from /home/airflow/.local/lib/python3.7/site-packages/airflow/example_dags/example_sensors.py
[2023-04-28T11:33:31.730+0000] {logging_mixin.py:137} INFO - [2023-04-28T11:33:31.730+0000] {dag.py:2705} INFO - Sync 1 DAGs
[2023-04-28T11:33:31.765+0000] {logging_mixin.py:137} INFO - [2023-04-28T11:33:31.765+0000] {dag.py:3456} INFO - Setting next_dagrun for example_sensors to None, run_after=None
[2023-04-28T11:33:31.789+0000] {processor.py:175} INFO - Processing /home/airflow/.local/lib/python3.7/site-packages/airflow/example_dags/example_sensors.py took 0.129 seconds
[2023-04-28T11:34:01.962+0000] {processor.py:153} INFO - Started process (PID=4344) to work on /home/airflow/.local/lib/python3.7/site-packages/airflow/example_dags/example_sensors.py
[2023-04-28T11:34:01.965+0000] {processor.py:743} INFO - Processing file /home/airflow/.local/lib/python3.7/site-packages/airflow/example_dags/example_sensors.py for tasks to queue
[2023-04-28T11:34:01.967+0000] {logging_mixin.py:137} INFO - [2023-04-28T11:34:01.967+0000] {dagbag.py:532} INFO - Filling up the DagBag from /home/airflow/.local/lib/python3.7/site-packages/airflow/example_dags/example_sensors.py
[2023-04-28T11:34:01.995+0000] {processor.py:753} INFO - DAG(s) dict_keys(['example_sensors']) retrieved from /home/airflow/.local/lib/python3.7/site-packages/airflow/example_dags/example_sensors.py
[2023-04-28T11:34:02.032+0000] {logging_mixin.py:137} INFO - [2023-04-28T11:34:02.031+0000] {dag.py:2705} INFO - Sync 1 DAGs
[2023-04-28T11:34:02.062+0000] {logging_mixin.py:137} INFO - [2023-04-28T11:34:02.062+0000] {dag.py:3456} INFO - Setting next_dagrun for example_sensors to None, run_after=None
[2023-04-28T11:34:02.083+0000] {processor.py:175} INFO - Processing /home/airflow/.local/lib/python3.7/site-packages/airflow/example_dags/example_sensors.py took 0.127 seconds
[2023-04-28T11:34:32.571+0000] {processor.py:153} INFO - Started process (PID=4562) to work on /home/airflow/.local/lib/python3.7/site-packages/airflow/example_dags/example_sensors.py
[2023-04-28T11:34:32.573+0000] {processor.py:743} INFO - Processing file /home/airflow/.local/lib/python3.7/site-packages/airflow/example_dags/example_sensors.py for tasks to queue
[2023-04-28T11:34:32.575+0000] {logging_mixin.py:137} INFO - [2023-04-28T11:34:32.575+0000] {dagbag.py:532} INFO - Filling up the DagBag from /home/airflow/.local/lib/python3.7/site-packages/airflow/example_dags/example_sensors.py
[2023-04-28T11:34:32.615+0000] {processor.py:753} INFO - DAG(s) dict_keys(['example_sensors']) retrieved from /home/airflow/.local/lib/python3.7/site-packages/airflow/example_dags/example_sensors.py
[2023-04-28T11:34:32.675+0000] {logging_mixin.py:137} INFO - [2023-04-28T11:34:32.675+0000] {dag.py:2705} INFO - Sync 1 DAGs
[2023-04-28T11:34:32.767+0000] {logging_mixin.py:137} INFO - [2023-04-28T11:34:32.766+0000] {dag.py:3456} INFO - Setting next_dagrun for example_sensors to None, run_after=None
[2023-04-28T11:34:32.796+0000] {processor.py:175} INFO - Processing /home/airflow/.local/lib/python3.7/site-packages/airflow/example_dags/example_sensors.py took 0.233 seconds
[2023-04-28T11:35:03.210+0000] {processor.py:153} INFO - Started process (PID=4780) to work on /home/airflow/.local/lib/python3.7/site-packages/airflow/example_dags/example_sensors.py
[2023-04-28T11:35:03.213+0000] {processor.py:743} INFO - Processing file /home/airflow/.local/lib/python3.7/site-packages/airflow/example_dags/example_sensors.py for tasks to queue
[2023-04-28T11:35:03.215+0000] {logging_mixin.py:137} INFO - [2023-04-28T11:35:03.215+0000] {dagbag.py:532} INFO - Filling up the DagBag from /home/airflow/.local/lib/python3.7/site-packages/airflow/example_dags/example_sensors.py
[2023-04-28T11:35:03.243+0000] {processor.py:753} INFO - DAG(s) dict_keys(['example_sensors']) retrieved from /home/airflow/.local/lib/python3.7/site-packages/airflow/example_dags/example_sensors.py
[2023-04-28T11:35:03.281+0000] {logging_mixin.py:137} INFO - [2023-04-28T11:35:03.281+0000] {dag.py:2705} INFO - Sync 1 DAGs
[2023-04-28T11:35:03.314+0000] {logging_mixin.py:137} INFO - [2023-04-28T11:35:03.314+0000] {dag.py:3456} INFO - Setting next_dagrun for example_sensors to None, run_after=None
[2023-04-28T11:35:03.339+0000] {processor.py:175} INFO - Processing /home/airflow/.local/lib/python3.7/site-packages/airflow/example_dags/example_sensors.py took 0.133 seconds
[2023-04-28T11:35:33.459+0000] {processor.py:153} INFO - Started process (PID=5000) to work on /home/airflow/.local/lib/python3.7/site-packages/airflow/example_dags/example_sensors.py
[2023-04-28T11:35:33.463+0000] {processor.py:743} INFO - Processing file /home/airflow/.local/lib/python3.7/site-packages/airflow/example_dags/example_sensors.py for tasks to queue
[2023-04-28T11:35:33.465+0000] {logging_mixin.py:137} INFO - [2023-04-28T11:35:33.465+0000] {dagbag.py:532} INFO - Filling up the DagBag from /home/airflow/.local/lib/python3.7/site-packages/airflow/example_dags/example_sensors.py
[2023-04-28T11:35:33.496+0000] {processor.py:753} INFO - DAG(s) dict_keys(['example_sensors']) retrieved from /home/airflow/.local/lib/python3.7/site-packages/airflow/example_dags/example_sensors.py
[2023-04-28T11:35:33.539+0000] {logging_mixin.py:137} INFO - [2023-04-28T11:35:33.539+0000] {dag.py:2705} INFO - Sync 1 DAGs
[2023-04-28T11:35:33.571+0000] {logging_mixin.py:137} INFO - [2023-04-28T11:35:33.571+0000] {dag.py:3456} INFO - Setting next_dagrun for example_sensors to None, run_after=None
[2023-04-28T11:35:33.596+0000] {processor.py:175} INFO - Processing /home/airflow/.local/lib/python3.7/site-packages/airflow/example_dags/example_sensors.py took 0.142 seconds
[2023-04-28T11:36:04.190+0000] {processor.py:153} INFO - Started process (PID=5218) to work on /home/airflow/.local/lib/python3.7/site-packages/airflow/example_dags/example_sensors.py
[2023-04-28T11:36:04.193+0000] {processor.py:743} INFO - Processing file /home/airflow/.local/lib/python3.7/site-packages/airflow/example_dags/example_sensors.py for tasks to queue
[2023-04-28T11:36:04.197+0000] {logging_mixin.py:137} INFO - [2023-04-28T11:36:04.197+0000] {dagbag.py:532} INFO - Filling up the DagBag from /home/airflow/.local/lib/python3.7/site-packages/airflow/example_dags/example_sensors.py
[2023-04-28T11:36:04.239+0000] {processor.py:753} INFO - DAG(s) dict_keys(['example_sensors']) retrieved from /home/airflow/.local/lib/python3.7/site-packages/airflow/example_dags/example_sensors.py
[2023-04-28T11:36:04.289+0000] {logging_mixin.py:137} INFO - [2023-04-28T11:36:04.289+0000] {dag.py:2705} INFO - Sync 1 DAGs
[2023-04-28T11:36:04.332+0000] {logging_mixin.py:137} INFO - [2023-04-28T11:36:04.331+0000] {dag.py:3456} INFO - Setting next_dagrun for example_sensors to None, run_after=None
[2023-04-28T11:36:04.364+0000] {processor.py:175} INFO - Processing /home/airflow/.local/lib/python3.7/site-packages/airflow/example_dags/example_sensors.py took 0.180 seconds
[2023-04-28T11:36:34.898+0000] {processor.py:153} INFO - Started process (PID=5434) to work on /home/airflow/.local/lib/python3.7/site-packages/airflow/example_dags/example_sensors.py
[2023-04-28T11:36:34.901+0000] {processor.py:743} INFO - Processing file /home/airflow/.local/lib/python3.7/site-packages/airflow/example_dags/example_sensors.py for tasks to queue
[2023-04-28T11:36:34.903+0000] {logging_mixin.py:137} INFO - [2023-04-28T11:36:34.903+0000] {dagbag.py:532} INFO - Filling up the DagBag from /home/airflow/.local/lib/python3.7/site-packages/airflow/example_dags/example_sensors.py
[2023-04-28T11:36:34.933+0000] {processor.py:753} INFO - DAG(s) dict_keys(['example_sensors']) retrieved from /home/airflow/.local/lib/python3.7/site-packages/airflow/example_dags/example_sensors.py
[2023-04-28T11:36:34.981+0000] {logging_mixin.py:137} INFO - [2023-04-28T11:36:34.981+0000] {dag.py:2705} INFO - Sync 1 DAGs
[2023-04-28T11:36:35.016+0000] {logging_mixin.py:137} INFO - [2023-04-28T11:36:35.016+0000] {dag.py:3456} INFO - Setting next_dagrun for example_sensors to None, run_after=None
[2023-04-28T11:36:35.041+0000] {processor.py:175} INFO - Processing /home/airflow/.local/lib/python3.7/site-packages/airflow/example_dags/example_sensors.py took 0.150 seconds
[2023-04-28T11:37:05.250+0000] {processor.py:153} INFO - Started process (PID=5652) to work on /home/airflow/.local/lib/python3.7/site-packages/airflow/example_dags/example_sensors.py
[2023-04-28T11:37:05.252+0000] {processor.py:743} INFO - Processing file /home/airflow/.local/lib/python3.7/site-packages/airflow/example_dags/example_sensors.py for tasks to queue
[2023-04-28T11:37:05.254+0000] {logging_mixin.py:137} INFO - [2023-04-28T11:37:05.254+0000] {dagbag.py:532} INFO - Filling up the DagBag from /home/airflow/.local/lib/python3.7/site-packages/airflow/example_dags/example_sensors.py
[2023-04-28T11:37:05.283+0000] {processor.py:753} INFO - DAG(s) dict_keys(['example_sensors']) retrieved from /home/airflow/.local/lib/python3.7/site-packages/airflow/example_dags/example_sensors.py
[2023-04-28T11:37:05.322+0000] {logging_mixin.py:137} INFO - [2023-04-28T11:37:05.322+0000] {dag.py:2705} INFO - Sync 1 DAGs
[2023-04-28T11:37:05.359+0000] {logging_mixin.py:137} INFO - [2023-04-28T11:37:05.359+0000] {dag.py:3456} INFO - Setting next_dagrun for example_sensors to None, run_after=None
[2023-04-28T11:37:05.386+0000] {processor.py:175} INFO - Processing /home/airflow/.local/lib/python3.7/site-packages/airflow/example_dags/example_sensors.py took 0.142 seconds
[2023-04-28T11:37:35.734+0000] {processor.py:153} INFO - Started process (PID=5870) to work on /home/airflow/.local/lib/python3.7/site-packages/airflow/example_dags/example_sensors.py
[2023-04-28T11:37:35.736+0000] {processor.py:743} INFO - Processing file /home/airflow/.local/lib/python3.7/site-packages/airflow/example_dags/example_sensors.py for tasks to queue
[2023-04-28T11:37:35.738+0000] {logging_mixin.py:137} INFO - [2023-04-28T11:37:35.738+0000] {dagbag.py:532} INFO - Filling up the DagBag from /home/airflow/.local/lib/python3.7/site-packages/airflow/example_dags/example_sensors.py
[2023-04-28T11:37:35.769+0000] {processor.py:753} INFO - DAG(s) dict_keys(['example_sensors']) retrieved from /home/airflow/.local/lib/python3.7/site-packages/airflow/example_dags/example_sensors.py
[2023-04-28T11:37:35.810+0000] {logging_mixin.py:137} INFO - [2023-04-28T11:37:35.810+0000] {dag.py:2705} INFO - Sync 1 DAGs
[2023-04-28T11:37:35.846+0000] {logging_mixin.py:137} INFO - [2023-04-28T11:37:35.845+0000] {dag.py:3456} INFO - Setting next_dagrun for example_sensors to None, run_after=None
[2023-04-28T11:37:35.874+0000] {processor.py:175} INFO - Processing /home/airflow/.local/lib/python3.7/site-packages/airflow/example_dags/example_sensors.py took 0.145 seconds
[2023-04-28T11:38:05.997+0000] {processor.py:153} INFO - Started process (PID=6088) to work on /home/airflow/.local/lib/python3.7/site-packages/airflow/example_dags/example_sensors.py
[2023-04-28T11:38:05.999+0000] {processor.py:743} INFO - Processing file /home/airflow/.local/lib/python3.7/site-packages/airflow/example_dags/example_sensors.py for tasks to queue
[2023-04-28T11:38:06.000+0000] {logging_mixin.py:137} INFO - [2023-04-28T11:38:06.000+0000] {dagbag.py:532} INFO - Filling up the DagBag from /home/airflow/.local/lib/python3.7/site-packages/airflow/example_dags/example_sensors.py
[2023-04-28T11:38:06.032+0000] {processor.py:753} INFO - DAG(s) dict_keys(['example_sensors']) retrieved from /home/airflow/.local/lib/python3.7/site-packages/airflow/example_dags/example_sensors.py
[2023-04-28T11:38:06.073+0000] {logging_mixin.py:137} INFO - [2023-04-28T11:38:06.073+0000] {dag.py:2705} INFO - Sync 1 DAGs
[2023-04-28T11:38:06.107+0000] {logging_mixin.py:137} INFO - [2023-04-28T11:38:06.107+0000] {dag.py:3456} INFO - Setting next_dagrun for example_sensors to None, run_after=None
[2023-04-28T11:38:06.131+0000] {processor.py:175} INFO - Processing /home/airflow/.local/lib/python3.7/site-packages/airflow/example_dags/example_sensors.py took 0.139 seconds
[2023-04-28T11:38:36.834+0000] {processor.py:153} INFO - Started process (PID=6306) to work on /home/airflow/.local/lib/python3.7/site-packages/airflow/example_dags/example_sensors.py
[2023-04-28T11:38:36.836+0000] {processor.py:743} INFO - Processing file /home/airflow/.local/lib/python3.7/site-packages/airflow/example_dags/example_sensors.py for tasks to queue
[2023-04-28T11:38:36.838+0000] {logging_mixin.py:137} INFO - [2023-04-28T11:38:36.838+0000] {dagbag.py:532} INFO - Filling up the DagBag from /home/airflow/.local/lib/python3.7/site-packages/airflow/example_dags/example_sensors.py
[2023-04-28T11:38:36.872+0000] {processor.py:753} INFO - DAG(s) dict_keys(['example_sensors']) retrieved from /home/airflow/.local/lib/python3.7/site-packages/airflow/example_dags/example_sensors.py
[2023-04-28T11:38:36.918+0000] {logging_mixin.py:137} INFO - [2023-04-28T11:38:36.918+0000] {dag.py:2705} INFO - Sync 1 DAGs
[2023-04-28T11:38:36.956+0000] {logging_mixin.py:137} INFO - [2023-04-28T11:38:36.956+0000] {dag.py:3456} INFO - Setting next_dagrun for example_sensors to None, run_after=None
[2023-04-28T11:38:36.984+0000] {processor.py:175} INFO - Processing /home/airflow/.local/lib/python3.7/site-packages/airflow/example_dags/example_sensors.py took 0.158 seconds
[2023-04-28T11:39:07.620+0000] {processor.py:153} INFO - Started process (PID=6524) to work on /home/airflow/.local/lib/python3.7/site-packages/airflow/example_dags/example_sensors.py
[2023-04-28T11:39:07.622+0000] {processor.py:743} INFO - Processing file /home/airflow/.local/lib/python3.7/site-packages/airflow/example_dags/example_sensors.py for tasks to queue
[2023-04-28T11:39:07.624+0000] {logging_mixin.py:137} INFO - [2023-04-28T11:39:07.624+0000] {dagbag.py:532} INFO - Filling up the DagBag from /home/airflow/.local/lib/python3.7/site-packages/airflow/example_dags/example_sensors.py
[2023-04-28T11:39:07.656+0000] {processor.py:753} INFO - DAG(s) dict_keys(['example_sensors']) retrieved from /home/airflow/.local/lib/python3.7/site-packages/airflow/example_dags/example_sensors.py
[2023-04-28T11:39:07.696+0000] {logging_mixin.py:137} INFO - [2023-04-28T11:39:07.696+0000] {dag.py:2705} INFO - Sync 1 DAGs
[2023-04-28T11:39:07.730+0000] {logging_mixin.py:137} INFO - [2023-04-28T11:39:07.730+0000] {dag.py:3456} INFO - Setting next_dagrun for example_sensors to None, run_after=None
[2023-04-28T11:39:07.758+0000] {processor.py:175} INFO - Processing /home/airflow/.local/lib/python3.7/site-packages/airflow/example_dags/example_sensors.py took 0.145 seconds
[2023-04-28T11:39:37.934+0000] {processor.py:153} INFO - Started process (PID=6756) to work on /home/airflow/.local/lib/python3.7/site-packages/airflow/example_dags/example_sensors.py
[2023-04-28T11:39:37.937+0000] {processor.py:743} INFO - Processing file /home/airflow/.local/lib/python3.7/site-packages/airflow/example_dags/example_sensors.py for tasks to queue
[2023-04-28T11:39:37.940+0000] {logging_mixin.py:137} INFO - [2023-04-28T11:39:37.940+0000] {dagbag.py:532} INFO - Filling up the DagBag from /home/airflow/.local/lib/python3.7/site-packages/airflow/example_dags/example_sensors.py
[2023-04-28T11:39:37.981+0000] {processor.py:753} INFO - DAG(s) dict_keys(['example_sensors']) retrieved from /home/airflow/.local/lib/python3.7/site-packages/airflow/example_dags/example_sensors.py
[2023-04-28T11:39:38.039+0000] {logging_mixin.py:137} INFO - [2023-04-28T11:39:38.039+0000] {dag.py:2705} INFO - Sync 1 DAGs
[2023-04-28T11:39:38.080+0000] {logging_mixin.py:137} INFO - [2023-04-28T11:39:38.079+0000] {dag.py:3456} INFO - Setting next_dagrun for example_sensors to None, run_after=None
[2023-04-28T11:39:38.109+0000] {processor.py:175} INFO - Processing /home/airflow/.local/lib/python3.7/site-packages/airflow/example_dags/example_sensors.py took 0.182 seconds
[2023-04-28T11:40:09.317+0000] {processor.py:153} INFO - Started process (PID=6979) to work on /home/airflow/.local/lib/python3.7/site-packages/airflow/example_dags/example_sensors.py
[2023-04-28T11:40:09.331+0000] {processor.py:743} INFO - Processing file /home/airflow/.local/lib/python3.7/site-packages/airflow/example_dags/example_sensors.py for tasks to queue
[2023-04-28T11:40:09.336+0000] {logging_mixin.py:137} INFO - [2023-04-28T11:40:09.336+0000] {dagbag.py:532} INFO - Filling up the DagBag from /home/airflow/.local/lib/python3.7/site-packages/airflow/example_dags/example_sensors.py
[2023-04-28T11:40:09.388+0000] {processor.py:753} INFO - DAG(s) dict_keys(['example_sensors']) retrieved from /home/airflow/.local/lib/python3.7/site-packages/airflow/example_dags/example_sensors.py
[2023-04-28T11:40:09.473+0000] {logging_mixin.py:137} INFO - [2023-04-28T11:40:09.472+0000] {dag.py:2705} INFO - Sync 1 DAGs
[2023-04-28T11:40:09.543+0000] {logging_mixin.py:137} INFO - [2023-04-28T11:40:09.542+0000] {dag.py:3456} INFO - Setting next_dagrun for example_sensors to None, run_after=None
[2023-04-28T11:40:09.599+0000] {processor.py:175} INFO - Processing /home/airflow/.local/lib/python3.7/site-packages/airflow/example_dags/example_sensors.py took 0.300 seconds
[2023-04-28T11:40:39.805+0000] {processor.py:153} INFO - Started process (PID=7201) to work on /home/airflow/.local/lib/python3.7/site-packages/airflow/example_dags/example_sensors.py
[2023-04-28T11:40:39.812+0000] {processor.py:743} INFO - Processing file /home/airflow/.local/lib/python3.7/site-packages/airflow/example_dags/example_sensors.py for tasks to queue
[2023-04-28T11:40:39.822+0000] {logging_mixin.py:137} INFO - [2023-04-28T11:40:39.821+0000] {dagbag.py:532} INFO - Filling up the DagBag from /home/airflow/.local/lib/python3.7/site-packages/airflow/example_dags/example_sensors.py
[2023-04-28T11:40:39.909+0000] {processor.py:753} INFO - DAG(s) dict_keys(['example_sensors']) retrieved from /home/airflow/.local/lib/python3.7/site-packages/airflow/example_dags/example_sensors.py
[2023-04-28T11:40:40.067+0000] {logging_mixin.py:137} INFO - [2023-04-28T11:40:40.067+0000] {dag.py:2705} INFO - Sync 1 DAGs
[2023-04-28T11:40:40.151+0000] {logging_mixin.py:137} INFO - [2023-04-28T11:40:40.151+0000] {dag.py:3456} INFO - Setting next_dagrun for example_sensors to None, run_after=None
[2023-04-28T11:40:40.195+0000] {processor.py:175} INFO - Processing /home/airflow/.local/lib/python3.7/site-packages/airflow/example_dags/example_sensors.py took 0.401 seconds
