[2023-04-28T11:24:23.813+0000] {processor.py:153} INFO - Started process (PID=253) to work on /home/airflow/.local/lib/python3.7/site-packages/airflow/example_dags/example_branch_python_dop_operator_3.py
[2023-04-28T11:24:23.816+0000] {processor.py:743} INFO - Processing file /home/airflow/.local/lib/python3.7/site-packages/airflow/example_dags/example_branch_python_dop_operator_3.py for tasks to queue
[2023-04-28T11:24:23.819+0000] {logging_mixin.py:137} INFO - [2023-04-28T11:24:23.818+0000] {dagbag.py:532} INFO - Filling up the DagBag from /home/airflow/.local/lib/python3.7/site-packages/airflow/example_dags/example_branch_python_dop_operator_3.py
[2023-04-28T11:24:23.851+0000] {processor.py:753} INFO - DAG(s) dict_keys(['example_branch_dop_operator_v3']) retrieved from /home/airflow/.local/lib/python3.7/site-packages/airflow/example_dags/example_branch_python_dop_operator_3.py
[2023-04-28T11:24:23.867+0000] {logging_mixin.py:137} INFO - [2023-04-28T11:24:23.867+0000] {dag.py:2705} INFO - Sync 1 DAGs
[2023-04-28T11:24:23.905+0000] {logging_mixin.py:137} INFO - [2023-04-28T11:24:23.905+0000] {dag.py:3456} INFO - Setting next_dagrun for example_branch_dop_operator_v3 to 2023-04-28T11:23:00+00:00, run_after=2023-04-28T11:24:00+00:00
[2023-04-28T11:24:23.933+0000] {processor.py:175} INFO - Processing /home/airflow/.local/lib/python3.7/site-packages/airflow/example_dags/example_branch_python_dop_operator_3.py took 0.124 seconds
[2023-04-28T11:24:54.300+0000] {processor.py:153} INFO - Started process (PID=471) to work on /home/airflow/.local/lib/python3.7/site-packages/airflow/example_dags/example_branch_python_dop_operator_3.py
[2023-04-28T11:24:54.302+0000] {processor.py:743} INFO - Processing file /home/airflow/.local/lib/python3.7/site-packages/airflow/example_dags/example_branch_python_dop_operator_3.py for tasks to queue
[2023-04-28T11:24:54.303+0000] {logging_mixin.py:137} INFO - [2023-04-28T11:24:54.303+0000] {dagbag.py:532} INFO - Filling up the DagBag from /home/airflow/.local/lib/python3.7/site-packages/airflow/example_dags/example_branch_python_dop_operator_3.py
[2023-04-28T11:24:54.330+0000] {processor.py:753} INFO - DAG(s) dict_keys(['example_branch_dop_operator_v3']) retrieved from /home/airflow/.local/lib/python3.7/site-packages/airflow/example_dags/example_branch_python_dop_operator_3.py
[2023-04-28T11:24:54.359+0000] {logging_mixin.py:137} INFO - [2023-04-28T11:24:54.359+0000] {dag.py:2705} INFO - Sync 1 DAGs
[2023-04-28T11:24:54.396+0000] {logging_mixin.py:137} INFO - [2023-04-28T11:24:54.396+0000] {dag.py:3456} INFO - Setting next_dagrun for example_branch_dop_operator_v3 to 2023-04-28T11:23:00+00:00, run_after=2023-04-28T11:24:00+00:00
[2023-04-28T11:24:54.418+0000] {processor.py:175} INFO - Processing /home/airflow/.local/lib/python3.7/site-packages/airflow/example_dags/example_branch_python_dop_operator_3.py took 0.122 seconds
[2023-04-28T11:25:24.918+0000] {processor.py:153} INFO - Started process (PID=689) to work on /home/airflow/.local/lib/python3.7/site-packages/airflow/example_dags/example_branch_python_dop_operator_3.py
[2023-04-28T11:25:24.920+0000] {processor.py:743} INFO - Processing file /home/airflow/.local/lib/python3.7/site-packages/airflow/example_dags/example_branch_python_dop_operator_3.py for tasks to queue
[2023-04-28T11:25:24.921+0000] {logging_mixin.py:137} INFO - [2023-04-28T11:25:24.921+0000] {dagbag.py:532} INFO - Filling up the DagBag from /home/airflow/.local/lib/python3.7/site-packages/airflow/example_dags/example_branch_python_dop_operator_3.py
[2023-04-28T11:25:24.949+0000] {processor.py:753} INFO - DAG(s) dict_keys(['example_branch_dop_operator_v3']) retrieved from /home/airflow/.local/lib/python3.7/site-packages/airflow/example_dags/example_branch_python_dop_operator_3.py
[2023-04-28T11:25:24.979+0000] {logging_mixin.py:137} INFO - [2023-04-28T11:25:24.978+0000] {dag.py:2705} INFO - Sync 1 DAGs
[2023-04-28T11:25:25.012+0000] {logging_mixin.py:137} INFO - [2023-04-28T11:25:25.012+0000] {dag.py:3456} INFO - Setting next_dagrun for example_branch_dop_operator_v3 to 2023-04-28T11:24:00+00:00, run_after=2023-04-28T11:25:00+00:00
[2023-04-28T11:25:25.035+0000] {processor.py:175} INFO - Processing /home/airflow/.local/lib/python3.7/site-packages/airflow/example_dags/example_branch_python_dop_operator_3.py took 0.122 seconds
[2023-04-28T11:25:56.529+0000] {processor.py:153} INFO - Started process (PID=907) to work on /home/airflow/.local/lib/python3.7/site-packages/airflow/example_dags/example_branch_python_dop_operator_3.py
[2023-04-28T11:25:56.535+0000] {processor.py:743} INFO - Processing file /home/airflow/.local/lib/python3.7/site-packages/airflow/example_dags/example_branch_python_dop_operator_3.py for tasks to queue
[2023-04-28T11:25:56.540+0000] {logging_mixin.py:137} INFO - [2023-04-28T11:25:56.539+0000] {dagbag.py:532} INFO - Filling up the DagBag from /home/airflow/.local/lib/python3.7/site-packages/airflow/example_dags/example_branch_python_dop_operator_3.py
[2023-04-28T11:25:56.623+0000] {processor.py:753} INFO - DAG(s) dict_keys(['example_branch_dop_operator_v3']) retrieved from /home/airflow/.local/lib/python3.7/site-packages/airflow/example_dags/example_branch_python_dop_operator_3.py
[2023-04-28T11:25:56.706+0000] {logging_mixin.py:137} INFO - [2023-04-28T11:25:56.706+0000] {dag.py:2705} INFO - Sync 1 DAGs
[2023-04-28T11:25:56.765+0000] {logging_mixin.py:137} INFO - [2023-04-28T11:25:56.765+0000] {dag.py:3456} INFO - Setting next_dagrun for example_branch_dop_operator_v3 to 2023-04-28T11:24:00+00:00, run_after=2023-04-28T11:25:00+00:00
[2023-04-28T11:25:56.812+0000] {processor.py:175} INFO - Processing /home/airflow/.local/lib/python3.7/site-packages/airflow/example_dags/example_branch_python_dop_operator_3.py took 0.293 seconds
[2023-04-28T11:26:27.384+0000] {processor.py:153} INFO - Started process (PID=1125) to work on /home/airflow/.local/lib/python3.7/site-packages/airflow/example_dags/example_branch_python_dop_operator_3.py
[2023-04-28T11:26:27.386+0000] {processor.py:743} INFO - Processing file /home/airflow/.local/lib/python3.7/site-packages/airflow/example_dags/example_branch_python_dop_operator_3.py for tasks to queue
[2023-04-28T11:26:27.387+0000] {logging_mixin.py:137} INFO - [2023-04-28T11:26:27.387+0000] {dagbag.py:532} INFO - Filling up the DagBag from /home/airflow/.local/lib/python3.7/site-packages/airflow/example_dags/example_branch_python_dop_operator_3.py
[2023-04-28T11:26:27.413+0000] {processor.py:753} INFO - DAG(s) dict_keys(['example_branch_dop_operator_v3']) retrieved from /home/airflow/.local/lib/python3.7/site-packages/airflow/example_dags/example_branch_python_dop_operator_3.py
[2023-04-28T11:26:27.443+0000] {logging_mixin.py:137} INFO - [2023-04-28T11:26:27.443+0000] {dag.py:2705} INFO - Sync 1 DAGs
[2023-04-28T11:26:27.480+0000] {logging_mixin.py:137} INFO - [2023-04-28T11:26:27.480+0000] {dag.py:3456} INFO - Setting next_dagrun for example_branch_dop_operator_v3 to 2023-04-28T11:25:00+00:00, run_after=2023-04-28T11:26:00+00:00
[2023-04-28T11:26:27.501+0000] {processor.py:175} INFO - Processing /home/airflow/.local/lib/python3.7/site-packages/airflow/example_dags/example_branch_python_dop_operator_3.py took 0.121 seconds
[2023-04-28T11:26:58.271+0000] {processor.py:153} INFO - Started process (PID=1343) to work on /home/airflow/.local/lib/python3.7/site-packages/airflow/example_dags/example_branch_python_dop_operator_3.py
[2023-04-28T11:26:58.275+0000] {processor.py:743} INFO - Processing file /home/airflow/.local/lib/python3.7/site-packages/airflow/example_dags/example_branch_python_dop_operator_3.py for tasks to queue
[2023-04-28T11:26:58.278+0000] {logging_mixin.py:137} INFO - [2023-04-28T11:26:58.277+0000] {dagbag.py:532} INFO - Filling up the DagBag from /home/airflow/.local/lib/python3.7/site-packages/airflow/example_dags/example_branch_python_dop_operator_3.py
[2023-04-28T11:26:58.327+0000] {processor.py:753} INFO - DAG(s) dict_keys(['example_branch_dop_operator_v3']) retrieved from /home/airflow/.local/lib/python3.7/site-packages/airflow/example_dags/example_branch_python_dop_operator_3.py
[2023-04-28T11:26:58.392+0000] {logging_mixin.py:137} INFO - [2023-04-28T11:26:58.392+0000] {dag.py:2705} INFO - Sync 1 DAGs
[2023-04-28T11:26:58.467+0000] {logging_mixin.py:137} INFO - [2023-04-28T11:26:58.467+0000] {dag.py:3456} INFO - Setting next_dagrun for example_branch_dop_operator_v3 to 2023-04-28T11:25:00+00:00, run_after=2023-04-28T11:26:00+00:00
[2023-04-28T11:26:58.515+0000] {processor.py:175} INFO - Processing /home/airflow/.local/lib/python3.7/site-packages/airflow/example_dags/example_branch_python_dop_operator_3.py took 0.251 seconds
[2023-04-28T11:27:28.826+0000] {processor.py:153} INFO - Started process (PID=1561) to work on /home/airflow/.local/lib/python3.7/site-packages/airflow/example_dags/example_branch_python_dop_operator_3.py
[2023-04-28T11:27:28.828+0000] {processor.py:743} INFO - Processing file /home/airflow/.local/lib/python3.7/site-packages/airflow/example_dags/example_branch_python_dop_operator_3.py for tasks to queue
[2023-04-28T11:27:28.830+0000] {logging_mixin.py:137} INFO - [2023-04-28T11:27:28.830+0000] {dagbag.py:532} INFO - Filling up the DagBag from /home/airflow/.local/lib/python3.7/site-packages/airflow/example_dags/example_branch_python_dop_operator_3.py
[2023-04-28T11:27:28.859+0000] {processor.py:753} INFO - DAG(s) dict_keys(['example_branch_dop_operator_v3']) retrieved from /home/airflow/.local/lib/python3.7/site-packages/airflow/example_dags/example_branch_python_dop_operator_3.py
[2023-04-28T11:27:28.890+0000] {logging_mixin.py:137} INFO - [2023-04-28T11:27:28.890+0000] {dag.py:2705} INFO - Sync 1 DAGs
[2023-04-28T11:27:28.931+0000] {logging_mixin.py:137} INFO - [2023-04-28T11:27:28.931+0000] {dag.py:3456} INFO - Setting next_dagrun for example_branch_dop_operator_v3 to 2023-04-28T11:26:00+00:00, run_after=2023-04-28T11:27:00+00:00
[2023-04-28T11:27:28.956+0000] {processor.py:175} INFO - Processing /home/airflow/.local/lib/python3.7/site-packages/airflow/example_dags/example_branch_python_dop_operator_3.py took 0.134 seconds
[2023-04-28T11:27:59.729+0000] {processor.py:153} INFO - Started process (PID=1779) to work on /home/airflow/.local/lib/python3.7/site-packages/airflow/example_dags/example_branch_python_dop_operator_3.py
[2023-04-28T11:27:59.732+0000] {processor.py:743} INFO - Processing file /home/airflow/.local/lib/python3.7/site-packages/airflow/example_dags/example_branch_python_dop_operator_3.py for tasks to queue
[2023-04-28T11:27:59.736+0000] {logging_mixin.py:137} INFO - [2023-04-28T11:27:59.736+0000] {dagbag.py:532} INFO - Filling up the DagBag from /home/airflow/.local/lib/python3.7/site-packages/airflow/example_dags/example_branch_python_dop_operator_3.py
[2023-04-28T11:27:59.793+0000] {processor.py:753} INFO - DAG(s) dict_keys(['example_branch_dop_operator_v3']) retrieved from /home/airflow/.local/lib/python3.7/site-packages/airflow/example_dags/example_branch_python_dop_operator_3.py
[2023-04-28T11:27:59.866+0000] {logging_mixin.py:137} INFO - [2023-04-28T11:27:59.866+0000] {dag.py:2705} INFO - Sync 1 DAGs
[2023-04-28T11:27:59.928+0000] {logging_mixin.py:137} INFO - [2023-04-28T11:27:59.928+0000] {dag.py:3456} INFO - Setting next_dagrun for example_branch_dop_operator_v3 to 2023-04-28T11:26:00+00:00, run_after=2023-04-28T11:27:00+00:00
[2023-04-28T11:27:59.969+0000] {processor.py:175} INFO - Processing /home/airflow/.local/lib/python3.7/site-packages/airflow/example_dags/example_branch_python_dop_operator_3.py took 0.247 seconds
[2023-04-28T11:28:30.399+0000] {processor.py:153} INFO - Started process (PID=1997) to work on /home/airflow/.local/lib/python3.7/site-packages/airflow/example_dags/example_branch_python_dop_operator_3.py
[2023-04-28T11:28:30.403+0000] {processor.py:743} INFO - Processing file /home/airflow/.local/lib/python3.7/site-packages/airflow/example_dags/example_branch_python_dop_operator_3.py for tasks to queue
[2023-04-28T11:28:30.406+0000] {logging_mixin.py:137} INFO - [2023-04-28T11:28:30.406+0000] {dagbag.py:532} INFO - Filling up the DagBag from /home/airflow/.local/lib/python3.7/site-packages/airflow/example_dags/example_branch_python_dop_operator_3.py
[2023-04-28T11:28:30.457+0000] {processor.py:753} INFO - DAG(s) dict_keys(['example_branch_dop_operator_v3']) retrieved from /home/airflow/.local/lib/python3.7/site-packages/airflow/example_dags/example_branch_python_dop_operator_3.py
[2023-04-28T11:28:30.522+0000] {logging_mixin.py:137} INFO - [2023-04-28T11:28:30.522+0000] {dag.py:2705} INFO - Sync 1 DAGs
[2023-04-28T11:28:30.586+0000] {logging_mixin.py:137} INFO - [2023-04-28T11:28:30.586+0000] {dag.py:3456} INFO - Setting next_dagrun for example_branch_dop_operator_v3 to 2023-04-28T11:27:00+00:00, run_after=2023-04-28T11:28:00+00:00
[2023-04-28T11:28:30.618+0000] {processor.py:175} INFO - Processing /home/airflow/.local/lib/python3.7/site-packages/airflow/example_dags/example_branch_python_dop_operator_3.py took 0.230 seconds
[2023-04-28T11:29:01.370+0000] {processor.py:153} INFO - Started process (PID=2215) to work on /home/airflow/.local/lib/python3.7/site-packages/airflow/example_dags/example_branch_python_dop_operator_3.py
[2023-04-28T11:29:01.372+0000] {processor.py:743} INFO - Processing file /home/airflow/.local/lib/python3.7/site-packages/airflow/example_dags/example_branch_python_dop_operator_3.py for tasks to queue
[2023-04-28T11:29:01.375+0000] {logging_mixin.py:137} INFO - [2023-04-28T11:29:01.375+0000] {dagbag.py:532} INFO - Filling up the DagBag from /home/airflow/.local/lib/python3.7/site-packages/airflow/example_dags/example_branch_python_dop_operator_3.py
[2023-04-28T11:29:01.407+0000] {processor.py:753} INFO - DAG(s) dict_keys(['example_branch_dop_operator_v3']) retrieved from /home/airflow/.local/lib/python3.7/site-packages/airflow/example_dags/example_branch_python_dop_operator_3.py
[2023-04-28T11:29:01.444+0000] {logging_mixin.py:137} INFO - [2023-04-28T11:29:01.444+0000] {dag.py:2705} INFO - Sync 1 DAGs
[2023-04-28T11:29:01.485+0000] {logging_mixin.py:137} INFO - [2023-04-28T11:29:01.485+0000] {dag.py:3456} INFO - Setting next_dagrun for example_branch_dop_operator_v3 to 2023-04-28T11:28:00+00:00, run_after=2023-04-28T11:29:00+00:00
[2023-04-28T11:29:01.514+0000] {processor.py:175} INFO - Processing /home/airflow/.local/lib/python3.7/site-packages/airflow/example_dags/example_branch_python_dop_operator_3.py took 0.148 seconds
[2023-04-28T11:29:31.781+0000] {processor.py:153} INFO - Started process (PID=2433) to work on /home/airflow/.local/lib/python3.7/site-packages/airflow/example_dags/example_branch_python_dop_operator_3.py
[2023-04-28T11:29:31.783+0000] {processor.py:743} INFO - Processing file /home/airflow/.local/lib/python3.7/site-packages/airflow/example_dags/example_branch_python_dop_operator_3.py for tasks to queue
[2023-04-28T11:29:31.784+0000] {logging_mixin.py:137} INFO - [2023-04-28T11:29:31.784+0000] {dagbag.py:532} INFO - Filling up the DagBag from /home/airflow/.local/lib/python3.7/site-packages/airflow/example_dags/example_branch_python_dop_operator_3.py
[2023-04-28T11:29:31.812+0000] {processor.py:753} INFO - DAG(s) dict_keys(['example_branch_dop_operator_v3']) retrieved from /home/airflow/.local/lib/python3.7/site-packages/airflow/example_dags/example_branch_python_dop_operator_3.py
[2023-04-28T11:29:31.843+0000] {logging_mixin.py:137} INFO - [2023-04-28T11:29:31.843+0000] {dag.py:2705} INFO - Sync 1 DAGs
[2023-04-28T11:29:31.878+0000] {logging_mixin.py:137} INFO - [2023-04-28T11:29:31.877+0000] {dag.py:3456} INFO - Setting next_dagrun for example_branch_dop_operator_v3 to 2023-04-28T11:28:00+00:00, run_after=2023-04-28T11:29:00+00:00
[2023-04-28T11:29:31.900+0000] {processor.py:175} INFO - Processing /home/airflow/.local/lib/python3.7/site-packages/airflow/example_dags/example_branch_python_dop_operator_3.py took 0.125 seconds
[2023-04-28T11:30:02.743+0000] {processor.py:153} INFO - Started process (PID=2651) to work on /home/airflow/.local/lib/python3.7/site-packages/airflow/example_dags/example_branch_python_dop_operator_3.py
[2023-04-28T11:30:02.745+0000] {processor.py:743} INFO - Processing file /home/airflow/.local/lib/python3.7/site-packages/airflow/example_dags/example_branch_python_dop_operator_3.py for tasks to queue
[2023-04-28T11:30:02.747+0000] {logging_mixin.py:137} INFO - [2023-04-28T11:30:02.747+0000] {dagbag.py:532} INFO - Filling up the DagBag from /home/airflow/.local/lib/python3.7/site-packages/airflow/example_dags/example_branch_python_dop_operator_3.py
[2023-04-28T11:30:02.778+0000] {processor.py:753} INFO - DAG(s) dict_keys(['example_branch_dop_operator_v3']) retrieved from /home/airflow/.local/lib/python3.7/site-packages/airflow/example_dags/example_branch_python_dop_operator_3.py
[2023-04-28T11:30:02.836+0000] {logging_mixin.py:137} INFO - [2023-04-28T11:30:02.836+0000] {dag.py:2705} INFO - Sync 1 DAGs
[2023-04-28T11:30:02.922+0000] {logging_mixin.py:137} INFO - [2023-04-28T11:30:02.922+0000] {dag.py:3456} INFO - Setting next_dagrun for example_branch_dop_operator_v3 to 2023-04-28T11:29:00+00:00, run_after=2023-04-28T11:30:00+00:00
[2023-04-28T11:30:02.959+0000] {processor.py:175} INFO - Processing /home/airflow/.local/lib/python3.7/site-packages/airflow/example_dags/example_branch_python_dop_operator_3.py took 0.221 seconds
[2023-04-28T11:30:33.076+0000] {processor.py:153} INFO - Started process (PID=2869) to work on /home/airflow/.local/lib/python3.7/site-packages/airflow/example_dags/example_branch_python_dop_operator_3.py
[2023-04-28T11:30:33.079+0000] {processor.py:743} INFO - Processing file /home/airflow/.local/lib/python3.7/site-packages/airflow/example_dags/example_branch_python_dop_operator_3.py for tasks to queue
[2023-04-28T11:30:33.082+0000] {logging_mixin.py:137} INFO - [2023-04-28T11:30:33.081+0000] {dagbag.py:532} INFO - Filling up the DagBag from /home/airflow/.local/lib/python3.7/site-packages/airflow/example_dags/example_branch_python_dop_operator_3.py
[2023-04-28T11:30:33.119+0000] {processor.py:753} INFO - DAG(s) dict_keys(['example_branch_dop_operator_v3']) retrieved from /home/airflow/.local/lib/python3.7/site-packages/airflow/example_dags/example_branch_python_dop_operator_3.py
[2023-04-28T11:30:33.152+0000] {logging_mixin.py:137} INFO - [2023-04-28T11:30:33.152+0000] {dag.py:2705} INFO - Sync 1 DAGs
[2023-04-28T11:30:33.191+0000] {logging_mixin.py:137} INFO - [2023-04-28T11:30:33.191+0000] {dag.py:3456} INFO - Setting next_dagrun for example_branch_dop_operator_v3 to 2023-04-28T11:29:00+00:00, run_after=2023-04-28T11:30:00+00:00
[2023-04-28T11:30:33.216+0000] {processor.py:175} INFO - Processing /home/airflow/.local/lib/python3.7/site-packages/airflow/example_dags/example_branch_python_dop_operator_3.py took 0.147 seconds
[2023-04-28T11:31:03.472+0000] {processor.py:153} INFO - Started process (PID=3087) to work on /home/airflow/.local/lib/python3.7/site-packages/airflow/example_dags/example_branch_python_dop_operator_3.py
[2023-04-28T11:31:03.475+0000] {processor.py:743} INFO - Processing file /home/airflow/.local/lib/python3.7/site-packages/airflow/example_dags/example_branch_python_dop_operator_3.py for tasks to queue
[2023-04-28T11:31:03.477+0000] {logging_mixin.py:137} INFO - [2023-04-28T11:31:03.477+0000] {dagbag.py:532} INFO - Filling up the DagBag from /home/airflow/.local/lib/python3.7/site-packages/airflow/example_dags/example_branch_python_dop_operator_3.py
[2023-04-28T11:31:03.515+0000] {processor.py:753} INFO - DAG(s) dict_keys(['example_branch_dop_operator_v3']) retrieved from /home/airflow/.local/lib/python3.7/site-packages/airflow/example_dags/example_branch_python_dop_operator_3.py
[2023-04-28T11:31:03.553+0000] {logging_mixin.py:137} INFO - [2023-04-28T11:31:03.553+0000] {dag.py:2705} INFO - Sync 1 DAGs
[2023-04-28T11:31:03.597+0000] {logging_mixin.py:137} INFO - [2023-04-28T11:31:03.596+0000] {dag.py:3456} INFO - Setting next_dagrun for example_branch_dop_operator_v3 to 2023-04-28T11:30:00+00:00, run_after=2023-04-28T11:31:00+00:00
[2023-04-28T11:31:03.626+0000] {processor.py:175} INFO - Processing /home/airflow/.local/lib/python3.7/site-packages/airflow/example_dags/example_branch_python_dop_operator_3.py took 0.159 seconds
[2023-04-28T11:31:34.046+0000] {processor.py:153} INFO - Started process (PID=3304) to work on /home/airflow/.local/lib/python3.7/site-packages/airflow/example_dags/example_branch_python_dop_operator_3.py
[2023-04-28T11:31:34.049+0000] {processor.py:743} INFO - Processing file /home/airflow/.local/lib/python3.7/site-packages/airflow/example_dags/example_branch_python_dop_operator_3.py for tasks to queue
[2023-04-28T11:31:34.050+0000] {logging_mixin.py:137} INFO - [2023-04-28T11:31:34.050+0000] {dagbag.py:532} INFO - Filling up the DagBag from /home/airflow/.local/lib/python3.7/site-packages/airflow/example_dags/example_branch_python_dop_operator_3.py
[2023-04-28T11:31:34.082+0000] {processor.py:753} INFO - DAG(s) dict_keys(['example_branch_dop_operator_v3']) retrieved from /home/airflow/.local/lib/python3.7/site-packages/airflow/example_dags/example_branch_python_dop_operator_3.py
[2023-04-28T11:31:34.117+0000] {logging_mixin.py:137} INFO - [2023-04-28T11:31:34.117+0000] {dag.py:2705} INFO - Sync 1 DAGs
[2023-04-28T11:31:34.154+0000] {logging_mixin.py:137} INFO - [2023-04-28T11:31:34.154+0000] {dag.py:3456} INFO - Setting next_dagrun for example_branch_dop_operator_v3 to 2023-04-28T11:30:00+00:00, run_after=2023-04-28T11:31:00+00:00
[2023-04-28T11:31:34.177+0000] {processor.py:175} INFO - Processing /home/airflow/.local/lib/python3.7/site-packages/airflow/example_dags/example_branch_python_dop_operator_3.py took 0.136 seconds
[2023-04-28T11:32:04.439+0000] {processor.py:153} INFO - Started process (PID=3522) to work on /home/airflow/.local/lib/python3.7/site-packages/airflow/example_dags/example_branch_python_dop_operator_3.py
[2023-04-28T11:32:04.442+0000] {processor.py:743} INFO - Processing file /home/airflow/.local/lib/python3.7/site-packages/airflow/example_dags/example_branch_python_dop_operator_3.py for tasks to queue
[2023-04-28T11:32:04.443+0000] {logging_mixin.py:137} INFO - [2023-04-28T11:32:04.443+0000] {dagbag.py:532} INFO - Filling up the DagBag from /home/airflow/.local/lib/python3.7/site-packages/airflow/example_dags/example_branch_python_dop_operator_3.py
[2023-04-28T11:32:04.473+0000] {processor.py:753} INFO - DAG(s) dict_keys(['example_branch_dop_operator_v3']) retrieved from /home/airflow/.local/lib/python3.7/site-packages/airflow/example_dags/example_branch_python_dop_operator_3.py
[2023-04-28T11:32:04.504+0000] {logging_mixin.py:137} INFO - [2023-04-28T11:32:04.504+0000] {dag.py:2705} INFO - Sync 1 DAGs
[2023-04-28T11:32:04.540+0000] {logging_mixin.py:137} INFO - [2023-04-28T11:32:04.539+0000] {dag.py:3456} INFO - Setting next_dagrun for example_branch_dop_operator_v3 to 2023-04-28T11:31:00+00:00, run_after=2023-04-28T11:32:00+00:00
[2023-04-28T11:32:04.562+0000] {processor.py:175} INFO - Processing /home/airflow/.local/lib/python3.7/site-packages/airflow/example_dags/example_branch_python_dop_operator_3.py took 0.129 seconds
[2023-04-28T11:32:34.719+0000] {processor.py:153} INFO - Started process (PID=3740) to work on /home/airflow/.local/lib/python3.7/site-packages/airflow/example_dags/example_branch_python_dop_operator_3.py
[2023-04-28T11:32:34.721+0000] {processor.py:743} INFO - Processing file /home/airflow/.local/lib/python3.7/site-packages/airflow/example_dags/example_branch_python_dop_operator_3.py for tasks to queue
[2023-04-28T11:32:34.723+0000] {logging_mixin.py:137} INFO - [2023-04-28T11:32:34.722+0000] {dagbag.py:532} INFO - Filling up the DagBag from /home/airflow/.local/lib/python3.7/site-packages/airflow/example_dags/example_branch_python_dop_operator_3.py
[2023-04-28T11:32:34.752+0000] {processor.py:753} INFO - DAG(s) dict_keys(['example_branch_dop_operator_v3']) retrieved from /home/airflow/.local/lib/python3.7/site-packages/airflow/example_dags/example_branch_python_dop_operator_3.py
[2023-04-28T11:32:34.782+0000] {logging_mixin.py:137} INFO - [2023-04-28T11:32:34.782+0000] {dag.py:2705} INFO - Sync 1 DAGs
[2023-04-28T11:32:34.816+0000] {logging_mixin.py:137} INFO - [2023-04-28T11:32:34.815+0000] {dag.py:3456} INFO - Setting next_dagrun for example_branch_dop_operator_v3 to 2023-04-28T11:31:00+00:00, run_after=2023-04-28T11:32:00+00:00
[2023-04-28T11:32:34.837+0000] {processor.py:175} INFO - Processing /home/airflow/.local/lib/python3.7/site-packages/airflow/example_dags/example_branch_python_dop_operator_3.py took 0.123 seconds
[2023-04-28T11:33:05.093+0000] {processor.py:153} INFO - Started process (PID=3958) to work on /home/airflow/.local/lib/python3.7/site-packages/airflow/example_dags/example_branch_python_dop_operator_3.py
[2023-04-28T11:33:05.096+0000] {processor.py:743} INFO - Processing file /home/airflow/.local/lib/python3.7/site-packages/airflow/example_dags/example_branch_python_dop_operator_3.py for tasks to queue
[2023-04-28T11:33:05.097+0000] {logging_mixin.py:137} INFO - [2023-04-28T11:33:05.097+0000] {dagbag.py:532} INFO - Filling up the DagBag from /home/airflow/.local/lib/python3.7/site-packages/airflow/example_dags/example_branch_python_dop_operator_3.py
[2023-04-28T11:33:05.129+0000] {processor.py:753} INFO - DAG(s) dict_keys(['example_branch_dop_operator_v3']) retrieved from /home/airflow/.local/lib/python3.7/site-packages/airflow/example_dags/example_branch_python_dop_operator_3.py
[2023-04-28T11:33:05.160+0000] {logging_mixin.py:137} INFO - [2023-04-28T11:33:05.160+0000] {dag.py:2705} INFO - Sync 1 DAGs
[2023-04-28T11:33:05.195+0000] {logging_mixin.py:137} INFO - [2023-04-28T11:33:05.195+0000] {dag.py:3456} INFO - Setting next_dagrun for example_branch_dop_operator_v3 to 2023-04-28T11:32:00+00:00, run_after=2023-04-28T11:33:00+00:00
[2023-04-28T11:33:05.216+0000] {processor.py:175} INFO - Processing /home/airflow/.local/lib/python3.7/site-packages/airflow/example_dags/example_branch_python_dop_operator_3.py took 0.128 seconds
[2023-04-28T11:33:35.397+0000] {processor.py:153} INFO - Started process (PID=4176) to work on /home/airflow/.local/lib/python3.7/site-packages/airflow/example_dags/example_branch_python_dop_operator_3.py
[2023-04-28T11:33:35.399+0000] {processor.py:743} INFO - Processing file /home/airflow/.local/lib/python3.7/site-packages/airflow/example_dags/example_branch_python_dop_operator_3.py for tasks to queue
[2023-04-28T11:33:35.401+0000] {logging_mixin.py:137} INFO - [2023-04-28T11:33:35.401+0000] {dagbag.py:532} INFO - Filling up the DagBag from /home/airflow/.local/lib/python3.7/site-packages/airflow/example_dags/example_branch_python_dop_operator_3.py
[2023-04-28T11:33:35.432+0000] {processor.py:753} INFO - DAG(s) dict_keys(['example_branch_dop_operator_v3']) retrieved from /home/airflow/.local/lib/python3.7/site-packages/airflow/example_dags/example_branch_python_dop_operator_3.py
[2023-04-28T11:33:35.467+0000] {logging_mixin.py:137} INFO - [2023-04-28T11:33:35.466+0000] {dag.py:2705} INFO - Sync 1 DAGs
[2023-04-28T11:33:35.501+0000] {logging_mixin.py:137} INFO - [2023-04-28T11:33:35.501+0000] {dag.py:3456} INFO - Setting next_dagrun for example_branch_dop_operator_v3 to 2023-04-28T11:32:00+00:00, run_after=2023-04-28T11:33:00+00:00
[2023-04-28T11:33:35.524+0000] {processor.py:175} INFO - Processing /home/airflow/.local/lib/python3.7/site-packages/airflow/example_dags/example_branch_python_dop_operator_3.py took 0.132 seconds
[2023-04-28T11:34:05.683+0000] {processor.py:153} INFO - Started process (PID=4394) to work on /home/airflow/.local/lib/python3.7/site-packages/airflow/example_dags/example_branch_python_dop_operator_3.py
[2023-04-28T11:34:05.688+0000] {processor.py:743} INFO - Processing file /home/airflow/.local/lib/python3.7/site-packages/airflow/example_dags/example_branch_python_dop_operator_3.py for tasks to queue
[2023-04-28T11:34:05.695+0000] {logging_mixin.py:137} INFO - [2023-04-28T11:34:05.695+0000] {dagbag.py:532} INFO - Filling up the DagBag from /home/airflow/.local/lib/python3.7/site-packages/airflow/example_dags/example_branch_python_dop_operator_3.py
[2023-04-28T11:34:05.749+0000] {processor.py:753} INFO - DAG(s) dict_keys(['example_branch_dop_operator_v3']) retrieved from /home/airflow/.local/lib/python3.7/site-packages/airflow/example_dags/example_branch_python_dop_operator_3.py
[2023-04-28T11:34:05.781+0000] {logging_mixin.py:137} INFO - [2023-04-28T11:34:05.780+0000] {dag.py:2705} INFO - Sync 1 DAGs
[2023-04-28T11:34:05.816+0000] {logging_mixin.py:137} INFO - [2023-04-28T11:34:05.816+0000] {dag.py:3456} INFO - Setting next_dagrun for example_branch_dop_operator_v3 to 2023-04-28T11:33:00+00:00, run_after=2023-04-28T11:34:00+00:00
[2023-04-28T11:34:05.841+0000] {processor.py:175} INFO - Processing /home/airflow/.local/lib/python3.7/site-packages/airflow/example_dags/example_branch_python_dop_operator_3.py took 0.164 seconds
[2023-04-28T11:34:36.327+0000] {processor.py:153} INFO - Started process (PID=4612) to work on /home/airflow/.local/lib/python3.7/site-packages/airflow/example_dags/example_branch_python_dop_operator_3.py
[2023-04-28T11:34:36.329+0000] {processor.py:743} INFO - Processing file /home/airflow/.local/lib/python3.7/site-packages/airflow/example_dags/example_branch_python_dop_operator_3.py for tasks to queue
[2023-04-28T11:34:36.330+0000] {logging_mixin.py:137} INFO - [2023-04-28T11:34:36.330+0000] {dagbag.py:532} INFO - Filling up the DagBag from /home/airflow/.local/lib/python3.7/site-packages/airflow/example_dags/example_branch_python_dop_operator_3.py
[2023-04-28T11:34:36.359+0000] {processor.py:753} INFO - DAG(s) dict_keys(['example_branch_dop_operator_v3']) retrieved from /home/airflow/.local/lib/python3.7/site-packages/airflow/example_dags/example_branch_python_dop_operator_3.py
[2023-04-28T11:34:36.392+0000] {logging_mixin.py:137} INFO - [2023-04-28T11:34:36.392+0000] {dag.py:2705} INFO - Sync 1 DAGs
[2023-04-28T11:34:36.426+0000] {logging_mixin.py:137} INFO - [2023-04-28T11:34:36.426+0000] {dag.py:3456} INFO - Setting next_dagrun for example_branch_dop_operator_v3 to 2023-04-28T11:33:00+00:00, run_after=2023-04-28T11:34:00+00:00
[2023-04-28T11:34:36.447+0000] {processor.py:175} INFO - Processing /home/airflow/.local/lib/python3.7/site-packages/airflow/example_dags/example_branch_python_dop_operator_3.py took 0.125 seconds
[2023-04-28T11:35:06.988+0000] {processor.py:153} INFO - Started process (PID=4830) to work on /home/airflow/.local/lib/python3.7/site-packages/airflow/example_dags/example_branch_python_dop_operator_3.py
[2023-04-28T11:35:06.991+0000] {processor.py:743} INFO - Processing file /home/airflow/.local/lib/python3.7/site-packages/airflow/example_dags/example_branch_python_dop_operator_3.py for tasks to queue
[2023-04-28T11:35:06.993+0000] {logging_mixin.py:137} INFO - [2023-04-28T11:35:06.993+0000] {dagbag.py:532} INFO - Filling up the DagBag from /home/airflow/.local/lib/python3.7/site-packages/airflow/example_dags/example_branch_python_dop_operator_3.py
[2023-04-28T11:35:07.032+0000] {processor.py:753} INFO - DAG(s) dict_keys(['example_branch_dop_operator_v3']) retrieved from /home/airflow/.local/lib/python3.7/site-packages/airflow/example_dags/example_branch_python_dop_operator_3.py
[2023-04-28T11:35:07.072+0000] {logging_mixin.py:137} INFO - [2023-04-28T11:35:07.072+0000] {dag.py:2705} INFO - Sync 1 DAGs
[2023-04-28T11:35:07.118+0000] {logging_mixin.py:137} INFO - [2023-04-28T11:35:07.118+0000] {dag.py:3456} INFO - Setting next_dagrun for example_branch_dop_operator_v3 to 2023-04-28T11:34:00+00:00, run_after=2023-04-28T11:35:00+00:00
[2023-04-28T11:35:07.149+0000] {processor.py:175} INFO - Processing /home/airflow/.local/lib/python3.7/site-packages/airflow/example_dags/example_branch_python_dop_operator_3.py took 0.165 seconds
[2023-04-28T11:35:37.231+0000] {processor.py:153} INFO - Started process (PID=5048) to work on /home/airflow/.local/lib/python3.7/site-packages/airflow/example_dags/example_branch_python_dop_operator_3.py
[2023-04-28T11:35:37.233+0000] {processor.py:743} INFO - Processing file /home/airflow/.local/lib/python3.7/site-packages/airflow/example_dags/example_branch_python_dop_operator_3.py for tasks to queue
[2023-04-28T11:35:37.235+0000] {logging_mixin.py:137} INFO - [2023-04-28T11:35:37.234+0000] {dagbag.py:532} INFO - Filling up the DagBag from /home/airflow/.local/lib/python3.7/site-packages/airflow/example_dags/example_branch_python_dop_operator_3.py
[2023-04-28T11:35:37.266+0000] {processor.py:753} INFO - DAG(s) dict_keys(['example_branch_dop_operator_v3']) retrieved from /home/airflow/.local/lib/python3.7/site-packages/airflow/example_dags/example_branch_python_dop_operator_3.py
[2023-04-28T11:35:37.300+0000] {logging_mixin.py:137} INFO - [2023-04-28T11:35:37.299+0000] {dag.py:2705} INFO - Sync 1 DAGs
[2023-04-28T11:35:37.334+0000] {logging_mixin.py:137} INFO - [2023-04-28T11:35:37.334+0000] {dag.py:3456} INFO - Setting next_dagrun for example_branch_dop_operator_v3 to 2023-04-28T11:34:00+00:00, run_after=2023-04-28T11:35:00+00:00
[2023-04-28T11:35:37.358+0000] {processor.py:175} INFO - Processing /home/airflow/.local/lib/python3.7/site-packages/airflow/example_dags/example_branch_python_dop_operator_3.py took 0.133 seconds
[2023-04-28T11:36:07.831+0000] {processor.py:153} INFO - Started process (PID=5266) to work on /home/airflow/.local/lib/python3.7/site-packages/airflow/example_dags/example_branch_python_dop_operator_3.py
[2023-04-28T11:36:07.833+0000] {processor.py:743} INFO - Processing file /home/airflow/.local/lib/python3.7/site-packages/airflow/example_dags/example_branch_python_dop_operator_3.py for tasks to queue
[2023-04-28T11:36:07.835+0000] {logging_mixin.py:137} INFO - [2023-04-28T11:36:07.835+0000] {dagbag.py:532} INFO - Filling up the DagBag from /home/airflow/.local/lib/python3.7/site-packages/airflow/example_dags/example_branch_python_dop_operator_3.py
[2023-04-28T11:36:07.875+0000] {processor.py:753} INFO - DAG(s) dict_keys(['example_branch_dop_operator_v3']) retrieved from /home/airflow/.local/lib/python3.7/site-packages/airflow/example_dags/example_branch_python_dop_operator_3.py
[2023-04-28T11:36:07.913+0000] {logging_mixin.py:137} INFO - [2023-04-28T11:36:07.912+0000] {dag.py:2705} INFO - Sync 1 DAGs
[2023-04-28T11:36:07.951+0000] {logging_mixin.py:137} INFO - [2023-04-28T11:36:07.951+0000] {dag.py:3456} INFO - Setting next_dagrun for example_branch_dop_operator_v3 to 2023-04-28T11:35:00+00:00, run_after=2023-04-28T11:36:00+00:00
[2023-04-28T11:36:07.976+0000] {processor.py:175} INFO - Processing /home/airflow/.local/lib/python3.7/site-packages/airflow/example_dags/example_branch_python_dop_operator_3.py took 0.151 seconds
[2023-04-28T11:36:38.676+0000] {processor.py:153} INFO - Started process (PID=5484) to work on /home/airflow/.local/lib/python3.7/site-packages/airflow/example_dags/example_branch_python_dop_operator_3.py
[2023-04-28T11:36:38.678+0000] {processor.py:743} INFO - Processing file /home/airflow/.local/lib/python3.7/site-packages/airflow/example_dags/example_branch_python_dop_operator_3.py for tasks to queue
[2023-04-28T11:36:38.680+0000] {logging_mixin.py:137} INFO - [2023-04-28T11:36:38.680+0000] {dagbag.py:532} INFO - Filling up the DagBag from /home/airflow/.local/lib/python3.7/site-packages/airflow/example_dags/example_branch_python_dop_operator_3.py
[2023-04-28T11:36:38.712+0000] {processor.py:753} INFO - DAG(s) dict_keys(['example_branch_dop_operator_v3']) retrieved from /home/airflow/.local/lib/python3.7/site-packages/airflow/example_dags/example_branch_python_dop_operator_3.py
[2023-04-28T11:36:38.745+0000] {logging_mixin.py:137} INFO - [2023-04-28T11:36:38.744+0000] {dag.py:2705} INFO - Sync 1 DAGs
[2023-04-28T11:36:38.783+0000] {logging_mixin.py:137} INFO - [2023-04-28T11:36:38.783+0000] {dag.py:3456} INFO - Setting next_dagrun for example_branch_dop_operator_v3 to 2023-04-28T11:35:00+00:00, run_after=2023-04-28T11:36:00+00:00
[2023-04-28T11:36:38.806+0000] {processor.py:175} INFO - Processing /home/airflow/.local/lib/python3.7/site-packages/airflow/example_dags/example_branch_python_dop_operator_3.py took 0.136 seconds
[2023-04-28T11:37:09.041+0000] {processor.py:153} INFO - Started process (PID=5702) to work on /home/airflow/.local/lib/python3.7/site-packages/airflow/example_dags/example_branch_python_dop_operator_3.py
[2023-04-28T11:37:09.042+0000] {processor.py:743} INFO - Processing file /home/airflow/.local/lib/python3.7/site-packages/airflow/example_dags/example_branch_python_dop_operator_3.py for tasks to queue
[2023-04-28T11:37:09.044+0000] {logging_mixin.py:137} INFO - [2023-04-28T11:37:09.044+0000] {dagbag.py:532} INFO - Filling up the DagBag from /home/airflow/.local/lib/python3.7/site-packages/airflow/example_dags/example_branch_python_dop_operator_3.py
[2023-04-28T11:37:09.077+0000] {processor.py:753} INFO - DAG(s) dict_keys(['example_branch_dop_operator_v3']) retrieved from /home/airflow/.local/lib/python3.7/site-packages/airflow/example_dags/example_branch_python_dop_operator_3.py
[2023-04-28T11:37:09.110+0000] {logging_mixin.py:137} INFO - [2023-04-28T11:37:09.110+0000] {dag.py:2705} INFO - Sync 1 DAGs
[2023-04-28T11:37:09.150+0000] {logging_mixin.py:137} INFO - [2023-04-28T11:37:09.150+0000] {dag.py:3456} INFO - Setting next_dagrun for example_branch_dop_operator_v3 to 2023-04-28T11:36:00+00:00, run_after=2023-04-28T11:37:00+00:00
[2023-04-28T11:37:09.179+0000] {processor.py:175} INFO - Processing /home/airflow/.local/lib/python3.7/site-packages/airflow/example_dags/example_branch_python_dop_operator_3.py took 0.143 seconds
[2023-04-28T11:37:39.647+0000] {processor.py:153} INFO - Started process (PID=5920) to work on /home/airflow/.local/lib/python3.7/site-packages/airflow/example_dags/example_branch_python_dop_operator_3.py
[2023-04-28T11:37:39.649+0000] {processor.py:743} INFO - Processing file /home/airflow/.local/lib/python3.7/site-packages/airflow/example_dags/example_branch_python_dop_operator_3.py for tasks to queue
[2023-04-28T11:37:39.651+0000] {logging_mixin.py:137} INFO - [2023-04-28T11:37:39.651+0000] {dagbag.py:532} INFO - Filling up the DagBag from /home/airflow/.local/lib/python3.7/site-packages/airflow/example_dags/example_branch_python_dop_operator_3.py
[2023-04-28T11:37:39.683+0000] {processor.py:753} INFO - DAG(s) dict_keys(['example_branch_dop_operator_v3']) retrieved from /home/airflow/.local/lib/python3.7/site-packages/airflow/example_dags/example_branch_python_dop_operator_3.py
[2023-04-28T11:37:39.718+0000] {logging_mixin.py:137} INFO - [2023-04-28T11:37:39.717+0000] {dag.py:2705} INFO - Sync 1 DAGs
[2023-04-28T11:37:39.759+0000] {logging_mixin.py:137} INFO - [2023-04-28T11:37:39.758+0000] {dag.py:3456} INFO - Setting next_dagrun for example_branch_dop_operator_v3 to 2023-04-28T11:36:00+00:00, run_after=2023-04-28T11:37:00+00:00
[2023-04-28T11:37:39.785+0000] {processor.py:175} INFO - Processing /home/airflow/.local/lib/python3.7/site-packages/airflow/example_dags/example_branch_python_dop_operator_3.py took 0.144 seconds
[2023-04-28T11:38:09.931+0000] {processor.py:153} INFO - Started process (PID=6138) to work on /home/airflow/.local/lib/python3.7/site-packages/airflow/example_dags/example_branch_python_dop_operator_3.py
[2023-04-28T11:38:09.933+0000] {processor.py:743} INFO - Processing file /home/airflow/.local/lib/python3.7/site-packages/airflow/example_dags/example_branch_python_dop_operator_3.py for tasks to queue
[2023-04-28T11:38:09.935+0000] {logging_mixin.py:137} INFO - [2023-04-28T11:38:09.935+0000] {dagbag.py:532} INFO - Filling up the DagBag from /home/airflow/.local/lib/python3.7/site-packages/airflow/example_dags/example_branch_python_dop_operator_3.py
[2023-04-28T11:38:09.970+0000] {processor.py:753} INFO - DAG(s) dict_keys(['example_branch_dop_operator_v3']) retrieved from /home/airflow/.local/lib/python3.7/site-packages/airflow/example_dags/example_branch_python_dop_operator_3.py
[2023-04-28T11:38:10.011+0000] {logging_mixin.py:137} INFO - [2023-04-28T11:38:10.011+0000] {dag.py:2705} INFO - Sync 1 DAGs
[2023-04-28T11:38:10.054+0000] {logging_mixin.py:137} INFO - [2023-04-28T11:38:10.054+0000] {dag.py:3456} INFO - Setting next_dagrun for example_branch_dop_operator_v3 to 2023-04-28T11:37:00+00:00, run_after=2023-04-28T11:38:00+00:00
[2023-04-28T11:38:10.085+0000] {processor.py:175} INFO - Processing /home/airflow/.local/lib/python3.7/site-packages/airflow/example_dags/example_branch_python_dop_operator_3.py took 0.159 seconds
[2023-04-28T11:38:40.623+0000] {processor.py:153} INFO - Started process (PID=6356) to work on /home/airflow/.local/lib/python3.7/site-packages/airflow/example_dags/example_branch_python_dop_operator_3.py
[2023-04-28T11:38:40.626+0000] {processor.py:743} INFO - Processing file /home/airflow/.local/lib/python3.7/site-packages/airflow/example_dags/example_branch_python_dop_operator_3.py for tasks to queue
[2023-04-28T11:38:40.630+0000] {logging_mixin.py:137} INFO - [2023-04-28T11:38:40.630+0000] {dagbag.py:532} INFO - Filling up the DagBag from /home/airflow/.local/lib/python3.7/site-packages/airflow/example_dags/example_branch_python_dop_operator_3.py
[2023-04-28T11:38:40.674+0000] {processor.py:753} INFO - DAG(s) dict_keys(['example_branch_dop_operator_v3']) retrieved from /home/airflow/.local/lib/python3.7/site-packages/airflow/example_dags/example_branch_python_dop_operator_3.py
[2023-04-28T11:38:40.714+0000] {logging_mixin.py:137} INFO - [2023-04-28T11:38:40.713+0000] {dag.py:2705} INFO - Sync 1 DAGs
[2023-04-28T11:38:40.755+0000] {logging_mixin.py:137} INFO - [2023-04-28T11:38:40.755+0000] {dag.py:3456} INFO - Setting next_dagrun for example_branch_dop_operator_v3 to 2023-04-28T11:37:00+00:00, run_after=2023-04-28T11:38:00+00:00
[2023-04-28T11:38:40.784+0000] {processor.py:175} INFO - Processing /home/airflow/.local/lib/python3.7/site-packages/airflow/example_dags/example_branch_python_dop_operator_3.py took 0.167 seconds
[2023-04-28T11:39:11.247+0000] {processor.py:153} INFO - Started process (PID=6574) to work on /home/airflow/.local/lib/python3.7/site-packages/airflow/example_dags/example_branch_python_dop_operator_3.py
[2023-04-28T11:39:11.250+0000] {processor.py:743} INFO - Processing file /home/airflow/.local/lib/python3.7/site-packages/airflow/example_dags/example_branch_python_dop_operator_3.py for tasks to queue
[2023-04-28T11:39:11.252+0000] {logging_mixin.py:137} INFO - [2023-04-28T11:39:11.252+0000] {dagbag.py:532} INFO - Filling up the DagBag from /home/airflow/.local/lib/python3.7/site-packages/airflow/example_dags/example_branch_python_dop_operator_3.py
[2023-04-28T11:39:11.286+0000] {processor.py:753} INFO - DAG(s) dict_keys(['example_branch_dop_operator_v3']) retrieved from /home/airflow/.local/lib/python3.7/site-packages/airflow/example_dags/example_branch_python_dop_operator_3.py
[2023-04-28T11:39:11.318+0000] {logging_mixin.py:137} INFO - [2023-04-28T11:39:11.318+0000] {dag.py:2705} INFO - Sync 1 DAGs
[2023-04-28T11:39:11.357+0000] {logging_mixin.py:137} INFO - [2023-04-28T11:39:11.357+0000] {dag.py:3456} INFO - Setting next_dagrun for example_branch_dop_operator_v3 to 2023-04-28T11:38:00+00:00, run_after=2023-04-28T11:39:00+00:00
[2023-04-28T11:39:11.384+0000] {processor.py:175} INFO - Processing /home/airflow/.local/lib/python3.7/site-packages/airflow/example_dags/example_branch_python_dop_operator_3.py took 0.142 seconds
[2023-04-28T11:39:41.856+0000] {processor.py:153} INFO - Started process (PID=6806) to work on /home/airflow/.local/lib/python3.7/site-packages/airflow/example_dags/example_branch_python_dop_operator_3.py
[2023-04-28T11:39:41.858+0000] {processor.py:743} INFO - Processing file /home/airflow/.local/lib/python3.7/site-packages/airflow/example_dags/example_branch_python_dop_operator_3.py for tasks to queue
[2023-04-28T11:39:41.860+0000] {logging_mixin.py:137} INFO - [2023-04-28T11:39:41.860+0000] {dagbag.py:532} INFO - Filling up the DagBag from /home/airflow/.local/lib/python3.7/site-packages/airflow/example_dags/example_branch_python_dop_operator_3.py
[2023-04-28T11:39:41.896+0000] {processor.py:753} INFO - DAG(s) dict_keys(['example_branch_dop_operator_v3']) retrieved from /home/airflow/.local/lib/python3.7/site-packages/airflow/example_dags/example_branch_python_dop_operator_3.py
[2023-04-28T11:39:41.931+0000] {logging_mixin.py:137} INFO - [2023-04-28T11:39:41.931+0000] {dag.py:2705} INFO - Sync 1 DAGs
[2023-04-28T11:39:41.973+0000] {logging_mixin.py:137} INFO - [2023-04-28T11:39:41.973+0000] {dag.py:3456} INFO - Setting next_dagrun for example_branch_dop_operator_v3 to 2023-04-28T11:38:00+00:00, run_after=2023-04-28T11:39:00+00:00
[2023-04-28T11:39:41.999+0000] {processor.py:175} INFO - Processing /home/airflow/.local/lib/python3.7/site-packages/airflow/example_dags/example_branch_python_dop_operator_3.py took 0.148 seconds
[2023-04-28T11:40:12.186+0000] {processor.py:153} INFO - Started process (PID=7029) to work on /home/airflow/.local/lib/python3.7/site-packages/airflow/example_dags/example_branch_python_dop_operator_3.py
[2023-04-28T11:40:12.196+0000] {processor.py:743} INFO - Processing file /home/airflow/.local/lib/python3.7/site-packages/airflow/example_dags/example_branch_python_dop_operator_3.py for tasks to queue
[2023-04-28T11:40:12.206+0000] {logging_mixin.py:137} INFO - [2023-04-28T11:40:12.206+0000] {dagbag.py:532} INFO - Filling up the DagBag from /home/airflow/.local/lib/python3.7/site-packages/airflow/example_dags/example_branch_python_dop_operator_3.py
[2023-04-28T11:40:12.339+0000] {processor.py:753} INFO - DAG(s) dict_keys(['example_branch_dop_operator_v3']) retrieved from /home/airflow/.local/lib/python3.7/site-packages/airflow/example_dags/example_branch_python_dop_operator_3.py
[2023-04-28T11:40:12.443+0000] {logging_mixin.py:137} INFO - [2023-04-28T11:40:12.442+0000] {dag.py:2705} INFO - Sync 1 DAGs
[2023-04-28T11:40:12.526+0000] {logging_mixin.py:137} INFO - [2023-04-28T11:40:12.526+0000] {dag.py:3456} INFO - Setting next_dagrun for example_branch_dop_operator_v3 to 2023-04-28T11:39:00+00:00, run_after=2023-04-28T11:40:00+00:00
[2023-04-28T11:40:12.597+0000] {processor.py:175} INFO - Processing /home/airflow/.local/lib/python3.7/site-packages/airflow/example_dags/example_branch_python_dop_operator_3.py took 0.427 seconds
[2023-04-28T11:40:42.784+0000] {processor.py:153} INFO - Started process (PID=7251) to work on /home/airflow/.local/lib/python3.7/site-packages/airflow/example_dags/example_branch_python_dop_operator_3.py
[2023-04-28T11:40:42.807+0000] {processor.py:743} INFO - Processing file /home/airflow/.local/lib/python3.7/site-packages/airflow/example_dags/example_branch_python_dop_operator_3.py for tasks to queue
[2023-04-28T11:40:42.812+0000] {logging_mixin.py:137} INFO - [2023-04-28T11:40:42.812+0000] {dagbag.py:532} INFO - Filling up the DagBag from /home/airflow/.local/lib/python3.7/site-packages/airflow/example_dags/example_branch_python_dop_operator_3.py
[2023-04-28T11:40:42.912+0000] {processor.py:753} INFO - DAG(s) dict_keys(['example_branch_dop_operator_v3']) retrieved from /home/airflow/.local/lib/python3.7/site-packages/airflow/example_dags/example_branch_python_dop_operator_3.py
[2023-04-28T11:40:43.023+0000] {logging_mixin.py:137} INFO - [2023-04-28T11:40:43.023+0000] {dag.py:2705} INFO - Sync 1 DAGs
[2023-04-28T11:40:43.126+0000] {logging_mixin.py:137} INFO - [2023-04-28T11:40:43.126+0000] {dag.py:3456} INFO - Setting next_dagrun for example_branch_dop_operator_v3 to 2023-04-28T11:39:00+00:00, run_after=2023-04-28T11:40:00+00:00
[2023-04-28T11:40:43.177+0000] {processor.py:175} INFO - Processing /home/airflow/.local/lib/python3.7/site-packages/airflow/example_dags/example_branch_python_dop_operator_3.py took 0.402 seconds
