[2023-04-28T11:24:23.941+0000] {processor.py:153} INFO - Started process (PID=258) to work on /home/airflow/.local/lib/python3.7/site-packages/airflow/example_dags/example_short_circuit_decorator.py
[2023-04-28T11:24:23.943+0000] {processor.py:743} INFO - Processing file /home/airflow/.local/lib/python3.7/site-packages/airflow/example_dags/example_short_circuit_decorator.py for tasks to queue
[2023-04-28T11:24:23.945+0000] {logging_mixin.py:137} INFO - [2023-04-28T11:24:23.945+0000] {dagbag.py:532} INFO - Filling up the DagBag from /home/airflow/.local/lib/python3.7/site-packages/airflow/example_dags/example_short_circuit_decorator.py
[2023-04-28T11:24:23.978+0000] {processor.py:753} INFO - DAG(s) dict_keys(['example_short_circuit_decorator']) retrieved from /home/airflow/.local/lib/python3.7/site-packages/airflow/example_dags/example_short_circuit_decorator.py
[2023-04-28T11:24:24.013+0000] {logging_mixin.py:137} INFO - [2023-04-28T11:24:24.013+0000] {dag.py:2705} INFO - Sync 1 DAGs
[2023-04-28T11:24:24.042+0000] {logging_mixin.py:137} INFO - [2023-04-28T11:24:24.042+0000] {dag.py:3456} INFO - Setting next_dagrun for example_short_circuit_decorator to 2023-04-27T11:24:24.042319+00:00, run_after=2023-04-28T11:24:24.042319+00:00
[2023-04-28T11:24:24.064+0000] {processor.py:175} INFO - Processing /home/airflow/.local/lib/python3.7/site-packages/airflow/example_dags/example_short_circuit_decorator.py took 0.129 seconds
[2023-04-28T11:24:54.391+0000] {processor.py:153} INFO - Started process (PID=476) to work on /home/airflow/.local/lib/python3.7/site-packages/airflow/example_dags/example_short_circuit_decorator.py
[2023-04-28T11:24:54.394+0000] {processor.py:743} INFO - Processing file /home/airflow/.local/lib/python3.7/site-packages/airflow/example_dags/example_short_circuit_decorator.py for tasks to queue
[2023-04-28T11:24:54.395+0000] {logging_mixin.py:137} INFO - [2023-04-28T11:24:54.395+0000] {dagbag.py:532} INFO - Filling up the DagBag from /home/airflow/.local/lib/python3.7/site-packages/airflow/example_dags/example_short_circuit_decorator.py
[2023-04-28T11:24:54.425+0000] {processor.py:753} INFO - DAG(s) dict_keys(['example_short_circuit_decorator']) retrieved from /home/airflow/.local/lib/python3.7/site-packages/airflow/example_dags/example_short_circuit_decorator.py
[2023-04-28T11:24:54.462+0000] {logging_mixin.py:137} INFO - [2023-04-28T11:24:54.462+0000] {dag.py:2705} INFO - Sync 1 DAGs
[2023-04-28T11:24:54.492+0000] {logging_mixin.py:137} INFO - [2023-04-28T11:24:54.492+0000] {dag.py:3456} INFO - Setting next_dagrun for example_short_circuit_decorator to 2023-04-27T11:24:54.492080+00:00, run_after=2023-04-28T11:24:54.492080+00:00
[2023-04-28T11:24:54.512+0000] {processor.py:175} INFO - Processing /home/airflow/.local/lib/python3.7/site-packages/airflow/example_dags/example_short_circuit_decorator.py took 0.125 seconds
[2023-04-28T11:25:25.043+0000] {processor.py:153} INFO - Started process (PID=694) to work on /home/airflow/.local/lib/python3.7/site-packages/airflow/example_dags/example_short_circuit_decorator.py
[2023-04-28T11:25:25.046+0000] {processor.py:743} INFO - Processing file /home/airflow/.local/lib/python3.7/site-packages/airflow/example_dags/example_short_circuit_decorator.py for tasks to queue
[2023-04-28T11:25:25.050+0000] {logging_mixin.py:137} INFO - [2023-04-28T11:25:25.050+0000] {dagbag.py:532} INFO - Filling up the DagBag from /home/airflow/.local/lib/python3.7/site-packages/airflow/example_dags/example_short_circuit_decorator.py
[2023-04-28T11:25:25.085+0000] {processor.py:753} INFO - DAG(s) dict_keys(['example_short_circuit_decorator']) retrieved from /home/airflow/.local/lib/python3.7/site-packages/airflow/example_dags/example_short_circuit_decorator.py
[2023-04-28T11:25:25.121+0000] {logging_mixin.py:137} INFO - [2023-04-28T11:25:25.121+0000] {dag.py:2705} INFO - Sync 1 DAGs
[2023-04-28T11:25:25.156+0000] {logging_mixin.py:137} INFO - [2023-04-28T11:25:25.155+0000] {dag.py:3456} INFO - Setting next_dagrun for example_short_circuit_decorator to 2023-04-27T11:25:25.155494+00:00, run_after=2023-04-28T11:25:25.155494+00:00
[2023-04-28T11:25:25.180+0000] {processor.py:175} INFO - Processing /home/airflow/.local/lib/python3.7/site-packages/airflow/example_dags/example_short_circuit_decorator.py took 0.141 seconds
[2023-04-28T11:25:56.856+0000] {processor.py:153} INFO - Started process (PID=912) to work on /home/airflow/.local/lib/python3.7/site-packages/airflow/example_dags/example_short_circuit_decorator.py
[2023-04-28T11:25:56.861+0000] {processor.py:743} INFO - Processing file /home/airflow/.local/lib/python3.7/site-packages/airflow/example_dags/example_short_circuit_decorator.py for tasks to queue
[2023-04-28T11:25:56.865+0000] {logging_mixin.py:137} INFO - [2023-04-28T11:25:56.864+0000] {dagbag.py:532} INFO - Filling up the DagBag from /home/airflow/.local/lib/python3.7/site-packages/airflow/example_dags/example_short_circuit_decorator.py
[2023-04-28T11:25:56.914+0000] {processor.py:753} INFO - DAG(s) dict_keys(['example_short_circuit_decorator']) retrieved from /home/airflow/.local/lib/python3.7/site-packages/airflow/example_dags/example_short_circuit_decorator.py
[2023-04-28T11:25:56.966+0000] {logging_mixin.py:137} INFO - [2023-04-28T11:25:56.966+0000] {dag.py:2705} INFO - Sync 1 DAGs
[2023-04-28T11:25:57.017+0000] {logging_mixin.py:137} INFO - [2023-04-28T11:25:57.016+0000] {dag.py:3456} INFO - Setting next_dagrun for example_short_circuit_decorator to 2023-04-27T11:25:57.016500+00:00, run_after=2023-04-28T11:25:57.016500+00:00
[2023-04-28T11:25:57.062+0000] {processor.py:175} INFO - Processing /home/airflow/.local/lib/python3.7/site-packages/airflow/example_dags/example_short_circuit_decorator.py took 0.214 seconds
[2023-04-28T11:26:27.467+0000] {processor.py:153} INFO - Started process (PID=1130) to work on /home/airflow/.local/lib/python3.7/site-packages/airflow/example_dags/example_short_circuit_decorator.py
[2023-04-28T11:26:27.468+0000] {processor.py:743} INFO - Processing file /home/airflow/.local/lib/python3.7/site-packages/airflow/example_dags/example_short_circuit_decorator.py for tasks to queue
[2023-04-28T11:26:27.470+0000] {logging_mixin.py:137} INFO - [2023-04-28T11:26:27.470+0000] {dagbag.py:532} INFO - Filling up the DagBag from /home/airflow/.local/lib/python3.7/site-packages/airflow/example_dags/example_short_circuit_decorator.py
[2023-04-28T11:26:27.498+0000] {processor.py:753} INFO - DAG(s) dict_keys(['example_short_circuit_decorator']) retrieved from /home/airflow/.local/lib/python3.7/site-packages/airflow/example_dags/example_short_circuit_decorator.py
[2023-04-28T11:26:27.532+0000] {logging_mixin.py:137} INFO - [2023-04-28T11:26:27.531+0000] {dag.py:2705} INFO - Sync 1 DAGs
[2023-04-28T11:26:27.561+0000] {logging_mixin.py:137} INFO - [2023-04-28T11:26:27.561+0000] {dag.py:3456} INFO - Setting next_dagrun for example_short_circuit_decorator to 2023-04-27T11:26:27.561461+00:00, run_after=2023-04-28T11:26:27.561461+00:00
[2023-04-28T11:26:27.581+0000] {processor.py:175} INFO - Processing /home/airflow/.local/lib/python3.7/site-packages/airflow/example_dags/example_short_circuit_decorator.py took 0.119 seconds
[2023-04-28T11:26:58.436+0000] {processor.py:153} INFO - Started process (PID=1348) to work on /home/airflow/.local/lib/python3.7/site-packages/airflow/example_dags/example_short_circuit_decorator.py
[2023-04-28T11:26:58.440+0000] {processor.py:743} INFO - Processing file /home/airflow/.local/lib/python3.7/site-packages/airflow/example_dags/example_short_circuit_decorator.py for tasks to queue
[2023-04-28T11:26:58.445+0000] {logging_mixin.py:137} INFO - [2023-04-28T11:26:58.445+0000] {dagbag.py:532} INFO - Filling up the DagBag from /home/airflow/.local/lib/python3.7/site-packages/airflow/example_dags/example_short_circuit_decorator.py
[2023-04-28T11:26:58.504+0000] {processor.py:753} INFO - DAG(s) dict_keys(['example_short_circuit_decorator']) retrieved from /home/airflow/.local/lib/python3.7/site-packages/airflow/example_dags/example_short_circuit_decorator.py
[2023-04-28T11:26:58.596+0000] {logging_mixin.py:137} INFO - [2023-04-28T11:26:58.595+0000] {dag.py:2705} INFO - Sync 1 DAGs
[2023-04-28T11:26:58.664+0000] {logging_mixin.py:137} INFO - [2023-04-28T11:26:58.663+0000] {dag.py:3456} INFO - Setting next_dagrun for example_short_circuit_decorator to 2023-04-27T11:26:58.663363+00:00, run_after=2023-04-28T11:26:58.663363+00:00
[2023-04-28T11:26:58.723+0000] {processor.py:175} INFO - Processing /home/airflow/.local/lib/python3.7/site-packages/airflow/example_dags/example_short_circuit_decorator.py took 0.294 seconds
[2023-04-28T11:27:28.918+0000] {processor.py:153} INFO - Started process (PID=1566) to work on /home/airflow/.local/lib/python3.7/site-packages/airflow/example_dags/example_short_circuit_decorator.py
[2023-04-28T11:27:28.921+0000] {processor.py:743} INFO - Processing file /home/airflow/.local/lib/python3.7/site-packages/airflow/example_dags/example_short_circuit_decorator.py for tasks to queue
[2023-04-28T11:27:28.923+0000] {logging_mixin.py:137} INFO - [2023-04-28T11:27:28.923+0000] {dagbag.py:532} INFO - Filling up the DagBag from /home/airflow/.local/lib/python3.7/site-packages/airflow/example_dags/example_short_circuit_decorator.py
[2023-04-28T11:27:28.956+0000] {processor.py:753} INFO - DAG(s) dict_keys(['example_short_circuit_decorator']) retrieved from /home/airflow/.local/lib/python3.7/site-packages/airflow/example_dags/example_short_circuit_decorator.py
[2023-04-28T11:27:29.000+0000] {logging_mixin.py:137} INFO - [2023-04-28T11:27:29.000+0000] {dag.py:2705} INFO - Sync 1 DAGs
[2023-04-28T11:27:29.036+0000] {logging_mixin.py:137} INFO - [2023-04-28T11:27:29.035+0000] {dag.py:3456} INFO - Setting next_dagrun for example_short_circuit_decorator to 2023-04-27T11:27:29.035611+00:00, run_after=2023-04-28T11:27:29.035611+00:00
[2023-04-28T11:27:29.064+0000] {processor.py:175} INFO - Processing /home/airflow/.local/lib/python3.7/site-packages/airflow/example_dags/example_short_circuit_decorator.py took 0.151 seconds
[2023-04-28T11:27:59.901+0000] {processor.py:153} INFO - Started process (PID=1784) to work on /home/airflow/.local/lib/python3.7/site-packages/airflow/example_dags/example_short_circuit_decorator.py
[2023-04-28T11:27:59.904+0000] {processor.py:743} INFO - Processing file /home/airflow/.local/lib/python3.7/site-packages/airflow/example_dags/example_short_circuit_decorator.py for tasks to queue
[2023-04-28T11:27:59.907+0000] {logging_mixin.py:137} INFO - [2023-04-28T11:27:59.907+0000] {dagbag.py:532} INFO - Filling up the DagBag from /home/airflow/.local/lib/python3.7/site-packages/airflow/example_dags/example_short_circuit_decorator.py
[2023-04-28T11:27:59.959+0000] {processor.py:753} INFO - DAG(s) dict_keys(['example_short_circuit_decorator']) retrieved from /home/airflow/.local/lib/python3.7/site-packages/airflow/example_dags/example_short_circuit_decorator.py
[2023-04-28T11:28:00.021+0000] {logging_mixin.py:137} INFO - [2023-04-28T11:28:00.021+0000] {dag.py:2705} INFO - Sync 1 DAGs
[2023-04-28T11:28:00.074+0000] {logging_mixin.py:137} INFO - [2023-04-28T11:28:00.073+0000] {dag.py:3456} INFO - Setting next_dagrun for example_short_circuit_decorator to 2023-04-27T11:28:00.073564+00:00, run_after=2023-04-28T11:28:00.073564+00:00
[2023-04-28T11:28:00.123+0000] {processor.py:175} INFO - Processing /home/airflow/.local/lib/python3.7/site-packages/airflow/example_dags/example_short_circuit_decorator.py took 0.228 seconds
[2023-04-28T11:28:30.546+0000] {processor.py:153} INFO - Started process (PID=2002) to work on /home/airflow/.local/lib/python3.7/site-packages/airflow/example_dags/example_short_circuit_decorator.py
[2023-04-28T11:28:30.549+0000] {processor.py:743} INFO - Processing file /home/airflow/.local/lib/python3.7/site-packages/airflow/example_dags/example_short_circuit_decorator.py for tasks to queue
[2023-04-28T11:28:30.552+0000] {logging_mixin.py:137} INFO - [2023-04-28T11:28:30.551+0000] {dagbag.py:532} INFO - Filling up the DagBag from /home/airflow/.local/lib/python3.7/site-packages/airflow/example_dags/example_short_circuit_decorator.py
[2023-04-28T11:28:30.600+0000] {processor.py:753} INFO - DAG(s) dict_keys(['example_short_circuit_decorator']) retrieved from /home/airflow/.local/lib/python3.7/site-packages/airflow/example_dags/example_short_circuit_decorator.py
[2023-04-28T11:28:30.650+0000] {logging_mixin.py:137} INFO - [2023-04-28T11:28:30.650+0000] {dag.py:2705} INFO - Sync 1 DAGs
[2023-04-28T11:28:30.699+0000] {logging_mixin.py:137} INFO - [2023-04-28T11:28:30.699+0000] {dag.py:3456} INFO - Setting next_dagrun for example_short_circuit_decorator to 2023-04-27T11:28:30.698769+00:00, run_after=2023-04-28T11:28:30.698769+00:00
[2023-04-28T11:28:30.738+0000] {processor.py:175} INFO - Processing /home/airflow/.local/lib/python3.7/site-packages/airflow/example_dags/example_short_circuit_decorator.py took 0.200 seconds
[2023-04-28T11:29:01.542+0000] {processor.py:153} INFO - Started process (PID=2222) to work on /home/airflow/.local/lib/python3.7/site-packages/airflow/example_dags/example_short_circuit_decorator.py
[2023-04-28T11:29:01.545+0000] {processor.py:743} INFO - Processing file /home/airflow/.local/lib/python3.7/site-packages/airflow/example_dags/example_short_circuit_decorator.py for tasks to queue
[2023-04-28T11:29:01.547+0000] {logging_mixin.py:137} INFO - [2023-04-28T11:29:01.547+0000] {dagbag.py:532} INFO - Filling up the DagBag from /home/airflow/.local/lib/python3.7/site-packages/airflow/example_dags/example_short_circuit_decorator.py
[2023-04-28T11:29:01.585+0000] {processor.py:753} INFO - DAG(s) dict_keys(['example_short_circuit_decorator']) retrieved from /home/airflow/.local/lib/python3.7/site-packages/airflow/example_dags/example_short_circuit_decorator.py
[2023-04-28T11:29:01.624+0000] {logging_mixin.py:137} INFO - [2023-04-28T11:29:01.623+0000] {dag.py:2705} INFO - Sync 1 DAGs
[2023-04-28T11:29:01.658+0000] {logging_mixin.py:137} INFO - [2023-04-28T11:29:01.658+0000] {dag.py:3456} INFO - Setting next_dagrun for example_short_circuit_decorator to 2023-04-27T11:29:01.658096+00:00, run_after=2023-04-28T11:29:01.658096+00:00
[2023-04-28T11:29:01.684+0000] {processor.py:175} INFO - Processing /home/airflow/.local/lib/python3.7/site-packages/airflow/example_dags/example_short_circuit_decorator.py took 0.148 seconds
[2023-04-28T11:29:31.928+0000] {processor.py:153} INFO - Started process (PID=2440) to work on /home/airflow/.local/lib/python3.7/site-packages/airflow/example_dags/example_short_circuit_decorator.py
[2023-04-28T11:29:31.930+0000] {processor.py:743} INFO - Processing file /home/airflow/.local/lib/python3.7/site-packages/airflow/example_dags/example_short_circuit_decorator.py for tasks to queue
[2023-04-28T11:29:31.933+0000] {logging_mixin.py:137} INFO - [2023-04-28T11:29:31.932+0000] {dagbag.py:532} INFO - Filling up the DagBag from /home/airflow/.local/lib/python3.7/site-packages/airflow/example_dags/example_short_circuit_decorator.py
[2023-04-28T11:29:31.966+0000] {processor.py:753} INFO - DAG(s) dict_keys(['example_short_circuit_decorator']) retrieved from /home/airflow/.local/lib/python3.7/site-packages/airflow/example_dags/example_short_circuit_decorator.py
[2023-04-28T11:29:32.012+0000] {logging_mixin.py:137} INFO - [2023-04-28T11:29:32.012+0000] {dag.py:2705} INFO - Sync 1 DAGs
[2023-04-28T11:29:32.060+0000] {logging_mixin.py:137} INFO - [2023-04-28T11:29:32.060+0000] {dag.py:3456} INFO - Setting next_dagrun for example_short_circuit_decorator to 2023-04-27T11:29:32.059915+00:00, run_after=2023-04-28T11:29:32.059915+00:00
[2023-04-28T11:29:32.090+0000] {processor.py:175} INFO - Processing /home/airflow/.local/lib/python3.7/site-packages/airflow/example_dags/example_short_circuit_decorator.py took 0.167 seconds
[2023-04-28T11:30:02.991+0000] {processor.py:153} INFO - Started process (PID=2657) to work on /home/airflow/.local/lib/python3.7/site-packages/airflow/example_dags/example_short_circuit_decorator.py
[2023-04-28T11:30:03.000+0000] {processor.py:743} INFO - Processing file /home/airflow/.local/lib/python3.7/site-packages/airflow/example_dags/example_short_circuit_decorator.py for tasks to queue
[2023-04-28T11:30:03.025+0000] {logging_mixin.py:137} INFO - [2023-04-28T11:30:03.025+0000] {dagbag.py:532} INFO - Filling up the DagBag from /home/airflow/.local/lib/python3.7/site-packages/airflow/example_dags/example_short_circuit_decorator.py
[2023-04-28T11:30:03.105+0000] {processor.py:753} INFO - DAG(s) dict_keys(['example_short_circuit_decorator']) retrieved from /home/airflow/.local/lib/python3.7/site-packages/airflow/example_dags/example_short_circuit_decorator.py
[2023-04-28T11:30:03.151+0000] {logging_mixin.py:137} INFO - [2023-04-28T11:30:03.151+0000] {dag.py:2705} INFO - Sync 1 DAGs
[2023-04-28T11:30:03.193+0000] {logging_mixin.py:137} INFO - [2023-04-28T11:30:03.193+0000] {dag.py:3456} INFO - Setting next_dagrun for example_short_circuit_decorator to 2023-04-27T11:30:03.192852+00:00, run_after=2023-04-28T11:30:03.192852+00:00
[2023-04-28T11:30:03.227+0000] {processor.py:175} INFO - Processing /home/airflow/.local/lib/python3.7/site-packages/airflow/example_dags/example_short_circuit_decorator.py took 0.245 seconds
[2023-04-28T11:30:34.257+0000] {processor.py:153} INFO - Started process (PID=2876) to work on /home/airflow/.local/lib/python3.7/site-packages/airflow/example_dags/example_short_circuit_decorator.py
[2023-04-28T11:30:34.260+0000] {processor.py:743} INFO - Processing file /home/airflow/.local/lib/python3.7/site-packages/airflow/example_dags/example_short_circuit_decorator.py for tasks to queue
[2023-04-28T11:30:34.262+0000] {logging_mixin.py:137} INFO - [2023-04-28T11:30:34.262+0000] {dagbag.py:532} INFO - Filling up the DagBag from /home/airflow/.local/lib/python3.7/site-packages/airflow/example_dags/example_short_circuit_decorator.py
[2023-04-28T11:30:34.297+0000] {processor.py:753} INFO - DAG(s) dict_keys(['example_short_circuit_decorator']) retrieved from /home/airflow/.local/lib/python3.7/site-packages/airflow/example_dags/example_short_circuit_decorator.py
[2023-04-28T11:30:34.335+0000] {logging_mixin.py:137} INFO - [2023-04-28T11:30:34.335+0000] {dag.py:2705} INFO - Sync 1 DAGs
[2023-04-28T11:30:34.368+0000] {logging_mixin.py:137} INFO - [2023-04-28T11:30:34.368+0000] {dag.py:3456} INFO - Setting next_dagrun for example_short_circuit_decorator to 2023-04-27T11:30:34.368209+00:00, run_after=2023-04-28T11:30:34.368209+00:00
[2023-04-28T11:30:34.394+0000] {processor.py:175} INFO - Processing /home/airflow/.local/lib/python3.7/site-packages/airflow/example_dags/example_short_circuit_decorator.py took 0.143 seconds
[2023-04-28T11:31:04.658+0000] {processor.py:153} INFO - Started process (PID=3094) to work on /home/airflow/.local/lib/python3.7/site-packages/airflow/example_dags/example_short_circuit_decorator.py
[2023-04-28T11:31:04.661+0000] {processor.py:743} INFO - Processing file /home/airflow/.local/lib/python3.7/site-packages/airflow/example_dags/example_short_circuit_decorator.py for tasks to queue
[2023-04-28T11:31:04.664+0000] {logging_mixin.py:137} INFO - [2023-04-28T11:31:04.663+0000] {dagbag.py:532} INFO - Filling up the DagBag from /home/airflow/.local/lib/python3.7/site-packages/airflow/example_dags/example_short_circuit_decorator.py
[2023-04-28T11:31:04.700+0000] {processor.py:753} INFO - DAG(s) dict_keys(['example_short_circuit_decorator']) retrieved from /home/airflow/.local/lib/python3.7/site-packages/airflow/example_dags/example_short_circuit_decorator.py
[2023-04-28T11:31:04.735+0000] {logging_mixin.py:137} INFO - [2023-04-28T11:31:04.735+0000] {dag.py:2705} INFO - Sync 1 DAGs
[2023-04-28T11:31:04.767+0000] {logging_mixin.py:137} INFO - [2023-04-28T11:31:04.767+0000] {dag.py:3456} INFO - Setting next_dagrun for example_short_circuit_decorator to 2023-04-27T11:31:04.767399+00:00, run_after=2023-04-28T11:31:04.767399+00:00
[2023-04-28T11:31:04.791+0000] {processor.py:175} INFO - Processing /home/airflow/.local/lib/python3.7/site-packages/airflow/example_dags/example_short_circuit_decorator.py took 0.138 seconds
[2023-04-28T11:31:35.218+0000] {processor.py:153} INFO - Started process (PID=3311) to work on /home/airflow/.local/lib/python3.7/site-packages/airflow/example_dags/example_short_circuit_decorator.py
[2023-04-28T11:31:35.220+0000] {processor.py:743} INFO - Processing file /home/airflow/.local/lib/python3.7/site-packages/airflow/example_dags/example_short_circuit_decorator.py for tasks to queue
[2023-04-28T11:31:35.223+0000] {logging_mixin.py:137} INFO - [2023-04-28T11:31:35.223+0000] {dagbag.py:532} INFO - Filling up the DagBag from /home/airflow/.local/lib/python3.7/site-packages/airflow/example_dags/example_short_circuit_decorator.py
[2023-04-28T11:31:35.257+0000] {processor.py:753} INFO - DAG(s) dict_keys(['example_short_circuit_decorator']) retrieved from /home/airflow/.local/lib/python3.7/site-packages/airflow/example_dags/example_short_circuit_decorator.py
[2023-04-28T11:31:35.293+0000] {logging_mixin.py:137} INFO - [2023-04-28T11:31:35.292+0000] {dag.py:2705} INFO - Sync 1 DAGs
[2023-04-28T11:31:35.323+0000] {logging_mixin.py:137} INFO - [2023-04-28T11:31:35.323+0000] {dag.py:3456} INFO - Setting next_dagrun for example_short_circuit_decorator to 2023-04-27T11:31:35.323416+00:00, run_after=2023-04-28T11:31:35.323416+00:00
[2023-04-28T11:31:35.348+0000] {processor.py:175} INFO - Processing /home/airflow/.local/lib/python3.7/site-packages/airflow/example_dags/example_short_circuit_decorator.py took 0.135 seconds
[2023-04-28T11:32:05.602+0000] {processor.py:153} INFO - Started process (PID=3529) to work on /home/airflow/.local/lib/python3.7/site-packages/airflow/example_dags/example_short_circuit_decorator.py
[2023-04-28T11:32:05.604+0000] {processor.py:743} INFO - Processing file /home/airflow/.local/lib/python3.7/site-packages/airflow/example_dags/example_short_circuit_decorator.py for tasks to queue
[2023-04-28T11:32:05.606+0000] {logging_mixin.py:137} INFO - [2023-04-28T11:32:05.606+0000] {dagbag.py:532} INFO - Filling up the DagBag from /home/airflow/.local/lib/python3.7/site-packages/airflow/example_dags/example_short_circuit_decorator.py
[2023-04-28T11:32:05.639+0000] {processor.py:753} INFO - DAG(s) dict_keys(['example_short_circuit_decorator']) retrieved from /home/airflow/.local/lib/python3.7/site-packages/airflow/example_dags/example_short_circuit_decorator.py
[2023-04-28T11:32:05.672+0000] {logging_mixin.py:137} INFO - [2023-04-28T11:32:05.671+0000] {dag.py:2705} INFO - Sync 1 DAGs
[2023-04-28T11:32:05.702+0000] {logging_mixin.py:137} INFO - [2023-04-28T11:32:05.702+0000] {dag.py:3456} INFO - Setting next_dagrun for example_short_circuit_decorator to 2023-04-27T11:32:05.701878+00:00, run_after=2023-04-28T11:32:05.701878+00:00
[2023-04-28T11:32:05.724+0000] {processor.py:175} INFO - Processing /home/airflow/.local/lib/python3.7/site-packages/airflow/example_dags/example_short_circuit_decorator.py took 0.129 seconds
[2023-04-28T11:32:35.874+0000] {processor.py:153} INFO - Started process (PID=3747) to work on /home/airflow/.local/lib/python3.7/site-packages/airflow/example_dags/example_short_circuit_decorator.py
[2023-04-28T11:32:35.876+0000] {processor.py:743} INFO - Processing file /home/airflow/.local/lib/python3.7/site-packages/airflow/example_dags/example_short_circuit_decorator.py for tasks to queue
[2023-04-28T11:32:35.878+0000] {logging_mixin.py:137} INFO - [2023-04-28T11:32:35.877+0000] {dagbag.py:532} INFO - Filling up the DagBag from /home/airflow/.local/lib/python3.7/site-packages/airflow/example_dags/example_short_circuit_decorator.py
[2023-04-28T11:32:35.910+0000] {processor.py:753} INFO - DAG(s) dict_keys(['example_short_circuit_decorator']) retrieved from /home/airflow/.local/lib/python3.7/site-packages/airflow/example_dags/example_short_circuit_decorator.py
[2023-04-28T11:32:35.944+0000] {logging_mixin.py:137} INFO - [2023-04-28T11:32:35.944+0000] {dag.py:2705} INFO - Sync 1 DAGs
[2023-04-28T11:32:35.973+0000] {logging_mixin.py:137} INFO - [2023-04-28T11:32:35.973+0000] {dag.py:3456} INFO - Setting next_dagrun for example_short_circuit_decorator to 2023-04-27T11:32:35.973113+00:00, run_after=2023-04-28T11:32:35.973113+00:00
[2023-04-28T11:32:35.995+0000] {processor.py:175} INFO - Processing /home/airflow/.local/lib/python3.7/site-packages/airflow/example_dags/example_short_circuit_decorator.py took 0.127 seconds
[2023-04-28T11:33:06.254+0000] {processor.py:153} INFO - Started process (PID=3965) to work on /home/airflow/.local/lib/python3.7/site-packages/airflow/example_dags/example_short_circuit_decorator.py
[2023-04-28T11:33:06.257+0000] {processor.py:743} INFO - Processing file /home/airflow/.local/lib/python3.7/site-packages/airflow/example_dags/example_short_circuit_decorator.py for tasks to queue
[2023-04-28T11:33:06.259+0000] {logging_mixin.py:137} INFO - [2023-04-28T11:33:06.259+0000] {dagbag.py:532} INFO - Filling up the DagBag from /home/airflow/.local/lib/python3.7/site-packages/airflow/example_dags/example_short_circuit_decorator.py
[2023-04-28T11:33:06.291+0000] {processor.py:753} INFO - DAG(s) dict_keys(['example_short_circuit_decorator']) retrieved from /home/airflow/.local/lib/python3.7/site-packages/airflow/example_dags/example_short_circuit_decorator.py
[2023-04-28T11:33:06.323+0000] {logging_mixin.py:137} INFO - [2023-04-28T11:33:06.323+0000] {dag.py:2705} INFO - Sync 1 DAGs
[2023-04-28T11:33:06.353+0000] {logging_mixin.py:137} INFO - [2023-04-28T11:33:06.353+0000] {dag.py:3456} INFO - Setting next_dagrun for example_short_circuit_decorator to 2023-04-27T11:33:06.352916+00:00, run_after=2023-04-28T11:33:06.352916+00:00
[2023-04-28T11:33:06.375+0000] {processor.py:175} INFO - Processing /home/airflow/.local/lib/python3.7/site-packages/airflow/example_dags/example_short_circuit_decorator.py took 0.126 seconds
[2023-04-28T11:33:36.557+0000] {processor.py:153} INFO - Started process (PID=4183) to work on /home/airflow/.local/lib/python3.7/site-packages/airflow/example_dags/example_short_circuit_decorator.py
[2023-04-28T11:33:36.560+0000] {processor.py:743} INFO - Processing file /home/airflow/.local/lib/python3.7/site-packages/airflow/example_dags/example_short_circuit_decorator.py for tasks to queue
[2023-04-28T11:33:36.562+0000] {logging_mixin.py:137} INFO - [2023-04-28T11:33:36.562+0000] {dagbag.py:532} INFO - Filling up the DagBag from /home/airflow/.local/lib/python3.7/site-packages/airflow/example_dags/example_short_circuit_decorator.py
[2023-04-28T11:33:36.595+0000] {processor.py:753} INFO - DAG(s) dict_keys(['example_short_circuit_decorator']) retrieved from /home/airflow/.local/lib/python3.7/site-packages/airflow/example_dags/example_short_circuit_decorator.py
[2023-04-28T11:33:36.628+0000] {logging_mixin.py:137} INFO - [2023-04-28T11:33:36.628+0000] {dag.py:2705} INFO - Sync 1 DAGs
[2023-04-28T11:33:36.657+0000] {logging_mixin.py:137} INFO - [2023-04-28T11:33:36.657+0000] {dag.py:3456} INFO - Setting next_dagrun for example_short_circuit_decorator to 2023-04-27T11:33:36.657191+00:00, run_after=2023-04-28T11:33:36.657191+00:00
[2023-04-28T11:33:36.680+0000] {processor.py:175} INFO - Processing /home/airflow/.local/lib/python3.7/site-packages/airflow/example_dags/example_short_circuit_decorator.py took 0.128 seconds
[2023-04-28T11:34:06.854+0000] {processor.py:153} INFO - Started process (PID=4401) to work on /home/airflow/.local/lib/python3.7/site-packages/airflow/example_dags/example_short_circuit_decorator.py
[2023-04-28T11:34:06.858+0000] {processor.py:743} INFO - Processing file /home/airflow/.local/lib/python3.7/site-packages/airflow/example_dags/example_short_circuit_decorator.py for tasks to queue
[2023-04-28T11:34:06.860+0000] {logging_mixin.py:137} INFO - [2023-04-28T11:34:06.860+0000] {dagbag.py:532} INFO - Filling up the DagBag from /home/airflow/.local/lib/python3.7/site-packages/airflow/example_dags/example_short_circuit_decorator.py
[2023-04-28T11:34:06.894+0000] {processor.py:753} INFO - DAG(s) dict_keys(['example_short_circuit_decorator']) retrieved from /home/airflow/.local/lib/python3.7/site-packages/airflow/example_dags/example_short_circuit_decorator.py
[2023-04-28T11:34:06.928+0000] {logging_mixin.py:137} INFO - [2023-04-28T11:34:06.928+0000] {dag.py:2705} INFO - Sync 1 DAGs
[2023-04-28T11:34:06.958+0000] {logging_mixin.py:137} INFO - [2023-04-28T11:34:06.958+0000] {dag.py:3456} INFO - Setting next_dagrun for example_short_circuit_decorator to 2023-04-27T11:34:06.957740+00:00, run_after=2023-04-28T11:34:06.957740+00:00
[2023-04-28T11:34:06.980+0000] {processor.py:175} INFO - Processing /home/airflow/.local/lib/python3.7/site-packages/airflow/example_dags/example_short_circuit_decorator.py took 0.131 seconds
[2023-04-28T11:34:37.479+0000] {processor.py:153} INFO - Started process (PID=4619) to work on /home/airflow/.local/lib/python3.7/site-packages/airflow/example_dags/example_short_circuit_decorator.py
[2023-04-28T11:34:37.482+0000] {processor.py:743} INFO - Processing file /home/airflow/.local/lib/python3.7/site-packages/airflow/example_dags/example_short_circuit_decorator.py for tasks to queue
[2023-04-28T11:34:37.485+0000] {logging_mixin.py:137} INFO - [2023-04-28T11:34:37.484+0000] {dagbag.py:532} INFO - Filling up the DagBag from /home/airflow/.local/lib/python3.7/site-packages/airflow/example_dags/example_short_circuit_decorator.py
[2023-04-28T11:34:37.516+0000] {processor.py:753} INFO - DAG(s) dict_keys(['example_short_circuit_decorator']) retrieved from /home/airflow/.local/lib/python3.7/site-packages/airflow/example_dags/example_short_circuit_decorator.py
[2023-04-28T11:34:37.559+0000] {logging_mixin.py:137} INFO - [2023-04-28T11:34:37.559+0000] {dag.py:2705} INFO - Sync 1 DAGs
[2023-04-28T11:34:37.591+0000] {logging_mixin.py:137} INFO - [2023-04-28T11:34:37.590+0000] {dag.py:3456} INFO - Setting next_dagrun for example_short_circuit_decorator to 2023-04-27T11:34:37.590617+00:00, run_after=2023-04-28T11:34:37.590617+00:00
[2023-04-28T11:34:37.612+0000] {processor.py:175} INFO - Processing /home/airflow/.local/lib/python3.7/site-packages/airflow/example_dags/example_short_circuit_decorator.py took 0.139 seconds
[2023-04-28T11:35:08.201+0000] {processor.py:153} INFO - Started process (PID=4837) to work on /home/airflow/.local/lib/python3.7/site-packages/airflow/example_dags/example_short_circuit_decorator.py
[2023-04-28T11:35:08.206+0000] {processor.py:743} INFO - Processing file /home/airflow/.local/lib/python3.7/site-packages/airflow/example_dags/example_short_circuit_decorator.py for tasks to queue
[2023-04-28T11:35:08.211+0000] {logging_mixin.py:137} INFO - [2023-04-28T11:35:08.210+0000] {dagbag.py:532} INFO - Filling up the DagBag from /home/airflow/.local/lib/python3.7/site-packages/airflow/example_dags/example_short_circuit_decorator.py
[2023-04-28T11:35:08.266+0000] {processor.py:753} INFO - DAG(s) dict_keys(['example_short_circuit_decorator']) retrieved from /home/airflow/.local/lib/python3.7/site-packages/airflow/example_dags/example_short_circuit_decorator.py
[2023-04-28T11:35:08.317+0000] {logging_mixin.py:137} INFO - [2023-04-28T11:35:08.317+0000] {dag.py:2705} INFO - Sync 1 DAGs
[2023-04-28T11:35:08.358+0000] {logging_mixin.py:137} INFO - [2023-04-28T11:35:08.358+0000] {dag.py:3456} INFO - Setting next_dagrun for example_short_circuit_decorator to 2023-04-27T11:35:08.358104+00:00, run_after=2023-04-28T11:35:08.358104+00:00
[2023-04-28T11:35:08.383+0000] {processor.py:175} INFO - Processing /home/airflow/.local/lib/python3.7/site-packages/airflow/example_dags/example_short_circuit_decorator.py took 0.191 seconds
[2023-04-28T11:35:39.419+0000] {processor.py:153} INFO - Started process (PID=5055) to work on /home/airflow/.local/lib/python3.7/site-packages/airflow/example_dags/example_short_circuit_decorator.py
[2023-04-28T11:35:39.423+0000] {processor.py:743} INFO - Processing file /home/airflow/.local/lib/python3.7/site-packages/airflow/example_dags/example_short_circuit_decorator.py for tasks to queue
[2023-04-28T11:35:39.426+0000] {logging_mixin.py:137} INFO - [2023-04-28T11:35:39.425+0000] {dagbag.py:532} INFO - Filling up the DagBag from /home/airflow/.local/lib/python3.7/site-packages/airflow/example_dags/example_short_circuit_decorator.py
[2023-04-28T11:35:39.514+0000] {processor.py:753} INFO - DAG(s) dict_keys(['example_short_circuit_decorator']) retrieved from /home/airflow/.local/lib/python3.7/site-packages/airflow/example_dags/example_short_circuit_decorator.py
[2023-04-28T11:35:39.614+0000] {logging_mixin.py:137} INFO - [2023-04-28T11:35:39.613+0000] {dag.py:2705} INFO - Sync 1 DAGs
[2023-04-28T11:35:39.670+0000] {logging_mixin.py:137} INFO - [2023-04-28T11:35:39.670+0000] {dag.py:3456} INFO - Setting next_dagrun for example_short_circuit_decorator to 2023-04-27T11:35:39.670170+00:00, run_after=2023-04-28T11:35:39.670170+00:00
[2023-04-28T11:35:39.719+0000] {processor.py:175} INFO - Processing /home/airflow/.local/lib/python3.7/site-packages/airflow/example_dags/example_short_circuit_decorator.py took 0.310 seconds
[2023-04-28T11:36:10.021+0000] {processor.py:153} INFO - Started process (PID=5273) to work on /home/airflow/.local/lib/python3.7/site-packages/airflow/example_dags/example_short_circuit_decorator.py
[2023-04-28T11:36:10.024+0000] {processor.py:743} INFO - Processing file /home/airflow/.local/lib/python3.7/site-packages/airflow/example_dags/example_short_circuit_decorator.py for tasks to queue
[2023-04-28T11:36:10.026+0000] {logging_mixin.py:137} INFO - [2023-04-28T11:36:10.026+0000] {dagbag.py:532} INFO - Filling up the DagBag from /home/airflow/.local/lib/python3.7/site-packages/airflow/example_dags/example_short_circuit_decorator.py
[2023-04-28T11:36:10.061+0000] {processor.py:753} INFO - DAG(s) dict_keys(['example_short_circuit_decorator']) retrieved from /home/airflow/.local/lib/python3.7/site-packages/airflow/example_dags/example_short_circuit_decorator.py
[2023-04-28T11:36:10.099+0000] {logging_mixin.py:137} INFO - [2023-04-28T11:36:10.098+0000] {dag.py:2705} INFO - Sync 1 DAGs
[2023-04-28T11:36:10.135+0000] {logging_mixin.py:137} INFO - [2023-04-28T11:36:10.135+0000] {dag.py:3456} INFO - Setting next_dagrun for example_short_circuit_decorator to 2023-04-27T11:36:10.134646+00:00, run_after=2023-04-28T11:36:10.134646+00:00
[2023-04-28T11:36:10.160+0000] {processor.py:175} INFO - Processing /home/airflow/.local/lib/python3.7/site-packages/airflow/example_dags/example_short_circuit_decorator.py took 0.145 seconds
[2023-04-28T11:36:40.852+0000] {processor.py:153} INFO - Started process (PID=5491) to work on /home/airflow/.local/lib/python3.7/site-packages/airflow/example_dags/example_short_circuit_decorator.py
[2023-04-28T11:36:40.856+0000] {processor.py:743} INFO - Processing file /home/airflow/.local/lib/python3.7/site-packages/airflow/example_dags/example_short_circuit_decorator.py for tasks to queue
[2023-04-28T11:36:40.859+0000] {logging_mixin.py:137} INFO - [2023-04-28T11:36:40.858+0000] {dagbag.py:532} INFO - Filling up the DagBag from /home/airflow/.local/lib/python3.7/site-packages/airflow/example_dags/example_short_circuit_decorator.py
[2023-04-28T11:36:40.904+0000] {processor.py:753} INFO - DAG(s) dict_keys(['example_short_circuit_decorator']) retrieved from /home/airflow/.local/lib/python3.7/site-packages/airflow/example_dags/example_short_circuit_decorator.py
[2023-04-28T11:36:40.950+0000] {logging_mixin.py:137} INFO - [2023-04-28T11:36:40.950+0000] {dag.py:2705} INFO - Sync 1 DAGs
[2023-04-28T11:36:40.989+0000] {logging_mixin.py:137} INFO - [2023-04-28T11:36:40.989+0000] {dag.py:3456} INFO - Setting next_dagrun for example_short_circuit_decorator to 2023-04-27T11:36:40.989202+00:00, run_after=2023-04-28T11:36:40.989202+00:00
[2023-04-28T11:36:41.020+0000] {processor.py:175} INFO - Processing /home/airflow/.local/lib/python3.7/site-packages/airflow/example_dags/example_short_circuit_decorator.py took 0.174 seconds
[2023-04-28T11:37:11.225+0000] {processor.py:153} INFO - Started process (PID=5709) to work on /home/airflow/.local/lib/python3.7/site-packages/airflow/example_dags/example_short_circuit_decorator.py
[2023-04-28T11:37:11.228+0000] {processor.py:743} INFO - Processing file /home/airflow/.local/lib/python3.7/site-packages/airflow/example_dags/example_short_circuit_decorator.py for tasks to queue
[2023-04-28T11:37:11.230+0000] {logging_mixin.py:137} INFO - [2023-04-28T11:37:11.230+0000] {dagbag.py:532} INFO - Filling up the DagBag from /home/airflow/.local/lib/python3.7/site-packages/airflow/example_dags/example_short_circuit_decorator.py
[2023-04-28T11:37:11.265+0000] {processor.py:753} INFO - DAG(s) dict_keys(['example_short_circuit_decorator']) retrieved from /home/airflow/.local/lib/python3.7/site-packages/airflow/example_dags/example_short_circuit_decorator.py
[2023-04-28T11:37:11.303+0000] {logging_mixin.py:137} INFO - [2023-04-28T11:37:11.303+0000] {dag.py:2705} INFO - Sync 1 DAGs
[2023-04-28T11:37:11.336+0000] {logging_mixin.py:137} INFO - [2023-04-28T11:37:11.336+0000] {dag.py:3456} INFO - Setting next_dagrun for example_short_circuit_decorator to 2023-04-27T11:37:11.335937+00:00, run_after=2023-04-28T11:37:11.335937+00:00
[2023-04-28T11:37:11.360+0000] {processor.py:175} INFO - Processing /home/airflow/.local/lib/python3.7/site-packages/airflow/example_dags/example_short_circuit_decorator.py took 0.140 seconds
[2023-04-28T11:37:41.830+0000] {processor.py:153} INFO - Started process (PID=5927) to work on /home/airflow/.local/lib/python3.7/site-packages/airflow/example_dags/example_short_circuit_decorator.py
[2023-04-28T11:37:41.832+0000] {processor.py:743} INFO - Processing file /home/airflow/.local/lib/python3.7/site-packages/airflow/example_dags/example_short_circuit_decorator.py for tasks to queue
[2023-04-28T11:37:41.834+0000] {logging_mixin.py:137} INFO - [2023-04-28T11:37:41.834+0000] {dagbag.py:532} INFO - Filling up the DagBag from /home/airflow/.local/lib/python3.7/site-packages/airflow/example_dags/example_short_circuit_decorator.py
[2023-04-28T11:37:41.868+0000] {processor.py:753} INFO - DAG(s) dict_keys(['example_short_circuit_decorator']) retrieved from /home/airflow/.local/lib/python3.7/site-packages/airflow/example_dags/example_short_circuit_decorator.py
[2023-04-28T11:37:41.907+0000] {logging_mixin.py:137} INFO - [2023-04-28T11:37:41.907+0000] {dag.py:2705} INFO - Sync 1 DAGs
[2023-04-28T11:37:41.944+0000] {logging_mixin.py:137} INFO - [2023-04-28T11:37:41.944+0000] {dag.py:3456} INFO - Setting next_dagrun for example_short_circuit_decorator to 2023-04-27T11:37:41.944157+00:00, run_after=2023-04-28T11:37:41.944157+00:00
[2023-04-28T11:37:41.974+0000] {processor.py:175} INFO - Processing /home/airflow/.local/lib/python3.7/site-packages/airflow/example_dags/example_short_circuit_decorator.py took 0.150 seconds
[2023-04-28T11:38:12.133+0000] {processor.py:153} INFO - Started process (PID=6145) to work on /home/airflow/.local/lib/python3.7/site-packages/airflow/example_dags/example_short_circuit_decorator.py
[2023-04-28T11:38:12.136+0000] {processor.py:743} INFO - Processing file /home/airflow/.local/lib/python3.7/site-packages/airflow/example_dags/example_short_circuit_decorator.py for tasks to queue
[2023-04-28T11:38:12.137+0000] {logging_mixin.py:137} INFO - [2023-04-28T11:38:12.137+0000] {dagbag.py:532} INFO - Filling up the DagBag from /home/airflow/.local/lib/python3.7/site-packages/airflow/example_dags/example_short_circuit_decorator.py
[2023-04-28T11:38:12.172+0000] {processor.py:753} INFO - DAG(s) dict_keys(['example_short_circuit_decorator']) retrieved from /home/airflow/.local/lib/python3.7/site-packages/airflow/example_dags/example_short_circuit_decorator.py
[2023-04-28T11:38:12.211+0000] {logging_mixin.py:137} INFO - [2023-04-28T11:38:12.211+0000] {dag.py:2705} INFO - Sync 1 DAGs
[2023-04-28T11:38:12.252+0000] {logging_mixin.py:137} INFO - [2023-04-28T11:38:12.252+0000] {dag.py:3456} INFO - Setting next_dagrun for example_short_circuit_decorator to 2023-04-27T11:38:12.252306+00:00, run_after=2023-04-28T11:38:12.252306+00:00
[2023-04-28T11:38:12.283+0000] {processor.py:175} INFO - Processing /home/airflow/.local/lib/python3.7/site-packages/airflow/example_dags/example_short_circuit_decorator.py took 0.156 seconds
[2023-04-28T11:38:42.824+0000] {processor.py:153} INFO - Started process (PID=6363) to work on /home/airflow/.local/lib/python3.7/site-packages/airflow/example_dags/example_short_circuit_decorator.py
[2023-04-28T11:38:42.829+0000] {processor.py:743} INFO - Processing file /home/airflow/.local/lib/python3.7/site-packages/airflow/example_dags/example_short_circuit_decorator.py for tasks to queue
[2023-04-28T11:38:42.831+0000] {logging_mixin.py:137} INFO - [2023-04-28T11:38:42.831+0000] {dagbag.py:532} INFO - Filling up the DagBag from /home/airflow/.local/lib/python3.7/site-packages/airflow/example_dags/example_short_circuit_decorator.py
[2023-04-28T11:38:42.867+0000] {processor.py:753} INFO - DAG(s) dict_keys(['example_short_circuit_decorator']) retrieved from /home/airflow/.local/lib/python3.7/site-packages/airflow/example_dags/example_short_circuit_decorator.py
[2023-04-28T11:38:42.904+0000] {logging_mixin.py:137} INFO - [2023-04-28T11:38:42.904+0000] {dag.py:2705} INFO - Sync 1 DAGs
[2023-04-28T11:38:42.935+0000] {logging_mixin.py:137} INFO - [2023-04-28T11:38:42.935+0000] {dag.py:3456} INFO - Setting next_dagrun for example_short_circuit_decorator to 2023-04-27T11:38:42.935318+00:00, run_after=2023-04-28T11:38:42.935318+00:00
[2023-04-28T11:38:42.961+0000] {processor.py:175} INFO - Processing /home/airflow/.local/lib/python3.7/site-packages/airflow/example_dags/example_short_circuit_decorator.py took 0.143 seconds
[2023-04-28T11:39:13.483+0000] {processor.py:153} INFO - Started process (PID=6581) to work on /home/airflow/.local/lib/python3.7/site-packages/airflow/example_dags/example_short_circuit_decorator.py
[2023-04-28T11:39:13.492+0000] {processor.py:743} INFO - Processing file /home/airflow/.local/lib/python3.7/site-packages/airflow/example_dags/example_short_circuit_decorator.py for tasks to queue
[2023-04-28T11:39:13.496+0000] {logging_mixin.py:137} INFO - [2023-04-28T11:39:13.496+0000] {dagbag.py:532} INFO - Filling up the DagBag from /home/airflow/.local/lib/python3.7/site-packages/airflow/example_dags/example_short_circuit_decorator.py
[2023-04-28T11:39:13.563+0000] {processor.py:753} INFO - DAG(s) dict_keys(['example_short_circuit_decorator']) retrieved from /home/airflow/.local/lib/python3.7/site-packages/airflow/example_dags/example_short_circuit_decorator.py
[2023-04-28T11:39:13.630+0000] {logging_mixin.py:137} INFO - [2023-04-28T11:39:13.630+0000] {dag.py:2705} INFO - Sync 1 DAGs
[2023-04-28T11:39:13.664+0000] {logging_mixin.py:137} INFO - [2023-04-28T11:39:13.664+0000] {dag.py:3456} INFO - Setting next_dagrun for example_short_circuit_decorator to 2023-04-27T11:39:13.664379+00:00, run_after=2023-04-28T11:39:13.664379+00:00
[2023-04-28T11:39:13.690+0000] {processor.py:175} INFO - Processing /home/airflow/.local/lib/python3.7/site-packages/airflow/example_dags/example_short_circuit_decorator.py took 0.219 seconds
[2023-04-28T11:39:44.060+0000] {processor.py:153} INFO - Started process (PID=6813) to work on /home/airflow/.local/lib/python3.7/site-packages/airflow/example_dags/example_short_circuit_decorator.py
[2023-04-28T11:39:44.063+0000] {processor.py:743} INFO - Processing file /home/airflow/.local/lib/python3.7/site-packages/airflow/example_dags/example_short_circuit_decorator.py for tasks to queue
[2023-04-28T11:39:44.065+0000] {logging_mixin.py:137} INFO - [2023-04-28T11:39:44.065+0000] {dagbag.py:532} INFO - Filling up the DagBag from /home/airflow/.local/lib/python3.7/site-packages/airflow/example_dags/example_short_circuit_decorator.py
[2023-04-28T11:39:44.101+0000] {processor.py:753} INFO - DAG(s) dict_keys(['example_short_circuit_decorator']) retrieved from /home/airflow/.local/lib/python3.7/site-packages/airflow/example_dags/example_short_circuit_decorator.py
[2023-04-28T11:39:44.138+0000] {logging_mixin.py:137} INFO - [2023-04-28T11:39:44.138+0000] {dag.py:2705} INFO - Sync 1 DAGs
[2023-04-28T11:39:44.171+0000] {logging_mixin.py:137} INFO - [2023-04-28T11:39:44.171+0000] {dag.py:3456} INFO - Setting next_dagrun for example_short_circuit_decorator to 2023-04-27T11:39:44.170725+00:00, run_after=2023-04-28T11:39:44.170725+00:00
[2023-04-28T11:39:44.196+0000] {processor.py:175} INFO - Processing /home/airflow/.local/lib/python3.7/site-packages/airflow/example_dags/example_short_circuit_decorator.py took 0.143 seconds
[2023-04-28T11:40:14.642+0000] {processor.py:153} INFO - Started process (PID=7036) to work on /home/airflow/.local/lib/python3.7/site-packages/airflow/example_dags/example_short_circuit_decorator.py
[2023-04-28T11:40:14.644+0000] {processor.py:743} INFO - Processing file /home/airflow/.local/lib/python3.7/site-packages/airflow/example_dags/example_short_circuit_decorator.py for tasks to queue
[2023-04-28T11:40:14.647+0000] {logging_mixin.py:137} INFO - [2023-04-28T11:40:14.646+0000] {dagbag.py:532} INFO - Filling up the DagBag from /home/airflow/.local/lib/python3.7/site-packages/airflow/example_dags/example_short_circuit_decorator.py
[2023-04-28T11:40:14.682+0000] {processor.py:753} INFO - DAG(s) dict_keys(['example_short_circuit_decorator']) retrieved from /home/airflow/.local/lib/python3.7/site-packages/airflow/example_dags/example_short_circuit_decorator.py
[2023-04-28T11:40:14.724+0000] {logging_mixin.py:137} INFO - [2023-04-28T11:40:14.723+0000] {dag.py:2705} INFO - Sync 1 DAGs
[2023-04-28T11:40:14.756+0000] {logging_mixin.py:137} INFO - [2023-04-28T11:40:14.756+0000] {dag.py:3456} INFO - Setting next_dagrun for example_short_circuit_decorator to 2023-04-27T11:40:14.756411+00:00, run_after=2023-04-28T11:40:14.756411+00:00
[2023-04-28T11:40:14.782+0000] {processor.py:175} INFO - Processing /home/airflow/.local/lib/python3.7/site-packages/airflow/example_dags/example_short_circuit_decorator.py took 0.146 seconds
[2023-04-28T11:40:46.319+0000] {processor.py:153} INFO - Started process (PID=7258) to work on /home/airflow/.local/lib/python3.7/site-packages/airflow/example_dags/example_short_circuit_decorator.py
[2023-04-28T11:40:46.326+0000] {processor.py:743} INFO - Processing file /home/airflow/.local/lib/python3.7/site-packages/airflow/example_dags/example_short_circuit_decorator.py for tasks to queue
[2023-04-28T11:40:46.342+0000] {logging_mixin.py:137} INFO - [2023-04-28T11:40:46.340+0000] {dagbag.py:532} INFO - Filling up the DagBag from /home/airflow/.local/lib/python3.7/site-packages/airflow/example_dags/example_short_circuit_decorator.py
[2023-04-28T11:40:46.457+0000] {processor.py:753} INFO - DAG(s) dict_keys(['example_short_circuit_decorator']) retrieved from /home/airflow/.local/lib/python3.7/site-packages/airflow/example_dags/example_short_circuit_decorator.py
[2023-04-28T11:40:46.574+0000] {logging_mixin.py:137} INFO - [2023-04-28T11:40:46.574+0000] {dag.py:2705} INFO - Sync 1 DAGs
[2023-04-28T11:40:46.634+0000] {logging_mixin.py:137} INFO - [2023-04-28T11:40:46.634+0000] {dag.py:3456} INFO - Setting next_dagrun for example_short_circuit_decorator to 2023-04-27T11:40:46.633629+00:00, run_after=2023-04-28T11:40:46.633629+00:00
[2023-04-28T11:40:46.686+0000] {processor.py:175} INFO - Processing /home/airflow/.local/lib/python3.7/site-packages/airflow/example_dags/example_short_circuit_decorator.py took 0.395 seconds
