[2023-04-28T11:24:24.596+0000] {processor.py:153} INFO - Started process (PID=303) to work on /home/airflow/.local/lib/python3.7/site-packages/airflow/example_dags/example_xcomargs.py
[2023-04-28T11:24:24.598+0000] {processor.py:743} INFO - Processing file /home/airflow/.local/lib/python3.7/site-packages/airflow/example_dags/example_xcomargs.py for tasks to queue
[2023-04-28T11:24:24.600+0000] {logging_mixin.py:137} INFO - [2023-04-28T11:24:24.600+0000] {dagbag.py:532} INFO - Filling up the DagBag from /home/airflow/.local/lib/python3.7/site-packages/airflow/example_dags/example_xcomargs.py
[2023-04-28T11:24:24.629+0000] {processor.py:753} INFO - DAG(s) dict_keys(['example_xcom_args_with_operators', 'example_xcom_args']) retrieved from /home/airflow/.local/lib/python3.7/site-packages/airflow/example_dags/example_xcomargs.py
[2023-04-28T11:24:24.646+0000] {logging_mixin.py:137} INFO - [2023-04-28T11:24:24.646+0000] {dag.py:2705} INFO - Sync 2 DAGs
[2023-04-28T11:24:24.679+0000] {logging_mixin.py:137} INFO - [2023-04-28T11:24:24.679+0000] {dag.py:3456} INFO - Setting next_dagrun for example_xcom_args to None, run_after=None
[2023-04-28T11:24:24.685+0000] {logging_mixin.py:137} INFO - [2023-04-28T11:24:24.685+0000] {dag.py:3456} INFO - Setting next_dagrun for example_xcom_args_with_operators to None, run_after=None
[2023-04-28T11:24:24.708+0000] {processor.py:175} INFO - Processing /home/airflow/.local/lib/python3.7/site-packages/airflow/example_dags/example_xcomargs.py took 0.116 seconds
[2023-04-28T11:24:55.105+0000] {processor.py:153} INFO - Started process (PID=521) to work on /home/airflow/.local/lib/python3.7/site-packages/airflow/example_dags/example_xcomargs.py
[2023-04-28T11:24:55.107+0000] {processor.py:743} INFO - Processing file /home/airflow/.local/lib/python3.7/site-packages/airflow/example_dags/example_xcomargs.py for tasks to queue
[2023-04-28T11:24:55.109+0000] {logging_mixin.py:137} INFO - [2023-04-28T11:24:55.109+0000] {dagbag.py:532} INFO - Filling up the DagBag from /home/airflow/.local/lib/python3.7/site-packages/airflow/example_dags/example_xcomargs.py
[2023-04-28T11:24:55.136+0000] {processor.py:753} INFO - DAG(s) dict_keys(['example_xcom_args', 'example_xcom_args_with_operators']) retrieved from /home/airflow/.local/lib/python3.7/site-packages/airflow/example_dags/example_xcomargs.py
[2023-04-28T11:24:55.171+0000] {logging_mixin.py:137} INFO - [2023-04-28T11:24:55.171+0000] {dag.py:2705} INFO - Sync 2 DAGs
[2023-04-28T11:24:55.201+0000] {logging_mixin.py:137} INFO - [2023-04-28T11:24:55.201+0000] {dag.py:3456} INFO - Setting next_dagrun for example_xcom_args to None, run_after=None
[2023-04-28T11:24:55.206+0000] {logging_mixin.py:137} INFO - [2023-04-28T11:24:55.205+0000] {dag.py:3456} INFO - Setting next_dagrun for example_xcom_args_with_operators to None, run_after=None
[2023-04-28T11:24:55.224+0000] {processor.py:175} INFO - Processing /home/airflow/.local/lib/python3.7/site-packages/airflow/example_dags/example_xcomargs.py took 0.123 seconds
[2023-04-28T11:25:26.164+0000] {processor.py:153} INFO - Started process (PID=739) to work on /home/airflow/.local/lib/python3.7/site-packages/airflow/example_dags/example_xcomargs.py
[2023-04-28T11:25:26.172+0000] {processor.py:743} INFO - Processing file /home/airflow/.local/lib/python3.7/site-packages/airflow/example_dags/example_xcomargs.py for tasks to queue
[2023-04-28T11:25:26.175+0000] {logging_mixin.py:137} INFO - [2023-04-28T11:25:26.175+0000] {dagbag.py:532} INFO - Filling up the DagBag from /home/airflow/.local/lib/python3.7/site-packages/airflow/example_dags/example_xcomargs.py
[2023-04-28T11:25:26.219+0000] {processor.py:753} INFO - DAG(s) dict_keys(['example_xcom_args_with_operators', 'example_xcom_args']) retrieved from /home/airflow/.local/lib/python3.7/site-packages/airflow/example_dags/example_xcomargs.py
[2023-04-28T11:25:26.276+0000] {logging_mixin.py:137} INFO - [2023-04-28T11:25:26.275+0000] {dag.py:2705} INFO - Sync 2 DAGs
[2023-04-28T11:25:26.324+0000] {logging_mixin.py:137} INFO - [2023-04-28T11:25:26.324+0000] {dag.py:3456} INFO - Setting next_dagrun for example_xcom_args to None, run_after=None
[2023-04-28T11:25:26.332+0000] {logging_mixin.py:137} INFO - [2023-04-28T11:25:26.331+0000] {dag.py:3456} INFO - Setting next_dagrun for example_xcom_args_with_operators to None, run_after=None
[2023-04-28T11:25:26.359+0000] {processor.py:175} INFO - Processing /home/airflow/.local/lib/python3.7/site-packages/airflow/example_dags/example_xcomargs.py took 0.206 seconds
[2023-04-28T11:25:58.304+0000] {processor.py:153} INFO - Started process (PID=957) to work on /home/airflow/.local/lib/python3.7/site-packages/airflow/example_dags/example_xcomargs.py
[2023-04-28T11:25:58.311+0000] {processor.py:743} INFO - Processing file /home/airflow/.local/lib/python3.7/site-packages/airflow/example_dags/example_xcomargs.py for tasks to queue
[2023-04-28T11:25:58.316+0000] {logging_mixin.py:137} INFO - [2023-04-28T11:25:58.315+0000] {dagbag.py:532} INFO - Filling up the DagBag from /home/airflow/.local/lib/python3.7/site-packages/airflow/example_dags/example_xcomargs.py
[2023-04-28T11:25:58.400+0000] {processor.py:753} INFO - DAG(s) dict_keys(['example_xcom_args', 'example_xcom_args_with_operators']) retrieved from /home/airflow/.local/lib/python3.7/site-packages/airflow/example_dags/example_xcomargs.py
[2023-04-28T11:25:58.474+0000] {logging_mixin.py:137} INFO - [2023-04-28T11:25:58.474+0000] {dag.py:2705} INFO - Sync 2 DAGs
[2023-04-28T11:25:58.520+0000] {logging_mixin.py:137} INFO - [2023-04-28T11:25:58.520+0000] {dag.py:3456} INFO - Setting next_dagrun for example_xcom_args to None, run_after=None
[2023-04-28T11:25:58.528+0000] {logging_mixin.py:137} INFO - [2023-04-28T11:25:58.528+0000] {dag.py:3456} INFO - Setting next_dagrun for example_xcom_args_with_operators to None, run_after=None
[2023-04-28T11:25:58.559+0000] {processor.py:175} INFO - Processing /home/airflow/.local/lib/python3.7/site-packages/airflow/example_dags/example_xcomargs.py took 0.269 seconds
[2023-04-28T11:26:29.359+0000] {processor.py:153} INFO - Started process (PID=1175) to work on /home/airflow/.local/lib/python3.7/site-packages/airflow/example_dags/example_xcomargs.py
[2023-04-28T11:26:29.361+0000] {processor.py:743} INFO - Processing file /home/airflow/.local/lib/python3.7/site-packages/airflow/example_dags/example_xcomargs.py for tasks to queue
[2023-04-28T11:26:29.363+0000] {logging_mixin.py:137} INFO - [2023-04-28T11:26:29.362+0000] {dagbag.py:532} INFO - Filling up the DagBag from /home/airflow/.local/lib/python3.7/site-packages/airflow/example_dags/example_xcomargs.py
[2023-04-28T11:26:29.397+0000] {processor.py:753} INFO - DAG(s) dict_keys(['example_xcom_args_with_operators', 'example_xcom_args']) retrieved from /home/airflow/.local/lib/python3.7/site-packages/airflow/example_dags/example_xcomargs.py
[2023-04-28T11:26:29.437+0000] {logging_mixin.py:137} INFO - [2023-04-28T11:26:29.437+0000] {dag.py:2705} INFO - Sync 2 DAGs
[2023-04-28T11:26:29.470+0000] {logging_mixin.py:137} INFO - [2023-04-28T11:26:29.470+0000] {dag.py:3456} INFO - Setting next_dagrun for example_xcom_args to None, run_after=None
[2023-04-28T11:26:29.475+0000] {logging_mixin.py:137} INFO - [2023-04-28T11:26:29.475+0000] {dag.py:3456} INFO - Setting next_dagrun for example_xcom_args_with_operators to None, run_after=None
[2023-04-28T11:26:29.497+0000] {processor.py:175} INFO - Processing /home/airflow/.local/lib/python3.7/site-packages/airflow/example_dags/example_xcomargs.py took 0.144 seconds
[2023-04-28T11:26:59.790+0000] {processor.py:153} INFO - Started process (PID=1393) to work on /home/airflow/.local/lib/python3.7/site-packages/airflow/example_dags/example_xcomargs.py
[2023-04-28T11:26:59.795+0000] {processor.py:743} INFO - Processing file /home/airflow/.local/lib/python3.7/site-packages/airflow/example_dags/example_xcomargs.py for tasks to queue
[2023-04-28T11:26:59.800+0000] {logging_mixin.py:137} INFO - [2023-04-28T11:26:59.800+0000] {dagbag.py:532} INFO - Filling up the DagBag from /home/airflow/.local/lib/python3.7/site-packages/airflow/example_dags/example_xcomargs.py
[2023-04-28T11:26:59.849+0000] {processor.py:753} INFO - DAG(s) dict_keys(['example_xcom_args_with_operators', 'example_xcom_args']) retrieved from /home/airflow/.local/lib/python3.7/site-packages/airflow/example_dags/example_xcomargs.py
[2023-04-28T11:26:59.918+0000] {logging_mixin.py:137} INFO - [2023-04-28T11:26:59.918+0000] {dag.py:2705} INFO - Sync 2 DAGs
[2023-04-28T11:26:59.983+0000] {logging_mixin.py:137} INFO - [2023-04-28T11:26:59.983+0000] {dag.py:3456} INFO - Setting next_dagrun for example_xcom_args to None, run_after=None
[2023-04-28T11:26:59.993+0000] {logging_mixin.py:137} INFO - [2023-04-28T11:26:59.993+0000] {dag.py:3456} INFO - Setting next_dagrun for example_xcom_args_with_operators to None, run_after=None
[2023-04-28T11:27:00.028+0000] {processor.py:175} INFO - Processing /home/airflow/.local/lib/python3.7/site-packages/airflow/example_dags/example_xcomargs.py took 0.245 seconds
[2023-04-28T11:27:30.926+0000] {processor.py:153} INFO - Started process (PID=1611) to work on /home/airflow/.local/lib/python3.7/site-packages/airflow/example_dags/example_xcomargs.py
[2023-04-28T11:27:30.929+0000] {processor.py:743} INFO - Processing file /home/airflow/.local/lib/python3.7/site-packages/airflow/example_dags/example_xcomargs.py for tasks to queue
[2023-04-28T11:27:30.932+0000] {logging_mixin.py:137} INFO - [2023-04-28T11:27:30.932+0000] {dagbag.py:532} INFO - Filling up the DagBag from /home/airflow/.local/lib/python3.7/site-packages/airflow/example_dags/example_xcomargs.py
[2023-04-28T11:27:31.046+0000] {processor.py:753} INFO - DAG(s) dict_keys(['example_xcom_args_with_operators', 'example_xcom_args']) retrieved from /home/airflow/.local/lib/python3.7/site-packages/airflow/example_dags/example_xcomargs.py
[2023-04-28T11:27:31.106+0000] {logging_mixin.py:137} INFO - [2023-04-28T11:27:31.106+0000] {dag.py:2705} INFO - Sync 2 DAGs
[2023-04-28T11:27:31.149+0000] {logging_mixin.py:137} INFO - [2023-04-28T11:27:31.149+0000] {dag.py:3456} INFO - Setting next_dagrun for example_xcom_args to None, run_after=None
[2023-04-28T11:27:31.155+0000] {logging_mixin.py:137} INFO - [2023-04-28T11:27:31.155+0000] {dag.py:3456} INFO - Setting next_dagrun for example_xcom_args_with_operators to None, run_after=None
[2023-04-28T11:27:31.181+0000] {processor.py:175} INFO - Processing /home/airflow/.local/lib/python3.7/site-packages/airflow/example_dags/example_xcomargs.py took 0.263 seconds
[2023-04-28T11:28:02.095+0000] {processor.py:153} INFO - Started process (PID=1829) to work on /home/airflow/.local/lib/python3.7/site-packages/airflow/example_dags/example_xcomargs.py
[2023-04-28T11:28:02.098+0000] {processor.py:743} INFO - Processing file /home/airflow/.local/lib/python3.7/site-packages/airflow/example_dags/example_xcomargs.py for tasks to queue
[2023-04-28T11:28:02.100+0000] {logging_mixin.py:137} INFO - [2023-04-28T11:28:02.100+0000] {dagbag.py:532} INFO - Filling up the DagBag from /home/airflow/.local/lib/python3.7/site-packages/airflow/example_dags/example_xcomargs.py
[2023-04-28T11:28:02.132+0000] {processor.py:753} INFO - DAG(s) dict_keys(['example_xcom_args_with_operators', 'example_xcom_args']) retrieved from /home/airflow/.local/lib/python3.7/site-packages/airflow/example_dags/example_xcomargs.py
[2023-04-28T11:28:02.188+0000] {logging_mixin.py:137} INFO - [2023-04-28T11:28:02.188+0000] {dag.py:2705} INFO - Sync 2 DAGs
[2023-04-28T11:28:02.245+0000] {logging_mixin.py:137} INFO - [2023-04-28T11:28:02.245+0000] {dag.py:3456} INFO - Setting next_dagrun for example_xcom_args to None, run_after=None
[2023-04-28T11:28:02.252+0000] {logging_mixin.py:137} INFO - [2023-04-28T11:28:02.252+0000] {dag.py:3456} INFO - Setting next_dagrun for example_xcom_args_with_operators to None, run_after=None
[2023-04-28T11:28:02.299+0000] {processor.py:175} INFO - Processing /home/airflow/.local/lib/python3.7/site-packages/airflow/example_dags/example_xcomargs.py took 0.210 seconds
[2023-04-28T11:28:32.464+0000] {processor.py:153} INFO - Started process (PID=2047) to work on /home/airflow/.local/lib/python3.7/site-packages/airflow/example_dags/example_xcomargs.py
[2023-04-28T11:28:32.466+0000] {processor.py:743} INFO - Processing file /home/airflow/.local/lib/python3.7/site-packages/airflow/example_dags/example_xcomargs.py for tasks to queue
[2023-04-28T11:28:32.468+0000] {logging_mixin.py:137} INFO - [2023-04-28T11:28:32.468+0000] {dagbag.py:532} INFO - Filling up the DagBag from /home/airflow/.local/lib/python3.7/site-packages/airflow/example_dags/example_xcomargs.py
[2023-04-28T11:28:32.498+0000] {processor.py:753} INFO - DAG(s) dict_keys(['example_xcom_args', 'example_xcom_args_with_operators']) retrieved from /home/airflow/.local/lib/python3.7/site-packages/airflow/example_dags/example_xcomargs.py
[2023-04-28T11:28:32.541+0000] {logging_mixin.py:137} INFO - [2023-04-28T11:28:32.541+0000] {dag.py:2705} INFO - Sync 2 DAGs
[2023-04-28T11:28:32.582+0000] {logging_mixin.py:137} INFO - [2023-04-28T11:28:32.581+0000] {dag.py:3456} INFO - Setting next_dagrun for example_xcom_args to None, run_after=None
[2023-04-28T11:28:32.587+0000] {logging_mixin.py:137} INFO - [2023-04-28T11:28:32.587+0000] {dag.py:3456} INFO - Setting next_dagrun for example_xcom_args_with_operators to None, run_after=None
[2023-04-28T11:28:32.615+0000] {processor.py:175} INFO - Processing /home/airflow/.local/lib/python3.7/site-packages/airflow/example_dags/example_xcomargs.py took 0.155 seconds
[2023-04-28T11:29:03.365+0000] {processor.py:153} INFO - Started process (PID=2265) to work on /home/airflow/.local/lib/python3.7/site-packages/airflow/example_dags/example_xcomargs.py
[2023-04-28T11:29:03.368+0000] {processor.py:743} INFO - Processing file /home/airflow/.local/lib/python3.7/site-packages/airflow/example_dags/example_xcomargs.py for tasks to queue
[2023-04-28T11:29:03.371+0000] {logging_mixin.py:137} INFO - [2023-04-28T11:29:03.370+0000] {dagbag.py:532} INFO - Filling up the DagBag from /home/airflow/.local/lib/python3.7/site-packages/airflow/example_dags/example_xcomargs.py
[2023-04-28T11:29:03.407+0000] {processor.py:753} INFO - DAG(s) dict_keys(['example_xcom_args', 'example_xcom_args_with_operators']) retrieved from /home/airflow/.local/lib/python3.7/site-packages/airflow/example_dags/example_xcomargs.py
[2023-04-28T11:29:03.453+0000] {logging_mixin.py:137} INFO - [2023-04-28T11:29:03.453+0000] {dag.py:2705} INFO - Sync 2 DAGs
[2023-04-28T11:29:03.496+0000] {logging_mixin.py:137} INFO - [2023-04-28T11:29:03.496+0000] {dag.py:3456} INFO - Setting next_dagrun for example_xcom_args to None, run_after=None
[2023-04-28T11:29:03.502+0000] {logging_mixin.py:137} INFO - [2023-04-28T11:29:03.502+0000] {dag.py:3456} INFO - Setting next_dagrun for example_xcom_args_with_operators to None, run_after=None
[2023-04-28T11:29:03.531+0000] {processor.py:175} INFO - Processing /home/airflow/.local/lib/python3.7/site-packages/airflow/example_dags/example_xcomargs.py took 0.173 seconds
[2023-04-28T11:29:33.744+0000] {processor.py:153} INFO - Started process (PID=2483) to work on /home/airflow/.local/lib/python3.7/site-packages/airflow/example_dags/example_xcomargs.py
[2023-04-28T11:29:33.747+0000] {processor.py:743} INFO - Processing file /home/airflow/.local/lib/python3.7/site-packages/airflow/example_dags/example_xcomargs.py for tasks to queue
[2023-04-28T11:29:33.749+0000] {logging_mixin.py:137} INFO - [2023-04-28T11:29:33.749+0000] {dagbag.py:532} INFO - Filling up the DagBag from /home/airflow/.local/lib/python3.7/site-packages/airflow/example_dags/example_xcomargs.py
[2023-04-28T11:29:33.789+0000] {processor.py:753} INFO - DAG(s) dict_keys(['example_xcom_args_with_operators', 'example_xcom_args']) retrieved from /home/airflow/.local/lib/python3.7/site-packages/airflow/example_dags/example_xcomargs.py
[2023-04-28T11:29:33.834+0000] {logging_mixin.py:137} INFO - [2023-04-28T11:29:33.834+0000] {dag.py:2705} INFO - Sync 2 DAGs
[2023-04-28T11:29:33.873+0000] {logging_mixin.py:137} INFO - [2023-04-28T11:29:33.872+0000] {dag.py:3456} INFO - Setting next_dagrun for example_xcom_args to None, run_after=None
[2023-04-28T11:29:33.881+0000] {logging_mixin.py:137} INFO - [2023-04-28T11:29:33.880+0000] {dag.py:3456} INFO - Setting next_dagrun for example_xcom_args_with_operators to None, run_after=None
[2023-04-28T11:29:33.910+0000] {processor.py:175} INFO - Processing /home/airflow/.local/lib/python3.7/site-packages/airflow/example_dags/example_xcomargs.py took 0.172 seconds
[2023-04-28T11:30:04.067+0000] {processor.py:153} INFO - Started process (PID=2701) to work on /home/airflow/.local/lib/python3.7/site-packages/airflow/example_dags/example_xcomargs.py
[2023-04-28T11:30:04.069+0000] {processor.py:743} INFO - Processing file /home/airflow/.local/lib/python3.7/site-packages/airflow/example_dags/example_xcomargs.py for tasks to queue
[2023-04-28T11:30:04.071+0000] {logging_mixin.py:137} INFO - [2023-04-28T11:30:04.071+0000] {dagbag.py:532} INFO - Filling up the DagBag from /home/airflow/.local/lib/python3.7/site-packages/airflow/example_dags/example_xcomargs.py
[2023-04-28T11:30:04.102+0000] {processor.py:753} INFO - DAG(s) dict_keys(['example_xcom_args_with_operators', 'example_xcom_args']) retrieved from /home/airflow/.local/lib/python3.7/site-packages/airflow/example_dags/example_xcomargs.py
[2023-04-28T11:30:04.139+0000] {logging_mixin.py:137} INFO - [2023-04-28T11:30:04.139+0000] {dag.py:2705} INFO - Sync 2 DAGs
[2023-04-28T11:30:04.170+0000] {logging_mixin.py:137} INFO - [2023-04-28T11:30:04.170+0000] {dag.py:3456} INFO - Setting next_dagrun for example_xcom_args to None, run_after=None
[2023-04-28T11:30:04.175+0000] {logging_mixin.py:137} INFO - [2023-04-28T11:30:04.175+0000] {dag.py:3456} INFO - Setting next_dagrun for example_xcom_args_with_operators to None, run_after=None
[2023-04-28T11:30:04.196+0000] {processor.py:175} INFO - Processing /home/airflow/.local/lib/python3.7/site-packages/airflow/example_dags/example_xcomargs.py took 0.133 seconds
[2023-04-28T11:30:35.130+0000] {processor.py:153} INFO - Started process (PID=2919) to work on /home/airflow/.local/lib/python3.7/site-packages/airflow/example_dags/example_xcomargs.py
[2023-04-28T11:30:35.133+0000] {processor.py:743} INFO - Processing file /home/airflow/.local/lib/python3.7/site-packages/airflow/example_dags/example_xcomargs.py for tasks to queue
[2023-04-28T11:30:35.136+0000] {logging_mixin.py:137} INFO - [2023-04-28T11:30:35.135+0000] {dagbag.py:532} INFO - Filling up the DagBag from /home/airflow/.local/lib/python3.7/site-packages/airflow/example_dags/example_xcomargs.py
[2023-04-28T11:30:35.177+0000] {processor.py:753} INFO - DAG(s) dict_keys(['example_xcom_args', 'example_xcom_args_with_operators']) retrieved from /home/airflow/.local/lib/python3.7/site-packages/airflow/example_dags/example_xcomargs.py
[2023-04-28T11:30:35.217+0000] {logging_mixin.py:137} INFO - [2023-04-28T11:30:35.217+0000] {dag.py:2705} INFO - Sync 2 DAGs
[2023-04-28T11:30:35.249+0000] {logging_mixin.py:137} INFO - [2023-04-28T11:30:35.249+0000] {dag.py:3456} INFO - Setting next_dagrun for example_xcom_args to None, run_after=None
[2023-04-28T11:30:35.254+0000] {logging_mixin.py:137} INFO - [2023-04-28T11:30:35.254+0000] {dag.py:3456} INFO - Setting next_dagrun for example_xcom_args_with_operators to None, run_after=None
[2023-04-28T11:30:35.277+0000] {processor.py:175} INFO - Processing /home/airflow/.local/lib/python3.7/site-packages/airflow/example_dags/example_xcomargs.py took 0.157 seconds
[2023-04-28T11:31:05.724+0000] {processor.py:153} INFO - Started process (PID=3139) to work on /home/airflow/.local/lib/python3.7/site-packages/airflow/example_dags/example_xcomargs.py
[2023-04-28T11:31:05.726+0000] {processor.py:743} INFO - Processing file /home/airflow/.local/lib/python3.7/site-packages/airflow/example_dags/example_xcomargs.py for tasks to queue
[2023-04-28T11:31:05.728+0000] {logging_mixin.py:137} INFO - [2023-04-28T11:31:05.728+0000] {dagbag.py:532} INFO - Filling up the DagBag from /home/airflow/.local/lib/python3.7/site-packages/airflow/example_dags/example_xcomargs.py
[2023-04-28T11:31:05.764+0000] {processor.py:753} INFO - DAG(s) dict_keys(['example_xcom_args', 'example_xcom_args_with_operators']) retrieved from /home/airflow/.local/lib/python3.7/site-packages/airflow/example_dags/example_xcomargs.py
[2023-04-28T11:31:05.805+0000] {logging_mixin.py:137} INFO - [2023-04-28T11:31:05.805+0000] {dag.py:2705} INFO - Sync 2 DAGs
[2023-04-28T11:31:05.838+0000] {logging_mixin.py:137} INFO - [2023-04-28T11:31:05.838+0000] {dag.py:3456} INFO - Setting next_dagrun for example_xcom_args to None, run_after=None
[2023-04-28T11:31:05.843+0000] {logging_mixin.py:137} INFO - [2023-04-28T11:31:05.843+0000] {dag.py:3456} INFO - Setting next_dagrun for example_xcom_args_with_operators to None, run_after=None
[2023-04-28T11:31:05.866+0000] {processor.py:175} INFO - Processing /home/airflow/.local/lib/python3.7/site-packages/airflow/example_dags/example_xcomargs.py took 0.147 seconds
[2023-04-28T11:31:36.087+0000] {processor.py:153} INFO - Started process (PID=3354) to work on /home/airflow/.local/lib/python3.7/site-packages/airflow/example_dags/example_xcomargs.py
[2023-04-28T11:31:36.089+0000] {processor.py:743} INFO - Processing file /home/airflow/.local/lib/python3.7/site-packages/airflow/example_dags/example_xcomargs.py for tasks to queue
[2023-04-28T11:31:36.091+0000] {logging_mixin.py:137} INFO - [2023-04-28T11:31:36.090+0000] {dagbag.py:532} INFO - Filling up the DagBag from /home/airflow/.local/lib/python3.7/site-packages/airflow/example_dags/example_xcomargs.py
[2023-04-28T11:31:36.121+0000] {processor.py:753} INFO - DAG(s) dict_keys(['example_xcom_args', 'example_xcom_args_with_operators']) retrieved from /home/airflow/.local/lib/python3.7/site-packages/airflow/example_dags/example_xcomargs.py
[2023-04-28T11:31:36.157+0000] {logging_mixin.py:137} INFO - [2023-04-28T11:31:36.157+0000] {dag.py:2705} INFO - Sync 2 DAGs
[2023-04-28T11:31:36.188+0000] {logging_mixin.py:137} INFO - [2023-04-28T11:31:36.188+0000] {dag.py:3456} INFO - Setting next_dagrun for example_xcom_args to None, run_after=None
[2023-04-28T11:31:36.193+0000] {logging_mixin.py:137} INFO - [2023-04-28T11:31:36.192+0000] {dag.py:3456} INFO - Setting next_dagrun for example_xcom_args_with_operators to None, run_after=None
[2023-04-28T11:31:36.215+0000] {processor.py:175} INFO - Processing /home/airflow/.local/lib/python3.7/site-packages/airflow/example_dags/example_xcomargs.py took 0.133 seconds
[2023-04-28T11:32:06.423+0000] {processor.py:153} INFO - Started process (PID=3572) to work on /home/airflow/.local/lib/python3.7/site-packages/airflow/example_dags/example_xcomargs.py
[2023-04-28T11:32:06.426+0000] {processor.py:743} INFO - Processing file /home/airflow/.local/lib/python3.7/site-packages/airflow/example_dags/example_xcomargs.py for tasks to queue
[2023-04-28T11:32:06.427+0000] {logging_mixin.py:137} INFO - [2023-04-28T11:32:06.427+0000] {dagbag.py:532} INFO - Filling up the DagBag from /home/airflow/.local/lib/python3.7/site-packages/airflow/example_dags/example_xcomargs.py
[2023-04-28T11:32:06.456+0000] {processor.py:753} INFO - DAG(s) dict_keys(['example_xcom_args', 'example_xcom_args_with_operators']) retrieved from /home/airflow/.local/lib/python3.7/site-packages/airflow/example_dags/example_xcomargs.py
[2023-04-28T11:32:06.490+0000] {logging_mixin.py:137} INFO - [2023-04-28T11:32:06.490+0000] {dag.py:2705} INFO - Sync 2 DAGs
[2023-04-28T11:32:06.520+0000] {logging_mixin.py:137} INFO - [2023-04-28T11:32:06.520+0000] {dag.py:3456} INFO - Setting next_dagrun for example_xcom_args to None, run_after=None
[2023-04-28T11:32:06.524+0000] {logging_mixin.py:137} INFO - [2023-04-28T11:32:06.524+0000] {dag.py:3456} INFO - Setting next_dagrun for example_xcom_args_with_operators to None, run_after=None
[2023-04-28T11:32:06.544+0000] {processor.py:175} INFO - Processing /home/airflow/.local/lib/python3.7/site-packages/airflow/example_dags/example_xcomargs.py took 0.125 seconds
[2023-04-28T11:32:36.701+0000] {processor.py:153} INFO - Started process (PID=3790) to work on /home/airflow/.local/lib/python3.7/site-packages/airflow/example_dags/example_xcomargs.py
[2023-04-28T11:32:36.703+0000] {processor.py:743} INFO - Processing file /home/airflow/.local/lib/python3.7/site-packages/airflow/example_dags/example_xcomargs.py for tasks to queue
[2023-04-28T11:32:36.705+0000] {logging_mixin.py:137} INFO - [2023-04-28T11:32:36.704+0000] {dagbag.py:532} INFO - Filling up the DagBag from /home/airflow/.local/lib/python3.7/site-packages/airflow/example_dags/example_xcomargs.py
[2023-04-28T11:32:36.734+0000] {processor.py:753} INFO - DAG(s) dict_keys(['example_xcom_args', 'example_xcom_args_with_operators']) retrieved from /home/airflow/.local/lib/python3.7/site-packages/airflow/example_dags/example_xcomargs.py
[2023-04-28T11:32:36.768+0000] {logging_mixin.py:137} INFO - [2023-04-28T11:32:36.768+0000] {dag.py:2705} INFO - Sync 2 DAGs
[2023-04-28T11:32:36.797+0000] {logging_mixin.py:137} INFO - [2023-04-28T11:32:36.797+0000] {dag.py:3456} INFO - Setting next_dagrun for example_xcom_args to None, run_after=None
[2023-04-28T11:32:36.802+0000] {logging_mixin.py:137} INFO - [2023-04-28T11:32:36.801+0000] {dag.py:3456} INFO - Setting next_dagrun for example_xcom_args_with_operators to None, run_after=None
[2023-04-28T11:32:36.820+0000] {processor.py:175} INFO - Processing /home/airflow/.local/lib/python3.7/site-packages/airflow/example_dags/example_xcomargs.py took 0.124 seconds
[2023-04-28T11:33:07.061+0000] {processor.py:153} INFO - Started process (PID=4008) to work on /home/airflow/.local/lib/python3.7/site-packages/airflow/example_dags/example_xcomargs.py
[2023-04-28T11:33:07.063+0000] {processor.py:743} INFO - Processing file /home/airflow/.local/lib/python3.7/site-packages/airflow/example_dags/example_xcomargs.py for tasks to queue
[2023-04-28T11:33:07.064+0000] {logging_mixin.py:137} INFO - [2023-04-28T11:33:07.064+0000] {dagbag.py:532} INFO - Filling up the DagBag from /home/airflow/.local/lib/python3.7/site-packages/airflow/example_dags/example_xcomargs.py
[2023-04-28T11:33:07.093+0000] {processor.py:753} INFO - DAG(s) dict_keys(['example_xcom_args', 'example_xcom_args_with_operators']) retrieved from /home/airflow/.local/lib/python3.7/site-packages/airflow/example_dags/example_xcomargs.py
[2023-04-28T11:33:07.128+0000] {logging_mixin.py:137} INFO - [2023-04-28T11:33:07.128+0000] {dag.py:2705} INFO - Sync 2 DAGs
[2023-04-28T11:33:07.156+0000] {logging_mixin.py:137} INFO - [2023-04-28T11:33:07.156+0000] {dag.py:3456} INFO - Setting next_dagrun for example_xcom_args to None, run_after=None
[2023-04-28T11:33:07.161+0000] {logging_mixin.py:137} INFO - [2023-04-28T11:33:07.161+0000] {dag.py:3456} INFO - Setting next_dagrun for example_xcom_args_with_operators to None, run_after=None
[2023-04-28T11:33:07.180+0000] {processor.py:175} INFO - Processing /home/airflow/.local/lib/python3.7/site-packages/airflow/example_dags/example_xcomargs.py took 0.125 seconds
[2023-04-28T11:33:37.414+0000] {processor.py:153} INFO - Started process (PID=4226) to work on /home/airflow/.local/lib/python3.7/site-packages/airflow/example_dags/example_xcomargs.py
[2023-04-28T11:33:37.416+0000] {processor.py:743} INFO - Processing file /home/airflow/.local/lib/python3.7/site-packages/airflow/example_dags/example_xcomargs.py for tasks to queue
[2023-04-28T11:33:37.418+0000] {logging_mixin.py:137} INFO - [2023-04-28T11:33:37.417+0000] {dagbag.py:532} INFO - Filling up the DagBag from /home/airflow/.local/lib/python3.7/site-packages/airflow/example_dags/example_xcomargs.py
[2023-04-28T11:33:37.446+0000] {processor.py:753} INFO - DAG(s) dict_keys(['example_xcom_args', 'example_xcom_args_with_operators']) retrieved from /home/airflow/.local/lib/python3.7/site-packages/airflow/example_dags/example_xcomargs.py
[2023-04-28T11:33:37.481+0000] {logging_mixin.py:137} INFO - [2023-04-28T11:33:37.481+0000] {dag.py:2705} INFO - Sync 2 DAGs
[2023-04-28T11:33:37.509+0000] {logging_mixin.py:137} INFO - [2023-04-28T11:33:37.509+0000] {dag.py:3456} INFO - Setting next_dagrun for example_xcom_args to None, run_after=None
[2023-04-28T11:33:37.514+0000] {logging_mixin.py:137} INFO - [2023-04-28T11:33:37.514+0000] {dag.py:3456} INFO - Setting next_dagrun for example_xcom_args_with_operators to None, run_after=None
[2023-04-28T11:33:37.535+0000] {processor.py:175} INFO - Processing /home/airflow/.local/lib/python3.7/site-packages/airflow/example_dags/example_xcomargs.py took 0.126 seconds
[2023-04-28T11:34:07.674+0000] {processor.py:153} INFO - Started process (PID=4444) to work on /home/airflow/.local/lib/python3.7/site-packages/airflow/example_dags/example_xcomargs.py
[2023-04-28T11:34:07.676+0000] {processor.py:743} INFO - Processing file /home/airflow/.local/lib/python3.7/site-packages/airflow/example_dags/example_xcomargs.py for tasks to queue
[2023-04-28T11:34:07.677+0000] {logging_mixin.py:137} INFO - [2023-04-28T11:34:07.677+0000] {dagbag.py:532} INFO - Filling up the DagBag from /home/airflow/.local/lib/python3.7/site-packages/airflow/example_dags/example_xcomargs.py
[2023-04-28T11:34:07.704+0000] {processor.py:753} INFO - DAG(s) dict_keys(['example_xcom_args', 'example_xcom_args_with_operators']) retrieved from /home/airflow/.local/lib/python3.7/site-packages/airflow/example_dags/example_xcomargs.py
[2023-04-28T11:34:07.738+0000] {logging_mixin.py:137} INFO - [2023-04-28T11:34:07.738+0000] {dag.py:2705} INFO - Sync 2 DAGs
[2023-04-28T11:34:07.767+0000] {logging_mixin.py:137} INFO - [2023-04-28T11:34:07.767+0000] {dag.py:3456} INFO - Setting next_dagrun for example_xcom_args to None, run_after=None
[2023-04-28T11:34:07.772+0000] {logging_mixin.py:137} INFO - [2023-04-28T11:34:07.772+0000] {dag.py:3456} INFO - Setting next_dagrun for example_xcom_args_with_operators to None, run_after=None
[2023-04-28T11:34:07.791+0000] {processor.py:175} INFO - Processing /home/airflow/.local/lib/python3.7/site-packages/airflow/example_dags/example_xcomargs.py took 0.122 seconds
[2023-04-28T11:34:38.346+0000] {processor.py:153} INFO - Started process (PID=4662) to work on /home/airflow/.local/lib/python3.7/site-packages/airflow/example_dags/example_xcomargs.py
[2023-04-28T11:34:38.348+0000] {processor.py:743} INFO - Processing file /home/airflow/.local/lib/python3.7/site-packages/airflow/example_dags/example_xcomargs.py for tasks to queue
[2023-04-28T11:34:38.350+0000] {logging_mixin.py:137} INFO - [2023-04-28T11:34:38.350+0000] {dagbag.py:532} INFO - Filling up the DagBag from /home/airflow/.local/lib/python3.7/site-packages/airflow/example_dags/example_xcomargs.py
[2023-04-28T11:34:38.376+0000] {processor.py:753} INFO - DAG(s) dict_keys(['example_xcom_args_with_operators', 'example_xcom_args']) retrieved from /home/airflow/.local/lib/python3.7/site-packages/airflow/example_dags/example_xcomargs.py
[2023-04-28T11:34:38.409+0000] {logging_mixin.py:137} INFO - [2023-04-28T11:34:38.409+0000] {dag.py:2705} INFO - Sync 2 DAGs
[2023-04-28T11:34:38.436+0000] {logging_mixin.py:137} INFO - [2023-04-28T11:34:38.436+0000] {dag.py:3456} INFO - Setting next_dagrun for example_xcom_args to None, run_after=None
[2023-04-28T11:34:38.441+0000] {logging_mixin.py:137} INFO - [2023-04-28T11:34:38.441+0000] {dag.py:3456} INFO - Setting next_dagrun for example_xcom_args_with_operators to None, run_after=None
[2023-04-28T11:34:38.458+0000] {processor.py:175} INFO - Processing /home/airflow/.local/lib/python3.7/site-packages/airflow/example_dags/example_xcomargs.py took 0.118 seconds
[2023-04-28T11:35:09.226+0000] {processor.py:153} INFO - Started process (PID=4880) to work on /home/airflow/.local/lib/python3.7/site-packages/airflow/example_dags/example_xcomargs.py
[2023-04-28T11:35:09.228+0000] {processor.py:743} INFO - Processing file /home/airflow/.local/lib/python3.7/site-packages/airflow/example_dags/example_xcomargs.py for tasks to queue
[2023-04-28T11:35:09.230+0000] {logging_mixin.py:137} INFO - [2023-04-28T11:35:09.229+0000] {dagbag.py:532} INFO - Filling up the DagBag from /home/airflow/.local/lib/python3.7/site-packages/airflow/example_dags/example_xcomargs.py
[2023-04-28T11:35:09.257+0000] {processor.py:753} INFO - DAG(s) dict_keys(['example_xcom_args_with_operators', 'example_xcom_args']) retrieved from /home/airflow/.local/lib/python3.7/site-packages/airflow/example_dags/example_xcomargs.py
[2023-04-28T11:35:09.294+0000] {logging_mixin.py:137} INFO - [2023-04-28T11:35:09.294+0000] {dag.py:2705} INFO - Sync 2 DAGs
[2023-04-28T11:35:09.324+0000] {logging_mixin.py:137} INFO - [2023-04-28T11:35:09.323+0000] {dag.py:3456} INFO - Setting next_dagrun for example_xcom_args to None, run_after=None
[2023-04-28T11:35:09.329+0000] {logging_mixin.py:137} INFO - [2023-04-28T11:35:09.329+0000] {dag.py:3456} INFO - Setting next_dagrun for example_xcom_args_with_operators to None, run_after=None
[2023-04-28T11:35:09.350+0000] {processor.py:175} INFO - Processing /home/airflow/.local/lib/python3.7/site-packages/airflow/example_dags/example_xcomargs.py took 0.129 seconds
[2023-04-28T11:35:40.564+0000] {processor.py:153} INFO - Started process (PID=5098) to work on /home/airflow/.local/lib/python3.7/site-packages/airflow/example_dags/example_xcomargs.py
[2023-04-28T11:35:40.567+0000] {processor.py:743} INFO - Processing file /home/airflow/.local/lib/python3.7/site-packages/airflow/example_dags/example_xcomargs.py for tasks to queue
[2023-04-28T11:35:40.569+0000] {logging_mixin.py:137} INFO - [2023-04-28T11:35:40.569+0000] {dagbag.py:532} INFO - Filling up the DagBag from /home/airflow/.local/lib/python3.7/site-packages/airflow/example_dags/example_xcomargs.py
[2023-04-28T11:35:40.600+0000] {processor.py:753} INFO - DAG(s) dict_keys(['example_xcom_args', 'example_xcom_args_with_operators']) retrieved from /home/airflow/.local/lib/python3.7/site-packages/airflow/example_dags/example_xcomargs.py
[2023-04-28T11:35:40.639+0000] {logging_mixin.py:137} INFO - [2023-04-28T11:35:40.639+0000] {dag.py:2705} INFO - Sync 2 DAGs
[2023-04-28T11:35:40.674+0000] {logging_mixin.py:137} INFO - [2023-04-28T11:35:40.674+0000] {dag.py:3456} INFO - Setting next_dagrun for example_xcom_args to None, run_after=None
[2023-04-28T11:35:40.680+0000] {logging_mixin.py:137} INFO - [2023-04-28T11:35:40.680+0000] {dag.py:3456} INFO - Setting next_dagrun for example_xcom_args_with_operators to None, run_after=None
[2023-04-28T11:35:40.706+0000] {processor.py:175} INFO - Processing /home/airflow/.local/lib/python3.7/site-packages/airflow/example_dags/example_xcomargs.py took 0.147 seconds
[2023-04-28T11:36:11.034+0000] {processor.py:153} INFO - Started process (PID=5316) to work on /home/airflow/.local/lib/python3.7/site-packages/airflow/example_dags/example_xcomargs.py
[2023-04-28T11:36:11.036+0000] {processor.py:743} INFO - Processing file /home/airflow/.local/lib/python3.7/site-packages/airflow/example_dags/example_xcomargs.py for tasks to queue
[2023-04-28T11:36:11.038+0000] {logging_mixin.py:137} INFO - [2023-04-28T11:36:11.038+0000] {dagbag.py:532} INFO - Filling up the DagBag from /home/airflow/.local/lib/python3.7/site-packages/airflow/example_dags/example_xcomargs.py
[2023-04-28T11:36:11.069+0000] {processor.py:753} INFO - DAG(s) dict_keys(['example_xcom_args_with_operators', 'example_xcom_args']) retrieved from /home/airflow/.local/lib/python3.7/site-packages/airflow/example_dags/example_xcomargs.py
[2023-04-28T11:36:11.107+0000] {logging_mixin.py:137} INFO - [2023-04-28T11:36:11.107+0000] {dag.py:2705} INFO - Sync 2 DAGs
[2023-04-28T11:36:11.140+0000] {logging_mixin.py:137} INFO - [2023-04-28T11:36:11.140+0000] {dag.py:3456} INFO - Setting next_dagrun for example_xcom_args to None, run_after=None
[2023-04-28T11:36:11.146+0000] {logging_mixin.py:137} INFO - [2023-04-28T11:36:11.146+0000] {dag.py:3456} INFO - Setting next_dagrun for example_xcom_args_with_operators to None, run_after=None
[2023-04-28T11:36:11.168+0000] {processor.py:175} INFO - Processing /home/airflow/.local/lib/python3.7/site-packages/airflow/example_dags/example_xcomargs.py took 0.139 seconds
[2023-04-28T11:36:42.051+0000] {processor.py:153} INFO - Started process (PID=5534) to work on /home/airflow/.local/lib/python3.7/site-packages/airflow/example_dags/example_xcomargs.py
[2023-04-28T11:36:42.053+0000] {processor.py:743} INFO - Processing file /home/airflow/.local/lib/python3.7/site-packages/airflow/example_dags/example_xcomargs.py for tasks to queue
[2023-04-28T11:36:42.055+0000] {logging_mixin.py:137} INFO - [2023-04-28T11:36:42.055+0000] {dagbag.py:532} INFO - Filling up the DagBag from /home/airflow/.local/lib/python3.7/site-packages/airflow/example_dags/example_xcomargs.py
[2023-04-28T11:36:42.095+0000] {processor.py:753} INFO - DAG(s) dict_keys(['example_xcom_args', 'example_xcom_args_with_operators']) retrieved from /home/airflow/.local/lib/python3.7/site-packages/airflow/example_dags/example_xcomargs.py
[2023-04-28T11:36:42.135+0000] {logging_mixin.py:137} INFO - [2023-04-28T11:36:42.135+0000] {dag.py:2705} INFO - Sync 2 DAGs
[2023-04-28T11:36:42.170+0000] {logging_mixin.py:137} INFO - [2023-04-28T11:36:42.170+0000] {dag.py:3456} INFO - Setting next_dagrun for example_xcom_args to None, run_after=None
[2023-04-28T11:36:42.176+0000] {logging_mixin.py:137} INFO - [2023-04-28T11:36:42.176+0000] {dag.py:3456} INFO - Setting next_dagrun for example_xcom_args_with_operators to None, run_after=None
[2023-04-28T11:36:42.198+0000] {processor.py:175} INFO - Processing /home/airflow/.local/lib/python3.7/site-packages/airflow/example_dags/example_xcomargs.py took 0.152 seconds
[2023-04-28T11:37:13.151+0000] {processor.py:153} INFO - Started process (PID=5752) to work on /home/airflow/.local/lib/python3.7/site-packages/airflow/example_dags/example_xcomargs.py
[2023-04-28T11:37:13.193+0000] {processor.py:743} INFO - Processing file /home/airflow/.local/lib/python3.7/site-packages/airflow/example_dags/example_xcomargs.py for tasks to queue
[2023-04-28T11:37:13.226+0000] {logging_mixin.py:137} INFO - [2023-04-28T11:37:13.225+0000] {dagbag.py:532} INFO - Filling up the DagBag from /home/airflow/.local/lib/python3.7/site-packages/airflow/example_dags/example_xcomargs.py
[2023-04-28T11:37:13.308+0000] {processor.py:753} INFO - DAG(s) dict_keys(['example_xcom_args', 'example_xcom_args_with_operators']) retrieved from /home/airflow/.local/lib/python3.7/site-packages/airflow/example_dags/example_xcomargs.py
[2023-04-28T11:37:13.450+0000] {logging_mixin.py:137} INFO - [2023-04-28T11:37:13.450+0000] {dag.py:2705} INFO - Sync 2 DAGs
[2023-04-28T11:37:13.573+0000] {logging_mixin.py:137} INFO - [2023-04-28T11:37:13.572+0000] {dag.py:3456} INFO - Setting next_dagrun for example_xcom_args to None, run_after=None
[2023-04-28T11:37:13.604+0000] {logging_mixin.py:137} INFO - [2023-04-28T11:37:13.604+0000] {dag.py:3456} INFO - Setting next_dagrun for example_xcom_args_with_operators to None, run_after=None
[2023-04-28T11:37:13.744+0000] {processor.py:175} INFO - Processing /home/airflow/.local/lib/python3.7/site-packages/airflow/example_dags/example_xcomargs.py took 0.623 seconds
[2023-04-28T11:37:44.502+0000] {processor.py:153} INFO - Started process (PID=5970) to work on /home/airflow/.local/lib/python3.7/site-packages/airflow/example_dags/example_xcomargs.py
[2023-04-28T11:37:44.504+0000] {processor.py:743} INFO - Processing file /home/airflow/.local/lib/python3.7/site-packages/airflow/example_dags/example_xcomargs.py for tasks to queue
[2023-04-28T11:37:44.505+0000] {logging_mixin.py:137} INFO - [2023-04-28T11:37:44.505+0000] {dagbag.py:532} INFO - Filling up the DagBag from /home/airflow/.local/lib/python3.7/site-packages/airflow/example_dags/example_xcomargs.py
[2023-04-28T11:37:44.539+0000] {processor.py:753} INFO - DAG(s) dict_keys(['example_xcom_args_with_operators', 'example_xcom_args']) retrieved from /home/airflow/.local/lib/python3.7/site-packages/airflow/example_dags/example_xcomargs.py
[2023-04-28T11:37:44.580+0000] {logging_mixin.py:137} INFO - [2023-04-28T11:37:44.580+0000] {dag.py:2705} INFO - Sync 2 DAGs
[2023-04-28T11:37:44.613+0000] {logging_mixin.py:137} INFO - [2023-04-28T11:37:44.613+0000] {dag.py:3456} INFO - Setting next_dagrun for example_xcom_args to None, run_after=None
[2023-04-28T11:37:44.618+0000] {logging_mixin.py:137} INFO - [2023-04-28T11:37:44.618+0000] {dag.py:3456} INFO - Setting next_dagrun for example_xcom_args_with_operators to None, run_after=None
[2023-04-28T11:37:44.639+0000] {processor.py:175} INFO - Processing /home/airflow/.local/lib/python3.7/site-packages/airflow/example_dags/example_xcomargs.py took 0.143 seconds
[2023-04-28T11:38:14.839+0000] {processor.py:153} INFO - Started process (PID=6188) to work on /home/airflow/.local/lib/python3.7/site-packages/airflow/example_dags/example_xcomargs.py
[2023-04-28T11:38:14.842+0000] {processor.py:743} INFO - Processing file /home/airflow/.local/lib/python3.7/site-packages/airflow/example_dags/example_xcomargs.py for tasks to queue
[2023-04-28T11:38:14.844+0000] {logging_mixin.py:137} INFO - [2023-04-28T11:38:14.843+0000] {dagbag.py:532} INFO - Filling up the DagBag from /home/airflow/.local/lib/python3.7/site-packages/airflow/example_dags/example_xcomargs.py
[2023-04-28T11:38:14.876+0000] {processor.py:753} INFO - DAG(s) dict_keys(['example_xcom_args', 'example_xcom_args_with_operators']) retrieved from /home/airflow/.local/lib/python3.7/site-packages/airflow/example_dags/example_xcomargs.py
[2023-04-28T11:38:14.917+0000] {logging_mixin.py:137} INFO - [2023-04-28T11:38:14.917+0000] {dag.py:2705} INFO - Sync 2 DAGs
[2023-04-28T11:38:14.952+0000] {logging_mixin.py:137} INFO - [2023-04-28T11:38:14.952+0000] {dag.py:3456} INFO - Setting next_dagrun for example_xcom_args to None, run_after=None
[2023-04-28T11:38:14.958+0000] {logging_mixin.py:137} INFO - [2023-04-28T11:38:14.958+0000] {dag.py:3456} INFO - Setting next_dagrun for example_xcom_args_with_operators to None, run_after=None
[2023-04-28T11:38:14.983+0000] {processor.py:175} INFO - Processing /home/airflow/.local/lib/python3.7/site-packages/airflow/example_dags/example_xcomargs.py took 0.149 seconds
[2023-04-28T11:38:45.548+0000] {processor.py:153} INFO - Started process (PID=6413) to work on /home/airflow/.local/lib/python3.7/site-packages/airflow/example_dags/example_xcomargs.py
[2023-04-28T11:38:45.551+0000] {processor.py:743} INFO - Processing file /home/airflow/.local/lib/python3.7/site-packages/airflow/example_dags/example_xcomargs.py for tasks to queue
[2023-04-28T11:38:45.553+0000] {logging_mixin.py:137} INFO - [2023-04-28T11:38:45.553+0000] {dagbag.py:532} INFO - Filling up the DagBag from /home/airflow/.local/lib/python3.7/site-packages/airflow/example_dags/example_xcomargs.py
[2023-04-28T11:38:45.590+0000] {processor.py:753} INFO - DAG(s) dict_keys(['example_xcom_args', 'example_xcom_args_with_operators']) retrieved from /home/airflow/.local/lib/python3.7/site-packages/airflow/example_dags/example_xcomargs.py
[2023-04-28T11:38:45.638+0000] {logging_mixin.py:137} INFO - [2023-04-28T11:38:45.637+0000] {dag.py:2705} INFO - Sync 2 DAGs
[2023-04-28T11:38:45.687+0000] {logging_mixin.py:137} INFO - [2023-04-28T11:38:45.687+0000] {dag.py:3456} INFO - Setting next_dagrun for example_xcom_args to None, run_after=None
[2023-04-28T11:38:45.694+0000] {logging_mixin.py:137} INFO - [2023-04-28T11:38:45.694+0000] {dag.py:3456} INFO - Setting next_dagrun for example_xcom_args_with_operators to None, run_after=None
[2023-04-28T11:38:45.729+0000] {processor.py:175} INFO - Processing /home/airflow/.local/lib/python3.7/site-packages/airflow/example_dags/example_xcomargs.py took 0.186 seconds
[2023-04-28T11:39:16.462+0000] {processor.py:153} INFO - Started process (PID=6630) to work on /home/airflow/.local/lib/python3.7/site-packages/airflow/example_dags/example_xcomargs.py
[2023-04-28T11:39:16.465+0000] {processor.py:743} INFO - Processing file /home/airflow/.local/lib/python3.7/site-packages/airflow/example_dags/example_xcomargs.py for tasks to queue
[2023-04-28T11:39:16.467+0000] {logging_mixin.py:137} INFO - [2023-04-28T11:39:16.467+0000] {dagbag.py:532} INFO - Filling up the DagBag from /home/airflow/.local/lib/python3.7/site-packages/airflow/example_dags/example_xcomargs.py
[2023-04-28T11:39:16.506+0000] {processor.py:753} INFO - DAG(s) dict_keys(['example_xcom_args', 'example_xcom_args_with_operators']) retrieved from /home/airflow/.local/lib/python3.7/site-packages/airflow/example_dags/example_xcomargs.py
[2023-04-28T11:39:16.557+0000] {logging_mixin.py:137} INFO - [2023-04-28T11:39:16.557+0000] {dag.py:2705} INFO - Sync 2 DAGs
[2023-04-28T11:39:16.618+0000] {logging_mixin.py:137} INFO - [2023-04-28T11:39:16.618+0000] {dag.py:3456} INFO - Setting next_dagrun for example_xcom_args to None, run_after=None
[2023-04-28T11:39:16.630+0000] {logging_mixin.py:137} INFO - [2023-04-28T11:39:16.630+0000] {dag.py:3456} INFO - Setting next_dagrun for example_xcom_args_with_operators to None, run_after=None
[2023-04-28T11:39:16.668+0000] {processor.py:175} INFO - Processing /home/airflow/.local/lib/python3.7/site-packages/airflow/example_dags/example_xcomargs.py took 0.212 seconds
[2023-04-28T11:39:47.165+0000] {processor.py:153} INFO - Started process (PID=6863) to work on /home/airflow/.local/lib/python3.7/site-packages/airflow/example_dags/example_xcomargs.py
[2023-04-28T11:39:47.168+0000] {processor.py:743} INFO - Processing file /home/airflow/.local/lib/python3.7/site-packages/airflow/example_dags/example_xcomargs.py for tasks to queue
[2023-04-28T11:39:47.171+0000] {logging_mixin.py:137} INFO - [2023-04-28T11:39:47.170+0000] {dagbag.py:532} INFO - Filling up the DagBag from /home/airflow/.local/lib/python3.7/site-packages/airflow/example_dags/example_xcomargs.py
[2023-04-28T11:39:47.212+0000] {processor.py:753} INFO - DAG(s) dict_keys(['example_xcom_args_with_operators', 'example_xcom_args']) retrieved from /home/airflow/.local/lib/python3.7/site-packages/airflow/example_dags/example_xcomargs.py
[2023-04-28T11:39:47.257+0000] {logging_mixin.py:137} INFO - [2023-04-28T11:39:47.257+0000] {dag.py:2705} INFO - Sync 2 DAGs
[2023-04-28T11:39:47.297+0000] {logging_mixin.py:137} INFO - [2023-04-28T11:39:47.296+0000] {dag.py:3456} INFO - Setting next_dagrun for example_xcom_args to None, run_after=None
[2023-04-28T11:39:47.302+0000] {logging_mixin.py:137} INFO - [2023-04-28T11:39:47.302+0000] {dag.py:3456} INFO - Setting next_dagrun for example_xcom_args_with_operators to None, run_after=None
[2023-04-28T11:39:47.326+0000] {processor.py:175} INFO - Processing /home/airflow/.local/lib/python3.7/site-packages/airflow/example_dags/example_xcomargs.py took 0.167 seconds
[2023-04-28T11:40:17.502+0000] {processor.py:153} INFO - Started process (PID=7085) to work on /home/airflow/.local/lib/python3.7/site-packages/airflow/example_dags/example_xcomargs.py
[2023-04-28T11:40:17.504+0000] {processor.py:743} INFO - Processing file /home/airflow/.local/lib/python3.7/site-packages/airflow/example_dags/example_xcomargs.py for tasks to queue
[2023-04-28T11:40:17.505+0000] {logging_mixin.py:137} INFO - [2023-04-28T11:40:17.505+0000] {dagbag.py:532} INFO - Filling up the DagBag from /home/airflow/.local/lib/python3.7/site-packages/airflow/example_dags/example_xcomargs.py
[2023-04-28T11:40:17.540+0000] {processor.py:753} INFO - DAG(s) dict_keys(['example_xcom_args_with_operators', 'example_xcom_args']) retrieved from /home/airflow/.local/lib/python3.7/site-packages/airflow/example_dags/example_xcomargs.py
[2023-04-28T11:40:17.582+0000] {logging_mixin.py:137} INFO - [2023-04-28T11:40:17.582+0000] {dag.py:2705} INFO - Sync 2 DAGs
[2023-04-28T11:40:17.618+0000] {logging_mixin.py:137} INFO - [2023-04-28T11:40:17.618+0000] {dag.py:3456} INFO - Setting next_dagrun for example_xcom_args to None, run_after=None
[2023-04-28T11:40:17.623+0000] {logging_mixin.py:137} INFO - [2023-04-28T11:40:17.623+0000] {dag.py:3456} INFO - Setting next_dagrun for example_xcom_args_with_operators to None, run_after=None
[2023-04-28T11:40:17.647+0000] {processor.py:175} INFO - Processing /home/airflow/.local/lib/python3.7/site-packages/airflow/example_dags/example_xcomargs.py took 0.151 seconds
[2023-04-28T11:40:49.003+0000] {processor.py:153} INFO - Started process (PID=7274) to work on /home/airflow/.local/lib/python3.7/site-packages/airflow/example_dags/example_xcomargs.py
[2023-04-28T11:40:49.008+0000] {processor.py:743} INFO - Processing file /home/airflow/.local/lib/python3.7/site-packages/airflow/example_dags/example_xcomargs.py for tasks to queue
[2023-04-28T11:40:49.012+0000] {logging_mixin.py:137} INFO - [2023-04-28T11:40:49.012+0000] {dagbag.py:532} INFO - Filling up the DagBag from /home/airflow/.local/lib/python3.7/site-packages/airflow/example_dags/example_xcomargs.py
[2023-04-28T11:40:49.079+0000] {processor.py:753} INFO - DAG(s) dict_keys(['example_xcom_args_with_operators', 'example_xcom_args']) retrieved from /home/airflow/.local/lib/python3.7/site-packages/airflow/example_dags/example_xcomargs.py
[2023-04-28T11:40:49.214+0000] {logging_mixin.py:137} INFO - [2023-04-28T11:40:49.213+0000] {dag.py:2705} INFO - Sync 2 DAGs
[2023-04-28T11:40:49.285+0000] {logging_mixin.py:137} INFO - [2023-04-28T11:40:49.284+0000] {dag.py:3456} INFO - Setting next_dagrun for example_xcom_args to None, run_after=None
[2023-04-28T11:40:49.299+0000] {logging_mixin.py:137} INFO - [2023-04-28T11:40:49.298+0000] {dag.py:3456} INFO - Setting next_dagrun for example_xcom_args_with_operators to None, run_after=None
[2023-04-28T11:40:49.344+0000] {processor.py:175} INFO - Processing /home/airflow/.local/lib/python3.7/site-packages/airflow/example_dags/example_xcomargs.py took 0.348 seconds
