[2023-04-28T11:24:23.191+0000] {processor.py:153} INFO - Started process (PID=213) to work on /home/airflow/.local/lib/python3.7/site-packages/airflow/example_dags/example_branch_labels.py
[2023-04-28T11:24:23.193+0000] {processor.py:743} INFO - Processing file /home/airflow/.local/lib/python3.7/site-packages/airflow/example_dags/example_branch_labels.py for tasks to queue
[2023-04-28T11:24:23.195+0000] {logging_mixin.py:137} INFO - [2023-04-28T11:24:23.195+0000] {dagbag.py:532} INFO - Filling up the DagBag from /home/airflow/.local/lib/python3.7/site-packages/airflow/example_dags/example_branch_labels.py
[2023-04-28T11:24:23.214+0000] {processor.py:753} INFO - DAG(s) dict_keys(['example_branch_labels']) retrieved from /home/airflow/.local/lib/python3.7/site-packages/airflow/example_dags/example_branch_labels.py
[2023-04-28T11:24:23.231+0000] {logging_mixin.py:137} INFO - [2023-04-28T11:24:23.231+0000] {dag.py:2705} INFO - Sync 1 DAGs
[2023-04-28T11:24:23.270+0000] {logging_mixin.py:137} INFO - [2023-04-28T11:24:23.270+0000] {dag.py:3456} INFO - Setting next_dagrun for example_branch_labels to 2023-04-27T00:00:00+00:00, run_after=2023-04-28T00:00:00+00:00
[2023-04-28T11:24:23.300+0000] {processor.py:175} INFO - Processing /home/airflow/.local/lib/python3.7/site-packages/airflow/example_dags/example_branch_labels.py took 0.114 seconds
[2023-04-28T11:24:53.657+0000] {processor.py:153} INFO - Started process (PID=433) to work on /home/airflow/.local/lib/python3.7/site-packages/airflow/example_dags/example_branch_labels.py
[2023-04-28T11:24:53.659+0000] {processor.py:743} INFO - Processing file /home/airflow/.local/lib/python3.7/site-packages/airflow/example_dags/example_branch_labels.py for tasks to queue
[2023-04-28T11:24:53.661+0000] {logging_mixin.py:137} INFO - [2023-04-28T11:24:53.661+0000] {dagbag.py:532} INFO - Filling up the DagBag from /home/airflow/.local/lib/python3.7/site-packages/airflow/example_dags/example_branch_labels.py
[2023-04-28T11:24:53.677+0000] {processor.py:753} INFO - DAG(s) dict_keys(['example_branch_labels']) retrieved from /home/airflow/.local/lib/python3.7/site-packages/airflow/example_dags/example_branch_labels.py
[2023-04-28T11:24:53.708+0000] {logging_mixin.py:137} INFO - [2023-04-28T11:24:53.707+0000] {dag.py:2705} INFO - Sync 1 DAGs
[2023-04-28T11:24:53.737+0000] {logging_mixin.py:137} INFO - [2023-04-28T11:24:53.737+0000] {dag.py:3456} INFO - Setting next_dagrun for example_branch_labels to 2023-04-27T00:00:00+00:00, run_after=2023-04-28T00:00:00+00:00
[2023-04-28T11:24:53.756+0000] {processor.py:175} INFO - Processing /home/airflow/.local/lib/python3.7/site-packages/airflow/example_dags/example_branch_labels.py took 0.103 seconds
[2023-04-28T11:25:24.260+0000] {processor.py:153} INFO - Started process (PID=649) to work on /home/airflow/.local/lib/python3.7/site-packages/airflow/example_dags/example_branch_labels.py
[2023-04-28T11:25:24.263+0000] {processor.py:743} INFO - Processing file /home/airflow/.local/lib/python3.7/site-packages/airflow/example_dags/example_branch_labels.py for tasks to queue
[2023-04-28T11:25:24.264+0000] {logging_mixin.py:137} INFO - [2023-04-28T11:25:24.264+0000] {dagbag.py:532} INFO - Filling up the DagBag from /home/airflow/.local/lib/python3.7/site-packages/airflow/example_dags/example_branch_labels.py
[2023-04-28T11:25:24.285+0000] {processor.py:753} INFO - DAG(s) dict_keys(['example_branch_labels']) retrieved from /home/airflow/.local/lib/python3.7/site-packages/airflow/example_dags/example_branch_labels.py
[2023-04-28T11:25:24.318+0000] {logging_mixin.py:137} INFO - [2023-04-28T11:25:24.318+0000] {dag.py:2705} INFO - Sync 1 DAGs
[2023-04-28T11:25:24.350+0000] {logging_mixin.py:137} INFO - [2023-04-28T11:25:24.349+0000] {dag.py:3456} INFO - Setting next_dagrun for example_branch_labels to 2023-04-27T00:00:00+00:00, run_after=2023-04-28T00:00:00+00:00
[2023-04-28T11:25:24.370+0000] {processor.py:175} INFO - Processing /home/airflow/.local/lib/python3.7/site-packages/airflow/example_dags/example_branch_labels.py took 0.115 seconds
[2023-04-28T11:25:55.298+0000] {processor.py:153} INFO - Started process (PID=867) to work on /home/airflow/.local/lib/python3.7/site-packages/airflow/example_dags/example_branch_labels.py
[2023-04-28T11:25:55.304+0000] {processor.py:743} INFO - Processing file /home/airflow/.local/lib/python3.7/site-packages/airflow/example_dags/example_branch_labels.py for tasks to queue
[2023-04-28T11:25:55.308+0000] {logging_mixin.py:137} INFO - [2023-04-28T11:25:55.308+0000] {dagbag.py:532} INFO - Filling up the DagBag from /home/airflow/.local/lib/python3.7/site-packages/airflow/example_dags/example_branch_labels.py
[2023-04-28T11:25:55.344+0000] {processor.py:753} INFO - DAG(s) dict_keys(['example_branch_labels']) retrieved from /home/airflow/.local/lib/python3.7/site-packages/airflow/example_dags/example_branch_labels.py
[2023-04-28T11:25:55.411+0000] {logging_mixin.py:137} INFO - [2023-04-28T11:25:55.411+0000] {dag.py:2705} INFO - Sync 1 DAGs
[2023-04-28T11:25:55.466+0000] {logging_mixin.py:137} INFO - [2023-04-28T11:25:55.466+0000] {dag.py:3456} INFO - Setting next_dagrun for example_branch_labels to 2023-04-27T00:00:00+00:00, run_after=2023-04-28T00:00:00+00:00
[2023-04-28T11:25:55.513+0000] {processor.py:175} INFO - Processing /home/airflow/.local/lib/python3.7/site-packages/airflow/example_dags/example_branch_labels.py took 0.223 seconds
[2023-04-28T11:26:25.670+0000] {processor.py:153} INFO - Started process (PID=1087) to work on /home/airflow/.local/lib/python3.7/site-packages/airflow/example_dags/example_branch_labels.py
[2023-04-28T11:26:25.673+0000] {processor.py:743} INFO - Processing file /home/airflow/.local/lib/python3.7/site-packages/airflow/example_dags/example_branch_labels.py for tasks to queue
[2023-04-28T11:26:25.675+0000] {logging_mixin.py:137} INFO - [2023-04-28T11:26:25.674+0000] {dagbag.py:532} INFO - Filling up the DagBag from /home/airflow/.local/lib/python3.7/site-packages/airflow/example_dags/example_branch_labels.py
[2023-04-28T11:26:25.694+0000] {processor.py:753} INFO - DAG(s) dict_keys(['example_branch_labels']) retrieved from /home/airflow/.local/lib/python3.7/site-packages/airflow/example_dags/example_branch_labels.py
[2023-04-28T11:26:25.728+0000] {logging_mixin.py:137} INFO - [2023-04-28T11:26:25.728+0000] {dag.py:2705} INFO - Sync 1 DAGs
[2023-04-28T11:26:25.760+0000] {logging_mixin.py:137} INFO - [2023-04-28T11:26:25.759+0000] {dag.py:3456} INFO - Setting next_dagrun for example_branch_labels to 2023-04-27T00:00:00+00:00, run_after=2023-04-28T00:00:00+00:00
[2023-04-28T11:26:25.780+0000] {processor.py:175} INFO - Processing /home/airflow/.local/lib/python3.7/site-packages/airflow/example_dags/example_branch_labels.py took 0.116 seconds
[2023-04-28T11:26:56.087+0000] {processor.py:153} INFO - Started process (PID=1303) to work on /home/airflow/.local/lib/python3.7/site-packages/airflow/example_dags/example_branch_labels.py
[2023-04-28T11:26:56.091+0000] {processor.py:743} INFO - Processing file /home/airflow/.local/lib/python3.7/site-packages/airflow/example_dags/example_branch_labels.py for tasks to queue
[2023-04-28T11:26:56.094+0000] {logging_mixin.py:137} INFO - [2023-04-28T11:26:56.093+0000] {dagbag.py:532} INFO - Filling up the DagBag from /home/airflow/.local/lib/python3.7/site-packages/airflow/example_dags/example_branch_labels.py
[2023-04-28T11:26:56.142+0000] {processor.py:753} INFO - DAG(s) dict_keys(['example_branch_labels']) retrieved from /home/airflow/.local/lib/python3.7/site-packages/airflow/example_dags/example_branch_labels.py
[2023-04-28T11:26:56.225+0000] {logging_mixin.py:137} INFO - [2023-04-28T11:26:56.225+0000] {dag.py:2705} INFO - Sync 1 DAGs
[2023-04-28T11:26:56.281+0000] {logging_mixin.py:137} INFO - [2023-04-28T11:26:56.281+0000] {dag.py:3456} INFO - Setting next_dagrun for example_branch_labels to 2023-04-27T00:00:00+00:00, run_after=2023-04-28T00:00:00+00:00
[2023-04-28T11:26:56.327+0000] {processor.py:175} INFO - Processing /home/airflow/.local/lib/python3.7/site-packages/airflow/example_dags/example_branch_labels.py took 0.246 seconds
[2023-04-28T11:27:27.234+0000] {processor.py:153} INFO - Started process (PID=1523) to work on /home/airflow/.local/lib/python3.7/site-packages/airflow/example_dags/example_branch_labels.py
[2023-04-28T11:27:27.237+0000] {processor.py:743} INFO - Processing file /home/airflow/.local/lib/python3.7/site-packages/airflow/example_dags/example_branch_labels.py for tasks to queue
[2023-04-28T11:27:27.239+0000] {logging_mixin.py:137} INFO - [2023-04-28T11:27:27.239+0000] {dagbag.py:532} INFO - Filling up the DagBag from /home/airflow/.local/lib/python3.7/site-packages/airflow/example_dags/example_branch_labels.py
[2023-04-28T11:27:27.259+0000] {processor.py:753} INFO - DAG(s) dict_keys(['example_branch_labels']) retrieved from /home/airflow/.local/lib/python3.7/site-packages/airflow/example_dags/example_branch_labels.py
[2023-04-28T11:27:27.291+0000] {logging_mixin.py:137} INFO - [2023-04-28T11:27:27.291+0000] {dag.py:2705} INFO - Sync 1 DAGs
[2023-04-28T11:27:27.321+0000] {logging_mixin.py:137} INFO - [2023-04-28T11:27:27.321+0000] {dag.py:3456} INFO - Setting next_dagrun for example_branch_labels to 2023-04-27T00:00:00+00:00, run_after=2023-04-28T00:00:00+00:00
[2023-04-28T11:27:27.341+0000] {processor.py:175} INFO - Processing /home/airflow/.local/lib/python3.7/site-packages/airflow/example_dags/example_branch_labels.py took 0.112 seconds
[2023-04-28T11:27:57.699+0000] {processor.py:153} INFO - Started process (PID=1741) to work on /home/airflow/.local/lib/python3.7/site-packages/airflow/example_dags/example_branch_labels.py
[2023-04-28T11:27:57.702+0000] {processor.py:743} INFO - Processing file /home/airflow/.local/lib/python3.7/site-packages/airflow/example_dags/example_branch_labels.py for tasks to queue
[2023-04-28T11:27:57.705+0000] {logging_mixin.py:137} INFO - [2023-04-28T11:27:57.705+0000] {dagbag.py:532} INFO - Filling up the DagBag from /home/airflow/.local/lib/python3.7/site-packages/airflow/example_dags/example_branch_labels.py
[2023-04-28T11:27:57.738+0000] {processor.py:753} INFO - DAG(s) dict_keys(['example_branch_labels']) retrieved from /home/airflow/.local/lib/python3.7/site-packages/airflow/example_dags/example_branch_labels.py
[2023-04-28T11:27:57.816+0000] {logging_mixin.py:137} INFO - [2023-04-28T11:27:57.816+0000] {dag.py:2705} INFO - Sync 1 DAGs
[2023-04-28T11:27:57.890+0000] {logging_mixin.py:137} INFO - [2023-04-28T11:27:57.890+0000] {dag.py:3456} INFO - Setting next_dagrun for example_branch_labels to 2023-04-27T00:00:00+00:00, run_after=2023-04-28T00:00:00+00:00
[2023-04-28T11:27:57.933+0000] {processor.py:175} INFO - Processing /home/airflow/.local/lib/python3.7/site-packages/airflow/example_dags/example_branch_labels.py took 0.247 seconds
[2023-04-28T11:28:28.272+0000] {processor.py:153} INFO - Started process (PID=1959) to work on /home/airflow/.local/lib/python3.7/site-packages/airflow/example_dags/example_branch_labels.py
[2023-04-28T11:28:28.275+0000] {processor.py:743} INFO - Processing file /home/airflow/.local/lib/python3.7/site-packages/airflow/example_dags/example_branch_labels.py for tasks to queue
[2023-04-28T11:28:28.278+0000] {logging_mixin.py:137} INFO - [2023-04-28T11:28:28.278+0000] {dagbag.py:532} INFO - Filling up the DagBag from /home/airflow/.local/lib/python3.7/site-packages/airflow/example_dags/example_branch_labels.py
[2023-04-28T11:28:28.307+0000] {processor.py:753} INFO - DAG(s) dict_keys(['example_branch_labels']) retrieved from /home/airflow/.local/lib/python3.7/site-packages/airflow/example_dags/example_branch_labels.py
[2023-04-28T11:28:28.354+0000] {logging_mixin.py:137} INFO - [2023-04-28T11:28:28.354+0000] {dag.py:2705} INFO - Sync 1 DAGs
[2023-04-28T11:28:28.395+0000] {logging_mixin.py:137} INFO - [2023-04-28T11:28:28.395+0000] {dag.py:3456} INFO - Setting next_dagrun for example_branch_labels to 2023-04-27T00:00:00+00:00, run_after=2023-04-28T00:00:00+00:00
[2023-04-28T11:28:28.429+0000] {processor.py:175} INFO - Processing /home/airflow/.local/lib/python3.7/site-packages/airflow/example_dags/example_branch_labels.py took 0.165 seconds
[2023-04-28T11:28:58.721+0000] {processor.py:153} INFO - Started process (PID=2177) to work on /home/airflow/.local/lib/python3.7/site-packages/airflow/example_dags/example_branch_labels.py
[2023-04-28T11:28:58.725+0000] {processor.py:743} INFO - Processing file /home/airflow/.local/lib/python3.7/site-packages/airflow/example_dags/example_branch_labels.py for tasks to queue
[2023-04-28T11:28:58.727+0000] {logging_mixin.py:137} INFO - [2023-04-28T11:28:58.726+0000] {dagbag.py:532} INFO - Filling up the DagBag from /home/airflow/.local/lib/python3.7/site-packages/airflow/example_dags/example_branch_labels.py
[2023-04-28T11:28:58.749+0000] {processor.py:753} INFO - DAG(s) dict_keys(['example_branch_labels']) retrieved from /home/airflow/.local/lib/python3.7/site-packages/airflow/example_dags/example_branch_labels.py
[2023-04-28T11:28:58.787+0000] {logging_mixin.py:137} INFO - [2023-04-28T11:28:58.787+0000] {dag.py:2705} INFO - Sync 1 DAGs
[2023-04-28T11:28:58.824+0000] {logging_mixin.py:137} INFO - [2023-04-28T11:28:58.824+0000] {dag.py:3456} INFO - Setting next_dagrun for example_branch_labels to 2023-04-27T00:00:00+00:00, run_after=2023-04-28T00:00:00+00:00
[2023-04-28T11:28:58.852+0000] {processor.py:175} INFO - Processing /home/airflow/.local/lib/python3.7/site-packages/airflow/example_dags/example_branch_labels.py took 0.136 seconds
[2023-04-28T11:29:29.162+0000] {processor.py:153} INFO - Started process (PID=2395) to work on /home/airflow/.local/lib/python3.7/site-packages/airflow/example_dags/example_branch_labels.py
[2023-04-28T11:29:29.165+0000] {processor.py:743} INFO - Processing file /home/airflow/.local/lib/python3.7/site-packages/airflow/example_dags/example_branch_labels.py for tasks to queue
[2023-04-28T11:29:29.167+0000] {logging_mixin.py:137} INFO - [2023-04-28T11:29:29.167+0000] {dagbag.py:532} INFO - Filling up the DagBag from /home/airflow/.local/lib/python3.7/site-packages/airflow/example_dags/example_branch_labels.py
[2023-04-28T11:29:29.191+0000] {processor.py:753} INFO - DAG(s) dict_keys(['example_branch_labels']) retrieved from /home/airflow/.local/lib/python3.7/site-packages/airflow/example_dags/example_branch_labels.py
[2023-04-28T11:29:29.231+0000] {logging_mixin.py:137} INFO - [2023-04-28T11:29:29.231+0000] {dag.py:2705} INFO - Sync 1 DAGs
[2023-04-28T11:29:29.265+0000] {logging_mixin.py:137} INFO - [2023-04-28T11:29:29.265+0000] {dag.py:3456} INFO - Setting next_dagrun for example_branch_labels to 2023-04-27T00:00:00+00:00, run_after=2023-04-28T00:00:00+00:00
[2023-04-28T11:29:29.288+0000] {processor.py:175} INFO - Processing /home/airflow/.local/lib/python3.7/site-packages/airflow/example_dags/example_branch_labels.py took 0.133 seconds
[2023-04-28T11:30:00.110+0000] {processor.py:153} INFO - Started process (PID=2613) to work on /home/airflow/.local/lib/python3.7/site-packages/airflow/example_dags/example_branch_labels.py
[2023-04-28T11:30:00.113+0000] {processor.py:743} INFO - Processing file /home/airflow/.local/lib/python3.7/site-packages/airflow/example_dags/example_branch_labels.py for tasks to queue
[2023-04-28T11:30:00.116+0000] {logging_mixin.py:137} INFO - [2023-04-28T11:30:00.115+0000] {dagbag.py:532} INFO - Filling up the DagBag from /home/airflow/.local/lib/python3.7/site-packages/airflow/example_dags/example_branch_labels.py
[2023-04-28T11:30:00.142+0000] {processor.py:753} INFO - DAG(s) dict_keys(['example_branch_labels']) retrieved from /home/airflow/.local/lib/python3.7/site-packages/airflow/example_dags/example_branch_labels.py
[2023-04-28T11:30:00.181+0000] {logging_mixin.py:137} INFO - [2023-04-28T11:30:00.181+0000] {dag.py:2705} INFO - Sync 1 DAGs
[2023-04-28T11:30:00.223+0000] {logging_mixin.py:137} INFO - [2023-04-28T11:30:00.223+0000] {dag.py:3456} INFO - Setting next_dagrun for example_branch_labels to 2023-04-27T00:00:00+00:00, run_after=2023-04-28T00:00:00+00:00
[2023-04-28T11:30:00.252+0000] {processor.py:175} INFO - Processing /home/airflow/.local/lib/python3.7/site-packages/airflow/example_dags/example_branch_labels.py took 0.148 seconds
[2023-04-28T11:30:30.438+0000] {processor.py:153} INFO - Started process (PID=2831) to work on /home/airflow/.local/lib/python3.7/site-packages/airflow/example_dags/example_branch_labels.py
[2023-04-28T11:30:30.443+0000] {processor.py:743} INFO - Processing file /home/airflow/.local/lib/python3.7/site-packages/airflow/example_dags/example_branch_labels.py for tasks to queue
[2023-04-28T11:30:30.445+0000] {logging_mixin.py:137} INFO - [2023-04-28T11:30:30.445+0000] {dagbag.py:532} INFO - Filling up the DagBag from /home/airflow/.local/lib/python3.7/site-packages/airflow/example_dags/example_branch_labels.py
[2023-04-28T11:30:30.468+0000] {processor.py:753} INFO - DAG(s) dict_keys(['example_branch_labels']) retrieved from /home/airflow/.local/lib/python3.7/site-packages/airflow/example_dags/example_branch_labels.py
[2023-04-28T11:30:30.506+0000] {logging_mixin.py:137} INFO - [2023-04-28T11:30:30.506+0000] {dag.py:2705} INFO - Sync 1 DAGs
[2023-04-28T11:30:30.543+0000] {logging_mixin.py:137} INFO - [2023-04-28T11:30:30.543+0000] {dag.py:3456} INFO - Setting next_dagrun for example_branch_labels to 2023-04-27T00:00:00+00:00, run_after=2023-04-28T00:00:00+00:00
[2023-04-28T11:30:30.566+0000] {processor.py:175} INFO - Processing /home/airflow/.local/lib/python3.7/site-packages/airflow/example_dags/example_branch_labels.py took 0.135 seconds
[2023-04-28T11:31:00.792+0000] {processor.py:153} INFO - Started process (PID=3049) to work on /home/airflow/.local/lib/python3.7/site-packages/airflow/example_dags/example_branch_labels.py
[2023-04-28T11:31:00.795+0000] {processor.py:743} INFO - Processing file /home/airflow/.local/lib/python3.7/site-packages/airflow/example_dags/example_branch_labels.py for tasks to queue
[2023-04-28T11:31:00.799+0000] {logging_mixin.py:137} INFO - [2023-04-28T11:31:00.798+0000] {dagbag.py:532} INFO - Filling up the DagBag from /home/airflow/.local/lib/python3.7/site-packages/airflow/example_dags/example_branch_labels.py
[2023-04-28T11:31:00.821+0000] {processor.py:753} INFO - DAG(s) dict_keys(['example_branch_labels']) retrieved from /home/airflow/.local/lib/python3.7/site-packages/airflow/example_dags/example_branch_labels.py
[2023-04-28T11:31:00.866+0000] {logging_mixin.py:137} INFO - [2023-04-28T11:31:00.866+0000] {dag.py:2705} INFO - Sync 1 DAGs
[2023-04-28T11:31:00.910+0000] {logging_mixin.py:137} INFO - [2023-04-28T11:31:00.909+0000] {dag.py:3456} INFO - Setting next_dagrun for example_branch_labels to 2023-04-27T00:00:00+00:00, run_after=2023-04-28T00:00:00+00:00
[2023-04-28T11:31:00.938+0000] {processor.py:175} INFO - Processing /home/airflow/.local/lib/python3.7/site-packages/airflow/example_dags/example_branch_labels.py took 0.154 seconds
[2023-04-28T11:31:31.484+0000] {processor.py:153} INFO - Started process (PID=3266) to work on /home/airflow/.local/lib/python3.7/site-packages/airflow/example_dags/example_branch_labels.py
[2023-04-28T11:31:31.486+0000] {processor.py:743} INFO - Processing file /home/airflow/.local/lib/python3.7/site-packages/airflow/example_dags/example_branch_labels.py for tasks to queue
[2023-04-28T11:31:31.488+0000] {logging_mixin.py:137} INFO - [2023-04-28T11:31:31.488+0000] {dagbag.py:532} INFO - Filling up the DagBag from /home/airflow/.local/lib/python3.7/site-packages/airflow/example_dags/example_branch_labels.py
[2023-04-28T11:31:31.512+0000] {processor.py:753} INFO - DAG(s) dict_keys(['example_branch_labels']) retrieved from /home/airflow/.local/lib/python3.7/site-packages/airflow/example_dags/example_branch_labels.py
[2023-04-28T11:31:31.548+0000] {logging_mixin.py:137} INFO - [2023-04-28T11:31:31.548+0000] {dag.py:2705} INFO - Sync 1 DAGs
[2023-04-28T11:31:31.582+0000] {logging_mixin.py:137} INFO - [2023-04-28T11:31:31.582+0000] {dag.py:3456} INFO - Setting next_dagrun for example_branch_labels to 2023-04-27T00:00:00+00:00, run_after=2023-04-28T00:00:00+00:00
[2023-04-28T11:31:31.604+0000] {processor.py:175} INFO - Processing /home/airflow/.local/lib/python3.7/site-packages/airflow/example_dags/example_branch_labels.py took 0.128 seconds
[2023-04-28T11:32:01.888+0000] {processor.py:153} INFO - Started process (PID=3484) to work on /home/airflow/.local/lib/python3.7/site-packages/airflow/example_dags/example_branch_labels.py
[2023-04-28T11:32:01.891+0000] {processor.py:743} INFO - Processing file /home/airflow/.local/lib/python3.7/site-packages/airflow/example_dags/example_branch_labels.py for tasks to queue
[2023-04-28T11:32:01.892+0000] {logging_mixin.py:137} INFO - [2023-04-28T11:32:01.892+0000] {dagbag.py:532} INFO - Filling up the DagBag from /home/airflow/.local/lib/python3.7/site-packages/airflow/example_dags/example_branch_labels.py
[2023-04-28T11:32:01.913+0000] {processor.py:753} INFO - DAG(s) dict_keys(['example_branch_labels']) retrieved from /home/airflow/.local/lib/python3.7/site-packages/airflow/example_dags/example_branch_labels.py
[2023-04-28T11:32:01.949+0000] {logging_mixin.py:137} INFO - [2023-04-28T11:32:01.949+0000] {dag.py:2705} INFO - Sync 1 DAGs
[2023-04-28T11:32:01.982+0000] {logging_mixin.py:137} INFO - [2023-04-28T11:32:01.982+0000] {dag.py:3456} INFO - Setting next_dagrun for example_branch_labels to 2023-04-27T00:00:00+00:00, run_after=2023-04-28T00:00:00+00:00
[2023-04-28T11:32:02.004+0000] {processor.py:175} INFO - Processing /home/airflow/.local/lib/python3.7/site-packages/airflow/example_dags/example_branch_labels.py took 0.121 seconds
[2023-04-28T11:32:32.178+0000] {processor.py:153} INFO - Started process (PID=3702) to work on /home/airflow/.local/lib/python3.7/site-packages/airflow/example_dags/example_branch_labels.py
[2023-04-28T11:32:32.180+0000] {processor.py:743} INFO - Processing file /home/airflow/.local/lib/python3.7/site-packages/airflow/example_dags/example_branch_labels.py for tasks to queue
[2023-04-28T11:32:32.182+0000] {logging_mixin.py:137} INFO - [2023-04-28T11:32:32.182+0000] {dagbag.py:532} INFO - Filling up the DagBag from /home/airflow/.local/lib/python3.7/site-packages/airflow/example_dags/example_branch_labels.py
[2023-04-28T11:32:32.205+0000] {processor.py:753} INFO - DAG(s) dict_keys(['example_branch_labels']) retrieved from /home/airflow/.local/lib/python3.7/site-packages/airflow/example_dags/example_branch_labels.py
[2023-04-28T11:32:32.241+0000] {logging_mixin.py:137} INFO - [2023-04-28T11:32:32.241+0000] {dag.py:2705} INFO - Sync 1 DAGs
[2023-04-28T11:32:32.274+0000] {logging_mixin.py:137} INFO - [2023-04-28T11:32:32.274+0000] {dag.py:3456} INFO - Setting next_dagrun for example_branch_labels to 2023-04-27T00:00:00+00:00, run_after=2023-04-28T00:00:00+00:00
[2023-04-28T11:32:32.295+0000] {processor.py:175} INFO - Processing /home/airflow/.local/lib/python3.7/site-packages/airflow/example_dags/example_branch_labels.py took 0.123 seconds
[2023-04-28T11:33:02.567+0000] {processor.py:153} INFO - Started process (PID=3920) to work on /home/airflow/.local/lib/python3.7/site-packages/airflow/example_dags/example_branch_labels.py
[2023-04-28T11:33:02.570+0000] {processor.py:743} INFO - Processing file /home/airflow/.local/lib/python3.7/site-packages/airflow/example_dags/example_branch_labels.py for tasks to queue
[2023-04-28T11:33:02.571+0000] {logging_mixin.py:137} INFO - [2023-04-28T11:33:02.571+0000] {dagbag.py:532} INFO - Filling up the DagBag from /home/airflow/.local/lib/python3.7/site-packages/airflow/example_dags/example_branch_labels.py
[2023-04-28T11:33:02.592+0000] {processor.py:753} INFO - DAG(s) dict_keys(['example_branch_labels']) retrieved from /home/airflow/.local/lib/python3.7/site-packages/airflow/example_dags/example_branch_labels.py
[2023-04-28T11:33:02.626+0000] {logging_mixin.py:137} INFO - [2023-04-28T11:33:02.626+0000] {dag.py:2705} INFO - Sync 1 DAGs
[2023-04-28T11:33:02.657+0000] {logging_mixin.py:137} INFO - [2023-04-28T11:33:02.656+0000] {dag.py:3456} INFO - Setting next_dagrun for example_branch_labels to 2023-04-27T00:00:00+00:00, run_after=2023-04-28T00:00:00+00:00
[2023-04-28T11:33:02.677+0000] {processor.py:175} INFO - Processing /home/airflow/.local/lib/python3.7/site-packages/airflow/example_dags/example_branch_labels.py took 0.115 seconds
[2023-04-28T11:33:32.834+0000] {processor.py:153} INFO - Started process (PID=4138) to work on /home/airflow/.local/lib/python3.7/site-packages/airflow/example_dags/example_branch_labels.py
[2023-04-28T11:33:32.837+0000] {processor.py:743} INFO - Processing file /home/airflow/.local/lib/python3.7/site-packages/airflow/example_dags/example_branch_labels.py for tasks to queue
[2023-04-28T11:33:32.838+0000] {logging_mixin.py:137} INFO - [2023-04-28T11:33:32.838+0000] {dagbag.py:532} INFO - Filling up the DagBag from /home/airflow/.local/lib/python3.7/site-packages/airflow/example_dags/example_branch_labels.py
[2023-04-28T11:33:32.857+0000] {processor.py:753} INFO - DAG(s) dict_keys(['example_branch_labels']) retrieved from /home/airflow/.local/lib/python3.7/site-packages/airflow/example_dags/example_branch_labels.py
[2023-04-28T11:33:32.901+0000] {logging_mixin.py:137} INFO - [2023-04-28T11:33:32.900+0000] {dag.py:2705} INFO - Sync 1 DAGs
[2023-04-28T11:33:32.945+0000] {logging_mixin.py:137} INFO - [2023-04-28T11:33:32.945+0000] {dag.py:3456} INFO - Setting next_dagrun for example_branch_labels to 2023-04-27T00:00:00+00:00, run_after=2023-04-28T00:00:00+00:00
[2023-04-28T11:33:32.976+0000] {processor.py:175} INFO - Processing /home/airflow/.local/lib/python3.7/site-packages/airflow/example_dags/example_branch_labels.py took 0.146 seconds
[2023-04-28T11:34:03.133+0000] {processor.py:153} INFO - Started process (PID=4356) to work on /home/airflow/.local/lib/python3.7/site-packages/airflow/example_dags/example_branch_labels.py
[2023-04-28T11:34:03.135+0000] {processor.py:743} INFO - Processing file /home/airflow/.local/lib/python3.7/site-packages/airflow/example_dags/example_branch_labels.py for tasks to queue
[2023-04-28T11:34:03.137+0000] {logging_mixin.py:137} INFO - [2023-04-28T11:34:03.137+0000] {dagbag.py:532} INFO - Filling up the DagBag from /home/airflow/.local/lib/python3.7/site-packages/airflow/example_dags/example_branch_labels.py
[2023-04-28T11:34:03.158+0000] {processor.py:753} INFO - DAG(s) dict_keys(['example_branch_labels']) retrieved from /home/airflow/.local/lib/python3.7/site-packages/airflow/example_dags/example_branch_labels.py
[2023-04-28T11:34:03.194+0000] {logging_mixin.py:137} INFO - [2023-04-28T11:34:03.194+0000] {dag.py:2705} INFO - Sync 1 DAGs
[2023-04-28T11:34:03.226+0000] {logging_mixin.py:137} INFO - [2023-04-28T11:34:03.226+0000] {dag.py:3456} INFO - Setting next_dagrun for example_branch_labels to 2023-04-27T00:00:00+00:00, run_after=2023-04-28T00:00:00+00:00
[2023-04-28T11:34:03.255+0000] {processor.py:175} INFO - Processing /home/airflow/.local/lib/python3.7/site-packages/airflow/example_dags/example_branch_labels.py took 0.128 seconds
[2023-04-28T11:34:33.845+0000] {processor.py:153} INFO - Started process (PID=4574) to work on /home/airflow/.local/lib/python3.7/site-packages/airflow/example_dags/example_branch_labels.py
[2023-04-28T11:34:33.847+0000] {processor.py:743} INFO - Processing file /home/airflow/.local/lib/python3.7/site-packages/airflow/example_dags/example_branch_labels.py for tasks to queue
[2023-04-28T11:34:33.849+0000] {logging_mixin.py:137} INFO - [2023-04-28T11:34:33.849+0000] {dagbag.py:532} INFO - Filling up the DagBag from /home/airflow/.local/lib/python3.7/site-packages/airflow/example_dags/example_branch_labels.py
[2023-04-28T11:34:33.867+0000] {processor.py:753} INFO - DAG(s) dict_keys(['example_branch_labels']) retrieved from /home/airflow/.local/lib/python3.7/site-packages/airflow/example_dags/example_branch_labels.py
[2023-04-28T11:34:33.897+0000] {logging_mixin.py:137} INFO - [2023-04-28T11:34:33.897+0000] {dag.py:2705} INFO - Sync 1 DAGs
[2023-04-28T11:34:33.927+0000] {logging_mixin.py:137} INFO - [2023-04-28T11:34:33.927+0000] {dag.py:3456} INFO - Setting next_dagrun for example_branch_labels to 2023-04-27T00:00:00+00:00, run_after=2023-04-28T00:00:00+00:00
[2023-04-28T11:34:33.947+0000] {processor.py:175} INFO - Processing /home/airflow/.local/lib/python3.7/site-packages/airflow/example_dags/example_branch_labels.py took 0.106 seconds
[2023-04-28T11:35:04.394+0000] {processor.py:153} INFO - Started process (PID=4792) to work on /home/airflow/.local/lib/python3.7/site-packages/airflow/example_dags/example_branch_labels.py
[2023-04-28T11:35:04.397+0000] {processor.py:743} INFO - Processing file /home/airflow/.local/lib/python3.7/site-packages/airflow/example_dags/example_branch_labels.py for tasks to queue
[2023-04-28T11:35:04.399+0000] {logging_mixin.py:137} INFO - [2023-04-28T11:35:04.399+0000] {dagbag.py:532} INFO - Filling up the DagBag from /home/airflow/.local/lib/python3.7/site-packages/airflow/example_dags/example_branch_labels.py
[2023-04-28T11:35:04.418+0000] {processor.py:753} INFO - DAG(s) dict_keys(['example_branch_labels']) retrieved from /home/airflow/.local/lib/python3.7/site-packages/airflow/example_dags/example_branch_labels.py
[2023-04-28T11:35:04.450+0000] {logging_mixin.py:137} INFO - [2023-04-28T11:35:04.450+0000] {dag.py:2705} INFO - Sync 1 DAGs
[2023-04-28T11:35:04.480+0000] {logging_mixin.py:137} INFO - [2023-04-28T11:35:04.480+0000] {dag.py:3456} INFO - Setting next_dagrun for example_branch_labels to 2023-04-27T00:00:00+00:00, run_after=2023-04-28T00:00:00+00:00
[2023-04-28T11:35:04.500+0000] {processor.py:175} INFO - Processing /home/airflow/.local/lib/python3.7/site-packages/airflow/example_dags/example_branch_labels.py took 0.112 seconds
[2023-04-28T11:35:34.647+0000] {processor.py:153} INFO - Started process (PID=5010) to work on /home/airflow/.local/lib/python3.7/site-packages/airflow/example_dags/example_branch_labels.py
[2023-04-28T11:35:34.650+0000] {processor.py:743} INFO - Processing file /home/airflow/.local/lib/python3.7/site-packages/airflow/example_dags/example_branch_labels.py for tasks to queue
[2023-04-28T11:35:34.651+0000] {logging_mixin.py:137} INFO - [2023-04-28T11:35:34.651+0000] {dagbag.py:532} INFO - Filling up the DagBag from /home/airflow/.local/lib/python3.7/site-packages/airflow/example_dags/example_branch_labels.py
[2023-04-28T11:35:34.669+0000] {processor.py:753} INFO - DAG(s) dict_keys(['example_branch_labels']) retrieved from /home/airflow/.local/lib/python3.7/site-packages/airflow/example_dags/example_branch_labels.py
[2023-04-28T11:35:34.701+0000] {logging_mixin.py:137} INFO - [2023-04-28T11:35:34.701+0000] {dag.py:2705} INFO - Sync 1 DAGs
[2023-04-28T11:35:34.737+0000] {logging_mixin.py:137} INFO - [2023-04-28T11:35:34.737+0000] {dag.py:3456} INFO - Setting next_dagrun for example_branch_labels to 2023-04-27T00:00:00+00:00, run_after=2023-04-28T00:00:00+00:00
[2023-04-28T11:35:34.760+0000] {processor.py:175} INFO - Processing /home/airflow/.local/lib/python3.7/site-packages/airflow/example_dags/example_branch_labels.py took 0.118 seconds
[2023-04-28T11:36:05.222+0000] {processor.py:153} INFO - Started process (PID=5228) to work on /home/airflow/.local/lib/python3.7/site-packages/airflow/example_dags/example_branch_labels.py
[2023-04-28T11:36:05.224+0000] {processor.py:743} INFO - Processing file /home/airflow/.local/lib/python3.7/site-packages/airflow/example_dags/example_branch_labels.py for tasks to queue
[2023-04-28T11:36:05.226+0000] {logging_mixin.py:137} INFO - [2023-04-28T11:36:05.226+0000] {dagbag.py:532} INFO - Filling up the DagBag from /home/airflow/.local/lib/python3.7/site-packages/airflow/example_dags/example_branch_labels.py
[2023-04-28T11:36:05.248+0000] {processor.py:753} INFO - DAG(s) dict_keys(['example_branch_labels']) retrieved from /home/airflow/.local/lib/python3.7/site-packages/airflow/example_dags/example_branch_labels.py
[2023-04-28T11:36:05.284+0000] {logging_mixin.py:137} INFO - [2023-04-28T11:36:05.284+0000] {dag.py:2705} INFO - Sync 1 DAGs
[2023-04-28T11:36:05.320+0000] {logging_mixin.py:137} INFO - [2023-04-28T11:36:05.320+0000] {dag.py:3456} INFO - Setting next_dagrun for example_branch_labels to 2023-04-27T00:00:00+00:00, run_after=2023-04-28T00:00:00+00:00
[2023-04-28T11:36:05.344+0000] {processor.py:175} INFO - Processing /home/airflow/.local/lib/python3.7/site-packages/airflow/example_dags/example_branch_labels.py took 0.127 seconds
[2023-04-28T11:36:36.096+0000] {processor.py:153} INFO - Started process (PID=5446) to work on /home/airflow/.local/lib/python3.7/site-packages/airflow/example_dags/example_branch_labels.py
[2023-04-28T11:36:36.099+0000] {processor.py:743} INFO - Processing file /home/airflow/.local/lib/python3.7/site-packages/airflow/example_dags/example_branch_labels.py for tasks to queue
[2023-04-28T11:36:36.102+0000] {logging_mixin.py:137} INFO - [2023-04-28T11:36:36.101+0000] {dagbag.py:532} INFO - Filling up the DagBag from /home/airflow/.local/lib/python3.7/site-packages/airflow/example_dags/example_branch_labels.py
[2023-04-28T11:36:36.123+0000] {processor.py:753} INFO - DAG(s) dict_keys(['example_branch_labels']) retrieved from /home/airflow/.local/lib/python3.7/site-packages/airflow/example_dags/example_branch_labels.py
[2023-04-28T11:36:36.165+0000] {logging_mixin.py:137} INFO - [2023-04-28T11:36:36.165+0000] {dag.py:2705} INFO - Sync 1 DAGs
[2023-04-28T11:36:36.201+0000] {logging_mixin.py:137} INFO - [2023-04-28T11:36:36.201+0000] {dag.py:3456} INFO - Setting next_dagrun for example_branch_labels to 2023-04-27T00:00:00+00:00, run_after=2023-04-28T00:00:00+00:00
[2023-04-28T11:36:36.227+0000] {processor.py:175} INFO - Processing /home/airflow/.local/lib/python3.7/site-packages/airflow/example_dags/example_branch_labels.py took 0.137 seconds
[2023-04-28T11:37:06.442+0000] {processor.py:153} INFO - Started process (PID=5664) to work on /home/airflow/.local/lib/python3.7/site-packages/airflow/example_dags/example_branch_labels.py
[2023-04-28T11:37:06.445+0000] {processor.py:743} INFO - Processing file /home/airflow/.local/lib/python3.7/site-packages/airflow/example_dags/example_branch_labels.py for tasks to queue
[2023-04-28T11:37:06.448+0000] {logging_mixin.py:137} INFO - [2023-04-28T11:37:06.447+0000] {dagbag.py:532} INFO - Filling up the DagBag from /home/airflow/.local/lib/python3.7/site-packages/airflow/example_dags/example_branch_labels.py
[2023-04-28T11:37:06.471+0000] {processor.py:753} INFO - DAG(s) dict_keys(['example_branch_labels']) retrieved from /home/airflow/.local/lib/python3.7/site-packages/airflow/example_dags/example_branch_labels.py
[2023-04-28T11:37:06.507+0000] {logging_mixin.py:137} INFO - [2023-04-28T11:37:06.507+0000] {dag.py:2705} INFO - Sync 1 DAGs
[2023-04-28T11:37:06.543+0000] {logging_mixin.py:137} INFO - [2023-04-28T11:37:06.543+0000] {dag.py:3456} INFO - Setting next_dagrun for example_branch_labels to 2023-04-27T00:00:00+00:00, run_after=2023-04-28T00:00:00+00:00
[2023-04-28T11:37:06.567+0000] {processor.py:175} INFO - Processing /home/airflow/.local/lib/python3.7/site-packages/airflow/example_dags/example_branch_labels.py took 0.132 seconds
[2023-04-28T11:37:36.934+0000] {processor.py:153} INFO - Started process (PID=5882) to work on /home/airflow/.local/lib/python3.7/site-packages/airflow/example_dags/example_branch_labels.py
[2023-04-28T11:37:36.936+0000] {processor.py:743} INFO - Processing file /home/airflow/.local/lib/python3.7/site-packages/airflow/example_dags/example_branch_labels.py for tasks to queue
[2023-04-28T11:37:36.938+0000] {logging_mixin.py:137} INFO - [2023-04-28T11:37:36.938+0000] {dagbag.py:532} INFO - Filling up the DagBag from /home/airflow/.local/lib/python3.7/site-packages/airflow/example_dags/example_branch_labels.py
[2023-04-28T11:37:36.966+0000] {processor.py:753} INFO - DAG(s) dict_keys(['example_branch_labels']) retrieved from /home/airflow/.local/lib/python3.7/site-packages/airflow/example_dags/example_branch_labels.py
[2023-04-28T11:37:37.013+0000] {logging_mixin.py:137} INFO - [2023-04-28T11:37:37.013+0000] {dag.py:2705} INFO - Sync 1 DAGs
[2023-04-28T11:37:37.052+0000] {logging_mixin.py:137} INFO - [2023-04-28T11:37:37.052+0000] {dag.py:3456} INFO - Setting next_dagrun for example_branch_labels to 2023-04-27T00:00:00+00:00, run_after=2023-04-28T00:00:00+00:00
[2023-04-28T11:37:37.081+0000] {processor.py:175} INFO - Processing /home/airflow/.local/lib/python3.7/site-packages/airflow/example_dags/example_branch_labels.py took 0.154 seconds
[2023-04-28T11:38:07.186+0000] {processor.py:153} INFO - Started process (PID=6100) to work on /home/airflow/.local/lib/python3.7/site-packages/airflow/example_dags/example_branch_labels.py
[2023-04-28T11:38:07.190+0000] {processor.py:743} INFO - Processing file /home/airflow/.local/lib/python3.7/site-packages/airflow/example_dags/example_branch_labels.py for tasks to queue
[2023-04-28T11:38:07.194+0000] {logging_mixin.py:137} INFO - [2023-04-28T11:38:07.194+0000] {dagbag.py:532} INFO - Filling up the DagBag from /home/airflow/.local/lib/python3.7/site-packages/airflow/example_dags/example_branch_labels.py
[2023-04-28T11:38:07.220+0000] {processor.py:753} INFO - DAG(s) dict_keys(['example_branch_labels']) retrieved from /home/airflow/.local/lib/python3.7/site-packages/airflow/example_dags/example_branch_labels.py
[2023-04-28T11:38:07.269+0000] {logging_mixin.py:137} INFO - [2023-04-28T11:38:07.269+0000] {dag.py:2705} INFO - Sync 1 DAGs
[2023-04-28T11:38:07.321+0000] {logging_mixin.py:137} INFO - [2023-04-28T11:38:07.321+0000] {dag.py:3456} INFO - Setting next_dagrun for example_branch_labels to 2023-04-27T00:00:00+00:00, run_after=2023-04-28T00:00:00+00:00
[2023-04-28T11:38:07.356+0000] {processor.py:175} INFO - Processing /home/airflow/.local/lib/python3.7/site-packages/airflow/example_dags/example_branch_labels.py took 0.177 seconds
[2023-04-28T11:38:38.045+0000] {processor.py:153} INFO - Started process (PID=6318) to work on /home/airflow/.local/lib/python3.7/site-packages/airflow/example_dags/example_branch_labels.py
[2023-04-28T11:38:38.048+0000] {processor.py:743} INFO - Processing file /home/airflow/.local/lib/python3.7/site-packages/airflow/example_dags/example_branch_labels.py for tasks to queue
[2023-04-28T11:38:38.051+0000] {logging_mixin.py:137} INFO - [2023-04-28T11:38:38.050+0000] {dagbag.py:532} INFO - Filling up the DagBag from /home/airflow/.local/lib/python3.7/site-packages/airflow/example_dags/example_branch_labels.py
[2023-04-28T11:38:38.077+0000] {processor.py:753} INFO - DAG(s) dict_keys(['example_branch_labels']) retrieved from /home/airflow/.local/lib/python3.7/site-packages/airflow/example_dags/example_branch_labels.py
[2023-04-28T11:38:38.117+0000] {logging_mixin.py:137} INFO - [2023-04-28T11:38:38.117+0000] {dag.py:2705} INFO - Sync 1 DAGs
[2023-04-28T11:38:38.153+0000] {logging_mixin.py:137} INFO - [2023-04-28T11:38:38.153+0000] {dag.py:3456} INFO - Setting next_dagrun for example_branch_labels to 2023-04-27T00:00:00+00:00, run_after=2023-04-28T00:00:00+00:00
[2023-04-28T11:38:38.177+0000] {processor.py:175} INFO - Processing /home/airflow/.local/lib/python3.7/site-packages/airflow/example_dags/example_branch_labels.py took 0.142 seconds
[2023-04-28T11:39:08.662+0000] {processor.py:153} INFO - Started process (PID=6536) to work on /home/airflow/.local/lib/python3.7/site-packages/airflow/example_dags/example_branch_labels.py
[2023-04-28T11:39:08.664+0000] {processor.py:743} INFO - Processing file /home/airflow/.local/lib/python3.7/site-packages/airflow/example_dags/example_branch_labels.py for tasks to queue
[2023-04-28T11:39:08.667+0000] {logging_mixin.py:137} INFO - [2023-04-28T11:39:08.666+0000] {dagbag.py:532} INFO - Filling up the DagBag from /home/airflow/.local/lib/python3.7/site-packages/airflow/example_dags/example_branch_labels.py
[2023-04-28T11:39:08.688+0000] {processor.py:753} INFO - DAG(s) dict_keys(['example_branch_labels']) retrieved from /home/airflow/.local/lib/python3.7/site-packages/airflow/example_dags/example_branch_labels.py
[2023-04-28T11:39:08.725+0000] {logging_mixin.py:137} INFO - [2023-04-28T11:39:08.725+0000] {dag.py:2705} INFO - Sync 1 DAGs
[2023-04-28T11:39:08.760+0000] {logging_mixin.py:137} INFO - [2023-04-28T11:39:08.760+0000] {dag.py:3456} INFO - Setting next_dagrun for example_branch_labels to 2023-04-27T00:00:00+00:00, run_after=2023-04-28T00:00:00+00:00
[2023-04-28T11:39:08.784+0000] {processor.py:175} INFO - Processing /home/airflow/.local/lib/python3.7/site-packages/airflow/example_dags/example_branch_labels.py took 0.128 seconds
[2023-04-28T11:39:39.162+0000] {processor.py:153} INFO - Started process (PID=6768) to work on /home/airflow/.local/lib/python3.7/site-packages/airflow/example_dags/example_branch_labels.py
[2023-04-28T11:39:39.165+0000] {processor.py:743} INFO - Processing file /home/airflow/.local/lib/python3.7/site-packages/airflow/example_dags/example_branch_labels.py for tasks to queue
[2023-04-28T11:39:39.168+0000] {logging_mixin.py:137} INFO - [2023-04-28T11:39:39.168+0000] {dagbag.py:532} INFO - Filling up the DagBag from /home/airflow/.local/lib/python3.7/site-packages/airflow/example_dags/example_branch_labels.py
[2023-04-28T11:39:39.196+0000] {processor.py:753} INFO - DAG(s) dict_keys(['example_branch_labels']) retrieved from /home/airflow/.local/lib/python3.7/site-packages/airflow/example_dags/example_branch_labels.py
[2023-04-28T11:39:39.248+0000] {logging_mixin.py:137} INFO - [2023-04-28T11:39:39.248+0000] {dag.py:2705} INFO - Sync 1 DAGs
[2023-04-28T11:39:39.295+0000] {logging_mixin.py:137} INFO - [2023-04-28T11:39:39.295+0000] {dag.py:3456} INFO - Setting next_dagrun for example_branch_labels to 2023-04-27T00:00:00+00:00, run_after=2023-04-28T00:00:00+00:00
[2023-04-28T11:39:39.337+0000] {processor.py:175} INFO - Processing /home/airflow/.local/lib/python3.7/site-packages/airflow/example_dags/example_branch_labels.py took 0.182 seconds
[2023-04-28T11:40:09.749+0000] {processor.py:153} INFO - Started process (PID=6989) to work on /home/airflow/.local/lib/python3.7/site-packages/airflow/example_dags/example_branch_labels.py
[2023-04-28T11:40:09.754+0000] {processor.py:743} INFO - Processing file /home/airflow/.local/lib/python3.7/site-packages/airflow/example_dags/example_branch_labels.py for tasks to queue
[2023-04-28T11:40:09.760+0000] {logging_mixin.py:137} INFO - [2023-04-28T11:40:09.760+0000] {dagbag.py:532} INFO - Filling up the DagBag from /home/airflow/.local/lib/python3.7/site-packages/airflow/example_dags/example_branch_labels.py
[2023-04-28T11:40:09.806+0000] {processor.py:753} INFO - DAG(s) dict_keys(['example_branch_labels']) retrieved from /home/airflow/.local/lib/python3.7/site-packages/airflow/example_dags/example_branch_labels.py
[2023-04-28T11:40:09.889+0000] {logging_mixin.py:137} INFO - [2023-04-28T11:40:09.889+0000] {dag.py:2705} INFO - Sync 1 DAGs
[2023-04-28T11:40:09.977+0000] {logging_mixin.py:137} INFO - [2023-04-28T11:40:09.977+0000] {dag.py:3456} INFO - Setting next_dagrun for example_branch_labels to 2023-04-27T00:00:00+00:00, run_after=2023-04-28T00:00:00+00:00
[2023-04-28T11:40:10.043+0000] {processor.py:175} INFO - Processing /home/airflow/.local/lib/python3.7/site-packages/airflow/example_dags/example_branch_labels.py took 0.305 seconds
[2023-04-28T11:40:40.266+0000] {processor.py:153} INFO - Started process (PID=7211) to work on /home/airflow/.local/lib/python3.7/site-packages/airflow/example_dags/example_branch_labels.py
[2023-04-28T11:40:40.271+0000] {processor.py:743} INFO - Processing file /home/airflow/.local/lib/python3.7/site-packages/airflow/example_dags/example_branch_labels.py for tasks to queue
[2023-04-28T11:40:40.274+0000] {logging_mixin.py:137} INFO - [2023-04-28T11:40:40.274+0000] {dagbag.py:532} INFO - Filling up the DagBag from /home/airflow/.local/lib/python3.7/site-packages/airflow/example_dags/example_branch_labels.py
[2023-04-28T11:40:40.310+0000] {processor.py:753} INFO - DAG(s) dict_keys(['example_branch_labels']) retrieved from /home/airflow/.local/lib/python3.7/site-packages/airflow/example_dags/example_branch_labels.py
[2023-04-28T11:40:40.381+0000] {logging_mixin.py:137} INFO - [2023-04-28T11:40:40.381+0000] {dag.py:2705} INFO - Sync 1 DAGs
[2023-04-28T11:40:40.417+0000] {logging_mixin.py:137} INFO - [2023-04-28T11:40:40.417+0000] {dag.py:3456} INFO - Setting next_dagrun for example_branch_labels to 2023-04-27T00:00:00+00:00, run_after=2023-04-28T00:00:00+00:00
[2023-04-28T11:40:40.439+0000] {processor.py:175} INFO - Processing /home/airflow/.local/lib/python3.7/site-packages/airflow/example_dags/example_branch_labels.py took 0.180 seconds
