[2023-04-28T11:24:24.304+0000] {processor.py:153} INFO - Started process (PID=283) to work on /home/airflow/.local/lib/python3.7/site-packages/airflow/example_dags/example_complex.py
[2023-04-28T11:24:24.306+0000] {processor.py:743} INFO - Processing file /home/airflow/.local/lib/python3.7/site-packages/airflow/example_dags/example_complex.py for tasks to queue
[2023-04-28T11:24:24.308+0000] {logging_mixin.py:137} INFO - [2023-04-28T11:24:24.307+0000] {dagbag.py:532} INFO - Filling up the DagBag from /home/airflow/.local/lib/python3.7/site-packages/airflow/example_dags/example_complex.py
[2023-04-28T11:24:24.325+0000] {logging_mixin.py:137} INFO - [2023-04-28T11:24:24.325+0000] {taskmixin.py:211} WARNING - Dependency <Task(BashOperator): create_entry_group>, delete_entry_group already registered for DAG: example_complex
[2023-04-28T11:24:24.326+0000] {logging_mixin.py:137} INFO - [2023-04-28T11:24:24.326+0000] {taskmixin.py:211} WARNING - Dependency <Task(BashOperator): delete_entry_group>, create_entry_group already registered for DAG: example_complex
[2023-04-28T11:24:24.328+0000] {logging_mixin.py:137} INFO - [2023-04-28T11:24:24.327+0000] {taskmixin.py:211} WARNING - Dependency <Task(BashOperator): create_entry_gcs>, delete_entry already registered for DAG: example_complex
[2023-04-28T11:24:24.329+0000] {logging_mixin.py:137} INFO - [2023-04-28T11:24:24.329+0000] {taskmixin.py:211} WARNING - Dependency <Task(BashOperator): delete_entry>, create_entry_gcs already registered for DAG: example_complex
[2023-04-28T11:24:24.330+0000] {logging_mixin.py:137} INFO - [2023-04-28T11:24:24.330+0000] {taskmixin.py:211} WARNING - Dependency <Task(BashOperator): create_tag>, delete_tag already registered for DAG: example_complex
[2023-04-28T11:24:24.331+0000] {logging_mixin.py:137} INFO - [2023-04-28T11:24:24.331+0000] {taskmixin.py:211} WARNING - Dependency <Task(BashOperator): delete_tag>, create_tag already registered for DAG: example_complex
[2023-04-28T11:24:24.340+0000] {processor.py:753} INFO - DAG(s) dict_keys(['example_complex']) retrieved from /home/airflow/.local/lib/python3.7/site-packages/airflow/example_dags/example_complex.py
[2023-04-28T11:24:24.356+0000] {logging_mixin.py:137} INFO - [2023-04-28T11:24:24.356+0000] {dag.py:2705} INFO - Sync 1 DAGs
[2023-04-28T11:24:24.386+0000] {logging_mixin.py:137} INFO - [2023-04-28T11:24:24.386+0000] {dag.py:3456} INFO - Setting next_dagrun for example_complex to None, run_after=None
[2023-04-28T11:24:24.412+0000] {processor.py:175} INFO - Processing /home/airflow/.local/lib/python3.7/site-packages/airflow/example_dags/example_complex.py took 0.112 seconds
[2023-04-28T11:24:54.794+0000] {processor.py:153} INFO - Started process (PID=501) to work on /home/airflow/.local/lib/python3.7/site-packages/airflow/example_dags/example_complex.py
[2023-04-28T11:24:54.796+0000] {processor.py:743} INFO - Processing file /home/airflow/.local/lib/python3.7/site-packages/airflow/example_dags/example_complex.py for tasks to queue
[2023-04-28T11:24:54.798+0000] {logging_mixin.py:137} INFO - [2023-04-28T11:24:54.798+0000] {dagbag.py:532} INFO - Filling up the DagBag from /home/airflow/.local/lib/python3.7/site-packages/airflow/example_dags/example_complex.py
[2023-04-28T11:24:54.813+0000] {logging_mixin.py:137} INFO - [2023-04-28T11:24:54.812+0000] {taskmixin.py:211} WARNING - Dependency <Task(BashOperator): create_entry_group>, delete_entry_group already registered for DAG: example_complex
[2023-04-28T11:24:54.814+0000] {logging_mixin.py:137} INFO - [2023-04-28T11:24:54.814+0000] {taskmixin.py:211} WARNING - Dependency <Task(BashOperator): delete_entry_group>, create_entry_group already registered for DAG: example_complex
[2023-04-28T11:24:54.815+0000] {logging_mixin.py:137} INFO - [2023-04-28T11:24:54.815+0000] {taskmixin.py:211} WARNING - Dependency <Task(BashOperator): create_entry_gcs>, delete_entry already registered for DAG: example_complex
[2023-04-28T11:24:54.816+0000] {logging_mixin.py:137} INFO - [2023-04-28T11:24:54.816+0000] {taskmixin.py:211} WARNING - Dependency <Task(BashOperator): delete_entry>, create_entry_gcs already registered for DAG: example_complex
[2023-04-28T11:24:54.819+0000] {logging_mixin.py:137} INFO - [2023-04-28T11:24:54.819+0000] {taskmixin.py:211} WARNING - Dependency <Task(BashOperator): create_tag>, delete_tag already registered for DAG: example_complex
[2023-04-28T11:24:54.820+0000] {logging_mixin.py:137} INFO - [2023-04-28T11:24:54.820+0000] {taskmixin.py:211} WARNING - Dependency <Task(BashOperator): delete_tag>, create_tag already registered for DAG: example_complex
[2023-04-28T11:24:54.828+0000] {processor.py:753} INFO - DAG(s) dict_keys(['example_complex']) retrieved from /home/airflow/.local/lib/python3.7/site-packages/airflow/example_dags/example_complex.py
[2023-04-28T11:24:54.868+0000] {logging_mixin.py:137} INFO - [2023-04-28T11:24:54.868+0000] {dag.py:2705} INFO - Sync 1 DAGs
[2023-04-28T11:24:54.899+0000] {logging_mixin.py:137} INFO - [2023-04-28T11:24:54.899+0000] {dag.py:3456} INFO - Setting next_dagrun for example_complex to None, run_after=None
[2023-04-28T11:24:54.921+0000] {processor.py:175} INFO - Processing /home/airflow/.local/lib/python3.7/site-packages/airflow/example_dags/example_complex.py took 0.131 seconds
[2023-04-28T11:25:25.458+0000] {processor.py:153} INFO - Started process (PID=719) to work on /home/airflow/.local/lib/python3.7/site-packages/airflow/example_dags/example_complex.py
[2023-04-28T11:25:25.462+0000] {processor.py:743} INFO - Processing file /home/airflow/.local/lib/python3.7/site-packages/airflow/example_dags/example_complex.py for tasks to queue
[2023-04-28T11:25:25.466+0000] {logging_mixin.py:137} INFO - [2023-04-28T11:25:25.465+0000] {dagbag.py:532} INFO - Filling up the DagBag from /home/airflow/.local/lib/python3.7/site-packages/airflow/example_dags/example_complex.py
[2023-04-28T11:25:25.506+0000] {logging_mixin.py:137} INFO - [2023-04-28T11:25:25.506+0000] {taskmixin.py:211} WARNING - Dependency <Task(BashOperator): create_entry_group>, delete_entry_group already registered for DAG: example_complex
[2023-04-28T11:25:25.509+0000] {logging_mixin.py:137} INFO - [2023-04-28T11:25:25.508+0000] {taskmixin.py:211} WARNING - Dependency <Task(BashOperator): delete_entry_group>, create_entry_group already registered for DAG: example_complex
[2023-04-28T11:25:25.515+0000] {logging_mixin.py:137} INFO - [2023-04-28T11:25:25.515+0000] {taskmixin.py:211} WARNING - Dependency <Task(BashOperator): create_entry_gcs>, delete_entry already registered for DAG: example_complex
[2023-04-28T11:25:25.518+0000] {logging_mixin.py:137} INFO - [2023-04-28T11:25:25.517+0000] {taskmixin.py:211} WARNING - Dependency <Task(BashOperator): delete_entry>, create_entry_gcs already registered for DAG: example_complex
[2023-04-28T11:25:25.523+0000] {logging_mixin.py:137} INFO - [2023-04-28T11:25:25.522+0000] {taskmixin.py:211} WARNING - Dependency <Task(BashOperator): create_tag>, delete_tag already registered for DAG: example_complex
[2023-04-28T11:25:25.525+0000] {logging_mixin.py:137} INFO - [2023-04-28T11:25:25.525+0000] {taskmixin.py:211} WARNING - Dependency <Task(BashOperator): delete_tag>, create_tag already registered for DAG: example_complex
[2023-04-28T11:25:25.545+0000] {processor.py:753} INFO - DAG(s) dict_keys(['example_complex']) retrieved from /home/airflow/.local/lib/python3.7/site-packages/airflow/example_dags/example_complex.py
[2023-04-28T11:25:25.641+0000] {logging_mixin.py:137} INFO - [2023-04-28T11:25:25.640+0000] {dag.py:2705} INFO - Sync 1 DAGs
[2023-04-28T11:25:25.726+0000] {logging_mixin.py:137} INFO - [2023-04-28T11:25:25.726+0000] {dag.py:3456} INFO - Setting next_dagrun for example_complex to None, run_after=None
[2023-04-28T11:25:25.778+0000] {processor.py:175} INFO - Processing /home/airflow/.local/lib/python3.7/site-packages/airflow/example_dags/example_complex.py took 0.330 seconds
[2023-04-28T11:25:57.600+0000] {processor.py:153} INFO - Started process (PID=937) to work on /home/airflow/.local/lib/python3.7/site-packages/airflow/example_dags/example_complex.py
[2023-04-28T11:25:57.605+0000] {processor.py:743} INFO - Processing file /home/airflow/.local/lib/python3.7/site-packages/airflow/example_dags/example_complex.py for tasks to queue
[2023-04-28T11:25:57.610+0000] {logging_mixin.py:137} INFO - [2023-04-28T11:25:57.610+0000] {dagbag.py:532} INFO - Filling up the DagBag from /home/airflow/.local/lib/python3.7/site-packages/airflow/example_dags/example_complex.py
[2023-04-28T11:25:57.643+0000] {logging_mixin.py:137} INFO - [2023-04-28T11:25:57.642+0000] {taskmixin.py:211} WARNING - Dependency <Task(BashOperator): create_entry_group>, delete_entry_group already registered for DAG: example_complex
[2023-04-28T11:25:57.645+0000] {logging_mixin.py:137} INFO - [2023-04-28T11:25:57.645+0000] {taskmixin.py:211} WARNING - Dependency <Task(BashOperator): delete_entry_group>, create_entry_group already registered for DAG: example_complex
[2023-04-28T11:25:57.648+0000] {logging_mixin.py:137} INFO - [2023-04-28T11:25:57.647+0000] {taskmixin.py:211} WARNING - Dependency <Task(BashOperator): create_entry_gcs>, delete_entry already registered for DAG: example_complex
[2023-04-28T11:25:57.651+0000] {logging_mixin.py:137} INFO - [2023-04-28T11:25:57.650+0000] {taskmixin.py:211} WARNING - Dependency <Task(BashOperator): delete_entry>, create_entry_gcs already registered for DAG: example_complex
[2023-04-28T11:25:57.654+0000] {logging_mixin.py:137} INFO - [2023-04-28T11:25:57.653+0000] {taskmixin.py:211} WARNING - Dependency <Task(BashOperator): create_tag>, delete_tag already registered for DAG: example_complex
[2023-04-28T11:25:57.657+0000] {logging_mixin.py:137} INFO - [2023-04-28T11:25:57.657+0000] {taskmixin.py:211} WARNING - Dependency <Task(BashOperator): delete_tag>, create_tag already registered for DAG: example_complex
[2023-04-28T11:25:57.674+0000] {processor.py:753} INFO - DAG(s) dict_keys(['example_complex']) retrieved from /home/airflow/.local/lib/python3.7/site-packages/airflow/example_dags/example_complex.py
[2023-04-28T11:25:57.757+0000] {logging_mixin.py:137} INFO - [2023-04-28T11:25:57.756+0000] {dag.py:2705} INFO - Sync 1 DAGs
[2023-04-28T11:25:57.819+0000] {logging_mixin.py:137} INFO - [2023-04-28T11:25:57.819+0000] {dag.py:3456} INFO - Setting next_dagrun for example_complex to None, run_after=None
[2023-04-28T11:25:57.875+0000] {processor.py:175} INFO - Processing /home/airflow/.local/lib/python3.7/site-packages/airflow/example_dags/example_complex.py took 0.282 seconds
[2023-04-28T11:26:28.013+0000] {processor.py:153} INFO - Started process (PID=1157) to work on /home/airflow/.local/lib/python3.7/site-packages/airflow/example_dags/example_complex.py
[2023-04-28T11:26:28.016+0000] {processor.py:743} INFO - Processing file /home/airflow/.local/lib/python3.7/site-packages/airflow/example_dags/example_complex.py for tasks to queue
[2023-04-28T11:26:28.018+0000] {logging_mixin.py:137} INFO - [2023-04-28T11:26:28.018+0000] {dagbag.py:532} INFO - Filling up the DagBag from /home/airflow/.local/lib/python3.7/site-packages/airflow/example_dags/example_complex.py
[2023-04-28T11:26:28.037+0000] {logging_mixin.py:137} INFO - [2023-04-28T11:26:28.037+0000] {taskmixin.py:211} WARNING - Dependency <Task(BashOperator): create_entry_group>, delete_entry_group already registered for DAG: example_complex
[2023-04-28T11:26:28.038+0000] {logging_mixin.py:137} INFO - [2023-04-28T11:26:28.038+0000] {taskmixin.py:211} WARNING - Dependency <Task(BashOperator): delete_entry_group>, create_entry_group already registered for DAG: example_complex
[2023-04-28T11:26:28.040+0000] {logging_mixin.py:137} INFO - [2023-04-28T11:26:28.040+0000] {taskmixin.py:211} WARNING - Dependency <Task(BashOperator): create_entry_gcs>, delete_entry already registered for DAG: example_complex
[2023-04-28T11:26:28.041+0000] {logging_mixin.py:137} INFO - [2023-04-28T11:26:28.041+0000] {taskmixin.py:211} WARNING - Dependency <Task(BashOperator): delete_entry>, create_entry_gcs already registered for DAG: example_complex
[2023-04-28T11:26:28.042+0000] {logging_mixin.py:137} INFO - [2023-04-28T11:26:28.042+0000] {taskmixin.py:211} WARNING - Dependency <Task(BashOperator): create_tag>, delete_tag already registered for DAG: example_complex
[2023-04-28T11:26:28.044+0000] {logging_mixin.py:137} INFO - [2023-04-28T11:26:28.044+0000] {taskmixin.py:211} WARNING - Dependency <Task(BashOperator): delete_tag>, create_tag already registered for DAG: example_complex
[2023-04-28T11:26:28.054+0000] {processor.py:753} INFO - DAG(s) dict_keys(['example_complex']) retrieved from /home/airflow/.local/lib/python3.7/site-packages/airflow/example_dags/example_complex.py
[2023-04-28T11:26:28.097+0000] {logging_mixin.py:137} INFO - [2023-04-28T11:26:28.096+0000] {dag.py:2705} INFO - Sync 1 DAGs
[2023-04-28T11:26:28.126+0000] {logging_mixin.py:137} INFO - [2023-04-28T11:26:28.126+0000] {dag.py:3456} INFO - Setting next_dagrun for example_complex to None, run_after=None
[2023-04-28T11:26:28.146+0000] {processor.py:175} INFO - Processing /home/airflow/.local/lib/python3.7/site-packages/airflow/example_dags/example_complex.py took 0.139 seconds
[2023-04-28T11:26:59.218+0000] {processor.py:153} INFO - Started process (PID=1373) to work on /home/airflow/.local/lib/python3.7/site-packages/airflow/example_dags/example_complex.py
[2023-04-28T11:26:59.221+0000] {processor.py:743} INFO - Processing file /home/airflow/.local/lib/python3.7/site-packages/airflow/example_dags/example_complex.py for tasks to queue
[2023-04-28T11:26:59.225+0000] {logging_mixin.py:137} INFO - [2023-04-28T11:26:59.224+0000] {dagbag.py:532} INFO - Filling up the DagBag from /home/airflow/.local/lib/python3.7/site-packages/airflow/example_dags/example_complex.py
[2023-04-28T11:26:59.249+0000] {logging_mixin.py:137} INFO - [2023-04-28T11:26:59.248+0000] {taskmixin.py:211} WARNING - Dependency <Task(BashOperator): create_entry_group>, delete_entry_group already registered for DAG: example_complex
[2023-04-28T11:26:59.251+0000] {logging_mixin.py:137} INFO - [2023-04-28T11:26:59.251+0000] {taskmixin.py:211} WARNING - Dependency <Task(BashOperator): delete_entry_group>, create_entry_group already registered for DAG: example_complex
[2023-04-28T11:26:59.253+0000] {logging_mixin.py:137} INFO - [2023-04-28T11:26:59.252+0000] {taskmixin.py:211} WARNING - Dependency <Task(BashOperator): create_entry_gcs>, delete_entry already registered for DAG: example_complex
[2023-04-28T11:26:59.254+0000] {logging_mixin.py:137} INFO - [2023-04-28T11:26:59.254+0000] {taskmixin.py:211} WARNING - Dependency <Task(BashOperator): delete_entry>, create_entry_gcs already registered for DAG: example_complex
[2023-04-28T11:26:59.258+0000] {logging_mixin.py:137} INFO - [2023-04-28T11:26:59.257+0000] {taskmixin.py:211} WARNING - Dependency <Task(BashOperator): create_tag>, delete_tag already registered for DAG: example_complex
[2023-04-28T11:26:59.260+0000] {logging_mixin.py:137} INFO - [2023-04-28T11:26:59.260+0000] {taskmixin.py:211} WARNING - Dependency <Task(BashOperator): delete_tag>, create_tag already registered for DAG: example_complex
[2023-04-28T11:26:59.276+0000] {processor.py:753} INFO - DAG(s) dict_keys(['example_complex']) retrieved from /home/airflow/.local/lib/python3.7/site-packages/airflow/example_dags/example_complex.py
[2023-04-28T11:26:59.351+0000] {logging_mixin.py:137} INFO - [2023-04-28T11:26:59.351+0000] {dag.py:2705} INFO - Sync 1 DAGs
[2023-04-28T11:26:59.404+0000] {logging_mixin.py:137} INFO - [2023-04-28T11:26:59.404+0000] {dag.py:3456} INFO - Setting next_dagrun for example_complex to None, run_after=None
[2023-04-28T11:26:59.449+0000] {processor.py:175} INFO - Processing /home/airflow/.local/lib/python3.7/site-packages/airflow/example_dags/example_complex.py took 0.238 seconds
[2023-04-28T11:27:29.597+0000] {processor.py:153} INFO - Started process (PID=1589) to work on /home/airflow/.local/lib/python3.7/site-packages/airflow/example_dags/example_complex.py
[2023-04-28T11:27:29.599+0000] {processor.py:743} INFO - Processing file /home/airflow/.local/lib/python3.7/site-packages/airflow/example_dags/example_complex.py for tasks to queue
[2023-04-28T11:27:29.600+0000] {logging_mixin.py:137} INFO - [2023-04-28T11:27:29.600+0000] {dagbag.py:532} INFO - Filling up the DagBag from /home/airflow/.local/lib/python3.7/site-packages/airflow/example_dags/example_complex.py
[2023-04-28T11:27:29.618+0000] {logging_mixin.py:137} INFO - [2023-04-28T11:27:29.617+0000] {taskmixin.py:211} WARNING - Dependency <Task(BashOperator): create_entry_group>, delete_entry_group already registered for DAG: example_complex
[2023-04-28T11:27:29.619+0000] {logging_mixin.py:137} INFO - [2023-04-28T11:27:29.619+0000] {taskmixin.py:211} WARNING - Dependency <Task(BashOperator): delete_entry_group>, create_entry_group already registered for DAG: example_complex
[2023-04-28T11:27:29.620+0000] {logging_mixin.py:137} INFO - [2023-04-28T11:27:29.620+0000] {taskmixin.py:211} WARNING - Dependency <Task(BashOperator): create_entry_gcs>, delete_entry already registered for DAG: example_complex
[2023-04-28T11:27:29.621+0000] {logging_mixin.py:137} INFO - [2023-04-28T11:27:29.621+0000] {taskmixin.py:211} WARNING - Dependency <Task(BashOperator): delete_entry>, create_entry_gcs already registered for DAG: example_complex
[2023-04-28T11:27:29.622+0000] {logging_mixin.py:137} INFO - [2023-04-28T11:27:29.622+0000] {taskmixin.py:211} WARNING - Dependency <Task(BashOperator): create_tag>, delete_tag already registered for DAG: example_complex
[2023-04-28T11:27:29.623+0000] {logging_mixin.py:137} INFO - [2023-04-28T11:27:29.622+0000] {taskmixin.py:211} WARNING - Dependency <Task(BashOperator): delete_tag>, create_tag already registered for DAG: example_complex
[2023-04-28T11:27:29.634+0000] {processor.py:753} INFO - DAG(s) dict_keys(['example_complex']) retrieved from /home/airflow/.local/lib/python3.7/site-packages/airflow/example_dags/example_complex.py
[2023-04-28T11:27:29.681+0000] {logging_mixin.py:137} INFO - [2023-04-28T11:27:29.681+0000] {dag.py:2705} INFO - Sync 1 DAGs
[2023-04-28T11:27:29.714+0000] {logging_mixin.py:137} INFO - [2023-04-28T11:27:29.714+0000] {dag.py:3456} INFO - Setting next_dagrun for example_complex to None, run_after=None
[2023-04-28T11:27:29.738+0000] {processor.py:175} INFO - Processing /home/airflow/.local/lib/python3.7/site-packages/airflow/example_dags/example_complex.py took 0.148 seconds
[2023-04-28T11:28:00.582+0000] {processor.py:153} INFO - Started process (PID=1809) to work on /home/airflow/.local/lib/python3.7/site-packages/airflow/example_dags/example_complex.py
[2023-04-28T11:28:00.584+0000] {processor.py:743} INFO - Processing file /home/airflow/.local/lib/python3.7/site-packages/airflow/example_dags/example_complex.py for tasks to queue
[2023-04-28T11:28:00.587+0000] {logging_mixin.py:137} INFO - [2023-04-28T11:28:00.587+0000] {dagbag.py:532} INFO - Filling up the DagBag from /home/airflow/.local/lib/python3.7/site-packages/airflow/example_dags/example_complex.py
[2023-04-28T11:28:00.613+0000] {logging_mixin.py:137} INFO - [2023-04-28T11:28:00.613+0000] {taskmixin.py:211} WARNING - Dependency <Task(BashOperator): create_entry_group>, delete_entry_group already registered for DAG: example_complex
[2023-04-28T11:28:00.615+0000] {logging_mixin.py:137} INFO - [2023-04-28T11:28:00.615+0000] {taskmixin.py:211} WARNING - Dependency <Task(BashOperator): delete_entry_group>, create_entry_group already registered for DAG: example_complex
[2023-04-28T11:28:00.617+0000] {logging_mixin.py:137} INFO - [2023-04-28T11:28:00.617+0000] {taskmixin.py:211} WARNING - Dependency <Task(BashOperator): create_entry_gcs>, delete_entry already registered for DAG: example_complex
[2023-04-28T11:28:00.619+0000] {logging_mixin.py:137} INFO - [2023-04-28T11:28:00.619+0000] {taskmixin.py:211} WARNING - Dependency <Task(BashOperator): delete_entry>, create_entry_gcs already registered for DAG: example_complex
[2023-04-28T11:28:00.621+0000] {logging_mixin.py:137} INFO - [2023-04-28T11:28:00.620+0000] {taskmixin.py:211} WARNING - Dependency <Task(BashOperator): create_tag>, delete_tag already registered for DAG: example_complex
[2023-04-28T11:28:00.623+0000] {logging_mixin.py:137} INFO - [2023-04-28T11:28:00.623+0000] {taskmixin.py:211} WARNING - Dependency <Task(BashOperator): delete_tag>, create_tag already registered for DAG: example_complex
[2023-04-28T11:28:00.640+0000] {processor.py:753} INFO - DAG(s) dict_keys(['example_complex']) retrieved from /home/airflow/.local/lib/python3.7/site-packages/airflow/example_dags/example_complex.py
[2023-04-28T11:28:00.736+0000] {logging_mixin.py:137} INFO - [2023-04-28T11:28:00.735+0000] {dag.py:2705} INFO - Sync 1 DAGs
[2023-04-28T11:28:00.797+0000] {logging_mixin.py:137} INFO - [2023-04-28T11:28:00.797+0000] {dag.py:3456} INFO - Setting next_dagrun for example_complex to None, run_after=None
[2023-04-28T11:28:00.844+0000] {processor.py:175} INFO - Processing /home/airflow/.local/lib/python3.7/site-packages/airflow/example_dags/example_complex.py took 0.266 seconds
[2023-04-28T11:28:31.145+0000] {processor.py:153} INFO - Started process (PID=2027) to work on /home/airflow/.local/lib/python3.7/site-packages/airflow/example_dags/example_complex.py
[2023-04-28T11:28:31.148+0000] {processor.py:743} INFO - Processing file /home/airflow/.local/lib/python3.7/site-packages/airflow/example_dags/example_complex.py for tasks to queue
[2023-04-28T11:28:31.150+0000] {logging_mixin.py:137} INFO - [2023-04-28T11:28:31.149+0000] {dagbag.py:532} INFO - Filling up the DagBag from /home/airflow/.local/lib/python3.7/site-packages/airflow/example_dags/example_complex.py
[2023-04-28T11:28:31.167+0000] {logging_mixin.py:137} INFO - [2023-04-28T11:28:31.167+0000] {taskmixin.py:211} WARNING - Dependency <Task(BashOperator): create_entry_group>, delete_entry_group already registered for DAG: example_complex
[2023-04-28T11:28:31.168+0000] {logging_mixin.py:137} INFO - [2023-04-28T11:28:31.168+0000] {taskmixin.py:211} WARNING - Dependency <Task(BashOperator): delete_entry_group>, create_entry_group already registered for DAG: example_complex
[2023-04-28T11:28:31.170+0000] {logging_mixin.py:137} INFO - [2023-04-28T11:28:31.170+0000] {taskmixin.py:211} WARNING - Dependency <Task(BashOperator): create_entry_gcs>, delete_entry already registered for DAG: example_complex
[2023-04-28T11:28:31.171+0000] {logging_mixin.py:137} INFO - [2023-04-28T11:28:31.171+0000] {taskmixin.py:211} WARNING - Dependency <Task(BashOperator): delete_entry>, create_entry_gcs already registered for DAG: example_complex
[2023-04-28T11:28:31.172+0000] {logging_mixin.py:137} INFO - [2023-04-28T11:28:31.172+0000] {taskmixin.py:211} WARNING - Dependency <Task(BashOperator): create_tag>, delete_tag already registered for DAG: example_complex
[2023-04-28T11:28:31.174+0000] {logging_mixin.py:137} INFO - [2023-04-28T11:28:31.173+0000] {taskmixin.py:211} WARNING - Dependency <Task(BashOperator): delete_tag>, create_tag already registered for DAG: example_complex
[2023-04-28T11:28:31.183+0000] {processor.py:753} INFO - DAG(s) dict_keys(['example_complex']) retrieved from /home/airflow/.local/lib/python3.7/site-packages/airflow/example_dags/example_complex.py
[2023-04-28T11:28:31.231+0000] {logging_mixin.py:137} INFO - [2023-04-28T11:28:31.231+0000] {dag.py:2705} INFO - Sync 1 DAGs
[2023-04-28T11:28:31.272+0000] {logging_mixin.py:137} INFO - [2023-04-28T11:28:31.272+0000] {dag.py:3456} INFO - Setting next_dagrun for example_complex to None, run_after=None
[2023-04-28T11:28:31.305+0000] {processor.py:175} INFO - Processing /home/airflow/.local/lib/python3.7/site-packages/airflow/example_dags/example_complex.py took 0.164 seconds
[2023-04-28T11:29:02.124+0000] {processor.py:153} INFO - Started process (PID=2247) to work on /home/airflow/.local/lib/python3.7/site-packages/airflow/example_dags/example_complex.py
[2023-04-28T11:29:02.127+0000] {processor.py:743} INFO - Processing file /home/airflow/.local/lib/python3.7/site-packages/airflow/example_dags/example_complex.py for tasks to queue
[2023-04-28T11:29:02.129+0000] {logging_mixin.py:137} INFO - [2023-04-28T11:29:02.129+0000] {dagbag.py:532} INFO - Filling up the DagBag from /home/airflow/.local/lib/python3.7/site-packages/airflow/example_dags/example_complex.py
[2023-04-28T11:29:02.146+0000] {logging_mixin.py:137} INFO - [2023-04-28T11:29:02.146+0000] {taskmixin.py:211} WARNING - Dependency <Task(BashOperator): create_entry_group>, delete_entry_group already registered for DAG: example_complex
[2023-04-28T11:29:02.149+0000] {logging_mixin.py:137} INFO - [2023-04-28T11:29:02.149+0000] {taskmixin.py:211} WARNING - Dependency <Task(BashOperator): delete_entry_group>, create_entry_group already registered for DAG: example_complex
[2023-04-28T11:29:02.150+0000] {logging_mixin.py:137} INFO - [2023-04-28T11:29:02.150+0000] {taskmixin.py:211} WARNING - Dependency <Task(BashOperator): create_entry_gcs>, delete_entry already registered for DAG: example_complex
[2023-04-28T11:29:02.151+0000] {logging_mixin.py:137} INFO - [2023-04-28T11:29:02.151+0000] {taskmixin.py:211} WARNING - Dependency <Task(BashOperator): delete_entry>, create_entry_gcs already registered for DAG: example_complex
[2023-04-28T11:29:02.153+0000] {logging_mixin.py:137} INFO - [2023-04-28T11:29:02.153+0000] {taskmixin.py:211} WARNING - Dependency <Task(BashOperator): create_tag>, delete_tag already registered for DAG: example_complex
[2023-04-28T11:29:02.154+0000] {logging_mixin.py:137} INFO - [2023-04-28T11:29:02.153+0000] {taskmixin.py:211} WARNING - Dependency <Task(BashOperator): delete_tag>, create_tag already registered for DAG: example_complex
[2023-04-28T11:29:02.163+0000] {processor.py:753} INFO - DAG(s) dict_keys(['example_complex']) retrieved from /home/airflow/.local/lib/python3.7/site-packages/airflow/example_dags/example_complex.py
[2023-04-28T11:29:02.209+0000] {logging_mixin.py:137} INFO - [2023-04-28T11:29:02.209+0000] {dag.py:2705} INFO - Sync 1 DAGs
[2023-04-28T11:29:02.245+0000] {logging_mixin.py:137} INFO - [2023-04-28T11:29:02.245+0000] {dag.py:3456} INFO - Setting next_dagrun for example_complex to None, run_after=None
[2023-04-28T11:29:02.280+0000] {processor.py:175} INFO - Processing /home/airflow/.local/lib/python3.7/site-packages/airflow/example_dags/example_complex.py took 0.162 seconds
[2023-04-28T11:29:32.501+0000] {processor.py:153} INFO - Started process (PID=2465) to work on /home/airflow/.local/lib/python3.7/site-packages/airflow/example_dags/example_complex.py
[2023-04-28T11:29:32.504+0000] {processor.py:743} INFO - Processing file /home/airflow/.local/lib/python3.7/site-packages/airflow/example_dags/example_complex.py for tasks to queue
[2023-04-28T11:29:32.506+0000] {logging_mixin.py:137} INFO - [2023-04-28T11:29:32.506+0000] {dagbag.py:532} INFO - Filling up the DagBag from /home/airflow/.local/lib/python3.7/site-packages/airflow/example_dags/example_complex.py
[2023-04-28T11:29:32.525+0000] {logging_mixin.py:137} INFO - [2023-04-28T11:29:32.525+0000] {taskmixin.py:211} WARNING - Dependency <Task(BashOperator): create_entry_group>, delete_entry_group already registered for DAG: example_complex
[2023-04-28T11:29:32.526+0000] {logging_mixin.py:137} INFO - [2023-04-28T11:29:32.526+0000] {taskmixin.py:211} WARNING - Dependency <Task(BashOperator): delete_entry_group>, create_entry_group already registered for DAG: example_complex
[2023-04-28T11:29:32.528+0000] {logging_mixin.py:137} INFO - [2023-04-28T11:29:32.528+0000] {taskmixin.py:211} WARNING - Dependency <Task(BashOperator): create_entry_gcs>, delete_entry already registered for DAG: example_complex
[2023-04-28T11:29:32.529+0000] {logging_mixin.py:137} INFO - [2023-04-28T11:29:32.529+0000] {taskmixin.py:211} WARNING - Dependency <Task(BashOperator): delete_entry>, create_entry_gcs already registered for DAG: example_complex
[2023-04-28T11:29:32.530+0000] {logging_mixin.py:137} INFO - [2023-04-28T11:29:32.530+0000] {taskmixin.py:211} WARNING - Dependency <Task(BashOperator): create_tag>, delete_tag already registered for DAG: example_complex
[2023-04-28T11:29:32.532+0000] {logging_mixin.py:137} INFO - [2023-04-28T11:29:32.532+0000] {taskmixin.py:211} WARNING - Dependency <Task(BashOperator): delete_tag>, create_tag already registered for DAG: example_complex
[2023-04-28T11:29:32.541+0000] {processor.py:753} INFO - DAG(s) dict_keys(['example_complex']) retrieved from /home/airflow/.local/lib/python3.7/site-packages/airflow/example_dags/example_complex.py
[2023-04-28T11:29:32.584+0000] {logging_mixin.py:137} INFO - [2023-04-28T11:29:32.583+0000] {dag.py:2705} INFO - Sync 1 DAGs
[2023-04-28T11:29:32.619+0000] {logging_mixin.py:137} INFO - [2023-04-28T11:29:32.619+0000] {dag.py:3456} INFO - Setting next_dagrun for example_complex to None, run_after=None
[2023-04-28T11:29:32.657+0000] {processor.py:175} INFO - Processing /home/airflow/.local/lib/python3.7/site-packages/airflow/example_dags/example_complex.py took 0.161 seconds
[2023-04-28T11:30:03.678+0000] {processor.py:153} INFO - Started process (PID=2683) to work on /home/airflow/.local/lib/python3.7/site-packages/airflow/example_dags/example_complex.py
[2023-04-28T11:30:03.680+0000] {processor.py:743} INFO - Processing file /home/airflow/.local/lib/python3.7/site-packages/airflow/example_dags/example_complex.py for tasks to queue
[2023-04-28T11:30:03.682+0000] {logging_mixin.py:137} INFO - [2023-04-28T11:30:03.682+0000] {dagbag.py:532} INFO - Filling up the DagBag from /home/airflow/.local/lib/python3.7/site-packages/airflow/example_dags/example_complex.py
[2023-04-28T11:30:03.702+0000] {logging_mixin.py:137} INFO - [2023-04-28T11:30:03.701+0000] {taskmixin.py:211} WARNING - Dependency <Task(BashOperator): create_entry_group>, delete_entry_group already registered for DAG: example_complex
[2023-04-28T11:30:03.703+0000] {logging_mixin.py:137} INFO - [2023-04-28T11:30:03.703+0000] {taskmixin.py:211} WARNING - Dependency <Task(BashOperator): delete_entry_group>, create_entry_group already registered for DAG: example_complex
[2023-04-28T11:30:03.705+0000] {logging_mixin.py:137} INFO - [2023-04-28T11:30:03.704+0000] {taskmixin.py:211} WARNING - Dependency <Task(BashOperator): create_entry_gcs>, delete_entry already registered for DAG: example_complex
[2023-04-28T11:30:03.706+0000] {logging_mixin.py:137} INFO - [2023-04-28T11:30:03.706+0000] {taskmixin.py:211} WARNING - Dependency <Task(BashOperator): delete_entry>, create_entry_gcs already registered for DAG: example_complex
[2023-04-28T11:30:03.707+0000] {logging_mixin.py:137} INFO - [2023-04-28T11:30:03.707+0000] {taskmixin.py:211} WARNING - Dependency <Task(BashOperator): create_tag>, delete_tag already registered for DAG: example_complex
[2023-04-28T11:30:03.708+0000] {logging_mixin.py:137} INFO - [2023-04-28T11:30:03.708+0000] {taskmixin.py:211} WARNING - Dependency <Task(BashOperator): delete_tag>, create_tag already registered for DAG: example_complex
[2023-04-28T11:30:03.718+0000] {processor.py:753} INFO - DAG(s) dict_keys(['example_complex']) retrieved from /home/airflow/.local/lib/python3.7/site-packages/airflow/example_dags/example_complex.py
[2023-04-28T11:30:03.764+0000] {logging_mixin.py:137} INFO - [2023-04-28T11:30:03.764+0000] {dag.py:2705} INFO - Sync 1 DAGs
[2023-04-28T11:30:03.804+0000] {logging_mixin.py:137} INFO - [2023-04-28T11:30:03.803+0000] {dag.py:3456} INFO - Setting next_dagrun for example_complex to None, run_after=None
[2023-04-28T11:30:03.836+0000] {processor.py:175} INFO - Processing /home/airflow/.local/lib/python3.7/site-packages/airflow/example_dags/example_complex.py took 0.162 seconds
[2023-04-28T11:30:34.793+0000] {processor.py:153} INFO - Started process (PID=2901) to work on /home/airflow/.local/lib/python3.7/site-packages/airflow/example_dags/example_complex.py
[2023-04-28T11:30:34.795+0000] {processor.py:743} INFO - Processing file /home/airflow/.local/lib/python3.7/site-packages/airflow/example_dags/example_complex.py for tasks to queue
[2023-04-28T11:30:34.797+0000] {logging_mixin.py:137} INFO - [2023-04-28T11:30:34.797+0000] {dagbag.py:532} INFO - Filling up the DagBag from /home/airflow/.local/lib/python3.7/site-packages/airflow/example_dags/example_complex.py
[2023-04-28T11:30:34.814+0000] {logging_mixin.py:137} INFO - [2023-04-28T11:30:34.814+0000] {taskmixin.py:211} WARNING - Dependency <Task(BashOperator): create_entry_group>, delete_entry_group already registered for DAG: example_complex
[2023-04-28T11:30:34.815+0000] {logging_mixin.py:137} INFO - [2023-04-28T11:30:34.815+0000] {taskmixin.py:211} WARNING - Dependency <Task(BashOperator): delete_entry_group>, create_entry_group already registered for DAG: example_complex
[2023-04-28T11:30:34.817+0000] {logging_mixin.py:137} INFO - [2023-04-28T11:30:34.817+0000] {taskmixin.py:211} WARNING - Dependency <Task(BashOperator): create_entry_gcs>, delete_entry already registered for DAG: example_complex
[2023-04-28T11:30:34.818+0000] {logging_mixin.py:137} INFO - [2023-04-28T11:30:34.818+0000] {taskmixin.py:211} WARNING - Dependency <Task(BashOperator): delete_entry>, create_entry_gcs already registered for DAG: example_complex
[2023-04-28T11:30:34.819+0000] {logging_mixin.py:137} INFO - [2023-04-28T11:30:34.819+0000] {taskmixin.py:211} WARNING - Dependency <Task(BashOperator): create_tag>, delete_tag already registered for DAG: example_complex
[2023-04-28T11:30:34.820+0000] {logging_mixin.py:137} INFO - [2023-04-28T11:30:34.819+0000] {taskmixin.py:211} WARNING - Dependency <Task(BashOperator): delete_tag>, create_tag already registered for DAG: example_complex
[2023-04-28T11:30:34.828+0000] {processor.py:753} INFO - DAG(s) dict_keys(['example_complex']) retrieved from /home/airflow/.local/lib/python3.7/site-packages/airflow/example_dags/example_complex.py
[2023-04-28T11:30:34.868+0000] {logging_mixin.py:137} INFO - [2023-04-28T11:30:34.868+0000] {dag.py:2705} INFO - Sync 1 DAGs
[2023-04-28T11:30:34.897+0000] {logging_mixin.py:137} INFO - [2023-04-28T11:30:34.897+0000] {dag.py:3456} INFO - Setting next_dagrun for example_complex to None, run_after=None
[2023-04-28T11:30:34.918+0000] {processor.py:175} INFO - Processing /home/airflow/.local/lib/python3.7/site-packages/airflow/example_dags/example_complex.py took 0.129 seconds
[2023-04-28T11:31:05.305+0000] {processor.py:153} INFO - Started process (PID=3118) to work on /home/airflow/.local/lib/python3.7/site-packages/airflow/example_dags/example_complex.py
[2023-04-28T11:31:05.307+0000] {processor.py:743} INFO - Processing file /home/airflow/.local/lib/python3.7/site-packages/airflow/example_dags/example_complex.py for tasks to queue
[2023-04-28T11:31:05.310+0000] {logging_mixin.py:137} INFO - [2023-04-28T11:31:05.309+0000] {dagbag.py:532} INFO - Filling up the DagBag from /home/airflow/.local/lib/python3.7/site-packages/airflow/example_dags/example_complex.py
[2023-04-28T11:31:05.331+0000] {logging_mixin.py:137} INFO - [2023-04-28T11:31:05.331+0000] {taskmixin.py:211} WARNING - Dependency <Task(BashOperator): create_entry_group>, delete_entry_group already registered for DAG: example_complex
[2023-04-28T11:31:05.333+0000] {logging_mixin.py:137} INFO - [2023-04-28T11:31:05.333+0000] {taskmixin.py:211} WARNING - Dependency <Task(BashOperator): delete_entry_group>, create_entry_group already registered for DAG: example_complex
[2023-04-28T11:31:05.334+0000] {logging_mixin.py:137} INFO - [2023-04-28T11:31:05.334+0000] {taskmixin.py:211} WARNING - Dependency <Task(BashOperator): create_entry_gcs>, delete_entry already registered for DAG: example_complex
[2023-04-28T11:31:05.335+0000] {logging_mixin.py:137} INFO - [2023-04-28T11:31:05.335+0000] {taskmixin.py:211} WARNING - Dependency <Task(BashOperator): delete_entry>, create_entry_gcs already registered for DAG: example_complex
[2023-04-28T11:31:05.336+0000] {logging_mixin.py:137} INFO - [2023-04-28T11:31:05.336+0000] {taskmixin.py:211} WARNING - Dependency <Task(BashOperator): create_tag>, delete_tag already registered for DAG: example_complex
[2023-04-28T11:31:05.337+0000] {logging_mixin.py:137} INFO - [2023-04-28T11:31:05.337+0000] {taskmixin.py:211} WARNING - Dependency <Task(BashOperator): delete_tag>, create_tag already registered for DAG: example_complex
[2023-04-28T11:31:05.349+0000] {processor.py:753} INFO - DAG(s) dict_keys(['example_complex']) retrieved from /home/airflow/.local/lib/python3.7/site-packages/airflow/example_dags/example_complex.py
[2023-04-28T11:31:05.406+0000] {logging_mixin.py:137} INFO - [2023-04-28T11:31:05.406+0000] {dag.py:2705} INFO - Sync 1 DAGs
[2023-04-28T11:31:05.449+0000] {logging_mixin.py:137} INFO - [2023-04-28T11:31:05.449+0000] {dag.py:3456} INFO - Setting next_dagrun for example_complex to None, run_after=None
[2023-04-28T11:31:05.478+0000] {processor.py:175} INFO - Processing /home/airflow/.local/lib/python3.7/site-packages/airflow/example_dags/example_complex.py took 0.177 seconds
[2023-04-28T11:31:35.740+0000] {processor.py:153} INFO - Started process (PID=3334) to work on /home/airflow/.local/lib/python3.7/site-packages/airflow/example_dags/example_complex.py
[2023-04-28T11:31:35.742+0000] {processor.py:743} INFO - Processing file /home/airflow/.local/lib/python3.7/site-packages/airflow/example_dags/example_complex.py for tasks to queue
[2023-04-28T11:31:35.745+0000] {logging_mixin.py:137} INFO - [2023-04-28T11:31:35.745+0000] {dagbag.py:532} INFO - Filling up the DagBag from /home/airflow/.local/lib/python3.7/site-packages/airflow/example_dags/example_complex.py
[2023-04-28T11:31:35.763+0000] {logging_mixin.py:137} INFO - [2023-04-28T11:31:35.763+0000] {taskmixin.py:211} WARNING - Dependency <Task(BashOperator): create_entry_group>, delete_entry_group already registered for DAG: example_complex
[2023-04-28T11:31:35.765+0000] {logging_mixin.py:137} INFO - [2023-04-28T11:31:35.764+0000] {taskmixin.py:211} WARNING - Dependency <Task(BashOperator): delete_entry_group>, create_entry_group already registered for DAG: example_complex
[2023-04-28T11:31:35.766+0000] {logging_mixin.py:137} INFO - [2023-04-28T11:31:35.766+0000] {taskmixin.py:211} WARNING - Dependency <Task(BashOperator): create_entry_gcs>, delete_entry already registered for DAG: example_complex
[2023-04-28T11:31:35.767+0000] {logging_mixin.py:137} INFO - [2023-04-28T11:31:35.767+0000] {taskmixin.py:211} WARNING - Dependency <Task(BashOperator): delete_entry>, create_entry_gcs already registered for DAG: example_complex
[2023-04-28T11:31:35.769+0000] {logging_mixin.py:137} INFO - [2023-04-28T11:31:35.769+0000] {taskmixin.py:211} WARNING - Dependency <Task(BashOperator): create_tag>, delete_tag already registered for DAG: example_complex
[2023-04-28T11:31:35.770+0000] {logging_mixin.py:137} INFO - [2023-04-28T11:31:35.770+0000] {taskmixin.py:211} WARNING - Dependency <Task(BashOperator): delete_tag>, create_tag already registered for DAG: example_complex
[2023-04-28T11:31:35.780+0000] {processor.py:753} INFO - DAG(s) dict_keys(['example_complex']) retrieved from /home/airflow/.local/lib/python3.7/site-packages/airflow/example_dags/example_complex.py
[2023-04-28T11:31:35.825+0000] {logging_mixin.py:137} INFO - [2023-04-28T11:31:35.825+0000] {dag.py:2705} INFO - Sync 1 DAGs
[2023-04-28T11:31:35.856+0000] {logging_mixin.py:137} INFO - [2023-04-28T11:31:35.855+0000] {dag.py:3456} INFO - Setting next_dagrun for example_complex to None, run_after=None
[2023-04-28T11:31:35.880+0000] {processor.py:175} INFO - Processing /home/airflow/.local/lib/python3.7/site-packages/airflow/example_dags/example_complex.py took 0.145 seconds
[2023-04-28T11:32:06.103+0000] {processor.py:153} INFO - Started process (PID=3553) to work on /home/airflow/.local/lib/python3.7/site-packages/airflow/example_dags/example_complex.py
[2023-04-28T11:32:06.105+0000] {processor.py:743} INFO - Processing file /home/airflow/.local/lib/python3.7/site-packages/airflow/example_dags/example_complex.py for tasks to queue
[2023-04-28T11:32:06.107+0000] {logging_mixin.py:137} INFO - [2023-04-28T11:32:06.107+0000] {dagbag.py:532} INFO - Filling up the DagBag from /home/airflow/.local/lib/python3.7/site-packages/airflow/example_dags/example_complex.py
[2023-04-28T11:32:06.124+0000] {logging_mixin.py:137} INFO - [2023-04-28T11:32:06.123+0000] {taskmixin.py:211} WARNING - Dependency <Task(BashOperator): create_entry_group>, delete_entry_group already registered for DAG: example_complex
[2023-04-28T11:32:06.125+0000] {logging_mixin.py:137} INFO - [2023-04-28T11:32:06.125+0000] {taskmixin.py:211} WARNING - Dependency <Task(BashOperator): delete_entry_group>, create_entry_group already registered for DAG: example_complex
[2023-04-28T11:32:06.126+0000] {logging_mixin.py:137} INFO - [2023-04-28T11:32:06.126+0000] {taskmixin.py:211} WARNING - Dependency <Task(BashOperator): create_entry_gcs>, delete_entry already registered for DAG: example_complex
[2023-04-28T11:32:06.127+0000] {logging_mixin.py:137} INFO - [2023-04-28T11:32:06.127+0000] {taskmixin.py:211} WARNING - Dependency <Task(BashOperator): delete_entry>, create_entry_gcs already registered for DAG: example_complex
[2023-04-28T11:32:06.129+0000] {logging_mixin.py:137} INFO - [2023-04-28T11:32:06.129+0000] {taskmixin.py:211} WARNING - Dependency <Task(BashOperator): create_tag>, delete_tag already registered for DAG: example_complex
[2023-04-28T11:32:06.130+0000] {logging_mixin.py:137} INFO - [2023-04-28T11:32:06.130+0000] {taskmixin.py:211} WARNING - Dependency <Task(BashOperator): delete_tag>, create_tag already registered for DAG: example_complex
[2023-04-28T11:32:06.138+0000] {processor.py:753} INFO - DAG(s) dict_keys(['example_complex']) retrieved from /home/airflow/.local/lib/python3.7/site-packages/airflow/example_dags/example_complex.py
[2023-04-28T11:32:06.180+0000] {logging_mixin.py:137} INFO - [2023-04-28T11:32:06.180+0000] {dag.py:2705} INFO - Sync 1 DAGs
[2023-04-28T11:32:06.208+0000] {logging_mixin.py:137} INFO - [2023-04-28T11:32:06.208+0000] {dag.py:3456} INFO - Setting next_dagrun for example_complex to None, run_after=None
[2023-04-28T11:32:06.231+0000] {processor.py:175} INFO - Processing /home/airflow/.local/lib/python3.7/site-packages/airflow/example_dags/example_complex.py took 0.132 seconds
[2023-04-28T11:32:36.371+0000] {processor.py:153} INFO - Started process (PID=3770) to work on /home/airflow/.local/lib/python3.7/site-packages/airflow/example_dags/example_complex.py
[2023-04-28T11:32:36.373+0000] {processor.py:743} INFO - Processing file /home/airflow/.local/lib/python3.7/site-packages/airflow/example_dags/example_complex.py for tasks to queue
[2023-04-28T11:32:36.375+0000] {logging_mixin.py:137} INFO - [2023-04-28T11:32:36.375+0000] {dagbag.py:532} INFO - Filling up the DagBag from /home/airflow/.local/lib/python3.7/site-packages/airflow/example_dags/example_complex.py
[2023-04-28T11:32:36.392+0000] {logging_mixin.py:137} INFO - [2023-04-28T11:32:36.391+0000] {taskmixin.py:211} WARNING - Dependency <Task(BashOperator): create_entry_group>, delete_entry_group already registered for DAG: example_complex
[2023-04-28T11:32:36.393+0000] {logging_mixin.py:137} INFO - [2023-04-28T11:32:36.393+0000] {taskmixin.py:211} WARNING - Dependency <Task(BashOperator): delete_entry_group>, create_entry_group already registered for DAG: example_complex
[2023-04-28T11:32:36.394+0000] {logging_mixin.py:137} INFO - [2023-04-28T11:32:36.394+0000] {taskmixin.py:211} WARNING - Dependency <Task(BashOperator): create_entry_gcs>, delete_entry already registered for DAG: example_complex
[2023-04-28T11:32:36.395+0000] {logging_mixin.py:137} INFO - [2023-04-28T11:32:36.395+0000] {taskmixin.py:211} WARNING - Dependency <Task(BashOperator): delete_entry>, create_entry_gcs already registered for DAG: example_complex
[2023-04-28T11:32:36.396+0000] {logging_mixin.py:137} INFO - [2023-04-28T11:32:36.396+0000] {taskmixin.py:211} WARNING - Dependency <Task(BashOperator): create_tag>, delete_tag already registered for DAG: example_complex
[2023-04-28T11:32:36.397+0000] {logging_mixin.py:137} INFO - [2023-04-28T11:32:36.397+0000] {taskmixin.py:211} WARNING - Dependency <Task(BashOperator): delete_tag>, create_tag already registered for DAG: example_complex
[2023-04-28T11:32:36.406+0000] {processor.py:753} INFO - DAG(s) dict_keys(['example_complex']) retrieved from /home/airflow/.local/lib/python3.7/site-packages/airflow/example_dags/example_complex.py
[2023-04-28T11:32:36.447+0000] {logging_mixin.py:137} INFO - [2023-04-28T11:32:36.447+0000] {dag.py:2705} INFO - Sync 1 DAGs
[2023-04-28T11:32:36.479+0000] {logging_mixin.py:137} INFO - [2023-04-28T11:32:36.478+0000] {dag.py:3456} INFO - Setting next_dagrun for example_complex to None, run_after=None
[2023-04-28T11:32:36.510+0000] {processor.py:175} INFO - Processing /home/airflow/.local/lib/python3.7/site-packages/airflow/example_dags/example_complex.py took 0.144 seconds
[2023-04-28T11:33:06.743+0000] {processor.py:153} INFO - Started process (PID=3988) to work on /home/airflow/.local/lib/python3.7/site-packages/airflow/example_dags/example_complex.py
[2023-04-28T11:33:06.746+0000] {processor.py:743} INFO - Processing file /home/airflow/.local/lib/python3.7/site-packages/airflow/example_dags/example_complex.py for tasks to queue
[2023-04-28T11:33:06.748+0000] {logging_mixin.py:137} INFO - [2023-04-28T11:33:06.748+0000] {dagbag.py:532} INFO - Filling up the DagBag from /home/airflow/.local/lib/python3.7/site-packages/airflow/example_dags/example_complex.py
[2023-04-28T11:33:06.765+0000] {logging_mixin.py:137} INFO - [2023-04-28T11:33:06.764+0000] {taskmixin.py:211} WARNING - Dependency <Task(BashOperator): create_entry_group>, delete_entry_group already registered for DAG: example_complex
[2023-04-28T11:33:06.766+0000] {logging_mixin.py:137} INFO - [2023-04-28T11:33:06.766+0000] {taskmixin.py:211} WARNING - Dependency <Task(BashOperator): delete_entry_group>, create_entry_group already registered for DAG: example_complex
[2023-04-28T11:33:06.767+0000] {logging_mixin.py:137} INFO - [2023-04-28T11:33:06.767+0000] {taskmixin.py:211} WARNING - Dependency <Task(BashOperator): create_entry_gcs>, delete_entry already registered for DAG: example_complex
[2023-04-28T11:33:06.768+0000] {logging_mixin.py:137} INFO - [2023-04-28T11:33:06.768+0000] {taskmixin.py:211} WARNING - Dependency <Task(BashOperator): delete_entry>, create_entry_gcs already registered for DAG: example_complex
[2023-04-28T11:33:06.769+0000] {logging_mixin.py:137} INFO - [2023-04-28T11:33:06.769+0000] {taskmixin.py:211} WARNING - Dependency <Task(BashOperator): create_tag>, delete_tag already registered for DAG: example_complex
[2023-04-28T11:33:06.770+0000] {logging_mixin.py:137} INFO - [2023-04-28T11:33:06.770+0000] {taskmixin.py:211} WARNING - Dependency <Task(BashOperator): delete_tag>, create_tag already registered for DAG: example_complex
[2023-04-28T11:33:06.779+0000] {processor.py:753} INFO - DAG(s) dict_keys(['example_complex']) retrieved from /home/airflow/.local/lib/python3.7/site-packages/airflow/example_dags/example_complex.py
[2023-04-28T11:33:06.822+0000] {logging_mixin.py:137} INFO - [2023-04-28T11:33:06.822+0000] {dag.py:2705} INFO - Sync 1 DAGs
[2023-04-28T11:33:06.851+0000] {logging_mixin.py:137} INFO - [2023-04-28T11:33:06.851+0000] {dag.py:3456} INFO - Setting next_dagrun for example_complex to None, run_after=None
[2023-04-28T11:33:06.871+0000] {processor.py:175} INFO - Processing /home/airflow/.local/lib/python3.7/site-packages/airflow/example_dags/example_complex.py took 0.134 seconds
[2023-04-28T11:33:37.092+0000] {processor.py:153} INFO - Started process (PID=4206) to work on /home/airflow/.local/lib/python3.7/site-packages/airflow/example_dags/example_complex.py
[2023-04-28T11:33:37.095+0000] {processor.py:743} INFO - Processing file /home/airflow/.local/lib/python3.7/site-packages/airflow/example_dags/example_complex.py for tasks to queue
[2023-04-28T11:33:37.097+0000] {logging_mixin.py:137} INFO - [2023-04-28T11:33:37.097+0000] {dagbag.py:532} INFO - Filling up the DagBag from /home/airflow/.local/lib/python3.7/site-packages/airflow/example_dags/example_complex.py
[2023-04-28T11:33:37.114+0000] {logging_mixin.py:137} INFO - [2023-04-28T11:33:37.113+0000] {taskmixin.py:211} WARNING - Dependency <Task(BashOperator): create_entry_group>, delete_entry_group already registered for DAG: example_complex
[2023-04-28T11:33:37.115+0000] {logging_mixin.py:137} INFO - [2023-04-28T11:33:37.115+0000] {taskmixin.py:211} WARNING - Dependency <Task(BashOperator): delete_entry_group>, create_entry_group already registered for DAG: example_complex
[2023-04-28T11:33:37.116+0000] {logging_mixin.py:137} INFO - [2023-04-28T11:33:37.116+0000] {taskmixin.py:211} WARNING - Dependency <Task(BashOperator): create_entry_gcs>, delete_entry already registered for DAG: example_complex
[2023-04-28T11:33:37.117+0000] {logging_mixin.py:137} INFO - [2023-04-28T11:33:37.117+0000] {taskmixin.py:211} WARNING - Dependency <Task(BashOperator): delete_entry>, create_entry_gcs already registered for DAG: example_complex
[2023-04-28T11:33:37.119+0000] {logging_mixin.py:137} INFO - [2023-04-28T11:33:37.119+0000] {taskmixin.py:211} WARNING - Dependency <Task(BashOperator): create_tag>, delete_tag already registered for DAG: example_complex
[2023-04-28T11:33:37.120+0000] {logging_mixin.py:137} INFO - [2023-04-28T11:33:37.120+0000] {taskmixin.py:211} WARNING - Dependency <Task(BashOperator): delete_tag>, create_tag already registered for DAG: example_complex
[2023-04-28T11:33:37.129+0000] {processor.py:753} INFO - DAG(s) dict_keys(['example_complex']) retrieved from /home/airflow/.local/lib/python3.7/site-packages/airflow/example_dags/example_complex.py
[2023-04-28T11:33:37.170+0000] {logging_mixin.py:137} INFO - [2023-04-28T11:33:37.170+0000] {dag.py:2705} INFO - Sync 1 DAGs
[2023-04-28T11:33:37.199+0000] {logging_mixin.py:137} INFO - [2023-04-28T11:33:37.199+0000] {dag.py:3456} INFO - Setting next_dagrun for example_complex to None, run_after=None
[2023-04-28T11:33:37.220+0000] {processor.py:175} INFO - Processing /home/airflow/.local/lib/python3.7/site-packages/airflow/example_dags/example_complex.py took 0.133 seconds
[2023-04-28T11:34:07.355+0000] {processor.py:153} INFO - Started process (PID=4426) to work on /home/airflow/.local/lib/python3.7/site-packages/airflow/example_dags/example_complex.py
[2023-04-28T11:34:07.358+0000] {processor.py:743} INFO - Processing file /home/airflow/.local/lib/python3.7/site-packages/airflow/example_dags/example_complex.py for tasks to queue
[2023-04-28T11:34:07.359+0000] {logging_mixin.py:137} INFO - [2023-04-28T11:34:07.359+0000] {dagbag.py:532} INFO - Filling up the DagBag from /home/airflow/.local/lib/python3.7/site-packages/airflow/example_dags/example_complex.py
[2023-04-28T11:34:07.376+0000] {logging_mixin.py:137} INFO - [2023-04-28T11:34:07.376+0000] {taskmixin.py:211} WARNING - Dependency <Task(BashOperator): create_entry_group>, delete_entry_group already registered for DAG: example_complex
[2023-04-28T11:34:07.378+0000] {logging_mixin.py:137} INFO - [2023-04-28T11:34:07.377+0000] {taskmixin.py:211} WARNING - Dependency <Task(BashOperator): delete_entry_group>, create_entry_group already registered for DAG: example_complex
[2023-04-28T11:34:07.379+0000] {logging_mixin.py:137} INFO - [2023-04-28T11:34:07.379+0000] {taskmixin.py:211} WARNING - Dependency <Task(BashOperator): create_entry_gcs>, delete_entry already registered for DAG: example_complex
[2023-04-28T11:34:07.380+0000] {logging_mixin.py:137} INFO - [2023-04-28T11:34:07.380+0000] {taskmixin.py:211} WARNING - Dependency <Task(BashOperator): delete_entry>, create_entry_gcs already registered for DAG: example_complex
[2023-04-28T11:34:07.381+0000] {logging_mixin.py:137} INFO - [2023-04-28T11:34:07.381+0000] {taskmixin.py:211} WARNING - Dependency <Task(BashOperator): create_tag>, delete_tag already registered for DAG: example_complex
[2023-04-28T11:34:07.382+0000] {logging_mixin.py:137} INFO - [2023-04-28T11:34:07.382+0000] {taskmixin.py:211} WARNING - Dependency <Task(BashOperator): delete_tag>, create_tag already registered for DAG: example_complex
[2023-04-28T11:34:07.391+0000] {processor.py:753} INFO - DAG(s) dict_keys(['example_complex']) retrieved from /home/airflow/.local/lib/python3.7/site-packages/airflow/example_dags/example_complex.py
[2023-04-28T11:34:07.431+0000] {logging_mixin.py:137} INFO - [2023-04-28T11:34:07.431+0000] {dag.py:2705} INFO - Sync 1 DAGs
[2023-04-28T11:34:07.460+0000] {logging_mixin.py:137} INFO - [2023-04-28T11:34:07.460+0000] {dag.py:3456} INFO - Setting next_dagrun for example_complex to None, run_after=None
[2023-04-28T11:34:07.482+0000] {processor.py:175} INFO - Processing /home/airflow/.local/lib/python3.7/site-packages/airflow/example_dags/example_complex.py took 0.131 seconds
[2023-04-28T11:34:37.997+0000] {processor.py:153} INFO - Started process (PID=4644) to work on /home/airflow/.local/lib/python3.7/site-packages/airflow/example_dags/example_complex.py
[2023-04-28T11:34:38.000+0000] {processor.py:743} INFO - Processing file /home/airflow/.local/lib/python3.7/site-packages/airflow/example_dags/example_complex.py for tasks to queue
[2023-04-28T11:34:38.003+0000] {logging_mixin.py:137} INFO - [2023-04-28T11:34:38.003+0000] {dagbag.py:532} INFO - Filling up the DagBag from /home/airflow/.local/lib/python3.7/site-packages/airflow/example_dags/example_complex.py
[2023-04-28T11:34:38.026+0000] {logging_mixin.py:137} INFO - [2023-04-28T11:34:38.026+0000] {taskmixin.py:211} WARNING - Dependency <Task(BashOperator): create_entry_group>, delete_entry_group already registered for DAG: example_complex
[2023-04-28T11:34:38.028+0000] {logging_mixin.py:137} INFO - [2023-04-28T11:34:38.028+0000] {taskmixin.py:211} WARNING - Dependency <Task(BashOperator): delete_entry_group>, create_entry_group already registered for DAG: example_complex
[2023-04-28T11:34:38.030+0000] {logging_mixin.py:137} INFO - [2023-04-28T11:34:38.029+0000] {taskmixin.py:211} WARNING - Dependency <Task(BashOperator): create_entry_gcs>, delete_entry already registered for DAG: example_complex
[2023-04-28T11:34:38.031+0000] {logging_mixin.py:137} INFO - [2023-04-28T11:34:38.031+0000] {taskmixin.py:211} WARNING - Dependency <Task(BashOperator): delete_entry>, create_entry_gcs already registered for DAG: example_complex
[2023-04-28T11:34:38.033+0000] {logging_mixin.py:137} INFO - [2023-04-28T11:34:38.033+0000] {taskmixin.py:211} WARNING - Dependency <Task(BashOperator): create_tag>, delete_tag already registered for DAG: example_complex
[2023-04-28T11:34:38.035+0000] {logging_mixin.py:137} INFO - [2023-04-28T11:34:38.034+0000] {taskmixin.py:211} WARNING - Dependency <Task(BashOperator): delete_tag>, create_tag already registered for DAG: example_complex
[2023-04-28T11:34:38.046+0000] {processor.py:753} INFO - DAG(s) dict_keys(['example_complex']) retrieved from /home/airflow/.local/lib/python3.7/site-packages/airflow/example_dags/example_complex.py
[2023-04-28T11:34:38.102+0000] {logging_mixin.py:137} INFO - [2023-04-28T11:34:38.102+0000] {dag.py:2705} INFO - Sync 1 DAGs
[2023-04-28T11:34:38.141+0000] {logging_mixin.py:137} INFO - [2023-04-28T11:34:38.141+0000] {dag.py:3456} INFO - Setting next_dagrun for example_complex to None, run_after=None
[2023-04-28T11:34:38.165+0000] {processor.py:175} INFO - Processing /home/airflow/.local/lib/python3.7/site-packages/airflow/example_dags/example_complex.py took 0.173 seconds
[2023-04-28T11:35:08.870+0000] {processor.py:153} INFO - Started process (PID=4860) to work on /home/airflow/.local/lib/python3.7/site-packages/airflow/example_dags/example_complex.py
[2023-04-28T11:35:08.872+0000] {processor.py:743} INFO - Processing file /home/airflow/.local/lib/python3.7/site-packages/airflow/example_dags/example_complex.py for tasks to queue
[2023-04-28T11:35:08.874+0000] {logging_mixin.py:137} INFO - [2023-04-28T11:35:08.874+0000] {dagbag.py:532} INFO - Filling up the DagBag from /home/airflow/.local/lib/python3.7/site-packages/airflow/example_dags/example_complex.py
[2023-04-28T11:35:08.893+0000] {logging_mixin.py:137} INFO - [2023-04-28T11:35:08.893+0000] {taskmixin.py:211} WARNING - Dependency <Task(BashOperator): create_entry_group>, delete_entry_group already registered for DAG: example_complex
[2023-04-28T11:35:08.895+0000] {logging_mixin.py:137} INFO - [2023-04-28T11:35:08.895+0000] {taskmixin.py:211} WARNING - Dependency <Task(BashOperator): delete_entry_group>, create_entry_group already registered for DAG: example_complex
[2023-04-28T11:35:08.896+0000] {logging_mixin.py:137} INFO - [2023-04-28T11:35:08.896+0000] {taskmixin.py:211} WARNING - Dependency <Task(BashOperator): create_entry_gcs>, delete_entry already registered for DAG: example_complex
[2023-04-28T11:35:08.897+0000] {logging_mixin.py:137} INFO - [2023-04-28T11:35:08.897+0000] {taskmixin.py:211} WARNING - Dependency <Task(BashOperator): delete_entry>, create_entry_gcs already registered for DAG: example_complex
[2023-04-28T11:35:08.899+0000] {logging_mixin.py:137} INFO - [2023-04-28T11:35:08.899+0000] {taskmixin.py:211} WARNING - Dependency <Task(BashOperator): create_tag>, delete_tag already registered for DAG: example_complex
[2023-04-28T11:35:08.900+0000] {logging_mixin.py:137} INFO - [2023-04-28T11:35:08.900+0000] {taskmixin.py:211} WARNING - Dependency <Task(BashOperator): delete_tag>, create_tag already registered for DAG: example_complex
[2023-04-28T11:35:08.910+0000] {processor.py:753} INFO - DAG(s) dict_keys(['example_complex']) retrieved from /home/airflow/.local/lib/python3.7/site-packages/airflow/example_dags/example_complex.py
[2023-04-28T11:35:08.953+0000] {logging_mixin.py:137} INFO - [2023-04-28T11:35:08.953+0000] {dag.py:2705} INFO - Sync 1 DAGs
[2023-04-28T11:35:08.983+0000] {logging_mixin.py:137} INFO - [2023-04-28T11:35:08.983+0000] {dag.py:3456} INFO - Setting next_dagrun for example_complex to None, run_after=None
[2023-04-28T11:35:09.005+0000] {processor.py:175} INFO - Processing /home/airflow/.local/lib/python3.7/site-packages/airflow/example_dags/example_complex.py took 0.139 seconds
[2023-04-28T11:35:40.190+0000] {processor.py:153} INFO - Started process (PID=5080) to work on /home/airflow/.local/lib/python3.7/site-packages/airflow/example_dags/example_complex.py
[2023-04-28T11:35:40.193+0000] {processor.py:743} INFO - Processing file /home/airflow/.local/lib/python3.7/site-packages/airflow/example_dags/example_complex.py for tasks to queue
[2023-04-28T11:35:40.196+0000] {logging_mixin.py:137} INFO - [2023-04-28T11:35:40.196+0000] {dagbag.py:532} INFO - Filling up the DagBag from /home/airflow/.local/lib/python3.7/site-packages/airflow/example_dags/example_complex.py
[2023-04-28T11:35:40.217+0000] {logging_mixin.py:137} INFO - [2023-04-28T11:35:40.217+0000] {taskmixin.py:211} WARNING - Dependency <Task(BashOperator): create_entry_group>, delete_entry_group already registered for DAG: example_complex
[2023-04-28T11:35:40.218+0000] {logging_mixin.py:137} INFO - [2023-04-28T11:35:40.218+0000] {taskmixin.py:211} WARNING - Dependency <Task(BashOperator): delete_entry_group>, create_entry_group already registered for DAG: example_complex
[2023-04-28T11:35:40.219+0000] {logging_mixin.py:137} INFO - [2023-04-28T11:35:40.219+0000] {taskmixin.py:211} WARNING - Dependency <Task(BashOperator): create_entry_gcs>, delete_entry already registered for DAG: example_complex
[2023-04-28T11:35:40.220+0000] {logging_mixin.py:137} INFO - [2023-04-28T11:35:40.220+0000] {taskmixin.py:211} WARNING - Dependency <Task(BashOperator): delete_entry>, create_entry_gcs already registered for DAG: example_complex
[2023-04-28T11:35:40.222+0000] {logging_mixin.py:137} INFO - [2023-04-28T11:35:40.222+0000] {taskmixin.py:211} WARNING - Dependency <Task(BashOperator): create_tag>, delete_tag already registered for DAG: example_complex
[2023-04-28T11:35:40.223+0000] {logging_mixin.py:137} INFO - [2023-04-28T11:35:40.222+0000] {taskmixin.py:211} WARNING - Dependency <Task(BashOperator): delete_tag>, create_tag already registered for DAG: example_complex
[2023-04-28T11:35:40.232+0000] {processor.py:753} INFO - DAG(s) dict_keys(['example_complex']) retrieved from /home/airflow/.local/lib/python3.7/site-packages/airflow/example_dags/example_complex.py
[2023-04-28T11:35:40.279+0000] {logging_mixin.py:137} INFO - [2023-04-28T11:35:40.278+0000] {dag.py:2705} INFO - Sync 1 DAGs
[2023-04-28T11:35:40.318+0000] {logging_mixin.py:137} INFO - [2023-04-28T11:35:40.317+0000] {dag.py:3456} INFO - Setting next_dagrun for example_complex to None, run_after=None
[2023-04-28T11:35:40.349+0000] {processor.py:175} INFO - Processing /home/airflow/.local/lib/python3.7/site-packages/airflow/example_dags/example_complex.py took 0.163 seconds
[2023-04-28T11:36:10.677+0000] {processor.py:153} INFO - Started process (PID=5298) to work on /home/airflow/.local/lib/python3.7/site-packages/airflow/example_dags/example_complex.py
[2023-04-28T11:36:10.680+0000] {processor.py:743} INFO - Processing file /home/airflow/.local/lib/python3.7/site-packages/airflow/example_dags/example_complex.py for tasks to queue
[2023-04-28T11:36:10.682+0000] {logging_mixin.py:137} INFO - [2023-04-28T11:36:10.682+0000] {dagbag.py:532} INFO - Filling up the DagBag from /home/airflow/.local/lib/python3.7/site-packages/airflow/example_dags/example_complex.py
[2023-04-28T11:36:10.703+0000] {logging_mixin.py:137} INFO - [2023-04-28T11:36:10.703+0000] {taskmixin.py:211} WARNING - Dependency <Task(BashOperator): create_entry_group>, delete_entry_group already registered for DAG: example_complex
[2023-04-28T11:36:10.704+0000] {logging_mixin.py:137} INFO - [2023-04-28T11:36:10.704+0000] {taskmixin.py:211} WARNING - Dependency <Task(BashOperator): delete_entry_group>, create_entry_group already registered for DAG: example_complex
[2023-04-28T11:36:10.706+0000] {logging_mixin.py:137} INFO - [2023-04-28T11:36:10.705+0000] {taskmixin.py:211} WARNING - Dependency <Task(BashOperator): create_entry_gcs>, delete_entry already registered for DAG: example_complex
[2023-04-28T11:36:10.707+0000] {logging_mixin.py:137} INFO - [2023-04-28T11:36:10.707+0000] {taskmixin.py:211} WARNING - Dependency <Task(BashOperator): delete_entry>, create_entry_gcs already registered for DAG: example_complex
[2023-04-28T11:36:10.708+0000] {logging_mixin.py:137} INFO - [2023-04-28T11:36:10.708+0000] {taskmixin.py:211} WARNING - Dependency <Task(BashOperator): create_tag>, delete_tag already registered for DAG: example_complex
[2023-04-28T11:36:10.709+0000] {logging_mixin.py:137} INFO - [2023-04-28T11:36:10.709+0000] {taskmixin.py:211} WARNING - Dependency <Task(BashOperator): delete_tag>, create_tag already registered for DAG: example_complex
[2023-04-28T11:36:10.719+0000] {processor.py:753} INFO - DAG(s) dict_keys(['example_complex']) retrieved from /home/airflow/.local/lib/python3.7/site-packages/airflow/example_dags/example_complex.py
[2023-04-28T11:36:10.767+0000] {logging_mixin.py:137} INFO - [2023-04-28T11:36:10.767+0000] {dag.py:2705} INFO - Sync 1 DAGs
[2023-04-28T11:36:10.799+0000] {logging_mixin.py:137} INFO - [2023-04-28T11:36:10.799+0000] {dag.py:3456} INFO - Setting next_dagrun for example_complex to None, run_after=None
[2023-04-28T11:36:10.827+0000] {processor.py:175} INFO - Processing /home/airflow/.local/lib/python3.7/site-packages/airflow/example_dags/example_complex.py took 0.155 seconds
[2023-04-28T11:36:41.606+0000] {processor.py:153} INFO - Started process (PID=5514) to work on /home/airflow/.local/lib/python3.7/site-packages/airflow/example_dags/example_complex.py
[2023-04-28T11:36:41.609+0000] {processor.py:743} INFO - Processing file /home/airflow/.local/lib/python3.7/site-packages/airflow/example_dags/example_complex.py for tasks to queue
[2023-04-28T11:36:41.612+0000] {logging_mixin.py:137} INFO - [2023-04-28T11:36:41.611+0000] {dagbag.py:532} INFO - Filling up the DagBag from /home/airflow/.local/lib/python3.7/site-packages/airflow/example_dags/example_complex.py
[2023-04-28T11:36:41.636+0000] {logging_mixin.py:137} INFO - [2023-04-28T11:36:41.636+0000] {taskmixin.py:211} WARNING - Dependency <Task(BashOperator): create_entry_group>, delete_entry_group already registered for DAG: example_complex
[2023-04-28T11:36:41.638+0000] {logging_mixin.py:137} INFO - [2023-04-28T11:36:41.638+0000] {taskmixin.py:211} WARNING - Dependency <Task(BashOperator): delete_entry_group>, create_entry_group already registered for DAG: example_complex
[2023-04-28T11:36:41.640+0000] {logging_mixin.py:137} INFO - [2023-04-28T11:36:41.639+0000] {taskmixin.py:211} WARNING - Dependency <Task(BashOperator): create_entry_gcs>, delete_entry already registered for DAG: example_complex
[2023-04-28T11:36:41.641+0000] {logging_mixin.py:137} INFO - [2023-04-28T11:36:41.641+0000] {taskmixin.py:211} WARNING - Dependency <Task(BashOperator): delete_entry>, create_entry_gcs already registered for DAG: example_complex
[2023-04-28T11:36:41.643+0000] {logging_mixin.py:137} INFO - [2023-04-28T11:36:41.643+0000] {taskmixin.py:211} WARNING - Dependency <Task(BashOperator): create_tag>, delete_tag already registered for DAG: example_complex
[2023-04-28T11:36:41.644+0000] {logging_mixin.py:137} INFO - [2023-04-28T11:36:41.644+0000] {taskmixin.py:211} WARNING - Dependency <Task(BashOperator): delete_tag>, create_tag already registered for DAG: example_complex
[2023-04-28T11:36:41.655+0000] {processor.py:753} INFO - DAG(s) dict_keys(['example_complex']) retrieved from /home/airflow/.local/lib/python3.7/site-packages/airflow/example_dags/example_complex.py
[2023-04-28T11:36:41.708+0000] {logging_mixin.py:137} INFO - [2023-04-28T11:36:41.708+0000] {dag.py:2705} INFO - Sync 1 DAGs
[2023-04-28T11:36:41.753+0000] {logging_mixin.py:137} INFO - [2023-04-28T11:36:41.753+0000] {dag.py:3456} INFO - Setting next_dagrun for example_complex to None, run_after=None
[2023-04-28T11:36:41.790+0000] {processor.py:175} INFO - Processing /home/airflow/.local/lib/python3.7/site-packages/airflow/example_dags/example_complex.py took 0.191 seconds
[2023-04-28T11:37:12.076+0000] {processor.py:153} INFO - Started process (PID=5734) to work on /home/airflow/.local/lib/python3.7/site-packages/airflow/example_dags/example_complex.py
[2023-04-28T11:37:12.080+0000] {processor.py:743} INFO - Processing file /home/airflow/.local/lib/python3.7/site-packages/airflow/example_dags/example_complex.py for tasks to queue
[2023-04-28T11:37:12.083+0000] {logging_mixin.py:137} INFO - [2023-04-28T11:37:12.083+0000] {dagbag.py:532} INFO - Filling up the DagBag from /home/airflow/.local/lib/python3.7/site-packages/airflow/example_dags/example_complex.py
[2023-04-28T11:37:12.125+0000] {logging_mixin.py:137} INFO - [2023-04-28T11:37:12.124+0000] {taskmixin.py:211} WARNING - Dependency <Task(BashOperator): create_entry_group>, delete_entry_group already registered for DAG: example_complex
[2023-04-28T11:37:12.128+0000] {logging_mixin.py:137} INFO - [2023-04-28T11:37:12.127+0000] {taskmixin.py:211} WARNING - Dependency <Task(BashOperator): delete_entry_group>, create_entry_group already registered for DAG: example_complex
[2023-04-28T11:37:12.130+0000] {logging_mixin.py:137} INFO - [2023-04-28T11:37:12.130+0000] {taskmixin.py:211} WARNING - Dependency <Task(BashOperator): create_entry_gcs>, delete_entry already registered for DAG: example_complex
[2023-04-28T11:37:12.134+0000] {logging_mixin.py:137} INFO - [2023-04-28T11:37:12.133+0000] {taskmixin.py:211} WARNING - Dependency <Task(BashOperator): delete_entry>, create_entry_gcs already registered for DAG: example_complex
[2023-04-28T11:37:12.137+0000] {logging_mixin.py:137} INFO - [2023-04-28T11:37:12.136+0000] {taskmixin.py:211} WARNING - Dependency <Task(BashOperator): create_tag>, delete_tag already registered for DAG: example_complex
[2023-04-28T11:37:12.138+0000] {logging_mixin.py:137} INFO - [2023-04-28T11:37:12.138+0000] {taskmixin.py:211} WARNING - Dependency <Task(BashOperator): delete_tag>, create_tag already registered for DAG: example_complex
[2023-04-28T11:37:12.155+0000] {processor.py:753} INFO - DAG(s) dict_keys(['example_complex']) retrieved from /home/airflow/.local/lib/python3.7/site-packages/airflow/example_dags/example_complex.py
[2023-04-28T11:37:12.240+0000] {logging_mixin.py:137} INFO - [2023-04-28T11:37:12.240+0000] {dag.py:2705} INFO - Sync 1 DAGs
[2023-04-28T11:37:12.322+0000] {logging_mixin.py:137} INFO - [2023-04-28T11:37:12.322+0000] {dag.py:3456} INFO - Setting next_dagrun for example_complex to None, run_after=None
[2023-04-28T11:37:12.361+0000] {processor.py:175} INFO - Processing /home/airflow/.local/lib/python3.7/site-packages/airflow/example_dags/example_complex.py took 0.292 seconds
[2023-04-28T11:37:43.297+0000] {processor.py:153} INFO - Started process (PID=5952) to work on /home/airflow/.local/lib/python3.7/site-packages/airflow/example_dags/example_complex.py
[2023-04-28T11:37:43.299+0000] {processor.py:743} INFO - Processing file /home/airflow/.local/lib/python3.7/site-packages/airflow/example_dags/example_complex.py for tasks to queue
[2023-04-28T11:37:43.301+0000] {logging_mixin.py:137} INFO - [2023-04-28T11:37:43.301+0000] {dagbag.py:532} INFO - Filling up the DagBag from /home/airflow/.local/lib/python3.7/site-packages/airflow/example_dags/example_complex.py
[2023-04-28T11:37:43.320+0000] {logging_mixin.py:137} INFO - [2023-04-28T11:37:43.319+0000] {taskmixin.py:211} WARNING - Dependency <Task(BashOperator): create_entry_group>, delete_entry_group already registered for DAG: example_complex
[2023-04-28T11:37:43.322+0000] {logging_mixin.py:137} INFO - [2023-04-28T11:37:43.322+0000] {taskmixin.py:211} WARNING - Dependency <Task(BashOperator): delete_entry_group>, create_entry_group already registered for DAG: example_complex
[2023-04-28T11:37:43.323+0000] {logging_mixin.py:137} INFO - [2023-04-28T11:37:43.323+0000] {taskmixin.py:211} WARNING - Dependency <Task(BashOperator): create_entry_gcs>, delete_entry already registered for DAG: example_complex
[2023-04-28T11:37:43.324+0000] {logging_mixin.py:137} INFO - [2023-04-28T11:37:43.324+0000] {taskmixin.py:211} WARNING - Dependency <Task(BashOperator): delete_entry>, create_entry_gcs already registered for DAG: example_complex
[2023-04-28T11:37:43.326+0000] {logging_mixin.py:137} INFO - [2023-04-28T11:37:43.326+0000] {taskmixin.py:211} WARNING - Dependency <Task(BashOperator): create_tag>, delete_tag already registered for DAG: example_complex
[2023-04-28T11:37:43.327+0000] {logging_mixin.py:137} INFO - [2023-04-28T11:37:43.327+0000] {taskmixin.py:211} WARNING - Dependency <Task(BashOperator): delete_tag>, create_tag already registered for DAG: example_complex
[2023-04-28T11:37:43.337+0000] {processor.py:753} INFO - DAG(s) dict_keys(['example_complex']) retrieved from /home/airflow/.local/lib/python3.7/site-packages/airflow/example_dags/example_complex.py
[2023-04-28T11:37:43.382+0000] {logging_mixin.py:137} INFO - [2023-04-28T11:37:43.382+0000] {dag.py:2705} INFO - Sync 1 DAGs
[2023-04-28T11:37:43.413+0000] {logging_mixin.py:137} INFO - [2023-04-28T11:37:43.412+0000] {dag.py:3456} INFO - Setting next_dagrun for example_complex to None, run_after=None
[2023-04-28T11:37:43.440+0000] {processor.py:175} INFO - Processing /home/airflow/.local/lib/python3.7/site-packages/airflow/example_dags/example_complex.py took 0.149 seconds
[2023-04-28T11:38:13.629+0000] {processor.py:153} INFO - Started process (PID=6170) to work on /home/airflow/.local/lib/python3.7/site-packages/airflow/example_dags/example_complex.py
[2023-04-28T11:38:13.631+0000] {processor.py:743} INFO - Processing file /home/airflow/.local/lib/python3.7/site-packages/airflow/example_dags/example_complex.py for tasks to queue
[2023-04-28T11:38:13.633+0000] {logging_mixin.py:137} INFO - [2023-04-28T11:38:13.632+0000] {dagbag.py:532} INFO - Filling up the DagBag from /home/airflow/.local/lib/python3.7/site-packages/airflow/example_dags/example_complex.py
[2023-04-28T11:38:13.650+0000] {logging_mixin.py:137} INFO - [2023-04-28T11:38:13.650+0000] {taskmixin.py:211} WARNING - Dependency <Task(BashOperator): create_entry_group>, delete_entry_group already registered for DAG: example_complex
[2023-04-28T11:38:13.652+0000] {logging_mixin.py:137} INFO - [2023-04-28T11:38:13.652+0000] {taskmixin.py:211} WARNING - Dependency <Task(BashOperator): delete_entry_group>, create_entry_group already registered for DAG: example_complex
[2023-04-28T11:38:13.653+0000] {logging_mixin.py:137} INFO - [2023-04-28T11:38:13.653+0000] {taskmixin.py:211} WARNING - Dependency <Task(BashOperator): create_entry_gcs>, delete_entry already registered for DAG: example_complex
[2023-04-28T11:38:13.654+0000] {logging_mixin.py:137} INFO - [2023-04-28T11:38:13.654+0000] {taskmixin.py:211} WARNING - Dependency <Task(BashOperator): delete_entry>, create_entry_gcs already registered for DAG: example_complex
[2023-04-28T11:38:13.656+0000] {logging_mixin.py:137} INFO - [2023-04-28T11:38:13.656+0000] {taskmixin.py:211} WARNING - Dependency <Task(BashOperator): create_tag>, delete_tag already registered for DAG: example_complex
[2023-04-28T11:38:13.657+0000] {logging_mixin.py:137} INFO - [2023-04-28T11:38:13.657+0000] {taskmixin.py:211} WARNING - Dependency <Task(BashOperator): delete_tag>, create_tag already registered for DAG: example_complex
[2023-04-28T11:38:13.667+0000] {processor.py:753} INFO - DAG(s) dict_keys(['example_complex']) retrieved from /home/airflow/.local/lib/python3.7/site-packages/airflow/example_dags/example_complex.py
[2023-04-28T11:38:13.712+0000] {logging_mixin.py:137} INFO - [2023-04-28T11:38:13.712+0000] {dag.py:2705} INFO - Sync 1 DAGs
[2023-04-28T11:38:13.744+0000] {logging_mixin.py:137} INFO - [2023-04-28T11:38:13.744+0000] {dag.py:3456} INFO - Setting next_dagrun for example_complex to None, run_after=None
[2023-04-28T11:38:13.771+0000] {processor.py:175} INFO - Processing /home/airflow/.local/lib/python3.7/site-packages/airflow/example_dags/example_complex.py took 0.147 seconds
[2023-04-28T11:38:44.313+0000] {processor.py:153} INFO - Started process (PID=6388) to work on /home/airflow/.local/lib/python3.7/site-packages/airflow/example_dags/example_complex.py
[2023-04-28T11:38:44.316+0000] {processor.py:743} INFO - Processing file /home/airflow/.local/lib/python3.7/site-packages/airflow/example_dags/example_complex.py for tasks to queue
[2023-04-28T11:38:44.318+0000] {logging_mixin.py:137} INFO - [2023-04-28T11:38:44.318+0000] {dagbag.py:532} INFO - Filling up the DagBag from /home/airflow/.local/lib/python3.7/site-packages/airflow/example_dags/example_complex.py
[2023-04-28T11:38:44.340+0000] {logging_mixin.py:137} INFO - [2023-04-28T11:38:44.340+0000] {taskmixin.py:211} WARNING - Dependency <Task(BashOperator): create_entry_group>, delete_entry_group already registered for DAG: example_complex
[2023-04-28T11:38:44.342+0000] {logging_mixin.py:137} INFO - [2023-04-28T11:38:44.342+0000] {taskmixin.py:211} WARNING - Dependency <Task(BashOperator): delete_entry_group>, create_entry_group already registered for DAG: example_complex
[2023-04-28T11:38:44.345+0000] {logging_mixin.py:137} INFO - [2023-04-28T11:38:44.345+0000] {taskmixin.py:211} WARNING - Dependency <Task(BashOperator): create_entry_gcs>, delete_entry already registered for DAG: example_complex
[2023-04-28T11:38:44.347+0000] {logging_mixin.py:137} INFO - [2023-04-28T11:38:44.347+0000] {taskmixin.py:211} WARNING - Dependency <Task(BashOperator): delete_entry>, create_entry_gcs already registered for DAG: example_complex
[2023-04-28T11:38:44.349+0000] {logging_mixin.py:137} INFO - [2023-04-28T11:38:44.349+0000] {taskmixin.py:211} WARNING - Dependency <Task(BashOperator): create_tag>, delete_tag already registered for DAG: example_complex
[2023-04-28T11:38:44.351+0000] {logging_mixin.py:137} INFO - [2023-04-28T11:38:44.351+0000] {taskmixin.py:211} WARNING - Dependency <Task(BashOperator): delete_tag>, create_tag already registered for DAG: example_complex
[2023-04-28T11:38:44.363+0000] {processor.py:753} INFO - DAG(s) dict_keys(['example_complex']) retrieved from /home/airflow/.local/lib/python3.7/site-packages/airflow/example_dags/example_complex.py
[2023-04-28T11:38:44.412+0000] {logging_mixin.py:137} INFO - [2023-04-28T11:38:44.412+0000] {dag.py:2705} INFO - Sync 1 DAGs
[2023-04-28T11:38:44.447+0000] {logging_mixin.py:137} INFO - [2023-04-28T11:38:44.446+0000] {dag.py:3456} INFO - Setting next_dagrun for example_complex to None, run_after=None
[2023-04-28T11:38:44.478+0000] {processor.py:175} INFO - Processing /home/airflow/.local/lib/python3.7/site-packages/airflow/example_dags/example_complex.py took 0.171 seconds
[2023-04-28T11:39:15.191+0000] {processor.py:153} INFO - Started process (PID=6606) to work on /home/airflow/.local/lib/python3.7/site-packages/airflow/example_dags/example_complex.py
[2023-04-28T11:39:15.198+0000] {processor.py:743} INFO - Processing file /home/airflow/.local/lib/python3.7/site-packages/airflow/example_dags/example_complex.py for tasks to queue
[2023-04-28T11:39:15.201+0000] {logging_mixin.py:137} INFO - [2023-04-28T11:39:15.201+0000] {dagbag.py:532} INFO - Filling up the DagBag from /home/airflow/.local/lib/python3.7/site-packages/airflow/example_dags/example_complex.py
[2023-04-28T11:39:15.223+0000] {logging_mixin.py:137} INFO - [2023-04-28T11:39:15.222+0000] {taskmixin.py:211} WARNING - Dependency <Task(BashOperator): create_entry_group>, delete_entry_group already registered for DAG: example_complex
[2023-04-28T11:39:15.224+0000] {logging_mixin.py:137} INFO - [2023-04-28T11:39:15.224+0000] {taskmixin.py:211} WARNING - Dependency <Task(BashOperator): delete_entry_group>, create_entry_group already registered for DAG: example_complex
[2023-04-28T11:39:15.227+0000] {logging_mixin.py:137} INFO - [2023-04-28T11:39:15.227+0000] {taskmixin.py:211} WARNING - Dependency <Task(BashOperator): create_entry_gcs>, delete_entry already registered for DAG: example_complex
[2023-04-28T11:39:15.229+0000] {logging_mixin.py:137} INFO - [2023-04-28T11:39:15.229+0000] {taskmixin.py:211} WARNING - Dependency <Task(BashOperator): delete_entry>, create_entry_gcs already registered for DAG: example_complex
[2023-04-28T11:39:15.231+0000] {logging_mixin.py:137} INFO - [2023-04-28T11:39:15.231+0000] {taskmixin.py:211} WARNING - Dependency <Task(BashOperator): create_tag>, delete_tag already registered for DAG: example_complex
[2023-04-28T11:39:15.232+0000] {logging_mixin.py:137} INFO - [2023-04-28T11:39:15.232+0000] {taskmixin.py:211} WARNING - Dependency <Task(BashOperator): delete_tag>, create_tag already registered for DAG: example_complex
[2023-04-28T11:39:15.243+0000] {processor.py:753} INFO - DAG(s) dict_keys(['example_complex']) retrieved from /home/airflow/.local/lib/python3.7/site-packages/airflow/example_dags/example_complex.py
[2023-04-28T11:39:15.290+0000] {logging_mixin.py:137} INFO - [2023-04-28T11:39:15.290+0000] {dag.py:2705} INFO - Sync 1 DAGs
[2023-04-28T11:39:15.345+0000] {logging_mixin.py:137} INFO - [2023-04-28T11:39:15.344+0000] {dag.py:3456} INFO - Setting next_dagrun for example_complex to None, run_after=None
[2023-04-28T11:39:15.384+0000] {processor.py:175} INFO - Processing /home/airflow/.local/lib/python3.7/site-packages/airflow/example_dags/example_complex.py took 0.201 seconds
[2023-04-28T11:39:45.876+0000] {processor.py:153} INFO - Started process (PID=6845) to work on /home/airflow/.local/lib/python3.7/site-packages/airflow/example_dags/example_complex.py
[2023-04-28T11:39:45.881+0000] {processor.py:743} INFO - Processing file /home/airflow/.local/lib/python3.7/site-packages/airflow/example_dags/example_complex.py for tasks to queue
[2023-04-28T11:39:45.884+0000] {logging_mixin.py:137} INFO - [2023-04-28T11:39:45.884+0000] {dagbag.py:532} INFO - Filling up the DagBag from /home/airflow/.local/lib/python3.7/site-packages/airflow/example_dags/example_complex.py
[2023-04-28T11:39:45.908+0000] {logging_mixin.py:137} INFO - [2023-04-28T11:39:45.907+0000] {taskmixin.py:211} WARNING - Dependency <Task(BashOperator): create_entry_group>, delete_entry_group already registered for DAG: example_complex
[2023-04-28T11:39:45.910+0000] {logging_mixin.py:137} INFO - [2023-04-28T11:39:45.910+0000] {taskmixin.py:211} WARNING - Dependency <Task(BashOperator): delete_entry_group>, create_entry_group already registered for DAG: example_complex
[2023-04-28T11:39:45.912+0000] {logging_mixin.py:137} INFO - [2023-04-28T11:39:45.912+0000] {taskmixin.py:211} WARNING - Dependency <Task(BashOperator): create_entry_gcs>, delete_entry already registered for DAG: example_complex
[2023-04-28T11:39:45.914+0000] {logging_mixin.py:137} INFO - [2023-04-28T11:39:45.914+0000] {taskmixin.py:211} WARNING - Dependency <Task(BashOperator): delete_entry>, create_entry_gcs already registered for DAG: example_complex
[2023-04-28T11:39:45.916+0000] {logging_mixin.py:137} INFO - [2023-04-28T11:39:45.916+0000] {taskmixin.py:211} WARNING - Dependency <Task(BashOperator): create_tag>, delete_tag already registered for DAG: example_complex
[2023-04-28T11:39:45.918+0000] {logging_mixin.py:137} INFO - [2023-04-28T11:39:45.918+0000] {taskmixin.py:211} WARNING - Dependency <Task(BashOperator): delete_tag>, create_tag already registered for DAG: example_complex
[2023-04-28T11:39:45.932+0000] {processor.py:753} INFO - DAG(s) dict_keys(['example_complex']) retrieved from /home/airflow/.local/lib/python3.7/site-packages/airflow/example_dags/example_complex.py
[2023-04-28T11:39:45.994+0000] {logging_mixin.py:137} INFO - [2023-04-28T11:39:45.994+0000] {dag.py:2705} INFO - Sync 1 DAGs
[2023-04-28T11:39:46.043+0000] {logging_mixin.py:137} INFO - [2023-04-28T11:39:46.043+0000] {dag.py:3456} INFO - Setting next_dagrun for example_complex to None, run_after=None
[2023-04-28T11:39:46.083+0000] {processor.py:175} INFO - Processing /home/airflow/.local/lib/python3.7/site-packages/airflow/example_dags/example_complex.py took 0.213 seconds
[2023-04-28T11:40:16.236+0000] {processor.py:153} INFO - Started process (PID=7067) to work on /home/airflow/.local/lib/python3.7/site-packages/airflow/example_dags/example_complex.py
[2023-04-28T11:40:16.238+0000] {processor.py:743} INFO - Processing file /home/airflow/.local/lib/python3.7/site-packages/airflow/example_dags/example_complex.py for tasks to queue
[2023-04-28T11:40:16.240+0000] {logging_mixin.py:137} INFO - [2023-04-28T11:40:16.239+0000] {dagbag.py:532} INFO - Filling up the DagBag from /home/airflow/.local/lib/python3.7/site-packages/airflow/example_dags/example_complex.py
[2023-04-28T11:40:16.258+0000] {logging_mixin.py:137} INFO - [2023-04-28T11:40:16.258+0000] {taskmixin.py:211} WARNING - Dependency <Task(BashOperator): create_entry_group>, delete_entry_group already registered for DAG: example_complex
[2023-04-28T11:40:16.260+0000] {logging_mixin.py:137} INFO - [2023-04-28T11:40:16.259+0000] {taskmixin.py:211} WARNING - Dependency <Task(BashOperator): delete_entry_group>, create_entry_group already registered for DAG: example_complex
[2023-04-28T11:40:16.261+0000] {logging_mixin.py:137} INFO - [2023-04-28T11:40:16.261+0000] {taskmixin.py:211} WARNING - Dependency <Task(BashOperator): create_entry_gcs>, delete_entry already registered for DAG: example_complex
[2023-04-28T11:40:16.263+0000] {logging_mixin.py:137} INFO - [2023-04-28T11:40:16.263+0000] {taskmixin.py:211} WARNING - Dependency <Task(BashOperator): delete_entry>, create_entry_gcs already registered for DAG: example_complex
[2023-04-28T11:40:16.264+0000] {logging_mixin.py:137} INFO - [2023-04-28T11:40:16.264+0000] {taskmixin.py:211} WARNING - Dependency <Task(BashOperator): create_tag>, delete_tag already registered for DAG: example_complex
[2023-04-28T11:40:16.266+0000] {logging_mixin.py:137} INFO - [2023-04-28T11:40:16.265+0000] {taskmixin.py:211} WARNING - Dependency <Task(BashOperator): delete_tag>, create_tag already registered for DAG: example_complex
[2023-04-28T11:40:16.277+0000] {processor.py:753} INFO - DAG(s) dict_keys(['example_complex']) retrieved from /home/airflow/.local/lib/python3.7/site-packages/airflow/example_dags/example_complex.py
[2023-04-28T11:40:16.375+0000] {logging_mixin.py:137} INFO - [2023-04-28T11:40:16.374+0000] {dag.py:2705} INFO - Sync 1 DAGs
[2023-04-28T11:40:16.406+0000] {logging_mixin.py:137} INFO - [2023-04-28T11:40:16.406+0000] {dag.py:3456} INFO - Setting next_dagrun for example_complex to None, run_after=None
[2023-04-28T11:40:16.435+0000] {processor.py:175} INFO - Processing /home/airflow/.local/lib/python3.7/site-packages/airflow/example_dags/example_complex.py took 0.206 seconds
[2023-04-28T11:40:47.781+0000] {processor.py:153} INFO - Started process (PID=7270) to work on /home/airflow/.local/lib/python3.7/site-packages/airflow/example_dags/example_complex.py
[2023-04-28T11:40:47.787+0000] {processor.py:743} INFO - Processing file /home/airflow/.local/lib/python3.7/site-packages/airflow/example_dags/example_complex.py for tasks to queue
[2023-04-28T11:40:47.793+0000] {logging_mixin.py:137} INFO - [2023-04-28T11:40:47.793+0000] {dagbag.py:532} INFO - Filling up the DagBag from /home/airflow/.local/lib/python3.7/site-packages/airflow/example_dags/example_complex.py
[2023-04-28T11:40:47.837+0000] {logging_mixin.py:137} INFO - [2023-04-28T11:40:47.836+0000] {taskmixin.py:211} WARNING - Dependency <Task(BashOperator): create_entry_group>, delete_entry_group already registered for DAG: example_complex
[2023-04-28T11:40:47.846+0000] {logging_mixin.py:137} INFO - [2023-04-28T11:40:47.846+0000] {taskmixin.py:211} WARNING - Dependency <Task(BashOperator): delete_entry_group>, create_entry_group already registered for DAG: example_complex
[2023-04-28T11:40:47.858+0000] {logging_mixin.py:137} INFO - [2023-04-28T11:40:47.857+0000] {taskmixin.py:211} WARNING - Dependency <Task(BashOperator): create_entry_gcs>, delete_entry already registered for DAG: example_complex
[2023-04-28T11:40:47.863+0000] {logging_mixin.py:137} INFO - [2023-04-28T11:40:47.862+0000] {taskmixin.py:211} WARNING - Dependency <Task(BashOperator): delete_entry>, create_entry_gcs already registered for DAG: example_complex
[2023-04-28T11:40:47.871+0000] {logging_mixin.py:137} INFO - [2023-04-28T11:40:47.870+0000] {taskmixin.py:211} WARNING - Dependency <Task(BashOperator): create_tag>, delete_tag already registered for DAG: example_complex
[2023-04-28T11:40:47.875+0000] {logging_mixin.py:137} INFO - [2023-04-28T11:40:47.874+0000] {taskmixin.py:211} WARNING - Dependency <Task(BashOperator): delete_tag>, create_tag already registered for DAG: example_complex
[2023-04-28T11:40:47.959+0000] {processor.py:753} INFO - DAG(s) dict_keys(['example_complex']) retrieved from /home/airflow/.local/lib/python3.7/site-packages/airflow/example_dags/example_complex.py
[2023-04-28T11:40:48.142+0000] {logging_mixin.py:137} INFO - [2023-04-28T11:40:48.142+0000] {dag.py:2705} INFO - Sync 1 DAGs
[2023-04-28T11:40:48.267+0000] {logging_mixin.py:137} INFO - [2023-04-28T11:40:48.266+0000] {dag.py:3456} INFO - Setting next_dagrun for example_complex to None, run_after=None
[2023-04-28T11:40:48.339+0000] {processor.py:175} INFO - Processing /home/airflow/.local/lib/python3.7/site-packages/airflow/example_dags/example_complex.py took 0.571 seconds
