[2023-04-28T11:24:22.857+0000] {processor.py:153} INFO - Started process (PID=193) to work on /home/airflow/.local/lib/python3.7/site-packages/airflow/example_dags/example_subdag_operator.py
[2023-04-28T11:24:22.859+0000] {processor.py:743} INFO - Processing file /home/airflow/.local/lib/python3.7/site-packages/airflow/example_dags/example_subdag_operator.py for tasks to queue
[2023-04-28T11:24:22.862+0000] {logging_mixin.py:137} INFO - [2023-04-28T11:24:22.862+0000] {dagbag.py:532} INFO - Filling up the DagBag from /home/airflow/.local/lib/python3.7/site-packages/airflow/example_dags/example_subdag_operator.py
[2023-04-28T11:24:22.917+0000] {processor.py:753} INFO - DAG(s) dict_keys(['example_subdag_operator.section-1', 'example_subdag_operator.section-2', 'example_subdag_operator']) retrieved from /home/airflow/.local/lib/python3.7/site-packages/airflow/example_dags/example_subdag_operator.py
[2023-04-28T11:24:22.922+0000] {logging_mixin.py:137} INFO - [2023-04-28T11:24:22.922+0000] {dag.py:2705} INFO - Sync 3 DAGs
[2023-04-28T11:24:22.954+0000] {logging_mixin.py:137} INFO - [2023-04-28T11:24:22.954+0000] {dag.py:3456} INFO - Setting next_dagrun for example_subdag_operator to 2022-01-01T00:00:00+00:00, run_after=2022-01-01T00:00:00+00:00
[2023-04-28T11:24:22.960+0000] {logging_mixin.py:137} INFO - [2023-04-28T11:24:22.960+0000] {dag.py:3456} INFO - Setting next_dagrun for example_subdag_operator.section-1 to None, run_after=None
[2023-04-28T11:24:22.964+0000] {logging_mixin.py:137} INFO - [2023-04-28T11:24:22.964+0000] {dag.py:3456} INFO - Setting next_dagrun for example_subdag_operator.section-2 to None, run_after=None
[2023-04-28T11:24:22.976+0000] {logging_mixin.py:137} INFO - [2023-04-28T11:24:22.975+0000] {dag.py:2705} INFO - Sync 2 DAGs
[2023-04-28T11:24:22.983+0000] {logging_mixin.py:137} INFO - [2023-04-28T11:24:22.983+0000] {dag.py:3456} INFO - Setting next_dagrun for example_subdag_operator.section-1 to None, run_after=None
[2023-04-28T11:24:22.984+0000] {logging_mixin.py:137} INFO - [2023-04-28T11:24:22.984+0000] {dag.py:3456} INFO - Setting next_dagrun for example_subdag_operator.section-2 to None, run_after=None
[2023-04-28T11:24:22.999+0000] {processor.py:175} INFO - Processing /home/airflow/.local/lib/python3.7/site-packages/airflow/example_dags/example_subdag_operator.py took 0.147 seconds
[2023-04-28T11:24:53.226+0000] {processor.py:153} INFO - Started process (PID=413) to work on /home/airflow/.local/lib/python3.7/site-packages/airflow/example_dags/example_subdag_operator.py
[2023-04-28T11:24:53.228+0000] {processor.py:743} INFO - Processing file /home/airflow/.local/lib/python3.7/site-packages/airflow/example_dags/example_subdag_operator.py for tasks to queue
[2023-04-28T11:24:53.230+0000] {logging_mixin.py:137} INFO - [2023-04-28T11:24:53.230+0000] {dagbag.py:532} INFO - Filling up the DagBag from /home/airflow/.local/lib/python3.7/site-packages/airflow/example_dags/example_subdag_operator.py
[2023-04-28T11:24:53.265+0000] {processor.py:753} INFO - DAG(s) dict_keys(['example_subdag_operator.section-1', 'example_subdag_operator.section-2', 'example_subdag_operator']) retrieved from /home/airflow/.local/lib/python3.7/site-packages/airflow/example_dags/example_subdag_operator.py
[2023-04-28T11:24:53.288+0000] {logging_mixin.py:137} INFO - [2023-04-28T11:24:53.288+0000] {dag.py:2705} INFO - Sync 3 DAGs
[2023-04-28T11:24:53.315+0000] {logging_mixin.py:137} INFO - [2023-04-28T11:24:53.315+0000] {dag.py:3456} INFO - Setting next_dagrun for example_subdag_operator to 2022-01-01T00:00:00+00:00, run_after=2022-01-01T00:00:00+00:00
[2023-04-28T11:24:53.320+0000] {logging_mixin.py:137} INFO - [2023-04-28T11:24:53.319+0000] {dag.py:3456} INFO - Setting next_dagrun for example_subdag_operator.section-1 to None, run_after=None
[2023-04-28T11:24:53.321+0000] {logging_mixin.py:137} INFO - [2023-04-28T11:24:53.321+0000] {dag.py:3456} INFO - Setting next_dagrun for example_subdag_operator.section-2 to None, run_after=None
[2023-04-28T11:24:53.329+0000] {logging_mixin.py:137} INFO - [2023-04-28T11:24:53.329+0000] {dag.py:2705} INFO - Sync 2 DAGs
[2023-04-28T11:24:53.336+0000] {logging_mixin.py:137} INFO - [2023-04-28T11:24:53.336+0000] {dag.py:3456} INFO - Setting next_dagrun for example_subdag_operator.section-1 to None, run_after=None
[2023-04-28T11:24:53.337+0000] {logging_mixin.py:137} INFO - [2023-04-28T11:24:53.337+0000] {dag.py:3456} INFO - Setting next_dagrun for example_subdag_operator.section-2 to None, run_after=None
[2023-04-28T11:24:53.349+0000] {processor.py:175} INFO - Processing /home/airflow/.local/lib/python3.7/site-packages/airflow/example_dags/example_subdag_operator.py took 0.126 seconds
[2023-04-28T11:25:23.934+0000] {processor.py:153} INFO - Started process (PID=629) to work on /home/airflow/.local/lib/python3.7/site-packages/airflow/example_dags/example_subdag_operator.py
[2023-04-28T11:25:23.936+0000] {processor.py:743} INFO - Processing file /home/airflow/.local/lib/python3.7/site-packages/airflow/example_dags/example_subdag_operator.py for tasks to queue
[2023-04-28T11:25:23.937+0000] {logging_mixin.py:137} INFO - [2023-04-28T11:25:23.937+0000] {dagbag.py:532} INFO - Filling up the DagBag from /home/airflow/.local/lib/python3.7/site-packages/airflow/example_dags/example_subdag_operator.py
[2023-04-28T11:25:23.975+0000] {processor.py:753} INFO - DAG(s) dict_keys(['example_subdag_operator.section-1', 'example_subdag_operator.section-2', 'example_subdag_operator']) retrieved from /home/airflow/.local/lib/python3.7/site-packages/airflow/example_dags/example_subdag_operator.py
[2023-04-28T11:25:24.001+0000] {logging_mixin.py:137} INFO - [2023-04-28T11:25:24.001+0000] {dag.py:2705} INFO - Sync 3 DAGs
[2023-04-28T11:25:24.030+0000] {logging_mixin.py:137} INFO - [2023-04-28T11:25:24.030+0000] {dag.py:3456} INFO - Setting next_dagrun for example_subdag_operator to 2022-01-01T00:00:00+00:00, run_after=2022-01-01T00:00:00+00:00
[2023-04-28T11:25:24.035+0000] {logging_mixin.py:137} INFO - [2023-04-28T11:25:24.035+0000] {dag.py:3456} INFO - Setting next_dagrun for example_subdag_operator.section-1 to None, run_after=None
[2023-04-28T11:25:24.037+0000] {logging_mixin.py:137} INFO - [2023-04-28T11:25:24.037+0000] {dag.py:3456} INFO - Setting next_dagrun for example_subdag_operator.section-2 to None, run_after=None
[2023-04-28T11:25:24.045+0000] {logging_mixin.py:137} INFO - [2023-04-28T11:25:24.045+0000] {dag.py:2705} INFO - Sync 2 DAGs
[2023-04-28T11:25:24.052+0000] {logging_mixin.py:137} INFO - [2023-04-28T11:25:24.052+0000] {dag.py:3456} INFO - Setting next_dagrun for example_subdag_operator.section-1 to None, run_after=None
[2023-04-28T11:25:24.053+0000] {logging_mixin.py:137} INFO - [2023-04-28T11:25:24.053+0000] {dag.py:3456} INFO - Setting next_dagrun for example_subdag_operator.section-2 to None, run_after=None
[2023-04-28T11:25:24.064+0000] {processor.py:175} INFO - Processing /home/airflow/.local/lib/python3.7/site-packages/airflow/example_dags/example_subdag_operator.py took 0.135 seconds
[2023-04-28T11:25:54.685+0000] {processor.py:153} INFO - Started process (PID=847) to work on /home/airflow/.local/lib/python3.7/site-packages/airflow/example_dags/example_subdag_operator.py
[2023-04-28T11:25:54.690+0000] {processor.py:743} INFO - Processing file /home/airflow/.local/lib/python3.7/site-packages/airflow/example_dags/example_subdag_operator.py for tasks to queue
[2023-04-28T11:25:54.693+0000] {logging_mixin.py:137} INFO - [2023-04-28T11:25:54.693+0000] {dagbag.py:532} INFO - Filling up the DagBag from /home/airflow/.local/lib/python3.7/site-packages/airflow/example_dags/example_subdag_operator.py
[2023-04-28T11:25:54.765+0000] {processor.py:753} INFO - DAG(s) dict_keys(['example_subdag_operator.section-1', 'example_subdag_operator.section-2', 'example_subdag_operator']) retrieved from /home/airflow/.local/lib/python3.7/site-packages/airflow/example_dags/example_subdag_operator.py
[2023-04-28T11:25:54.811+0000] {logging_mixin.py:137} INFO - [2023-04-28T11:25:54.811+0000] {dag.py:2705} INFO - Sync 3 DAGs
[2023-04-28T11:25:54.881+0000] {logging_mixin.py:137} INFO - [2023-04-28T11:25:54.881+0000] {dag.py:3456} INFO - Setting next_dagrun for example_subdag_operator to 2022-01-01T00:00:00+00:00, run_after=2022-01-01T00:00:00+00:00
[2023-04-28T11:25:54.891+0000] {logging_mixin.py:137} INFO - [2023-04-28T11:25:54.891+0000] {dag.py:3456} INFO - Setting next_dagrun for example_subdag_operator.section-1 to None, run_after=None
[2023-04-28T11:25:54.896+0000] {logging_mixin.py:137} INFO - [2023-04-28T11:25:54.896+0000] {dag.py:3456} INFO - Setting next_dagrun for example_subdag_operator.section-2 to None, run_after=None
[2023-04-28T11:25:54.914+0000] {logging_mixin.py:137} INFO - [2023-04-28T11:25:54.914+0000] {dag.py:2705} INFO - Sync 2 DAGs
[2023-04-28T11:25:54.928+0000] {logging_mixin.py:137} INFO - [2023-04-28T11:25:54.928+0000] {dag.py:3456} INFO - Setting next_dagrun for example_subdag_operator.section-1 to None, run_after=None
[2023-04-28T11:25:54.931+0000] {logging_mixin.py:137} INFO - [2023-04-28T11:25:54.931+0000] {dag.py:3456} INFO - Setting next_dagrun for example_subdag_operator.section-2 to None, run_after=None
[2023-04-28T11:25:54.956+0000] {processor.py:175} INFO - Processing /home/airflow/.local/lib/python3.7/site-packages/airflow/example_dags/example_subdag_operator.py took 0.278 seconds
[2023-04-28T11:26:25.058+0000] {processor.py:153} INFO - Started process (PID=1067) to work on /home/airflow/.local/lib/python3.7/site-packages/airflow/example_dags/example_subdag_operator.py
[2023-04-28T11:26:25.060+0000] {processor.py:743} INFO - Processing file /home/airflow/.local/lib/python3.7/site-packages/airflow/example_dags/example_subdag_operator.py for tasks to queue
[2023-04-28T11:26:25.062+0000] {logging_mixin.py:137} INFO - [2023-04-28T11:26:25.062+0000] {dagbag.py:532} INFO - Filling up the DagBag from /home/airflow/.local/lib/python3.7/site-packages/airflow/example_dags/example_subdag_operator.py
[2023-04-28T11:26:25.098+0000] {processor.py:753} INFO - DAG(s) dict_keys(['example_subdag_operator.section-1', 'example_subdag_operator.section-2', 'example_subdag_operator']) retrieved from /home/airflow/.local/lib/python3.7/site-packages/airflow/example_dags/example_subdag_operator.py
[2023-04-28T11:26:25.121+0000] {logging_mixin.py:137} INFO - [2023-04-28T11:26:25.121+0000] {dag.py:2705} INFO - Sync 3 DAGs
[2023-04-28T11:26:25.150+0000] {logging_mixin.py:137} INFO - [2023-04-28T11:26:25.150+0000] {dag.py:3456} INFO - Setting next_dagrun for example_subdag_operator to 2022-01-01T00:00:00+00:00, run_after=2022-01-01T00:00:00+00:00
[2023-04-28T11:26:25.155+0000] {logging_mixin.py:137} INFO - [2023-04-28T11:26:25.154+0000] {dag.py:3456} INFO - Setting next_dagrun for example_subdag_operator.section-1 to None, run_after=None
[2023-04-28T11:26:25.157+0000] {logging_mixin.py:137} INFO - [2023-04-28T11:26:25.157+0000] {dag.py:3456} INFO - Setting next_dagrun for example_subdag_operator.section-2 to None, run_after=None
[2023-04-28T11:26:25.166+0000] {logging_mixin.py:137} INFO - [2023-04-28T11:26:25.165+0000] {dag.py:2705} INFO - Sync 2 DAGs
[2023-04-28T11:26:25.172+0000] {logging_mixin.py:137} INFO - [2023-04-28T11:26:25.172+0000] {dag.py:3456} INFO - Setting next_dagrun for example_subdag_operator.section-1 to None, run_after=None
[2023-04-28T11:26:25.173+0000] {logging_mixin.py:137} INFO - [2023-04-28T11:26:25.173+0000] {dag.py:3456} INFO - Setting next_dagrun for example_subdag_operator.section-2 to None, run_after=None
[2023-04-28T11:26:25.185+0000] {processor.py:175} INFO - Processing /home/airflow/.local/lib/python3.7/site-packages/airflow/example_dags/example_subdag_operator.py took 0.131 seconds
[2023-04-28T11:26:55.560+0000] {processor.py:153} INFO - Started process (PID=1283) to work on /home/airflow/.local/lib/python3.7/site-packages/airflow/example_dags/example_subdag_operator.py
[2023-04-28T11:26:55.564+0000] {processor.py:743} INFO - Processing file /home/airflow/.local/lib/python3.7/site-packages/airflow/example_dags/example_subdag_operator.py for tasks to queue
[2023-04-28T11:26:55.566+0000] {logging_mixin.py:137} INFO - [2023-04-28T11:26:55.566+0000] {dagbag.py:532} INFO - Filling up the DagBag from /home/airflow/.local/lib/python3.7/site-packages/airflow/example_dags/example_subdag_operator.py
[2023-04-28T11:26:55.630+0000] {processor.py:753} INFO - DAG(s) dict_keys(['example_subdag_operator.section-1', 'example_subdag_operator.section-2', 'example_subdag_operator']) retrieved from /home/airflow/.local/lib/python3.7/site-packages/airflow/example_dags/example_subdag_operator.py
[2023-04-28T11:26:55.670+0000] {logging_mixin.py:137} INFO - [2023-04-28T11:26:55.670+0000] {dag.py:2705} INFO - Sync 3 DAGs
[2023-04-28T11:26:55.720+0000] {logging_mixin.py:137} INFO - [2023-04-28T11:26:55.720+0000] {dag.py:3456} INFO - Setting next_dagrun for example_subdag_operator to 2022-01-01T00:00:00+00:00, run_after=2022-01-01T00:00:00+00:00
[2023-04-28T11:26:55.729+0000] {logging_mixin.py:137} INFO - [2023-04-28T11:26:55.729+0000] {dag.py:3456} INFO - Setting next_dagrun for example_subdag_operator.section-1 to None, run_after=None
[2023-04-28T11:26:55.733+0000] {logging_mixin.py:137} INFO - [2023-04-28T11:26:55.733+0000] {dag.py:3456} INFO - Setting next_dagrun for example_subdag_operator.section-2 to None, run_after=None
[2023-04-28T11:26:55.747+0000] {logging_mixin.py:137} INFO - [2023-04-28T11:26:55.747+0000] {dag.py:2705} INFO - Sync 2 DAGs
[2023-04-28T11:26:55.758+0000] {logging_mixin.py:137} INFO - [2023-04-28T11:26:55.758+0000] {dag.py:3456} INFO - Setting next_dagrun for example_subdag_operator.section-1 to None, run_after=None
[2023-04-28T11:26:55.760+0000] {logging_mixin.py:137} INFO - [2023-04-28T11:26:55.760+0000] {dag.py:3456} INFO - Setting next_dagrun for example_subdag_operator.section-2 to None, run_after=None
[2023-04-28T11:26:55.782+0000] {processor.py:175} INFO - Processing /home/airflow/.local/lib/python3.7/site-packages/airflow/example_dags/example_subdag_operator.py took 0.232 seconds
[2023-04-28T11:27:25.915+0000] {processor.py:153} INFO - Started process (PID=1503) to work on /home/airflow/.local/lib/python3.7/site-packages/airflow/example_dags/example_subdag_operator.py
[2023-04-28T11:27:25.918+0000] {processor.py:743} INFO - Processing file /home/airflow/.local/lib/python3.7/site-packages/airflow/example_dags/example_subdag_operator.py for tasks to queue
[2023-04-28T11:27:25.919+0000] {logging_mixin.py:137} INFO - [2023-04-28T11:27:25.919+0000] {dagbag.py:532} INFO - Filling up the DagBag from /home/airflow/.local/lib/python3.7/site-packages/airflow/example_dags/example_subdag_operator.py
[2023-04-28T11:27:25.958+0000] {processor.py:753} INFO - DAG(s) dict_keys(['example_subdag_operator.section-1', 'example_subdag_operator.section-2', 'example_subdag_operator']) retrieved from /home/airflow/.local/lib/python3.7/site-packages/airflow/example_dags/example_subdag_operator.py
[2023-04-28T11:27:25.982+0000] {logging_mixin.py:137} INFO - [2023-04-28T11:27:25.982+0000] {dag.py:2705} INFO - Sync 3 DAGs
[2023-04-28T11:27:26.014+0000] {logging_mixin.py:137} INFO - [2023-04-28T11:27:26.013+0000] {dag.py:3456} INFO - Setting next_dagrun for example_subdag_operator to 2022-01-01T00:00:00+00:00, run_after=2022-01-01T00:00:00+00:00
[2023-04-28T11:27:26.018+0000] {logging_mixin.py:137} INFO - [2023-04-28T11:27:26.018+0000] {dag.py:3456} INFO - Setting next_dagrun for example_subdag_operator.section-1 to None, run_after=None
[2023-04-28T11:27:26.021+0000] {logging_mixin.py:137} INFO - [2023-04-28T11:27:26.021+0000] {dag.py:3456} INFO - Setting next_dagrun for example_subdag_operator.section-2 to None, run_after=None
[2023-04-28T11:27:26.030+0000] {logging_mixin.py:137} INFO - [2023-04-28T11:27:26.030+0000] {dag.py:2705} INFO - Sync 2 DAGs
[2023-04-28T11:27:26.037+0000] {logging_mixin.py:137} INFO - [2023-04-28T11:27:26.037+0000] {dag.py:3456} INFO - Setting next_dagrun for example_subdag_operator.section-1 to None, run_after=None
[2023-04-28T11:27:26.038+0000] {logging_mixin.py:137} INFO - [2023-04-28T11:27:26.038+0000] {dag.py:3456} INFO - Setting next_dagrun for example_subdag_operator.section-2 to None, run_after=None
[2023-04-28T11:27:26.052+0000] {processor.py:175} INFO - Processing /home/airflow/.local/lib/python3.7/site-packages/airflow/example_dags/example_subdag_operator.py took 0.142 seconds
[2023-04-28T11:27:56.250+0000] {processor.py:153} INFO - Started process (PID=1721) to work on /home/airflow/.local/lib/python3.7/site-packages/airflow/example_dags/example_subdag_operator.py
[2023-04-28T11:27:56.253+0000] {processor.py:743} INFO - Processing file /home/airflow/.local/lib/python3.7/site-packages/airflow/example_dags/example_subdag_operator.py for tasks to queue
[2023-04-28T11:27:56.256+0000] {logging_mixin.py:137} INFO - [2023-04-28T11:27:56.255+0000] {dagbag.py:532} INFO - Filling up the DagBag from /home/airflow/.local/lib/python3.7/site-packages/airflow/example_dags/example_subdag_operator.py
[2023-04-28T11:27:56.312+0000] {processor.py:753} INFO - DAG(s) dict_keys(['example_subdag_operator.section-1', 'example_subdag_operator.section-2', 'example_subdag_operator']) retrieved from /home/airflow/.local/lib/python3.7/site-packages/airflow/example_dags/example_subdag_operator.py
[2023-04-28T11:27:56.386+0000] {logging_mixin.py:137} INFO - [2023-04-28T11:27:56.386+0000] {dag.py:2705} INFO - Sync 3 DAGs
[2023-04-28T11:27:56.453+0000] {logging_mixin.py:137} INFO - [2023-04-28T11:27:56.453+0000] {dag.py:3456} INFO - Setting next_dagrun for example_subdag_operator to 2022-01-01T00:00:00+00:00, run_after=2022-01-01T00:00:00+00:00
[2023-04-28T11:27:56.468+0000] {logging_mixin.py:137} INFO - [2023-04-28T11:27:56.467+0000] {dag.py:3456} INFO - Setting next_dagrun for example_subdag_operator.section-1 to None, run_after=None
[2023-04-28T11:27:56.479+0000] {logging_mixin.py:137} INFO - [2023-04-28T11:27:56.478+0000] {dag.py:3456} INFO - Setting next_dagrun for example_subdag_operator.section-2 to None, run_after=None
[2023-04-28T11:27:56.505+0000] {logging_mixin.py:137} INFO - [2023-04-28T11:27:56.505+0000] {dag.py:2705} INFO - Sync 2 DAGs
[2023-04-28T11:27:56.528+0000] {logging_mixin.py:137} INFO - [2023-04-28T11:27:56.527+0000] {dag.py:3456} INFO - Setting next_dagrun for example_subdag_operator.section-1 to None, run_after=None
[2023-04-28T11:27:56.531+0000] {logging_mixin.py:137} INFO - [2023-04-28T11:27:56.530+0000] {dag.py:3456} INFO - Setting next_dagrun for example_subdag_operator.section-2 to None, run_after=None
[2023-04-28T11:27:56.567+0000] {processor.py:175} INFO - Processing /home/airflow/.local/lib/python3.7/site-packages/airflow/example_dags/example_subdag_operator.py took 0.327 seconds
[2023-04-28T11:28:26.811+0000] {processor.py:153} INFO - Started process (PID=1944) to work on /home/airflow/.local/lib/python3.7/site-packages/airflow/example_dags/example_subdag_operator.py
[2023-04-28T11:28:26.814+0000] {processor.py:743} INFO - Processing file /home/airflow/.local/lib/python3.7/site-packages/airflow/example_dags/example_subdag_operator.py for tasks to queue
[2023-04-28T11:28:26.816+0000] {logging_mixin.py:137} INFO - [2023-04-28T11:28:26.816+0000] {dagbag.py:532} INFO - Filling up the DagBag from /home/airflow/.local/lib/python3.7/site-packages/airflow/example_dags/example_subdag_operator.py
[2023-04-28T11:28:26.877+0000] {processor.py:753} INFO - DAG(s) dict_keys(['example_subdag_operator.section-1', 'example_subdag_operator.section-2', 'example_subdag_operator']) retrieved from /home/airflow/.local/lib/python3.7/site-packages/airflow/example_dags/example_subdag_operator.py
[2023-04-28T11:28:26.910+0000] {logging_mixin.py:137} INFO - [2023-04-28T11:28:26.909+0000] {dag.py:2705} INFO - Sync 3 DAGs
[2023-04-28T11:28:26.948+0000] {logging_mixin.py:137} INFO - [2023-04-28T11:28:26.948+0000] {dag.py:3456} INFO - Setting next_dagrun for example_subdag_operator to 2022-01-01T00:00:00+00:00, run_after=2022-01-01T00:00:00+00:00
[2023-04-28T11:28:26.955+0000] {logging_mixin.py:137} INFO - [2023-04-28T11:28:26.955+0000] {dag.py:3456} INFO - Setting next_dagrun for example_subdag_operator.section-1 to None, run_after=None
[2023-04-28T11:28:26.960+0000] {logging_mixin.py:137} INFO - [2023-04-28T11:28:26.960+0000] {dag.py:3456} INFO - Setting next_dagrun for example_subdag_operator.section-2 to None, run_after=None
[2023-04-28T11:28:26.971+0000] {logging_mixin.py:137} INFO - [2023-04-28T11:28:26.971+0000] {dag.py:2705} INFO - Sync 2 DAGs
[2023-04-28T11:28:26.982+0000] {logging_mixin.py:137} INFO - [2023-04-28T11:28:26.982+0000] {dag.py:3456} INFO - Setting next_dagrun for example_subdag_operator.section-1 to None, run_after=None
[2023-04-28T11:28:26.984+0000] {logging_mixin.py:137} INFO - [2023-04-28T11:28:26.984+0000] {dag.py:3456} INFO - Setting next_dagrun for example_subdag_operator.section-2 to None, run_after=None
[2023-04-28T11:28:27.001+0000] {processor.py:175} INFO - Processing /home/airflow/.local/lib/python3.7/site-packages/airflow/example_dags/example_subdag_operator.py took 0.197 seconds
[2023-04-28T11:28:57.394+0000] {processor.py:153} INFO - Started process (PID=2160) to work on /home/airflow/.local/lib/python3.7/site-packages/airflow/example_dags/example_subdag_operator.py
[2023-04-28T11:28:57.397+0000] {processor.py:743} INFO - Processing file /home/airflow/.local/lib/python3.7/site-packages/airflow/example_dags/example_subdag_operator.py for tasks to queue
[2023-04-28T11:28:57.398+0000] {logging_mixin.py:137} INFO - [2023-04-28T11:28:57.398+0000] {dagbag.py:532} INFO - Filling up the DagBag from /home/airflow/.local/lib/python3.7/site-packages/airflow/example_dags/example_subdag_operator.py
[2023-04-28T11:28:57.444+0000] {processor.py:753} INFO - DAG(s) dict_keys(['example_subdag_operator.section-1', 'example_subdag_operator.section-2', 'example_subdag_operator']) retrieved from /home/airflow/.local/lib/python3.7/site-packages/airflow/example_dags/example_subdag_operator.py
[2023-04-28T11:28:57.471+0000] {logging_mixin.py:137} INFO - [2023-04-28T11:28:57.471+0000] {dag.py:2705} INFO - Sync 3 DAGs
[2023-04-28T11:28:57.510+0000] {logging_mixin.py:137} INFO - [2023-04-28T11:28:57.510+0000] {dag.py:3456} INFO - Setting next_dagrun for example_subdag_operator to 2022-01-01T00:00:00+00:00, run_after=2022-01-01T00:00:00+00:00
[2023-04-28T11:28:57.516+0000] {logging_mixin.py:137} INFO - [2023-04-28T11:28:57.516+0000] {dag.py:3456} INFO - Setting next_dagrun for example_subdag_operator.section-1 to None, run_after=None
[2023-04-28T11:28:57.519+0000] {logging_mixin.py:137} INFO - [2023-04-28T11:28:57.519+0000] {dag.py:3456} INFO - Setting next_dagrun for example_subdag_operator.section-2 to None, run_after=None
[2023-04-28T11:28:57.531+0000] {logging_mixin.py:137} INFO - [2023-04-28T11:28:57.531+0000] {dag.py:2705} INFO - Sync 2 DAGs
[2023-04-28T11:28:57.542+0000] {logging_mixin.py:137} INFO - [2023-04-28T11:28:57.541+0000] {dag.py:3456} INFO - Setting next_dagrun for example_subdag_operator.section-1 to None, run_after=None
[2023-04-28T11:28:57.543+0000] {logging_mixin.py:137} INFO - [2023-04-28T11:28:57.543+0000] {dag.py:3456} INFO - Setting next_dagrun for example_subdag_operator.section-2 to None, run_after=None
[2023-04-28T11:28:57.560+0000] {processor.py:175} INFO - Processing /home/airflow/.local/lib/python3.7/site-packages/airflow/example_dags/example_subdag_operator.py took 0.170 seconds
[2023-04-28T11:29:27.829+0000] {processor.py:153} INFO - Started process (PID=2373) to work on /home/airflow/.local/lib/python3.7/site-packages/airflow/example_dags/example_subdag_operator.py
[2023-04-28T11:29:27.832+0000] {processor.py:743} INFO - Processing file /home/airflow/.local/lib/python3.7/site-packages/airflow/example_dags/example_subdag_operator.py for tasks to queue
[2023-04-28T11:29:27.833+0000] {logging_mixin.py:137} INFO - [2023-04-28T11:29:27.833+0000] {dagbag.py:532} INFO - Filling up the DagBag from /home/airflow/.local/lib/python3.7/site-packages/airflow/example_dags/example_subdag_operator.py
[2023-04-28T11:29:27.909+0000] {processor.py:753} INFO - DAG(s) dict_keys(['example_subdag_operator.section-1', 'example_subdag_operator.section-2', 'example_subdag_operator']) retrieved from /home/airflow/.local/lib/python3.7/site-packages/airflow/example_dags/example_subdag_operator.py
[2023-04-28T11:29:27.945+0000] {logging_mixin.py:137} INFO - [2023-04-28T11:29:27.945+0000] {dag.py:2705} INFO - Sync 3 DAGs
[2023-04-28T11:29:27.985+0000] {logging_mixin.py:137} INFO - [2023-04-28T11:29:27.985+0000] {dag.py:3456} INFO - Setting next_dagrun for example_subdag_operator to 2022-01-01T00:00:00+00:00, run_after=2022-01-01T00:00:00+00:00
[2023-04-28T11:29:27.992+0000] {logging_mixin.py:137} INFO - [2023-04-28T11:29:27.992+0000] {dag.py:3456} INFO - Setting next_dagrun for example_subdag_operator.section-1 to None, run_after=None
[2023-04-28T11:29:27.996+0000] {logging_mixin.py:137} INFO - [2023-04-28T11:29:27.996+0000] {dag.py:3456} INFO - Setting next_dagrun for example_subdag_operator.section-2 to None, run_after=None
[2023-04-28T11:29:28.016+0000] {logging_mixin.py:137} INFO - [2023-04-28T11:29:28.016+0000] {dag.py:2705} INFO - Sync 2 DAGs
[2023-04-28T11:29:28.037+0000] {logging_mixin.py:137} INFO - [2023-04-28T11:29:28.036+0000] {dag.py:3456} INFO - Setting next_dagrun for example_subdag_operator.section-1 to None, run_after=None
[2023-04-28T11:29:28.041+0000] {logging_mixin.py:137} INFO - [2023-04-28T11:29:28.041+0000] {dag.py:3456} INFO - Setting next_dagrun for example_subdag_operator.section-2 to None, run_after=None
[2023-04-28T11:29:28.063+0000] {processor.py:175} INFO - Processing /home/airflow/.local/lib/python3.7/site-packages/airflow/example_dags/example_subdag_operator.py took 0.238 seconds
[2023-04-28T11:29:58.643+0000] {processor.py:153} INFO - Started process (PID=2591) to work on /home/airflow/.local/lib/python3.7/site-packages/airflow/example_dags/example_subdag_operator.py
[2023-04-28T11:29:58.647+0000] {processor.py:743} INFO - Processing file /home/airflow/.local/lib/python3.7/site-packages/airflow/example_dags/example_subdag_operator.py for tasks to queue
[2023-04-28T11:29:58.649+0000] {logging_mixin.py:137} INFO - [2023-04-28T11:29:58.649+0000] {dagbag.py:532} INFO - Filling up the DagBag from /home/airflow/.local/lib/python3.7/site-packages/airflow/example_dags/example_subdag_operator.py
[2023-04-28T11:29:58.712+0000] {processor.py:753} INFO - DAG(s) dict_keys(['example_subdag_operator.section-1', 'example_subdag_operator.section-2', 'example_subdag_operator']) retrieved from /home/airflow/.local/lib/python3.7/site-packages/airflow/example_dags/example_subdag_operator.py
[2023-04-28T11:29:58.747+0000] {logging_mixin.py:137} INFO - [2023-04-28T11:29:58.747+0000] {dag.py:2705} INFO - Sync 3 DAGs
[2023-04-28T11:29:58.789+0000] {logging_mixin.py:137} INFO - [2023-04-28T11:29:58.788+0000] {dag.py:3456} INFO - Setting next_dagrun for example_subdag_operator to 2022-01-01T00:00:00+00:00, run_after=2022-01-01T00:00:00+00:00
[2023-04-28T11:29:58.796+0000] {logging_mixin.py:137} INFO - [2023-04-28T11:29:58.796+0000] {dag.py:3456} INFO - Setting next_dagrun for example_subdag_operator.section-1 to None, run_after=None
[2023-04-28T11:29:58.800+0000] {logging_mixin.py:137} INFO - [2023-04-28T11:29:58.800+0000] {dag.py:3456} INFO - Setting next_dagrun for example_subdag_operator.section-2 to None, run_after=None
[2023-04-28T11:29:58.812+0000] {logging_mixin.py:137} INFO - [2023-04-28T11:29:58.812+0000] {dag.py:2705} INFO - Sync 2 DAGs
[2023-04-28T11:29:58.821+0000] {logging_mixin.py:137} INFO - [2023-04-28T11:29:58.820+0000] {dag.py:3456} INFO - Setting next_dagrun for example_subdag_operator.section-1 to None, run_after=None
[2023-04-28T11:29:58.822+0000] {logging_mixin.py:137} INFO - [2023-04-28T11:29:58.822+0000] {dag.py:3456} INFO - Setting next_dagrun for example_subdag_operator.section-2 to None, run_after=None
[2023-04-28T11:29:58.838+0000] {processor.py:175} INFO - Processing /home/airflow/.local/lib/python3.7/site-packages/airflow/example_dags/example_subdag_operator.py took 0.202 seconds
[2023-04-28T11:30:28.902+0000] {processor.py:153} INFO - Started process (PID=2811) to work on /home/airflow/.local/lib/python3.7/site-packages/airflow/example_dags/example_subdag_operator.py
[2023-04-28T11:30:28.904+0000] {processor.py:743} INFO - Processing file /home/airflow/.local/lib/python3.7/site-packages/airflow/example_dags/example_subdag_operator.py for tasks to queue
[2023-04-28T11:30:28.906+0000] {logging_mixin.py:137} INFO - [2023-04-28T11:30:28.906+0000] {dagbag.py:532} INFO - Filling up the DagBag from /home/airflow/.local/lib/python3.7/site-packages/airflow/example_dags/example_subdag_operator.py
[2023-04-28T11:30:28.948+0000] {processor.py:753} INFO - DAG(s) dict_keys(['example_subdag_operator.section-1', 'example_subdag_operator.section-2', 'example_subdag_operator']) retrieved from /home/airflow/.local/lib/python3.7/site-packages/airflow/example_dags/example_subdag_operator.py
[2023-04-28T11:30:28.973+0000] {logging_mixin.py:137} INFO - [2023-04-28T11:30:28.973+0000] {dag.py:2705} INFO - Sync 3 DAGs
[2023-04-28T11:30:29.005+0000] {logging_mixin.py:137} INFO - [2023-04-28T11:30:29.005+0000] {dag.py:3456} INFO - Setting next_dagrun for example_subdag_operator to 2022-01-01T00:00:00+00:00, run_after=2022-01-01T00:00:00+00:00
[2023-04-28T11:30:29.011+0000] {logging_mixin.py:137} INFO - [2023-04-28T11:30:29.011+0000] {dag.py:3456} INFO - Setting next_dagrun for example_subdag_operator.section-1 to None, run_after=None
[2023-04-28T11:30:29.013+0000] {logging_mixin.py:137} INFO - [2023-04-28T11:30:29.013+0000] {dag.py:3456} INFO - Setting next_dagrun for example_subdag_operator.section-2 to None, run_after=None
[2023-04-28T11:30:29.023+0000] {logging_mixin.py:137} INFO - [2023-04-28T11:30:29.023+0000] {dag.py:2705} INFO - Sync 2 DAGs
[2023-04-28T11:30:29.031+0000] {logging_mixin.py:137} INFO - [2023-04-28T11:30:29.031+0000] {dag.py:3456} INFO - Setting next_dagrun for example_subdag_operator.section-1 to None, run_after=None
[2023-04-28T11:30:29.032+0000] {logging_mixin.py:137} INFO - [2023-04-28T11:30:29.032+0000] {dag.py:3456} INFO - Setting next_dagrun for example_subdag_operator.section-2 to None, run_after=None
[2023-04-28T11:30:29.047+0000] {processor.py:175} INFO - Processing /home/airflow/.local/lib/python3.7/site-packages/airflow/example_dags/example_subdag_operator.py took 0.149 seconds
[2023-04-28T11:30:59.397+0000] {processor.py:153} INFO - Started process (PID=3027) to work on /home/airflow/.local/lib/python3.7/site-packages/airflow/example_dags/example_subdag_operator.py
[2023-04-28T11:30:59.400+0000] {processor.py:743} INFO - Processing file /home/airflow/.local/lib/python3.7/site-packages/airflow/example_dags/example_subdag_operator.py for tasks to queue
[2023-04-28T11:30:59.402+0000] {logging_mixin.py:137} INFO - [2023-04-28T11:30:59.401+0000] {dagbag.py:532} INFO - Filling up the DagBag from /home/airflow/.local/lib/python3.7/site-packages/airflow/example_dags/example_subdag_operator.py
[2023-04-28T11:30:59.451+0000] {processor.py:753} INFO - DAG(s) dict_keys(['example_subdag_operator.section-1', 'example_subdag_operator.section-2', 'example_subdag_operator']) retrieved from /home/airflow/.local/lib/python3.7/site-packages/airflow/example_dags/example_subdag_operator.py
[2023-04-28T11:30:59.483+0000] {logging_mixin.py:137} INFO - [2023-04-28T11:30:59.483+0000] {dag.py:2705} INFO - Sync 3 DAGs
[2023-04-28T11:30:59.519+0000] {logging_mixin.py:137} INFO - [2023-04-28T11:30:59.519+0000] {dag.py:3456} INFO - Setting next_dagrun for example_subdag_operator to 2022-01-01T00:00:00+00:00, run_after=2022-01-01T00:00:00+00:00
[2023-04-28T11:30:59.525+0000] {logging_mixin.py:137} INFO - [2023-04-28T11:30:59.525+0000] {dag.py:3456} INFO - Setting next_dagrun for example_subdag_operator.section-1 to None, run_after=None
[2023-04-28T11:30:59.528+0000] {logging_mixin.py:137} INFO - [2023-04-28T11:30:59.528+0000] {dag.py:3456} INFO - Setting next_dagrun for example_subdag_operator.section-2 to None, run_after=None
[2023-04-28T11:30:59.539+0000] {logging_mixin.py:137} INFO - [2023-04-28T11:30:59.539+0000] {dag.py:2705} INFO - Sync 2 DAGs
[2023-04-28T11:30:59.547+0000] {logging_mixin.py:137} INFO - [2023-04-28T11:30:59.547+0000] {dag.py:3456} INFO - Setting next_dagrun for example_subdag_operator.section-1 to None, run_after=None
[2023-04-28T11:30:59.549+0000] {logging_mixin.py:137} INFO - [2023-04-28T11:30:59.549+0000] {dag.py:3456} INFO - Setting next_dagrun for example_subdag_operator.section-2 to None, run_after=None
[2023-04-28T11:30:59.563+0000] {processor.py:175} INFO - Processing /home/airflow/.local/lib/python3.7/site-packages/airflow/example_dags/example_subdag_operator.py took 0.171 seconds
[2023-04-28T11:31:30.114+0000] {processor.py:153} INFO - Started process (PID=3244) to work on /home/airflow/.local/lib/python3.7/site-packages/airflow/example_dags/example_subdag_operator.py
[2023-04-28T11:31:30.116+0000] {processor.py:743} INFO - Processing file /home/airflow/.local/lib/python3.7/site-packages/airflow/example_dags/example_subdag_operator.py for tasks to queue
[2023-04-28T11:31:30.118+0000] {logging_mixin.py:137} INFO - [2023-04-28T11:31:30.117+0000] {dagbag.py:532} INFO - Filling up the DagBag from /home/airflow/.local/lib/python3.7/site-packages/airflow/example_dags/example_subdag_operator.py
[2023-04-28T11:31:30.162+0000] {processor.py:753} INFO - DAG(s) dict_keys(['example_subdag_operator.section-1', 'example_subdag_operator.section-2', 'example_subdag_operator']) retrieved from /home/airflow/.local/lib/python3.7/site-packages/airflow/example_dags/example_subdag_operator.py
[2023-04-28T11:31:30.189+0000] {logging_mixin.py:137} INFO - [2023-04-28T11:31:30.188+0000] {dag.py:2705} INFO - Sync 3 DAGs
[2023-04-28T11:31:30.220+0000] {logging_mixin.py:137} INFO - [2023-04-28T11:31:30.220+0000] {dag.py:3456} INFO - Setting next_dagrun for example_subdag_operator to 2022-01-01T00:00:00+00:00, run_after=2022-01-01T00:00:00+00:00
[2023-04-28T11:31:30.226+0000] {logging_mixin.py:137} INFO - [2023-04-28T11:31:30.226+0000] {dag.py:3456} INFO - Setting next_dagrun for example_subdag_operator.section-1 to None, run_after=None
[2023-04-28T11:31:30.229+0000] {logging_mixin.py:137} INFO - [2023-04-28T11:31:30.229+0000] {dag.py:3456} INFO - Setting next_dagrun for example_subdag_operator.section-2 to None, run_after=None
[2023-04-28T11:31:30.239+0000] {logging_mixin.py:137} INFO - [2023-04-28T11:31:30.239+0000] {dag.py:2705} INFO - Sync 2 DAGs
[2023-04-28T11:31:30.248+0000] {logging_mixin.py:137} INFO - [2023-04-28T11:31:30.248+0000] {dag.py:3456} INFO - Setting next_dagrun for example_subdag_operator.section-1 to None, run_after=None
[2023-04-28T11:31:30.249+0000] {logging_mixin.py:137} INFO - [2023-04-28T11:31:30.249+0000] {dag.py:3456} INFO - Setting next_dagrun for example_subdag_operator.section-2 to None, run_after=None
[2023-04-28T11:31:30.263+0000] {processor.py:175} INFO - Processing /home/airflow/.local/lib/python3.7/site-packages/airflow/example_dags/example_subdag_operator.py took 0.155 seconds
[2023-04-28T11:32:00.517+0000] {processor.py:153} INFO - Started process (PID=3462) to work on /home/airflow/.local/lib/python3.7/site-packages/airflow/example_dags/example_subdag_operator.py
[2023-04-28T11:32:00.518+0000] {processor.py:743} INFO - Processing file /home/airflow/.local/lib/python3.7/site-packages/airflow/example_dags/example_subdag_operator.py for tasks to queue
[2023-04-28T11:32:00.520+0000] {logging_mixin.py:137} INFO - [2023-04-28T11:32:00.520+0000] {dagbag.py:532} INFO - Filling up the DagBag from /home/airflow/.local/lib/python3.7/site-packages/airflow/example_dags/example_subdag_operator.py
[2023-04-28T11:32:00.567+0000] {processor.py:753} INFO - DAG(s) dict_keys(['example_subdag_operator.section-1', 'example_subdag_operator.section-2', 'example_subdag_operator']) retrieved from /home/airflow/.local/lib/python3.7/site-packages/airflow/example_dags/example_subdag_operator.py
[2023-04-28T11:32:00.593+0000] {logging_mixin.py:137} INFO - [2023-04-28T11:32:00.593+0000] {dag.py:2705} INFO - Sync 3 DAGs
[2023-04-28T11:32:00.625+0000] {logging_mixin.py:137} INFO - [2023-04-28T11:32:00.624+0000] {dag.py:3456} INFO - Setting next_dagrun for example_subdag_operator to 2022-01-01T00:00:00+00:00, run_after=2022-01-01T00:00:00+00:00
[2023-04-28T11:32:00.630+0000] {logging_mixin.py:137} INFO - [2023-04-28T11:32:00.630+0000] {dag.py:3456} INFO - Setting next_dagrun for example_subdag_operator.section-1 to None, run_after=None
[2023-04-28T11:32:00.633+0000] {logging_mixin.py:137} INFO - [2023-04-28T11:32:00.632+0000] {dag.py:3456} INFO - Setting next_dagrun for example_subdag_operator.section-2 to None, run_after=None
[2023-04-28T11:32:00.643+0000] {logging_mixin.py:137} INFO - [2023-04-28T11:32:00.643+0000] {dag.py:2705} INFO - Sync 2 DAGs
[2023-04-28T11:32:00.651+0000] {logging_mixin.py:137} INFO - [2023-04-28T11:32:00.651+0000] {dag.py:3456} INFO - Setting next_dagrun for example_subdag_operator.section-1 to None, run_after=None
[2023-04-28T11:32:00.652+0000] {logging_mixin.py:137} INFO - [2023-04-28T11:32:00.652+0000] {dag.py:3456} INFO - Setting next_dagrun for example_subdag_operator.section-2 to None, run_after=None
[2023-04-28T11:32:00.667+0000] {processor.py:175} INFO - Processing /home/airflow/.local/lib/python3.7/site-packages/airflow/example_dags/example_subdag_operator.py took 0.154 seconds
[2023-04-28T11:32:30.832+0000] {processor.py:153} INFO - Started process (PID=3680) to work on /home/airflow/.local/lib/python3.7/site-packages/airflow/example_dags/example_subdag_operator.py
[2023-04-28T11:32:30.833+0000] {processor.py:743} INFO - Processing file /home/airflow/.local/lib/python3.7/site-packages/airflow/example_dags/example_subdag_operator.py for tasks to queue
[2023-04-28T11:32:30.835+0000] {logging_mixin.py:137} INFO - [2023-04-28T11:32:30.835+0000] {dagbag.py:532} INFO - Filling up the DagBag from /home/airflow/.local/lib/python3.7/site-packages/airflow/example_dags/example_subdag_operator.py
[2023-04-28T11:32:30.877+0000] {processor.py:753} INFO - DAG(s) dict_keys(['example_subdag_operator.section-1', 'example_subdag_operator.section-2', 'example_subdag_operator']) retrieved from /home/airflow/.local/lib/python3.7/site-packages/airflow/example_dags/example_subdag_operator.py
[2023-04-28T11:32:30.902+0000] {logging_mixin.py:137} INFO - [2023-04-28T11:32:30.902+0000] {dag.py:2705} INFO - Sync 3 DAGs
[2023-04-28T11:32:30.932+0000] {logging_mixin.py:137} INFO - [2023-04-28T11:32:30.932+0000] {dag.py:3456} INFO - Setting next_dagrun for example_subdag_operator to 2022-01-01T00:00:00+00:00, run_after=2022-01-01T00:00:00+00:00
[2023-04-28T11:32:30.937+0000] {logging_mixin.py:137} INFO - [2023-04-28T11:32:30.937+0000] {dag.py:3456} INFO - Setting next_dagrun for example_subdag_operator.section-1 to None, run_after=None
[2023-04-28T11:32:30.939+0000] {logging_mixin.py:137} INFO - [2023-04-28T11:32:30.939+0000] {dag.py:3456} INFO - Setting next_dagrun for example_subdag_operator.section-2 to None, run_after=None
[2023-04-28T11:32:30.948+0000] {logging_mixin.py:137} INFO - [2023-04-28T11:32:30.948+0000] {dag.py:2705} INFO - Sync 2 DAGs
[2023-04-28T11:32:30.955+0000] {logging_mixin.py:137} INFO - [2023-04-28T11:32:30.955+0000] {dag.py:3456} INFO - Setting next_dagrun for example_subdag_operator.section-1 to None, run_after=None
[2023-04-28T11:32:30.956+0000] {logging_mixin.py:137} INFO - [2023-04-28T11:32:30.956+0000] {dag.py:3456} INFO - Setting next_dagrun for example_subdag_operator.section-2 to None, run_after=None
[2023-04-28T11:32:30.969+0000] {processor.py:175} INFO - Processing /home/airflow/.local/lib/python3.7/site-packages/airflow/example_dags/example_subdag_operator.py took 0.141 seconds
[2023-04-28T11:33:01.224+0000] {processor.py:153} INFO - Started process (PID=3898) to work on /home/airflow/.local/lib/python3.7/site-packages/airflow/example_dags/example_subdag_operator.py
[2023-04-28T11:33:01.226+0000] {processor.py:743} INFO - Processing file /home/airflow/.local/lib/python3.7/site-packages/airflow/example_dags/example_subdag_operator.py for tasks to queue
[2023-04-28T11:33:01.228+0000] {logging_mixin.py:137} INFO - [2023-04-28T11:33:01.228+0000] {dagbag.py:532} INFO - Filling up the DagBag from /home/airflow/.local/lib/python3.7/site-packages/airflow/example_dags/example_subdag_operator.py
[2023-04-28T11:33:01.270+0000] {processor.py:753} INFO - DAG(s) dict_keys(['example_subdag_operator.section-1', 'example_subdag_operator.section-2', 'example_subdag_operator']) retrieved from /home/airflow/.local/lib/python3.7/site-packages/airflow/example_dags/example_subdag_operator.py
[2023-04-28T11:33:01.296+0000] {logging_mixin.py:137} INFO - [2023-04-28T11:33:01.296+0000] {dag.py:2705} INFO - Sync 3 DAGs
[2023-04-28T11:33:01.326+0000] {logging_mixin.py:137} INFO - [2023-04-28T11:33:01.325+0000] {dag.py:3456} INFO - Setting next_dagrun for example_subdag_operator to 2022-01-01T00:00:00+00:00, run_after=2022-01-01T00:00:00+00:00
[2023-04-28T11:33:01.331+0000] {logging_mixin.py:137} INFO - [2023-04-28T11:33:01.330+0000] {dag.py:3456} INFO - Setting next_dagrun for example_subdag_operator.section-1 to None, run_after=None
[2023-04-28T11:33:01.333+0000] {logging_mixin.py:137} INFO - [2023-04-28T11:33:01.333+0000] {dag.py:3456} INFO - Setting next_dagrun for example_subdag_operator.section-2 to None, run_after=None
[2023-04-28T11:33:01.341+0000] {logging_mixin.py:137} INFO - [2023-04-28T11:33:01.341+0000] {dag.py:2705} INFO - Sync 2 DAGs
[2023-04-28T11:33:01.348+0000] {logging_mixin.py:137} INFO - [2023-04-28T11:33:01.348+0000] {dag.py:3456} INFO - Setting next_dagrun for example_subdag_operator.section-1 to None, run_after=None
[2023-04-28T11:33:01.349+0000] {logging_mixin.py:137} INFO - [2023-04-28T11:33:01.349+0000] {dag.py:3456} INFO - Setting next_dagrun for example_subdag_operator.section-2 to None, run_after=None
[2023-04-28T11:33:01.362+0000] {processor.py:175} INFO - Processing /home/airflow/.local/lib/python3.7/site-packages/airflow/example_dags/example_subdag_operator.py took 0.142 seconds
[2023-04-28T11:33:31.480+0000] {processor.py:153} INFO - Started process (PID=4116) to work on /home/airflow/.local/lib/python3.7/site-packages/airflow/example_dags/example_subdag_operator.py
[2023-04-28T11:33:31.483+0000] {processor.py:743} INFO - Processing file /home/airflow/.local/lib/python3.7/site-packages/airflow/example_dags/example_subdag_operator.py for tasks to queue
[2023-04-28T11:33:31.484+0000] {logging_mixin.py:137} INFO - [2023-04-28T11:33:31.484+0000] {dagbag.py:532} INFO - Filling up the DagBag from /home/airflow/.local/lib/python3.7/site-packages/airflow/example_dags/example_subdag_operator.py
[2023-04-28T11:33:31.522+0000] {processor.py:753} INFO - DAG(s) dict_keys(['example_subdag_operator.section-1', 'example_subdag_operator.section-2', 'example_subdag_operator']) retrieved from /home/airflow/.local/lib/python3.7/site-packages/airflow/example_dags/example_subdag_operator.py
[2023-04-28T11:33:31.546+0000] {logging_mixin.py:137} INFO - [2023-04-28T11:33:31.546+0000] {dag.py:2705} INFO - Sync 3 DAGs
[2023-04-28T11:33:31.580+0000] {logging_mixin.py:137} INFO - [2023-04-28T11:33:31.580+0000] {dag.py:3456} INFO - Setting next_dagrun for example_subdag_operator to 2022-01-01T00:00:00+00:00, run_after=2022-01-01T00:00:00+00:00
[2023-04-28T11:33:31.586+0000] {logging_mixin.py:137} INFO - [2023-04-28T11:33:31.585+0000] {dag.py:3456} INFO - Setting next_dagrun for example_subdag_operator.section-1 to None, run_after=None
[2023-04-28T11:33:31.589+0000] {logging_mixin.py:137} INFO - [2023-04-28T11:33:31.589+0000] {dag.py:3456} INFO - Setting next_dagrun for example_subdag_operator.section-2 to None, run_after=None
[2023-04-28T11:33:31.600+0000] {logging_mixin.py:137} INFO - [2023-04-28T11:33:31.600+0000] {dag.py:2705} INFO - Sync 2 DAGs
[2023-04-28T11:33:31.609+0000] {logging_mixin.py:137} INFO - [2023-04-28T11:33:31.608+0000] {dag.py:3456} INFO - Setting next_dagrun for example_subdag_operator.section-1 to None, run_after=None
[2023-04-28T11:33:31.610+0000] {logging_mixin.py:137} INFO - [2023-04-28T11:33:31.610+0000] {dag.py:3456} INFO - Setting next_dagrun for example_subdag_operator.section-2 to None, run_after=None
[2023-04-28T11:33:31.624+0000] {processor.py:175} INFO - Processing /home/airflow/.local/lib/python3.7/site-packages/airflow/example_dags/example_subdag_operator.py took 0.148 seconds
[2023-04-28T11:34:01.788+0000] {processor.py:153} INFO - Started process (PID=4334) to work on /home/airflow/.local/lib/python3.7/site-packages/airflow/example_dags/example_subdag_operator.py
[2023-04-28T11:34:01.790+0000] {processor.py:743} INFO - Processing file /home/airflow/.local/lib/python3.7/site-packages/airflow/example_dags/example_subdag_operator.py for tasks to queue
[2023-04-28T11:34:01.792+0000] {logging_mixin.py:137} INFO - [2023-04-28T11:34:01.792+0000] {dagbag.py:532} INFO - Filling up the DagBag from /home/airflow/.local/lib/python3.7/site-packages/airflow/example_dags/example_subdag_operator.py
[2023-04-28T11:34:01.834+0000] {processor.py:753} INFO - DAG(s) dict_keys(['example_subdag_operator.section-1', 'example_subdag_operator.section-2', 'example_subdag_operator']) retrieved from /home/airflow/.local/lib/python3.7/site-packages/airflow/example_dags/example_subdag_operator.py
[2023-04-28T11:34:01.858+0000] {logging_mixin.py:137} INFO - [2023-04-28T11:34:01.857+0000] {dag.py:2705} INFO - Sync 3 DAGs
[2023-04-28T11:34:01.887+0000] {logging_mixin.py:137} INFO - [2023-04-28T11:34:01.886+0000] {dag.py:3456} INFO - Setting next_dagrun for example_subdag_operator to 2022-01-01T00:00:00+00:00, run_after=2022-01-01T00:00:00+00:00
[2023-04-28T11:34:01.892+0000] {logging_mixin.py:137} INFO - [2023-04-28T11:34:01.892+0000] {dag.py:3456} INFO - Setting next_dagrun for example_subdag_operator.section-1 to None, run_after=None
[2023-04-28T11:34:01.895+0000] {logging_mixin.py:137} INFO - [2023-04-28T11:34:01.895+0000] {dag.py:3456} INFO - Setting next_dagrun for example_subdag_operator.section-2 to None, run_after=None
[2023-04-28T11:34:01.903+0000] {logging_mixin.py:137} INFO - [2023-04-28T11:34:01.903+0000] {dag.py:2705} INFO - Sync 2 DAGs
[2023-04-28T11:34:01.910+0000] {logging_mixin.py:137} INFO - [2023-04-28T11:34:01.909+0000] {dag.py:3456} INFO - Setting next_dagrun for example_subdag_operator.section-1 to None, run_after=None
[2023-04-28T11:34:01.911+0000] {logging_mixin.py:137} INFO - [2023-04-28T11:34:01.911+0000] {dag.py:3456} INFO - Setting next_dagrun for example_subdag_operator.section-2 to None, run_after=None
[2023-04-28T11:34:01.924+0000] {processor.py:175} INFO - Processing /home/airflow/.local/lib/python3.7/site-packages/airflow/example_dags/example_subdag_operator.py took 0.140 seconds
[2023-04-28T11:34:32.375+0000] {processor.py:153} INFO - Started process (PID=4552) to work on /home/airflow/.local/lib/python3.7/site-packages/airflow/example_dags/example_subdag_operator.py
[2023-04-28T11:34:32.378+0000] {processor.py:743} INFO - Processing file /home/airflow/.local/lib/python3.7/site-packages/airflow/example_dags/example_subdag_operator.py for tasks to queue
[2023-04-28T11:34:32.380+0000] {logging_mixin.py:137} INFO - [2023-04-28T11:34:32.379+0000] {dagbag.py:532} INFO - Filling up the DagBag from /home/airflow/.local/lib/python3.7/site-packages/airflow/example_dags/example_subdag_operator.py
[2023-04-28T11:34:32.426+0000] {processor.py:753} INFO - DAG(s) dict_keys(['example_subdag_operator.section-1', 'example_subdag_operator.section-2', 'example_subdag_operator']) retrieved from /home/airflow/.local/lib/python3.7/site-packages/airflow/example_dags/example_subdag_operator.py
[2023-04-28T11:34:32.451+0000] {logging_mixin.py:137} INFO - [2023-04-28T11:34:32.451+0000] {dag.py:2705} INFO - Sync 3 DAGs
[2023-04-28T11:34:32.481+0000] {logging_mixin.py:137} INFO - [2023-04-28T11:34:32.481+0000] {dag.py:3456} INFO - Setting next_dagrun for example_subdag_operator to 2022-01-01T00:00:00+00:00, run_after=2022-01-01T00:00:00+00:00
[2023-04-28T11:34:32.486+0000] {logging_mixin.py:137} INFO - [2023-04-28T11:34:32.486+0000] {dag.py:3456} INFO - Setting next_dagrun for example_subdag_operator.section-1 to None, run_after=None
[2023-04-28T11:34:32.489+0000] {logging_mixin.py:137} INFO - [2023-04-28T11:34:32.489+0000] {dag.py:3456} INFO - Setting next_dagrun for example_subdag_operator.section-2 to None, run_after=None
[2023-04-28T11:34:32.498+0000] {logging_mixin.py:137} INFO - [2023-04-28T11:34:32.498+0000] {dag.py:2705} INFO - Sync 2 DAGs
[2023-04-28T11:34:32.506+0000] {logging_mixin.py:137} INFO - [2023-04-28T11:34:32.506+0000] {dag.py:3456} INFO - Setting next_dagrun for example_subdag_operator.section-1 to None, run_after=None
[2023-04-28T11:34:32.508+0000] {logging_mixin.py:137} INFO - [2023-04-28T11:34:32.507+0000] {dag.py:3456} INFO - Setting next_dagrun for example_subdag_operator.section-2 to None, run_after=None
[2023-04-28T11:34:32.524+0000] {processor.py:175} INFO - Processing /home/airflow/.local/lib/python3.7/site-packages/airflow/example_dags/example_subdag_operator.py took 0.153 seconds
[2023-04-28T11:35:03.008+0000] {processor.py:153} INFO - Started process (PID=4770) to work on /home/airflow/.local/lib/python3.7/site-packages/airflow/example_dags/example_subdag_operator.py
[2023-04-28T11:35:03.010+0000] {processor.py:743} INFO - Processing file /home/airflow/.local/lib/python3.7/site-packages/airflow/example_dags/example_subdag_operator.py for tasks to queue
[2023-04-28T11:35:03.013+0000] {logging_mixin.py:137} INFO - [2023-04-28T11:35:03.012+0000] {dagbag.py:532} INFO - Filling up the DagBag from /home/airflow/.local/lib/python3.7/site-packages/airflow/example_dags/example_subdag_operator.py
[2023-04-28T11:35:03.072+0000] {processor.py:753} INFO - DAG(s) dict_keys(['example_subdag_operator.section-1', 'example_subdag_operator.section-2', 'example_subdag_operator']) retrieved from /home/airflow/.local/lib/python3.7/site-packages/airflow/example_dags/example_subdag_operator.py
[2023-04-28T11:35:03.100+0000] {logging_mixin.py:137} INFO - [2023-04-28T11:35:03.100+0000] {dag.py:2705} INFO - Sync 3 DAGs
[2023-04-28T11:35:03.133+0000] {logging_mixin.py:137} INFO - [2023-04-28T11:35:03.133+0000] {dag.py:3456} INFO - Setting next_dagrun for example_subdag_operator to 2022-01-01T00:00:00+00:00, run_after=2022-01-01T00:00:00+00:00
[2023-04-28T11:35:03.138+0000] {logging_mixin.py:137} INFO - [2023-04-28T11:35:03.138+0000] {dag.py:3456} INFO - Setting next_dagrun for example_subdag_operator.section-1 to None, run_after=None
[2023-04-28T11:35:03.140+0000] {logging_mixin.py:137} INFO - [2023-04-28T11:35:03.140+0000] {dag.py:3456} INFO - Setting next_dagrun for example_subdag_operator.section-2 to None, run_after=None
[2023-04-28T11:35:03.149+0000] {logging_mixin.py:137} INFO - [2023-04-28T11:35:03.149+0000] {dag.py:2705} INFO - Sync 2 DAGs
[2023-04-28T11:35:03.156+0000] {logging_mixin.py:137} INFO - [2023-04-28T11:35:03.156+0000] {dag.py:3456} INFO - Setting next_dagrun for example_subdag_operator.section-1 to None, run_after=None
[2023-04-28T11:35:03.157+0000] {logging_mixin.py:137} INFO - [2023-04-28T11:35:03.157+0000] {dag.py:3456} INFO - Setting next_dagrun for example_subdag_operator.section-2 to None, run_after=None
[2023-04-28T11:35:03.170+0000] {processor.py:175} INFO - Processing /home/airflow/.local/lib/python3.7/site-packages/airflow/example_dags/example_subdag_operator.py took 0.169 seconds
[2023-04-28T11:35:33.260+0000] {processor.py:153} INFO - Started process (PID=4990) to work on /home/airflow/.local/lib/python3.7/site-packages/airflow/example_dags/example_subdag_operator.py
[2023-04-28T11:35:33.264+0000] {processor.py:743} INFO - Processing file /home/airflow/.local/lib/python3.7/site-packages/airflow/example_dags/example_subdag_operator.py for tasks to queue
[2023-04-28T11:35:33.267+0000] {logging_mixin.py:137} INFO - [2023-04-28T11:35:33.267+0000] {dagbag.py:532} INFO - Filling up the DagBag from /home/airflow/.local/lib/python3.7/site-packages/airflow/example_dags/example_subdag_operator.py
[2023-04-28T11:35:33.317+0000] {processor.py:753} INFO - DAG(s) dict_keys(['example_subdag_operator.section-1', 'example_subdag_operator.section-2', 'example_subdag_operator']) retrieved from /home/airflow/.local/lib/python3.7/site-packages/airflow/example_dags/example_subdag_operator.py
[2023-04-28T11:35:33.347+0000] {logging_mixin.py:137} INFO - [2023-04-28T11:35:33.347+0000] {dag.py:2705} INFO - Sync 3 DAGs
[2023-04-28T11:35:33.384+0000] {logging_mixin.py:137} INFO - [2023-04-28T11:35:33.384+0000] {dag.py:3456} INFO - Setting next_dagrun for example_subdag_operator to 2022-01-01T00:00:00+00:00, run_after=2022-01-01T00:00:00+00:00
[2023-04-28T11:35:33.390+0000] {logging_mixin.py:137} INFO - [2023-04-28T11:35:33.390+0000] {dag.py:3456} INFO - Setting next_dagrun for example_subdag_operator.section-1 to None, run_after=None
[2023-04-28T11:35:33.392+0000] {logging_mixin.py:137} INFO - [2023-04-28T11:35:33.392+0000] {dag.py:3456} INFO - Setting next_dagrun for example_subdag_operator.section-2 to None, run_after=None
[2023-04-28T11:35:33.404+0000] {logging_mixin.py:137} INFO - [2023-04-28T11:35:33.404+0000] {dag.py:2705} INFO - Sync 2 DAGs
[2023-04-28T11:35:33.412+0000] {logging_mixin.py:137} INFO - [2023-04-28T11:35:33.412+0000] {dag.py:3456} INFO - Setting next_dagrun for example_subdag_operator.section-1 to None, run_after=None
[2023-04-28T11:35:33.413+0000] {logging_mixin.py:137} INFO - [2023-04-28T11:35:33.413+0000] {dag.py:3456} INFO - Setting next_dagrun for example_subdag_operator.section-2 to None, run_after=None
[2023-04-28T11:35:33.430+0000] {processor.py:175} INFO - Processing /home/airflow/.local/lib/python3.7/site-packages/airflow/example_dags/example_subdag_operator.py took 0.178 seconds
[2023-04-28T11:36:03.877+0000] {processor.py:153} INFO - Started process (PID=5206) to work on /home/airflow/.local/lib/python3.7/site-packages/airflow/example_dags/example_subdag_operator.py
[2023-04-28T11:36:03.881+0000] {processor.py:743} INFO - Processing file /home/airflow/.local/lib/python3.7/site-packages/airflow/example_dags/example_subdag_operator.py for tasks to queue
[2023-04-28T11:36:03.884+0000] {logging_mixin.py:137} INFO - [2023-04-28T11:36:03.883+0000] {dagbag.py:532} INFO - Filling up the DagBag from /home/airflow/.local/lib/python3.7/site-packages/airflow/example_dags/example_subdag_operator.py
[2023-04-28T11:36:03.930+0000] {processor.py:753} INFO - DAG(s) dict_keys(['example_subdag_operator.section-1', 'example_subdag_operator.section-2', 'example_subdag_operator']) retrieved from /home/airflow/.local/lib/python3.7/site-packages/airflow/example_dags/example_subdag_operator.py
[2023-04-28T11:36:03.956+0000] {logging_mixin.py:137} INFO - [2023-04-28T11:36:03.956+0000] {dag.py:2705} INFO - Sync 3 DAGs
[2023-04-28T11:36:03.991+0000] {logging_mixin.py:137} INFO - [2023-04-28T11:36:03.991+0000] {dag.py:3456} INFO - Setting next_dagrun for example_subdag_operator to 2022-01-01T00:00:00+00:00, run_after=2022-01-01T00:00:00+00:00
[2023-04-28T11:36:04.037+0000] {logging_mixin.py:137} INFO - [2023-04-28T11:36:04.036+0000] {dag.py:3456} INFO - Setting next_dagrun for example_subdag_operator.section-1 to None, run_after=None
[2023-04-28T11:36:04.047+0000] {logging_mixin.py:137} INFO - [2023-04-28T11:36:04.047+0000] {dag.py:3456} INFO - Setting next_dagrun for example_subdag_operator.section-2 to None, run_after=None
[2023-04-28T11:36:04.070+0000] {logging_mixin.py:137} INFO - [2023-04-28T11:36:04.070+0000] {dag.py:2705} INFO - Sync 2 DAGs
[2023-04-28T11:36:04.097+0000] {logging_mixin.py:137} INFO - [2023-04-28T11:36:04.097+0000] {dag.py:3456} INFO - Setting next_dagrun for example_subdag_operator.section-1 to None, run_after=None
[2023-04-28T11:36:04.099+0000] {logging_mixin.py:137} INFO - [2023-04-28T11:36:04.099+0000] {dag.py:3456} INFO - Setting next_dagrun for example_subdag_operator.section-2 to None, run_after=None
[2023-04-28T11:36:04.128+0000] {processor.py:175} INFO - Processing /home/airflow/.local/lib/python3.7/site-packages/airflow/example_dags/example_subdag_operator.py took 0.256 seconds
[2023-04-28T11:36:34.673+0000] {processor.py:153} INFO - Started process (PID=5424) to work on /home/airflow/.local/lib/python3.7/site-packages/airflow/example_dags/example_subdag_operator.py
[2023-04-28T11:36:34.676+0000] {processor.py:743} INFO - Processing file /home/airflow/.local/lib/python3.7/site-packages/airflow/example_dags/example_subdag_operator.py for tasks to queue
[2023-04-28T11:36:34.678+0000] {logging_mixin.py:137} INFO - [2023-04-28T11:36:34.677+0000] {dagbag.py:532} INFO - Filling up the DagBag from /home/airflow/.local/lib/python3.7/site-packages/airflow/example_dags/example_subdag_operator.py
[2023-04-28T11:36:34.726+0000] {processor.py:753} INFO - DAG(s) dict_keys(['example_subdag_operator.section-1', 'example_subdag_operator.section-2', 'example_subdag_operator']) retrieved from /home/airflow/.local/lib/python3.7/site-packages/airflow/example_dags/example_subdag_operator.py
[2023-04-28T11:36:34.756+0000] {logging_mixin.py:137} INFO - [2023-04-28T11:36:34.755+0000] {dag.py:2705} INFO - Sync 3 DAGs
[2023-04-28T11:36:34.792+0000] {logging_mixin.py:137} INFO - [2023-04-28T11:36:34.792+0000] {dag.py:3456} INFO - Setting next_dagrun for example_subdag_operator to 2022-01-01T00:00:00+00:00, run_after=2022-01-01T00:00:00+00:00
[2023-04-28T11:36:34.801+0000] {logging_mixin.py:137} INFO - [2023-04-28T11:36:34.800+0000] {dag.py:3456} INFO - Setting next_dagrun for example_subdag_operator.section-1 to None, run_after=None
[2023-04-28T11:36:34.805+0000] {logging_mixin.py:137} INFO - [2023-04-28T11:36:34.804+0000] {dag.py:3456} INFO - Setting next_dagrun for example_subdag_operator.section-2 to None, run_after=None
[2023-04-28T11:36:34.816+0000] {logging_mixin.py:137} INFO - [2023-04-28T11:36:34.816+0000] {dag.py:2705} INFO - Sync 2 DAGs
[2023-04-28T11:36:34.824+0000] {logging_mixin.py:137} INFO - [2023-04-28T11:36:34.824+0000] {dag.py:3456} INFO - Setting next_dagrun for example_subdag_operator.section-1 to None, run_after=None
[2023-04-28T11:36:34.826+0000] {logging_mixin.py:137} INFO - [2023-04-28T11:36:34.826+0000] {dag.py:3456} INFO - Setting next_dagrun for example_subdag_operator.section-2 to None, run_after=None
[2023-04-28T11:36:34.843+0000] {processor.py:175} INFO - Processing /home/airflow/.local/lib/python3.7/site-packages/airflow/example_dags/example_subdag_operator.py took 0.174 seconds
[2023-04-28T11:37:05.035+0000] {processor.py:153} INFO - Started process (PID=5642) to work on /home/airflow/.local/lib/python3.7/site-packages/airflow/example_dags/example_subdag_operator.py
[2023-04-28T11:37:05.038+0000] {processor.py:743} INFO - Processing file /home/airflow/.local/lib/python3.7/site-packages/airflow/example_dags/example_subdag_operator.py for tasks to queue
[2023-04-28T11:37:05.040+0000] {logging_mixin.py:137} INFO - [2023-04-28T11:37:05.039+0000] {dagbag.py:532} INFO - Filling up the DagBag from /home/airflow/.local/lib/python3.7/site-packages/airflow/example_dags/example_subdag_operator.py
[2023-04-28T11:37:05.096+0000] {processor.py:753} INFO - DAG(s) dict_keys(['example_subdag_operator.section-1', 'example_subdag_operator.section-2', 'example_subdag_operator']) retrieved from /home/airflow/.local/lib/python3.7/site-packages/airflow/example_dags/example_subdag_operator.py
[2023-04-28T11:37:05.127+0000] {logging_mixin.py:137} INFO - [2023-04-28T11:37:05.127+0000] {dag.py:2705} INFO - Sync 3 DAGs
[2023-04-28T11:37:05.163+0000] {logging_mixin.py:137} INFO - [2023-04-28T11:37:05.163+0000] {dag.py:3456} INFO - Setting next_dagrun for example_subdag_operator to 2022-01-01T00:00:00+00:00, run_after=2022-01-01T00:00:00+00:00
[2023-04-28T11:37:05.169+0000] {logging_mixin.py:137} INFO - [2023-04-28T11:37:05.169+0000] {dag.py:3456} INFO - Setting next_dagrun for example_subdag_operator.section-1 to None, run_after=None
[2023-04-28T11:37:05.171+0000] {logging_mixin.py:137} INFO - [2023-04-28T11:37:05.171+0000] {dag.py:3456} INFO - Setting next_dagrun for example_subdag_operator.section-2 to None, run_after=None
[2023-04-28T11:37:05.182+0000] {logging_mixin.py:137} INFO - [2023-04-28T11:37:05.182+0000] {dag.py:2705} INFO - Sync 2 DAGs
[2023-04-28T11:37:05.191+0000] {logging_mixin.py:137} INFO - [2023-04-28T11:37:05.191+0000] {dag.py:3456} INFO - Setting next_dagrun for example_subdag_operator.section-1 to None, run_after=None
[2023-04-28T11:37:05.193+0000] {logging_mixin.py:137} INFO - [2023-04-28T11:37:05.192+0000] {dag.py:3456} INFO - Setting next_dagrun for example_subdag_operator.section-2 to None, run_after=None
[2023-04-28T11:37:05.206+0000] {processor.py:175} INFO - Processing /home/airflow/.local/lib/python3.7/site-packages/airflow/example_dags/example_subdag_operator.py took 0.176 seconds
[2023-04-28T11:37:35.471+0000] {processor.py:153} INFO - Started process (PID=5860) to work on /home/airflow/.local/lib/python3.7/site-packages/airflow/example_dags/example_subdag_operator.py
[2023-04-28T11:37:35.473+0000] {processor.py:743} INFO - Processing file /home/airflow/.local/lib/python3.7/site-packages/airflow/example_dags/example_subdag_operator.py for tasks to queue
[2023-04-28T11:37:35.477+0000] {logging_mixin.py:137} INFO - [2023-04-28T11:37:35.477+0000] {dagbag.py:532} INFO - Filling up the DagBag from /home/airflow/.local/lib/python3.7/site-packages/airflow/example_dags/example_subdag_operator.py
[2023-04-28T11:37:35.534+0000] {processor.py:753} INFO - DAG(s) dict_keys(['example_subdag_operator.section-1', 'example_subdag_operator.section-2', 'example_subdag_operator']) retrieved from /home/airflow/.local/lib/python3.7/site-packages/airflow/example_dags/example_subdag_operator.py
[2023-04-28T11:37:35.575+0000] {logging_mixin.py:137} INFO - [2023-04-28T11:37:35.575+0000] {dag.py:2705} INFO - Sync 3 DAGs
[2023-04-28T11:37:35.623+0000] {logging_mixin.py:137} INFO - [2023-04-28T11:37:35.623+0000] {dag.py:3456} INFO - Setting next_dagrun for example_subdag_operator to 2022-01-01T00:00:00+00:00, run_after=2022-01-01T00:00:00+00:00
[2023-04-28T11:37:35.630+0000] {logging_mixin.py:137} INFO - [2023-04-28T11:37:35.630+0000] {dag.py:3456} INFO - Setting next_dagrun for example_subdag_operator.section-1 to None, run_after=None
[2023-04-28T11:37:35.634+0000] {logging_mixin.py:137} INFO - [2023-04-28T11:37:35.634+0000] {dag.py:3456} INFO - Setting next_dagrun for example_subdag_operator.section-2 to None, run_after=None
[2023-04-28T11:37:35.649+0000] {logging_mixin.py:137} INFO - [2023-04-28T11:37:35.649+0000] {dag.py:2705} INFO - Sync 2 DAGs
[2023-04-28T11:37:35.659+0000] {logging_mixin.py:137} INFO - [2023-04-28T11:37:35.659+0000] {dag.py:3456} INFO - Setting next_dagrun for example_subdag_operator.section-1 to None, run_after=None
[2023-04-28T11:37:35.662+0000] {logging_mixin.py:137} INFO - [2023-04-28T11:37:35.662+0000] {dag.py:3456} INFO - Setting next_dagrun for example_subdag_operator.section-2 to None, run_after=None
[2023-04-28T11:37:35.681+0000] {processor.py:175} INFO - Processing /home/airflow/.local/lib/python3.7/site-packages/airflow/example_dags/example_subdag_operator.py took 0.216 seconds
[2023-04-28T11:38:05.777+0000] {processor.py:153} INFO - Started process (PID=6078) to work on /home/airflow/.local/lib/python3.7/site-packages/airflow/example_dags/example_subdag_operator.py
[2023-04-28T11:38:05.779+0000] {processor.py:743} INFO - Processing file /home/airflow/.local/lib/python3.7/site-packages/airflow/example_dags/example_subdag_operator.py for tasks to queue
[2023-04-28T11:38:05.781+0000] {logging_mixin.py:137} INFO - [2023-04-28T11:38:05.781+0000] {dagbag.py:532} INFO - Filling up the DagBag from /home/airflow/.local/lib/python3.7/site-packages/airflow/example_dags/example_subdag_operator.py
[2023-04-28T11:38:05.831+0000] {processor.py:753} INFO - DAG(s) dict_keys(['example_subdag_operator.section-1', 'example_subdag_operator.section-2', 'example_subdag_operator']) retrieved from /home/airflow/.local/lib/python3.7/site-packages/airflow/example_dags/example_subdag_operator.py
[2023-04-28T11:38:05.862+0000] {logging_mixin.py:137} INFO - [2023-04-28T11:38:05.862+0000] {dag.py:2705} INFO - Sync 3 DAGs
[2023-04-28T11:38:05.900+0000] {logging_mixin.py:137} INFO - [2023-04-28T11:38:05.900+0000] {dag.py:3456} INFO - Setting next_dagrun for example_subdag_operator to 2022-01-01T00:00:00+00:00, run_after=2022-01-01T00:00:00+00:00
[2023-04-28T11:38:05.906+0000] {logging_mixin.py:137} INFO - [2023-04-28T11:38:05.906+0000] {dag.py:3456} INFO - Setting next_dagrun for example_subdag_operator.section-1 to None, run_after=None
[2023-04-28T11:38:05.910+0000] {logging_mixin.py:137} INFO - [2023-04-28T11:38:05.910+0000] {dag.py:3456} INFO - Setting next_dagrun for example_subdag_operator.section-2 to None, run_after=None
[2023-04-28T11:38:05.924+0000] {logging_mixin.py:137} INFO - [2023-04-28T11:38:05.923+0000] {dag.py:2705} INFO - Sync 2 DAGs
[2023-04-28T11:38:05.932+0000] {logging_mixin.py:137} INFO - [2023-04-28T11:38:05.932+0000] {dag.py:3456} INFO - Setting next_dagrun for example_subdag_operator.section-1 to None, run_after=None
[2023-04-28T11:38:05.934+0000] {logging_mixin.py:137} INFO - [2023-04-28T11:38:05.934+0000] {dag.py:3456} INFO - Setting next_dagrun for example_subdag_operator.section-2 to None, run_after=None
[2023-04-28T11:38:05.949+0000] {processor.py:175} INFO - Processing /home/airflow/.local/lib/python3.7/site-packages/airflow/example_dags/example_subdag_operator.py took 0.178 seconds
[2023-04-28T11:38:36.531+0000] {processor.py:153} INFO - Started process (PID=6296) to work on /home/airflow/.local/lib/python3.7/site-packages/airflow/example_dags/example_subdag_operator.py
[2023-04-28T11:38:36.534+0000] {processor.py:743} INFO - Processing file /home/airflow/.local/lib/python3.7/site-packages/airflow/example_dags/example_subdag_operator.py for tasks to queue
[2023-04-28T11:38:36.536+0000] {logging_mixin.py:137} INFO - [2023-04-28T11:38:36.536+0000] {dagbag.py:532} INFO - Filling up the DagBag from /home/airflow/.local/lib/python3.7/site-packages/airflow/example_dags/example_subdag_operator.py
[2023-04-28T11:38:36.582+0000] {processor.py:753} INFO - DAG(s) dict_keys(['example_subdag_operator.section-1', 'example_subdag_operator.section-2', 'example_subdag_operator']) retrieved from /home/airflow/.local/lib/python3.7/site-packages/airflow/example_dags/example_subdag_operator.py
[2023-04-28T11:38:36.608+0000] {logging_mixin.py:137} INFO - [2023-04-28T11:38:36.608+0000] {dag.py:2705} INFO - Sync 3 DAGs
[2023-04-28T11:38:36.674+0000] {logging_mixin.py:137} INFO - [2023-04-28T11:38:36.674+0000] {dag.py:3456} INFO - Setting next_dagrun for example_subdag_operator to 2022-01-01T00:00:00+00:00, run_after=2022-01-01T00:00:00+00:00
[2023-04-28T11:38:36.712+0000] {logging_mixin.py:137} INFO - [2023-04-28T11:38:36.712+0000] {dag.py:3456} INFO - Setting next_dagrun for example_subdag_operator.section-1 to None, run_after=None
[2023-04-28T11:38:36.723+0000] {logging_mixin.py:137} INFO - [2023-04-28T11:38:36.723+0000] {dag.py:3456} INFO - Setting next_dagrun for example_subdag_operator.section-2 to None, run_after=None
[2023-04-28T11:38:36.737+0000] {logging_mixin.py:137} INFO - [2023-04-28T11:38:36.737+0000] {dag.py:2705} INFO - Sync 2 DAGs
[2023-04-28T11:38:36.751+0000] {logging_mixin.py:137} INFO - [2023-04-28T11:38:36.751+0000] {dag.py:3456} INFO - Setting next_dagrun for example_subdag_operator.section-1 to None, run_after=None
[2023-04-28T11:38:36.754+0000] {logging_mixin.py:137} INFO - [2023-04-28T11:38:36.753+0000] {dag.py:3456} INFO - Setting next_dagrun for example_subdag_operator.section-2 to None, run_after=None
[2023-04-28T11:38:36.777+0000] {processor.py:175} INFO - Processing /home/airflow/.local/lib/python3.7/site-packages/airflow/example_dags/example_subdag_operator.py took 0.251 seconds
[2023-04-28T11:39:07.402+0000] {processor.py:153} INFO - Started process (PID=6514) to work on /home/airflow/.local/lib/python3.7/site-packages/airflow/example_dags/example_subdag_operator.py
[2023-04-28T11:39:07.404+0000] {processor.py:743} INFO - Processing file /home/airflow/.local/lib/python3.7/site-packages/airflow/example_dags/example_subdag_operator.py for tasks to queue
[2023-04-28T11:39:07.406+0000] {logging_mixin.py:137} INFO - [2023-04-28T11:39:07.406+0000] {dagbag.py:532} INFO - Filling up the DagBag from /home/airflow/.local/lib/python3.7/site-packages/airflow/example_dags/example_subdag_operator.py
[2023-04-28T11:39:07.455+0000] {processor.py:753} INFO - DAG(s) dict_keys(['example_subdag_operator.section-1', 'example_subdag_operator.section-2', 'example_subdag_operator']) retrieved from /home/airflow/.local/lib/python3.7/site-packages/airflow/example_dags/example_subdag_operator.py
[2023-04-28T11:39:07.483+0000] {logging_mixin.py:137} INFO - [2023-04-28T11:39:07.483+0000] {dag.py:2705} INFO - Sync 3 DAGs
[2023-04-28T11:39:07.518+0000] {logging_mixin.py:137} INFO - [2023-04-28T11:39:07.518+0000] {dag.py:3456} INFO - Setting next_dagrun for example_subdag_operator to 2022-01-01T00:00:00+00:00, run_after=2022-01-01T00:00:00+00:00
[2023-04-28T11:39:07.524+0000] {logging_mixin.py:137} INFO - [2023-04-28T11:39:07.524+0000] {dag.py:3456} INFO - Setting next_dagrun for example_subdag_operator.section-1 to None, run_after=None
[2023-04-28T11:39:07.527+0000] {logging_mixin.py:137} INFO - [2023-04-28T11:39:07.527+0000] {dag.py:3456} INFO - Setting next_dagrun for example_subdag_operator.section-2 to None, run_after=None
[2023-04-28T11:39:07.546+0000] {logging_mixin.py:137} INFO - [2023-04-28T11:39:07.545+0000] {dag.py:2705} INFO - Sync 2 DAGs
[2023-04-28T11:39:07.554+0000] {logging_mixin.py:137} INFO - [2023-04-28T11:39:07.553+0000] {dag.py:3456} INFO - Setting next_dagrun for example_subdag_operator.section-1 to None, run_after=None
[2023-04-28T11:39:07.555+0000] {logging_mixin.py:137} INFO - [2023-04-28T11:39:07.555+0000] {dag.py:3456} INFO - Setting next_dagrun for example_subdag_operator.section-2 to None, run_after=None
[2023-04-28T11:39:07.570+0000] {processor.py:175} INFO - Processing /home/airflow/.local/lib/python3.7/site-packages/airflow/example_dags/example_subdag_operator.py took 0.173 seconds
[2023-04-28T11:39:37.684+0000] {processor.py:153} INFO - Started process (PID=6746) to work on /home/airflow/.local/lib/python3.7/site-packages/airflow/example_dags/example_subdag_operator.py
[2023-04-28T11:39:37.686+0000] {processor.py:743} INFO - Processing file /home/airflow/.local/lib/python3.7/site-packages/airflow/example_dags/example_subdag_operator.py for tasks to queue
[2023-04-28T11:39:37.688+0000] {logging_mixin.py:137} INFO - [2023-04-28T11:39:37.688+0000] {dagbag.py:532} INFO - Filling up the DagBag from /home/airflow/.local/lib/python3.7/site-packages/airflow/example_dags/example_subdag_operator.py
[2023-04-28T11:39:37.734+0000] {processor.py:753} INFO - DAG(s) dict_keys(['example_subdag_operator.section-1', 'example_subdag_operator.section-2', 'example_subdag_operator']) retrieved from /home/airflow/.local/lib/python3.7/site-packages/airflow/example_dags/example_subdag_operator.py
[2023-04-28T11:39:37.765+0000] {logging_mixin.py:137} INFO - [2023-04-28T11:39:37.765+0000] {dag.py:2705} INFO - Sync 3 DAGs
[2023-04-28T11:39:37.808+0000] {logging_mixin.py:137} INFO - [2023-04-28T11:39:37.808+0000] {dag.py:3456} INFO - Setting next_dagrun for example_subdag_operator to 2022-01-01T00:00:00+00:00, run_after=2022-01-01T00:00:00+00:00
[2023-04-28T11:39:37.814+0000] {logging_mixin.py:137} INFO - [2023-04-28T11:39:37.814+0000] {dag.py:3456} INFO - Setting next_dagrun for example_subdag_operator.section-1 to None, run_after=None
[2023-04-28T11:39:37.817+0000] {logging_mixin.py:137} INFO - [2023-04-28T11:39:37.817+0000] {dag.py:3456} INFO - Setting next_dagrun for example_subdag_operator.section-2 to None, run_after=None
[2023-04-28T11:39:37.829+0000] {logging_mixin.py:137} INFO - [2023-04-28T11:39:37.828+0000] {dag.py:2705} INFO - Sync 2 DAGs
[2023-04-28T11:39:37.840+0000] {logging_mixin.py:137} INFO - [2023-04-28T11:39:37.840+0000] {dag.py:3456} INFO - Setting next_dagrun for example_subdag_operator.section-1 to None, run_after=None
[2023-04-28T11:39:37.842+0000] {logging_mixin.py:137} INFO - [2023-04-28T11:39:37.842+0000] {dag.py:3456} INFO - Setting next_dagrun for example_subdag_operator.section-2 to None, run_after=None
[2023-04-28T11:39:37.866+0000] {processor.py:175} INFO - Processing /home/airflow/.local/lib/python3.7/site-packages/airflow/example_dags/example_subdag_operator.py took 0.187 seconds
[2023-04-28T11:40:08.707+0000] {processor.py:153} INFO - Started process (PID=6969) to work on /home/airflow/.local/lib/python3.7/site-packages/airflow/example_dags/example_subdag_operator.py
[2023-04-28T11:40:08.711+0000] {processor.py:743} INFO - Processing file /home/airflow/.local/lib/python3.7/site-packages/airflow/example_dags/example_subdag_operator.py for tasks to queue
[2023-04-28T11:40:08.714+0000] {logging_mixin.py:137} INFO - [2023-04-28T11:40:08.713+0000] {dagbag.py:532} INFO - Filling up the DagBag from /home/airflow/.local/lib/python3.7/site-packages/airflow/example_dags/example_subdag_operator.py
[2023-04-28T11:40:08.832+0000] {processor.py:753} INFO - DAG(s) dict_keys(['example_subdag_operator.section-1', 'example_subdag_operator.section-2', 'example_subdag_operator']) retrieved from /home/airflow/.local/lib/python3.7/site-packages/airflow/example_dags/example_subdag_operator.py
[2023-04-28T11:40:08.893+0000] {logging_mixin.py:137} INFO - [2023-04-28T11:40:08.893+0000] {dag.py:2705} INFO - Sync 3 DAGs
[2023-04-28T11:40:09.078+0000] {logging_mixin.py:137} INFO - [2023-04-28T11:40:09.078+0000] {dag.py:3456} INFO - Setting next_dagrun for example_subdag_operator to 2022-01-01T00:00:00+00:00, run_after=2022-01-01T00:00:00+00:00
[2023-04-28T11:40:09.089+0000] {logging_mixin.py:137} INFO - [2023-04-28T11:40:09.089+0000] {dag.py:3456} INFO - Setting next_dagrun for example_subdag_operator.section-1 to None, run_after=None
[2023-04-28T11:40:09.096+0000] {logging_mixin.py:137} INFO - [2023-04-28T11:40:09.096+0000] {dag.py:3456} INFO - Setting next_dagrun for example_subdag_operator.section-2 to None, run_after=None
[2023-04-28T11:40:09.115+0000] {logging_mixin.py:137} INFO - [2023-04-28T11:40:09.114+0000] {dag.py:2705} INFO - Sync 2 DAGs
[2023-04-28T11:40:09.130+0000] {logging_mixin.py:137} INFO - [2023-04-28T11:40:09.130+0000] {dag.py:3456} INFO - Setting next_dagrun for example_subdag_operator.section-1 to None, run_after=None
[2023-04-28T11:40:09.132+0000] {logging_mixin.py:137} INFO - [2023-04-28T11:40:09.132+0000] {dag.py:3456} INFO - Setting next_dagrun for example_subdag_operator.section-2 to None, run_after=None
[2023-04-28T11:40:09.172+0000] {processor.py:175} INFO - Processing /home/airflow/.local/lib/python3.7/site-packages/airflow/example_dags/example_subdag_operator.py took 0.472 seconds
[2023-04-28T11:40:39.549+0000] {processor.py:153} INFO - Started process (PID=7191) to work on /home/airflow/.local/lib/python3.7/site-packages/airflow/example_dags/example_subdag_operator.py
[2023-04-28T11:40:39.553+0000] {processor.py:743} INFO - Processing file /home/airflow/.local/lib/python3.7/site-packages/airflow/example_dags/example_subdag_operator.py for tasks to queue
[2023-04-28T11:40:39.558+0000] {logging_mixin.py:137} INFO - [2023-04-28T11:40:39.558+0000] {dagbag.py:532} INFO - Filling up the DagBag from /home/airflow/.local/lib/python3.7/site-packages/airflow/example_dags/example_subdag_operator.py
[2023-04-28T11:40:39.618+0000] {processor.py:753} INFO - DAG(s) dict_keys(['example_subdag_operator.section-1', 'example_subdag_operator.section-2', 'example_subdag_operator']) retrieved from /home/airflow/.local/lib/python3.7/site-packages/airflow/example_dags/example_subdag_operator.py
[2023-04-28T11:40:39.654+0000] {logging_mixin.py:137} INFO - [2023-04-28T11:40:39.654+0000] {dag.py:2705} INFO - Sync 3 DAGs
[2023-04-28T11:40:39.696+0000] {logging_mixin.py:137} INFO - [2023-04-28T11:40:39.695+0000] {dag.py:3456} INFO - Setting next_dagrun for example_subdag_operator to 2022-01-01T00:00:00+00:00, run_after=2022-01-01T00:00:00+00:00
[2023-04-28T11:40:39.702+0000] {logging_mixin.py:137} INFO - [2023-04-28T11:40:39.702+0000] {dag.py:3456} INFO - Setting next_dagrun for example_subdag_operator.section-1 to None, run_after=None
[2023-04-28T11:40:39.705+0000] {logging_mixin.py:137} INFO - [2023-04-28T11:40:39.705+0000] {dag.py:3456} INFO - Setting next_dagrun for example_subdag_operator.section-2 to None, run_after=None
[2023-04-28T11:40:39.717+0000] {logging_mixin.py:137} INFO - [2023-04-28T11:40:39.717+0000] {dag.py:2705} INFO - Sync 2 DAGs
[2023-04-28T11:40:39.725+0000] {logging_mixin.py:137} INFO - [2023-04-28T11:40:39.725+0000] {dag.py:3456} INFO - Setting next_dagrun for example_subdag_operator.section-1 to None, run_after=None
[2023-04-28T11:40:39.727+0000] {logging_mixin.py:137} INFO - [2023-04-28T11:40:39.727+0000] {dag.py:3456} INFO - Setting next_dagrun for example_subdag_operator.section-2 to None, run_after=None
[2023-04-28T11:40:39.742+0000] {processor.py:175} INFO - Processing /home/airflow/.local/lib/python3.7/site-packages/airflow/example_dags/example_subdag_operator.py took 0.199 seconds
