[2023-04-28T11:24:24.009+0000] {processor.py:153} INFO - Started process (PID=263) to work on /home/airflow/.local/lib/python3.7/site-packages/airflow/example_dags/example_nested_branch_dag.py
[2023-04-28T11:24:24.011+0000] {processor.py:743} INFO - Processing file /home/airflow/.local/lib/python3.7/site-packages/airflow/example_dags/example_nested_branch_dag.py for tasks to queue
[2023-04-28T11:24:24.013+0000] {logging_mixin.py:137} INFO - [2023-04-28T11:24:24.013+0000] {dagbag.py:532} INFO - Filling up the DagBag from /home/airflow/.local/lib/python3.7/site-packages/airflow/example_dags/example_nested_branch_dag.py
[2023-04-28T11:24:24.042+0000] {processor.py:753} INFO - DAG(s) dict_keys(['example_nested_branch_dag']) retrieved from /home/airflow/.local/lib/python3.7/site-packages/airflow/example_dags/example_nested_branch_dag.py
[2023-04-28T11:24:24.057+0000] {logging_mixin.py:137} INFO - [2023-04-28T11:24:24.057+0000] {dag.py:2705} INFO - Sync 1 DAGs
[2023-04-28T11:24:24.090+0000] {logging_mixin.py:137} INFO - [2023-04-28T11:24:24.090+0000] {dag.py:3456} INFO - Setting next_dagrun for example_nested_branch_dag to 2023-04-27T00:00:00+00:00, run_after=2023-04-28T00:00:00+00:00
[2023-04-28T11:24:24.117+0000] {processor.py:175} INFO - Processing /home/airflow/.local/lib/python3.7/site-packages/airflow/example_dags/example_nested_branch_dag.py took 0.113 seconds
[2023-04-28T11:24:54.457+0000] {processor.py:153} INFO - Started process (PID=481) to work on /home/airflow/.local/lib/python3.7/site-packages/airflow/example_dags/example_nested_branch_dag.py
[2023-04-28T11:24:54.459+0000] {processor.py:743} INFO - Processing file /home/airflow/.local/lib/python3.7/site-packages/airflow/example_dags/example_nested_branch_dag.py for tasks to queue
[2023-04-28T11:24:54.461+0000] {logging_mixin.py:137} INFO - [2023-04-28T11:24:54.461+0000] {dagbag.py:532} INFO - Filling up the DagBag from /home/airflow/.local/lib/python3.7/site-packages/airflow/example_dags/example_nested_branch_dag.py
[2023-04-28T11:24:54.490+0000] {processor.py:753} INFO - DAG(s) dict_keys(['example_nested_branch_dag']) retrieved from /home/airflow/.local/lib/python3.7/site-packages/airflow/example_dags/example_nested_branch_dag.py
[2023-04-28T11:24:54.522+0000] {logging_mixin.py:137} INFO - [2023-04-28T11:24:54.522+0000] {dag.py:2705} INFO - Sync 1 DAGs
[2023-04-28T11:24:54.553+0000] {logging_mixin.py:137} INFO - [2023-04-28T11:24:54.553+0000] {dag.py:3456} INFO - Setting next_dagrun for example_nested_branch_dag to 2023-04-27T00:00:00+00:00, run_after=2023-04-28T00:00:00+00:00
[2023-04-28T11:24:54.573+0000] {processor.py:175} INFO - Processing /home/airflow/.local/lib/python3.7/site-packages/airflow/example_dags/example_nested_branch_dag.py took 0.120 seconds
[2023-04-28T11:25:25.079+0000] {processor.py:153} INFO - Started process (PID=699) to work on /home/airflow/.local/lib/python3.7/site-packages/airflow/example_dags/example_nested_branch_dag.py
[2023-04-28T11:25:25.081+0000] {processor.py:743} INFO - Processing file /home/airflow/.local/lib/python3.7/site-packages/airflow/example_dags/example_nested_branch_dag.py for tasks to queue
[2023-04-28T11:25:25.083+0000] {logging_mixin.py:137} INFO - [2023-04-28T11:25:25.083+0000] {dagbag.py:532} INFO - Filling up the DagBag from /home/airflow/.local/lib/python3.7/site-packages/airflow/example_dags/example_nested_branch_dag.py
[2023-04-28T11:25:25.115+0000] {processor.py:753} INFO - DAG(s) dict_keys(['example_nested_branch_dag']) retrieved from /home/airflow/.local/lib/python3.7/site-packages/airflow/example_dags/example_nested_branch_dag.py
[2023-04-28T11:25:25.154+0000] {logging_mixin.py:137} INFO - [2023-04-28T11:25:25.154+0000] {dag.py:2705} INFO - Sync 1 DAGs
[2023-04-28T11:25:25.189+0000] {logging_mixin.py:137} INFO - [2023-04-28T11:25:25.189+0000] {dag.py:3456} INFO - Setting next_dagrun for example_nested_branch_dag to 2023-04-27T00:00:00+00:00, run_after=2023-04-28T00:00:00+00:00
[2023-04-28T11:25:25.215+0000] {processor.py:175} INFO - Processing /home/airflow/.local/lib/python3.7/site-packages/airflow/example_dags/example_nested_branch_dag.py took 0.141 seconds
[2023-04-28T11:25:56.894+0000] {processor.py:153} INFO - Started process (PID=917) to work on /home/airflow/.local/lib/python3.7/site-packages/airflow/example_dags/example_nested_branch_dag.py
[2023-04-28T11:25:56.898+0000] {processor.py:743} INFO - Processing file /home/airflow/.local/lib/python3.7/site-packages/airflow/example_dags/example_nested_branch_dag.py for tasks to queue
[2023-04-28T11:25:56.900+0000] {logging_mixin.py:137} INFO - [2023-04-28T11:25:56.900+0000] {dagbag.py:532} INFO - Filling up the DagBag from /home/airflow/.local/lib/python3.7/site-packages/airflow/example_dags/example_nested_branch_dag.py
[2023-04-28T11:25:56.949+0000] {processor.py:753} INFO - DAG(s) dict_keys(['example_nested_branch_dag']) retrieved from /home/airflow/.local/lib/python3.7/site-packages/airflow/example_dags/example_nested_branch_dag.py
[2023-04-28T11:25:57.004+0000] {logging_mixin.py:137} INFO - [2023-04-28T11:25:57.003+0000] {dag.py:2705} INFO - Sync 1 DAGs
[2023-04-28T11:25:57.061+0000] {logging_mixin.py:137} INFO - [2023-04-28T11:25:57.060+0000] {dag.py:3456} INFO - Setting next_dagrun for example_nested_branch_dag to 2023-04-27T00:00:00+00:00, run_after=2023-04-28T00:00:00+00:00
[2023-04-28T11:25:57.116+0000] {processor.py:175} INFO - Processing /home/airflow/.local/lib/python3.7/site-packages/airflow/example_dags/example_nested_branch_dag.py took 0.230 seconds
[2023-04-28T11:26:27.535+0000] {processor.py:153} INFO - Started process (PID=1135) to work on /home/airflow/.local/lib/python3.7/site-packages/airflow/example_dags/example_nested_branch_dag.py
[2023-04-28T11:26:27.537+0000] {processor.py:743} INFO - Processing file /home/airflow/.local/lib/python3.7/site-packages/airflow/example_dags/example_nested_branch_dag.py for tasks to queue
[2023-04-28T11:26:27.539+0000] {logging_mixin.py:137} INFO - [2023-04-28T11:26:27.539+0000] {dagbag.py:532} INFO - Filling up the DagBag from /home/airflow/.local/lib/python3.7/site-packages/airflow/example_dags/example_nested_branch_dag.py
[2023-04-28T11:26:27.567+0000] {processor.py:753} INFO - DAG(s) dict_keys(['example_nested_branch_dag']) retrieved from /home/airflow/.local/lib/python3.7/site-packages/airflow/example_dags/example_nested_branch_dag.py
[2023-04-28T11:26:27.598+0000] {logging_mixin.py:137} INFO - [2023-04-28T11:26:27.598+0000] {dag.py:2705} INFO - Sync 1 DAGs
[2023-04-28T11:26:27.630+0000] {logging_mixin.py:137} INFO - [2023-04-28T11:26:27.629+0000] {dag.py:3456} INFO - Setting next_dagrun for example_nested_branch_dag to 2023-04-27T00:00:00+00:00, run_after=2023-04-28T00:00:00+00:00
[2023-04-28T11:26:27.650+0000] {processor.py:175} INFO - Processing /home/airflow/.local/lib/python3.7/site-packages/airflow/example_dags/example_nested_branch_dag.py took 0.119 seconds
[2023-04-28T11:26:58.603+0000] {processor.py:153} INFO - Started process (PID=1353) to work on /home/airflow/.local/lib/python3.7/site-packages/airflow/example_dags/example_nested_branch_dag.py
[2023-04-28T11:26:58.609+0000] {processor.py:743} INFO - Processing file /home/airflow/.local/lib/python3.7/site-packages/airflow/example_dags/example_nested_branch_dag.py for tasks to queue
[2023-04-28T11:26:58.614+0000] {logging_mixin.py:137} INFO - [2023-04-28T11:26:58.613+0000] {dagbag.py:532} INFO - Filling up the DagBag from /home/airflow/.local/lib/python3.7/site-packages/airflow/example_dags/example_nested_branch_dag.py
[2023-04-28T11:26:58.681+0000] {processor.py:753} INFO - DAG(s) dict_keys(['example_nested_branch_dag']) retrieved from /home/airflow/.local/lib/python3.7/site-packages/airflow/example_dags/example_nested_branch_dag.py
[2023-04-28T11:26:58.753+0000] {logging_mixin.py:137} INFO - [2023-04-28T11:26:58.753+0000] {dag.py:2705} INFO - Sync 1 DAGs
[2023-04-28T11:26:58.809+0000] {logging_mixin.py:137} INFO - [2023-04-28T11:26:58.809+0000] {dag.py:3456} INFO - Setting next_dagrun for example_nested_branch_dag to 2023-04-27T00:00:00+00:00, run_after=2023-04-28T00:00:00+00:00
[2023-04-28T11:26:58.847+0000] {processor.py:175} INFO - Processing /home/airflow/.local/lib/python3.7/site-packages/airflow/example_dags/example_nested_branch_dag.py took 0.254 seconds
[2023-04-28T11:27:29.001+0000] {processor.py:153} INFO - Started process (PID=1571) to work on /home/airflow/.local/lib/python3.7/site-packages/airflow/example_dags/example_nested_branch_dag.py
[2023-04-28T11:27:29.004+0000] {processor.py:743} INFO - Processing file /home/airflow/.local/lib/python3.7/site-packages/airflow/example_dags/example_nested_branch_dag.py for tasks to queue
[2023-04-28T11:27:29.006+0000] {logging_mixin.py:137} INFO - [2023-04-28T11:27:29.005+0000] {dagbag.py:532} INFO - Filling up the DagBag from /home/airflow/.local/lib/python3.7/site-packages/airflow/example_dags/example_nested_branch_dag.py
[2023-04-28T11:27:29.040+0000] {processor.py:753} INFO - DAG(s) dict_keys(['example_nested_branch_dag']) retrieved from /home/airflow/.local/lib/python3.7/site-packages/airflow/example_dags/example_nested_branch_dag.py
[2023-04-28T11:27:29.080+0000] {logging_mixin.py:137} INFO - [2023-04-28T11:27:29.080+0000] {dag.py:2705} INFO - Sync 1 DAGs
[2023-04-28T11:27:29.117+0000] {logging_mixin.py:137} INFO - [2023-04-28T11:27:29.117+0000] {dag.py:3456} INFO - Setting next_dagrun for example_nested_branch_dag to 2023-04-27T00:00:00+00:00, run_after=2023-04-28T00:00:00+00:00
[2023-04-28T11:27:29.143+0000] {processor.py:175} INFO - Processing /home/airflow/.local/lib/python3.7/site-packages/airflow/example_dags/example_nested_branch_dag.py took 0.148 seconds
[2023-04-28T11:28:00.032+0000] {processor.py:153} INFO - Started process (PID=1789) to work on /home/airflow/.local/lib/python3.7/site-packages/airflow/example_dags/example_nested_branch_dag.py
[2023-04-28T11:28:00.035+0000] {processor.py:743} INFO - Processing file /home/airflow/.local/lib/python3.7/site-packages/airflow/example_dags/example_nested_branch_dag.py for tasks to queue
[2023-04-28T11:28:00.037+0000] {logging_mixin.py:137} INFO - [2023-04-28T11:28:00.037+0000] {dagbag.py:532} INFO - Filling up the DagBag from /home/airflow/.local/lib/python3.7/site-packages/airflow/example_dags/example_nested_branch_dag.py
[2023-04-28T11:28:00.092+0000] {processor.py:753} INFO - DAG(s) dict_keys(['example_nested_branch_dag']) retrieved from /home/airflow/.local/lib/python3.7/site-packages/airflow/example_dags/example_nested_branch_dag.py
[2023-04-28T11:28:00.161+0000] {logging_mixin.py:137} INFO - [2023-04-28T11:28:00.160+0000] {dag.py:2705} INFO - Sync 1 DAGs
[2023-04-28T11:28:00.221+0000] {logging_mixin.py:137} INFO - [2023-04-28T11:28:00.221+0000] {dag.py:3456} INFO - Setting next_dagrun for example_nested_branch_dag to 2023-04-27T00:00:00+00:00, run_after=2023-04-28T00:00:00+00:00
[2023-04-28T11:28:00.257+0000] {processor.py:175} INFO - Processing /home/airflow/.local/lib/python3.7/site-packages/airflow/example_dags/example_nested_branch_dag.py took 0.233 seconds
[2023-04-28T11:28:30.668+0000] {processor.py:153} INFO - Started process (PID=2007) to work on /home/airflow/.local/lib/python3.7/site-packages/airflow/example_dags/example_nested_branch_dag.py
[2023-04-28T11:28:30.671+0000] {processor.py:743} INFO - Processing file /home/airflow/.local/lib/python3.7/site-packages/airflow/example_dags/example_nested_branch_dag.py for tasks to queue
[2023-04-28T11:28:30.675+0000] {logging_mixin.py:137} INFO - [2023-04-28T11:28:30.675+0000] {dagbag.py:532} INFO - Filling up the DagBag from /home/airflow/.local/lib/python3.7/site-packages/airflow/example_dags/example_nested_branch_dag.py
[2023-04-28T11:28:30.722+0000] {processor.py:753} INFO - DAG(s) dict_keys(['example_nested_branch_dag']) retrieved from /home/airflow/.local/lib/python3.7/site-packages/airflow/example_dags/example_nested_branch_dag.py
[2023-04-28T11:28:30.779+0000] {logging_mixin.py:137} INFO - [2023-04-28T11:28:30.779+0000] {dag.py:2705} INFO - Sync 1 DAGs
[2023-04-28T11:28:30.831+0000] {logging_mixin.py:137} INFO - [2023-04-28T11:28:30.830+0000] {dag.py:3456} INFO - Setting next_dagrun for example_nested_branch_dag to 2023-04-27T00:00:00+00:00, run_after=2023-04-28T00:00:00+00:00
[2023-04-28T11:28:30.863+0000] {processor.py:175} INFO - Processing /home/airflow/.local/lib/python3.7/site-packages/airflow/example_dags/example_nested_branch_dag.py took 0.200 seconds
[2023-04-28T11:29:01.567+0000] {processor.py:153} INFO - Started process (PID=2225) to work on /home/airflow/.local/lib/python3.7/site-packages/airflow/example_dags/example_nested_branch_dag.py
[2023-04-28T11:29:01.570+0000] {processor.py:743} INFO - Processing file /home/airflow/.local/lib/python3.7/site-packages/airflow/example_dags/example_nested_branch_dag.py for tasks to queue
[2023-04-28T11:29:01.572+0000] {logging_mixin.py:137} INFO - [2023-04-28T11:29:01.571+0000] {dagbag.py:532} INFO - Filling up the DagBag from /home/airflow/.local/lib/python3.7/site-packages/airflow/example_dags/example_nested_branch_dag.py
[2023-04-28T11:29:01.608+0000] {processor.py:753} INFO - DAG(s) dict_keys(['example_nested_branch_dag']) retrieved from /home/airflow/.local/lib/python3.7/site-packages/airflow/example_dags/example_nested_branch_dag.py
[2023-04-28T11:29:01.647+0000] {logging_mixin.py:137} INFO - [2023-04-28T11:29:01.647+0000] {dag.py:2705} INFO - Sync 1 DAGs
[2023-04-28T11:29:01.683+0000] {logging_mixin.py:137} INFO - [2023-04-28T11:29:01.682+0000] {dag.py:3456} INFO - Setting next_dagrun for example_nested_branch_dag to 2023-04-27T00:00:00+00:00, run_after=2023-04-28T00:00:00+00:00
[2023-04-28T11:29:01.713+0000] {processor.py:175} INFO - Processing /home/airflow/.local/lib/python3.7/site-packages/airflow/example_dags/example_nested_branch_dag.py took 0.151 seconds
[2023-04-28T11:29:31.946+0000] {processor.py:153} INFO - Started process (PID=2443) to work on /home/airflow/.local/lib/python3.7/site-packages/airflow/example_dags/example_nested_branch_dag.py
[2023-04-28T11:29:31.949+0000] {processor.py:743} INFO - Processing file /home/airflow/.local/lib/python3.7/site-packages/airflow/example_dags/example_nested_branch_dag.py for tasks to queue
[2023-04-28T11:29:31.951+0000] {logging_mixin.py:137} INFO - [2023-04-28T11:29:31.951+0000] {dagbag.py:532} INFO - Filling up the DagBag from /home/airflow/.local/lib/python3.7/site-packages/airflow/example_dags/example_nested_branch_dag.py
[2023-04-28T11:29:31.982+0000] {processor.py:753} INFO - DAG(s) dict_keys(['example_nested_branch_dag']) retrieved from /home/airflow/.local/lib/python3.7/site-packages/airflow/example_dags/example_nested_branch_dag.py
[2023-04-28T11:29:32.040+0000] {logging_mixin.py:137} INFO - [2023-04-28T11:29:32.039+0000] {dag.py:2705} INFO - Sync 1 DAGs
[2023-04-28T11:29:32.084+0000] {logging_mixin.py:137} INFO - [2023-04-28T11:29:32.084+0000] {dag.py:3456} INFO - Setting next_dagrun for example_nested_branch_dag to 2023-04-27T00:00:00+00:00, run_after=2023-04-28T00:00:00+00:00
[2023-04-28T11:29:32.110+0000] {processor.py:175} INFO - Processing /home/airflow/.local/lib/python3.7/site-packages/airflow/example_dags/example_nested_branch_dag.py took 0.168 seconds
[2023-04-28T11:30:03.038+0000] {processor.py:153} INFO - Started process (PID=2661) to work on /home/airflow/.local/lib/python3.7/site-packages/airflow/example_dags/example_nested_branch_dag.py
[2023-04-28T11:30:03.046+0000] {processor.py:743} INFO - Processing file /home/airflow/.local/lib/python3.7/site-packages/airflow/example_dags/example_nested_branch_dag.py for tasks to queue
[2023-04-28T11:30:03.051+0000] {logging_mixin.py:137} INFO - [2023-04-28T11:30:03.050+0000] {dagbag.py:532} INFO - Filling up the DagBag from /home/airflow/.local/lib/python3.7/site-packages/airflow/example_dags/example_nested_branch_dag.py
[2023-04-28T11:30:03.108+0000] {processor.py:753} INFO - DAG(s) dict_keys(['example_nested_branch_dag']) retrieved from /home/airflow/.local/lib/python3.7/site-packages/airflow/example_dags/example_nested_branch_dag.py
[2023-04-28T11:30:03.154+0000] {logging_mixin.py:137} INFO - [2023-04-28T11:30:03.153+0000] {dag.py:2705} INFO - Sync 1 DAGs
[2023-04-28T11:30:03.197+0000] {logging_mixin.py:137} INFO - [2023-04-28T11:30:03.197+0000] {dag.py:3456} INFO - Setting next_dagrun for example_nested_branch_dag to 2023-04-27T00:00:00+00:00, run_after=2023-04-28T00:00:00+00:00
[2023-04-28T11:30:03.232+0000] {processor.py:175} INFO - Processing /home/airflow/.local/lib/python3.7/site-packages/airflow/example_dags/example_nested_branch_dag.py took 0.207 seconds
[2023-04-28T11:30:34.263+0000] {processor.py:153} INFO - Started process (PID=2879) to work on /home/airflow/.local/lib/python3.7/site-packages/airflow/example_dags/example_nested_branch_dag.py
[2023-04-28T11:30:34.265+0000] {processor.py:743} INFO - Processing file /home/airflow/.local/lib/python3.7/site-packages/airflow/example_dags/example_nested_branch_dag.py for tasks to queue
[2023-04-28T11:30:34.267+0000] {logging_mixin.py:137} INFO - [2023-04-28T11:30:34.267+0000] {dagbag.py:532} INFO - Filling up the DagBag from /home/airflow/.local/lib/python3.7/site-packages/airflow/example_dags/example_nested_branch_dag.py
[2023-04-28T11:30:34.301+0000] {processor.py:753} INFO - DAG(s) dict_keys(['example_nested_branch_dag']) retrieved from /home/airflow/.local/lib/python3.7/site-packages/airflow/example_dags/example_nested_branch_dag.py
[2023-04-28T11:30:34.335+0000] {logging_mixin.py:137} INFO - [2023-04-28T11:30:34.335+0000] {dag.py:2705} INFO - Sync 1 DAGs
[2023-04-28T11:30:34.370+0000] {logging_mixin.py:137} INFO - [2023-04-28T11:30:34.370+0000] {dag.py:3456} INFO - Setting next_dagrun for example_nested_branch_dag to 2023-04-27T00:00:00+00:00, run_after=2023-04-28T00:00:00+00:00
[2023-04-28T11:30:34.394+0000] {processor.py:175} INFO - Processing /home/airflow/.local/lib/python3.7/site-packages/airflow/example_dags/example_nested_branch_dag.py took 0.137 seconds
[2023-04-28T11:31:04.664+0000] {processor.py:153} INFO - Started process (PID=3097) to work on /home/airflow/.local/lib/python3.7/site-packages/airflow/example_dags/example_nested_branch_dag.py
[2023-04-28T11:31:04.666+0000] {processor.py:743} INFO - Processing file /home/airflow/.local/lib/python3.7/site-packages/airflow/example_dags/example_nested_branch_dag.py for tasks to queue
[2023-04-28T11:31:04.668+0000] {logging_mixin.py:137} INFO - [2023-04-28T11:31:04.667+0000] {dagbag.py:532} INFO - Filling up the DagBag from /home/airflow/.local/lib/python3.7/site-packages/airflow/example_dags/example_nested_branch_dag.py
[2023-04-28T11:31:04.701+0000] {processor.py:753} INFO - DAG(s) dict_keys(['example_nested_branch_dag']) retrieved from /home/airflow/.local/lib/python3.7/site-packages/airflow/example_dags/example_nested_branch_dag.py
[2023-04-28T11:31:04.735+0000] {logging_mixin.py:137} INFO - [2023-04-28T11:31:04.735+0000] {dag.py:2705} INFO - Sync 1 DAGs
[2023-04-28T11:31:04.769+0000] {logging_mixin.py:137} INFO - [2023-04-28T11:31:04.769+0000] {dag.py:3456} INFO - Setting next_dagrun for example_nested_branch_dag to 2023-04-27T00:00:00+00:00, run_after=2023-04-28T00:00:00+00:00
[2023-04-28T11:31:04.791+0000] {processor.py:175} INFO - Processing /home/airflow/.local/lib/python3.7/site-packages/airflow/example_dags/example_nested_branch_dag.py took 0.133 seconds
[2023-04-28T11:31:35.226+0000] {processor.py:153} INFO - Started process (PID=3314) to work on /home/airflow/.local/lib/python3.7/site-packages/airflow/example_dags/example_nested_branch_dag.py
[2023-04-28T11:31:35.228+0000] {processor.py:743} INFO - Processing file /home/airflow/.local/lib/python3.7/site-packages/airflow/example_dags/example_nested_branch_dag.py for tasks to queue
[2023-04-28T11:31:35.230+0000] {logging_mixin.py:137} INFO - [2023-04-28T11:31:35.230+0000] {dagbag.py:532} INFO - Filling up the DagBag from /home/airflow/.local/lib/python3.7/site-packages/airflow/example_dags/example_nested_branch_dag.py
[2023-04-28T11:31:35.262+0000] {processor.py:753} INFO - DAG(s) dict_keys(['example_nested_branch_dag']) retrieved from /home/airflow/.local/lib/python3.7/site-packages/airflow/example_dags/example_nested_branch_dag.py
[2023-04-28T11:31:35.294+0000] {logging_mixin.py:137} INFO - [2023-04-28T11:31:35.294+0000] {dag.py:2705} INFO - Sync 1 DAGs
[2023-04-28T11:31:35.325+0000] {logging_mixin.py:137} INFO - [2023-04-28T11:31:35.325+0000] {dag.py:3456} INFO - Setting next_dagrun for example_nested_branch_dag to 2023-04-27T00:00:00+00:00, run_after=2023-04-28T00:00:00+00:00
[2023-04-28T11:31:35.348+0000] {processor.py:175} INFO - Processing /home/airflow/.local/lib/python3.7/site-packages/airflow/example_dags/example_nested_branch_dag.py took 0.126 seconds
[2023-04-28T11:32:05.605+0000] {processor.py:153} INFO - Started process (PID=3532) to work on /home/airflow/.local/lib/python3.7/site-packages/airflow/example_dags/example_nested_branch_dag.py
[2023-04-28T11:32:05.607+0000] {processor.py:743} INFO - Processing file /home/airflow/.local/lib/python3.7/site-packages/airflow/example_dags/example_nested_branch_dag.py for tasks to queue
[2023-04-28T11:32:05.609+0000] {logging_mixin.py:137} INFO - [2023-04-28T11:32:05.609+0000] {dagbag.py:532} INFO - Filling up the DagBag from /home/airflow/.local/lib/python3.7/site-packages/airflow/example_dags/example_nested_branch_dag.py
[2023-04-28T11:32:05.639+0000] {processor.py:753} INFO - DAG(s) dict_keys(['example_nested_branch_dag']) retrieved from /home/airflow/.local/lib/python3.7/site-packages/airflow/example_dags/example_nested_branch_dag.py
[2023-04-28T11:32:05.671+0000] {logging_mixin.py:137} INFO - [2023-04-28T11:32:05.671+0000] {dag.py:2705} INFO - Sync 1 DAGs
[2023-04-28T11:32:05.703+0000] {logging_mixin.py:137} INFO - [2023-04-28T11:32:05.703+0000] {dag.py:3456} INFO - Setting next_dagrun for example_nested_branch_dag to 2023-04-27T00:00:00+00:00, run_after=2023-04-28T00:00:00+00:00
[2023-04-28T11:32:05.725+0000] {processor.py:175} INFO - Processing /home/airflow/.local/lib/python3.7/site-packages/airflow/example_dags/example_nested_branch_dag.py took 0.125 seconds
[2023-04-28T11:32:35.880+0000] {processor.py:153} INFO - Started process (PID=3750) to work on /home/airflow/.local/lib/python3.7/site-packages/airflow/example_dags/example_nested_branch_dag.py
[2023-04-28T11:32:35.881+0000] {processor.py:743} INFO - Processing file /home/airflow/.local/lib/python3.7/site-packages/airflow/example_dags/example_nested_branch_dag.py for tasks to queue
[2023-04-28T11:32:35.883+0000] {logging_mixin.py:137} INFO - [2023-04-28T11:32:35.883+0000] {dagbag.py:532} INFO - Filling up the DagBag from /home/airflow/.local/lib/python3.7/site-packages/airflow/example_dags/example_nested_branch_dag.py
[2023-04-28T11:32:35.915+0000] {processor.py:753} INFO - DAG(s) dict_keys(['example_nested_branch_dag']) retrieved from /home/airflow/.local/lib/python3.7/site-packages/airflow/example_dags/example_nested_branch_dag.py
[2023-04-28T11:32:35.945+0000] {logging_mixin.py:137} INFO - [2023-04-28T11:32:35.945+0000] {dag.py:2705} INFO - Sync 1 DAGs
[2023-04-28T11:32:35.975+0000] {logging_mixin.py:137} INFO - [2023-04-28T11:32:35.975+0000] {dag.py:3456} INFO - Setting next_dagrun for example_nested_branch_dag to 2023-04-27T00:00:00+00:00, run_after=2023-04-28T00:00:00+00:00
[2023-04-28T11:32:35.995+0000] {processor.py:175} INFO - Processing /home/airflow/.local/lib/python3.7/site-packages/airflow/example_dags/example_nested_branch_dag.py took 0.120 seconds
[2023-04-28T11:33:06.259+0000] {processor.py:153} INFO - Started process (PID=3968) to work on /home/airflow/.local/lib/python3.7/site-packages/airflow/example_dags/example_nested_branch_dag.py
[2023-04-28T11:33:06.261+0000] {processor.py:743} INFO - Processing file /home/airflow/.local/lib/python3.7/site-packages/airflow/example_dags/example_nested_branch_dag.py for tasks to queue
[2023-04-28T11:33:06.263+0000] {logging_mixin.py:137} INFO - [2023-04-28T11:33:06.263+0000] {dagbag.py:532} INFO - Filling up the DagBag from /home/airflow/.local/lib/python3.7/site-packages/airflow/example_dags/example_nested_branch_dag.py
[2023-04-28T11:33:06.294+0000] {processor.py:753} INFO - DAG(s) dict_keys(['example_nested_branch_dag']) retrieved from /home/airflow/.local/lib/python3.7/site-packages/airflow/example_dags/example_nested_branch_dag.py
[2023-04-28T11:33:06.323+0000] {logging_mixin.py:137} INFO - [2023-04-28T11:33:06.323+0000] {dag.py:2705} INFO - Sync 1 DAGs
[2023-04-28T11:33:06.354+0000] {logging_mixin.py:137} INFO - [2023-04-28T11:33:06.354+0000] {dag.py:3456} INFO - Setting next_dagrun for example_nested_branch_dag to 2023-04-27T00:00:00+00:00, run_after=2023-04-28T00:00:00+00:00
[2023-04-28T11:33:06.376+0000] {processor.py:175} INFO - Processing /home/airflow/.local/lib/python3.7/site-packages/airflow/example_dags/example_nested_branch_dag.py took 0.122 seconds
[2023-04-28T11:33:36.563+0000] {processor.py:153} INFO - Started process (PID=4186) to work on /home/airflow/.local/lib/python3.7/site-packages/airflow/example_dags/example_nested_branch_dag.py
[2023-04-28T11:33:36.565+0000] {processor.py:743} INFO - Processing file /home/airflow/.local/lib/python3.7/site-packages/airflow/example_dags/example_nested_branch_dag.py for tasks to queue
[2023-04-28T11:33:36.567+0000] {logging_mixin.py:137} INFO - [2023-04-28T11:33:36.566+0000] {dagbag.py:532} INFO - Filling up the DagBag from /home/airflow/.local/lib/python3.7/site-packages/airflow/example_dags/example_nested_branch_dag.py
[2023-04-28T11:33:36.598+0000] {processor.py:753} INFO - DAG(s) dict_keys(['example_nested_branch_dag']) retrieved from /home/airflow/.local/lib/python3.7/site-packages/airflow/example_dags/example_nested_branch_dag.py
[2023-04-28T11:33:36.628+0000] {logging_mixin.py:137} INFO - [2023-04-28T11:33:36.628+0000] {dag.py:2705} INFO - Sync 1 DAGs
[2023-04-28T11:33:36.659+0000] {logging_mixin.py:137} INFO - [2023-04-28T11:33:36.658+0000] {dag.py:3456} INFO - Setting next_dagrun for example_nested_branch_dag to 2023-04-27T00:00:00+00:00, run_after=2023-04-28T00:00:00+00:00
[2023-04-28T11:33:36.680+0000] {processor.py:175} INFO - Processing /home/airflow/.local/lib/python3.7/site-packages/airflow/example_dags/example_nested_branch_dag.py took 0.122 seconds
[2023-04-28T11:34:06.862+0000] {processor.py:153} INFO - Started process (PID=4404) to work on /home/airflow/.local/lib/python3.7/site-packages/airflow/example_dags/example_nested_branch_dag.py
[2023-04-28T11:34:06.865+0000] {processor.py:743} INFO - Processing file /home/airflow/.local/lib/python3.7/site-packages/airflow/example_dags/example_nested_branch_dag.py for tasks to queue
[2023-04-28T11:34:06.867+0000] {logging_mixin.py:137} INFO - [2023-04-28T11:34:06.867+0000] {dagbag.py:532} INFO - Filling up the DagBag from /home/airflow/.local/lib/python3.7/site-packages/airflow/example_dags/example_nested_branch_dag.py
[2023-04-28T11:34:06.899+0000] {processor.py:753} INFO - DAG(s) dict_keys(['example_nested_branch_dag']) retrieved from /home/airflow/.local/lib/python3.7/site-packages/airflow/example_dags/example_nested_branch_dag.py
[2023-04-28T11:34:06.930+0000] {logging_mixin.py:137} INFO - [2023-04-28T11:34:06.929+0000] {dag.py:2705} INFO - Sync 1 DAGs
[2023-04-28T11:34:06.960+0000] {logging_mixin.py:137} INFO - [2023-04-28T11:34:06.960+0000] {dag.py:3456} INFO - Setting next_dagrun for example_nested_branch_dag to 2023-04-27T00:00:00+00:00, run_after=2023-04-28T00:00:00+00:00
[2023-04-28T11:34:06.980+0000] {processor.py:175} INFO - Processing /home/airflow/.local/lib/python3.7/site-packages/airflow/example_dags/example_nested_branch_dag.py took 0.125 seconds
[2023-04-28T11:34:37.485+0000] {processor.py:153} INFO - Started process (PID=4622) to work on /home/airflow/.local/lib/python3.7/site-packages/airflow/example_dags/example_nested_branch_dag.py
[2023-04-28T11:34:37.488+0000] {processor.py:743} INFO - Processing file /home/airflow/.local/lib/python3.7/site-packages/airflow/example_dags/example_nested_branch_dag.py for tasks to queue
[2023-04-28T11:34:37.490+0000] {logging_mixin.py:137} INFO - [2023-04-28T11:34:37.490+0000] {dagbag.py:532} INFO - Filling up the DagBag from /home/airflow/.local/lib/python3.7/site-packages/airflow/example_dags/example_nested_branch_dag.py
[2023-04-28T11:34:37.520+0000] {processor.py:753} INFO - DAG(s) dict_keys(['example_nested_branch_dag']) retrieved from /home/airflow/.local/lib/python3.7/site-packages/airflow/example_dags/example_nested_branch_dag.py
[2023-04-28T11:34:37.561+0000] {logging_mixin.py:137} INFO - [2023-04-28T11:34:37.561+0000] {dag.py:2705} INFO - Sync 1 DAGs
[2023-04-28T11:34:37.592+0000] {logging_mixin.py:137} INFO - [2023-04-28T11:34:37.592+0000] {dag.py:3456} INFO - Setting next_dagrun for example_nested_branch_dag to 2023-04-27T00:00:00+00:00, run_after=2023-04-28T00:00:00+00:00
[2023-04-28T11:34:37.613+0000] {processor.py:175} INFO - Processing /home/airflow/.local/lib/python3.7/site-packages/airflow/example_dags/example_nested_branch_dag.py took 0.133 seconds
[2023-04-28T11:35:08.222+0000] {processor.py:153} INFO - Started process (PID=4840) to work on /home/airflow/.local/lib/python3.7/site-packages/airflow/example_dags/example_nested_branch_dag.py
[2023-04-28T11:35:08.225+0000] {processor.py:743} INFO - Processing file /home/airflow/.local/lib/python3.7/site-packages/airflow/example_dags/example_nested_branch_dag.py for tasks to queue
[2023-04-28T11:35:08.228+0000] {logging_mixin.py:137} INFO - [2023-04-28T11:35:08.227+0000] {dagbag.py:532} INFO - Filling up the DagBag from /home/airflow/.local/lib/python3.7/site-packages/airflow/example_dags/example_nested_branch_dag.py
[2023-04-28T11:35:08.278+0000] {processor.py:753} INFO - DAG(s) dict_keys(['example_nested_branch_dag']) retrieved from /home/airflow/.local/lib/python3.7/site-packages/airflow/example_dags/example_nested_branch_dag.py
[2023-04-28T11:35:08.325+0000] {logging_mixin.py:137} INFO - [2023-04-28T11:35:08.325+0000] {dag.py:2705} INFO - Sync 1 DAGs
[2023-04-28T11:35:08.365+0000] {logging_mixin.py:137} INFO - [2023-04-28T11:35:08.365+0000] {dag.py:3456} INFO - Setting next_dagrun for example_nested_branch_dag to 2023-04-27T00:00:00+00:00, run_after=2023-04-28T00:00:00+00:00
[2023-04-28T11:35:08.389+0000] {processor.py:175} INFO - Processing /home/airflow/.local/lib/python3.7/site-packages/airflow/example_dags/example_nested_branch_dag.py took 0.174 seconds
[2023-04-28T11:35:39.420+0000] {processor.py:153} INFO - Started process (PID=5058) to work on /home/airflow/.local/lib/python3.7/site-packages/airflow/example_dags/example_nested_branch_dag.py
[2023-04-28T11:35:39.423+0000] {processor.py:743} INFO - Processing file /home/airflow/.local/lib/python3.7/site-packages/airflow/example_dags/example_nested_branch_dag.py for tasks to queue
[2023-04-28T11:35:39.426+0000] {logging_mixin.py:137} INFO - [2023-04-28T11:35:39.426+0000] {dagbag.py:532} INFO - Filling up the DagBag from /home/airflow/.local/lib/python3.7/site-packages/airflow/example_dags/example_nested_branch_dag.py
[2023-04-28T11:35:39.520+0000] {processor.py:753} INFO - DAG(s) dict_keys(['example_nested_branch_dag']) retrieved from /home/airflow/.local/lib/python3.7/site-packages/airflow/example_dags/example_nested_branch_dag.py
[2023-04-28T11:35:39.613+0000] {logging_mixin.py:137} INFO - [2023-04-28T11:35:39.613+0000] {dag.py:2705} INFO - Sync 1 DAGs
[2023-04-28T11:35:39.672+0000] {logging_mixin.py:137} INFO - [2023-04-28T11:35:39.672+0000] {dag.py:3456} INFO - Setting next_dagrun for example_nested_branch_dag to 2023-04-27T00:00:00+00:00, run_after=2023-04-28T00:00:00+00:00
[2023-04-28T11:35:39.719+0000] {processor.py:175} INFO - Processing /home/airflow/.local/lib/python3.7/site-packages/airflow/example_dags/example_nested_branch_dag.py took 0.304 seconds
[2023-04-28T11:36:10.025+0000] {processor.py:153} INFO - Started process (PID=5276) to work on /home/airflow/.local/lib/python3.7/site-packages/airflow/example_dags/example_nested_branch_dag.py
[2023-04-28T11:36:10.027+0000] {processor.py:743} INFO - Processing file /home/airflow/.local/lib/python3.7/site-packages/airflow/example_dags/example_nested_branch_dag.py for tasks to queue
[2023-04-28T11:36:10.029+0000] {logging_mixin.py:137} INFO - [2023-04-28T11:36:10.029+0000] {dagbag.py:532} INFO - Filling up the DagBag from /home/airflow/.local/lib/python3.7/site-packages/airflow/example_dags/example_nested_branch_dag.py
[2023-04-28T11:36:10.063+0000] {processor.py:753} INFO - DAG(s) dict_keys(['example_nested_branch_dag']) retrieved from /home/airflow/.local/lib/python3.7/site-packages/airflow/example_dags/example_nested_branch_dag.py
[2023-04-28T11:36:10.099+0000] {logging_mixin.py:137} INFO - [2023-04-28T11:36:10.098+0000] {dag.py:2705} INFO - Sync 1 DAGs
[2023-04-28T11:36:10.136+0000] {logging_mixin.py:137} INFO - [2023-04-28T11:36:10.136+0000] {dag.py:3456} INFO - Setting next_dagrun for example_nested_branch_dag to 2023-04-27T00:00:00+00:00, run_after=2023-04-28T00:00:00+00:00
[2023-04-28T11:36:10.160+0000] {processor.py:175} INFO - Processing /home/airflow/.local/lib/python3.7/site-packages/airflow/example_dags/example_nested_branch_dag.py took 0.141 seconds
[2023-04-28T11:36:40.859+0000] {processor.py:153} INFO - Started process (PID=5494) to work on /home/airflow/.local/lib/python3.7/site-packages/airflow/example_dags/example_nested_branch_dag.py
[2023-04-28T11:36:40.862+0000] {processor.py:743} INFO - Processing file /home/airflow/.local/lib/python3.7/site-packages/airflow/example_dags/example_nested_branch_dag.py for tasks to queue
[2023-04-28T11:36:40.865+0000] {logging_mixin.py:137} INFO - [2023-04-28T11:36:40.865+0000] {dagbag.py:532} INFO - Filling up the DagBag from /home/airflow/.local/lib/python3.7/site-packages/airflow/example_dags/example_nested_branch_dag.py
[2023-04-28T11:36:40.906+0000] {processor.py:753} INFO - DAG(s) dict_keys(['example_nested_branch_dag']) retrieved from /home/airflow/.local/lib/python3.7/site-packages/airflow/example_dags/example_nested_branch_dag.py
[2023-04-28T11:36:40.950+0000] {logging_mixin.py:137} INFO - [2023-04-28T11:36:40.949+0000] {dag.py:2705} INFO - Sync 1 DAGs
[2023-04-28T11:36:40.994+0000] {logging_mixin.py:137} INFO - [2023-04-28T11:36:40.993+0000] {dag.py:3456} INFO - Setting next_dagrun for example_nested_branch_dag to 2023-04-27T00:00:00+00:00, run_after=2023-04-28T00:00:00+00:00
[2023-04-28T11:36:41.022+0000] {processor.py:175} INFO - Processing /home/airflow/.local/lib/python3.7/site-packages/airflow/example_dags/example_nested_branch_dag.py took 0.169 seconds
[2023-04-28T11:37:11.230+0000] {processor.py:153} INFO - Started process (PID=5712) to work on /home/airflow/.local/lib/python3.7/site-packages/airflow/example_dags/example_nested_branch_dag.py
[2023-04-28T11:37:11.232+0000] {processor.py:743} INFO - Processing file /home/airflow/.local/lib/python3.7/site-packages/airflow/example_dags/example_nested_branch_dag.py for tasks to queue
[2023-04-28T11:37:11.234+0000] {logging_mixin.py:137} INFO - [2023-04-28T11:37:11.234+0000] {dagbag.py:532} INFO - Filling up the DagBag from /home/airflow/.local/lib/python3.7/site-packages/airflow/example_dags/example_nested_branch_dag.py
[2023-04-28T11:37:11.267+0000] {processor.py:753} INFO - DAG(s) dict_keys(['example_nested_branch_dag']) retrieved from /home/airflow/.local/lib/python3.7/site-packages/airflow/example_dags/example_nested_branch_dag.py
[2023-04-28T11:37:11.303+0000] {logging_mixin.py:137} INFO - [2023-04-28T11:37:11.303+0000] {dag.py:2705} INFO - Sync 1 DAGs
[2023-04-28T11:37:11.338+0000] {logging_mixin.py:137} INFO - [2023-04-28T11:37:11.337+0000] {dag.py:3456} INFO - Setting next_dagrun for example_nested_branch_dag to 2023-04-27T00:00:00+00:00, run_after=2023-04-28T00:00:00+00:00
[2023-04-28T11:37:11.361+0000] {processor.py:175} INFO - Processing /home/airflow/.local/lib/python3.7/site-packages/airflow/example_dags/example_nested_branch_dag.py took 0.136 seconds
[2023-04-28T11:37:41.835+0000] {processor.py:153} INFO - Started process (PID=5930) to work on /home/airflow/.local/lib/python3.7/site-packages/airflow/example_dags/example_nested_branch_dag.py
[2023-04-28T11:37:41.837+0000] {processor.py:743} INFO - Processing file /home/airflow/.local/lib/python3.7/site-packages/airflow/example_dags/example_nested_branch_dag.py for tasks to queue
[2023-04-28T11:37:41.839+0000] {logging_mixin.py:137} INFO - [2023-04-28T11:37:41.839+0000] {dagbag.py:532} INFO - Filling up the DagBag from /home/airflow/.local/lib/python3.7/site-packages/airflow/example_dags/example_nested_branch_dag.py
[2023-04-28T11:37:41.872+0000] {processor.py:753} INFO - DAG(s) dict_keys(['example_nested_branch_dag']) retrieved from /home/airflow/.local/lib/python3.7/site-packages/airflow/example_dags/example_nested_branch_dag.py
[2023-04-28T11:37:41.908+0000] {logging_mixin.py:137} INFO - [2023-04-28T11:37:41.908+0000] {dag.py:2705} INFO - Sync 1 DAGs
[2023-04-28T11:37:41.946+0000] {logging_mixin.py:137} INFO - [2023-04-28T11:37:41.946+0000] {dag.py:3456} INFO - Setting next_dagrun for example_nested_branch_dag to 2023-04-27T00:00:00+00:00, run_after=2023-04-28T00:00:00+00:00
[2023-04-28T11:37:41.974+0000] {processor.py:175} INFO - Processing /home/airflow/.local/lib/python3.7/site-packages/airflow/example_dags/example_nested_branch_dag.py took 0.143 seconds
[2023-04-28T11:38:12.139+0000] {processor.py:153} INFO - Started process (PID=6148) to work on /home/airflow/.local/lib/python3.7/site-packages/airflow/example_dags/example_nested_branch_dag.py
[2023-04-28T11:38:12.141+0000] {processor.py:743} INFO - Processing file /home/airflow/.local/lib/python3.7/site-packages/airflow/example_dags/example_nested_branch_dag.py for tasks to queue
[2023-04-28T11:38:12.143+0000] {logging_mixin.py:137} INFO - [2023-04-28T11:38:12.143+0000] {dagbag.py:532} INFO - Filling up the DagBag from /home/airflow/.local/lib/python3.7/site-packages/airflow/example_dags/example_nested_branch_dag.py
[2023-04-28T11:38:12.177+0000] {processor.py:753} INFO - DAG(s) dict_keys(['example_nested_branch_dag']) retrieved from /home/airflow/.local/lib/python3.7/site-packages/airflow/example_dags/example_nested_branch_dag.py
[2023-04-28T11:38:12.212+0000] {logging_mixin.py:137} INFO - [2023-04-28T11:38:12.212+0000] {dag.py:2705} INFO - Sync 1 DAGs
[2023-04-28T11:38:12.255+0000] {logging_mixin.py:137} INFO - [2023-04-28T11:38:12.255+0000] {dag.py:3456} INFO - Setting next_dagrun for example_nested_branch_dag to 2023-04-27T00:00:00+00:00, run_after=2023-04-28T00:00:00+00:00
[2023-04-28T11:38:12.283+0000] {processor.py:175} INFO - Processing /home/airflow/.local/lib/python3.7/site-packages/airflow/example_dags/example_nested_branch_dag.py took 0.150 seconds
[2023-04-28T11:38:42.832+0000] {processor.py:153} INFO - Started process (PID=6366) to work on /home/airflow/.local/lib/python3.7/site-packages/airflow/example_dags/example_nested_branch_dag.py
[2023-04-28T11:38:42.834+0000] {processor.py:743} INFO - Processing file /home/airflow/.local/lib/python3.7/site-packages/airflow/example_dags/example_nested_branch_dag.py for tasks to queue
[2023-04-28T11:38:42.836+0000] {logging_mixin.py:137} INFO - [2023-04-28T11:38:42.836+0000] {dagbag.py:532} INFO - Filling up the DagBag from /home/airflow/.local/lib/python3.7/site-packages/airflow/example_dags/example_nested_branch_dag.py
[2023-04-28T11:38:42.870+0000] {processor.py:753} INFO - DAG(s) dict_keys(['example_nested_branch_dag']) retrieved from /home/airflow/.local/lib/python3.7/site-packages/airflow/example_dags/example_nested_branch_dag.py
[2023-04-28T11:38:42.904+0000] {logging_mixin.py:137} INFO - [2023-04-28T11:38:42.904+0000] {dag.py:2705} INFO - Sync 1 DAGs
[2023-04-28T11:38:42.937+0000] {logging_mixin.py:137} INFO - [2023-04-28T11:38:42.937+0000] {dag.py:3456} INFO - Setting next_dagrun for example_nested_branch_dag to 2023-04-27T00:00:00+00:00, run_after=2023-04-28T00:00:00+00:00
[2023-04-28T11:38:42.961+0000] {processor.py:175} INFO - Processing /home/airflow/.local/lib/python3.7/site-packages/airflow/example_dags/example_nested_branch_dag.py took 0.134 seconds
[2023-04-28T11:39:13.478+0000] {processor.py:153} INFO - Started process (PID=6583) to work on /home/airflow/.local/lib/python3.7/site-packages/airflow/example_dags/example_nested_branch_dag.py
[2023-04-28T11:39:13.488+0000] {processor.py:743} INFO - Processing file /home/airflow/.local/lib/python3.7/site-packages/airflow/example_dags/example_nested_branch_dag.py for tasks to queue
[2023-04-28T11:39:13.494+0000] {logging_mixin.py:137} INFO - [2023-04-28T11:39:13.494+0000] {dagbag.py:532} INFO - Filling up the DagBag from /home/airflow/.local/lib/python3.7/site-packages/airflow/example_dags/example_nested_branch_dag.py
[2023-04-28T11:39:13.563+0000] {processor.py:753} INFO - DAG(s) dict_keys(['example_nested_branch_dag']) retrieved from /home/airflow/.local/lib/python3.7/site-packages/airflow/example_dags/example_nested_branch_dag.py
[2023-04-28T11:39:13.630+0000] {logging_mixin.py:137} INFO - [2023-04-28T11:39:13.630+0000] {dag.py:2705} INFO - Sync 1 DAGs
[2023-04-28T11:39:13.665+0000] {logging_mixin.py:137} INFO - [2023-04-28T11:39:13.664+0000] {dag.py:3456} INFO - Setting next_dagrun for example_nested_branch_dag to 2023-04-27T00:00:00+00:00, run_after=2023-04-28T00:00:00+00:00
[2023-04-28T11:39:13.690+0000] {processor.py:175} INFO - Processing /home/airflow/.local/lib/python3.7/site-packages/airflow/example_dags/example_nested_branch_dag.py took 0.221 seconds
[2023-04-28T11:39:44.062+0000] {processor.py:153} INFO - Started process (PID=6816) to work on /home/airflow/.local/lib/python3.7/site-packages/airflow/example_dags/example_nested_branch_dag.py
[2023-04-28T11:39:44.065+0000] {processor.py:743} INFO - Processing file /home/airflow/.local/lib/python3.7/site-packages/airflow/example_dags/example_nested_branch_dag.py for tasks to queue
[2023-04-28T11:39:44.066+0000] {logging_mixin.py:137} INFO - [2023-04-28T11:39:44.066+0000] {dagbag.py:532} INFO - Filling up the DagBag from /home/airflow/.local/lib/python3.7/site-packages/airflow/example_dags/example_nested_branch_dag.py
[2023-04-28T11:39:44.101+0000] {processor.py:753} INFO - DAG(s) dict_keys(['example_nested_branch_dag']) retrieved from /home/airflow/.local/lib/python3.7/site-packages/airflow/example_dags/example_nested_branch_dag.py
[2023-04-28T11:39:44.138+0000] {logging_mixin.py:137} INFO - [2023-04-28T11:39:44.138+0000] {dag.py:2705} INFO - Sync 1 DAGs
[2023-04-28T11:39:44.172+0000] {logging_mixin.py:137} INFO - [2023-04-28T11:39:44.172+0000] {dag.py:3456} INFO - Setting next_dagrun for example_nested_branch_dag to 2023-04-27T00:00:00+00:00, run_after=2023-04-28T00:00:00+00:00
[2023-04-28T11:39:44.196+0000] {processor.py:175} INFO - Processing /home/airflow/.local/lib/python3.7/site-packages/airflow/example_dags/example_nested_branch_dag.py took 0.139 seconds
[2023-04-28T11:40:14.648+0000] {processor.py:153} INFO - Started process (PID=7039) to work on /home/airflow/.local/lib/python3.7/site-packages/airflow/example_dags/example_nested_branch_dag.py
[2023-04-28T11:40:14.650+0000] {processor.py:743} INFO - Processing file /home/airflow/.local/lib/python3.7/site-packages/airflow/example_dags/example_nested_branch_dag.py for tasks to queue
[2023-04-28T11:40:14.652+0000] {logging_mixin.py:137} INFO - [2023-04-28T11:40:14.652+0000] {dagbag.py:532} INFO - Filling up the DagBag from /home/airflow/.local/lib/python3.7/site-packages/airflow/example_dags/example_nested_branch_dag.py
[2023-04-28T11:40:14.685+0000] {processor.py:753} INFO - DAG(s) dict_keys(['example_nested_branch_dag']) retrieved from /home/airflow/.local/lib/python3.7/site-packages/airflow/example_dags/example_nested_branch_dag.py
[2023-04-28T11:40:14.723+0000] {logging_mixin.py:137} INFO - [2023-04-28T11:40:14.723+0000] {dag.py:2705} INFO - Sync 1 DAGs
[2023-04-28T11:40:14.758+0000] {logging_mixin.py:137} INFO - [2023-04-28T11:40:14.758+0000] {dag.py:3456} INFO - Setting next_dagrun for example_nested_branch_dag to 2023-04-27T00:00:00+00:00, run_after=2023-04-28T00:00:00+00:00
[2023-04-28T11:40:14.783+0000] {processor.py:175} INFO - Processing /home/airflow/.local/lib/python3.7/site-packages/airflow/example_dags/example_nested_branch_dag.py took 0.139 seconds
[2023-04-28T11:40:47.084+0000] {processor.py:153} INFO - Started process (PID=7266) to work on /home/airflow/.local/lib/python3.7/site-packages/airflow/example_dags/example_nested_branch_dag.py
[2023-04-28T11:40:47.087+0000] {processor.py:743} INFO - Processing file /home/airflow/.local/lib/python3.7/site-packages/airflow/example_dags/example_nested_branch_dag.py for tasks to queue
[2023-04-28T11:40:47.089+0000] {logging_mixin.py:137} INFO - [2023-04-28T11:40:47.089+0000] {dagbag.py:532} INFO - Filling up the DagBag from /home/airflow/.local/lib/python3.7/site-packages/airflow/example_dags/example_nested_branch_dag.py
[2023-04-28T11:40:47.152+0000] {processor.py:753} INFO - DAG(s) dict_keys(['example_nested_branch_dag']) retrieved from /home/airflow/.local/lib/python3.7/site-packages/airflow/example_dags/example_nested_branch_dag.py
[2023-04-28T11:40:47.236+0000] {logging_mixin.py:137} INFO - [2023-04-28T11:40:47.236+0000] {dag.py:2705} INFO - Sync 1 DAGs
[2023-04-28T11:40:47.300+0000] {logging_mixin.py:137} INFO - [2023-04-28T11:40:47.299+0000] {dag.py:3456} INFO - Setting next_dagrun for example_nested_branch_dag to 2023-04-27T00:00:00+00:00, run_after=2023-04-28T00:00:00+00:00
[2023-04-28T11:40:47.337+0000] {processor.py:175} INFO - Processing /home/airflow/.local/lib/python3.7/site-packages/airflow/example_dags/example_nested_branch_dag.py took 0.260 seconds
