[2023-04-28T11:24:24.552+0000] {processor.py:153} INFO - Started process (PID=298) to work on /home/airflow/.local/lib/python3.7/site-packages/airflow/example_dags/example_sla_dag.py
[2023-04-28T11:24:24.554+0000] {processor.py:743} INFO - Processing file /home/airflow/.local/lib/python3.7/site-packages/airflow/example_dags/example_sla_dag.py for tasks to queue
[2023-04-28T11:24:24.556+0000] {logging_mixin.py:137} INFO - [2023-04-28T11:24:24.556+0000] {dagbag.py:532} INFO - Filling up the DagBag from /home/airflow/.local/lib/python3.7/site-packages/airflow/example_dags/example_sla_dag.py
[2023-04-28T11:24:24.587+0000] {processor.py:753} INFO - DAG(s) dict_keys(['example_sla_dag']) retrieved from /home/airflow/.local/lib/python3.7/site-packages/airflow/example_dags/example_sla_dag.py
[2023-04-28T11:24:24.603+0000] {logging_mixin.py:137} INFO - [2023-04-28T11:24:24.603+0000] {dag.py:2705} INFO - Sync 1 DAGs
[2023-04-28T11:24:24.639+0000] {logging_mixin.py:137} INFO - [2023-04-28T11:24:24.639+0000] {dag.py:3456} INFO - Setting next_dagrun for example_sla_dag to 2023-04-28T11:22:00+00:00, run_after=2023-04-28T11:24:00+00:00
[2023-04-28T11:24:24.660+0000] {processor.py:175} INFO - Processing /home/airflow/.local/lib/python3.7/site-packages/airflow/example_dags/example_sla_dag.py took 0.112 seconds
[2023-04-28T11:24:55.052+0000] {processor.py:153} INFO - Started process (PID=516) to work on /home/airflow/.local/lib/python3.7/site-packages/airflow/example_dags/example_sla_dag.py
[2023-04-28T11:24:55.053+0000] {processor.py:743} INFO - Processing file /home/airflow/.local/lib/python3.7/site-packages/airflow/example_dags/example_sla_dag.py for tasks to queue
[2023-04-28T11:24:55.055+0000] {logging_mixin.py:137} INFO - [2023-04-28T11:24:55.055+0000] {dagbag.py:532} INFO - Filling up the DagBag from /home/airflow/.local/lib/python3.7/site-packages/airflow/example_dags/example_sla_dag.py
[2023-04-28T11:24:55.082+0000] {processor.py:753} INFO - DAG(s) dict_keys(['example_sla_dag']) retrieved from /home/airflow/.local/lib/python3.7/site-packages/airflow/example_dags/example_sla_dag.py
[2023-04-28T11:24:55.113+0000] {logging_mixin.py:137} INFO - [2023-04-28T11:24:55.113+0000] {dag.py:2705} INFO - Sync 1 DAGs
[2023-04-28T11:24:55.144+0000] {logging_mixin.py:137} INFO - [2023-04-28T11:24:55.144+0000] {dag.py:3456} INFO - Setting next_dagrun for example_sla_dag to 2023-04-28T11:22:00+00:00, run_after=2023-04-28T11:24:00+00:00
[2023-04-28T11:24:55.164+0000] {processor.py:175} INFO - Processing /home/airflow/.local/lib/python3.7/site-packages/airflow/example_dags/example_sla_dag.py took 0.116 seconds
[2023-04-28T11:25:26.012+0000] {processor.py:153} INFO - Started process (PID=734) to work on /home/airflow/.local/lib/python3.7/site-packages/airflow/example_dags/example_sla_dag.py
[2023-04-28T11:25:26.017+0000] {processor.py:743} INFO - Processing file /home/airflow/.local/lib/python3.7/site-packages/airflow/example_dags/example_sla_dag.py for tasks to queue
[2023-04-28T11:25:26.021+0000] {logging_mixin.py:137} INFO - [2023-04-28T11:25:26.021+0000] {dagbag.py:532} INFO - Filling up the DagBag from /home/airflow/.local/lib/python3.7/site-packages/airflow/example_dags/example_sla_dag.py
[2023-04-28T11:25:26.092+0000] {processor.py:753} INFO - DAG(s) dict_keys(['example_sla_dag']) retrieved from /home/airflow/.local/lib/python3.7/site-packages/airflow/example_dags/example_sla_dag.py
[2023-04-28T11:25:26.175+0000] {logging_mixin.py:137} INFO - [2023-04-28T11:25:26.174+0000] {dag.py:2705} INFO - Sync 1 DAGs
[2023-04-28T11:25:26.227+0000] {logging_mixin.py:137} INFO - [2023-04-28T11:25:26.227+0000] {dag.py:3456} INFO - Setting next_dagrun for example_sla_dag to 2023-04-28T11:22:00+00:00, run_after=2023-04-28T11:24:00+00:00
[2023-04-28T11:25:26.259+0000] {processor.py:175} INFO - Processing /home/airflow/.local/lib/python3.7/site-packages/airflow/example_dags/example_sla_dag.py took 0.256 seconds
[2023-04-28T11:25:58.163+0000] {processor.py:153} INFO - Started process (PID=952) to work on /home/airflow/.local/lib/python3.7/site-packages/airflow/example_dags/example_sla_dag.py
[2023-04-28T11:25:58.171+0000] {processor.py:743} INFO - Processing file /home/airflow/.local/lib/python3.7/site-packages/airflow/example_dags/example_sla_dag.py for tasks to queue
[2023-04-28T11:25:58.177+0000] {logging_mixin.py:137} INFO - [2023-04-28T11:25:58.176+0000] {dagbag.py:532} INFO - Filling up the DagBag from /home/airflow/.local/lib/python3.7/site-packages/airflow/example_dags/example_sla_dag.py
[2023-04-28T11:25:58.274+0000] {processor.py:753} INFO - DAG(s) dict_keys(['example_sla_dag']) retrieved from /home/airflow/.local/lib/python3.7/site-packages/airflow/example_dags/example_sla_dag.py
[2023-04-28T11:25:58.376+0000] {logging_mixin.py:137} INFO - [2023-04-28T11:25:58.375+0000] {dag.py:2705} INFO - Sync 1 DAGs
[2023-04-28T11:25:58.452+0000] {logging_mixin.py:137} INFO - [2023-04-28T11:25:58.452+0000] {dag.py:3456} INFO - Setting next_dagrun for example_sla_dag to 2023-04-28T11:22:00+00:00, run_after=2023-04-28T11:24:00+00:00
[2023-04-28T11:25:58.489+0000] {processor.py:175} INFO - Processing /home/airflow/.local/lib/python3.7/site-packages/airflow/example_dags/example_sla_dag.py took 0.338 seconds
[2023-04-28T11:26:29.353+0000] {processor.py:153} INFO - Started process (PID=1172) to work on /home/airflow/.local/lib/python3.7/site-packages/airflow/example_dags/example_sla_dag.py
[2023-04-28T11:26:29.356+0000] {processor.py:743} INFO - Processing file /home/airflow/.local/lib/python3.7/site-packages/airflow/example_dags/example_sla_dag.py for tasks to queue
[2023-04-28T11:26:29.358+0000] {logging_mixin.py:137} INFO - [2023-04-28T11:26:29.357+0000] {dagbag.py:532} INFO - Filling up the DagBag from /home/airflow/.local/lib/python3.7/site-packages/airflow/example_dags/example_sla_dag.py
[2023-04-28T11:26:29.391+0000] {processor.py:753} INFO - DAG(s) dict_keys(['example_sla_dag']) retrieved from /home/airflow/.local/lib/python3.7/site-packages/airflow/example_dags/example_sla_dag.py
[2023-04-28T11:26:29.427+0000] {logging_mixin.py:137} INFO - [2023-04-28T11:26:29.427+0000] {dag.py:2705} INFO - Sync 1 DAGs
[2023-04-28T11:26:29.466+0000] {logging_mixin.py:137} INFO - [2023-04-28T11:26:29.466+0000] {dag.py:3456} INFO - Setting next_dagrun for example_sla_dag to 2023-04-28T11:24:00+00:00, run_after=2023-04-28T11:26:00+00:00
[2023-04-28T11:26:29.489+0000] {processor.py:175} INFO - Processing /home/airflow/.local/lib/python3.7/site-packages/airflow/example_dags/example_sla_dag.py took 0.141 seconds
[2023-04-28T11:26:59.690+0000] {processor.py:153} INFO - Started process (PID=1388) to work on /home/airflow/.local/lib/python3.7/site-packages/airflow/example_dags/example_sla_dag.py
[2023-04-28T11:26:59.694+0000] {processor.py:743} INFO - Processing file /home/airflow/.local/lib/python3.7/site-packages/airflow/example_dags/example_sla_dag.py for tasks to queue
[2023-04-28T11:26:59.698+0000] {logging_mixin.py:137} INFO - [2023-04-28T11:26:59.697+0000] {dagbag.py:532} INFO - Filling up the DagBag from /home/airflow/.local/lib/python3.7/site-packages/airflow/example_dags/example_sla_dag.py
[2023-04-28T11:26:59.750+0000] {processor.py:753} INFO - DAG(s) dict_keys(['example_sla_dag']) retrieved from /home/airflow/.local/lib/python3.7/site-packages/airflow/example_dags/example_sla_dag.py
[2023-04-28T11:26:59.810+0000] {logging_mixin.py:137} INFO - [2023-04-28T11:26:59.809+0000] {dag.py:2705} INFO - Sync 1 DAGs
[2023-04-28T11:26:59.869+0000] {logging_mixin.py:137} INFO - [2023-04-28T11:26:59.869+0000] {dag.py:3456} INFO - Setting next_dagrun for example_sla_dag to 2023-04-28T11:24:00+00:00, run_after=2023-04-28T11:26:00+00:00
[2023-04-28T11:26:59.910+0000] {processor.py:175} INFO - Processing /home/airflow/.local/lib/python3.7/site-packages/airflow/example_dags/example_sla_dag.py took 0.226 seconds
[2023-04-28T11:27:30.912+0000] {processor.py:153} INFO - Started process (PID=1608) to work on /home/airflow/.local/lib/python3.7/site-packages/airflow/example_dags/example_sla_dag.py
[2023-04-28T11:27:30.916+0000] {processor.py:743} INFO - Processing file /home/airflow/.local/lib/python3.7/site-packages/airflow/example_dags/example_sla_dag.py for tasks to queue
[2023-04-28T11:27:30.921+0000] {logging_mixin.py:137} INFO - [2023-04-28T11:27:30.921+0000] {dagbag.py:532} INFO - Filling up the DagBag from /home/airflow/.local/lib/python3.7/site-packages/airflow/example_dags/example_sla_dag.py
[2023-04-28T11:27:30.994+0000] {processor.py:753} INFO - DAG(s) dict_keys(['example_sla_dag']) retrieved from /home/airflow/.local/lib/python3.7/site-packages/airflow/example_dags/example_sla_dag.py
[2023-04-28T11:27:31.090+0000] {logging_mixin.py:137} INFO - [2023-04-28T11:27:31.090+0000] {dag.py:2705} INFO - Sync 1 DAGs
[2023-04-28T11:27:31.143+0000] {logging_mixin.py:137} INFO - [2023-04-28T11:27:31.143+0000] {dag.py:3456} INFO - Setting next_dagrun for example_sla_dag to 2023-04-28T11:24:00+00:00, run_after=2023-04-28T11:26:00+00:00
[2023-04-28T11:27:31.170+0000] {processor.py:175} INFO - Processing /home/airflow/.local/lib/python3.7/site-packages/airflow/example_dags/example_sla_dag.py took 0.266 seconds
[2023-04-28T11:28:02.089+0000] {processor.py:153} INFO - Started process (PID=1826) to work on /home/airflow/.local/lib/python3.7/site-packages/airflow/example_dags/example_sla_dag.py
[2023-04-28T11:28:02.093+0000] {processor.py:743} INFO - Processing file /home/airflow/.local/lib/python3.7/site-packages/airflow/example_dags/example_sla_dag.py for tasks to queue
[2023-04-28T11:28:02.095+0000] {logging_mixin.py:137} INFO - [2023-04-28T11:28:02.095+0000] {dagbag.py:532} INFO - Filling up the DagBag from /home/airflow/.local/lib/python3.7/site-packages/airflow/example_dags/example_sla_dag.py
[2023-04-28T11:28:02.128+0000] {processor.py:753} INFO - DAG(s) dict_keys(['example_sla_dag']) retrieved from /home/airflow/.local/lib/python3.7/site-packages/airflow/example_dags/example_sla_dag.py
[2023-04-28T11:28:02.171+0000] {logging_mixin.py:137} INFO - [2023-04-28T11:28:02.171+0000] {dag.py:2705} INFO - Sync 1 DAGs
[2023-04-28T11:28:02.232+0000] {logging_mixin.py:137} INFO - [2023-04-28T11:28:02.232+0000] {dag.py:3456} INFO - Setting next_dagrun for example_sla_dag to 2023-04-28T11:26:00+00:00, run_after=2023-04-28T11:28:00+00:00
[2023-04-28T11:28:02.280+0000] {processor.py:175} INFO - Processing /home/airflow/.local/lib/python3.7/site-packages/airflow/example_dags/example_sla_dag.py took 0.197 seconds
[2023-04-28T11:28:32.460+0000] {processor.py:153} INFO - Started process (PID=2044) to work on /home/airflow/.local/lib/python3.7/site-packages/airflow/example_dags/example_sla_dag.py
[2023-04-28T11:28:32.462+0000] {processor.py:743} INFO - Processing file /home/airflow/.local/lib/python3.7/site-packages/airflow/example_dags/example_sla_dag.py for tasks to queue
[2023-04-28T11:28:32.464+0000] {logging_mixin.py:137} INFO - [2023-04-28T11:28:32.464+0000] {dagbag.py:532} INFO - Filling up the DagBag from /home/airflow/.local/lib/python3.7/site-packages/airflow/example_dags/example_sla_dag.py
[2023-04-28T11:28:32.494+0000] {processor.py:753} INFO - DAG(s) dict_keys(['example_sla_dag']) retrieved from /home/airflow/.local/lib/python3.7/site-packages/airflow/example_dags/example_sla_dag.py
[2023-04-28T11:28:32.530+0000] {logging_mixin.py:137} INFO - [2023-04-28T11:28:32.530+0000] {dag.py:2705} INFO - Sync 1 DAGs
[2023-04-28T11:28:32.576+0000] {logging_mixin.py:137} INFO - [2023-04-28T11:28:32.576+0000] {dag.py:3456} INFO - Setting next_dagrun for example_sla_dag to 2023-04-28T11:26:00+00:00, run_after=2023-04-28T11:28:00+00:00
[2023-04-28T11:28:32.603+0000] {processor.py:175} INFO - Processing /home/airflow/.local/lib/python3.7/site-packages/airflow/example_dags/example_sla_dag.py took 0.149 seconds
[2023-04-28T11:29:03.357+0000] {processor.py:153} INFO - Started process (PID=2262) to work on /home/airflow/.local/lib/python3.7/site-packages/airflow/example_dags/example_sla_dag.py
[2023-04-28T11:29:03.360+0000] {processor.py:743} INFO - Processing file /home/airflow/.local/lib/python3.7/site-packages/airflow/example_dags/example_sla_dag.py for tasks to queue
[2023-04-28T11:29:03.362+0000] {logging_mixin.py:137} INFO - [2023-04-28T11:29:03.362+0000] {dagbag.py:532} INFO - Filling up the DagBag from /home/airflow/.local/lib/python3.7/site-packages/airflow/example_dags/example_sla_dag.py
[2023-04-28T11:29:03.400+0000] {processor.py:753} INFO - DAG(s) dict_keys(['example_sla_dag']) retrieved from /home/airflow/.local/lib/python3.7/site-packages/airflow/example_dags/example_sla_dag.py
[2023-04-28T11:29:03.439+0000] {logging_mixin.py:137} INFO - [2023-04-28T11:29:03.439+0000] {dag.py:2705} INFO - Sync 1 DAGs
[2023-04-28T11:29:03.486+0000] {logging_mixin.py:137} INFO - [2023-04-28T11:29:03.486+0000] {dag.py:3456} INFO - Setting next_dagrun for example_sla_dag to 2023-04-28T11:26:00+00:00, run_after=2023-04-28T11:28:00+00:00
[2023-04-28T11:29:03.517+0000] {processor.py:175} INFO - Processing /home/airflow/.local/lib/python3.7/site-packages/airflow/example_dags/example_sla_dag.py took 0.169 seconds
[2023-04-28T11:29:33.737+0000] {processor.py:153} INFO - Started process (PID=2480) to work on /home/airflow/.local/lib/python3.7/site-packages/airflow/example_dags/example_sla_dag.py
[2023-04-28T11:29:33.740+0000] {processor.py:743} INFO - Processing file /home/airflow/.local/lib/python3.7/site-packages/airflow/example_dags/example_sla_dag.py for tasks to queue
[2023-04-28T11:29:33.742+0000] {logging_mixin.py:137} INFO - [2023-04-28T11:29:33.742+0000] {dagbag.py:532} INFO - Filling up the DagBag from /home/airflow/.local/lib/python3.7/site-packages/airflow/example_dags/example_sla_dag.py
[2023-04-28T11:29:33.782+0000] {processor.py:753} INFO - DAG(s) dict_keys(['example_sla_dag']) retrieved from /home/airflow/.local/lib/python3.7/site-packages/airflow/example_dags/example_sla_dag.py
[2023-04-28T11:29:33.822+0000] {logging_mixin.py:137} INFO - [2023-04-28T11:29:33.822+0000] {dag.py:2705} INFO - Sync 1 DAGs
[2023-04-28T11:29:33.866+0000] {logging_mixin.py:137} INFO - [2023-04-28T11:29:33.866+0000] {dag.py:3456} INFO - Setting next_dagrun for example_sla_dag to 2023-04-28T11:26:00+00:00, run_after=2023-04-28T11:28:00+00:00
[2023-04-28T11:29:33.897+0000] {processor.py:175} INFO - Processing /home/airflow/.local/lib/python3.7/site-packages/airflow/example_dags/example_sla_dag.py took 0.165 seconds
[2023-04-28T11:30:04.063+0000] {processor.py:153} INFO - Started process (PID=2698) to work on /home/airflow/.local/lib/python3.7/site-packages/airflow/example_dags/example_sla_dag.py
[2023-04-28T11:30:04.065+0000] {processor.py:743} INFO - Processing file /home/airflow/.local/lib/python3.7/site-packages/airflow/example_dags/example_sla_dag.py for tasks to queue
[2023-04-28T11:30:04.067+0000] {logging_mixin.py:137} INFO - [2023-04-28T11:30:04.067+0000] {dagbag.py:532} INFO - Filling up the DagBag from /home/airflow/.local/lib/python3.7/site-packages/airflow/example_dags/example_sla_dag.py
[2023-04-28T11:30:04.099+0000] {processor.py:753} INFO - DAG(s) dict_keys(['example_sla_dag']) retrieved from /home/airflow/.local/lib/python3.7/site-packages/airflow/example_dags/example_sla_dag.py
[2023-04-28T11:30:04.131+0000] {logging_mixin.py:137} INFO - [2023-04-28T11:30:04.131+0000] {dag.py:2705} INFO - Sync 1 DAGs
[2023-04-28T11:30:04.168+0000] {logging_mixin.py:137} INFO - [2023-04-28T11:30:04.168+0000] {dag.py:3456} INFO - Setting next_dagrun for example_sla_dag to 2023-04-28T11:28:00+00:00, run_after=2023-04-28T11:30:00+00:00
[2023-04-28T11:30:04.192+0000] {processor.py:175} INFO - Processing /home/airflow/.local/lib/python3.7/site-packages/airflow/example_dags/example_sla_dag.py took 0.135 seconds
[2023-04-28T11:30:35.117+0000] {processor.py:153} INFO - Started process (PID=2916) to work on /home/airflow/.local/lib/python3.7/site-packages/airflow/example_dags/example_sla_dag.py
[2023-04-28T11:30:35.123+0000] {processor.py:743} INFO - Processing file /home/airflow/.local/lib/python3.7/site-packages/airflow/example_dags/example_sla_dag.py for tasks to queue
[2023-04-28T11:30:35.127+0000] {logging_mixin.py:137} INFO - [2023-04-28T11:30:35.126+0000] {dagbag.py:532} INFO - Filling up the DagBag from /home/airflow/.local/lib/python3.7/site-packages/airflow/example_dags/example_sla_dag.py
[2023-04-28T11:30:35.169+0000] {processor.py:753} INFO - DAG(s) dict_keys(['example_sla_dag']) retrieved from /home/airflow/.local/lib/python3.7/site-packages/airflow/example_dags/example_sla_dag.py
[2023-04-28T11:30:35.207+0000] {logging_mixin.py:137} INFO - [2023-04-28T11:30:35.207+0000] {dag.py:2705} INFO - Sync 1 DAGs
[2023-04-28T11:30:35.243+0000] {logging_mixin.py:137} INFO - [2023-04-28T11:30:35.243+0000] {dag.py:3456} INFO - Setting next_dagrun for example_sla_dag to 2023-04-28T11:28:00+00:00, run_after=2023-04-28T11:30:00+00:00
[2023-04-28T11:30:35.268+0000] {processor.py:175} INFO - Processing /home/airflow/.local/lib/python3.7/site-packages/airflow/example_dags/example_sla_dag.py took 0.157 seconds
[2023-04-28T11:31:05.536+0000] {processor.py:153} INFO - Started process (PID=3132) to work on /home/airflow/.local/lib/python3.7/site-packages/airflow/example_dags/example_sla_dag.py
[2023-04-28T11:31:05.538+0000] {processor.py:743} INFO - Processing file /home/airflow/.local/lib/python3.7/site-packages/airflow/example_dags/example_sla_dag.py for tasks to queue
[2023-04-28T11:31:05.539+0000] {logging_mixin.py:137} INFO - [2023-04-28T11:31:05.539+0000] {dagbag.py:532} INFO - Filling up the DagBag from /home/airflow/.local/lib/python3.7/site-packages/airflow/example_dags/example_sla_dag.py
[2023-04-28T11:31:05.574+0000] {processor.py:753} INFO - DAG(s) dict_keys(['example_sla_dag']) retrieved from /home/airflow/.local/lib/python3.7/site-packages/airflow/example_dags/example_sla_dag.py
[2023-04-28T11:31:05.616+0000] {logging_mixin.py:137} INFO - [2023-04-28T11:31:05.616+0000] {dag.py:2705} INFO - Sync 1 DAGs
[2023-04-28T11:31:05.660+0000] {logging_mixin.py:137} INFO - [2023-04-28T11:31:05.660+0000] {dag.py:3456} INFO - Setting next_dagrun for example_sla_dag to 2023-04-28T11:28:00+00:00, run_after=2023-04-28T11:30:00+00:00
[2023-04-28T11:31:05.693+0000] {processor.py:175} INFO - Processing /home/airflow/.local/lib/python3.7/site-packages/airflow/example_dags/example_sla_dag.py took 0.162 seconds
[2023-04-28T11:31:36.080+0000] {processor.py:153} INFO - Started process (PID=3351) to work on /home/airflow/.local/lib/python3.7/site-packages/airflow/example_dags/example_sla_dag.py
[2023-04-28T11:31:36.082+0000] {processor.py:743} INFO - Processing file /home/airflow/.local/lib/python3.7/site-packages/airflow/example_dags/example_sla_dag.py for tasks to queue
[2023-04-28T11:31:36.084+0000] {logging_mixin.py:137} INFO - [2023-04-28T11:31:36.083+0000] {dagbag.py:532} INFO - Filling up the DagBag from /home/airflow/.local/lib/python3.7/site-packages/airflow/example_dags/example_sla_dag.py
[2023-04-28T11:31:36.113+0000] {processor.py:753} INFO - DAG(s) dict_keys(['example_sla_dag']) retrieved from /home/airflow/.local/lib/python3.7/site-packages/airflow/example_dags/example_sla_dag.py
[2023-04-28T11:31:36.145+0000] {logging_mixin.py:137} INFO - [2023-04-28T11:31:36.145+0000] {dag.py:2705} INFO - Sync 1 DAGs
[2023-04-28T11:31:36.180+0000] {logging_mixin.py:137} INFO - [2023-04-28T11:31:36.180+0000] {dag.py:3456} INFO - Setting next_dagrun for example_sla_dag to 2023-04-28T11:28:00+00:00, run_after=2023-04-28T11:30:00+00:00
[2023-04-28T11:31:36.201+0000] {processor.py:175} INFO - Processing /home/airflow/.local/lib/python3.7/site-packages/airflow/example_dags/example_sla_dag.py took 0.128 seconds
[2023-04-28T11:32:06.418+0000] {processor.py:153} INFO - Started process (PID=3569) to work on /home/airflow/.local/lib/python3.7/site-packages/airflow/example_dags/example_sla_dag.py
[2023-04-28T11:32:06.420+0000] {processor.py:743} INFO - Processing file /home/airflow/.local/lib/python3.7/site-packages/airflow/example_dags/example_sla_dag.py for tasks to queue
[2023-04-28T11:32:06.422+0000] {logging_mixin.py:137} INFO - [2023-04-28T11:32:06.422+0000] {dagbag.py:532} INFO - Filling up the DagBag from /home/airflow/.local/lib/python3.7/site-packages/airflow/example_dags/example_sla_dag.py
[2023-04-28T11:32:06.450+0000] {processor.py:753} INFO - DAG(s) dict_keys(['example_sla_dag']) retrieved from /home/airflow/.local/lib/python3.7/site-packages/airflow/example_dags/example_sla_dag.py
[2023-04-28T11:32:06.481+0000] {logging_mixin.py:137} INFO - [2023-04-28T11:32:06.481+0000] {dag.py:2705} INFO - Sync 1 DAGs
[2023-04-28T11:32:06.515+0000] {logging_mixin.py:137} INFO - [2023-04-28T11:32:06.515+0000] {dag.py:3456} INFO - Setting next_dagrun for example_sla_dag to 2023-04-28T11:30:00+00:00, run_after=2023-04-28T11:32:00+00:00
[2023-04-28T11:32:06.536+0000] {processor.py:175} INFO - Processing /home/airflow/.local/lib/python3.7/site-packages/airflow/example_dags/example_sla_dag.py took 0.123 seconds
[2023-04-28T11:32:36.695+0000] {processor.py:153} INFO - Started process (PID=3787) to work on /home/airflow/.local/lib/python3.7/site-packages/airflow/example_dags/example_sla_dag.py
[2023-04-28T11:32:36.697+0000] {processor.py:743} INFO - Processing file /home/airflow/.local/lib/python3.7/site-packages/airflow/example_dags/example_sla_dag.py for tasks to queue
[2023-04-28T11:32:36.699+0000] {logging_mixin.py:137} INFO - [2023-04-28T11:32:36.699+0000] {dagbag.py:532} INFO - Filling up the DagBag from /home/airflow/.local/lib/python3.7/site-packages/airflow/example_dags/example_sla_dag.py
[2023-04-28T11:32:36.726+0000] {processor.py:753} INFO - DAG(s) dict_keys(['example_sla_dag']) retrieved from /home/airflow/.local/lib/python3.7/site-packages/airflow/example_dags/example_sla_dag.py
[2023-04-28T11:32:36.757+0000] {logging_mixin.py:137} INFO - [2023-04-28T11:32:36.757+0000] {dag.py:2705} INFO - Sync 1 DAGs
[2023-04-28T11:32:36.790+0000] {logging_mixin.py:137} INFO - [2023-04-28T11:32:36.789+0000] {dag.py:3456} INFO - Setting next_dagrun for example_sla_dag to 2023-04-28T11:30:00+00:00, run_after=2023-04-28T11:32:00+00:00
[2023-04-28T11:32:36.810+0000] {processor.py:175} INFO - Processing /home/airflow/.local/lib/python3.7/site-packages/airflow/example_dags/example_sla_dag.py took 0.120 seconds
[2023-04-28T11:33:07.056+0000] {processor.py:153} INFO - Started process (PID=4005) to work on /home/airflow/.local/lib/python3.7/site-packages/airflow/example_dags/example_sla_dag.py
[2023-04-28T11:33:07.058+0000] {processor.py:743} INFO - Processing file /home/airflow/.local/lib/python3.7/site-packages/airflow/example_dags/example_sla_dag.py for tasks to queue
[2023-04-28T11:33:07.060+0000] {logging_mixin.py:137} INFO - [2023-04-28T11:33:07.060+0000] {dagbag.py:532} INFO - Filling up the DagBag from /home/airflow/.local/lib/python3.7/site-packages/airflow/example_dags/example_sla_dag.py
[2023-04-28T11:33:07.089+0000] {processor.py:753} INFO - DAG(s) dict_keys(['example_sla_dag']) retrieved from /home/airflow/.local/lib/python3.7/site-packages/airflow/example_dags/example_sla_dag.py
[2023-04-28T11:33:07.120+0000] {logging_mixin.py:137} INFO - [2023-04-28T11:33:07.120+0000] {dag.py:2705} INFO - Sync 1 DAGs
[2023-04-28T11:33:07.153+0000] {logging_mixin.py:137} INFO - [2023-04-28T11:33:07.152+0000] {dag.py:3456} INFO - Setting next_dagrun for example_sla_dag to 2023-04-28T11:30:00+00:00, run_after=2023-04-28T11:32:00+00:00
[2023-04-28T11:33:07.173+0000] {processor.py:175} INFO - Processing /home/airflow/.local/lib/python3.7/site-packages/airflow/example_dags/example_sla_dag.py took 0.122 seconds
[2023-04-28T11:33:37.408+0000] {processor.py:153} INFO - Started process (PID=4223) to work on /home/airflow/.local/lib/python3.7/site-packages/airflow/example_dags/example_sla_dag.py
[2023-04-28T11:33:37.410+0000] {processor.py:743} INFO - Processing file /home/airflow/.local/lib/python3.7/site-packages/airflow/example_dags/example_sla_dag.py for tasks to queue
[2023-04-28T11:33:37.412+0000] {logging_mixin.py:137} INFO - [2023-04-28T11:33:37.412+0000] {dagbag.py:532} INFO - Filling up the DagBag from /home/airflow/.local/lib/python3.7/site-packages/airflow/example_dags/example_sla_dag.py
[2023-04-28T11:33:37.440+0000] {processor.py:753} INFO - DAG(s) dict_keys(['example_sla_dag']) retrieved from /home/airflow/.local/lib/python3.7/site-packages/airflow/example_dags/example_sla_dag.py
[2023-04-28T11:33:37.470+0000] {logging_mixin.py:137} INFO - [2023-04-28T11:33:37.469+0000] {dag.py:2705} INFO - Sync 1 DAGs
[2023-04-28T11:33:37.503+0000] {logging_mixin.py:137} INFO - [2023-04-28T11:33:37.503+0000] {dag.py:3456} INFO - Setting next_dagrun for example_sla_dag to 2023-04-28T11:30:00+00:00, run_after=2023-04-28T11:32:00+00:00
[2023-04-28T11:33:37.524+0000] {processor.py:175} INFO - Processing /home/airflow/.local/lib/python3.7/site-packages/airflow/example_dags/example_sla_dag.py took 0.121 seconds
[2023-04-28T11:34:07.668+0000] {processor.py:153} INFO - Started process (PID=4441) to work on /home/airflow/.local/lib/python3.7/site-packages/airflow/example_dags/example_sla_dag.py
[2023-04-28T11:34:07.670+0000] {processor.py:743} INFO - Processing file /home/airflow/.local/lib/python3.7/site-packages/airflow/example_dags/example_sla_dag.py for tasks to queue
[2023-04-28T11:34:07.672+0000] {logging_mixin.py:137} INFO - [2023-04-28T11:34:07.672+0000] {dagbag.py:532} INFO - Filling up the DagBag from /home/airflow/.local/lib/python3.7/site-packages/airflow/example_dags/example_sla_dag.py
[2023-04-28T11:34:07.699+0000] {processor.py:753} INFO - DAG(s) dict_keys(['example_sla_dag']) retrieved from /home/airflow/.local/lib/python3.7/site-packages/airflow/example_dags/example_sla_dag.py
[2023-04-28T11:34:07.728+0000] {logging_mixin.py:137} INFO - [2023-04-28T11:34:07.728+0000] {dag.py:2705} INFO - Sync 1 DAGs
[2023-04-28T11:34:07.761+0000] {logging_mixin.py:137} INFO - [2023-04-28T11:34:07.761+0000] {dag.py:3456} INFO - Setting next_dagrun for example_sla_dag to 2023-04-28T11:32:00+00:00, run_after=2023-04-28T11:34:00+00:00
[2023-04-28T11:34:07.782+0000] {processor.py:175} INFO - Processing /home/airflow/.local/lib/python3.7/site-packages/airflow/example_dags/example_sla_dag.py took 0.119 seconds
[2023-04-28T11:34:38.341+0000] {processor.py:153} INFO - Started process (PID=4659) to work on /home/airflow/.local/lib/python3.7/site-packages/airflow/example_dags/example_sla_dag.py
[2023-04-28T11:34:38.344+0000] {processor.py:743} INFO - Processing file /home/airflow/.local/lib/python3.7/site-packages/airflow/example_dags/example_sla_dag.py for tasks to queue
[2023-04-28T11:34:38.345+0000] {logging_mixin.py:137} INFO - [2023-04-28T11:34:38.345+0000] {dagbag.py:532} INFO - Filling up the DagBag from /home/airflow/.local/lib/python3.7/site-packages/airflow/example_dags/example_sla_dag.py
[2023-04-28T11:34:38.371+0000] {processor.py:753} INFO - DAG(s) dict_keys(['example_sla_dag']) retrieved from /home/airflow/.local/lib/python3.7/site-packages/airflow/example_dags/example_sla_dag.py
[2023-04-28T11:34:38.400+0000] {logging_mixin.py:137} INFO - [2023-04-28T11:34:38.400+0000] {dag.py:2705} INFO - Sync 1 DAGs
[2023-04-28T11:34:38.432+0000] {logging_mixin.py:137} INFO - [2023-04-28T11:34:38.432+0000] {dag.py:3456} INFO - Setting next_dagrun for example_sla_dag to 2023-04-28T11:32:00+00:00, run_after=2023-04-28T11:34:00+00:00
[2023-04-28T11:34:38.452+0000] {processor.py:175} INFO - Processing /home/airflow/.local/lib/python3.7/site-packages/airflow/example_dags/example_sla_dag.py took 0.115 seconds
[2023-04-28T11:35:09.222+0000] {processor.py:153} INFO - Started process (PID=4877) to work on /home/airflow/.local/lib/python3.7/site-packages/airflow/example_dags/example_sla_dag.py
[2023-04-28T11:35:09.224+0000] {processor.py:743} INFO - Processing file /home/airflow/.local/lib/python3.7/site-packages/airflow/example_dags/example_sla_dag.py for tasks to queue
[2023-04-28T11:35:09.226+0000] {logging_mixin.py:137} INFO - [2023-04-28T11:35:09.226+0000] {dagbag.py:532} INFO - Filling up the DagBag from /home/airflow/.local/lib/python3.7/site-packages/airflow/example_dags/example_sla_dag.py
[2023-04-28T11:35:09.253+0000] {processor.py:753} INFO - DAG(s) dict_keys(['example_sla_dag']) retrieved from /home/airflow/.local/lib/python3.7/site-packages/airflow/example_dags/example_sla_dag.py
[2023-04-28T11:35:09.287+0000] {logging_mixin.py:137} INFO - [2023-04-28T11:35:09.287+0000] {dag.py:2705} INFO - Sync 1 DAGs
[2023-04-28T11:35:09.321+0000] {logging_mixin.py:137} INFO - [2023-04-28T11:35:09.321+0000] {dag.py:3456} INFO - Setting next_dagrun for example_sla_dag to 2023-04-28T11:32:00+00:00, run_after=2023-04-28T11:34:00+00:00
[2023-04-28T11:35:09.342+0000] {processor.py:175} INFO - Processing /home/airflow/.local/lib/python3.7/site-packages/airflow/example_dags/example_sla_dag.py took 0.126 seconds
[2023-04-28T11:35:40.557+0000] {processor.py:153} INFO - Started process (PID=5095) to work on /home/airflow/.local/lib/python3.7/site-packages/airflow/example_dags/example_sla_dag.py
[2023-04-28T11:35:40.560+0000] {processor.py:743} INFO - Processing file /home/airflow/.local/lib/python3.7/site-packages/airflow/example_dags/example_sla_dag.py for tasks to queue
[2023-04-28T11:35:40.562+0000] {logging_mixin.py:137} INFO - [2023-04-28T11:35:40.562+0000] {dagbag.py:532} INFO - Filling up the DagBag from /home/airflow/.local/lib/python3.7/site-packages/airflow/example_dags/example_sla_dag.py
[2023-04-28T11:35:40.593+0000] {processor.py:753} INFO - DAG(s) dict_keys(['example_sla_dag']) retrieved from /home/airflow/.local/lib/python3.7/site-packages/airflow/example_dags/example_sla_dag.py
[2023-04-28T11:35:40.628+0000] {logging_mixin.py:137} INFO - [2023-04-28T11:35:40.628+0000] {dag.py:2705} INFO - Sync 1 DAGs
[2023-04-28T11:35:40.668+0000] {logging_mixin.py:137} INFO - [2023-04-28T11:35:40.668+0000] {dag.py:3456} INFO - Setting next_dagrun for example_sla_dag to 2023-04-28T11:32:00+00:00, run_after=2023-04-28T11:34:00+00:00
[2023-04-28T11:35:40.692+0000] {processor.py:175} INFO - Processing /home/airflow/.local/lib/python3.7/site-packages/airflow/example_dags/example_sla_dag.py took 0.140 seconds
[2023-04-28T11:36:11.030+0000] {processor.py:153} INFO - Started process (PID=5313) to work on /home/airflow/.local/lib/python3.7/site-packages/airflow/example_dags/example_sla_dag.py
[2023-04-28T11:36:11.032+0000] {processor.py:743} INFO - Processing file /home/airflow/.local/lib/python3.7/site-packages/airflow/example_dags/example_sla_dag.py for tasks to queue
[2023-04-28T11:36:11.034+0000] {logging_mixin.py:137} INFO - [2023-04-28T11:36:11.034+0000] {dagbag.py:532} INFO - Filling up the DagBag from /home/airflow/.local/lib/python3.7/site-packages/airflow/example_dags/example_sla_dag.py
[2023-04-28T11:36:11.064+0000] {processor.py:753} INFO - DAG(s) dict_keys(['example_sla_dag']) retrieved from /home/airflow/.local/lib/python3.7/site-packages/airflow/example_dags/example_sla_dag.py
[2023-04-28T11:36:11.096+0000] {logging_mixin.py:137} INFO - [2023-04-28T11:36:11.096+0000] {dag.py:2705} INFO - Sync 1 DAGs
[2023-04-28T11:36:11.135+0000] {logging_mixin.py:137} INFO - [2023-04-28T11:36:11.134+0000] {dag.py:3456} INFO - Setting next_dagrun for example_sla_dag to 2023-04-28T11:34:00+00:00, run_after=2023-04-28T11:36:00+00:00
[2023-04-28T11:36:11.160+0000] {processor.py:175} INFO - Processing /home/airflow/.local/lib/python3.7/site-packages/airflow/example_dags/example_sla_dag.py took 0.137 seconds
[2023-04-28T11:36:41.875+0000] {processor.py:153} INFO - Started process (PID=5529) to work on /home/airflow/.local/lib/python3.7/site-packages/airflow/example_dags/example_sla_dag.py
[2023-04-28T11:36:41.878+0000] {processor.py:743} INFO - Processing file /home/airflow/.local/lib/python3.7/site-packages/airflow/example_dags/example_sla_dag.py for tasks to queue
[2023-04-28T11:36:41.880+0000] {logging_mixin.py:137} INFO - [2023-04-28T11:36:41.880+0000] {dagbag.py:532} INFO - Filling up the DagBag from /home/airflow/.local/lib/python3.7/site-packages/airflow/example_dags/example_sla_dag.py
[2023-04-28T11:36:41.921+0000] {processor.py:753} INFO - DAG(s) dict_keys(['example_sla_dag']) retrieved from /home/airflow/.local/lib/python3.7/site-packages/airflow/example_dags/example_sla_dag.py
[2023-04-28T11:36:41.981+0000] {logging_mixin.py:137} INFO - [2023-04-28T11:36:41.981+0000] {dag.py:2705} INFO - Sync 1 DAGs
[2023-04-28T11:36:42.021+0000] {logging_mixin.py:137} INFO - [2023-04-28T11:36:42.021+0000] {dag.py:3456} INFO - Setting next_dagrun for example_sla_dag to 2023-04-28T11:34:00+00:00, run_after=2023-04-28T11:36:00+00:00
[2023-04-28T11:36:42.051+0000] {processor.py:175} INFO - Processing /home/airflow/.local/lib/python3.7/site-packages/airflow/example_dags/example_sla_dag.py took 0.182 seconds
[2023-04-28T11:37:13.187+0000] {processor.py:153} INFO - Started process (PID=5749) to work on /home/airflow/.local/lib/python3.7/site-packages/airflow/example_dags/example_sla_dag.py
[2023-04-28T11:37:13.225+0000] {processor.py:743} INFO - Processing file /home/airflow/.local/lib/python3.7/site-packages/airflow/example_dags/example_sla_dag.py for tasks to queue
[2023-04-28T11:37:13.231+0000] {logging_mixin.py:137} INFO - [2023-04-28T11:37:13.231+0000] {dagbag.py:532} INFO - Filling up the DagBag from /home/airflow/.local/lib/python3.7/site-packages/airflow/example_dags/example_sla_dag.py
[2023-04-28T11:37:13.306+0000] {processor.py:753} INFO - DAG(s) dict_keys(['example_sla_dag']) retrieved from /home/airflow/.local/lib/python3.7/site-packages/airflow/example_dags/example_sla_dag.py
[2023-04-28T11:37:13.421+0000] {logging_mixin.py:137} INFO - [2023-04-28T11:37:13.420+0000] {dag.py:2705} INFO - Sync 1 DAGs
[2023-04-28T11:37:13.563+0000] {logging_mixin.py:137} INFO - [2023-04-28T11:37:13.562+0000] {dag.py:3456} INFO - Setting next_dagrun for example_sla_dag to 2023-04-28T11:34:00+00:00, run_after=2023-04-28T11:36:00+00:00
[2023-04-28T11:37:13.707+0000] {processor.py:175} INFO - Processing /home/airflow/.local/lib/python3.7/site-packages/airflow/example_dags/example_sla_dag.py took 0.584 seconds
[2023-04-28T11:37:44.496+0000] {processor.py:153} INFO - Started process (PID=5967) to work on /home/airflow/.local/lib/python3.7/site-packages/airflow/example_dags/example_sla_dag.py
[2023-04-28T11:37:44.498+0000] {processor.py:743} INFO - Processing file /home/airflow/.local/lib/python3.7/site-packages/airflow/example_dags/example_sla_dag.py for tasks to queue
[2023-04-28T11:37:44.500+0000] {logging_mixin.py:137} INFO - [2023-04-28T11:37:44.500+0000] {dagbag.py:532} INFO - Filling up the DagBag from /home/airflow/.local/lib/python3.7/site-packages/airflow/example_dags/example_sla_dag.py
[2023-04-28T11:37:44.534+0000] {processor.py:753} INFO - DAG(s) dict_keys(['example_sla_dag']) retrieved from /home/airflow/.local/lib/python3.7/site-packages/airflow/example_dags/example_sla_dag.py
[2023-04-28T11:37:44.571+0000] {logging_mixin.py:137} INFO - [2023-04-28T11:37:44.571+0000] {dag.py:2705} INFO - Sync 1 DAGs
[2023-04-28T11:37:44.609+0000] {logging_mixin.py:137} INFO - [2023-04-28T11:37:44.609+0000] {dag.py:3456} INFO - Setting next_dagrun for example_sla_dag to 2023-04-28T11:34:00+00:00, run_after=2023-04-28T11:36:00+00:00
[2023-04-28T11:37:44.632+0000] {processor.py:175} INFO - Processing /home/airflow/.local/lib/python3.7/site-packages/airflow/example_dags/example_sla_dag.py took 0.142 seconds
[2023-04-28T11:38:14.835+0000] {processor.py:153} INFO - Started process (PID=6185) to work on /home/airflow/.local/lib/python3.7/site-packages/airflow/example_dags/example_sla_dag.py
[2023-04-28T11:38:14.837+0000] {processor.py:743} INFO - Processing file /home/airflow/.local/lib/python3.7/site-packages/airflow/example_dags/example_sla_dag.py for tasks to queue
[2023-04-28T11:38:14.839+0000] {logging_mixin.py:137} INFO - [2023-04-28T11:38:14.839+0000] {dagbag.py:532} INFO - Filling up the DagBag from /home/airflow/.local/lib/python3.7/site-packages/airflow/example_dags/example_sla_dag.py
[2023-04-28T11:38:14.871+0000] {processor.py:753} INFO - DAG(s) dict_keys(['example_sla_dag']) retrieved from /home/airflow/.local/lib/python3.7/site-packages/airflow/example_dags/example_sla_dag.py
[2023-04-28T11:38:14.907+0000] {logging_mixin.py:137} INFO - [2023-04-28T11:38:14.907+0000] {dag.py:2705} INFO - Sync 1 DAGs
[2023-04-28T11:38:14.946+0000] {logging_mixin.py:137} INFO - [2023-04-28T11:38:14.946+0000] {dag.py:3456} INFO - Setting next_dagrun for example_sla_dag to 2023-04-28T11:36:00+00:00, run_after=2023-04-28T11:38:00+00:00
[2023-04-28T11:38:14.972+0000] {processor.py:175} INFO - Processing /home/airflow/.local/lib/python3.7/site-packages/airflow/example_dags/example_sla_dag.py took 0.144 seconds
[2023-04-28T11:38:45.541+0000] {processor.py:153} INFO - Started process (PID=6410) to work on /home/airflow/.local/lib/python3.7/site-packages/airflow/example_dags/example_sla_dag.py
[2023-04-28T11:38:45.546+0000] {processor.py:743} INFO - Processing file /home/airflow/.local/lib/python3.7/site-packages/airflow/example_dags/example_sla_dag.py for tasks to queue
[2023-04-28T11:38:45.548+0000] {logging_mixin.py:137} INFO - [2023-04-28T11:38:45.548+0000] {dagbag.py:532} INFO - Filling up the DagBag from /home/airflow/.local/lib/python3.7/site-packages/airflow/example_dags/example_sla_dag.py
[2023-04-28T11:38:45.584+0000] {processor.py:753} INFO - DAG(s) dict_keys(['example_sla_dag']) retrieved from /home/airflow/.local/lib/python3.7/site-packages/airflow/example_dags/example_sla_dag.py
[2023-04-28T11:38:45.624+0000] {logging_mixin.py:137} INFO - [2023-04-28T11:38:45.624+0000] {dag.py:2705} INFO - Sync 1 DAGs
[2023-04-28T11:38:45.680+0000] {logging_mixin.py:137} INFO - [2023-04-28T11:38:45.680+0000] {dag.py:3456} INFO - Setting next_dagrun for example_sla_dag to 2023-04-28T11:36:00+00:00, run_after=2023-04-28T11:38:00+00:00
[2023-04-28T11:38:45.714+0000] {processor.py:175} INFO - Processing /home/airflow/.local/lib/python3.7/site-packages/airflow/example_dags/example_sla_dag.py took 0.179 seconds
[2023-04-28T11:39:16.457+0000] {processor.py:153} INFO - Started process (PID=6627) to work on /home/airflow/.local/lib/python3.7/site-packages/airflow/example_dags/example_sla_dag.py
[2023-04-28T11:39:16.460+0000] {processor.py:743} INFO - Processing file /home/airflow/.local/lib/python3.7/site-packages/airflow/example_dags/example_sla_dag.py for tasks to queue
[2023-04-28T11:39:16.462+0000] {logging_mixin.py:137} INFO - [2023-04-28T11:39:16.461+0000] {dagbag.py:532} INFO - Filling up the DagBag from /home/airflow/.local/lib/python3.7/site-packages/airflow/example_dags/example_sla_dag.py
[2023-04-28T11:39:16.500+0000] {processor.py:753} INFO - DAG(s) dict_keys(['example_sla_dag']) retrieved from /home/airflow/.local/lib/python3.7/site-packages/airflow/example_dags/example_sla_dag.py
[2023-04-28T11:39:16.544+0000] {logging_mixin.py:137} INFO - [2023-04-28T11:39:16.544+0000] {dag.py:2705} INFO - Sync 1 DAGs
[2023-04-28T11:39:16.594+0000] {logging_mixin.py:137} INFO - [2023-04-28T11:39:16.593+0000] {dag.py:3456} INFO - Setting next_dagrun for example_sla_dag to 2023-04-28T11:36:00+00:00, run_after=2023-04-28T11:38:00+00:00
[2023-04-28T11:39:16.652+0000] {processor.py:175} INFO - Processing /home/airflow/.local/lib/python3.7/site-packages/airflow/example_dags/example_sla_dag.py took 0.200 seconds
[2023-04-28T11:39:47.151+0000] {processor.py:153} INFO - Started process (PID=6860) to work on /home/airflow/.local/lib/python3.7/site-packages/airflow/example_dags/example_sla_dag.py
[2023-04-28T11:39:47.155+0000] {processor.py:743} INFO - Processing file /home/airflow/.local/lib/python3.7/site-packages/airflow/example_dags/example_sla_dag.py for tasks to queue
[2023-04-28T11:39:47.158+0000] {logging_mixin.py:137} INFO - [2023-04-28T11:39:47.157+0000] {dagbag.py:532} INFO - Filling up the DagBag from /home/airflow/.local/lib/python3.7/site-packages/airflow/example_dags/example_sla_dag.py
[2023-04-28T11:39:47.196+0000] {processor.py:753} INFO - DAG(s) dict_keys(['example_sla_dag']) retrieved from /home/airflow/.local/lib/python3.7/site-packages/airflow/example_dags/example_sla_dag.py
[2023-04-28T11:39:47.239+0000] {logging_mixin.py:137} INFO - [2023-04-28T11:39:47.239+0000] {dag.py:2705} INFO - Sync 1 DAGs
[2023-04-28T11:39:47.286+0000] {logging_mixin.py:137} INFO - [2023-04-28T11:39:47.285+0000] {dag.py:3456} INFO - Setting next_dagrun for example_sla_dag to 2023-04-28T11:36:00+00:00, run_after=2023-04-28T11:38:00+00:00
[2023-04-28T11:39:47.311+0000] {processor.py:175} INFO - Processing /home/airflow/.local/lib/python3.7/site-packages/airflow/example_dags/example_sla_dag.py took 0.167 seconds
[2023-04-28T11:40:17.494+0000] {processor.py:153} INFO - Started process (PID=7082) to work on /home/airflow/.local/lib/python3.7/site-packages/airflow/example_dags/example_sla_dag.py
[2023-04-28T11:40:17.496+0000] {processor.py:743} INFO - Processing file /home/airflow/.local/lib/python3.7/site-packages/airflow/example_dags/example_sla_dag.py for tasks to queue
[2023-04-28T11:40:17.499+0000] {logging_mixin.py:137} INFO - [2023-04-28T11:40:17.499+0000] {dagbag.py:532} INFO - Filling up the DagBag from /home/airflow/.local/lib/python3.7/site-packages/airflow/example_dags/example_sla_dag.py
[2023-04-28T11:40:17.533+0000] {processor.py:753} INFO - DAG(s) dict_keys(['example_sla_dag']) retrieved from /home/airflow/.local/lib/python3.7/site-packages/airflow/example_dags/example_sla_dag.py
[2023-04-28T11:40:17.571+0000] {logging_mixin.py:137} INFO - [2023-04-28T11:40:17.571+0000] {dag.py:2705} INFO - Sync 1 DAGs
[2023-04-28T11:40:17.610+0000] {logging_mixin.py:137} INFO - [2023-04-28T11:40:17.610+0000] {dag.py:3456} INFO - Setting next_dagrun for example_sla_dag to 2023-04-28T11:38:00+00:00, run_after=2023-04-28T11:40:00+00:00
[2023-04-28T11:40:17.636+0000] {processor.py:175} INFO - Processing /home/airflow/.local/lib/python3.7/site-packages/airflow/example_dags/example_sla_dag.py took 0.147 seconds
[2023-04-28T11:40:48.550+0000] {processor.py:153} INFO - Started process (PID=7273) to work on /home/airflow/.local/lib/python3.7/site-packages/airflow/example_dags/example_sla_dag.py
[2023-04-28T11:40:48.555+0000] {processor.py:743} INFO - Processing file /home/airflow/.local/lib/python3.7/site-packages/airflow/example_dags/example_sla_dag.py for tasks to queue
[2023-04-28T11:40:48.559+0000] {logging_mixin.py:137} INFO - [2023-04-28T11:40:48.558+0000] {dagbag.py:532} INFO - Filling up the DagBag from /home/airflow/.local/lib/python3.7/site-packages/airflow/example_dags/example_sla_dag.py
[2023-04-28T11:40:48.728+0000] {processor.py:753} INFO - DAG(s) dict_keys(['example_sla_dag']) retrieved from /home/airflow/.local/lib/python3.7/site-packages/airflow/example_dags/example_sla_dag.py
[2023-04-28T11:40:48.842+0000] {logging_mixin.py:137} INFO - [2023-04-28T11:40:48.842+0000] {dag.py:2705} INFO - Sync 1 DAGs
[2023-04-28T11:40:48.947+0000] {logging_mixin.py:137} INFO - [2023-04-28T11:40:48.946+0000] {dag.py:3456} INFO - Setting next_dagrun for example_sla_dag to 2023-04-28T11:38:00+00:00, run_after=2023-04-28T11:40:00+00:00
[2023-04-28T11:40:48.999+0000] {processor.py:175} INFO - Processing /home/airflow/.local/lib/python3.7/site-packages/airflow/example_dags/example_sla_dag.py took 0.460 seconds
