[2023-04-28T11:24:24.882+0000] {processor.py:153} INFO - Started process (PID=323) to work on /home/airflow/.local/lib/python3.7/site-packages/airflow/example_dags/example_short_circuit_operator.py
[2023-04-28T11:24:24.883+0000] {processor.py:743} INFO - Processing file /home/airflow/.local/lib/python3.7/site-packages/airflow/example_dags/example_short_circuit_operator.py for tasks to queue
[2023-04-28T11:24:24.885+0000] {logging_mixin.py:137} INFO - [2023-04-28T11:24:24.885+0000] {dagbag.py:532} INFO - Filling up the DagBag from /home/airflow/.local/lib/python3.7/site-packages/airflow/example_dags/example_short_circuit_operator.py
[2023-04-28T11:24:24.905+0000] {processor.py:753} INFO - DAG(s) dict_keys(['example_short_circuit_operator']) retrieved from /home/airflow/.local/lib/python3.7/site-packages/airflow/example_dags/example_short_circuit_operator.py
[2023-04-28T11:24:24.921+0000] {logging_mixin.py:137} INFO - [2023-04-28T11:24:24.920+0000] {dag.py:2705} INFO - Sync 1 DAGs
[2023-04-28T11:24:24.951+0000] {logging_mixin.py:137} INFO - [2023-04-28T11:24:24.951+0000] {dag.py:3456} INFO - Setting next_dagrun for example_short_circuit_operator to 2023-04-27T11:24:24.950364+00:00, run_after=2023-04-28T11:24:24.950364+00:00
[2023-04-28T11:24:24.973+0000] {processor.py:175} INFO - Processing /home/airflow/.local/lib/python3.7/site-packages/airflow/example_dags/example_short_circuit_operator.py took 0.096 seconds
[2023-04-28T11:24:55.399+0000] {processor.py:153} INFO - Started process (PID=541) to work on /home/airflow/.local/lib/python3.7/site-packages/airflow/example_dags/example_short_circuit_operator.py
[2023-04-28T11:24:55.402+0000] {processor.py:743} INFO - Processing file /home/airflow/.local/lib/python3.7/site-packages/airflow/example_dags/example_short_circuit_operator.py for tasks to queue
[2023-04-28T11:24:55.403+0000] {logging_mixin.py:137} INFO - [2023-04-28T11:24:55.403+0000] {dagbag.py:532} INFO - Filling up the DagBag from /home/airflow/.local/lib/python3.7/site-packages/airflow/example_dags/example_short_circuit_operator.py
[2023-04-28T11:24:55.423+0000] {processor.py:753} INFO - DAG(s) dict_keys(['example_short_circuit_operator']) retrieved from /home/airflow/.local/lib/python3.7/site-packages/airflow/example_dags/example_short_circuit_operator.py
[2023-04-28T11:24:55.456+0000] {logging_mixin.py:137} INFO - [2023-04-28T11:24:55.456+0000] {dag.py:2705} INFO - Sync 1 DAGs
[2023-04-28T11:24:55.485+0000] {logging_mixin.py:137} INFO - [2023-04-28T11:24:55.485+0000] {dag.py:3456} INFO - Setting next_dagrun for example_short_circuit_operator to 2023-04-27T11:24:55.485107+00:00, run_after=2023-04-28T11:24:55.485107+00:00
[2023-04-28T11:24:55.506+0000] {processor.py:175} INFO - Processing /home/airflow/.local/lib/python3.7/site-packages/airflow/example_dags/example_short_circuit_operator.py took 0.111 seconds
[2023-04-28T11:25:26.604+0000] {processor.py:153} INFO - Started process (PID=759) to work on /home/airflow/.local/lib/python3.7/site-packages/airflow/example_dags/example_short_circuit_operator.py
[2023-04-28T11:25:26.606+0000] {processor.py:743} INFO - Processing file /home/airflow/.local/lib/python3.7/site-packages/airflow/example_dags/example_short_circuit_operator.py for tasks to queue
[2023-04-28T11:25:26.609+0000] {logging_mixin.py:137} INFO - [2023-04-28T11:25:26.608+0000] {dagbag.py:532} INFO - Filling up the DagBag from /home/airflow/.local/lib/python3.7/site-packages/airflow/example_dags/example_short_circuit_operator.py
[2023-04-28T11:25:26.643+0000] {processor.py:753} INFO - DAG(s) dict_keys(['example_short_circuit_operator']) retrieved from /home/airflow/.local/lib/python3.7/site-packages/airflow/example_dags/example_short_circuit_operator.py
[2023-04-28T11:25:26.694+0000] {logging_mixin.py:137} INFO - [2023-04-28T11:25:26.694+0000] {dag.py:2705} INFO - Sync 1 DAGs
[2023-04-28T11:25:26.834+0000] {logging_mixin.py:137} INFO - [2023-04-28T11:25:26.833+0000] {dag.py:3456} INFO - Setting next_dagrun for example_short_circuit_operator to 2023-04-27T11:25:26.833005+00:00, run_after=2023-04-28T11:25:26.833005+00:00
[2023-04-28T11:25:26.912+0000] {processor.py:175} INFO - Processing /home/airflow/.local/lib/python3.7/site-packages/airflow/example_dags/example_short_circuit_operator.py took 0.313 seconds
[2023-04-28T11:25:58.806+0000] {processor.py:153} INFO - Started process (PID=977) to work on /home/airflow/.local/lib/python3.7/site-packages/airflow/example_dags/example_short_circuit_operator.py
[2023-04-28T11:25:58.810+0000] {processor.py:743} INFO - Processing file /home/airflow/.local/lib/python3.7/site-packages/airflow/example_dags/example_short_circuit_operator.py for tasks to queue
[2023-04-28T11:25:58.813+0000] {logging_mixin.py:137} INFO - [2023-04-28T11:25:58.813+0000] {dagbag.py:532} INFO - Filling up the DagBag from /home/airflow/.local/lib/python3.7/site-packages/airflow/example_dags/example_short_circuit_operator.py
[2023-04-28T11:25:58.848+0000] {processor.py:753} INFO - DAG(s) dict_keys(['example_short_circuit_operator']) retrieved from /home/airflow/.local/lib/python3.7/site-packages/airflow/example_dags/example_short_circuit_operator.py
[2023-04-28T11:25:58.900+0000] {logging_mixin.py:137} INFO - [2023-04-28T11:25:58.900+0000] {dag.py:2705} INFO - Sync 1 DAGs
[2023-04-28T11:25:58.942+0000] {logging_mixin.py:137} INFO - [2023-04-28T11:25:58.942+0000] {dag.py:3456} INFO - Setting next_dagrun for example_short_circuit_operator to 2023-04-27T11:25:58.942327+00:00, run_after=2023-04-28T11:25:58.942327+00:00
[2023-04-28T11:25:58.977+0000] {processor.py:175} INFO - Processing /home/airflow/.local/lib/python3.7/site-packages/airflow/example_dags/example_short_circuit_operator.py took 0.178 seconds
[2023-04-28T11:26:29.895+0000] {processor.py:153} INFO - Started process (PID=1197) to work on /home/airflow/.local/lib/python3.7/site-packages/airflow/example_dags/example_short_circuit_operator.py
[2023-04-28T11:26:29.897+0000] {processor.py:743} INFO - Processing file /home/airflow/.local/lib/python3.7/site-packages/airflow/example_dags/example_short_circuit_operator.py for tasks to queue
[2023-04-28T11:26:29.899+0000] {logging_mixin.py:137} INFO - [2023-04-28T11:26:29.899+0000] {dagbag.py:532} INFO - Filling up the DagBag from /home/airflow/.local/lib/python3.7/site-packages/airflow/example_dags/example_short_circuit_operator.py
[2023-04-28T11:26:29.920+0000] {processor.py:753} INFO - DAG(s) dict_keys(['example_short_circuit_operator']) retrieved from /home/airflow/.local/lib/python3.7/site-packages/airflow/example_dags/example_short_circuit_operator.py
[2023-04-28T11:26:29.954+0000] {logging_mixin.py:137} INFO - [2023-04-28T11:26:29.954+0000] {dag.py:2705} INFO - Sync 1 DAGs
[2023-04-28T11:26:29.984+0000] {logging_mixin.py:137} INFO - [2023-04-28T11:26:29.984+0000] {dag.py:3456} INFO - Setting next_dagrun for example_short_circuit_operator to 2023-04-27T11:26:29.984257+00:00, run_after=2023-04-28T11:26:29.984257+00:00
[2023-04-28T11:26:30.005+0000] {processor.py:175} INFO - Processing /home/airflow/.local/lib/python3.7/site-packages/airflow/example_dags/example_short_circuit_operator.py took 0.115 seconds
[2023-04-28T11:27:00.363+0000] {processor.py:153} INFO - Started process (PID=1413) to work on /home/airflow/.local/lib/python3.7/site-packages/airflow/example_dags/example_short_circuit_operator.py
[2023-04-28T11:27:00.366+0000] {processor.py:743} INFO - Processing file /home/airflow/.local/lib/python3.7/site-packages/airflow/example_dags/example_short_circuit_operator.py for tasks to queue
[2023-04-28T11:27:00.369+0000] {logging_mixin.py:137} INFO - [2023-04-28T11:27:00.369+0000] {dagbag.py:532} INFO - Filling up the DagBag from /home/airflow/.local/lib/python3.7/site-packages/airflow/example_dags/example_short_circuit_operator.py
[2023-04-28T11:27:00.402+0000] {processor.py:753} INFO - DAG(s) dict_keys(['example_short_circuit_operator']) retrieved from /home/airflow/.local/lib/python3.7/site-packages/airflow/example_dags/example_short_circuit_operator.py
[2023-04-28T11:27:00.467+0000] {logging_mixin.py:137} INFO - [2023-04-28T11:27:00.467+0000] {dag.py:2705} INFO - Sync 1 DAGs
[2023-04-28T11:27:00.519+0000] {logging_mixin.py:137} INFO - [2023-04-28T11:27:00.518+0000] {dag.py:3456} INFO - Setting next_dagrun for example_short_circuit_operator to 2023-04-27T11:27:00.518646+00:00, run_after=2023-04-28T11:27:00.518646+00:00
[2023-04-28T11:27:00.567+0000] {processor.py:175} INFO - Processing /home/airflow/.local/lib/python3.7/site-packages/airflow/example_dags/example_short_circuit_operator.py took 0.213 seconds
[2023-04-28T11:27:31.430+0000] {processor.py:153} INFO - Started process (PID=1631) to work on /home/airflow/.local/lib/python3.7/site-packages/airflow/example_dags/example_short_circuit_operator.py
[2023-04-28T11:27:31.433+0000] {processor.py:743} INFO - Processing file /home/airflow/.local/lib/python3.7/site-packages/airflow/example_dags/example_short_circuit_operator.py for tasks to queue
[2023-04-28T11:27:31.436+0000] {logging_mixin.py:137} INFO - [2023-04-28T11:27:31.435+0000] {dagbag.py:532} INFO - Filling up the DagBag from /home/airflow/.local/lib/python3.7/site-packages/airflow/example_dags/example_short_circuit_operator.py
[2023-04-28T11:27:31.464+0000] {processor.py:753} INFO - DAG(s) dict_keys(['example_short_circuit_operator']) retrieved from /home/airflow/.local/lib/python3.7/site-packages/airflow/example_dags/example_short_circuit_operator.py
[2023-04-28T11:27:31.508+0000] {logging_mixin.py:137} INFO - [2023-04-28T11:27:31.507+0000] {dag.py:2705} INFO - Sync 1 DAGs
[2023-04-28T11:27:31.549+0000] {logging_mixin.py:137} INFO - [2023-04-28T11:27:31.549+0000] {dag.py:3456} INFO - Setting next_dagrun for example_short_circuit_operator to 2023-04-27T11:27:31.548572+00:00, run_after=2023-04-28T11:27:31.548572+00:00
[2023-04-28T11:27:31.582+0000] {processor.py:175} INFO - Processing /home/airflow/.local/lib/python3.7/site-packages/airflow/example_dags/example_short_circuit_operator.py took 0.157 seconds
[2023-04-28T11:28:02.660+0000] {processor.py:153} INFO - Started process (PID=1849) to work on /home/airflow/.local/lib/python3.7/site-packages/airflow/example_dags/example_short_circuit_operator.py
[2023-04-28T11:28:02.665+0000] {processor.py:743} INFO - Processing file /home/airflow/.local/lib/python3.7/site-packages/airflow/example_dags/example_short_circuit_operator.py for tasks to queue
[2023-04-28T11:28:02.670+0000] {logging_mixin.py:137} INFO - [2023-04-28T11:28:02.669+0000] {dagbag.py:532} INFO - Filling up the DagBag from /home/airflow/.local/lib/python3.7/site-packages/airflow/example_dags/example_short_circuit_operator.py
[2023-04-28T11:28:02.729+0000] {processor.py:753} INFO - DAG(s) dict_keys(['example_short_circuit_operator']) retrieved from /home/airflow/.local/lib/python3.7/site-packages/airflow/example_dags/example_short_circuit_operator.py
[2023-04-28T11:28:02.797+0000] {logging_mixin.py:137} INFO - [2023-04-28T11:28:02.797+0000] {dag.py:2705} INFO - Sync 1 DAGs
[2023-04-28T11:28:02.865+0000] {logging_mixin.py:137} INFO - [2023-04-28T11:28:02.865+0000] {dag.py:3456} INFO - Setting next_dagrun for example_short_circuit_operator to 2023-04-27T11:28:02.864673+00:00, run_after=2023-04-28T11:28:02.864673+00:00
[2023-04-28T11:28:02.927+0000] {processor.py:175} INFO - Processing /home/airflow/.local/lib/python3.7/site-packages/airflow/example_dags/example_short_circuit_operator.py took 0.274 seconds
[2023-04-28T11:28:33.866+0000] {processor.py:153} INFO - Started process (PID=2067) to work on /home/airflow/.local/lib/python3.7/site-packages/airflow/example_dags/example_short_circuit_operator.py
[2023-04-28T11:28:33.868+0000] {processor.py:743} INFO - Processing file /home/airflow/.local/lib/python3.7/site-packages/airflow/example_dags/example_short_circuit_operator.py for tasks to queue
[2023-04-28T11:28:33.870+0000] {logging_mixin.py:137} INFO - [2023-04-28T11:28:33.870+0000] {dagbag.py:532} INFO - Filling up the DagBag from /home/airflow/.local/lib/python3.7/site-packages/airflow/example_dags/example_short_circuit_operator.py
[2023-04-28T11:28:33.889+0000] {processor.py:753} INFO - DAG(s) dict_keys(['example_short_circuit_operator']) retrieved from /home/airflow/.local/lib/python3.7/site-packages/airflow/example_dags/example_short_circuit_operator.py
[2023-04-28T11:28:33.923+0000] {logging_mixin.py:137} INFO - [2023-04-28T11:28:33.923+0000] {dag.py:2705} INFO - Sync 1 DAGs
[2023-04-28T11:28:33.954+0000] {logging_mixin.py:137} INFO - [2023-04-28T11:28:33.954+0000] {dag.py:3456} INFO - Setting next_dagrun for example_short_circuit_operator to 2023-04-27T11:28:33.954135+00:00, run_after=2023-04-28T11:28:33.954135+00:00
[2023-04-28T11:28:33.978+0000] {processor.py:175} INFO - Processing /home/airflow/.local/lib/python3.7/site-packages/airflow/example_dags/example_short_circuit_operator.py took 0.116 seconds
[2023-04-28T11:29:04.142+0000] {processor.py:153} INFO - Started process (PID=2285) to work on /home/airflow/.local/lib/python3.7/site-packages/airflow/example_dags/example_short_circuit_operator.py
[2023-04-28T11:29:04.148+0000] {processor.py:743} INFO - Processing file /home/airflow/.local/lib/python3.7/site-packages/airflow/example_dags/example_short_circuit_operator.py for tasks to queue
[2023-04-28T11:29:04.152+0000] {logging_mixin.py:137} INFO - [2023-04-28T11:29:04.152+0000] {dagbag.py:532} INFO - Filling up the DagBag from /home/airflow/.local/lib/python3.7/site-packages/airflow/example_dags/example_short_circuit_operator.py
[2023-04-28T11:29:04.231+0000] {processor.py:753} INFO - DAG(s) dict_keys(['example_short_circuit_operator']) retrieved from /home/airflow/.local/lib/python3.7/site-packages/airflow/example_dags/example_short_circuit_operator.py
[2023-04-28T11:29:04.399+0000] {logging_mixin.py:137} INFO - [2023-04-28T11:29:04.398+0000] {dag.py:2705} INFO - Sync 1 DAGs
[2023-04-28T11:29:04.460+0000] {logging_mixin.py:137} INFO - [2023-04-28T11:29:04.460+0000] {dag.py:3456} INFO - Setting next_dagrun for example_short_circuit_operator to 2023-04-27T11:29:04.459947+00:00, run_after=2023-04-28T11:29:04.459947+00:00
[2023-04-28T11:29:04.490+0000] {processor.py:175} INFO - Processing /home/airflow/.local/lib/python3.7/site-packages/airflow/example_dags/example_short_circuit_operator.py took 0.361 seconds
[2023-04-28T11:29:36.111+0000] {processor.py:153} INFO - Started process (PID=2505) to work on /home/airflow/.local/lib/python3.7/site-packages/airflow/example_dags/example_short_circuit_operator.py
[2023-04-28T11:29:36.134+0000] {processor.py:743} INFO - Processing file /home/airflow/.local/lib/python3.7/site-packages/airflow/example_dags/example_short_circuit_operator.py for tasks to queue
[2023-04-28T11:29:36.147+0000] {logging_mixin.py:137} INFO - [2023-04-28T11:29:36.146+0000] {dagbag.py:532} INFO - Filling up the DagBag from /home/airflow/.local/lib/python3.7/site-packages/airflow/example_dags/example_short_circuit_operator.py
[2023-04-28T11:29:36.218+0000] {processor.py:753} INFO - DAG(s) dict_keys(['example_short_circuit_operator']) retrieved from /home/airflow/.local/lib/python3.7/site-packages/airflow/example_dags/example_short_circuit_operator.py
[2023-04-28T11:29:36.363+0000] {logging_mixin.py:137} INFO - [2023-04-28T11:29:36.362+0000] {dag.py:2705} INFO - Sync 1 DAGs
[2023-04-28T11:29:36.446+0000] {logging_mixin.py:137} INFO - [2023-04-28T11:29:36.446+0000] {dag.py:3456} INFO - Setting next_dagrun for example_short_circuit_operator to 2023-04-27T11:29:36.446258+00:00, run_after=2023-04-28T11:29:36.446258+00:00
[2023-04-28T11:29:36.531+0000] {processor.py:175} INFO - Processing /home/airflow/.local/lib/python3.7/site-packages/airflow/example_dags/example_short_circuit_operator.py took 0.427 seconds
[2023-04-28T11:30:07.311+0000] {processor.py:153} INFO - Started process (PID=2723) to work on /home/airflow/.local/lib/python3.7/site-packages/airflow/example_dags/example_short_circuit_operator.py
[2023-04-28T11:30:07.314+0000] {processor.py:743} INFO - Processing file /home/airflow/.local/lib/python3.7/site-packages/airflow/example_dags/example_short_circuit_operator.py for tasks to queue
[2023-04-28T11:30:07.316+0000] {logging_mixin.py:137} INFO - [2023-04-28T11:30:07.316+0000] {dagbag.py:532} INFO - Filling up the DagBag from /home/airflow/.local/lib/python3.7/site-packages/airflow/example_dags/example_short_circuit_operator.py
[2023-04-28T11:30:07.340+0000] {processor.py:753} INFO - DAG(s) dict_keys(['example_short_circuit_operator']) retrieved from /home/airflow/.local/lib/python3.7/site-packages/airflow/example_dags/example_short_circuit_operator.py
[2023-04-28T11:30:07.376+0000] {logging_mixin.py:137} INFO - [2023-04-28T11:30:07.376+0000] {dag.py:2705} INFO - Sync 1 DAGs
[2023-04-28T11:30:07.406+0000] {logging_mixin.py:137} INFO - [2023-04-28T11:30:07.406+0000] {dag.py:3456} INFO - Setting next_dagrun for example_short_circuit_operator to 2023-04-27T11:30:07.406281+00:00, run_after=2023-04-28T11:30:07.406281+00:00
[2023-04-28T11:30:07.432+0000] {processor.py:175} INFO - Processing /home/airflow/.local/lib/python3.7/site-packages/airflow/example_dags/example_short_circuit_operator.py took 0.127 seconds
[2023-04-28T11:30:37.548+0000] {processor.py:153} INFO - Started process (PID=2941) to work on /home/airflow/.local/lib/python3.7/site-packages/airflow/example_dags/example_short_circuit_operator.py
[2023-04-28T11:30:37.551+0000] {processor.py:743} INFO - Processing file /home/airflow/.local/lib/python3.7/site-packages/airflow/example_dags/example_short_circuit_operator.py for tasks to queue
[2023-04-28T11:30:37.553+0000] {logging_mixin.py:137} INFO - [2023-04-28T11:30:37.553+0000] {dagbag.py:532} INFO - Filling up the DagBag from /home/airflow/.local/lib/python3.7/site-packages/airflow/example_dags/example_short_circuit_operator.py
[2023-04-28T11:30:37.575+0000] {processor.py:753} INFO - DAG(s) dict_keys(['example_short_circuit_operator']) retrieved from /home/airflow/.local/lib/python3.7/site-packages/airflow/example_dags/example_short_circuit_operator.py
[2023-04-28T11:30:37.609+0000] {logging_mixin.py:137} INFO - [2023-04-28T11:30:37.609+0000] {dag.py:2705} INFO - Sync 1 DAGs
[2023-04-28T11:30:37.641+0000] {logging_mixin.py:137} INFO - [2023-04-28T11:30:37.641+0000] {dag.py:3456} INFO - Setting next_dagrun for example_short_circuit_operator to 2023-04-27T11:30:37.641553+00:00, run_after=2023-04-28T11:30:37.641553+00:00
[2023-04-28T11:30:37.664+0000] {processor.py:175} INFO - Processing /home/airflow/.local/lib/python3.7/site-packages/airflow/example_dags/example_short_circuit_operator.py took 0.121 seconds
[2023-04-28T11:31:07.935+0000] {processor.py:153} INFO - Started process (PID=3159) to work on /home/airflow/.local/lib/python3.7/site-packages/airflow/example_dags/example_short_circuit_operator.py
[2023-04-28T11:31:07.937+0000] {processor.py:743} INFO - Processing file /home/airflow/.local/lib/python3.7/site-packages/airflow/example_dags/example_short_circuit_operator.py for tasks to queue
[2023-04-28T11:31:07.939+0000] {logging_mixin.py:137} INFO - [2023-04-28T11:31:07.939+0000] {dagbag.py:532} INFO - Filling up the DagBag from /home/airflow/.local/lib/python3.7/site-packages/airflow/example_dags/example_short_circuit_operator.py
[2023-04-28T11:31:07.966+0000] {processor.py:753} INFO - DAG(s) dict_keys(['example_short_circuit_operator']) retrieved from /home/airflow/.local/lib/python3.7/site-packages/airflow/example_dags/example_short_circuit_operator.py
[2023-04-28T11:31:08.006+0000] {logging_mixin.py:137} INFO - [2023-04-28T11:31:08.006+0000] {dag.py:2705} INFO - Sync 1 DAGs
[2023-04-28T11:31:08.037+0000] {logging_mixin.py:137} INFO - [2023-04-28T11:31:08.037+0000] {dag.py:3456} INFO - Setting next_dagrun for example_short_circuit_operator to 2023-04-27T11:31:08.037193+00:00, run_after=2023-04-28T11:31:08.037193+00:00
[2023-04-28T11:31:08.060+0000] {processor.py:175} INFO - Processing /home/airflow/.local/lib/python3.7/site-packages/airflow/example_dags/example_short_circuit_operator.py took 0.131 seconds
[2023-04-28T11:31:38.424+0000] {processor.py:153} INFO - Started process (PID=3376) to work on /home/airflow/.local/lib/python3.7/site-packages/airflow/example_dags/example_short_circuit_operator.py
[2023-04-28T11:31:38.427+0000] {processor.py:743} INFO - Processing file /home/airflow/.local/lib/python3.7/site-packages/airflow/example_dags/example_short_circuit_operator.py for tasks to queue
[2023-04-28T11:31:38.429+0000] {logging_mixin.py:137} INFO - [2023-04-28T11:31:38.428+0000] {dagbag.py:532} INFO - Filling up the DagBag from /home/airflow/.local/lib/python3.7/site-packages/airflow/example_dags/example_short_circuit_operator.py
[2023-04-28T11:31:38.453+0000] {processor.py:753} INFO - DAG(s) dict_keys(['example_short_circuit_operator']) retrieved from /home/airflow/.local/lib/python3.7/site-packages/airflow/example_dags/example_short_circuit_operator.py
[2023-04-28T11:31:38.488+0000] {logging_mixin.py:137} INFO - [2023-04-28T11:31:38.488+0000] {dag.py:2705} INFO - Sync 1 DAGs
[2023-04-28T11:31:38.520+0000] {logging_mixin.py:137} INFO - [2023-04-28T11:31:38.520+0000] {dag.py:3456} INFO - Setting next_dagrun for example_short_circuit_operator to 2023-04-27T11:31:38.520156+00:00, run_after=2023-04-28T11:31:38.520156+00:00
[2023-04-28T11:31:38.543+0000] {processor.py:175} INFO - Processing /home/airflow/.local/lib/python3.7/site-packages/airflow/example_dags/example_short_circuit_operator.py took 0.124 seconds
[2023-04-28T11:32:08.755+0000] {processor.py:153} INFO - Started process (PID=3594) to work on /home/airflow/.local/lib/python3.7/site-packages/airflow/example_dags/example_short_circuit_operator.py
[2023-04-28T11:32:08.758+0000] {processor.py:743} INFO - Processing file /home/airflow/.local/lib/python3.7/site-packages/airflow/example_dags/example_short_circuit_operator.py for tasks to queue
[2023-04-28T11:32:08.760+0000] {logging_mixin.py:137} INFO - [2023-04-28T11:32:08.760+0000] {dagbag.py:532} INFO - Filling up the DagBag from /home/airflow/.local/lib/python3.7/site-packages/airflow/example_dags/example_short_circuit_operator.py
[2023-04-28T11:32:08.785+0000] {processor.py:753} INFO - DAG(s) dict_keys(['example_short_circuit_operator']) retrieved from /home/airflow/.local/lib/python3.7/site-packages/airflow/example_dags/example_short_circuit_operator.py
[2023-04-28T11:32:08.826+0000] {logging_mixin.py:137} INFO - [2023-04-28T11:32:08.825+0000] {dag.py:2705} INFO - Sync 1 DAGs
[2023-04-28T11:32:08.857+0000] {logging_mixin.py:137} INFO - [2023-04-28T11:32:08.857+0000] {dag.py:3456} INFO - Setting next_dagrun for example_short_circuit_operator to 2023-04-27T11:32:08.857381+00:00, run_after=2023-04-28T11:32:08.857381+00:00
[2023-04-28T11:32:08.880+0000] {processor.py:175} INFO - Processing /home/airflow/.local/lib/python3.7/site-packages/airflow/example_dags/example_short_circuit_operator.py took 0.130 seconds
[2023-04-28T11:32:39.030+0000] {processor.py:153} INFO - Started process (PID=3812) to work on /home/airflow/.local/lib/python3.7/site-packages/airflow/example_dags/example_short_circuit_operator.py
[2023-04-28T11:32:39.032+0000] {processor.py:743} INFO - Processing file /home/airflow/.local/lib/python3.7/site-packages/airflow/example_dags/example_short_circuit_operator.py for tasks to queue
[2023-04-28T11:32:39.033+0000] {logging_mixin.py:137} INFO - [2023-04-28T11:32:39.033+0000] {dagbag.py:532} INFO - Filling up the DagBag from /home/airflow/.local/lib/python3.7/site-packages/airflow/example_dags/example_short_circuit_operator.py
[2023-04-28T11:32:39.056+0000] {processor.py:753} INFO - DAG(s) dict_keys(['example_short_circuit_operator']) retrieved from /home/airflow/.local/lib/python3.7/site-packages/airflow/example_dags/example_short_circuit_operator.py
[2023-04-28T11:32:39.090+0000] {logging_mixin.py:137} INFO - [2023-04-28T11:32:39.090+0000] {dag.py:2705} INFO - Sync 1 DAGs
[2023-04-28T11:32:39.121+0000] {logging_mixin.py:137} INFO - [2023-04-28T11:32:39.121+0000] {dag.py:3456} INFO - Setting next_dagrun for example_short_circuit_operator to 2023-04-27T11:32:39.121582+00:00, run_after=2023-04-28T11:32:39.121582+00:00
[2023-04-28T11:32:39.144+0000] {processor.py:175} INFO - Processing /home/airflow/.local/lib/python3.7/site-packages/airflow/example_dags/example_short_circuit_operator.py took 0.120 seconds
[2023-04-28T11:33:09.393+0000] {processor.py:153} INFO - Started process (PID=4030) to work on /home/airflow/.local/lib/python3.7/site-packages/airflow/example_dags/example_short_circuit_operator.py
[2023-04-28T11:33:09.396+0000] {processor.py:743} INFO - Processing file /home/airflow/.local/lib/python3.7/site-packages/airflow/example_dags/example_short_circuit_operator.py for tasks to queue
[2023-04-28T11:33:09.399+0000] {logging_mixin.py:137} INFO - [2023-04-28T11:33:09.399+0000] {dagbag.py:532} INFO - Filling up the DagBag from /home/airflow/.local/lib/python3.7/site-packages/airflow/example_dags/example_short_circuit_operator.py
[2023-04-28T11:33:09.421+0000] {processor.py:753} INFO - DAG(s) dict_keys(['example_short_circuit_operator']) retrieved from /home/airflow/.local/lib/python3.7/site-packages/airflow/example_dags/example_short_circuit_operator.py
[2023-04-28T11:33:09.455+0000] {logging_mixin.py:137} INFO - [2023-04-28T11:33:09.454+0000] {dag.py:2705} INFO - Sync 1 DAGs
[2023-04-28T11:33:09.484+0000] {logging_mixin.py:137} INFO - [2023-04-28T11:33:09.484+0000] {dag.py:3456} INFO - Setting next_dagrun for example_short_circuit_operator to 2023-04-27T11:33:09.484228+00:00, run_after=2023-04-28T11:33:09.484228+00:00
[2023-04-28T11:33:09.505+0000] {processor.py:175} INFO - Processing /home/airflow/.local/lib/python3.7/site-packages/airflow/example_dags/example_short_circuit_operator.py took 0.119 seconds
[2023-04-28T11:33:39.740+0000] {processor.py:153} INFO - Started process (PID=4248) to work on /home/airflow/.local/lib/python3.7/site-packages/airflow/example_dags/example_short_circuit_operator.py
[2023-04-28T11:33:39.743+0000] {processor.py:743} INFO - Processing file /home/airflow/.local/lib/python3.7/site-packages/airflow/example_dags/example_short_circuit_operator.py for tasks to queue
[2023-04-28T11:33:39.745+0000] {logging_mixin.py:137} INFO - [2023-04-28T11:33:39.744+0000] {dagbag.py:532} INFO - Filling up the DagBag from /home/airflow/.local/lib/python3.7/site-packages/airflow/example_dags/example_short_circuit_operator.py
[2023-04-28T11:33:39.766+0000] {processor.py:753} INFO - DAG(s) dict_keys(['example_short_circuit_operator']) retrieved from /home/airflow/.local/lib/python3.7/site-packages/airflow/example_dags/example_short_circuit_operator.py
[2023-04-28T11:33:39.799+0000] {logging_mixin.py:137} INFO - [2023-04-28T11:33:39.799+0000] {dag.py:2705} INFO - Sync 1 DAGs
[2023-04-28T11:33:39.828+0000] {logging_mixin.py:137} INFO - [2023-04-28T11:33:39.828+0000] {dag.py:3456} INFO - Setting next_dagrun for example_short_circuit_operator to 2023-04-27T11:33:39.827904+00:00, run_after=2023-04-28T11:33:39.827904+00:00
[2023-04-28T11:33:39.850+0000] {processor.py:175} INFO - Processing /home/airflow/.local/lib/python3.7/site-packages/airflow/example_dags/example_short_circuit_operator.py took 0.115 seconds
[2023-04-28T11:34:10.001+0000] {processor.py:153} INFO - Started process (PID=4466) to work on /home/airflow/.local/lib/python3.7/site-packages/airflow/example_dags/example_short_circuit_operator.py
[2023-04-28T11:34:10.004+0000] {processor.py:743} INFO - Processing file /home/airflow/.local/lib/python3.7/site-packages/airflow/example_dags/example_short_circuit_operator.py for tasks to queue
[2023-04-28T11:34:10.006+0000] {logging_mixin.py:137} INFO - [2023-04-28T11:34:10.006+0000] {dagbag.py:532} INFO - Filling up the DagBag from /home/airflow/.local/lib/python3.7/site-packages/airflow/example_dags/example_short_circuit_operator.py
[2023-04-28T11:34:10.029+0000] {processor.py:753} INFO - DAG(s) dict_keys(['example_short_circuit_operator']) retrieved from /home/airflow/.local/lib/python3.7/site-packages/airflow/example_dags/example_short_circuit_operator.py
[2023-04-28T11:34:10.064+0000] {logging_mixin.py:137} INFO - [2023-04-28T11:34:10.064+0000] {dag.py:2705} INFO - Sync 1 DAGs
[2023-04-28T11:34:10.093+0000] {logging_mixin.py:137} INFO - [2023-04-28T11:34:10.093+0000] {dag.py:3456} INFO - Setting next_dagrun for example_short_circuit_operator to 2023-04-27T11:34:10.093480+00:00, run_after=2023-04-28T11:34:10.093480+00:00
[2023-04-28T11:34:10.115+0000] {processor.py:175} INFO - Processing /home/airflow/.local/lib/python3.7/site-packages/airflow/example_dags/example_short_circuit_operator.py took 0.119 seconds
[2023-04-28T11:34:40.665+0000] {processor.py:153} INFO - Started process (PID=4684) to work on /home/airflow/.local/lib/python3.7/site-packages/airflow/example_dags/example_short_circuit_operator.py
[2023-04-28T11:34:40.668+0000] {processor.py:743} INFO - Processing file /home/airflow/.local/lib/python3.7/site-packages/airflow/example_dags/example_short_circuit_operator.py for tasks to queue
[2023-04-28T11:34:40.670+0000] {logging_mixin.py:137} INFO - [2023-04-28T11:34:40.669+0000] {dagbag.py:532} INFO - Filling up the DagBag from /home/airflow/.local/lib/python3.7/site-packages/airflow/example_dags/example_short_circuit_operator.py
[2023-04-28T11:34:40.692+0000] {processor.py:753} INFO - DAG(s) dict_keys(['example_short_circuit_operator']) retrieved from /home/airflow/.local/lib/python3.7/site-packages/airflow/example_dags/example_short_circuit_operator.py
[2023-04-28T11:34:40.727+0000] {logging_mixin.py:137} INFO - [2023-04-28T11:34:40.727+0000] {dag.py:2705} INFO - Sync 1 DAGs
[2023-04-28T11:34:40.756+0000] {logging_mixin.py:137} INFO - [2023-04-28T11:34:40.756+0000] {dag.py:3456} INFO - Setting next_dagrun for example_short_circuit_operator to 2023-04-27T11:34:40.756543+00:00, run_after=2023-04-28T11:34:40.756543+00:00
[2023-04-28T11:34:40.778+0000] {processor.py:175} INFO - Processing /home/airflow/.local/lib/python3.7/site-packages/airflow/example_dags/example_short_circuit_operator.py took 0.119 seconds
[2023-04-28T11:35:11.585+0000] {processor.py:153} INFO - Started process (PID=4902) to work on /home/airflow/.local/lib/python3.7/site-packages/airflow/example_dags/example_short_circuit_operator.py
[2023-04-28T11:35:11.587+0000] {processor.py:743} INFO - Processing file /home/airflow/.local/lib/python3.7/site-packages/airflow/example_dags/example_short_circuit_operator.py for tasks to queue
[2023-04-28T11:35:11.588+0000] {logging_mixin.py:137} INFO - [2023-04-28T11:35:11.588+0000] {dagbag.py:532} INFO - Filling up the DagBag from /home/airflow/.local/lib/python3.7/site-packages/airflow/example_dags/example_short_circuit_operator.py
[2023-04-28T11:35:11.608+0000] {processor.py:753} INFO - DAG(s) dict_keys(['example_short_circuit_operator']) retrieved from /home/airflow/.local/lib/python3.7/site-packages/airflow/example_dags/example_short_circuit_operator.py
[2023-04-28T11:35:11.639+0000] {logging_mixin.py:137} INFO - [2023-04-28T11:35:11.639+0000] {dag.py:2705} INFO - Sync 1 DAGs
[2023-04-28T11:35:11.668+0000] {logging_mixin.py:137} INFO - [2023-04-28T11:35:11.668+0000] {dag.py:3456} INFO - Setting next_dagrun for example_short_circuit_operator to 2023-04-27T11:35:11.668376+00:00, run_after=2023-04-28T11:35:11.668376+00:00
[2023-04-28T11:35:11.689+0000] {processor.py:175} INFO - Processing /home/airflow/.local/lib/python3.7/site-packages/airflow/example_dags/example_short_circuit_operator.py took 0.108 seconds
[2023-04-28T11:35:41.936+0000] {processor.py:153} INFO - Started process (PID=5120) to work on /home/airflow/.local/lib/python3.7/site-packages/airflow/example_dags/example_short_circuit_operator.py
[2023-04-28T11:35:41.938+0000] {processor.py:743} INFO - Processing file /home/airflow/.local/lib/python3.7/site-packages/airflow/example_dags/example_short_circuit_operator.py for tasks to queue
[2023-04-28T11:35:41.940+0000] {logging_mixin.py:137} INFO - [2023-04-28T11:35:41.940+0000] {dagbag.py:532} INFO - Filling up the DagBag from /home/airflow/.local/lib/python3.7/site-packages/airflow/example_dags/example_short_circuit_operator.py
[2023-04-28T11:35:41.962+0000] {processor.py:753} INFO - DAG(s) dict_keys(['example_short_circuit_operator']) retrieved from /home/airflow/.local/lib/python3.7/site-packages/airflow/example_dags/example_short_circuit_operator.py
[2023-04-28T11:35:41.998+0000] {logging_mixin.py:137} INFO - [2023-04-28T11:35:41.998+0000] {dag.py:2705} INFO - Sync 1 DAGs
[2023-04-28T11:35:42.065+0000] {logging_mixin.py:137} INFO - [2023-04-28T11:35:42.065+0000] {dag.py:3456} INFO - Setting next_dagrun for example_short_circuit_operator to 2023-04-27T11:35:42.064229+00:00, run_after=2023-04-28T11:35:42.064229+00:00
[2023-04-28T11:35:42.113+0000] {processor.py:175} INFO - Processing /home/airflow/.local/lib/python3.7/site-packages/airflow/example_dags/example_short_circuit_operator.py took 0.181 seconds
[2023-04-28T11:36:12.527+0000] {processor.py:153} INFO - Started process (PID=5338) to work on /home/airflow/.local/lib/python3.7/site-packages/airflow/example_dags/example_short_circuit_operator.py
[2023-04-28T11:36:12.530+0000] {processor.py:743} INFO - Processing file /home/airflow/.local/lib/python3.7/site-packages/airflow/example_dags/example_short_circuit_operator.py for tasks to queue
[2023-04-28T11:36:12.533+0000] {logging_mixin.py:137} INFO - [2023-04-28T11:36:12.532+0000] {dagbag.py:532} INFO - Filling up the DagBag from /home/airflow/.local/lib/python3.7/site-packages/airflow/example_dags/example_short_circuit_operator.py
[2023-04-28T11:36:12.563+0000] {processor.py:753} INFO - DAG(s) dict_keys(['example_short_circuit_operator']) retrieved from /home/airflow/.local/lib/python3.7/site-packages/airflow/example_dags/example_short_circuit_operator.py
[2023-04-28T11:36:12.601+0000] {logging_mixin.py:137} INFO - [2023-04-28T11:36:12.601+0000] {dag.py:2705} INFO - Sync 1 DAGs
[2023-04-28T11:36:12.635+0000] {logging_mixin.py:137} INFO - [2023-04-28T11:36:12.634+0000] {dag.py:3456} INFO - Setting next_dagrun for example_short_circuit_operator to 2023-04-27T11:36:12.634678+00:00, run_after=2023-04-28T11:36:12.634678+00:00
[2023-04-28T11:36:12.659+0000] {processor.py:175} INFO - Processing /home/airflow/.local/lib/python3.7/site-packages/airflow/example_dags/example_short_circuit_operator.py took 0.139 seconds
[2023-04-28T11:36:43.435+0000] {processor.py:153} INFO - Started process (PID=5556) to work on /home/airflow/.local/lib/python3.7/site-packages/airflow/example_dags/example_short_circuit_operator.py
[2023-04-28T11:36:43.438+0000] {processor.py:743} INFO - Processing file /home/airflow/.local/lib/python3.7/site-packages/airflow/example_dags/example_short_circuit_operator.py for tasks to queue
[2023-04-28T11:36:43.440+0000] {logging_mixin.py:137} INFO - [2023-04-28T11:36:43.440+0000] {dagbag.py:532} INFO - Filling up the DagBag from /home/airflow/.local/lib/python3.7/site-packages/airflow/example_dags/example_short_circuit_operator.py
[2023-04-28T11:36:43.463+0000] {processor.py:753} INFO - DAG(s) dict_keys(['example_short_circuit_operator']) retrieved from /home/airflow/.local/lib/python3.7/site-packages/airflow/example_dags/example_short_circuit_operator.py
[2023-04-28T11:36:43.501+0000] {logging_mixin.py:137} INFO - [2023-04-28T11:36:43.501+0000] {dag.py:2705} INFO - Sync 1 DAGs
[2023-04-28T11:36:43.534+0000] {logging_mixin.py:137} INFO - [2023-04-28T11:36:43.534+0000] {dag.py:3456} INFO - Setting next_dagrun for example_short_circuit_operator to 2023-04-27T11:36:43.534394+00:00, run_after=2023-04-28T11:36:43.534394+00:00
[2023-04-28T11:36:43.560+0000] {processor.py:175} INFO - Processing /home/airflow/.local/lib/python3.7/site-packages/airflow/example_dags/example_short_circuit_operator.py took 0.131 seconds
[2023-04-28T11:37:14.093+0000] {processor.py:153} INFO - Started process (PID=5772) to work on /home/airflow/.local/lib/python3.7/site-packages/airflow/example_dags/example_short_circuit_operator.py
[2023-04-28T11:37:14.096+0000] {processor.py:743} INFO - Processing file /home/airflow/.local/lib/python3.7/site-packages/airflow/example_dags/example_short_circuit_operator.py for tasks to queue
[2023-04-28T11:37:14.098+0000] {logging_mixin.py:137} INFO - [2023-04-28T11:37:14.098+0000] {dagbag.py:532} INFO - Filling up the DagBag from /home/airflow/.local/lib/python3.7/site-packages/airflow/example_dags/example_short_circuit_operator.py
[2023-04-28T11:37:14.127+0000] {processor.py:753} INFO - DAG(s) dict_keys(['example_short_circuit_operator']) retrieved from /home/airflow/.local/lib/python3.7/site-packages/airflow/example_dags/example_short_circuit_operator.py
[2023-04-28T11:37:14.166+0000] {logging_mixin.py:137} INFO - [2023-04-28T11:37:14.166+0000] {dag.py:2705} INFO - Sync 1 DAGs
[2023-04-28T11:37:14.199+0000] {logging_mixin.py:137} INFO - [2023-04-28T11:37:14.198+0000] {dag.py:3456} INFO - Setting next_dagrun for example_short_circuit_operator to 2023-04-27T11:37:14.198622+00:00, run_after=2023-04-28T11:37:14.198622+00:00
[2023-04-28T11:37:14.224+0000] {processor.py:175} INFO - Processing /home/airflow/.local/lib/python3.7/site-packages/airflow/example_dags/example_short_circuit_operator.py took 0.136 seconds
[2023-04-28T11:37:45.008+0000] {processor.py:153} INFO - Started process (PID=5990) to work on /home/airflow/.local/lib/python3.7/site-packages/airflow/example_dags/example_short_circuit_operator.py
[2023-04-28T11:37:45.010+0000] {processor.py:743} INFO - Processing file /home/airflow/.local/lib/python3.7/site-packages/airflow/example_dags/example_short_circuit_operator.py for tasks to queue
[2023-04-28T11:37:45.012+0000] {logging_mixin.py:137} INFO - [2023-04-28T11:37:45.012+0000] {dagbag.py:532} INFO - Filling up the DagBag from /home/airflow/.local/lib/python3.7/site-packages/airflow/example_dags/example_short_circuit_operator.py
[2023-04-28T11:37:45.038+0000] {processor.py:753} INFO - DAG(s) dict_keys(['example_short_circuit_operator']) retrieved from /home/airflow/.local/lib/python3.7/site-packages/airflow/example_dags/example_short_circuit_operator.py
[2023-04-28T11:37:45.080+0000] {logging_mixin.py:137} INFO - [2023-04-28T11:37:45.080+0000] {dag.py:2705} INFO - Sync 1 DAGs
[2023-04-28T11:37:45.125+0000] {logging_mixin.py:137} INFO - [2023-04-28T11:37:45.125+0000] {dag.py:3456} INFO - Setting next_dagrun for example_short_circuit_operator to 2023-04-27T11:37:45.124764+00:00, run_after=2023-04-28T11:37:45.124764+00:00
[2023-04-28T11:37:45.156+0000] {processor.py:175} INFO - Processing /home/airflow/.local/lib/python3.7/site-packages/airflow/example_dags/example_short_circuit_operator.py took 0.153 seconds
[2023-04-28T11:38:15.269+0000] {processor.py:153} INFO - Started process (PID=6215) to work on /home/airflow/.local/lib/python3.7/site-packages/airflow/example_dags/example_short_circuit_operator.py
[2023-04-28T11:38:15.272+0000] {processor.py:743} INFO - Processing file /home/airflow/.local/lib/python3.7/site-packages/airflow/example_dags/example_short_circuit_operator.py for tasks to queue
[2023-04-28T11:38:15.274+0000] {logging_mixin.py:137} INFO - [2023-04-28T11:38:15.274+0000] {dagbag.py:532} INFO - Filling up the DagBag from /home/airflow/.local/lib/python3.7/site-packages/airflow/example_dags/example_short_circuit_operator.py
[2023-04-28T11:38:15.298+0000] {processor.py:753} INFO - DAG(s) dict_keys(['example_short_circuit_operator']) retrieved from /home/airflow/.local/lib/python3.7/site-packages/airflow/example_dags/example_short_circuit_operator.py
[2023-04-28T11:38:15.339+0000] {logging_mixin.py:137} INFO - [2023-04-28T11:38:15.339+0000] {dag.py:2705} INFO - Sync 1 DAGs
[2023-04-28T11:38:15.378+0000] {logging_mixin.py:137} INFO - [2023-04-28T11:38:15.377+0000] {dag.py:3456} INFO - Setting next_dagrun for example_short_circuit_operator to 2023-04-27T11:38:15.377589+00:00, run_after=2023-04-28T11:38:15.377589+00:00
[2023-04-28T11:38:15.405+0000] {processor.py:175} INFO - Processing /home/airflow/.local/lib/python3.7/site-packages/airflow/example_dags/example_short_circuit_operator.py took 0.141 seconds
[2023-04-28T11:38:46.022+0000] {processor.py:153} INFO - Started process (PID=6433) to work on /home/airflow/.local/lib/python3.7/site-packages/airflow/example_dags/example_short_circuit_operator.py
[2023-04-28T11:38:46.025+0000] {processor.py:743} INFO - Processing file /home/airflow/.local/lib/python3.7/site-packages/airflow/example_dags/example_short_circuit_operator.py for tasks to queue
[2023-04-28T11:38:46.027+0000] {logging_mixin.py:137} INFO - [2023-04-28T11:38:46.026+0000] {dagbag.py:532} INFO - Filling up the DagBag from /home/airflow/.local/lib/python3.7/site-packages/airflow/example_dags/example_short_circuit_operator.py
[2023-04-28T11:38:46.050+0000] {processor.py:753} INFO - DAG(s) dict_keys(['example_short_circuit_operator']) retrieved from /home/airflow/.local/lib/python3.7/site-packages/airflow/example_dags/example_short_circuit_operator.py
[2023-04-28T11:38:46.112+0000] {logging_mixin.py:137} INFO - [2023-04-28T11:38:46.111+0000] {dag.py:2705} INFO - Sync 1 DAGs
[2023-04-28T11:38:46.199+0000] {logging_mixin.py:137} INFO - [2023-04-28T11:38:46.198+0000] {dag.py:3456} INFO - Setting next_dagrun for example_short_circuit_operator to 2023-04-27T11:38:46.198460+00:00, run_after=2023-04-28T11:38:46.198460+00:00
[2023-04-28T11:38:46.254+0000] {processor.py:175} INFO - Processing /home/airflow/.local/lib/python3.7/site-packages/airflow/example_dags/example_short_circuit_operator.py took 0.238 seconds
[2023-04-28T11:39:16.914+0000] {processor.py:153} INFO - Started process (PID=6650) to work on /home/airflow/.local/lib/python3.7/site-packages/airflow/example_dags/example_short_circuit_operator.py
[2023-04-28T11:39:16.917+0000] {processor.py:743} INFO - Processing file /home/airflow/.local/lib/python3.7/site-packages/airflow/example_dags/example_short_circuit_operator.py for tasks to queue
[2023-04-28T11:39:16.919+0000] {logging_mixin.py:137} INFO - [2023-04-28T11:39:16.919+0000] {dagbag.py:532} INFO - Filling up the DagBag from /home/airflow/.local/lib/python3.7/site-packages/airflow/example_dags/example_short_circuit_operator.py
[2023-04-28T11:39:16.943+0000] {processor.py:753} INFO - DAG(s) dict_keys(['example_short_circuit_operator']) retrieved from /home/airflow/.local/lib/python3.7/site-packages/airflow/example_dags/example_short_circuit_operator.py
[2023-04-28T11:39:16.985+0000] {logging_mixin.py:137} INFO - [2023-04-28T11:39:16.985+0000] {dag.py:2705} INFO - Sync 1 DAGs
[2023-04-28T11:39:17.020+0000] {logging_mixin.py:137} INFO - [2023-04-28T11:39:17.019+0000] {dag.py:3456} INFO - Setting next_dagrun for example_short_circuit_operator to 2023-04-27T11:39:17.019596+00:00, run_after=2023-04-28T11:39:17.019596+00:00
[2023-04-28T11:39:17.046+0000] {processor.py:175} INFO - Processing /home/airflow/.local/lib/python3.7/site-packages/airflow/example_dags/example_short_circuit_operator.py took 0.137 seconds
[2023-04-28T11:39:47.569+0000] {processor.py:153} INFO - Started process (PID=6883) to work on /home/airflow/.local/lib/python3.7/site-packages/airflow/example_dags/example_short_circuit_operator.py
[2023-04-28T11:39:47.571+0000] {processor.py:743} INFO - Processing file /home/airflow/.local/lib/python3.7/site-packages/airflow/example_dags/example_short_circuit_operator.py for tasks to queue
[2023-04-28T11:39:47.573+0000] {logging_mixin.py:137} INFO - [2023-04-28T11:39:47.573+0000] {dagbag.py:532} INFO - Filling up the DagBag from /home/airflow/.local/lib/python3.7/site-packages/airflow/example_dags/example_short_circuit_operator.py
[2023-04-28T11:39:47.596+0000] {processor.py:753} INFO - DAG(s) dict_keys(['example_short_circuit_operator']) retrieved from /home/airflow/.local/lib/python3.7/site-packages/airflow/example_dags/example_short_circuit_operator.py
[2023-04-28T11:39:47.636+0000] {logging_mixin.py:137} INFO - [2023-04-28T11:39:47.636+0000] {dag.py:2705} INFO - Sync 1 DAGs
[2023-04-28T11:39:47.670+0000] {logging_mixin.py:137} INFO - [2023-04-28T11:39:47.669+0000] {dag.py:3456} INFO - Setting next_dagrun for example_short_circuit_operator to 2023-04-27T11:39:47.669668+00:00, run_after=2023-04-28T11:39:47.669668+00:00
[2023-04-28T11:39:47.695+0000] {processor.py:175} INFO - Processing /home/airflow/.local/lib/python3.7/site-packages/airflow/example_dags/example_short_circuit_operator.py took 0.131 seconds
[2023-04-28T11:40:17.872+0000] {processor.py:153} INFO - Started process (PID=7105) to work on /home/airflow/.local/lib/python3.7/site-packages/airflow/example_dags/example_short_circuit_operator.py
[2023-04-28T11:40:17.874+0000] {processor.py:743} INFO - Processing file /home/airflow/.local/lib/python3.7/site-packages/airflow/example_dags/example_short_circuit_operator.py for tasks to queue
[2023-04-28T11:40:17.876+0000] {logging_mixin.py:137} INFO - [2023-04-28T11:40:17.876+0000] {dagbag.py:532} INFO - Filling up the DagBag from /home/airflow/.local/lib/python3.7/site-packages/airflow/example_dags/example_short_circuit_operator.py
[2023-04-28T11:40:17.900+0000] {processor.py:753} INFO - DAG(s) dict_keys(['example_short_circuit_operator']) retrieved from /home/airflow/.local/lib/python3.7/site-packages/airflow/example_dags/example_short_circuit_operator.py
[2023-04-28T11:40:17.940+0000] {logging_mixin.py:137} INFO - [2023-04-28T11:40:17.940+0000] {dag.py:2705} INFO - Sync 1 DAGs
[2023-04-28T11:40:17.975+0000] {logging_mixin.py:137} INFO - [2023-04-28T11:40:17.974+0000] {dag.py:3456} INFO - Setting next_dagrun for example_short_circuit_operator to 2023-04-27T11:40:17.974699+00:00, run_after=2023-04-28T11:40:17.974699+00:00
[2023-04-28T11:40:18.012+0000] {processor.py:175} INFO - Processing /home/airflow/.local/lib/python3.7/site-packages/airflow/example_dags/example_short_circuit_operator.py took 0.145 seconds
[2023-04-28T11:40:49.700+0000] {processor.py:153} INFO - Started process (PID=7278) to work on /home/airflow/.local/lib/python3.7/site-packages/airflow/example_dags/example_short_circuit_operator.py
[2023-04-28T11:40:49.705+0000] {processor.py:743} INFO - Processing file /home/airflow/.local/lib/python3.7/site-packages/airflow/example_dags/example_short_circuit_operator.py for tasks to queue
[2023-04-28T11:40:49.711+0000] {logging_mixin.py:137} INFO - [2023-04-28T11:40:49.710+0000] {dagbag.py:532} INFO - Filling up the DagBag from /home/airflow/.local/lib/python3.7/site-packages/airflow/example_dags/example_short_circuit_operator.py
[2023-04-28T11:40:49.755+0000] {processor.py:753} INFO - DAG(s) dict_keys(['example_short_circuit_operator']) retrieved from /home/airflow/.local/lib/python3.7/site-packages/airflow/example_dags/example_short_circuit_operator.py
[2023-04-28T11:40:49.821+0000] {logging_mixin.py:137} INFO - [2023-04-28T11:40:49.821+0000] {dag.py:2705} INFO - Sync 1 DAGs
[2023-04-28T11:40:49.875+0000] {logging_mixin.py:137} INFO - [2023-04-28T11:40:49.875+0000] {dag.py:3456} INFO - Setting next_dagrun for example_short_circuit_operator to 2023-04-27T11:40:49.874966+00:00, run_after=2023-04-28T11:40:49.874966+00:00
[2023-04-28T11:40:49.923+0000] {processor.py:175} INFO - Processing /home/airflow/.local/lib/python3.7/site-packages/airflow/example_dags/example_short_circuit_operator.py took 0.233 seconds
