[2023-04-28T11:24:22.444+0000] {processor.py:153} INFO - Started process (PID=169) to work on /home/airflow/.local/lib/python3.7/site-packages/airflow/example_dags/example_latest_only_with_trigger.py
[2023-04-28T11:24:22.448+0000] {processor.py:743} INFO - Processing file /home/airflow/.local/lib/python3.7/site-packages/airflow/example_dags/example_latest_only_with_trigger.py for tasks to queue
[2023-04-28T11:24:22.450+0000] {logging_mixin.py:137} INFO - [2023-04-28T11:24:22.450+0000] {dagbag.py:532} INFO - Filling up the DagBag from /home/airflow/.local/lib/python3.7/site-packages/airflow/example_dags/example_latest_only_with_trigger.py
[2023-04-28T11:24:22.484+0000] {processor.py:753} INFO - DAG(s) dict_keys(['latest_only_with_trigger']) retrieved from /home/airflow/.local/lib/python3.7/site-packages/airflow/example_dags/example_latest_only_with_trigger.py
[2023-04-28T11:24:22.519+0000] {logging_mixin.py:137} INFO - [2023-04-28T11:24:22.519+0000] {dag.py:2705} INFO - Sync 1 DAGs
[2023-04-28T11:24:22.555+0000] {logging_mixin.py:137} INFO - [2023-04-28T11:24:22.555+0000] {dag.py:3456} INFO - Setting next_dagrun for latest_only_with_trigger to 2023-04-28T07:24:22.554764+00:00, run_after=2023-04-28T11:24:22.554764+00:00
[2023-04-28T11:24:22.578+0000] {processor.py:175} INFO - Processing /home/airflow/.local/lib/python3.7/site-packages/airflow/example_dags/example_latest_only_with_trigger.py took 0.140 seconds
[2023-04-28T11:24:52.644+0000] {processor.py:153} INFO - Started process (PID=388) to work on /home/airflow/.local/lib/python3.7/site-packages/airflow/example_dags/example_latest_only_with_trigger.py
[2023-04-28T11:24:52.647+0000] {processor.py:743} INFO - Processing file /home/airflow/.local/lib/python3.7/site-packages/airflow/example_dags/example_latest_only_with_trigger.py for tasks to queue
[2023-04-28T11:24:52.648+0000] {logging_mixin.py:137} INFO - [2023-04-28T11:24:52.648+0000] {dagbag.py:532} INFO - Filling up the DagBag from /home/airflow/.local/lib/python3.7/site-packages/airflow/example_dags/example_latest_only_with_trigger.py
[2023-04-28T11:24:52.666+0000] {processor.py:753} INFO - DAG(s) dict_keys(['latest_only_with_trigger']) retrieved from /home/airflow/.local/lib/python3.7/site-packages/airflow/example_dags/example_latest_only_with_trigger.py
[2023-04-28T11:24:52.697+0000] {logging_mixin.py:137} INFO - [2023-04-28T11:24:52.697+0000] {dag.py:2705} INFO - Sync 1 DAGs
[2023-04-28T11:24:52.727+0000] {logging_mixin.py:137} INFO - [2023-04-28T11:24:52.727+0000] {dag.py:3456} INFO - Setting next_dagrun for latest_only_with_trigger to 2023-04-28T07:24:52.727577+00:00, run_after=2023-04-28T11:24:52.727577+00:00
[2023-04-28T11:24:52.748+0000] {processor.py:175} INFO - Processing /home/airflow/.local/lib/python3.7/site-packages/airflow/example_dags/example_latest_only_with_trigger.py took 0.108 seconds
[2023-04-28T11:25:23.580+0000] {processor.py:153} INFO - Started process (PID=606) to work on /home/airflow/.local/lib/python3.7/site-packages/airflow/example_dags/example_latest_only_with_trigger.py
[2023-04-28T11:25:23.583+0000] {processor.py:743} INFO - Processing file /home/airflow/.local/lib/python3.7/site-packages/airflow/example_dags/example_latest_only_with_trigger.py for tasks to queue
[2023-04-28T11:25:23.585+0000] {logging_mixin.py:137} INFO - [2023-04-28T11:25:23.584+0000] {dagbag.py:532} INFO - Filling up the DagBag from /home/airflow/.local/lib/python3.7/site-packages/airflow/example_dags/example_latest_only_with_trigger.py
[2023-04-28T11:25:23.605+0000] {processor.py:753} INFO - DAG(s) dict_keys(['latest_only_with_trigger']) retrieved from /home/airflow/.local/lib/python3.7/site-packages/airflow/example_dags/example_latest_only_with_trigger.py
[2023-04-28T11:25:23.636+0000] {logging_mixin.py:137} INFO - [2023-04-28T11:25:23.636+0000] {dag.py:2705} INFO - Sync 1 DAGs
[2023-04-28T11:25:23.667+0000] {logging_mixin.py:137} INFO - [2023-04-28T11:25:23.666+0000] {dag.py:3456} INFO - Setting next_dagrun for latest_only_with_trigger to 2023-04-28T07:25:23.666535+00:00, run_after=2023-04-28T11:25:23.666535+00:00
[2023-04-28T11:25:23.690+0000] {processor.py:175} INFO - Processing /home/airflow/.local/lib/python3.7/site-packages/airflow/example_dags/example_latest_only_with_trigger.py took 0.116 seconds
[2023-04-28T11:25:54.008+0000] {processor.py:153} INFO - Started process (PID=824) to work on /home/airflow/.local/lib/python3.7/site-packages/airflow/example_dags/example_latest_only_with_trigger.py
[2023-04-28T11:25:54.013+0000] {processor.py:743} INFO - Processing file /home/airflow/.local/lib/python3.7/site-packages/airflow/example_dags/example_latest_only_with_trigger.py for tasks to queue
[2023-04-28T11:25:54.016+0000] {logging_mixin.py:137} INFO - [2023-04-28T11:25:54.016+0000] {dagbag.py:532} INFO - Filling up the DagBag from /home/airflow/.local/lib/python3.7/site-packages/airflow/example_dags/example_latest_only_with_trigger.py
[2023-04-28T11:25:54.046+0000] {processor.py:753} INFO - DAG(s) dict_keys(['latest_only_with_trigger']) retrieved from /home/airflow/.local/lib/python3.7/site-packages/airflow/example_dags/example_latest_only_with_trigger.py
[2023-04-28T11:25:54.100+0000] {logging_mixin.py:137} INFO - [2023-04-28T11:25:54.100+0000] {dag.py:2705} INFO - Sync 1 DAGs
[2023-04-28T11:25:54.149+0000] {logging_mixin.py:137} INFO - [2023-04-28T11:25:54.148+0000] {dag.py:3456} INFO - Setting next_dagrun for latest_only_with_trigger to 2023-04-28T07:25:54.148618+00:00, run_after=2023-04-28T11:25:54.148618+00:00
[2023-04-28T11:25:54.189+0000] {processor.py:175} INFO - Processing /home/airflow/.local/lib/python3.7/site-packages/airflow/example_dags/example_latest_only_with_trigger.py took 0.189 seconds
[2023-04-28T11:26:24.278+0000] {processor.py:153} INFO - Started process (PID=1042) to work on /home/airflow/.local/lib/python3.7/site-packages/airflow/example_dags/example_latest_only_with_trigger.py
[2023-04-28T11:26:24.281+0000] {processor.py:743} INFO - Processing file /home/airflow/.local/lib/python3.7/site-packages/airflow/example_dags/example_latest_only_with_trigger.py for tasks to queue
[2023-04-28T11:26:24.283+0000] {logging_mixin.py:137} INFO - [2023-04-28T11:26:24.283+0000] {dagbag.py:532} INFO - Filling up the DagBag from /home/airflow/.local/lib/python3.7/site-packages/airflow/example_dags/example_latest_only_with_trigger.py
[2023-04-28T11:26:24.303+0000] {processor.py:753} INFO - DAG(s) dict_keys(['latest_only_with_trigger']) retrieved from /home/airflow/.local/lib/python3.7/site-packages/airflow/example_dags/example_latest_only_with_trigger.py
[2023-04-28T11:26:24.336+0000] {logging_mixin.py:137} INFO - [2023-04-28T11:26:24.336+0000] {dag.py:2705} INFO - Sync 1 DAGs
[2023-04-28T11:26:24.368+0000] {logging_mixin.py:137} INFO - [2023-04-28T11:26:24.368+0000] {dag.py:3456} INFO - Setting next_dagrun for latest_only_with_trigger to 2023-04-28T07:26:24.367853+00:00, run_after=2023-04-28T11:26:24.367853+00:00
[2023-04-28T11:26:24.390+0000] {processor.py:175} INFO - Processing /home/airflow/.local/lib/python3.7/site-packages/airflow/example_dags/example_latest_only_with_trigger.py took 0.117 seconds
[2023-04-28T11:26:54.841+0000] {processor.py:153} INFO - Started process (PID=1260) to work on /home/airflow/.local/lib/python3.7/site-packages/airflow/example_dags/example_latest_only_with_trigger.py
[2023-04-28T11:26:54.844+0000] {processor.py:743} INFO - Processing file /home/airflow/.local/lib/python3.7/site-packages/airflow/example_dags/example_latest_only_with_trigger.py for tasks to queue
[2023-04-28T11:26:54.848+0000] {logging_mixin.py:137} INFO - [2023-04-28T11:26:54.848+0000] {dagbag.py:532} INFO - Filling up the DagBag from /home/airflow/.local/lib/python3.7/site-packages/airflow/example_dags/example_latest_only_with_trigger.py
[2023-04-28T11:26:54.880+0000] {processor.py:753} INFO - DAG(s) dict_keys(['latest_only_with_trigger']) retrieved from /home/airflow/.local/lib/python3.7/site-packages/airflow/example_dags/example_latest_only_with_trigger.py
[2023-04-28T11:26:54.930+0000] {logging_mixin.py:137} INFO - [2023-04-28T11:26:54.930+0000] {dag.py:2705} INFO - Sync 1 DAGs
[2023-04-28T11:26:54.977+0000] {logging_mixin.py:137} INFO - [2023-04-28T11:26:54.977+0000] {dag.py:3456} INFO - Setting next_dagrun for latest_only_with_trigger to 2023-04-28T07:26:54.976751+00:00, run_after=2023-04-28T11:26:54.976751+00:00
[2023-04-28T11:26:55.020+0000] {processor.py:175} INFO - Processing /home/airflow/.local/lib/python3.7/site-packages/airflow/example_dags/example_latest_only_with_trigger.py took 0.188 seconds
[2023-04-28T11:27:25.161+0000] {processor.py:153} INFO - Started process (PID=1478) to work on /home/airflow/.local/lib/python3.7/site-packages/airflow/example_dags/example_latest_only_with_trigger.py
[2023-04-28T11:27:25.163+0000] {processor.py:743} INFO - Processing file /home/airflow/.local/lib/python3.7/site-packages/airflow/example_dags/example_latest_only_with_trigger.py for tasks to queue
[2023-04-28T11:27:25.165+0000] {logging_mixin.py:137} INFO - [2023-04-28T11:27:25.165+0000] {dagbag.py:532} INFO - Filling up the DagBag from /home/airflow/.local/lib/python3.7/site-packages/airflow/example_dags/example_latest_only_with_trigger.py
[2023-04-28T11:27:25.183+0000] {processor.py:753} INFO - DAG(s) dict_keys(['latest_only_with_trigger']) retrieved from /home/airflow/.local/lib/python3.7/site-packages/airflow/example_dags/example_latest_only_with_trigger.py
[2023-04-28T11:27:25.214+0000] {logging_mixin.py:137} INFO - [2023-04-28T11:27:25.214+0000] {dag.py:2705} INFO - Sync 1 DAGs
[2023-04-28T11:27:25.242+0000] {logging_mixin.py:137} INFO - [2023-04-28T11:27:25.242+0000] {dag.py:3456} INFO - Setting next_dagrun for latest_only_with_trigger to 2023-04-28T07:27:25.242212+00:00, run_after=2023-04-28T11:27:25.242212+00:00
[2023-04-28T11:27:25.263+0000] {processor.py:175} INFO - Processing /home/airflow/.local/lib/python3.7/site-packages/airflow/example_dags/example_latest_only_with_trigger.py took 0.108 seconds
[2023-04-28T11:27:55.397+0000] {processor.py:153} INFO - Started process (PID=1696) to work on /home/airflow/.local/lib/python3.7/site-packages/airflow/example_dags/example_latest_only_with_trigger.py
[2023-04-28T11:27:55.400+0000] {processor.py:743} INFO - Processing file /home/airflow/.local/lib/python3.7/site-packages/airflow/example_dags/example_latest_only_with_trigger.py for tasks to queue
[2023-04-28T11:27:55.402+0000] {logging_mixin.py:137} INFO - [2023-04-28T11:27:55.402+0000] {dagbag.py:532} INFO - Filling up the DagBag from /home/airflow/.local/lib/python3.7/site-packages/airflow/example_dags/example_latest_only_with_trigger.py
[2023-04-28T11:27:55.423+0000] {processor.py:753} INFO - DAG(s) dict_keys(['latest_only_with_trigger']) retrieved from /home/airflow/.local/lib/python3.7/site-packages/airflow/example_dags/example_latest_only_with_trigger.py
[2023-04-28T11:27:55.460+0000] {logging_mixin.py:137} INFO - [2023-04-28T11:27:55.460+0000] {dag.py:2705} INFO - Sync 1 DAGs
[2023-04-28T11:27:55.494+0000] {logging_mixin.py:137} INFO - [2023-04-28T11:27:55.493+0000] {dag.py:3456} INFO - Setting next_dagrun for latest_only_with_trigger to 2023-04-28T07:27:55.493712+00:00, run_after=2023-04-28T11:27:55.493712+00:00
[2023-04-28T11:27:55.519+0000] {processor.py:175} INFO - Processing /home/airflow/.local/lib/python3.7/site-packages/airflow/example_dags/example_latest_only_with_trigger.py took 0.126 seconds
[2023-04-28T11:28:25.625+0000] {processor.py:153} INFO - Started process (PID=1914) to work on /home/airflow/.local/lib/python3.7/site-packages/airflow/example_dags/example_latest_only_with_trigger.py
[2023-04-28T11:28:25.630+0000] {processor.py:743} INFO - Processing file /home/airflow/.local/lib/python3.7/site-packages/airflow/example_dags/example_latest_only_with_trigger.py for tasks to queue
[2023-04-28T11:28:25.644+0000] {logging_mixin.py:137} INFO - [2023-04-28T11:28:25.643+0000] {dagbag.py:532} INFO - Filling up the DagBag from /home/airflow/.local/lib/python3.7/site-packages/airflow/example_dags/example_latest_only_with_trigger.py
[2023-04-28T11:28:25.712+0000] {processor.py:753} INFO - DAG(s) dict_keys(['latest_only_with_trigger']) retrieved from /home/airflow/.local/lib/python3.7/site-packages/airflow/example_dags/example_latest_only_with_trigger.py
[2023-04-28T11:28:25.769+0000] {logging_mixin.py:137} INFO - [2023-04-28T11:28:25.768+0000] {dag.py:2705} INFO - Sync 1 DAGs
[2023-04-28T11:28:25.821+0000] {logging_mixin.py:137} INFO - [2023-04-28T11:28:25.821+0000] {dag.py:3456} INFO - Setting next_dagrun for latest_only_with_trigger to 2023-04-28T07:28:25.820658+00:00, run_after=2023-04-28T11:28:25.820658+00:00
[2023-04-28T11:28:25.856+0000] {processor.py:175} INFO - Processing /home/airflow/.local/lib/python3.7/site-packages/airflow/example_dags/example_latest_only_with_trigger.py took 0.238 seconds
[2023-04-28T11:28:55.968+0000] {processor.py:153} INFO - Started process (PID=2132) to work on /home/airflow/.local/lib/python3.7/site-packages/airflow/example_dags/example_latest_only_with_trigger.py
[2023-04-28T11:28:55.971+0000] {processor.py:743} INFO - Processing file /home/airflow/.local/lib/python3.7/site-packages/airflow/example_dags/example_latest_only_with_trigger.py for tasks to queue
[2023-04-28T11:28:55.974+0000] {logging_mixin.py:137} INFO - [2023-04-28T11:28:55.973+0000] {dagbag.py:532} INFO - Filling up the DagBag from /home/airflow/.local/lib/python3.7/site-packages/airflow/example_dags/example_latest_only_with_trigger.py
[2023-04-28T11:28:55.996+0000] {processor.py:753} INFO - DAG(s) dict_keys(['latest_only_with_trigger']) retrieved from /home/airflow/.local/lib/python3.7/site-packages/airflow/example_dags/example_latest_only_with_trigger.py
[2023-04-28T11:28:56.035+0000] {logging_mixin.py:137} INFO - [2023-04-28T11:28:56.035+0000] {dag.py:2705} INFO - Sync 1 DAGs
[2023-04-28T11:28:56.071+0000] {logging_mixin.py:137} INFO - [2023-04-28T11:28:56.071+0000] {dag.py:3456} INFO - Setting next_dagrun for latest_only_with_trigger to 2023-04-28T07:28:56.070911+00:00, run_after=2023-04-28T11:28:56.070911+00:00
[2023-04-28T11:28:56.096+0000] {processor.py:175} INFO - Processing /home/airflow/.local/lib/python3.7/site-packages/airflow/example_dags/example_latest_only_with_trigger.py took 0.135 seconds
[2023-04-28T11:29:26.477+0000] {processor.py:153} INFO - Started process (PID=2350) to work on /home/airflow/.local/lib/python3.7/site-packages/airflow/example_dags/example_latest_only_with_trigger.py
[2023-04-28T11:29:26.484+0000] {processor.py:743} INFO - Processing file /home/airflow/.local/lib/python3.7/site-packages/airflow/example_dags/example_latest_only_with_trigger.py for tasks to queue
[2023-04-28T11:29:26.488+0000] {logging_mixin.py:137} INFO - [2023-04-28T11:29:26.488+0000] {dagbag.py:532} INFO - Filling up the DagBag from /home/airflow/.local/lib/python3.7/site-packages/airflow/example_dags/example_latest_only_with_trigger.py
[2023-04-28T11:29:26.533+0000] {processor.py:753} INFO - DAG(s) dict_keys(['latest_only_with_trigger']) retrieved from /home/airflow/.local/lib/python3.7/site-packages/airflow/example_dags/example_latest_only_with_trigger.py
[2023-04-28T11:29:26.604+0000] {logging_mixin.py:137} INFO - [2023-04-28T11:29:26.604+0000] {dag.py:2705} INFO - Sync 1 DAGs
[2023-04-28T11:29:26.645+0000] {logging_mixin.py:137} INFO - [2023-04-28T11:29:26.645+0000] {dag.py:3456} INFO - Setting next_dagrun for latest_only_with_trigger to 2023-04-28T07:29:26.645148+00:00, run_after=2023-04-28T11:29:26.645148+00:00
[2023-04-28T11:29:26.676+0000] {processor.py:175} INFO - Processing /home/airflow/.local/lib/python3.7/site-packages/airflow/example_dags/example_latest_only_with_trigger.py took 0.211 seconds
[2023-04-28T11:29:56.930+0000] {processor.py:153} INFO - Started process (PID=2568) to work on /home/airflow/.local/lib/python3.7/site-packages/airflow/example_dags/example_latest_only_with_trigger.py
[2023-04-28T11:29:56.933+0000] {processor.py:743} INFO - Processing file /home/airflow/.local/lib/python3.7/site-packages/airflow/example_dags/example_latest_only_with_trigger.py for tasks to queue
[2023-04-28T11:29:56.935+0000] {logging_mixin.py:137} INFO - [2023-04-28T11:29:56.935+0000] {dagbag.py:532} INFO - Filling up the DagBag from /home/airflow/.local/lib/python3.7/site-packages/airflow/example_dags/example_latest_only_with_trigger.py
[2023-04-28T11:29:56.956+0000] {processor.py:753} INFO - DAG(s) dict_keys(['latest_only_with_trigger']) retrieved from /home/airflow/.local/lib/python3.7/site-packages/airflow/example_dags/example_latest_only_with_trigger.py
[2023-04-28T11:29:56.998+0000] {logging_mixin.py:137} INFO - [2023-04-28T11:29:56.997+0000] {dag.py:2705} INFO - Sync 1 DAGs
[2023-04-28T11:29:57.033+0000] {logging_mixin.py:137} INFO - [2023-04-28T11:29:57.033+0000] {dag.py:3456} INFO - Setting next_dagrun for latest_only_with_trigger to 2023-04-28T07:29:57.032810+00:00, run_after=2023-04-28T11:29:57.032810+00:00
[2023-04-28T11:29:57.060+0000] {processor.py:175} INFO - Processing /home/airflow/.local/lib/python3.7/site-packages/airflow/example_dags/example_latest_only_with_trigger.py took 0.135 seconds
[2023-04-28T11:30:27.352+0000] {processor.py:153} INFO - Started process (PID=2786) to work on /home/airflow/.local/lib/python3.7/site-packages/airflow/example_dags/example_latest_only_with_trigger.py
[2023-04-28T11:30:27.354+0000] {processor.py:743} INFO - Processing file /home/airflow/.local/lib/python3.7/site-packages/airflow/example_dags/example_latest_only_with_trigger.py for tasks to queue
[2023-04-28T11:30:27.356+0000] {logging_mixin.py:137} INFO - [2023-04-28T11:30:27.356+0000] {dagbag.py:532} INFO - Filling up the DagBag from /home/airflow/.local/lib/python3.7/site-packages/airflow/example_dags/example_latest_only_with_trigger.py
[2023-04-28T11:30:27.377+0000] {processor.py:753} INFO - DAG(s) dict_keys(['latest_only_with_trigger']) retrieved from /home/airflow/.local/lib/python3.7/site-packages/airflow/example_dags/example_latest_only_with_trigger.py
[2023-04-28T11:30:27.413+0000] {logging_mixin.py:137} INFO - [2023-04-28T11:30:27.413+0000] {dag.py:2705} INFO - Sync 1 DAGs
[2023-04-28T11:30:27.448+0000] {logging_mixin.py:137} INFO - [2023-04-28T11:30:27.448+0000] {dag.py:3456} INFO - Setting next_dagrun for latest_only_with_trigger to 2023-04-28T07:30:27.448531+00:00, run_after=2023-04-28T11:30:27.448531+00:00
[2023-04-28T11:30:27.473+0000] {processor.py:175} INFO - Processing /home/airflow/.local/lib/python3.7/site-packages/airflow/example_dags/example_latest_only_with_trigger.py took 0.126 seconds
[2023-04-28T11:30:57.988+0000] {processor.py:153} INFO - Started process (PID=3004) to work on /home/airflow/.local/lib/python3.7/site-packages/airflow/example_dags/example_latest_only_with_trigger.py
[2023-04-28T11:30:57.991+0000] {processor.py:743} INFO - Processing file /home/airflow/.local/lib/python3.7/site-packages/airflow/example_dags/example_latest_only_with_trigger.py for tasks to queue
[2023-04-28T11:30:57.993+0000] {logging_mixin.py:137} INFO - [2023-04-28T11:30:57.993+0000] {dagbag.py:532} INFO - Filling up the DagBag from /home/airflow/.local/lib/python3.7/site-packages/airflow/example_dags/example_latest_only_with_trigger.py
[2023-04-28T11:30:58.012+0000] {processor.py:753} INFO - DAG(s) dict_keys(['latest_only_with_trigger']) retrieved from /home/airflow/.local/lib/python3.7/site-packages/airflow/example_dags/example_latest_only_with_trigger.py
[2023-04-28T11:30:58.048+0000] {logging_mixin.py:137} INFO - [2023-04-28T11:30:58.048+0000] {dag.py:2705} INFO - Sync 1 DAGs
[2023-04-28T11:30:58.082+0000] {logging_mixin.py:137} INFO - [2023-04-28T11:30:58.082+0000] {dag.py:3456} INFO - Setting next_dagrun for latest_only_with_trigger to 2023-04-28T07:30:58.081805+00:00, run_after=2023-04-28T11:30:58.081805+00:00
[2023-04-28T11:30:58.106+0000] {processor.py:175} INFO - Processing /home/airflow/.local/lib/python3.7/site-packages/airflow/example_dags/example_latest_only_with_trigger.py took 0.123 seconds
[2023-04-28T11:31:28.775+0000] {processor.py:153} INFO - Started process (PID=3221) to work on /home/airflow/.local/lib/python3.7/site-packages/airflow/example_dags/example_latest_only_with_trigger.py
[2023-04-28T11:31:28.778+0000] {processor.py:743} INFO - Processing file /home/airflow/.local/lib/python3.7/site-packages/airflow/example_dags/example_latest_only_with_trigger.py for tasks to queue
[2023-04-28T11:31:28.779+0000] {logging_mixin.py:137} INFO - [2023-04-28T11:31:28.779+0000] {dagbag.py:532} INFO - Filling up the DagBag from /home/airflow/.local/lib/python3.7/site-packages/airflow/example_dags/example_latest_only_with_trigger.py
[2023-04-28T11:31:28.800+0000] {processor.py:753} INFO - DAG(s) dict_keys(['latest_only_with_trigger']) retrieved from /home/airflow/.local/lib/python3.7/site-packages/airflow/example_dags/example_latest_only_with_trigger.py
[2023-04-28T11:31:28.834+0000] {logging_mixin.py:137} INFO - [2023-04-28T11:31:28.834+0000] {dag.py:2705} INFO - Sync 1 DAGs
[2023-04-28T11:31:28.868+0000] {logging_mixin.py:137} INFO - [2023-04-28T11:31:28.867+0000] {dag.py:3456} INFO - Setting next_dagrun for latest_only_with_trigger to 2023-04-28T07:31:28.867602+00:00, run_after=2023-04-28T11:31:28.867602+00:00
[2023-04-28T11:31:28.892+0000] {processor.py:175} INFO - Processing /home/airflow/.local/lib/python3.7/site-packages/airflow/example_dags/example_latest_only_with_trigger.py took 0.122 seconds
[2023-04-28T11:31:59.174+0000] {processor.py:153} INFO - Started process (PID=3439) to work on /home/airflow/.local/lib/python3.7/site-packages/airflow/example_dags/example_latest_only_with_trigger.py
[2023-04-28T11:31:59.176+0000] {processor.py:743} INFO - Processing file /home/airflow/.local/lib/python3.7/site-packages/airflow/example_dags/example_latest_only_with_trigger.py for tasks to queue
[2023-04-28T11:31:59.179+0000] {logging_mixin.py:137} INFO - [2023-04-28T11:31:59.179+0000] {dagbag.py:532} INFO - Filling up the DagBag from /home/airflow/.local/lib/python3.7/site-packages/airflow/example_dags/example_latest_only_with_trigger.py
[2023-04-28T11:31:59.198+0000] {processor.py:753} INFO - DAG(s) dict_keys(['latest_only_with_trigger']) retrieved from /home/airflow/.local/lib/python3.7/site-packages/airflow/example_dags/example_latest_only_with_trigger.py
[2023-04-28T11:31:59.231+0000] {logging_mixin.py:137} INFO - [2023-04-28T11:31:59.231+0000] {dag.py:2705} INFO - Sync 1 DAGs
[2023-04-28T11:31:59.261+0000] {logging_mixin.py:137} INFO - [2023-04-28T11:31:59.260+0000] {dag.py:3456} INFO - Setting next_dagrun for latest_only_with_trigger to 2023-04-28T07:31:59.260637+00:00, run_after=2023-04-28T11:31:59.260637+00:00
[2023-04-28T11:31:59.284+0000] {processor.py:175} INFO - Processing /home/airflow/.local/lib/python3.7/site-packages/airflow/example_dags/example_latest_only_with_trigger.py took 0.115 seconds
[2023-04-28T11:32:29.507+0000] {processor.py:153} INFO - Started process (PID=3657) to work on /home/airflow/.local/lib/python3.7/site-packages/airflow/example_dags/example_latest_only_with_trigger.py
[2023-04-28T11:32:29.510+0000] {processor.py:743} INFO - Processing file /home/airflow/.local/lib/python3.7/site-packages/airflow/example_dags/example_latest_only_with_trigger.py for tasks to queue
[2023-04-28T11:32:29.512+0000] {logging_mixin.py:137} INFO - [2023-04-28T11:32:29.512+0000] {dagbag.py:532} INFO - Filling up the DagBag from /home/airflow/.local/lib/python3.7/site-packages/airflow/example_dags/example_latest_only_with_trigger.py
[2023-04-28T11:32:29.531+0000] {processor.py:753} INFO - DAG(s) dict_keys(['latest_only_with_trigger']) retrieved from /home/airflow/.local/lib/python3.7/site-packages/airflow/example_dags/example_latest_only_with_trigger.py
[2023-04-28T11:32:29.563+0000] {logging_mixin.py:137} INFO - [2023-04-28T11:32:29.563+0000] {dag.py:2705} INFO - Sync 1 DAGs
[2023-04-28T11:32:29.592+0000] {logging_mixin.py:137} INFO - [2023-04-28T11:32:29.592+0000] {dag.py:3456} INFO - Setting next_dagrun for latest_only_with_trigger to 2023-04-28T07:32:29.592462+00:00, run_after=2023-04-28T11:32:29.592462+00:00
[2023-04-28T11:32:29.614+0000] {processor.py:175} INFO - Processing /home/airflow/.local/lib/python3.7/site-packages/airflow/example_dags/example_latest_only_with_trigger.py took 0.111 seconds
[2023-04-28T11:32:59.899+0000] {processor.py:153} INFO - Started process (PID=3875) to work on /home/airflow/.local/lib/python3.7/site-packages/airflow/example_dags/example_latest_only_with_trigger.py
[2023-04-28T11:32:59.902+0000] {processor.py:743} INFO - Processing file /home/airflow/.local/lib/python3.7/site-packages/airflow/example_dags/example_latest_only_with_trigger.py for tasks to queue
[2023-04-28T11:32:59.905+0000] {logging_mixin.py:137} INFO - [2023-04-28T11:32:59.905+0000] {dagbag.py:532} INFO - Filling up the DagBag from /home/airflow/.local/lib/python3.7/site-packages/airflow/example_dags/example_latest_only_with_trigger.py
[2023-04-28T11:32:59.921+0000] {processor.py:753} INFO - DAG(s) dict_keys(['latest_only_with_trigger']) retrieved from /home/airflow/.local/lib/python3.7/site-packages/airflow/example_dags/example_latest_only_with_trigger.py
[2023-04-28T11:32:59.959+0000] {logging_mixin.py:137} INFO - [2023-04-28T11:32:59.959+0000] {dag.py:2705} INFO - Sync 1 DAGs
[2023-04-28T11:32:59.999+0000] {logging_mixin.py:137} INFO - [2023-04-28T11:32:59.999+0000] {dag.py:3456} INFO - Setting next_dagrun for latest_only_with_trigger to 2023-04-28T07:32:59.999258+00:00, run_after=2023-04-28T11:32:59.999258+00:00
[2023-04-28T11:33:00.026+0000] {processor.py:175} INFO - Processing /home/airflow/.local/lib/python3.7/site-packages/airflow/example_dags/example_latest_only_with_trigger.py took 0.132 seconds
[2023-04-28T11:33:30.117+0000] {processor.py:153} INFO - Started process (PID=4093) to work on /home/airflow/.local/lib/python3.7/site-packages/airflow/example_dags/example_latest_only_with_trigger.py
[2023-04-28T11:33:30.120+0000] {processor.py:743} INFO - Processing file /home/airflow/.local/lib/python3.7/site-packages/airflow/example_dags/example_latest_only_with_trigger.py for tasks to queue
[2023-04-28T11:33:30.122+0000] {logging_mixin.py:137} INFO - [2023-04-28T11:33:30.122+0000] {dagbag.py:532} INFO - Filling up the DagBag from /home/airflow/.local/lib/python3.7/site-packages/airflow/example_dags/example_latest_only_with_trigger.py
[2023-04-28T11:33:30.142+0000] {processor.py:753} INFO - DAG(s) dict_keys(['latest_only_with_trigger']) retrieved from /home/airflow/.local/lib/python3.7/site-packages/airflow/example_dags/example_latest_only_with_trigger.py
[2023-04-28T11:33:30.174+0000] {logging_mixin.py:137} INFO - [2023-04-28T11:33:30.174+0000] {dag.py:2705} INFO - Sync 1 DAGs
[2023-04-28T11:33:30.203+0000] {logging_mixin.py:137} INFO - [2023-04-28T11:33:30.203+0000] {dag.py:3456} INFO - Setting next_dagrun for latest_only_with_trigger to 2023-04-28T07:33:30.203572+00:00, run_after=2023-04-28T11:33:30.203572+00:00
[2023-04-28T11:33:30.225+0000] {processor.py:175} INFO - Processing /home/airflow/.local/lib/python3.7/site-packages/airflow/example_dags/example_latest_only_with_trigger.py took 0.113 seconds
[2023-04-28T11:34:00.467+0000] {processor.py:153} INFO - Started process (PID=4311) to work on /home/airflow/.local/lib/python3.7/site-packages/airflow/example_dags/example_latest_only_with_trigger.py
[2023-04-28T11:34:00.470+0000] {processor.py:743} INFO - Processing file /home/airflow/.local/lib/python3.7/site-packages/airflow/example_dags/example_latest_only_with_trigger.py for tasks to queue
[2023-04-28T11:34:00.472+0000] {logging_mixin.py:137} INFO - [2023-04-28T11:34:00.472+0000] {dagbag.py:532} INFO - Filling up the DagBag from /home/airflow/.local/lib/python3.7/site-packages/airflow/example_dags/example_latest_only_with_trigger.py
[2023-04-28T11:34:00.491+0000] {processor.py:753} INFO - DAG(s) dict_keys(['latest_only_with_trigger']) retrieved from /home/airflow/.local/lib/python3.7/site-packages/airflow/example_dags/example_latest_only_with_trigger.py
[2023-04-28T11:34:00.523+0000] {logging_mixin.py:137} INFO - [2023-04-28T11:34:00.523+0000] {dag.py:2705} INFO - Sync 1 DAGs
[2023-04-28T11:34:00.552+0000] {logging_mixin.py:137} INFO - [2023-04-28T11:34:00.551+0000] {dag.py:3456} INFO - Setting next_dagrun for latest_only_with_trigger to 2023-04-28T07:34:00.551743+00:00, run_after=2023-04-28T11:34:00.551743+00:00
[2023-04-28T11:34:00.576+0000] {processor.py:175} INFO - Processing /home/airflow/.local/lib/python3.7/site-packages/airflow/example_dags/example_latest_only_with_trigger.py took 0.113 seconds
[2023-04-28T11:34:30.996+0000] {processor.py:153} INFO - Started process (PID=4529) to work on /home/airflow/.local/lib/python3.7/site-packages/airflow/example_dags/example_latest_only_with_trigger.py
[2023-04-28T11:34:30.999+0000] {processor.py:743} INFO - Processing file /home/airflow/.local/lib/python3.7/site-packages/airflow/example_dags/example_latest_only_with_trigger.py for tasks to queue
[2023-04-28T11:34:31.001+0000] {logging_mixin.py:137} INFO - [2023-04-28T11:34:31.001+0000] {dagbag.py:532} INFO - Filling up the DagBag from /home/airflow/.local/lib/python3.7/site-packages/airflow/example_dags/example_latest_only_with_trigger.py
[2023-04-28T11:34:31.025+0000] {processor.py:753} INFO - DAG(s) dict_keys(['latest_only_with_trigger']) retrieved from /home/airflow/.local/lib/python3.7/site-packages/airflow/example_dags/example_latest_only_with_trigger.py
[2023-04-28T11:34:31.069+0000] {logging_mixin.py:137} INFO - [2023-04-28T11:34:31.069+0000] {dag.py:2705} INFO - Sync 1 DAGs
[2023-04-28T11:34:31.113+0000] {logging_mixin.py:137} INFO - [2023-04-28T11:34:31.113+0000] {dag.py:3456} INFO - Setting next_dagrun for latest_only_with_trigger to 2023-04-28T07:34:31.112904+00:00, run_after=2023-04-28T11:34:31.112904+00:00
[2023-04-28T11:34:31.144+0000] {processor.py:175} INFO - Processing /home/airflow/.local/lib/python3.7/site-packages/airflow/example_dags/example_latest_only_with_trigger.py took 0.153 seconds
[2023-04-28T11:35:01.563+0000] {processor.py:153} INFO - Started process (PID=4747) to work on /home/airflow/.local/lib/python3.7/site-packages/airflow/example_dags/example_latest_only_with_trigger.py
[2023-04-28T11:35:01.566+0000] {processor.py:743} INFO - Processing file /home/airflow/.local/lib/python3.7/site-packages/airflow/example_dags/example_latest_only_with_trigger.py for tasks to queue
[2023-04-28T11:35:01.568+0000] {logging_mixin.py:137} INFO - [2023-04-28T11:35:01.568+0000] {dagbag.py:532} INFO - Filling up the DagBag from /home/airflow/.local/lib/python3.7/site-packages/airflow/example_dags/example_latest_only_with_trigger.py
[2023-04-28T11:35:01.590+0000] {processor.py:753} INFO - DAG(s) dict_keys(['latest_only_with_trigger']) retrieved from /home/airflow/.local/lib/python3.7/site-packages/airflow/example_dags/example_latest_only_with_trigger.py
[2023-04-28T11:35:01.630+0000] {logging_mixin.py:137} INFO - [2023-04-28T11:35:01.630+0000] {dag.py:2705} INFO - Sync 1 DAGs
[2023-04-28T11:35:01.669+0000] {logging_mixin.py:137} INFO - [2023-04-28T11:35:01.669+0000] {dag.py:3456} INFO - Setting next_dagrun for latest_only_with_trigger to 2023-04-28T07:35:01.669169+00:00, run_after=2023-04-28T11:35:01.669169+00:00
[2023-04-28T11:35:01.700+0000] {processor.py:175} INFO - Processing /home/airflow/.local/lib/python3.7/site-packages/airflow/example_dags/example_latest_only_with_trigger.py took 0.142 seconds
[2023-04-28T11:35:31.876+0000] {processor.py:153} INFO - Started process (PID=4965) to work on /home/airflow/.local/lib/python3.7/site-packages/airflow/example_dags/example_latest_only_with_trigger.py
[2023-04-28T11:35:31.879+0000] {processor.py:743} INFO - Processing file /home/airflow/.local/lib/python3.7/site-packages/airflow/example_dags/example_latest_only_with_trigger.py for tasks to queue
[2023-04-28T11:35:31.882+0000] {logging_mixin.py:137} INFO - [2023-04-28T11:35:31.881+0000] {dagbag.py:532} INFO - Filling up the DagBag from /home/airflow/.local/lib/python3.7/site-packages/airflow/example_dags/example_latest_only_with_trigger.py
[2023-04-28T11:35:31.901+0000] {processor.py:753} INFO - DAG(s) dict_keys(['latest_only_with_trigger']) retrieved from /home/airflow/.local/lib/python3.7/site-packages/airflow/example_dags/example_latest_only_with_trigger.py
[2023-04-28T11:35:31.936+0000] {logging_mixin.py:137} INFO - [2023-04-28T11:35:31.936+0000] {dag.py:2705} INFO - Sync 1 DAGs
[2023-04-28T11:35:31.966+0000] {logging_mixin.py:137} INFO - [2023-04-28T11:35:31.966+0000] {dag.py:3456} INFO - Setting next_dagrun for latest_only_with_trigger to 2023-04-28T07:35:31.965904+00:00, run_after=2023-04-28T11:35:31.965904+00:00
[2023-04-28T11:35:31.988+0000] {processor.py:175} INFO - Processing /home/airflow/.local/lib/python3.7/site-packages/airflow/example_dags/example_latest_only_with_trigger.py took 0.117 seconds
[2023-04-28T11:36:02.477+0000] {processor.py:153} INFO - Started process (PID=5183) to work on /home/airflow/.local/lib/python3.7/site-packages/airflow/example_dags/example_latest_only_with_trigger.py
[2023-04-28T11:36:02.481+0000] {processor.py:743} INFO - Processing file /home/airflow/.local/lib/python3.7/site-packages/airflow/example_dags/example_latest_only_with_trigger.py for tasks to queue
[2023-04-28T11:36:02.484+0000] {logging_mixin.py:137} INFO - [2023-04-28T11:36:02.484+0000] {dagbag.py:532} INFO - Filling up the DagBag from /home/airflow/.local/lib/python3.7/site-packages/airflow/example_dags/example_latest_only_with_trigger.py
[2023-04-28T11:36:02.507+0000] {processor.py:753} INFO - DAG(s) dict_keys(['latest_only_with_trigger']) retrieved from /home/airflow/.local/lib/python3.7/site-packages/airflow/example_dags/example_latest_only_with_trigger.py
[2023-04-28T11:36:02.546+0000] {logging_mixin.py:137} INFO - [2023-04-28T11:36:02.546+0000] {dag.py:2705} INFO - Sync 1 DAGs
[2023-04-28T11:36:02.581+0000] {logging_mixin.py:137} INFO - [2023-04-28T11:36:02.581+0000] {dag.py:3456} INFO - Setting next_dagrun for latest_only_with_trigger to 2023-04-28T07:36:02.581141+00:00, run_after=2023-04-28T11:36:02.581141+00:00
[2023-04-28T11:36:02.607+0000] {processor.py:175} INFO - Processing /home/airflow/.local/lib/python3.7/site-packages/airflow/example_dags/example_latest_only_with_trigger.py took 0.135 seconds
[2023-04-28T11:36:33.291+0000] {processor.py:153} INFO - Started process (PID=5401) to work on /home/airflow/.local/lib/python3.7/site-packages/airflow/example_dags/example_latest_only_with_trigger.py
[2023-04-28T11:36:33.294+0000] {processor.py:743} INFO - Processing file /home/airflow/.local/lib/python3.7/site-packages/airflow/example_dags/example_latest_only_with_trigger.py for tasks to queue
[2023-04-28T11:36:33.296+0000] {logging_mixin.py:137} INFO - [2023-04-28T11:36:33.296+0000] {dagbag.py:532} INFO - Filling up the DagBag from /home/airflow/.local/lib/python3.7/site-packages/airflow/example_dags/example_latest_only_with_trigger.py
[2023-04-28T11:36:33.318+0000] {processor.py:753} INFO - DAG(s) dict_keys(['latest_only_with_trigger']) retrieved from /home/airflow/.local/lib/python3.7/site-packages/airflow/example_dags/example_latest_only_with_trigger.py
[2023-04-28T11:36:33.353+0000] {logging_mixin.py:137} INFO - [2023-04-28T11:36:33.353+0000] {dag.py:2705} INFO - Sync 1 DAGs
[2023-04-28T11:36:33.387+0000] {logging_mixin.py:137} INFO - [2023-04-28T11:36:33.387+0000] {dag.py:3456} INFO - Setting next_dagrun for latest_only_with_trigger to 2023-04-28T07:36:33.386925+00:00, run_after=2023-04-28T11:36:33.386925+00:00
[2023-04-28T11:36:33.419+0000] {processor.py:175} INFO - Processing /home/airflow/.local/lib/python3.7/site-packages/airflow/example_dags/example_latest_only_with_trigger.py took 0.133 seconds
[2023-04-28T11:37:03.620+0000] {processor.py:153} INFO - Started process (PID=5619) to work on /home/airflow/.local/lib/python3.7/site-packages/airflow/example_dags/example_latest_only_with_trigger.py
[2023-04-28T11:37:03.623+0000] {processor.py:743} INFO - Processing file /home/airflow/.local/lib/python3.7/site-packages/airflow/example_dags/example_latest_only_with_trigger.py for tasks to queue
[2023-04-28T11:37:03.625+0000] {logging_mixin.py:137} INFO - [2023-04-28T11:37:03.624+0000] {dagbag.py:532} INFO - Filling up the DagBag from /home/airflow/.local/lib/python3.7/site-packages/airflow/example_dags/example_latest_only_with_trigger.py
[2023-04-28T11:37:03.647+0000] {processor.py:753} INFO - DAG(s) dict_keys(['latest_only_with_trigger']) retrieved from /home/airflow/.local/lib/python3.7/site-packages/airflow/example_dags/example_latest_only_with_trigger.py
[2023-04-28T11:37:03.682+0000] {logging_mixin.py:137} INFO - [2023-04-28T11:37:03.682+0000] {dag.py:2705} INFO - Sync 1 DAGs
[2023-04-28T11:37:03.715+0000] {logging_mixin.py:137} INFO - [2023-04-28T11:37:03.715+0000] {dag.py:3456} INFO - Setting next_dagrun for latest_only_with_trigger to 2023-04-28T07:37:03.714926+00:00, run_after=2023-04-28T11:37:03.714926+00:00
[2023-04-28T11:37:03.739+0000] {processor.py:175} INFO - Processing /home/airflow/.local/lib/python3.7/site-packages/airflow/example_dags/example_latest_only_with_trigger.py took 0.125 seconds
[2023-04-28T11:37:33.872+0000] {processor.py:153} INFO - Started process (PID=5837) to work on /home/airflow/.local/lib/python3.7/site-packages/airflow/example_dags/example_latest_only_with_trigger.py
[2023-04-28T11:37:33.874+0000] {processor.py:743} INFO - Processing file /home/airflow/.local/lib/python3.7/site-packages/airflow/example_dags/example_latest_only_with_trigger.py for tasks to queue
[2023-04-28T11:37:33.875+0000] {logging_mixin.py:137} INFO - [2023-04-28T11:37:33.875+0000] {dagbag.py:532} INFO - Filling up the DagBag from /home/airflow/.local/lib/python3.7/site-packages/airflow/example_dags/example_latest_only_with_trigger.py
[2023-04-28T11:37:33.893+0000] {processor.py:753} INFO - DAG(s) dict_keys(['latest_only_with_trigger']) retrieved from /home/airflow/.local/lib/python3.7/site-packages/airflow/example_dags/example_latest_only_with_trigger.py
[2023-04-28T11:37:33.929+0000] {logging_mixin.py:137} INFO - [2023-04-28T11:37:33.929+0000] {dag.py:2705} INFO - Sync 1 DAGs
[2023-04-28T11:37:33.964+0000] {logging_mixin.py:137} INFO - [2023-04-28T11:37:33.963+0000] {dag.py:3456} INFO - Setting next_dagrun for latest_only_with_trigger to 2023-04-28T07:37:33.963689+00:00, run_after=2023-04-28T11:37:33.963689+00:00
[2023-04-28T11:37:33.992+0000] {processor.py:175} INFO - Processing /home/airflow/.local/lib/python3.7/site-packages/airflow/example_dags/example_latest_only_with_trigger.py took 0.124 seconds
[2023-04-28T11:38:04.405+0000] {processor.py:153} INFO - Started process (PID=6055) to work on /home/airflow/.local/lib/python3.7/site-packages/airflow/example_dags/example_latest_only_with_trigger.py
[2023-04-28T11:38:04.408+0000] {processor.py:743} INFO - Processing file /home/airflow/.local/lib/python3.7/site-packages/airflow/example_dags/example_latest_only_with_trigger.py for tasks to queue
[2023-04-28T11:38:04.410+0000] {logging_mixin.py:137} INFO - [2023-04-28T11:38:04.410+0000] {dagbag.py:532} INFO - Filling up the DagBag from /home/airflow/.local/lib/python3.7/site-packages/airflow/example_dags/example_latest_only_with_trigger.py
[2023-04-28T11:38:04.430+0000] {processor.py:753} INFO - DAG(s) dict_keys(['latest_only_with_trigger']) retrieved from /home/airflow/.local/lib/python3.7/site-packages/airflow/example_dags/example_latest_only_with_trigger.py
[2023-04-28T11:38:04.465+0000] {logging_mixin.py:137} INFO - [2023-04-28T11:38:04.465+0000] {dag.py:2705} INFO - Sync 1 DAGs
[2023-04-28T11:38:04.500+0000] {logging_mixin.py:137} INFO - [2023-04-28T11:38:04.500+0000] {dag.py:3456} INFO - Setting next_dagrun for latest_only_with_trigger to 2023-04-28T07:38:04.499765+00:00, run_after=2023-04-28T11:38:04.499765+00:00
[2023-04-28T11:38:04.526+0000] {processor.py:175} INFO - Processing /home/airflow/.local/lib/python3.7/site-packages/airflow/example_dags/example_latest_only_with_trigger.py took 0.126 seconds
[2023-04-28T11:38:35.106+0000] {processor.py:153} INFO - Started process (PID=6273) to work on /home/airflow/.local/lib/python3.7/site-packages/airflow/example_dags/example_latest_only_with_trigger.py
[2023-04-28T11:38:35.109+0000] {processor.py:743} INFO - Processing file /home/airflow/.local/lib/python3.7/site-packages/airflow/example_dags/example_latest_only_with_trigger.py for tasks to queue
[2023-04-28T11:38:35.111+0000] {logging_mixin.py:137} INFO - [2023-04-28T11:38:35.111+0000] {dagbag.py:532} INFO - Filling up the DagBag from /home/airflow/.local/lib/python3.7/site-packages/airflow/example_dags/example_latest_only_with_trigger.py
[2023-04-28T11:38:35.134+0000] {processor.py:753} INFO - DAG(s) dict_keys(['latest_only_with_trigger']) retrieved from /home/airflow/.local/lib/python3.7/site-packages/airflow/example_dags/example_latest_only_with_trigger.py
[2023-04-28T11:38:35.170+0000] {logging_mixin.py:137} INFO - [2023-04-28T11:38:35.170+0000] {dag.py:2705} INFO - Sync 1 DAGs
[2023-04-28T11:38:35.203+0000] {logging_mixin.py:137} INFO - [2023-04-28T11:38:35.203+0000] {dag.py:3456} INFO - Setting next_dagrun for latest_only_with_trigger to 2023-04-28T07:38:35.203311+00:00, run_after=2023-04-28T11:38:35.203311+00:00
[2023-04-28T11:38:35.227+0000] {processor.py:175} INFO - Processing /home/airflow/.local/lib/python3.7/site-packages/airflow/example_dags/example_latest_only_with_trigger.py took 0.127 seconds
[2023-04-28T11:39:05.807+0000] {processor.py:153} INFO - Started process (PID=6491) to work on /home/airflow/.local/lib/python3.7/site-packages/airflow/example_dags/example_latest_only_with_trigger.py
[2023-04-28T11:39:05.810+0000] {processor.py:743} INFO - Processing file /home/airflow/.local/lib/python3.7/site-packages/airflow/example_dags/example_latest_only_with_trigger.py for tasks to queue
[2023-04-28T11:39:05.812+0000] {logging_mixin.py:137} INFO - [2023-04-28T11:39:05.812+0000] {dagbag.py:532} INFO - Filling up the DagBag from /home/airflow/.local/lib/python3.7/site-packages/airflow/example_dags/example_latest_only_with_trigger.py
[2023-04-28T11:39:05.857+0000] {processor.py:753} INFO - DAG(s) dict_keys(['latest_only_with_trigger']) retrieved from /home/airflow/.local/lib/python3.7/site-packages/airflow/example_dags/example_latest_only_with_trigger.py
[2023-04-28T11:39:05.918+0000] {logging_mixin.py:137} INFO - [2023-04-28T11:39:05.918+0000] {dag.py:2705} INFO - Sync 1 DAGs
[2023-04-28T11:39:05.962+0000] {logging_mixin.py:137} INFO - [2023-04-28T11:39:05.962+0000] {dag.py:3456} INFO - Setting next_dagrun for latest_only_with_trigger to 2023-04-28T07:39:05.962048+00:00, run_after=2023-04-28T11:39:05.962048+00:00
[2023-04-28T11:39:05.992+0000] {processor.py:175} INFO - Processing /home/airflow/.local/lib/python3.7/site-packages/airflow/example_dags/example_latest_only_with_trigger.py took 0.190 seconds
[2023-04-28T11:39:36.981+0000] {processor.py:153} INFO - Started process (PID=6723) to work on /home/airflow/.local/lib/python3.7/site-packages/airflow/example_dags/example_latest_only_with_trigger.py
[2023-04-28T11:39:36.984+0000] {processor.py:743} INFO - Processing file /home/airflow/.local/lib/python3.7/site-packages/airflow/example_dags/example_latest_only_with_trigger.py for tasks to queue
[2023-04-28T11:39:36.987+0000] {logging_mixin.py:137} INFO - [2023-04-28T11:39:36.986+0000] {dagbag.py:532} INFO - Filling up the DagBag from /home/airflow/.local/lib/python3.7/site-packages/airflow/example_dags/example_latest_only_with_trigger.py
[2023-04-28T11:39:37.021+0000] {processor.py:753} INFO - DAG(s) dict_keys(['latest_only_with_trigger']) retrieved from /home/airflow/.local/lib/python3.7/site-packages/airflow/example_dags/example_latest_only_with_trigger.py
[2023-04-28T11:39:37.082+0000] {logging_mixin.py:137} INFO - [2023-04-28T11:39:37.081+0000] {dag.py:2705} INFO - Sync 1 DAGs
[2023-04-28T11:39:37.149+0000] {logging_mixin.py:137} INFO - [2023-04-28T11:39:37.149+0000] {dag.py:3456} INFO - Setting next_dagrun for latest_only_with_trigger to 2023-04-28T07:39:37.148876+00:00, run_after=2023-04-28T11:39:37.148876+00:00
[2023-04-28T11:39:37.183+0000] {processor.py:175} INFO - Processing /home/airflow/.local/lib/python3.7/site-packages/airflow/example_dags/example_latest_only_with_trigger.py took 0.209 seconds
[2023-04-28T11:40:07.434+0000] {processor.py:153} INFO - Started process (PID=6946) to work on /home/airflow/.local/lib/python3.7/site-packages/airflow/example_dags/example_latest_only_with_trigger.py
[2023-04-28T11:40:07.437+0000] {processor.py:743} INFO - Processing file /home/airflow/.local/lib/python3.7/site-packages/airflow/example_dags/example_latest_only_with_trigger.py for tasks to queue
[2023-04-28T11:40:07.439+0000] {logging_mixin.py:137} INFO - [2023-04-28T11:40:07.439+0000] {dagbag.py:532} INFO - Filling up the DagBag from /home/airflow/.local/lib/python3.7/site-packages/airflow/example_dags/example_latest_only_with_trigger.py
[2023-04-28T11:40:07.464+0000] {processor.py:753} INFO - DAG(s) dict_keys(['latest_only_with_trigger']) retrieved from /home/airflow/.local/lib/python3.7/site-packages/airflow/example_dags/example_latest_only_with_trigger.py
[2023-04-28T11:40:07.528+0000] {logging_mixin.py:137} INFO - [2023-04-28T11:40:07.528+0000] {dag.py:2705} INFO - Sync 1 DAGs
[2023-04-28T11:40:07.605+0000] {logging_mixin.py:137} INFO - [2023-04-28T11:40:07.604+0000] {dag.py:3456} INFO - Setting next_dagrun for latest_only_with_trigger to 2023-04-28T07:40:07.604304+00:00, run_after=2023-04-28T11:40:07.604304+00:00
[2023-04-28T11:40:07.668+0000] {processor.py:175} INFO - Processing /home/airflow/.local/lib/python3.7/site-packages/airflow/example_dags/example_latest_only_with_trigger.py took 0.241 seconds
[2023-04-28T11:40:37.892+0000] {processor.py:153} INFO - Started process (PID=7168) to work on /home/airflow/.local/lib/python3.7/site-packages/airflow/example_dags/example_latest_only_with_trigger.py
[2023-04-28T11:40:37.895+0000] {processor.py:743} INFO - Processing file /home/airflow/.local/lib/python3.7/site-packages/airflow/example_dags/example_latest_only_with_trigger.py for tasks to queue
[2023-04-28T11:40:37.897+0000] {logging_mixin.py:137} INFO - [2023-04-28T11:40:37.897+0000] {dagbag.py:532} INFO - Filling up the DagBag from /home/airflow/.local/lib/python3.7/site-packages/airflow/example_dags/example_latest_only_with_trigger.py
[2023-04-28T11:40:37.921+0000] {processor.py:753} INFO - DAG(s) dict_keys(['latest_only_with_trigger']) retrieved from /home/airflow/.local/lib/python3.7/site-packages/airflow/example_dags/example_latest_only_with_trigger.py
[2023-04-28T11:40:37.963+0000] {logging_mixin.py:137} INFO - [2023-04-28T11:40:37.963+0000] {dag.py:2705} INFO - Sync 1 DAGs
[2023-04-28T11:40:38.004+0000] {logging_mixin.py:137} INFO - [2023-04-28T11:40:38.004+0000] {dag.py:3456} INFO - Setting next_dagrun for latest_only_with_trigger to 2023-04-28T07:40:38.003791+00:00, run_after=2023-04-28T11:40:38.003791+00:00
[2023-04-28T11:40:38.035+0000] {processor.py:175} INFO - Processing /home/airflow/.local/lib/python3.7/site-packages/airflow/example_dags/example_latest_only_with_trigger.py took 0.148 seconds
