[2023-04-28T11:24:24.159+0000] {processor.py:153} INFO - Started process (PID=273) to work on /home/airflow/.local/lib/python3.7/site-packages/airflow/example_dags/example_bash_operator.py
[2023-04-28T11:24:24.161+0000] {processor.py:743} INFO - Processing file /home/airflow/.local/lib/python3.7/site-packages/airflow/example_dags/example_bash_operator.py for tasks to queue
[2023-04-28T11:24:24.162+0000] {logging_mixin.py:137} INFO - [2023-04-28T11:24:24.162+0000] {dagbag.py:532} INFO - Filling up the DagBag from /home/airflow/.local/lib/python3.7/site-packages/airflow/example_dags/example_bash_operator.py
[2023-04-28T11:24:24.187+0000] {processor.py:753} INFO - DAG(s) dict_keys(['example_bash_operator']) retrieved from /home/airflow/.local/lib/python3.7/site-packages/airflow/example_dags/example_bash_operator.py
[2023-04-28T11:24:24.203+0000] {logging_mixin.py:137} INFO - [2023-04-28T11:24:24.202+0000] {dag.py:2705} INFO - Sync 1 DAGs
[2023-04-28T11:24:24.233+0000] {logging_mixin.py:137} INFO - [2023-04-28T11:24:24.232+0000] {dag.py:3456} INFO - Setting next_dagrun for example_bash_operator to 2023-04-27T00:00:00+00:00, run_after=2023-04-28T00:00:00+00:00
[2023-04-28T11:24:24.255+0000] {processor.py:175} INFO - Processing /home/airflow/.local/lib/python3.7/site-packages/airflow/example_dags/example_bash_operator.py took 0.101 seconds
[2023-04-28T11:24:54.608+0000] {processor.py:153} INFO - Started process (PID=491) to work on /home/airflow/.local/lib/python3.7/site-packages/airflow/example_dags/example_bash_operator.py
[2023-04-28T11:24:54.610+0000] {processor.py:743} INFO - Processing file /home/airflow/.local/lib/python3.7/site-packages/airflow/example_dags/example_bash_operator.py for tasks to queue
[2023-04-28T11:24:54.612+0000] {logging_mixin.py:137} INFO - [2023-04-28T11:24:54.611+0000] {dagbag.py:532} INFO - Filling up the DagBag from /home/airflow/.local/lib/python3.7/site-packages/airflow/example_dags/example_bash_operator.py
[2023-04-28T11:24:54.637+0000] {processor.py:753} INFO - DAG(s) dict_keys(['example_bash_operator']) retrieved from /home/airflow/.local/lib/python3.7/site-packages/airflow/example_dags/example_bash_operator.py
[2023-04-28T11:24:54.680+0000] {logging_mixin.py:137} INFO - [2023-04-28T11:24:54.680+0000] {dag.py:2705} INFO - Sync 1 DAGs
[2023-04-28T11:24:54.710+0000] {logging_mixin.py:137} INFO - [2023-04-28T11:24:54.710+0000] {dag.py:3456} INFO - Setting next_dagrun for example_bash_operator to 2023-04-27T00:00:00+00:00, run_after=2023-04-28T00:00:00+00:00
[2023-04-28T11:24:54.731+0000] {processor.py:175} INFO - Processing /home/airflow/.local/lib/python3.7/site-packages/airflow/example_dags/example_bash_operator.py took 0.127 seconds
[2023-04-28T11:25:25.259+0000] {processor.py:153} INFO - Started process (PID=709) to work on /home/airflow/.local/lib/python3.7/site-packages/airflow/example_dags/example_bash_operator.py
[2023-04-28T11:25:25.262+0000] {processor.py:743} INFO - Processing file /home/airflow/.local/lib/python3.7/site-packages/airflow/example_dags/example_bash_operator.py for tasks to queue
[2023-04-28T11:25:25.263+0000] {logging_mixin.py:137} INFO - [2023-04-28T11:25:25.263+0000] {dagbag.py:532} INFO - Filling up the DagBag from /home/airflow/.local/lib/python3.7/site-packages/airflow/example_dags/example_bash_operator.py
[2023-04-28T11:25:25.289+0000] {processor.py:753} INFO - DAG(s) dict_keys(['example_bash_operator']) retrieved from /home/airflow/.local/lib/python3.7/site-packages/airflow/example_dags/example_bash_operator.py
[2023-04-28T11:25:25.334+0000] {logging_mixin.py:137} INFO - [2023-04-28T11:25:25.333+0000] {dag.py:2705} INFO - Sync 1 DAGs
[2023-04-28T11:25:25.364+0000] {logging_mixin.py:137} INFO - [2023-04-28T11:25:25.364+0000] {dag.py:3456} INFO - Setting next_dagrun for example_bash_operator to 2023-04-27T00:00:00+00:00, run_after=2023-04-28T00:00:00+00:00
[2023-04-28T11:25:25.386+0000] {processor.py:175} INFO - Processing /home/airflow/.local/lib/python3.7/site-packages/airflow/example_dags/example_bash_operator.py took 0.131 seconds
[2023-04-28T11:25:57.200+0000] {processor.py:153} INFO - Started process (PID=927) to work on /home/airflow/.local/lib/python3.7/site-packages/airflow/example_dags/example_bash_operator.py
[2023-04-28T11:25:57.206+0000] {processor.py:743} INFO - Processing file /home/airflow/.local/lib/python3.7/site-packages/airflow/example_dags/example_bash_operator.py for tasks to queue
[2023-04-28T11:25:57.211+0000] {logging_mixin.py:137} INFO - [2023-04-28T11:25:57.210+0000] {dagbag.py:532} INFO - Filling up the DagBag from /home/airflow/.local/lib/python3.7/site-packages/airflow/example_dags/example_bash_operator.py
[2023-04-28T11:25:57.266+0000] {processor.py:753} INFO - DAG(s) dict_keys(['example_bash_operator']) retrieved from /home/airflow/.local/lib/python3.7/site-packages/airflow/example_dags/example_bash_operator.py
[2023-04-28T11:25:57.344+0000] {logging_mixin.py:137} INFO - [2023-04-28T11:25:57.343+0000] {dag.py:2705} INFO - Sync 1 DAGs
[2023-04-28T11:25:57.415+0000] {logging_mixin.py:137} INFO - [2023-04-28T11:25:57.415+0000] {dag.py:3456} INFO - Setting next_dagrun for example_bash_operator to 2023-04-27T00:00:00+00:00, run_after=2023-04-28T00:00:00+00:00
[2023-04-28T11:25:57.484+0000] {processor.py:175} INFO - Processing /home/airflow/.local/lib/python3.7/site-packages/airflow/example_dags/example_bash_operator.py took 0.293 seconds
[2023-04-28T11:26:27.685+0000] {processor.py:153} INFO - Started process (PID=1145) to work on /home/airflow/.local/lib/python3.7/site-packages/airflow/example_dags/example_bash_operator.py
[2023-04-28T11:26:27.688+0000] {processor.py:743} INFO - Processing file /home/airflow/.local/lib/python3.7/site-packages/airflow/example_dags/example_bash_operator.py for tasks to queue
[2023-04-28T11:26:27.690+0000] {logging_mixin.py:137} INFO - [2023-04-28T11:26:27.690+0000] {dagbag.py:532} INFO - Filling up the DagBag from /home/airflow/.local/lib/python3.7/site-packages/airflow/example_dags/example_bash_operator.py
[2023-04-28T11:26:27.717+0000] {processor.py:753} INFO - DAG(s) dict_keys(['example_bash_operator']) retrieved from /home/airflow/.local/lib/python3.7/site-packages/airflow/example_dags/example_bash_operator.py
[2023-04-28T11:26:27.761+0000] {logging_mixin.py:137} INFO - [2023-04-28T11:26:27.761+0000] {dag.py:2705} INFO - Sync 1 DAGs
[2023-04-28T11:26:27.794+0000] {logging_mixin.py:137} INFO - [2023-04-28T11:26:27.794+0000] {dag.py:3456} INFO - Setting next_dagrun for example_bash_operator to 2023-04-27T00:00:00+00:00, run_after=2023-04-28T00:00:00+00:00
[2023-04-28T11:26:27.815+0000] {processor.py:175} INFO - Processing /home/airflow/.local/lib/python3.7/site-packages/airflow/example_dags/example_bash_operator.py took 0.134 seconds
[2023-04-28T11:26:58.917+0000] {processor.py:153} INFO - Started process (PID=1363) to work on /home/airflow/.local/lib/python3.7/site-packages/airflow/example_dags/example_bash_operator.py
[2023-04-28T11:26:58.920+0000] {processor.py:743} INFO - Processing file /home/airflow/.local/lib/python3.7/site-packages/airflow/example_dags/example_bash_operator.py for tasks to queue
[2023-04-28T11:26:58.923+0000] {logging_mixin.py:137} INFO - [2023-04-28T11:26:58.922+0000] {dagbag.py:532} INFO - Filling up the DagBag from /home/airflow/.local/lib/python3.7/site-packages/airflow/example_dags/example_bash_operator.py
[2023-04-28T11:26:58.970+0000] {processor.py:753} INFO - DAG(s) dict_keys(['example_bash_operator']) retrieved from /home/airflow/.local/lib/python3.7/site-packages/airflow/example_dags/example_bash_operator.py
[2023-04-28T11:26:59.046+0000] {logging_mixin.py:137} INFO - [2023-04-28T11:26:59.045+0000] {dag.py:2705} INFO - Sync 1 DAGs
[2023-04-28T11:26:59.098+0000] {logging_mixin.py:137} INFO - [2023-04-28T11:26:59.097+0000] {dag.py:3456} INFO - Setting next_dagrun for example_bash_operator to 2023-04-27T00:00:00+00:00, run_after=2023-04-28T00:00:00+00:00
[2023-04-28T11:26:59.142+0000] {processor.py:175} INFO - Processing /home/airflow/.local/lib/python3.7/site-packages/airflow/example_dags/example_bash_operator.py took 0.232 seconds
[2023-04-28T11:27:29.376+0000] {processor.py:153} INFO - Started process (PID=1583) to work on /home/airflow/.local/lib/python3.7/site-packages/airflow/example_dags/example_bash_operator.py
[2023-04-28T11:27:29.380+0000] {processor.py:743} INFO - Processing file /home/airflow/.local/lib/python3.7/site-packages/airflow/example_dags/example_bash_operator.py for tasks to queue
[2023-04-28T11:27:29.382+0000] {logging_mixin.py:137} INFO - [2023-04-28T11:27:29.382+0000] {dagbag.py:532} INFO - Filling up the DagBag from /home/airflow/.local/lib/python3.7/site-packages/airflow/example_dags/example_bash_operator.py
[2023-04-28T11:27:29.415+0000] {processor.py:753} INFO - DAG(s) dict_keys(['example_bash_operator']) retrieved from /home/airflow/.local/lib/python3.7/site-packages/airflow/example_dags/example_bash_operator.py
[2023-04-28T11:27:29.464+0000] {logging_mixin.py:137} INFO - [2023-04-28T11:27:29.464+0000] {dag.py:2705} INFO - Sync 1 DAGs
[2023-04-28T11:27:29.498+0000] {logging_mixin.py:137} INFO - [2023-04-28T11:27:29.498+0000] {dag.py:3456} INFO - Setting next_dagrun for example_bash_operator to 2023-04-27T00:00:00+00:00, run_after=2023-04-28T00:00:00+00:00
[2023-04-28T11:27:29.538+0000] {processor.py:175} INFO - Processing /home/airflow/.local/lib/python3.7/site-packages/airflow/example_dags/example_bash_operator.py took 0.167 seconds
[2023-04-28T11:28:00.323+0000] {processor.py:153} INFO - Started process (PID=1799) to work on /home/airflow/.local/lib/python3.7/site-packages/airflow/example_dags/example_bash_operator.py
[2023-04-28T11:28:00.327+0000] {processor.py:743} INFO - Processing file /home/airflow/.local/lib/python3.7/site-packages/airflow/example_dags/example_bash_operator.py for tasks to queue
[2023-04-28T11:28:00.331+0000] {logging_mixin.py:137} INFO - [2023-04-28T11:28:00.331+0000] {dagbag.py:532} INFO - Filling up the DagBag from /home/airflow/.local/lib/python3.7/site-packages/airflow/example_dags/example_bash_operator.py
[2023-04-28T11:28:00.371+0000] {processor.py:753} INFO - DAG(s) dict_keys(['example_bash_operator']) retrieved from /home/airflow/.local/lib/python3.7/site-packages/airflow/example_dags/example_bash_operator.py
[2023-04-28T11:28:00.437+0000] {logging_mixin.py:137} INFO - [2023-04-28T11:28:00.437+0000] {dag.py:2705} INFO - Sync 1 DAGs
[2023-04-28T11:28:00.484+0000] {logging_mixin.py:137} INFO - [2023-04-28T11:28:00.484+0000] {dag.py:3456} INFO - Setting next_dagrun for example_bash_operator to 2023-04-27T00:00:00+00:00, run_after=2023-04-28T00:00:00+00:00
[2023-04-28T11:28:00.524+0000] {processor.py:175} INFO - Processing /home/airflow/.local/lib/python3.7/site-packages/airflow/example_dags/example_bash_operator.py took 0.208 seconds
[2023-04-28T11:28:30.919+0000] {processor.py:153} INFO - Started process (PID=2017) to work on /home/airflow/.local/lib/python3.7/site-packages/airflow/example_dags/example_bash_operator.py
[2023-04-28T11:28:30.922+0000] {processor.py:743} INFO - Processing file /home/airflow/.local/lib/python3.7/site-packages/airflow/example_dags/example_bash_operator.py for tasks to queue
[2023-04-28T11:28:30.925+0000] {logging_mixin.py:137} INFO - [2023-04-28T11:28:30.924+0000] {dagbag.py:532} INFO - Filling up the DagBag from /home/airflow/.local/lib/python3.7/site-packages/airflow/example_dags/example_bash_operator.py
[2023-04-28T11:28:30.963+0000] {processor.py:753} INFO - DAG(s) dict_keys(['example_bash_operator']) retrieved from /home/airflow/.local/lib/python3.7/site-packages/airflow/example_dags/example_bash_operator.py
[2023-04-28T11:28:31.032+0000] {logging_mixin.py:137} INFO - [2023-04-28T11:28:31.031+0000] {dag.py:2705} INFO - Sync 1 DAGs
[2023-04-28T11:28:31.075+0000] {logging_mixin.py:137} INFO - [2023-04-28T11:28:31.075+0000] {dag.py:3456} INFO - Setting next_dagrun for example_bash_operator to 2023-04-27T00:00:00+00:00, run_after=2023-04-28T00:00:00+00:00
[2023-04-28T11:28:31.100+0000] {processor.py:175} INFO - Processing /home/airflow/.local/lib/python3.7/site-packages/airflow/example_dags/example_bash_operator.py took 0.188 seconds
[2023-04-28T11:29:01.761+0000] {processor.py:153} INFO - Started process (PID=2235) to work on /home/airflow/.local/lib/python3.7/site-packages/airflow/example_dags/example_bash_operator.py
[2023-04-28T11:29:01.764+0000] {processor.py:743} INFO - Processing file /home/airflow/.local/lib/python3.7/site-packages/airflow/example_dags/example_bash_operator.py for tasks to queue
[2023-04-28T11:29:01.766+0000] {logging_mixin.py:137} INFO - [2023-04-28T11:29:01.766+0000] {dagbag.py:532} INFO - Filling up the DagBag from /home/airflow/.local/lib/python3.7/site-packages/airflow/example_dags/example_bash_operator.py
[2023-04-28T11:29:01.799+0000] {processor.py:753} INFO - DAG(s) dict_keys(['example_bash_operator']) retrieved from /home/airflow/.local/lib/python3.7/site-packages/airflow/example_dags/example_bash_operator.py
[2023-04-28T11:29:01.853+0000] {logging_mixin.py:137} INFO - [2023-04-28T11:29:01.853+0000] {dag.py:2705} INFO - Sync 1 DAGs
[2023-04-28T11:29:01.890+0000] {logging_mixin.py:137} INFO - [2023-04-28T11:29:01.890+0000] {dag.py:3456} INFO - Setting next_dagrun for example_bash_operator to 2023-04-27T00:00:00+00:00, run_after=2023-04-28T00:00:00+00:00
[2023-04-28T11:29:01.915+0000] {processor.py:175} INFO - Processing /home/airflow/.local/lib/python3.7/site-packages/airflow/example_dags/example_bash_operator.py took 0.159 seconds
[2023-04-28T11:29:32.154+0000] {processor.py:153} INFO - Started process (PID=2453) to work on /home/airflow/.local/lib/python3.7/site-packages/airflow/example_dags/example_bash_operator.py
[2023-04-28T11:29:32.156+0000] {processor.py:743} INFO - Processing file /home/airflow/.local/lib/python3.7/site-packages/airflow/example_dags/example_bash_operator.py for tasks to queue
[2023-04-28T11:29:32.159+0000] {logging_mixin.py:137} INFO - [2023-04-28T11:29:32.159+0000] {dagbag.py:532} INFO - Filling up the DagBag from /home/airflow/.local/lib/python3.7/site-packages/airflow/example_dags/example_bash_operator.py
[2023-04-28T11:29:32.191+0000] {processor.py:753} INFO - DAG(s) dict_keys(['example_bash_operator']) retrieved from /home/airflow/.local/lib/python3.7/site-packages/airflow/example_dags/example_bash_operator.py
[2023-04-28T11:29:32.237+0000] {logging_mixin.py:137} INFO - [2023-04-28T11:29:32.237+0000] {dag.py:2705} INFO - Sync 1 DAGs
[2023-04-28T11:29:32.267+0000] {logging_mixin.py:137} INFO - [2023-04-28T11:29:32.267+0000] {dag.py:3456} INFO - Setting next_dagrun for example_bash_operator to 2023-04-27T00:00:00+00:00, run_after=2023-04-28T00:00:00+00:00
[2023-04-28T11:29:32.288+0000] {processor.py:175} INFO - Processing /home/airflow/.local/lib/python3.7/site-packages/airflow/example_dags/example_bash_operator.py took 0.140 seconds
[2023-04-28T11:30:03.501+0000] {processor.py:153} INFO - Started process (PID=2673) to work on /home/airflow/.local/lib/python3.7/site-packages/airflow/example_dags/example_bash_operator.py
[2023-04-28T11:30:03.503+0000] {processor.py:743} INFO - Processing file /home/airflow/.local/lib/python3.7/site-packages/airflow/example_dags/example_bash_operator.py for tasks to queue
[2023-04-28T11:30:03.506+0000] {logging_mixin.py:137} INFO - [2023-04-28T11:30:03.505+0000] {dagbag.py:532} INFO - Filling up the DagBag from /home/airflow/.local/lib/python3.7/site-packages/airflow/example_dags/example_bash_operator.py
[2023-04-28T11:30:03.538+0000] {processor.py:753} INFO - DAG(s) dict_keys(['example_bash_operator']) retrieved from /home/airflow/.local/lib/python3.7/site-packages/airflow/example_dags/example_bash_operator.py
[2023-04-28T11:30:03.590+0000] {logging_mixin.py:137} INFO - [2023-04-28T11:30:03.590+0000] {dag.py:2705} INFO - Sync 1 DAGs
[2023-04-28T11:30:03.625+0000] {logging_mixin.py:137} INFO - [2023-04-28T11:30:03.624+0000] {dag.py:3456} INFO - Setting next_dagrun for example_bash_operator to 2023-04-27T00:00:00+00:00, run_after=2023-04-28T00:00:00+00:00
[2023-04-28T11:30:03.651+0000] {processor.py:175} INFO - Processing /home/airflow/.local/lib/python3.7/site-packages/airflow/example_dags/example_bash_operator.py took 0.155 seconds
[2023-04-28T11:30:34.632+0000] {processor.py:153} INFO - Started process (PID=2891) to work on /home/airflow/.local/lib/python3.7/site-packages/airflow/example_dags/example_bash_operator.py
[2023-04-28T11:30:34.635+0000] {processor.py:743} INFO - Processing file /home/airflow/.local/lib/python3.7/site-packages/airflow/example_dags/example_bash_operator.py for tasks to queue
[2023-04-28T11:30:34.637+0000] {logging_mixin.py:137} INFO - [2023-04-28T11:30:34.637+0000] {dagbag.py:532} INFO - Filling up the DagBag from /home/airflow/.local/lib/python3.7/site-packages/airflow/example_dags/example_bash_operator.py
[2023-04-28T11:30:34.666+0000] {processor.py:753} INFO - DAG(s) dict_keys(['example_bash_operator']) retrieved from /home/airflow/.local/lib/python3.7/site-packages/airflow/example_dags/example_bash_operator.py
[2023-04-28T11:30:34.713+0000] {logging_mixin.py:137} INFO - [2023-04-28T11:30:34.713+0000] {dag.py:2705} INFO - Sync 1 DAGs
[2023-04-28T11:30:34.746+0000] {logging_mixin.py:137} INFO - [2023-04-28T11:30:34.745+0000] {dag.py:3456} INFO - Setting next_dagrun for example_bash_operator to 2023-04-27T00:00:00+00:00, run_after=2023-04-28T00:00:00+00:00
[2023-04-28T11:30:34.770+0000] {processor.py:175} INFO - Processing /home/airflow/.local/lib/python3.7/site-packages/airflow/example_dags/example_bash_operator.py took 0.142 seconds
[2023-04-28T11:31:05.093+0000] {processor.py:153} INFO - Started process (PID=3109) to work on /home/airflow/.local/lib/python3.7/site-packages/airflow/example_dags/example_bash_operator.py
[2023-04-28T11:31:05.096+0000] {processor.py:743} INFO - Processing file /home/airflow/.local/lib/python3.7/site-packages/airflow/example_dags/example_bash_operator.py for tasks to queue
[2023-04-28T11:31:05.099+0000] {logging_mixin.py:137} INFO - [2023-04-28T11:31:05.098+0000] {dagbag.py:532} INFO - Filling up the DagBag from /home/airflow/.local/lib/python3.7/site-packages/airflow/example_dags/example_bash_operator.py
[2023-04-28T11:31:05.135+0000] {processor.py:753} INFO - DAG(s) dict_keys(['example_bash_operator']) retrieved from /home/airflow/.local/lib/python3.7/site-packages/airflow/example_dags/example_bash_operator.py
[2023-04-28T11:31:05.199+0000] {logging_mixin.py:137} INFO - [2023-04-28T11:31:05.199+0000] {dag.py:2705} INFO - Sync 1 DAGs
[2023-04-28T11:31:05.243+0000] {logging_mixin.py:137} INFO - [2023-04-28T11:31:05.242+0000] {dag.py:3456} INFO - Setting next_dagrun for example_bash_operator to 2023-04-27T00:00:00+00:00, run_after=2023-04-28T00:00:00+00:00
[2023-04-28T11:31:05.275+0000] {processor.py:175} INFO - Processing /home/airflow/.local/lib/python3.7/site-packages/airflow/example_dags/example_bash_operator.py took 0.188 seconds
[2023-04-28T11:31:35.582+0000] {processor.py:153} INFO - Started process (PID=3326) to work on /home/airflow/.local/lib/python3.7/site-packages/airflow/example_dags/example_bash_operator.py
[2023-04-28T11:31:35.584+0000] {processor.py:743} INFO - Processing file /home/airflow/.local/lib/python3.7/site-packages/airflow/example_dags/example_bash_operator.py for tasks to queue
[2023-04-28T11:31:35.585+0000] {logging_mixin.py:137} INFO - [2023-04-28T11:31:35.585+0000] {dagbag.py:532} INFO - Filling up the DagBag from /home/airflow/.local/lib/python3.7/site-packages/airflow/example_dags/example_bash_operator.py
[2023-04-28T11:31:35.614+0000] {processor.py:753} INFO - DAG(s) dict_keys(['example_bash_operator']) retrieved from /home/airflow/.local/lib/python3.7/site-packages/airflow/example_dags/example_bash_operator.py
[2023-04-28T11:31:35.660+0000] {logging_mixin.py:137} INFO - [2023-04-28T11:31:35.660+0000] {dag.py:2705} INFO - Sync 1 DAGs
[2023-04-28T11:31:35.693+0000] {logging_mixin.py:137} INFO - [2023-04-28T11:31:35.693+0000] {dag.py:3456} INFO - Setting next_dagrun for example_bash_operator to 2023-04-27T00:00:00+00:00, run_after=2023-04-28T00:00:00+00:00
[2023-04-28T11:31:35.719+0000] {processor.py:175} INFO - Processing /home/airflow/.local/lib/python3.7/site-packages/airflow/example_dags/example_bash_operator.py took 0.142 seconds
[2023-04-28T11:32:05.953+0000] {processor.py:153} INFO - Started process (PID=3544) to work on /home/airflow/.local/lib/python3.7/site-packages/airflow/example_dags/example_bash_operator.py
[2023-04-28T11:32:05.956+0000] {processor.py:743} INFO - Processing file /home/airflow/.local/lib/python3.7/site-packages/airflow/example_dags/example_bash_operator.py for tasks to queue
[2023-04-28T11:32:05.958+0000] {logging_mixin.py:137} INFO - [2023-04-28T11:32:05.957+0000] {dagbag.py:532} INFO - Filling up the DagBag from /home/airflow/.local/lib/python3.7/site-packages/airflow/example_dags/example_bash_operator.py
[2023-04-28T11:32:05.984+0000] {processor.py:753} INFO - DAG(s) dict_keys(['example_bash_operator']) retrieved from /home/airflow/.local/lib/python3.7/site-packages/airflow/example_dags/example_bash_operator.py
[2023-04-28T11:32:06.028+0000] {logging_mixin.py:137} INFO - [2023-04-28T11:32:06.028+0000] {dag.py:2705} INFO - Sync 1 DAGs
[2023-04-28T11:32:06.059+0000] {logging_mixin.py:137} INFO - [2023-04-28T11:32:06.059+0000] {dag.py:3456} INFO - Setting next_dagrun for example_bash_operator to 2023-04-27T00:00:00+00:00, run_after=2023-04-28T00:00:00+00:00
[2023-04-28T11:32:06.082+0000] {processor.py:175} INFO - Processing /home/airflow/.local/lib/python3.7/site-packages/airflow/example_dags/example_bash_operator.py took 0.134 seconds
[2023-04-28T11:32:36.222+0000] {processor.py:153} INFO - Started process (PID=3762) to work on /home/airflow/.local/lib/python3.7/site-packages/airflow/example_dags/example_bash_operator.py
[2023-04-28T11:32:36.224+0000] {processor.py:743} INFO - Processing file /home/airflow/.local/lib/python3.7/site-packages/airflow/example_dags/example_bash_operator.py for tasks to queue
[2023-04-28T11:32:36.225+0000] {logging_mixin.py:137} INFO - [2023-04-28T11:32:36.225+0000] {dagbag.py:532} INFO - Filling up the DagBag from /home/airflow/.local/lib/python3.7/site-packages/airflow/example_dags/example_bash_operator.py
[2023-04-28T11:32:36.252+0000] {processor.py:753} INFO - DAG(s) dict_keys(['example_bash_operator']) retrieved from /home/airflow/.local/lib/python3.7/site-packages/airflow/example_dags/example_bash_operator.py
[2023-04-28T11:32:36.298+0000] {logging_mixin.py:137} INFO - [2023-04-28T11:32:36.298+0000] {dag.py:2705} INFO - Sync 1 DAGs
[2023-04-28T11:32:36.330+0000] {logging_mixin.py:137} INFO - [2023-04-28T11:32:36.330+0000] {dag.py:3456} INFO - Setting next_dagrun for example_bash_operator to 2023-04-27T00:00:00+00:00, run_after=2023-04-28T00:00:00+00:00
[2023-04-28T11:32:36.353+0000] {processor.py:175} INFO - Processing /home/airflow/.local/lib/python3.7/site-packages/airflow/example_dags/example_bash_operator.py took 0.136 seconds
[2023-04-28T11:33:06.598+0000] {processor.py:153} INFO - Started process (PID=3980) to work on /home/airflow/.local/lib/python3.7/site-packages/airflow/example_dags/example_bash_operator.py
[2023-04-28T11:33:06.601+0000] {processor.py:743} INFO - Processing file /home/airflow/.local/lib/python3.7/site-packages/airflow/example_dags/example_bash_operator.py for tasks to queue
[2023-04-28T11:33:06.602+0000] {logging_mixin.py:137} INFO - [2023-04-28T11:33:06.602+0000] {dagbag.py:532} INFO - Filling up the DagBag from /home/airflow/.local/lib/python3.7/site-packages/airflow/example_dags/example_bash_operator.py
[2023-04-28T11:33:06.628+0000] {processor.py:753} INFO - DAG(s) dict_keys(['example_bash_operator']) retrieved from /home/airflow/.local/lib/python3.7/site-packages/airflow/example_dags/example_bash_operator.py
[2023-04-28T11:33:06.672+0000] {logging_mixin.py:137} INFO - [2023-04-28T11:33:06.672+0000] {dag.py:2705} INFO - Sync 1 DAGs
[2023-04-28T11:33:06.702+0000] {logging_mixin.py:137} INFO - [2023-04-28T11:33:06.702+0000] {dag.py:3456} INFO - Setting next_dagrun for example_bash_operator to 2023-04-27T00:00:00+00:00, run_after=2023-04-28T00:00:00+00:00
[2023-04-28T11:33:06.725+0000] {processor.py:175} INFO - Processing /home/airflow/.local/lib/python3.7/site-packages/airflow/example_dags/example_bash_operator.py took 0.133 seconds
[2023-04-28T11:33:36.948+0000] {processor.py:153} INFO - Started process (PID=4198) to work on /home/airflow/.local/lib/python3.7/site-packages/airflow/example_dags/example_bash_operator.py
[2023-04-28T11:33:36.952+0000] {processor.py:743} INFO - Processing file /home/airflow/.local/lib/python3.7/site-packages/airflow/example_dags/example_bash_operator.py for tasks to queue
[2023-04-28T11:33:36.953+0000] {logging_mixin.py:137} INFO - [2023-04-28T11:33:36.953+0000] {dagbag.py:532} INFO - Filling up the DagBag from /home/airflow/.local/lib/python3.7/site-packages/airflow/example_dags/example_bash_operator.py
[2023-04-28T11:33:36.980+0000] {processor.py:753} INFO - DAG(s) dict_keys(['example_bash_operator']) retrieved from /home/airflow/.local/lib/python3.7/site-packages/airflow/example_dags/example_bash_operator.py
[2023-04-28T11:33:37.023+0000] {logging_mixin.py:137} INFO - [2023-04-28T11:33:37.023+0000] {dag.py:2705} INFO - Sync 1 DAGs
[2023-04-28T11:33:37.053+0000] {logging_mixin.py:137} INFO - [2023-04-28T11:33:37.053+0000] {dag.py:3456} INFO - Setting next_dagrun for example_bash_operator to 2023-04-27T00:00:00+00:00, run_after=2023-04-28T00:00:00+00:00
[2023-04-28T11:33:37.078+0000] {processor.py:175} INFO - Processing /home/airflow/.local/lib/python3.7/site-packages/airflow/example_dags/example_bash_operator.py took 0.135 seconds
[2023-04-28T11:34:07.205+0000] {processor.py:153} INFO - Started process (PID=4416) to work on /home/airflow/.local/lib/python3.7/site-packages/airflow/example_dags/example_bash_operator.py
[2023-04-28T11:34:07.207+0000] {processor.py:743} INFO - Processing file /home/airflow/.local/lib/python3.7/site-packages/airflow/example_dags/example_bash_operator.py for tasks to queue
[2023-04-28T11:34:07.209+0000] {logging_mixin.py:137} INFO - [2023-04-28T11:34:07.208+0000] {dagbag.py:532} INFO - Filling up the DagBag from /home/airflow/.local/lib/python3.7/site-packages/airflow/example_dags/example_bash_operator.py
[2023-04-28T11:34:07.234+0000] {processor.py:753} INFO - DAG(s) dict_keys(['example_bash_operator']) retrieved from /home/airflow/.local/lib/python3.7/site-packages/airflow/example_dags/example_bash_operator.py
[2023-04-28T11:34:07.277+0000] {logging_mixin.py:137} INFO - [2023-04-28T11:34:07.277+0000] {dag.py:2705} INFO - Sync 1 DAGs
[2023-04-28T11:34:07.308+0000] {logging_mixin.py:137} INFO - [2023-04-28T11:34:07.308+0000] {dag.py:3456} INFO - Setting next_dagrun for example_bash_operator to 2023-04-27T00:00:00+00:00, run_after=2023-04-28T00:00:00+00:00
[2023-04-28T11:34:07.331+0000] {processor.py:175} INFO - Processing /home/airflow/.local/lib/python3.7/site-packages/airflow/example_dags/example_bash_operator.py took 0.130 seconds
[2023-04-28T11:34:37.824+0000] {processor.py:153} INFO - Started process (PID=4634) to work on /home/airflow/.local/lib/python3.7/site-packages/airflow/example_dags/example_bash_operator.py
[2023-04-28T11:34:37.826+0000] {processor.py:743} INFO - Processing file /home/airflow/.local/lib/python3.7/site-packages/airflow/example_dags/example_bash_operator.py for tasks to queue
[2023-04-28T11:34:37.827+0000] {logging_mixin.py:137} INFO - [2023-04-28T11:34:37.827+0000] {dagbag.py:532} INFO - Filling up the DagBag from /home/airflow/.local/lib/python3.7/site-packages/airflow/example_dags/example_bash_operator.py
[2023-04-28T11:34:37.852+0000] {processor.py:753} INFO - DAG(s) dict_keys(['example_bash_operator']) retrieved from /home/airflow/.local/lib/python3.7/site-packages/airflow/example_dags/example_bash_operator.py
[2023-04-28T11:34:37.901+0000] {logging_mixin.py:137} INFO - [2023-04-28T11:34:37.901+0000] {dag.py:2705} INFO - Sync 1 DAGs
[2023-04-28T11:34:37.942+0000] {logging_mixin.py:137} INFO - [2023-04-28T11:34:37.942+0000] {dag.py:3456} INFO - Setting next_dagrun for example_bash_operator to 2023-04-27T00:00:00+00:00, run_after=2023-04-28T00:00:00+00:00
[2023-04-28T11:34:37.971+0000] {processor.py:175} INFO - Processing /home/airflow/.local/lib/python3.7/site-packages/airflow/example_dags/example_bash_operator.py took 0.152 seconds
[2023-04-28T11:35:08.691+0000] {processor.py:153} INFO - Started process (PID=4852) to work on /home/airflow/.local/lib/python3.7/site-packages/airflow/example_dags/example_bash_operator.py
[2023-04-28T11:35:08.695+0000] {processor.py:743} INFO - Processing file /home/airflow/.local/lib/python3.7/site-packages/airflow/example_dags/example_bash_operator.py for tasks to queue
[2023-04-28T11:35:08.697+0000] {logging_mixin.py:137} INFO - [2023-04-28T11:35:08.697+0000] {dagbag.py:532} INFO - Filling up the DagBag from /home/airflow/.local/lib/python3.7/site-packages/airflow/example_dags/example_bash_operator.py
[2023-04-28T11:35:08.736+0000] {processor.py:753} INFO - DAG(s) dict_keys(['example_bash_operator']) retrieved from /home/airflow/.local/lib/python3.7/site-packages/airflow/example_dags/example_bash_operator.py
[2023-04-28T11:35:08.788+0000] {logging_mixin.py:137} INFO - [2023-04-28T11:35:08.787+0000] {dag.py:2705} INFO - Sync 1 DAGs
[2023-04-28T11:35:08.818+0000] {logging_mixin.py:137} INFO - [2023-04-28T11:35:08.818+0000] {dag.py:3456} INFO - Setting next_dagrun for example_bash_operator to 2023-04-27T00:00:00+00:00, run_after=2023-04-28T00:00:00+00:00
[2023-04-28T11:35:08.842+0000] {processor.py:175} INFO - Processing /home/airflow/.local/lib/python3.7/site-packages/airflow/example_dags/example_bash_operator.py took 0.158 seconds
[2023-04-28T11:35:40.027+0000] {processor.py:153} INFO - Started process (PID=5070) to work on /home/airflow/.local/lib/python3.7/site-packages/airflow/example_dags/example_bash_operator.py
[2023-04-28T11:35:40.029+0000] {processor.py:743} INFO - Processing file /home/airflow/.local/lib/python3.7/site-packages/airflow/example_dags/example_bash_operator.py for tasks to queue
[2023-04-28T11:35:40.031+0000] {logging_mixin.py:137} INFO - [2023-04-28T11:35:40.031+0000] {dagbag.py:532} INFO - Filling up the DagBag from /home/airflow/.local/lib/python3.7/site-packages/airflow/example_dags/example_bash_operator.py
[2023-04-28T11:35:40.059+0000] {processor.py:753} INFO - DAG(s) dict_keys(['example_bash_operator']) retrieved from /home/airflow/.local/lib/python3.7/site-packages/airflow/example_dags/example_bash_operator.py
[2023-04-28T11:35:40.106+0000] {logging_mixin.py:137} INFO - [2023-04-28T11:35:40.106+0000] {dag.py:2705} INFO - Sync 1 DAGs
[2023-04-28T11:35:40.139+0000] {logging_mixin.py:137} INFO - [2023-04-28T11:35:40.139+0000] {dag.py:3456} INFO - Setting next_dagrun for example_bash_operator to 2023-04-27T00:00:00+00:00, run_after=2023-04-28T00:00:00+00:00
[2023-04-28T11:35:40.164+0000] {processor.py:175} INFO - Processing /home/airflow/.local/lib/python3.7/site-packages/airflow/example_dags/example_bash_operator.py took 0.142 seconds
[2023-04-28T11:36:10.442+0000] {processor.py:153} INFO - Started process (PID=5288) to work on /home/airflow/.local/lib/python3.7/site-packages/airflow/example_dags/example_bash_operator.py
[2023-04-28T11:36:10.446+0000] {processor.py:743} INFO - Processing file /home/airflow/.local/lib/python3.7/site-packages/airflow/example_dags/example_bash_operator.py for tasks to queue
[2023-04-28T11:36:10.449+0000] {logging_mixin.py:137} INFO - [2023-04-28T11:36:10.449+0000] {dagbag.py:532} INFO - Filling up the DagBag from /home/airflow/.local/lib/python3.7/site-packages/airflow/example_dags/example_bash_operator.py
[2023-04-28T11:36:10.495+0000] {processor.py:753} INFO - DAG(s) dict_keys(['example_bash_operator']) retrieved from /home/airflow/.local/lib/python3.7/site-packages/airflow/example_dags/example_bash_operator.py
[2023-04-28T11:36:10.574+0000] {logging_mixin.py:137} INFO - [2023-04-28T11:36:10.574+0000] {dag.py:2705} INFO - Sync 1 DAGs
[2023-04-28T11:36:10.615+0000] {logging_mixin.py:137} INFO - [2023-04-28T11:36:10.614+0000] {dag.py:3456} INFO - Setting next_dagrun for example_bash_operator to 2023-04-27T00:00:00+00:00, run_after=2023-04-28T00:00:00+00:00
[2023-04-28T11:36:10.645+0000] {processor.py:175} INFO - Processing /home/airflow/.local/lib/python3.7/site-packages/airflow/example_dags/example_bash_operator.py took 0.214 seconds
[2023-04-28T11:36:41.355+0000] {processor.py:153} INFO - Started process (PID=5506) to work on /home/airflow/.local/lib/python3.7/site-packages/airflow/example_dags/example_bash_operator.py
[2023-04-28T11:36:41.360+0000] {processor.py:743} INFO - Processing file /home/airflow/.local/lib/python3.7/site-packages/airflow/example_dags/example_bash_operator.py for tasks to queue
[2023-04-28T11:36:41.363+0000] {logging_mixin.py:137} INFO - [2023-04-28T11:36:41.363+0000] {dagbag.py:532} INFO - Filling up the DagBag from /home/airflow/.local/lib/python3.7/site-packages/airflow/example_dags/example_bash_operator.py
[2023-04-28T11:36:41.402+0000] {processor.py:753} INFO - DAG(s) dict_keys(['example_bash_operator']) retrieved from /home/airflow/.local/lib/python3.7/site-packages/airflow/example_dags/example_bash_operator.py
[2023-04-28T11:36:41.479+0000] {logging_mixin.py:137} INFO - [2023-04-28T11:36:41.479+0000] {dag.py:2705} INFO - Sync 1 DAGs
[2023-04-28T11:36:41.536+0000] {logging_mixin.py:137} INFO - [2023-04-28T11:36:41.536+0000] {dag.py:3456} INFO - Setting next_dagrun for example_bash_operator to 2023-04-27T00:00:00+00:00, run_after=2023-04-28T00:00:00+00:00
[2023-04-28T11:36:41.578+0000] {processor.py:175} INFO - Processing /home/airflow/.local/lib/python3.7/site-packages/airflow/example_dags/example_bash_operator.py took 0.230 seconds
[2023-04-28T11:37:11.782+0000] {processor.py:153} INFO - Started process (PID=5729) to work on /home/airflow/.local/lib/python3.7/site-packages/airflow/example_dags/example_bash_operator.py
[2023-04-28T11:37:11.784+0000] {processor.py:743} INFO - Processing file /home/airflow/.local/lib/python3.7/site-packages/airflow/example_dags/example_bash_operator.py for tasks to queue
[2023-04-28T11:37:11.786+0000] {logging_mixin.py:137} INFO - [2023-04-28T11:37:11.786+0000] {dagbag.py:532} INFO - Filling up the DagBag from /home/airflow/.local/lib/python3.7/site-packages/airflow/example_dags/example_bash_operator.py
[2023-04-28T11:37:11.815+0000] {processor.py:753} INFO - DAG(s) dict_keys(['example_bash_operator']) retrieved from /home/airflow/.local/lib/python3.7/site-packages/airflow/example_dags/example_bash_operator.py
[2023-04-28T11:37:11.886+0000] {logging_mixin.py:137} INFO - [2023-04-28T11:37:11.886+0000] {dag.py:2705} INFO - Sync 1 DAGs
[2023-04-28T11:37:11.960+0000] {logging_mixin.py:137} INFO - [2023-04-28T11:37:11.960+0000] {dag.py:3456} INFO - Setting next_dagrun for example_bash_operator to 2023-04-27T00:00:00+00:00, run_after=2023-04-28T00:00:00+00:00
[2023-04-28T11:37:12.002+0000] {processor.py:175} INFO - Processing /home/airflow/.local/lib/python3.7/site-packages/airflow/example_dags/example_bash_operator.py took 0.225 seconds
[2023-04-28T11:37:42.214+0000] {processor.py:153} INFO - Started process (PID=5945) to work on /home/airflow/.local/lib/python3.7/site-packages/airflow/example_dags/example_bash_operator.py
[2023-04-28T11:37:42.217+0000] {processor.py:743} INFO - Processing file /home/airflow/.local/lib/python3.7/site-packages/airflow/example_dags/example_bash_operator.py for tasks to queue
[2023-04-28T11:37:42.219+0000] {logging_mixin.py:137} INFO - [2023-04-28T11:37:42.219+0000] {dagbag.py:532} INFO - Filling up the DagBag from /home/airflow/.local/lib/python3.7/site-packages/airflow/example_dags/example_bash_operator.py
[2023-04-28T11:37:42.260+0000] {processor.py:753} INFO - DAG(s) dict_keys(['example_bash_operator']) retrieved from /home/airflow/.local/lib/python3.7/site-packages/airflow/example_dags/example_bash_operator.py
[2023-04-28T11:37:42.313+0000] {logging_mixin.py:137} INFO - [2023-04-28T11:37:42.312+0000] {dag.py:2705} INFO - Sync 1 DAGs
[2023-04-28T11:37:42.348+0000] {logging_mixin.py:137} INFO - [2023-04-28T11:37:42.348+0000] {dag.py:3456} INFO - Setting next_dagrun for example_bash_operator to 2023-04-27T00:00:00+00:00, run_after=2023-04-28T00:00:00+00:00
[2023-04-28T11:37:42.371+0000] {processor.py:175} INFO - Processing /home/airflow/.local/lib/python3.7/site-packages/airflow/example_dags/example_bash_operator.py took 0.163 seconds
[2023-04-28T11:38:12.544+0000] {processor.py:153} INFO - Started process (PID=6163) to work on /home/airflow/.local/lib/python3.7/site-packages/airflow/example_dags/example_bash_operator.py
[2023-04-28T11:38:12.546+0000] {processor.py:743} INFO - Processing file /home/airflow/.local/lib/python3.7/site-packages/airflow/example_dags/example_bash_operator.py for tasks to queue
[2023-04-28T11:38:12.549+0000] {logging_mixin.py:137} INFO - [2023-04-28T11:38:12.549+0000] {dagbag.py:532} INFO - Filling up the DagBag from /home/airflow/.local/lib/python3.7/site-packages/airflow/example_dags/example_bash_operator.py
[2023-04-28T11:38:12.580+0000] {processor.py:753} INFO - DAG(s) dict_keys(['example_bash_operator']) retrieved from /home/airflow/.local/lib/python3.7/site-packages/airflow/example_dags/example_bash_operator.py
[2023-04-28T11:38:12.635+0000] {logging_mixin.py:137} INFO - [2023-04-28T11:38:12.635+0000] {dag.py:2705} INFO - Sync 1 DAGs
[2023-04-28T11:38:12.669+0000] {logging_mixin.py:137} INFO - [2023-04-28T11:38:12.669+0000] {dag.py:3456} INFO - Setting next_dagrun for example_bash_operator to 2023-04-27T00:00:00+00:00, run_after=2023-04-28T00:00:00+00:00
[2023-04-28T11:38:12.695+0000] {processor.py:175} INFO - Processing /home/airflow/.local/lib/python3.7/site-packages/airflow/example_dags/example_bash_operator.py took 0.157 seconds
[2023-04-28T11:38:43.007+0000] {processor.py:153} INFO - Started process (PID=6376) to work on /home/airflow/.local/lib/python3.7/site-packages/airflow/example_dags/example_bash_operator.py
[2023-04-28T11:38:43.010+0000] {processor.py:743} INFO - Processing file /home/airflow/.local/lib/python3.7/site-packages/airflow/example_dags/example_bash_operator.py for tasks to queue
[2023-04-28T11:38:43.012+0000] {logging_mixin.py:137} INFO - [2023-04-28T11:38:43.011+0000] {dagbag.py:532} INFO - Filling up the DagBag from /home/airflow/.local/lib/python3.7/site-packages/airflow/example_dags/example_bash_operator.py
[2023-04-28T11:38:43.041+0000] {processor.py:753} INFO - DAG(s) dict_keys(['example_bash_operator']) retrieved from /home/airflow/.local/lib/python3.7/site-packages/airflow/example_dags/example_bash_operator.py
[2023-04-28T11:38:43.089+0000] {logging_mixin.py:137} INFO - [2023-04-28T11:38:43.089+0000] {dag.py:2705} INFO - Sync 1 DAGs
[2023-04-28T11:38:43.121+0000] {logging_mixin.py:137} INFO - [2023-04-28T11:38:43.121+0000] {dag.py:3456} INFO - Setting next_dagrun for example_bash_operator to 2023-04-27T00:00:00+00:00, run_after=2023-04-28T00:00:00+00:00
[2023-04-28T11:38:43.221+0000] {processor.py:175} INFO - Processing /home/airflow/.local/lib/python3.7/site-packages/airflow/example_dags/example_bash_operator.py took 0.219 seconds
[2023-04-28T11:39:13.985+0000] {processor.py:153} INFO - Started process (PID=6596) to work on /home/airflow/.local/lib/python3.7/site-packages/airflow/example_dags/example_bash_operator.py
[2023-04-28T11:39:13.987+0000] {processor.py:743} INFO - Processing file /home/airflow/.local/lib/python3.7/site-packages/airflow/example_dags/example_bash_operator.py for tasks to queue
[2023-04-28T11:39:13.989+0000] {logging_mixin.py:137} INFO - [2023-04-28T11:39:13.989+0000] {dagbag.py:532} INFO - Filling up the DagBag from /home/airflow/.local/lib/python3.7/site-packages/airflow/example_dags/example_bash_operator.py
[2023-04-28T11:39:14.020+0000] {processor.py:753} INFO - DAG(s) dict_keys(['example_bash_operator']) retrieved from /home/airflow/.local/lib/python3.7/site-packages/airflow/example_dags/example_bash_operator.py
[2023-04-28T11:39:14.073+0000] {logging_mixin.py:137} INFO - [2023-04-28T11:39:14.073+0000] {dag.py:2705} INFO - Sync 1 DAGs
[2023-04-28T11:39:14.107+0000] {logging_mixin.py:137} INFO - [2023-04-28T11:39:14.107+0000] {dag.py:3456} INFO - Setting next_dagrun for example_bash_operator to 2023-04-27T00:00:00+00:00, run_after=2023-04-28T00:00:00+00:00
[2023-04-28T11:39:14.132+0000] {processor.py:175} INFO - Processing /home/airflow/.local/lib/python3.7/site-packages/airflow/example_dags/example_bash_operator.py took 0.154 seconds
[2023-04-28T11:39:44.584+0000] {processor.py:153} INFO - Started process (PID=6828) to work on /home/airflow/.local/lib/python3.7/site-packages/airflow/example_dags/example_bash_operator.py
[2023-04-28T11:39:44.589+0000] {processor.py:743} INFO - Processing file /home/airflow/.local/lib/python3.7/site-packages/airflow/example_dags/example_bash_operator.py for tasks to queue
[2023-04-28T11:39:44.593+0000] {logging_mixin.py:137} INFO - [2023-04-28T11:39:44.593+0000] {dagbag.py:532} INFO - Filling up the DagBag from /home/airflow/.local/lib/python3.7/site-packages/airflow/example_dags/example_bash_operator.py
[2023-04-28T11:39:44.653+0000] {processor.py:753} INFO - DAG(s) dict_keys(['example_bash_operator']) retrieved from /home/airflow/.local/lib/python3.7/site-packages/airflow/example_dags/example_bash_operator.py
[2023-04-28T11:39:44.752+0000] {logging_mixin.py:137} INFO - [2023-04-28T11:39:44.752+0000] {dag.py:2705} INFO - Sync 1 DAGs
[2023-04-28T11:39:44.809+0000] {logging_mixin.py:137} INFO - [2023-04-28T11:39:44.808+0000] {dag.py:3456} INFO - Setting next_dagrun for example_bash_operator to 2023-04-27T00:00:00+00:00, run_after=2023-04-28T00:00:00+00:00
[2023-04-28T11:39:44.849+0000] {processor.py:175} INFO - Processing /home/airflow/.local/lib/python3.7/site-packages/airflow/example_dags/example_bash_operator.py took 0.279 seconds
[2023-04-28T11:40:15.051+0000] {processor.py:153} INFO - Started process (PID=7051) to work on /home/airflow/.local/lib/python3.7/site-packages/airflow/example_dags/example_bash_operator.py
[2023-04-28T11:40:15.053+0000] {processor.py:743} INFO - Processing file /home/airflow/.local/lib/python3.7/site-packages/airflow/example_dags/example_bash_operator.py for tasks to queue
[2023-04-28T11:40:15.055+0000] {logging_mixin.py:137} INFO - [2023-04-28T11:40:15.054+0000] {dagbag.py:532} INFO - Filling up the DagBag from /home/airflow/.local/lib/python3.7/site-packages/airflow/example_dags/example_bash_operator.py
[2023-04-28T11:40:15.085+0000] {processor.py:753} INFO - DAG(s) dict_keys(['example_bash_operator']) retrieved from /home/airflow/.local/lib/python3.7/site-packages/airflow/example_dags/example_bash_operator.py
[2023-04-28T11:40:15.137+0000] {logging_mixin.py:137} INFO - [2023-04-28T11:40:15.136+0000] {dag.py:2705} INFO - Sync 1 DAGs
[2023-04-28T11:40:15.172+0000] {logging_mixin.py:137} INFO - [2023-04-28T11:40:15.172+0000] {dag.py:3456} INFO - Setting next_dagrun for example_bash_operator to 2023-04-27T00:00:00+00:00, run_after=2023-04-28T00:00:00+00:00
[2023-04-28T11:40:15.199+0000] {processor.py:175} INFO - Processing /home/airflow/.local/lib/python3.7/site-packages/airflow/example_dags/example_bash_operator.py took 0.154 seconds
[2023-04-28T11:40:47.392+0000] {processor.py:153} INFO - Started process (PID=7268) to work on /home/airflow/.local/lib/python3.7/site-packages/airflow/example_dags/example_bash_operator.py
[2023-04-28T11:40:47.397+0000] {processor.py:743} INFO - Processing file /home/airflow/.local/lib/python3.7/site-packages/airflow/example_dags/example_bash_operator.py for tasks to queue
[2023-04-28T11:40:47.400+0000] {logging_mixin.py:137} INFO - [2023-04-28T11:40:47.400+0000] {dagbag.py:532} INFO - Filling up the DagBag from /home/airflow/.local/lib/python3.7/site-packages/airflow/example_dags/example_bash_operator.py
[2023-04-28T11:40:47.451+0000] {processor.py:753} INFO - DAG(s) dict_keys(['example_bash_operator']) retrieved from /home/airflow/.local/lib/python3.7/site-packages/airflow/example_dags/example_bash_operator.py
[2023-04-28T11:40:47.541+0000] {logging_mixin.py:137} INFO - [2023-04-28T11:40:47.541+0000] {dag.py:2705} INFO - Sync 1 DAGs
[2023-04-28T11:40:47.616+0000] {logging_mixin.py:137} INFO - [2023-04-28T11:40:47.616+0000] {dag.py:3456} INFO - Setting next_dagrun for example_bash_operator to 2023-04-27T00:00:00+00:00, run_after=2023-04-28T00:00:00+00:00
[2023-04-28T11:40:47.678+0000] {processor.py:175} INFO - Processing /home/airflow/.local/lib/python3.7/site-packages/airflow/example_dags/example_bash_operator.py took 0.294 seconds
