[2023-04-28T11:24:25.164+0000] {processor.py:153} INFO - Started process (PID=343) to work on /home/airflow/.local/lib/python3.7/site-packages/airflow/example_dags/example_skip_dag.py
[2023-04-28T11:24:25.166+0000] {processor.py:743} INFO - Processing file /home/airflow/.local/lib/python3.7/site-packages/airflow/example_dags/example_skip_dag.py for tasks to queue
[2023-04-28T11:24:25.167+0000] {logging_mixin.py:137} INFO - [2023-04-28T11:24:25.167+0000] {dagbag.py:532} INFO - Filling up the DagBag from /home/airflow/.local/lib/python3.7/site-packages/airflow/example_dags/example_skip_dag.py
[2023-04-28T11:24:25.185+0000] {processor.py:753} INFO - DAG(s) dict_keys(['example_skip_dag']) retrieved from /home/airflow/.local/lib/python3.7/site-packages/airflow/example_dags/example_skip_dag.py
[2023-04-28T11:24:25.201+0000] {logging_mixin.py:137} INFO - [2023-04-28T11:24:25.201+0000] {dag.py:2705} INFO - Sync 1 DAGs
[2023-04-28T11:24:25.232+0000] {logging_mixin.py:137} INFO - [2023-04-28T11:24:25.232+0000] {dag.py:3456} INFO - Setting next_dagrun for example_skip_dag to 2023-04-27T11:24:25.232046+00:00, run_after=2023-04-28T11:24:25.232046+00:00
[2023-04-28T11:24:25.264+0000] {processor.py:175} INFO - Processing /home/airflow/.local/lib/python3.7/site-packages/airflow/example_dags/example_skip_dag.py took 0.104 seconds
[2023-04-28T11:24:55.867+0000] {processor.py:153} INFO - Started process (PID=563) to work on /home/airflow/.local/lib/python3.7/site-packages/airflow/example_dags/example_skip_dag.py
[2023-04-28T11:24:55.870+0000] {processor.py:743} INFO - Processing file /home/airflow/.local/lib/python3.7/site-packages/airflow/example_dags/example_skip_dag.py for tasks to queue
[2023-04-28T11:24:55.871+0000] {logging_mixin.py:137} INFO - [2023-04-28T11:24:55.871+0000] {dagbag.py:532} INFO - Filling up the DagBag from /home/airflow/.local/lib/python3.7/site-packages/airflow/example_dags/example_skip_dag.py
[2023-04-28T11:24:55.887+0000] {processor.py:753} INFO - DAG(s) dict_keys(['example_skip_dag']) retrieved from /home/airflow/.local/lib/python3.7/site-packages/airflow/example_dags/example_skip_dag.py
[2023-04-28T11:24:55.917+0000] {logging_mixin.py:137} INFO - [2023-04-28T11:24:55.917+0000] {dag.py:2705} INFO - Sync 1 DAGs
[2023-04-28T11:24:55.946+0000] {logging_mixin.py:137} INFO - [2023-04-28T11:24:55.946+0000] {dag.py:3456} INFO - Setting next_dagrun for example_skip_dag to 2023-04-27T11:24:55.946187+00:00, run_after=2023-04-28T11:24:55.946187+00:00
[2023-04-28T11:24:55.968+0000] {processor.py:175} INFO - Processing /home/airflow/.local/lib/python3.7/site-packages/airflow/example_dags/example_skip_dag.py took 0.105 seconds
[2023-04-28T11:25:27.703+0000] {processor.py:153} INFO - Started process (PID=779) to work on /home/airflow/.local/lib/python3.7/site-packages/airflow/example_dags/example_skip_dag.py
[2023-04-28T11:25:27.706+0000] {processor.py:743} INFO - Processing file /home/airflow/.local/lib/python3.7/site-packages/airflow/example_dags/example_skip_dag.py for tasks to queue
[2023-04-28T11:25:27.710+0000] {logging_mixin.py:137} INFO - [2023-04-28T11:25:27.710+0000] {dagbag.py:532} INFO - Filling up the DagBag from /home/airflow/.local/lib/python3.7/site-packages/airflow/example_dags/example_skip_dag.py
[2023-04-28T11:25:27.743+0000] {processor.py:753} INFO - DAG(s) dict_keys(['example_skip_dag']) retrieved from /home/airflow/.local/lib/python3.7/site-packages/airflow/example_dags/example_skip_dag.py
[2023-04-28T11:25:27.802+0000] {logging_mixin.py:137} INFO - [2023-04-28T11:25:27.802+0000] {dag.py:2705} INFO - Sync 1 DAGs
[2023-04-28T11:25:27.853+0000] {logging_mixin.py:137} INFO - [2023-04-28T11:25:27.853+0000] {dag.py:3456} INFO - Setting next_dagrun for example_skip_dag to 2023-04-27T11:25:27.853043+00:00, run_after=2023-04-28T11:25:27.853043+00:00
[2023-04-28T11:25:27.895+0000] {processor.py:175} INFO - Processing /home/airflow/.local/lib/python3.7/site-packages/airflow/example_dags/example_skip_dag.py took 0.201 seconds
[2023-04-28T11:25:59.394+0000] {processor.py:153} INFO - Started process (PID=997) to work on /home/airflow/.local/lib/python3.7/site-packages/airflow/example_dags/example_skip_dag.py
[2023-04-28T11:25:59.398+0000] {processor.py:743} INFO - Processing file /home/airflow/.local/lib/python3.7/site-packages/airflow/example_dags/example_skip_dag.py for tasks to queue
[2023-04-28T11:25:59.401+0000] {logging_mixin.py:137} INFO - [2023-04-28T11:25:59.401+0000] {dagbag.py:532} INFO - Filling up the DagBag from /home/airflow/.local/lib/python3.7/site-packages/airflow/example_dags/example_skip_dag.py
[2023-04-28T11:25:59.429+0000] {processor.py:753} INFO - DAG(s) dict_keys(['example_skip_dag']) retrieved from /home/airflow/.local/lib/python3.7/site-packages/airflow/example_dags/example_skip_dag.py
[2023-04-28T11:25:59.480+0000] {logging_mixin.py:137} INFO - [2023-04-28T11:25:59.479+0000] {dag.py:2705} INFO - Sync 1 DAGs
[2023-04-28T11:25:59.523+0000] {logging_mixin.py:137} INFO - [2023-04-28T11:25:59.523+0000] {dag.py:3456} INFO - Setting next_dagrun for example_skip_dag to 2023-04-27T11:25:59.522848+00:00, run_after=2023-04-28T11:25:59.522848+00:00
[2023-04-28T11:25:59.568+0000] {processor.py:175} INFO - Processing /home/airflow/.local/lib/python3.7/site-packages/airflow/example_dags/example_skip_dag.py took 0.180 seconds
[2023-04-28T11:26:30.204+0000] {processor.py:153} INFO - Started process (PID=1215) to work on /home/airflow/.local/lib/python3.7/site-packages/airflow/example_dags/example_skip_dag.py
[2023-04-28T11:26:30.206+0000] {processor.py:743} INFO - Processing file /home/airflow/.local/lib/python3.7/site-packages/airflow/example_dags/example_skip_dag.py for tasks to queue
[2023-04-28T11:26:30.208+0000] {logging_mixin.py:137} INFO - [2023-04-28T11:26:30.207+0000] {dagbag.py:532} INFO - Filling up the DagBag from /home/airflow/.local/lib/python3.7/site-packages/airflow/example_dags/example_skip_dag.py
[2023-04-28T11:26:30.224+0000] {processor.py:753} INFO - DAG(s) dict_keys(['example_skip_dag']) retrieved from /home/airflow/.local/lib/python3.7/site-packages/airflow/example_dags/example_skip_dag.py
[2023-04-28T11:26:30.254+0000] {logging_mixin.py:137} INFO - [2023-04-28T11:26:30.254+0000] {dag.py:2705} INFO - Sync 1 DAGs
[2023-04-28T11:26:30.283+0000] {logging_mixin.py:137} INFO - [2023-04-28T11:26:30.283+0000] {dag.py:3456} INFO - Setting next_dagrun for example_skip_dag to 2023-04-27T11:26:30.283341+00:00, run_after=2023-04-28T11:26:30.283341+00:00
[2023-04-28T11:26:30.304+0000] {processor.py:175} INFO - Processing /home/airflow/.local/lib/python3.7/site-packages/airflow/example_dags/example_skip_dag.py took 0.105 seconds
[2023-04-28T11:27:00.830+0000] {processor.py:153} INFO - Started process (PID=1428) to work on /home/airflow/.local/lib/python3.7/site-packages/airflow/example_dags/example_skip_dag.py
[2023-04-28T11:27:00.834+0000] {processor.py:743} INFO - Processing file /home/airflow/.local/lib/python3.7/site-packages/airflow/example_dags/example_skip_dag.py for tasks to queue
[2023-04-28T11:27:00.837+0000] {logging_mixin.py:137} INFO - [2023-04-28T11:27:00.836+0000] {dagbag.py:532} INFO - Filling up the DagBag from /home/airflow/.local/lib/python3.7/site-packages/airflow/example_dags/example_skip_dag.py
[2023-04-28T11:27:00.867+0000] {processor.py:753} INFO - DAG(s) dict_keys(['example_skip_dag']) retrieved from /home/airflow/.local/lib/python3.7/site-packages/airflow/example_dags/example_skip_dag.py
[2023-04-28T11:27:00.928+0000] {logging_mixin.py:137} INFO - [2023-04-28T11:27:00.927+0000] {dag.py:2705} INFO - Sync 1 DAGs
[2023-04-28T11:27:00.984+0000] {logging_mixin.py:137} INFO - [2023-04-28T11:27:00.984+0000] {dag.py:3456} INFO - Setting next_dagrun for example_skip_dag to 2023-04-27T11:27:00.983682+00:00, run_after=2023-04-28T11:27:00.983682+00:00
[2023-04-28T11:27:01.023+0000] {processor.py:175} INFO - Processing /home/airflow/.local/lib/python3.7/site-packages/airflow/example_dags/example_skip_dag.py took 0.202 seconds
[2023-04-28T11:27:32.097+0000] {processor.py:153} INFO - Started process (PID=1653) to work on /home/airflow/.local/lib/python3.7/site-packages/airflow/example_dags/example_skip_dag.py
[2023-04-28T11:27:32.101+0000] {processor.py:743} INFO - Processing file /home/airflow/.local/lib/python3.7/site-packages/airflow/example_dags/example_skip_dag.py for tasks to queue
[2023-04-28T11:27:32.104+0000] {logging_mixin.py:137} INFO - [2023-04-28T11:27:32.104+0000] {dagbag.py:532} INFO - Filling up the DagBag from /home/airflow/.local/lib/python3.7/site-packages/airflow/example_dags/example_skip_dag.py
[2023-04-28T11:27:32.127+0000] {processor.py:753} INFO - DAG(s) dict_keys(['example_skip_dag']) retrieved from /home/airflow/.local/lib/python3.7/site-packages/airflow/example_dags/example_skip_dag.py
[2023-04-28T11:27:32.179+0000] {logging_mixin.py:137} INFO - [2023-04-28T11:27:32.179+0000] {dag.py:2705} INFO - Sync 1 DAGs
[2023-04-28T11:27:32.251+0000] {logging_mixin.py:137} INFO - [2023-04-28T11:27:32.251+0000] {dag.py:3456} INFO - Setting next_dagrun for example_skip_dag to 2023-04-27T11:27:32.251077+00:00, run_after=2023-04-28T11:27:32.251077+00:00
[2023-04-28T11:27:32.283+0000] {processor.py:175} INFO - Processing /home/airflow/.local/lib/python3.7/site-packages/airflow/example_dags/example_skip_dag.py took 0.193 seconds
[2023-04-28T11:28:03.480+0000] {processor.py:153} INFO - Started process (PID=1869) to work on /home/airflow/.local/lib/python3.7/site-packages/airflow/example_dags/example_skip_dag.py
[2023-04-28T11:28:03.482+0000] {processor.py:743} INFO - Processing file /home/airflow/.local/lib/python3.7/site-packages/airflow/example_dags/example_skip_dag.py for tasks to queue
[2023-04-28T11:28:03.485+0000] {logging_mixin.py:137} INFO - [2023-04-28T11:28:03.484+0000] {dagbag.py:532} INFO - Filling up the DagBag from /home/airflow/.local/lib/python3.7/site-packages/airflow/example_dags/example_skip_dag.py
[2023-04-28T11:28:03.508+0000] {processor.py:753} INFO - DAG(s) dict_keys(['example_skip_dag']) retrieved from /home/airflow/.local/lib/python3.7/site-packages/airflow/example_dags/example_skip_dag.py
[2023-04-28T11:28:03.561+0000] {logging_mixin.py:137} INFO - [2023-04-28T11:28:03.561+0000] {dag.py:2705} INFO - Sync 1 DAGs
[2023-04-28T11:28:03.603+0000] {logging_mixin.py:137} INFO - [2023-04-28T11:28:03.603+0000] {dag.py:3456} INFO - Setting next_dagrun for example_skip_dag to 2023-04-27T11:28:03.602979+00:00, run_after=2023-04-28T11:28:03.602979+00:00
[2023-04-28T11:28:03.634+0000] {processor.py:175} INFO - Processing /home/airflow/.local/lib/python3.7/site-packages/airflow/example_dags/example_skip_dag.py took 0.160 seconds
[2023-04-28T11:28:34.261+0000] {processor.py:153} INFO - Started process (PID=2087) to work on /home/airflow/.local/lib/python3.7/site-packages/airflow/example_dags/example_skip_dag.py
[2023-04-28T11:28:34.264+0000] {processor.py:743} INFO - Processing file /home/airflow/.local/lib/python3.7/site-packages/airflow/example_dags/example_skip_dag.py for tasks to queue
[2023-04-28T11:28:34.266+0000] {logging_mixin.py:137} INFO - [2023-04-28T11:28:34.266+0000] {dagbag.py:532} INFO - Filling up the DagBag from /home/airflow/.local/lib/python3.7/site-packages/airflow/example_dags/example_skip_dag.py
[2023-04-28T11:28:34.288+0000] {processor.py:753} INFO - DAG(s) dict_keys(['example_skip_dag']) retrieved from /home/airflow/.local/lib/python3.7/site-packages/airflow/example_dags/example_skip_dag.py
[2023-04-28T11:28:34.328+0000] {logging_mixin.py:137} INFO - [2023-04-28T11:28:34.327+0000] {dag.py:2705} INFO - Sync 1 DAGs
[2023-04-28T11:28:34.364+0000] {logging_mixin.py:137} INFO - [2023-04-28T11:28:34.363+0000] {dag.py:3456} INFO - Setting next_dagrun for example_skip_dag to 2023-04-27T11:28:34.363690+00:00, run_after=2023-04-28T11:28:34.363690+00:00
[2023-04-28T11:28:34.393+0000] {processor.py:175} INFO - Processing /home/airflow/.local/lib/python3.7/site-packages/airflow/example_dags/example_skip_dag.py took 0.138 seconds
[2023-04-28T11:29:04.778+0000] {processor.py:153} INFO - Started process (PID=2305) to work on /home/airflow/.local/lib/python3.7/site-packages/airflow/example_dags/example_skip_dag.py
[2023-04-28T11:29:04.780+0000] {processor.py:743} INFO - Processing file /home/airflow/.local/lib/python3.7/site-packages/airflow/example_dags/example_skip_dag.py for tasks to queue
[2023-04-28T11:29:04.783+0000] {logging_mixin.py:137} INFO - [2023-04-28T11:29:04.782+0000] {dagbag.py:532} INFO - Filling up the DagBag from /home/airflow/.local/lib/python3.7/site-packages/airflow/example_dags/example_skip_dag.py
[2023-04-28T11:29:04.800+0000] {processor.py:753} INFO - DAG(s) dict_keys(['example_skip_dag']) retrieved from /home/airflow/.local/lib/python3.7/site-packages/airflow/example_dags/example_skip_dag.py
[2023-04-28T11:29:04.834+0000] {logging_mixin.py:137} INFO - [2023-04-28T11:29:04.834+0000] {dag.py:2705} INFO - Sync 1 DAGs
[2023-04-28T11:29:04.863+0000] {logging_mixin.py:137} INFO - [2023-04-28T11:29:04.863+0000] {dag.py:3456} INFO - Setting next_dagrun for example_skip_dag to 2023-04-27T11:29:04.863057+00:00, run_after=2023-04-28T11:29:04.863057+00:00
[2023-04-28T11:29:04.893+0000] {processor.py:175} INFO - Processing /home/airflow/.local/lib/python3.7/site-packages/airflow/example_dags/example_skip_dag.py took 0.120 seconds
[2023-04-28T11:29:36.904+0000] {processor.py:153} INFO - Started process (PID=2523) to work on /home/airflow/.local/lib/python3.7/site-packages/airflow/example_dags/example_skip_dag.py
[2023-04-28T11:29:36.907+0000] {processor.py:743} INFO - Processing file /home/airflow/.local/lib/python3.7/site-packages/airflow/example_dags/example_skip_dag.py for tasks to queue
[2023-04-28T11:29:36.911+0000] {logging_mixin.py:137} INFO - [2023-04-28T11:29:36.911+0000] {dagbag.py:532} INFO - Filling up the DagBag from /home/airflow/.local/lib/python3.7/site-packages/airflow/example_dags/example_skip_dag.py
[2023-04-28T11:29:36.941+0000] {processor.py:753} INFO - DAG(s) dict_keys(['example_skip_dag']) retrieved from /home/airflow/.local/lib/python3.7/site-packages/airflow/example_dags/example_skip_dag.py
[2023-04-28T11:29:36.994+0000] {logging_mixin.py:137} INFO - [2023-04-28T11:29:36.993+0000] {dag.py:2705} INFO - Sync 1 DAGs
[2023-04-28T11:29:37.060+0000] {logging_mixin.py:137} INFO - [2023-04-28T11:29:37.060+0000] {dag.py:3456} INFO - Setting next_dagrun for example_skip_dag to 2023-04-27T11:29:37.059408+00:00, run_after=2023-04-28T11:29:37.059408+00:00
[2023-04-28T11:29:37.110+0000] {processor.py:175} INFO - Processing /home/airflow/.local/lib/python3.7/site-packages/airflow/example_dags/example_skip_dag.py took 0.214 seconds
[2023-04-28T11:30:07.661+0000] {processor.py:153} INFO - Started process (PID=2741) to work on /home/airflow/.local/lib/python3.7/site-packages/airflow/example_dags/example_skip_dag.py
[2023-04-28T11:30:07.663+0000] {processor.py:743} INFO - Processing file /home/airflow/.local/lib/python3.7/site-packages/airflow/example_dags/example_skip_dag.py for tasks to queue
[2023-04-28T11:30:07.665+0000] {logging_mixin.py:137} INFO - [2023-04-28T11:30:07.664+0000] {dagbag.py:532} INFO - Filling up the DagBag from /home/airflow/.local/lib/python3.7/site-packages/airflow/example_dags/example_skip_dag.py
[2023-04-28T11:30:07.682+0000] {processor.py:753} INFO - DAG(s) dict_keys(['example_skip_dag']) retrieved from /home/airflow/.local/lib/python3.7/site-packages/airflow/example_dags/example_skip_dag.py
[2023-04-28T11:30:07.716+0000] {logging_mixin.py:137} INFO - [2023-04-28T11:30:07.716+0000] {dag.py:2705} INFO - Sync 1 DAGs
[2023-04-28T11:30:07.749+0000] {logging_mixin.py:137} INFO - [2023-04-28T11:30:07.748+0000] {dag.py:3456} INFO - Setting next_dagrun for example_skip_dag to 2023-04-27T11:30:07.748535+00:00, run_after=2023-04-28T11:30:07.748535+00:00
[2023-04-28T11:30:07.774+0000] {processor.py:175} INFO - Processing /home/airflow/.local/lib/python3.7/site-packages/airflow/example_dags/example_skip_dag.py took 0.119 seconds
[2023-04-28T11:30:37.901+0000] {processor.py:153} INFO - Started process (PID=2959) to work on /home/airflow/.local/lib/python3.7/site-packages/airflow/example_dags/example_skip_dag.py
[2023-04-28T11:30:37.904+0000] {processor.py:743} INFO - Processing file /home/airflow/.local/lib/python3.7/site-packages/airflow/example_dags/example_skip_dag.py for tasks to queue
[2023-04-28T11:30:37.907+0000] {logging_mixin.py:137} INFO - [2023-04-28T11:30:37.907+0000] {dagbag.py:532} INFO - Filling up the DagBag from /home/airflow/.local/lib/python3.7/site-packages/airflow/example_dags/example_skip_dag.py
[2023-04-28T11:30:37.927+0000] {processor.py:753} INFO - DAG(s) dict_keys(['example_skip_dag']) retrieved from /home/airflow/.local/lib/python3.7/site-packages/airflow/example_dags/example_skip_dag.py
[2023-04-28T11:30:37.962+0000] {logging_mixin.py:137} INFO - [2023-04-28T11:30:37.962+0000] {dag.py:2705} INFO - Sync 1 DAGs
[2023-04-28T11:30:37.999+0000] {logging_mixin.py:137} INFO - [2023-04-28T11:30:37.999+0000] {dag.py:3456} INFO - Setting next_dagrun for example_skip_dag to 2023-04-27T11:30:37.999401+00:00, run_after=2023-04-28T11:30:37.999401+00:00
[2023-04-28T11:30:38.026+0000] {processor.py:175} INFO - Processing /home/airflow/.local/lib/python3.7/site-packages/airflow/example_dags/example_skip_dag.py took 0.132 seconds
[2023-04-28T11:31:09.156+0000] {processor.py:153} INFO - Started process (PID=3177) to work on /home/airflow/.local/lib/python3.7/site-packages/airflow/example_dags/example_skip_dag.py
[2023-04-28T11:31:09.158+0000] {processor.py:743} INFO - Processing file /home/airflow/.local/lib/python3.7/site-packages/airflow/example_dags/example_skip_dag.py for tasks to queue
[2023-04-28T11:31:09.160+0000] {logging_mixin.py:137} INFO - [2023-04-28T11:31:09.160+0000] {dagbag.py:532} INFO - Filling up the DagBag from /home/airflow/.local/lib/python3.7/site-packages/airflow/example_dags/example_skip_dag.py
[2023-04-28T11:31:09.180+0000] {processor.py:753} INFO - DAG(s) dict_keys(['example_skip_dag']) retrieved from /home/airflow/.local/lib/python3.7/site-packages/airflow/example_dags/example_skip_dag.py
[2023-04-28T11:31:09.215+0000] {logging_mixin.py:137} INFO - [2023-04-28T11:31:09.215+0000] {dag.py:2705} INFO - Sync 1 DAGs
[2023-04-28T11:31:09.249+0000] {logging_mixin.py:137} INFO - [2023-04-28T11:31:09.249+0000] {dag.py:3456} INFO - Setting next_dagrun for example_skip_dag to 2023-04-27T11:31:09.249216+00:00, run_after=2023-04-28T11:31:09.249216+00:00
[2023-04-28T11:31:09.278+0000] {processor.py:175} INFO - Processing /home/airflow/.local/lib/python3.7/site-packages/airflow/example_dags/example_skip_dag.py took 0.126 seconds
[2023-04-28T11:31:39.616+0000] {processor.py:153} INFO - Started process (PID=3396) to work on /home/airflow/.local/lib/python3.7/site-packages/airflow/example_dags/example_skip_dag.py
[2023-04-28T11:31:39.618+0000] {processor.py:743} INFO - Processing file /home/airflow/.local/lib/python3.7/site-packages/airflow/example_dags/example_skip_dag.py for tasks to queue
[2023-04-28T11:31:39.620+0000] {logging_mixin.py:137} INFO - [2023-04-28T11:31:39.620+0000] {dagbag.py:532} INFO - Filling up the DagBag from /home/airflow/.local/lib/python3.7/site-packages/airflow/example_dags/example_skip_dag.py
[2023-04-28T11:31:39.639+0000] {processor.py:753} INFO - DAG(s) dict_keys(['example_skip_dag']) retrieved from /home/airflow/.local/lib/python3.7/site-packages/airflow/example_dags/example_skip_dag.py
[2023-04-28T11:31:39.671+0000] {logging_mixin.py:137} INFO - [2023-04-28T11:31:39.671+0000] {dag.py:2705} INFO - Sync 1 DAGs
[2023-04-28T11:31:39.702+0000] {logging_mixin.py:137} INFO - [2023-04-28T11:31:39.701+0000] {dag.py:3456} INFO - Setting next_dagrun for example_skip_dag to 2023-04-27T11:31:39.701704+00:00, run_after=2023-04-28T11:31:39.701704+00:00
[2023-04-28T11:31:39.724+0000] {processor.py:175} INFO - Processing /home/airflow/.local/lib/python3.7/site-packages/airflow/example_dags/example_skip_dag.py took 0.113 seconds
[2023-04-28T11:32:09.939+0000] {processor.py:153} INFO - Started process (PID=3614) to work on /home/airflow/.local/lib/python3.7/site-packages/airflow/example_dags/example_skip_dag.py
[2023-04-28T11:32:09.941+0000] {processor.py:743} INFO - Processing file /home/airflow/.local/lib/python3.7/site-packages/airflow/example_dags/example_skip_dag.py for tasks to queue
[2023-04-28T11:32:09.942+0000] {logging_mixin.py:137} INFO - [2023-04-28T11:32:09.942+0000] {dagbag.py:532} INFO - Filling up the DagBag from /home/airflow/.local/lib/python3.7/site-packages/airflow/example_dags/example_skip_dag.py
[2023-04-28T11:32:09.961+0000] {processor.py:753} INFO - DAG(s) dict_keys(['example_skip_dag']) retrieved from /home/airflow/.local/lib/python3.7/site-packages/airflow/example_dags/example_skip_dag.py
[2023-04-28T11:32:09.992+0000] {logging_mixin.py:137} INFO - [2023-04-28T11:32:09.992+0000] {dag.py:2705} INFO - Sync 1 DAGs
[2023-04-28T11:32:10.021+0000] {logging_mixin.py:137} INFO - [2023-04-28T11:32:10.021+0000] {dag.py:3456} INFO - Setting next_dagrun for example_skip_dag to 2023-04-27T11:32:10.021576+00:00, run_after=2023-04-28T11:32:10.021576+00:00
[2023-04-28T11:32:10.044+0000] {processor.py:175} INFO - Processing /home/airflow/.local/lib/python3.7/site-packages/airflow/example_dags/example_skip_dag.py took 0.110 seconds
[2023-04-28T11:32:40.348+0000] {processor.py:153} INFO - Started process (PID=3832) to work on /home/airflow/.local/lib/python3.7/site-packages/airflow/example_dags/example_skip_dag.py
[2023-04-28T11:32:40.350+0000] {processor.py:743} INFO - Processing file /home/airflow/.local/lib/python3.7/site-packages/airflow/example_dags/example_skip_dag.py for tasks to queue
[2023-04-28T11:32:40.351+0000] {logging_mixin.py:137} INFO - [2023-04-28T11:32:40.351+0000] {dagbag.py:532} INFO - Filling up the DagBag from /home/airflow/.local/lib/python3.7/site-packages/airflow/example_dags/example_skip_dag.py
[2023-04-28T11:32:40.370+0000] {processor.py:753} INFO - DAG(s) dict_keys(['example_skip_dag']) retrieved from /home/airflow/.local/lib/python3.7/site-packages/airflow/example_dags/example_skip_dag.py
[2023-04-28T11:32:40.402+0000] {logging_mixin.py:137} INFO - [2023-04-28T11:32:40.401+0000] {dag.py:2705} INFO - Sync 1 DAGs
[2023-04-28T11:32:40.432+0000] {logging_mixin.py:137} INFO - [2023-04-28T11:32:40.431+0000] {dag.py:3456} INFO - Setting next_dagrun for example_skip_dag to 2023-04-27T11:32:40.431648+00:00, run_after=2023-04-28T11:32:40.431648+00:00
[2023-04-28T11:32:40.453+0000] {processor.py:175} INFO - Processing /home/airflow/.local/lib/python3.7/site-packages/airflow/example_dags/example_skip_dag.py took 0.109 seconds
[2023-04-28T11:33:10.571+0000] {processor.py:153} INFO - Started process (PID=4050) to work on /home/airflow/.local/lib/python3.7/site-packages/airflow/example_dags/example_skip_dag.py
[2023-04-28T11:33:10.573+0000] {processor.py:743} INFO - Processing file /home/airflow/.local/lib/python3.7/site-packages/airflow/example_dags/example_skip_dag.py for tasks to queue
[2023-04-28T11:33:10.575+0000] {logging_mixin.py:137} INFO - [2023-04-28T11:33:10.575+0000] {dagbag.py:532} INFO - Filling up the DagBag from /home/airflow/.local/lib/python3.7/site-packages/airflow/example_dags/example_skip_dag.py
[2023-04-28T11:33:10.593+0000] {processor.py:753} INFO - DAG(s) dict_keys(['example_skip_dag']) retrieved from /home/airflow/.local/lib/python3.7/site-packages/airflow/example_dags/example_skip_dag.py
[2023-04-28T11:33:10.624+0000] {logging_mixin.py:137} INFO - [2023-04-28T11:33:10.624+0000] {dag.py:2705} INFO - Sync 1 DAGs
[2023-04-28T11:33:10.653+0000] {logging_mixin.py:137} INFO - [2023-04-28T11:33:10.653+0000] {dag.py:3456} INFO - Setting next_dagrun for example_skip_dag to 2023-04-27T11:33:10.653269+00:00, run_after=2023-04-28T11:33:10.653269+00:00
[2023-04-28T11:33:10.674+0000] {processor.py:175} INFO - Processing /home/airflow/.local/lib/python3.7/site-packages/airflow/example_dags/example_skip_dag.py took 0.108 seconds
[2023-04-28T11:33:40.920+0000] {processor.py:153} INFO - Started process (PID=4268) to work on /home/airflow/.local/lib/python3.7/site-packages/airflow/example_dags/example_skip_dag.py
[2023-04-28T11:33:40.922+0000] {processor.py:743} INFO - Processing file /home/airflow/.local/lib/python3.7/site-packages/airflow/example_dags/example_skip_dag.py for tasks to queue
[2023-04-28T11:33:40.923+0000] {logging_mixin.py:137} INFO - [2023-04-28T11:33:40.923+0000] {dagbag.py:532} INFO - Filling up the DagBag from /home/airflow/.local/lib/python3.7/site-packages/airflow/example_dags/example_skip_dag.py
[2023-04-28T11:33:40.941+0000] {processor.py:753} INFO - DAG(s) dict_keys(['example_skip_dag']) retrieved from /home/airflow/.local/lib/python3.7/site-packages/airflow/example_dags/example_skip_dag.py
[2023-04-28T11:33:40.972+0000] {logging_mixin.py:137} INFO - [2023-04-28T11:33:40.972+0000] {dag.py:2705} INFO - Sync 1 DAGs
[2023-04-28T11:33:41.000+0000] {logging_mixin.py:137} INFO - [2023-04-28T11:33:41.000+0000] {dag.py:3456} INFO - Setting next_dagrun for example_skip_dag to 2023-04-27T11:33:41.000266+00:00, run_after=2023-04-28T11:33:41.000266+00:00
[2023-04-28T11:33:41.023+0000] {processor.py:175} INFO - Processing /home/airflow/.local/lib/python3.7/site-packages/airflow/example_dags/example_skip_dag.py took 0.108 seconds
[2023-04-28T11:34:11.193+0000] {processor.py:153} INFO - Started process (PID=4486) to work on /home/airflow/.local/lib/python3.7/site-packages/airflow/example_dags/example_skip_dag.py
[2023-04-28T11:34:11.195+0000] {processor.py:743} INFO - Processing file /home/airflow/.local/lib/python3.7/site-packages/airflow/example_dags/example_skip_dag.py for tasks to queue
[2023-04-28T11:34:11.197+0000] {logging_mixin.py:137} INFO - [2023-04-28T11:34:11.197+0000] {dagbag.py:532} INFO - Filling up the DagBag from /home/airflow/.local/lib/python3.7/site-packages/airflow/example_dags/example_skip_dag.py
[2023-04-28T11:34:11.216+0000] {processor.py:753} INFO - DAG(s) dict_keys(['example_skip_dag']) retrieved from /home/airflow/.local/lib/python3.7/site-packages/airflow/example_dags/example_skip_dag.py
[2023-04-28T11:34:11.249+0000] {logging_mixin.py:137} INFO - [2023-04-28T11:34:11.249+0000] {dag.py:2705} INFO - Sync 1 DAGs
[2023-04-28T11:34:11.281+0000] {logging_mixin.py:137} INFO - [2023-04-28T11:34:11.281+0000] {dag.py:3456} INFO - Setting next_dagrun for example_skip_dag to 2023-04-27T11:34:11.281318+00:00, run_after=2023-04-28T11:34:11.281318+00:00
[2023-04-28T11:34:11.306+0000] {processor.py:175} INFO - Processing /home/airflow/.local/lib/python3.7/site-packages/airflow/example_dags/example_skip_dag.py took 0.117 seconds
[2023-04-28T11:34:41.977+0000] {processor.py:153} INFO - Started process (PID=4704) to work on /home/airflow/.local/lib/python3.7/site-packages/airflow/example_dags/example_skip_dag.py
[2023-04-28T11:34:41.978+0000] {processor.py:743} INFO - Processing file /home/airflow/.local/lib/python3.7/site-packages/airflow/example_dags/example_skip_dag.py for tasks to queue
[2023-04-28T11:34:41.980+0000] {logging_mixin.py:137} INFO - [2023-04-28T11:34:41.980+0000] {dagbag.py:532} INFO - Filling up the DagBag from /home/airflow/.local/lib/python3.7/site-packages/airflow/example_dags/example_skip_dag.py
[2023-04-28T11:34:41.996+0000] {processor.py:753} INFO - DAG(s) dict_keys(['example_skip_dag']) retrieved from /home/airflow/.local/lib/python3.7/site-packages/airflow/example_dags/example_skip_dag.py
[2023-04-28T11:34:42.026+0000] {logging_mixin.py:137} INFO - [2023-04-28T11:34:42.026+0000] {dag.py:2705} INFO - Sync 1 DAGs
[2023-04-28T11:34:42.054+0000] {logging_mixin.py:137} INFO - [2023-04-28T11:34:42.054+0000] {dag.py:3456} INFO - Setting next_dagrun for example_skip_dag to 2023-04-27T11:34:42.054245+00:00, run_after=2023-04-28T11:34:42.054245+00:00
[2023-04-28T11:34:42.077+0000] {processor.py:175} INFO - Processing /home/airflow/.local/lib/python3.7/site-packages/airflow/example_dags/example_skip_dag.py took 0.105 seconds
[2023-04-28T11:35:12.764+0000] {processor.py:153} INFO - Started process (PID=4922) to work on /home/airflow/.local/lib/python3.7/site-packages/airflow/example_dags/example_skip_dag.py
[2023-04-28T11:35:12.766+0000] {processor.py:743} INFO - Processing file /home/airflow/.local/lib/python3.7/site-packages/airflow/example_dags/example_skip_dag.py for tasks to queue
[2023-04-28T11:35:12.767+0000] {logging_mixin.py:137} INFO - [2023-04-28T11:35:12.767+0000] {dagbag.py:532} INFO - Filling up the DagBag from /home/airflow/.local/lib/python3.7/site-packages/airflow/example_dags/example_skip_dag.py
[2023-04-28T11:35:12.783+0000] {processor.py:753} INFO - DAG(s) dict_keys(['example_skip_dag']) retrieved from /home/airflow/.local/lib/python3.7/site-packages/airflow/example_dags/example_skip_dag.py
[2023-04-28T11:35:12.813+0000] {logging_mixin.py:137} INFO - [2023-04-28T11:35:12.813+0000] {dag.py:2705} INFO - Sync 1 DAGs
[2023-04-28T11:35:12.842+0000] {logging_mixin.py:137} INFO - [2023-04-28T11:35:12.841+0000] {dag.py:3456} INFO - Setting next_dagrun for example_skip_dag to 2023-04-27T11:35:12.841690+00:00, run_after=2023-04-28T11:35:12.841690+00:00
[2023-04-28T11:35:12.873+0000] {processor.py:175} INFO - Processing /home/airflow/.local/lib/python3.7/site-packages/airflow/example_dags/example_skip_dag.py took 0.113 seconds
[2023-04-28T11:35:43.415+0000] {processor.py:153} INFO - Started process (PID=5140) to work on /home/airflow/.local/lib/python3.7/site-packages/airflow/example_dags/example_skip_dag.py
[2023-04-28T11:35:43.418+0000] {processor.py:743} INFO - Processing file /home/airflow/.local/lib/python3.7/site-packages/airflow/example_dags/example_skip_dag.py for tasks to queue
[2023-04-28T11:35:43.421+0000] {logging_mixin.py:137} INFO - [2023-04-28T11:35:43.420+0000] {dagbag.py:532} INFO - Filling up the DagBag from /home/airflow/.local/lib/python3.7/site-packages/airflow/example_dags/example_skip_dag.py
[2023-04-28T11:35:43.449+0000] {processor.py:753} INFO - DAG(s) dict_keys(['example_skip_dag']) retrieved from /home/airflow/.local/lib/python3.7/site-packages/airflow/example_dags/example_skip_dag.py
[2023-04-28T11:35:43.505+0000] {logging_mixin.py:137} INFO - [2023-04-28T11:35:43.505+0000] {dag.py:2705} INFO - Sync 1 DAGs
[2023-04-28T11:35:43.559+0000] {logging_mixin.py:137} INFO - [2023-04-28T11:35:43.558+0000] {dag.py:3456} INFO - Setting next_dagrun for example_skip_dag to 2023-04-27T11:35:43.558008+00:00, run_after=2023-04-28T11:35:43.558008+00:00
[2023-04-28T11:35:43.601+0000] {processor.py:175} INFO - Processing /home/airflow/.local/lib/python3.7/site-packages/airflow/example_dags/example_skip_dag.py took 0.191 seconds
[2023-04-28T11:36:13.785+0000] {processor.py:153} INFO - Started process (PID=5358) to work on /home/airflow/.local/lib/python3.7/site-packages/airflow/example_dags/example_skip_dag.py
[2023-04-28T11:36:13.787+0000] {processor.py:743} INFO - Processing file /home/airflow/.local/lib/python3.7/site-packages/airflow/example_dags/example_skip_dag.py for tasks to queue
[2023-04-28T11:36:13.789+0000] {logging_mixin.py:137} INFO - [2023-04-28T11:36:13.789+0000] {dagbag.py:532} INFO - Filling up the DagBag from /home/airflow/.local/lib/python3.7/site-packages/airflow/example_dags/example_skip_dag.py
[2023-04-28T11:36:13.809+0000] {processor.py:753} INFO - DAG(s) dict_keys(['example_skip_dag']) retrieved from /home/airflow/.local/lib/python3.7/site-packages/airflow/example_dags/example_skip_dag.py
[2023-04-28T11:36:13.843+0000] {logging_mixin.py:137} INFO - [2023-04-28T11:36:13.842+0000] {dag.py:2705} INFO - Sync 1 DAGs
[2023-04-28T11:36:13.875+0000] {logging_mixin.py:137} INFO - [2023-04-28T11:36:13.875+0000] {dag.py:3456} INFO - Setting next_dagrun for example_skip_dag to 2023-04-27T11:36:13.875509+00:00, run_after=2023-04-28T11:36:13.875509+00:00
[2023-04-28T11:36:13.901+0000] {processor.py:175} INFO - Processing /home/airflow/.local/lib/python3.7/site-packages/airflow/example_dags/example_skip_dag.py took 0.122 seconds
[2023-04-28T11:36:44.729+0000] {processor.py:153} INFO - Started process (PID=5576) to work on /home/airflow/.local/lib/python3.7/site-packages/airflow/example_dags/example_skip_dag.py
[2023-04-28T11:36:44.731+0000] {processor.py:743} INFO - Processing file /home/airflow/.local/lib/python3.7/site-packages/airflow/example_dags/example_skip_dag.py for tasks to queue
[2023-04-28T11:36:44.733+0000] {logging_mixin.py:137} INFO - [2023-04-28T11:36:44.733+0000] {dagbag.py:532} INFO - Filling up the DagBag from /home/airflow/.local/lib/python3.7/site-packages/airflow/example_dags/example_skip_dag.py
[2023-04-28T11:36:44.752+0000] {processor.py:753} INFO - DAG(s) dict_keys(['example_skip_dag']) retrieved from /home/airflow/.local/lib/python3.7/site-packages/airflow/example_dags/example_skip_dag.py
[2023-04-28T11:36:44.789+0000] {logging_mixin.py:137} INFO - [2023-04-28T11:36:44.789+0000] {dag.py:2705} INFO - Sync 1 DAGs
[2023-04-28T11:36:44.826+0000] {logging_mixin.py:137} INFO - [2023-04-28T11:36:44.826+0000] {dag.py:3456} INFO - Setting next_dagrun for example_skip_dag to 2023-04-27T11:36:44.826116+00:00, run_after=2023-04-28T11:36:44.826116+00:00
[2023-04-28T11:36:44.854+0000] {processor.py:175} INFO - Processing /home/airflow/.local/lib/python3.7/site-packages/airflow/example_dags/example_skip_dag.py took 0.130 seconds
[2023-04-28T11:37:15.563+0000] {processor.py:153} INFO - Started process (PID=5801) to work on /home/airflow/.local/lib/python3.7/site-packages/airflow/example_dags/example_skip_dag.py
[2023-04-28T11:37:15.565+0000] {processor.py:743} INFO - Processing file /home/airflow/.local/lib/python3.7/site-packages/airflow/example_dags/example_skip_dag.py for tasks to queue
[2023-04-28T11:37:15.567+0000] {logging_mixin.py:137} INFO - [2023-04-28T11:37:15.567+0000] {dagbag.py:532} INFO - Filling up the DagBag from /home/airflow/.local/lib/python3.7/site-packages/airflow/example_dags/example_skip_dag.py
[2023-04-28T11:37:15.592+0000] {processor.py:753} INFO - DAG(s) dict_keys(['example_skip_dag']) retrieved from /home/airflow/.local/lib/python3.7/site-packages/airflow/example_dags/example_skip_dag.py
[2023-04-28T11:37:15.630+0000] {logging_mixin.py:137} INFO - [2023-04-28T11:37:15.630+0000] {dag.py:2705} INFO - Sync 1 DAGs
[2023-04-28T11:37:15.664+0000] {logging_mixin.py:137} INFO - [2023-04-28T11:37:15.664+0000] {dag.py:3456} INFO - Setting next_dagrun for example_skip_dag to 2023-04-27T11:37:15.664485+00:00, run_after=2023-04-28T11:37:15.664485+00:00
[2023-04-28T11:37:15.689+0000] {processor.py:175} INFO - Processing /home/airflow/.local/lib/python3.7/site-packages/airflow/example_dags/example_skip_dag.py took 0.133 seconds
[2023-04-28T11:37:46.396+0000] {processor.py:153} INFO - Started process (PID=6019) to work on /home/airflow/.local/lib/python3.7/site-packages/airflow/example_dags/example_skip_dag.py
[2023-04-28T11:37:46.398+0000] {processor.py:743} INFO - Processing file /home/airflow/.local/lib/python3.7/site-packages/airflow/example_dags/example_skip_dag.py for tasks to queue
[2023-04-28T11:37:46.400+0000] {logging_mixin.py:137} INFO - [2023-04-28T11:37:46.399+0000] {dagbag.py:532} INFO - Filling up the DagBag from /home/airflow/.local/lib/python3.7/site-packages/airflow/example_dags/example_skip_dag.py
[2023-04-28T11:37:46.418+0000] {processor.py:753} INFO - DAG(s) dict_keys(['example_skip_dag']) retrieved from /home/airflow/.local/lib/python3.7/site-packages/airflow/example_dags/example_skip_dag.py
[2023-04-28T11:37:46.452+0000] {logging_mixin.py:137} INFO - [2023-04-28T11:37:46.451+0000] {dag.py:2705} INFO - Sync 1 DAGs
[2023-04-28T11:37:46.483+0000] {logging_mixin.py:137} INFO - [2023-04-28T11:37:46.483+0000] {dag.py:3456} INFO - Setting next_dagrun for example_skip_dag to 2023-04-27T11:37:46.483408+00:00, run_after=2023-04-28T11:37:46.483408+00:00
[2023-04-28T11:37:46.508+0000] {processor.py:175} INFO - Processing /home/airflow/.local/lib/python3.7/site-packages/airflow/example_dags/example_skip_dag.py took 0.117 seconds
[2023-04-28T11:38:16.658+0000] {processor.py:153} INFO - Started process (PID=6237) to work on /home/airflow/.local/lib/python3.7/site-packages/airflow/example_dags/example_skip_dag.py
[2023-04-28T11:38:16.661+0000] {processor.py:743} INFO - Processing file /home/airflow/.local/lib/python3.7/site-packages/airflow/example_dags/example_skip_dag.py for tasks to queue
[2023-04-28T11:38:16.663+0000] {logging_mixin.py:137} INFO - [2023-04-28T11:38:16.663+0000] {dagbag.py:532} INFO - Filling up the DagBag from /home/airflow/.local/lib/python3.7/site-packages/airflow/example_dags/example_skip_dag.py
[2023-04-28T11:38:16.684+0000] {processor.py:753} INFO - DAG(s) dict_keys(['example_skip_dag']) retrieved from /home/airflow/.local/lib/python3.7/site-packages/airflow/example_dags/example_skip_dag.py
[2023-04-28T11:38:16.722+0000] {logging_mixin.py:137} INFO - [2023-04-28T11:38:16.721+0000] {dag.py:2705} INFO - Sync 1 DAGs
[2023-04-28T11:38:16.757+0000] {logging_mixin.py:137} INFO - [2023-04-28T11:38:16.756+0000] {dag.py:3456} INFO - Setting next_dagrun for example_skip_dag to 2023-04-27T11:38:16.756624+00:00, run_after=2023-04-28T11:38:16.756624+00:00
[2023-04-28T11:38:16.783+0000] {processor.py:175} INFO - Processing /home/airflow/.local/lib/python3.7/site-packages/airflow/example_dags/example_skip_dag.py took 0.131 seconds
[2023-04-28T11:38:47.568+0000] {processor.py:153} INFO - Started process (PID=6455) to work on /home/airflow/.local/lib/python3.7/site-packages/airflow/example_dags/example_skip_dag.py
[2023-04-28T11:38:47.570+0000] {processor.py:743} INFO - Processing file /home/airflow/.local/lib/python3.7/site-packages/airflow/example_dags/example_skip_dag.py for tasks to queue
[2023-04-28T11:38:47.572+0000] {logging_mixin.py:137} INFO - [2023-04-28T11:38:47.572+0000] {dagbag.py:532} INFO - Filling up the DagBag from /home/airflow/.local/lib/python3.7/site-packages/airflow/example_dags/example_skip_dag.py
[2023-04-28T11:38:47.595+0000] {processor.py:753} INFO - DAG(s) dict_keys(['example_skip_dag']) retrieved from /home/airflow/.local/lib/python3.7/site-packages/airflow/example_dags/example_skip_dag.py
[2023-04-28T11:38:47.652+0000] {logging_mixin.py:137} INFO - [2023-04-28T11:38:47.652+0000] {dag.py:2705} INFO - Sync 1 DAGs
[2023-04-28T11:38:47.689+0000] {logging_mixin.py:137} INFO - [2023-04-28T11:38:47.689+0000] {dag.py:3456} INFO - Setting next_dagrun for example_skip_dag to 2023-04-27T11:38:47.688727+00:00, run_after=2023-04-28T11:38:47.688727+00:00
[2023-04-28T11:38:47.715+0000] {processor.py:175} INFO - Processing /home/airflow/.local/lib/python3.7/site-packages/airflow/example_dags/example_skip_dag.py took 0.152 seconds
[2023-04-28T11:39:18.294+0000] {processor.py:153} INFO - Started process (PID=6672) to work on /home/airflow/.local/lib/python3.7/site-packages/airflow/example_dags/example_skip_dag.py
[2023-04-28T11:39:18.296+0000] {processor.py:743} INFO - Processing file /home/airflow/.local/lib/python3.7/site-packages/airflow/example_dags/example_skip_dag.py for tasks to queue
[2023-04-28T11:39:18.299+0000] {logging_mixin.py:137} INFO - [2023-04-28T11:39:18.298+0000] {dagbag.py:532} INFO - Filling up the DagBag from /home/airflow/.local/lib/python3.7/site-packages/airflow/example_dags/example_skip_dag.py
[2023-04-28T11:39:18.320+0000] {processor.py:753} INFO - DAG(s) dict_keys(['example_skip_dag']) retrieved from /home/airflow/.local/lib/python3.7/site-packages/airflow/example_dags/example_skip_dag.py
[2023-04-28T11:39:18.355+0000] {logging_mixin.py:137} INFO - [2023-04-28T11:39:18.355+0000] {dag.py:2705} INFO - Sync 1 DAGs
[2023-04-28T11:39:18.386+0000] {logging_mixin.py:137} INFO - [2023-04-28T11:39:18.386+0000] {dag.py:3456} INFO - Setting next_dagrun for example_skip_dag to 2023-04-27T11:39:18.385870+00:00, run_after=2023-04-28T11:39:18.385870+00:00
[2023-04-28T11:39:18.408+0000] {processor.py:175} INFO - Processing /home/airflow/.local/lib/python3.7/site-packages/airflow/example_dags/example_skip_dag.py took 0.119 seconds
[2023-04-28T11:39:48.936+0000] {processor.py:153} INFO - Started process (PID=6905) to work on /home/airflow/.local/lib/python3.7/site-packages/airflow/example_dags/example_skip_dag.py
[2023-04-28T11:39:48.939+0000] {processor.py:743} INFO - Processing file /home/airflow/.local/lib/python3.7/site-packages/airflow/example_dags/example_skip_dag.py for tasks to queue
[2023-04-28T11:39:48.941+0000] {logging_mixin.py:137} INFO - [2023-04-28T11:39:48.941+0000] {dagbag.py:532} INFO - Filling up the DagBag from /home/airflow/.local/lib/python3.7/site-packages/airflow/example_dags/example_skip_dag.py
[2023-04-28T11:39:48.963+0000] {processor.py:753} INFO - DAG(s) dict_keys(['example_skip_dag']) retrieved from /home/airflow/.local/lib/python3.7/site-packages/airflow/example_dags/example_skip_dag.py
[2023-04-28T11:39:49.000+0000] {logging_mixin.py:137} INFO - [2023-04-28T11:39:49.000+0000] {dag.py:2705} INFO - Sync 1 DAGs
[2023-04-28T11:39:49.046+0000] {logging_mixin.py:137} INFO - [2023-04-28T11:39:49.046+0000] {dag.py:3456} INFO - Setting next_dagrun for example_skip_dag to 2023-04-27T11:39:49.046259+00:00, run_after=2023-04-28T11:39:49.046259+00:00
[2023-04-28T11:39:49.081+0000] {processor.py:175} INFO - Processing /home/airflow/.local/lib/python3.7/site-packages/airflow/example_dags/example_skip_dag.py took 0.150 seconds
[2023-04-28T11:40:19.581+0000] {processor.py:153} INFO - Started process (PID=7127) to work on /home/airflow/.local/lib/python3.7/site-packages/airflow/example_dags/example_skip_dag.py
[2023-04-28T11:40:19.587+0000] {processor.py:743} INFO - Processing file /home/airflow/.local/lib/python3.7/site-packages/airflow/example_dags/example_skip_dag.py for tasks to queue
[2023-04-28T11:40:19.593+0000] {logging_mixin.py:137} INFO - [2023-04-28T11:40:19.592+0000] {dagbag.py:532} INFO - Filling up the DagBag from /home/airflow/.local/lib/python3.7/site-packages/airflow/example_dags/example_skip_dag.py
[2023-04-28T11:40:19.639+0000] {processor.py:753} INFO - DAG(s) dict_keys(['example_skip_dag']) retrieved from /home/airflow/.local/lib/python3.7/site-packages/airflow/example_dags/example_skip_dag.py
[2023-04-28T11:40:19.732+0000] {logging_mixin.py:137} INFO - [2023-04-28T11:40:19.731+0000] {dag.py:2705} INFO - Sync 1 DAGs
[2023-04-28T11:40:19.822+0000] {logging_mixin.py:137} INFO - [2023-04-28T11:40:19.822+0000] {dag.py:3456} INFO - Setting next_dagrun for example_skip_dag to 2023-04-27T11:40:19.822125+00:00, run_after=2023-04-28T11:40:19.822125+00:00
[2023-04-28T11:40:19.870+0000] {processor.py:175} INFO - Processing /home/airflow/.local/lib/python3.7/site-packages/airflow/example_dags/example_skip_dag.py took 0.314 seconds
[2023-04-28T11:40:50.385+0000] {processor.py:153} INFO - Started process (PID=7282) to work on /home/airflow/.local/lib/python3.7/site-packages/airflow/example_dags/example_skip_dag.py
[2023-04-28T11:40:50.389+0000] {processor.py:743} INFO - Processing file /home/airflow/.local/lib/python3.7/site-packages/airflow/example_dags/example_skip_dag.py for tasks to queue
[2023-04-28T11:40:50.393+0000] {logging_mixin.py:137} INFO - [2023-04-28T11:40:50.393+0000] {dagbag.py:532} INFO - Filling up the DagBag from /home/airflow/.local/lib/python3.7/site-packages/airflow/example_dags/example_skip_dag.py
[2023-04-28T11:40:50.433+0000] {processor.py:753} INFO - DAG(s) dict_keys(['example_skip_dag']) retrieved from /home/airflow/.local/lib/python3.7/site-packages/airflow/example_dags/example_skip_dag.py
[2023-04-28T11:40:50.496+0000] {logging_mixin.py:137} INFO - [2023-04-28T11:40:50.495+0000] {dag.py:2705} INFO - Sync 1 DAGs
[2023-04-28T11:40:50.553+0000] {logging_mixin.py:137} INFO - [2023-04-28T11:40:50.553+0000] {dag.py:3456} INFO - Setting next_dagrun for example_skip_dag to 2023-04-27T11:40:50.553361+00:00, run_after=2023-04-28T11:40:50.553361+00:00
[2023-04-28T11:40:50.599+0000] {processor.py:175} INFO - Processing /home/airflow/.local/lib/python3.7/site-packages/airflow/example_dags/example_skip_dag.py took 0.222 seconds
