[2023-04-28T11:24:23.793+0000] {processor.py:153} INFO - Started process (PID=250) to work on /home/airflow/.local/lib/python3.7/site-packages/airflow/example_dags/example_trigger_target_dag.py
[2023-04-28T11:24:23.796+0000] {processor.py:743} INFO - Processing file /home/airflow/.local/lib/python3.7/site-packages/airflow/example_dags/example_trigger_target_dag.py for tasks to queue
[2023-04-28T11:24:23.798+0000] {logging_mixin.py:137} INFO - [2023-04-28T11:24:23.798+0000] {dagbag.py:532} INFO - Filling up the DagBag from /home/airflow/.local/lib/python3.7/site-packages/airflow/example_dags/example_trigger_target_dag.py
[2023-04-28T11:24:23.830+0000] {processor.py:753} INFO - DAG(s) dict_keys(['example_trigger_target_dag']) retrieved from /home/airflow/.local/lib/python3.7/site-packages/airflow/example_dags/example_trigger_target_dag.py
[2023-04-28T11:24:23.846+0000] {logging_mixin.py:137} INFO - [2023-04-28T11:24:23.846+0000] {dag.py:2705} INFO - Sync 1 DAGs
[2023-04-28T11:24:23.877+0000] {logging_mixin.py:137} INFO - [2023-04-28T11:24:23.877+0000] {dag.py:3456} INFO - Setting next_dagrun for example_trigger_target_dag to None, run_after=None
[2023-04-28T11:24:23.900+0000] {processor.py:175} INFO - Processing /home/airflow/.local/lib/python3.7/site-packages/airflow/example_dags/example_trigger_target_dag.py took 0.111 seconds
[2023-04-28T11:24:54.250+0000] {processor.py:153} INFO - Started process (PID=466) to work on /home/airflow/.local/lib/python3.7/site-packages/airflow/example_dags/example_trigger_target_dag.py
[2023-04-28T11:24:54.253+0000] {processor.py:743} INFO - Processing file /home/airflow/.local/lib/python3.7/site-packages/airflow/example_dags/example_trigger_target_dag.py for tasks to queue
[2023-04-28T11:24:54.254+0000] {logging_mixin.py:137} INFO - [2023-04-28T11:24:54.254+0000] {dagbag.py:532} INFO - Filling up the DagBag from /home/airflow/.local/lib/python3.7/site-packages/airflow/example_dags/example_trigger_target_dag.py
[2023-04-28T11:24:54.280+0000] {processor.py:753} INFO - DAG(s) dict_keys(['example_trigger_target_dag']) retrieved from /home/airflow/.local/lib/python3.7/site-packages/airflow/example_dags/example_trigger_target_dag.py
[2023-04-28T11:24:54.310+0000] {logging_mixin.py:137} INFO - [2023-04-28T11:24:54.310+0000] {dag.py:2705} INFO - Sync 1 DAGs
[2023-04-28T11:24:54.338+0000] {logging_mixin.py:137} INFO - [2023-04-28T11:24:54.338+0000] {dag.py:3456} INFO - Setting next_dagrun for example_trigger_target_dag to None, run_after=None
[2023-04-28T11:24:54.357+0000] {processor.py:175} INFO - Processing /home/airflow/.local/lib/python3.7/site-packages/airflow/example_dags/example_trigger_target_dag.py took 0.111 seconds
[2023-04-28T11:25:24.895+0000] {processor.py:153} INFO - Started process (PID=685) to work on /home/airflow/.local/lib/python3.7/site-packages/airflow/example_dags/example_trigger_target_dag.py
[2023-04-28T11:25:24.898+0000] {processor.py:743} INFO - Processing file /home/airflow/.local/lib/python3.7/site-packages/airflow/example_dags/example_trigger_target_dag.py for tasks to queue
[2023-04-28T11:25:24.900+0000] {logging_mixin.py:137} INFO - [2023-04-28T11:25:24.900+0000] {dagbag.py:532} INFO - Filling up the DagBag from /home/airflow/.local/lib/python3.7/site-packages/airflow/example_dags/example_trigger_target_dag.py
[2023-04-28T11:25:24.928+0000] {processor.py:753} INFO - DAG(s) dict_keys(['example_trigger_target_dag']) retrieved from /home/airflow/.local/lib/python3.7/site-packages/airflow/example_dags/example_trigger_target_dag.py
[2023-04-28T11:25:24.957+0000] {logging_mixin.py:137} INFO - [2023-04-28T11:25:24.956+0000] {dag.py:2705} INFO - Sync 1 DAGs
[2023-04-28T11:25:24.986+0000] {logging_mixin.py:137} INFO - [2023-04-28T11:25:24.986+0000] {dag.py:3456} INFO - Setting next_dagrun for example_trigger_target_dag to None, run_after=None
[2023-04-28T11:25:25.007+0000] {processor.py:175} INFO - Processing /home/airflow/.local/lib/python3.7/site-packages/airflow/example_dags/example_trigger_target_dag.py took 0.115 seconds
[2023-04-28T11:25:56.499+0000] {processor.py:153} INFO - Started process (PID=904) to work on /home/airflow/.local/lib/python3.7/site-packages/airflow/example_dags/example_trigger_target_dag.py
[2023-04-28T11:25:56.504+0000] {processor.py:743} INFO - Processing file /home/airflow/.local/lib/python3.7/site-packages/airflow/example_dags/example_trigger_target_dag.py for tasks to queue
[2023-04-28T11:25:56.507+0000] {logging_mixin.py:137} INFO - [2023-04-28T11:25:56.507+0000] {dagbag.py:532} INFO - Filling up the DagBag from /home/airflow/.local/lib/python3.7/site-packages/airflow/example_dags/example_trigger_target_dag.py
[2023-04-28T11:25:56.578+0000] {processor.py:753} INFO - DAG(s) dict_keys(['example_trigger_target_dag']) retrieved from /home/airflow/.local/lib/python3.7/site-packages/airflow/example_dags/example_trigger_target_dag.py
[2023-04-28T11:25:56.673+0000] {logging_mixin.py:137} INFO - [2023-04-28T11:25:56.672+0000] {dag.py:2705} INFO - Sync 1 DAGs
[2023-04-28T11:25:56.729+0000] {logging_mixin.py:137} INFO - [2023-04-28T11:25:56.729+0000] {dag.py:3456} INFO - Setting next_dagrun for example_trigger_target_dag to None, run_after=None
[2023-04-28T11:25:56.773+0000] {processor.py:175} INFO - Processing /home/airflow/.local/lib/python3.7/site-packages/airflow/example_dags/example_trigger_target_dag.py took 0.279 seconds
[2023-04-28T11:26:27.323+0000] {processor.py:153} INFO - Started process (PID=1120) to work on /home/airflow/.local/lib/python3.7/site-packages/airflow/example_dags/example_trigger_target_dag.py
[2023-04-28T11:26:27.325+0000] {processor.py:743} INFO - Processing file /home/airflow/.local/lib/python3.7/site-packages/airflow/example_dags/example_trigger_target_dag.py for tasks to queue
[2023-04-28T11:26:27.326+0000] {logging_mixin.py:137} INFO - [2023-04-28T11:26:27.326+0000] {dagbag.py:532} INFO - Filling up the DagBag from /home/airflow/.local/lib/python3.7/site-packages/airflow/example_dags/example_trigger_target_dag.py
[2023-04-28T11:26:27.350+0000] {processor.py:753} INFO - DAG(s) dict_keys(['example_trigger_target_dag']) retrieved from /home/airflow/.local/lib/python3.7/site-packages/airflow/example_dags/example_trigger_target_dag.py
[2023-04-28T11:26:27.381+0000] {logging_mixin.py:137} INFO - [2023-04-28T11:26:27.381+0000] {dag.py:2705} INFO - Sync 1 DAGs
[2023-04-28T11:26:27.410+0000] {logging_mixin.py:137} INFO - [2023-04-28T11:26:27.410+0000] {dag.py:3456} INFO - Setting next_dagrun for example_trigger_target_dag to None, run_after=None
[2023-04-28T11:26:27.430+0000] {processor.py:175} INFO - Processing /home/airflow/.local/lib/python3.7/site-packages/airflow/example_dags/example_trigger_target_dag.py took 0.111 seconds
[2023-04-28T11:26:58.144+0000] {processor.py:153} INFO - Started process (PID=1338) to work on /home/airflow/.local/lib/python3.7/site-packages/airflow/example_dags/example_trigger_target_dag.py
[2023-04-28T11:26:58.148+0000] {processor.py:743} INFO - Processing file /home/airflow/.local/lib/python3.7/site-packages/airflow/example_dags/example_trigger_target_dag.py for tasks to queue
[2023-04-28T11:26:58.152+0000] {logging_mixin.py:137} INFO - [2023-04-28T11:26:58.151+0000] {dagbag.py:532} INFO - Filling up the DagBag from /home/airflow/.local/lib/python3.7/site-packages/airflow/example_dags/example_trigger_target_dag.py
[2023-04-28T11:26:58.200+0000] {processor.py:753} INFO - DAG(s) dict_keys(['example_trigger_target_dag']) retrieved from /home/airflow/.local/lib/python3.7/site-packages/airflow/example_dags/example_trigger_target_dag.py
[2023-04-28T11:26:58.262+0000] {logging_mixin.py:137} INFO - [2023-04-28T11:26:58.262+0000] {dag.py:2705} INFO - Sync 1 DAGs
[2023-04-28T11:26:58.316+0000] {logging_mixin.py:137} INFO - [2023-04-28T11:26:58.316+0000] {dag.py:3456} INFO - Setting next_dagrun for example_trigger_target_dag to None, run_after=None
[2023-04-28T11:26:58.360+0000] {processor.py:175} INFO - Processing /home/airflow/.local/lib/python3.7/site-packages/airflow/example_dags/example_trigger_target_dag.py took 0.223 seconds
[2023-04-28T11:27:28.762+0000] {processor.py:153} INFO - Started process (PID=1556) to work on /home/airflow/.local/lib/python3.7/site-packages/airflow/example_dags/example_trigger_target_dag.py
[2023-04-28T11:27:28.765+0000] {processor.py:743} INFO - Processing file /home/airflow/.local/lib/python3.7/site-packages/airflow/example_dags/example_trigger_target_dag.py for tasks to queue
[2023-04-28T11:27:28.766+0000] {logging_mixin.py:137} INFO - [2023-04-28T11:27:28.766+0000] {dagbag.py:532} INFO - Filling up the DagBag from /home/airflow/.local/lib/python3.7/site-packages/airflow/example_dags/example_trigger_target_dag.py
[2023-04-28T11:27:28.792+0000] {processor.py:753} INFO - DAG(s) dict_keys(['example_trigger_target_dag']) retrieved from /home/airflow/.local/lib/python3.7/site-packages/airflow/example_dags/example_trigger_target_dag.py
[2023-04-28T11:27:28.826+0000] {logging_mixin.py:137} INFO - [2023-04-28T11:27:28.825+0000] {dag.py:2705} INFO - Sync 1 DAGs
[2023-04-28T11:27:28.856+0000] {logging_mixin.py:137} INFO - [2023-04-28T11:27:28.856+0000] {dag.py:3456} INFO - Setting next_dagrun for example_trigger_target_dag to None, run_after=None
[2023-04-28T11:27:28.878+0000] {processor.py:175} INFO - Processing /home/airflow/.local/lib/python3.7/site-packages/airflow/example_dags/example_trigger_target_dag.py took 0.121 seconds
[2023-04-28T11:27:59.615+0000] {processor.py:153} INFO - Started process (PID=1774) to work on /home/airflow/.local/lib/python3.7/site-packages/airflow/example_dags/example_trigger_target_dag.py
[2023-04-28T11:27:59.619+0000] {processor.py:743} INFO - Processing file /home/airflow/.local/lib/python3.7/site-packages/airflow/example_dags/example_trigger_target_dag.py for tasks to queue
[2023-04-28T11:27:59.623+0000] {logging_mixin.py:137} INFO - [2023-04-28T11:27:59.622+0000] {dagbag.py:532} INFO - Filling up the DagBag from /home/airflow/.local/lib/python3.7/site-packages/airflow/example_dags/example_trigger_target_dag.py
[2023-04-28T11:27:59.664+0000] {processor.py:753} INFO - DAG(s) dict_keys(['example_trigger_target_dag']) retrieved from /home/airflow/.local/lib/python3.7/site-packages/airflow/example_dags/example_trigger_target_dag.py
[2023-04-28T11:27:59.719+0000] {logging_mixin.py:137} INFO - [2023-04-28T11:27:59.719+0000] {dag.py:2705} INFO - Sync 1 DAGs
[2023-04-28T11:27:59.772+0000] {logging_mixin.py:137} INFO - [2023-04-28T11:27:59.771+0000] {dag.py:3456} INFO - Setting next_dagrun for example_trigger_target_dag to None, run_after=None
[2023-04-28T11:27:59.826+0000] {processor.py:175} INFO - Processing /home/airflow/.local/lib/python3.7/site-packages/airflow/example_dags/example_trigger_target_dag.py took 0.218 seconds
[2023-04-28T11:28:30.114+0000] {processor.py:153} INFO - Started process (PID=1992) to work on /home/airflow/.local/lib/python3.7/site-packages/airflow/example_dags/example_trigger_target_dag.py
[2023-04-28T11:28:30.118+0000] {processor.py:743} INFO - Processing file /home/airflow/.local/lib/python3.7/site-packages/airflow/example_dags/example_trigger_target_dag.py for tasks to queue
[2023-04-28T11:28:30.121+0000] {logging_mixin.py:137} INFO - [2023-04-28T11:28:30.120+0000] {dagbag.py:532} INFO - Filling up the DagBag from /home/airflow/.local/lib/python3.7/site-packages/airflow/example_dags/example_trigger_target_dag.py
[2023-04-28T11:28:30.206+0000] {processor.py:753} INFO - DAG(s) dict_keys(['example_trigger_target_dag']) retrieved from /home/airflow/.local/lib/python3.7/site-packages/airflow/example_dags/example_trigger_target_dag.py
[2023-04-28T11:28:30.365+0000] {logging_mixin.py:137} INFO - [2023-04-28T11:28:30.364+0000] {dag.py:2705} INFO - Sync 1 DAGs
[2023-04-28T11:28:30.430+0000] {logging_mixin.py:137} INFO - [2023-04-28T11:28:30.430+0000] {dag.py:3456} INFO - Setting next_dagrun for example_trigger_target_dag to None, run_after=None
[2023-04-28T11:28:30.484+0000] {processor.py:175} INFO - Processing /home/airflow/.local/lib/python3.7/site-packages/airflow/example_dags/example_trigger_target_dag.py took 0.377 seconds
[2023-04-28T11:29:01.365+0000] {processor.py:153} INFO - Started process (PID=2212) to work on /home/airflow/.local/lib/python3.7/site-packages/airflow/example_dags/example_trigger_target_dag.py
[2023-04-28T11:29:01.367+0000] {processor.py:743} INFO - Processing file /home/airflow/.local/lib/python3.7/site-packages/airflow/example_dags/example_trigger_target_dag.py for tasks to queue
[2023-04-28T11:29:01.369+0000] {logging_mixin.py:137} INFO - [2023-04-28T11:29:01.369+0000] {dagbag.py:532} INFO - Filling up the DagBag from /home/airflow/.local/lib/python3.7/site-packages/airflow/example_dags/example_trigger_target_dag.py
[2023-04-28T11:29:01.398+0000] {processor.py:753} INFO - DAG(s) dict_keys(['example_trigger_target_dag']) retrieved from /home/airflow/.local/lib/python3.7/site-packages/airflow/example_dags/example_trigger_target_dag.py
[2023-04-28T11:29:01.435+0000] {logging_mixin.py:137} INFO - [2023-04-28T11:29:01.435+0000] {dag.py:2705} INFO - Sync 1 DAGs
[2023-04-28T11:29:01.470+0000] {logging_mixin.py:137} INFO - [2023-04-28T11:29:01.470+0000] {dag.py:3456} INFO - Setting next_dagrun for example_trigger_target_dag to None, run_after=None
[2023-04-28T11:29:01.497+0000] {processor.py:175} INFO - Processing /home/airflow/.local/lib/python3.7/site-packages/airflow/example_dags/example_trigger_target_dag.py took 0.137 seconds
[2023-04-28T11:29:31.777+0000] {processor.py:153} INFO - Started process (PID=2430) to work on /home/airflow/.local/lib/python3.7/site-packages/airflow/example_dags/example_trigger_target_dag.py
[2023-04-28T11:29:31.780+0000] {processor.py:743} INFO - Processing file /home/airflow/.local/lib/python3.7/site-packages/airflow/example_dags/example_trigger_target_dag.py for tasks to queue
[2023-04-28T11:29:31.782+0000] {logging_mixin.py:137} INFO - [2023-04-28T11:29:31.782+0000] {dagbag.py:532} INFO - Filling up the DagBag from /home/airflow/.local/lib/python3.7/site-packages/airflow/example_dags/example_trigger_target_dag.py
[2023-04-28T11:29:31.808+0000] {processor.py:753} INFO - DAG(s) dict_keys(['example_trigger_target_dag']) retrieved from /home/airflow/.local/lib/python3.7/site-packages/airflow/example_dags/example_trigger_target_dag.py
[2023-04-28T11:29:31.839+0000] {logging_mixin.py:137} INFO - [2023-04-28T11:29:31.839+0000] {dag.py:2705} INFO - Sync 1 DAGs
[2023-04-28T11:29:31.869+0000] {logging_mixin.py:137} INFO - [2023-04-28T11:29:31.869+0000] {dag.py:3456} INFO - Setting next_dagrun for example_trigger_target_dag to None, run_after=None
[2023-04-28T11:29:31.890+0000] {processor.py:175} INFO - Processing /home/airflow/.local/lib/python3.7/site-packages/airflow/example_dags/example_trigger_target_dag.py took 0.118 seconds
[2023-04-28T11:30:02.739+0000] {processor.py:153} INFO - Started process (PID=2648) to work on /home/airflow/.local/lib/python3.7/site-packages/airflow/example_dags/example_trigger_target_dag.py
[2023-04-28T11:30:02.742+0000] {processor.py:743} INFO - Processing file /home/airflow/.local/lib/python3.7/site-packages/airflow/example_dags/example_trigger_target_dag.py for tasks to queue
[2023-04-28T11:30:02.743+0000] {logging_mixin.py:137} INFO - [2023-04-28T11:30:02.743+0000] {dagbag.py:532} INFO - Filling up the DagBag from /home/airflow/.local/lib/python3.7/site-packages/airflow/example_dags/example_trigger_target_dag.py
[2023-04-28T11:30:02.770+0000] {processor.py:753} INFO - DAG(s) dict_keys(['example_trigger_target_dag']) retrieved from /home/airflow/.local/lib/python3.7/site-packages/airflow/example_dags/example_trigger_target_dag.py
[2023-04-28T11:30:02.817+0000] {logging_mixin.py:137} INFO - [2023-04-28T11:30:02.817+0000] {dag.py:2705} INFO - Sync 1 DAGs
[2023-04-28T11:30:02.900+0000] {logging_mixin.py:137} INFO - [2023-04-28T11:30:02.900+0000] {dag.py:3456} INFO - Setting next_dagrun for example_trigger_target_dag to None, run_after=None
[2023-04-28T11:30:02.935+0000] {processor.py:175} INFO - Processing /home/airflow/.local/lib/python3.7/site-packages/airflow/example_dags/example_trigger_target_dag.py took 0.202 seconds
[2023-04-28T11:30:33.068+0000] {processor.py:153} INFO - Started process (PID=2866) to work on /home/airflow/.local/lib/python3.7/site-packages/airflow/example_dags/example_trigger_target_dag.py
[2023-04-28T11:30:33.073+0000] {processor.py:743} INFO - Processing file /home/airflow/.local/lib/python3.7/site-packages/airflow/example_dags/example_trigger_target_dag.py for tasks to queue
[2023-04-28T11:30:33.076+0000] {logging_mixin.py:137} INFO - [2023-04-28T11:30:33.075+0000] {dagbag.py:532} INFO - Filling up the DagBag from /home/airflow/.local/lib/python3.7/site-packages/airflow/example_dags/example_trigger_target_dag.py
[2023-04-28T11:30:33.112+0000] {processor.py:753} INFO - DAG(s) dict_keys(['example_trigger_target_dag']) retrieved from /home/airflow/.local/lib/python3.7/site-packages/airflow/example_dags/example_trigger_target_dag.py
[2023-04-28T11:30:33.148+0000] {logging_mixin.py:137} INFO - [2023-04-28T11:30:33.147+0000] {dag.py:2705} INFO - Sync 1 DAGs
[2023-04-28T11:30:33.181+0000] {logging_mixin.py:137} INFO - [2023-04-28T11:30:33.181+0000] {dag.py:3456} INFO - Setting next_dagrun for example_trigger_target_dag to None, run_after=None
[2023-04-28T11:30:33.205+0000] {processor.py:175} INFO - Processing /home/airflow/.local/lib/python3.7/site-packages/airflow/example_dags/example_trigger_target_dag.py took 0.143 seconds
[2023-04-28T11:31:03.464+0000] {processor.py:153} INFO - Started process (PID=3084) to work on /home/airflow/.local/lib/python3.7/site-packages/airflow/example_dags/example_trigger_target_dag.py
[2023-04-28T11:31:03.467+0000] {processor.py:743} INFO - Processing file /home/airflow/.local/lib/python3.7/site-packages/airflow/example_dags/example_trigger_target_dag.py for tasks to queue
[2023-04-28T11:31:03.469+0000] {logging_mixin.py:137} INFO - [2023-04-28T11:31:03.469+0000] {dagbag.py:532} INFO - Filling up the DagBag from /home/airflow/.local/lib/python3.7/site-packages/airflow/example_dags/example_trigger_target_dag.py
[2023-04-28T11:31:03.502+0000] {processor.py:753} INFO - DAG(s) dict_keys(['example_trigger_target_dag']) retrieved from /home/airflow/.local/lib/python3.7/site-packages/airflow/example_dags/example_trigger_target_dag.py
[2023-04-28T11:31:03.543+0000] {logging_mixin.py:137} INFO - [2023-04-28T11:31:03.543+0000] {dag.py:2705} INFO - Sync 1 DAGs
[2023-04-28T11:31:03.580+0000] {logging_mixin.py:137} INFO - [2023-04-28T11:31:03.580+0000] {dag.py:3456} INFO - Setting next_dagrun for example_trigger_target_dag to None, run_after=None
[2023-04-28T11:31:03.606+0000] {processor.py:175} INFO - Processing /home/airflow/.local/lib/python3.7/site-packages/airflow/example_dags/example_trigger_target_dag.py took 0.149 seconds
[2023-04-28T11:31:34.040+0000] {processor.py:153} INFO - Started process (PID=3301) to work on /home/airflow/.local/lib/python3.7/site-packages/airflow/example_dags/example_trigger_target_dag.py
[2023-04-28T11:31:34.042+0000] {processor.py:743} INFO - Processing file /home/airflow/.local/lib/python3.7/site-packages/airflow/example_dags/example_trigger_target_dag.py for tasks to queue
[2023-04-28T11:31:34.045+0000] {logging_mixin.py:137} INFO - [2023-04-28T11:31:34.045+0000] {dagbag.py:532} INFO - Filling up the DagBag from /home/airflow/.local/lib/python3.7/site-packages/airflow/example_dags/example_trigger_target_dag.py
[2023-04-28T11:31:34.073+0000] {processor.py:753} INFO - DAG(s) dict_keys(['example_trigger_target_dag']) retrieved from /home/airflow/.local/lib/python3.7/site-packages/airflow/example_dags/example_trigger_target_dag.py
[2023-04-28T11:31:34.110+0000] {logging_mixin.py:137} INFO - [2023-04-28T11:31:34.110+0000] {dag.py:2705} INFO - Sync 1 DAGs
[2023-04-28T11:31:34.142+0000] {logging_mixin.py:137} INFO - [2023-04-28T11:31:34.142+0000] {dag.py:3456} INFO - Setting next_dagrun for example_trigger_target_dag to None, run_after=None
[2023-04-28T11:31:34.165+0000] {processor.py:175} INFO - Processing /home/airflow/.local/lib/python3.7/site-packages/airflow/example_dags/example_trigger_target_dag.py took 0.130 seconds
[2023-04-28T11:32:04.433+0000] {processor.py:153} INFO - Started process (PID=3519) to work on /home/airflow/.local/lib/python3.7/site-packages/airflow/example_dags/example_trigger_target_dag.py
[2023-04-28T11:32:04.435+0000] {processor.py:743} INFO - Processing file /home/airflow/.local/lib/python3.7/site-packages/airflow/example_dags/example_trigger_target_dag.py for tasks to queue
[2023-04-28T11:32:04.438+0000] {logging_mixin.py:137} INFO - [2023-04-28T11:32:04.438+0000] {dagbag.py:532} INFO - Filling up the DagBag from /home/airflow/.local/lib/python3.7/site-packages/airflow/example_dags/example_trigger_target_dag.py
[2023-04-28T11:32:04.465+0000] {processor.py:753} INFO - DAG(s) dict_keys(['example_trigger_target_dag']) retrieved from /home/airflow/.local/lib/python3.7/site-packages/airflow/example_dags/example_trigger_target_dag.py
[2023-04-28T11:32:04.498+0000] {logging_mixin.py:137} INFO - [2023-04-28T11:32:04.498+0000] {dag.py:2705} INFO - Sync 1 DAGs
[2023-04-28T11:32:04.529+0000] {logging_mixin.py:137} INFO - [2023-04-28T11:32:04.529+0000] {dag.py:3456} INFO - Setting next_dagrun for example_trigger_target_dag to None, run_after=None
[2023-04-28T11:32:04.551+0000] {processor.py:175} INFO - Processing /home/airflow/.local/lib/python3.7/site-packages/airflow/example_dags/example_trigger_target_dag.py took 0.123 seconds
[2023-04-28T11:32:34.713+0000] {processor.py:153} INFO - Started process (PID=3737) to work on /home/airflow/.local/lib/python3.7/site-packages/airflow/example_dags/example_trigger_target_dag.py
[2023-04-28T11:32:34.715+0000] {processor.py:743} INFO - Processing file /home/airflow/.local/lib/python3.7/site-packages/airflow/example_dags/example_trigger_target_dag.py for tasks to queue
[2023-04-28T11:32:34.717+0000] {logging_mixin.py:137} INFO - [2023-04-28T11:32:34.717+0000] {dagbag.py:532} INFO - Filling up the DagBag from /home/airflow/.local/lib/python3.7/site-packages/airflow/example_dags/example_trigger_target_dag.py
[2023-04-28T11:32:34.744+0000] {processor.py:753} INFO - DAG(s) dict_keys(['example_trigger_target_dag']) retrieved from /home/airflow/.local/lib/python3.7/site-packages/airflow/example_dags/example_trigger_target_dag.py
[2023-04-28T11:32:34.777+0000] {logging_mixin.py:137} INFO - [2023-04-28T11:32:34.776+0000] {dag.py:2705} INFO - Sync 1 DAGs
[2023-04-28T11:32:34.806+0000] {logging_mixin.py:137} INFO - [2023-04-28T11:32:34.805+0000] {dag.py:3456} INFO - Setting next_dagrun for example_trigger_target_dag to None, run_after=None
[2023-04-28T11:32:34.827+0000] {processor.py:175} INFO - Processing /home/airflow/.local/lib/python3.7/site-packages/airflow/example_dags/example_trigger_target_dag.py took 0.120 seconds
[2023-04-28T11:33:05.088+0000] {processor.py:153} INFO - Started process (PID=3955) to work on /home/airflow/.local/lib/python3.7/site-packages/airflow/example_dags/example_trigger_target_dag.py
[2023-04-28T11:33:05.090+0000] {processor.py:743} INFO - Processing file /home/airflow/.local/lib/python3.7/site-packages/airflow/example_dags/example_trigger_target_dag.py for tasks to queue
[2023-04-28T11:33:05.092+0000] {logging_mixin.py:137} INFO - [2023-04-28T11:33:05.092+0000] {dagbag.py:532} INFO - Filling up the DagBag from /home/airflow/.local/lib/python3.7/site-packages/airflow/example_dags/example_trigger_target_dag.py
[2023-04-28T11:33:05.121+0000] {processor.py:753} INFO - DAG(s) dict_keys(['example_trigger_target_dag']) retrieved from /home/airflow/.local/lib/python3.7/site-packages/airflow/example_dags/example_trigger_target_dag.py
[2023-04-28T11:33:05.155+0000] {logging_mixin.py:137} INFO - [2023-04-28T11:33:05.155+0000] {dag.py:2705} INFO - Sync 1 DAGs
[2023-04-28T11:33:05.184+0000] {logging_mixin.py:137} INFO - [2023-04-28T11:33:05.184+0000] {dag.py:3456} INFO - Setting next_dagrun for example_trigger_target_dag to None, run_after=None
[2023-04-28T11:33:05.205+0000] {processor.py:175} INFO - Processing /home/airflow/.local/lib/python3.7/site-packages/airflow/example_dags/example_trigger_target_dag.py took 0.123 seconds
[2023-04-28T11:33:35.391+0000] {processor.py:153} INFO - Started process (PID=4173) to work on /home/airflow/.local/lib/python3.7/site-packages/airflow/example_dags/example_trigger_target_dag.py
[2023-04-28T11:33:35.393+0000] {processor.py:743} INFO - Processing file /home/airflow/.local/lib/python3.7/site-packages/airflow/example_dags/example_trigger_target_dag.py for tasks to queue
[2023-04-28T11:33:35.396+0000] {logging_mixin.py:137} INFO - [2023-04-28T11:33:35.396+0000] {dagbag.py:532} INFO - Filling up the DagBag from /home/airflow/.local/lib/python3.7/site-packages/airflow/example_dags/example_trigger_target_dag.py
[2023-04-28T11:33:35.423+0000] {processor.py:753} INFO - DAG(s) dict_keys(['example_trigger_target_dag']) retrieved from /home/airflow/.local/lib/python3.7/site-packages/airflow/example_dags/example_trigger_target_dag.py
[2023-04-28T11:33:35.460+0000] {logging_mixin.py:137} INFO - [2023-04-28T11:33:35.459+0000] {dag.py:2705} INFO - Sync 1 DAGs
[2023-04-28T11:33:35.489+0000] {logging_mixin.py:137} INFO - [2023-04-28T11:33:35.489+0000] {dag.py:3456} INFO - Setting next_dagrun for example_trigger_target_dag to None, run_after=None
[2023-04-28T11:33:35.511+0000] {processor.py:175} INFO - Processing /home/airflow/.local/lib/python3.7/site-packages/airflow/example_dags/example_trigger_target_dag.py took 0.125 seconds
[2023-04-28T11:34:05.675+0000] {processor.py:153} INFO - Started process (PID=4391) to work on /home/airflow/.local/lib/python3.7/site-packages/airflow/example_dags/example_trigger_target_dag.py
[2023-04-28T11:34:05.678+0000] {processor.py:743} INFO - Processing file /home/airflow/.local/lib/python3.7/site-packages/airflow/example_dags/example_trigger_target_dag.py for tasks to queue
[2023-04-28T11:34:05.680+0000] {logging_mixin.py:137} INFO - [2023-04-28T11:34:05.680+0000] {dagbag.py:532} INFO - Filling up the DagBag from /home/airflow/.local/lib/python3.7/site-packages/airflow/example_dags/example_trigger_target_dag.py
[2023-04-28T11:34:05.717+0000] {processor.py:753} INFO - DAG(s) dict_keys(['example_trigger_target_dag']) retrieved from /home/airflow/.local/lib/python3.7/site-packages/airflow/example_dags/example_trigger_target_dag.py
[2023-04-28T11:34:05.752+0000] {logging_mixin.py:137} INFO - [2023-04-28T11:34:05.752+0000] {dag.py:2705} INFO - Sync 1 DAGs
[2023-04-28T11:34:05.784+0000] {logging_mixin.py:137} INFO - [2023-04-28T11:34:05.784+0000] {dag.py:3456} INFO - Setting next_dagrun for example_trigger_target_dag to None, run_after=None
[2023-04-28T11:34:05.806+0000] {processor.py:175} INFO - Processing /home/airflow/.local/lib/python3.7/site-packages/airflow/example_dags/example_trigger_target_dag.py took 0.136 seconds
[2023-04-28T11:34:36.322+0000] {processor.py:153} INFO - Started process (PID=4609) to work on /home/airflow/.local/lib/python3.7/site-packages/airflow/example_dags/example_trigger_target_dag.py
[2023-04-28T11:34:36.325+0000] {processor.py:743} INFO - Processing file /home/airflow/.local/lib/python3.7/site-packages/airflow/example_dags/example_trigger_target_dag.py for tasks to queue
[2023-04-28T11:34:36.326+0000] {logging_mixin.py:137} INFO - [2023-04-28T11:34:36.326+0000] {dagbag.py:532} INFO - Filling up the DagBag from /home/airflow/.local/lib/python3.7/site-packages/airflow/example_dags/example_trigger_target_dag.py
[2023-04-28T11:34:36.350+0000] {processor.py:753} INFO - DAG(s) dict_keys(['example_trigger_target_dag']) retrieved from /home/airflow/.local/lib/python3.7/site-packages/airflow/example_dags/example_trigger_target_dag.py
[2023-04-28T11:34:36.387+0000] {logging_mixin.py:137} INFO - [2023-04-28T11:34:36.387+0000] {dag.py:2705} INFO - Sync 1 DAGs
[2023-04-28T11:34:36.415+0000] {logging_mixin.py:137} INFO - [2023-04-28T11:34:36.415+0000] {dag.py:3456} INFO - Setting next_dagrun for example_trigger_target_dag to None, run_after=None
[2023-04-28T11:34:36.435+0000] {processor.py:175} INFO - Processing /home/airflow/.local/lib/python3.7/site-packages/airflow/example_dags/example_trigger_target_dag.py took 0.118 seconds
[2023-04-28T11:35:06.983+0000] {processor.py:153} INFO - Started process (PID=4827) to work on /home/airflow/.local/lib/python3.7/site-packages/airflow/example_dags/example_trigger_target_dag.py
[2023-04-28T11:35:06.985+0000] {processor.py:743} INFO - Processing file /home/airflow/.local/lib/python3.7/site-packages/airflow/example_dags/example_trigger_target_dag.py for tasks to queue
[2023-04-28T11:35:06.988+0000] {logging_mixin.py:137} INFO - [2023-04-28T11:35:06.988+0000] {dagbag.py:532} INFO - Filling up the DagBag from /home/airflow/.local/lib/python3.7/site-packages/airflow/example_dags/example_trigger_target_dag.py
[2023-04-28T11:35:07.024+0000] {processor.py:753} INFO - DAG(s) dict_keys(['example_trigger_target_dag']) retrieved from /home/airflow/.local/lib/python3.7/site-packages/airflow/example_dags/example_trigger_target_dag.py
[2023-04-28T11:35:07.067+0000] {logging_mixin.py:137} INFO - [2023-04-28T11:35:07.066+0000] {dag.py:2705} INFO - Sync 1 DAGs
[2023-04-28T11:35:07.105+0000] {logging_mixin.py:137} INFO - [2023-04-28T11:35:07.105+0000] {dag.py:3456} INFO - Setting next_dagrun for example_trigger_target_dag to None, run_after=None
[2023-04-28T11:35:07.136+0000] {processor.py:175} INFO - Processing /home/airflow/.local/lib/python3.7/site-packages/airflow/example_dags/example_trigger_target_dag.py took 0.159 seconds
[2023-04-28T11:35:37.225+0000] {processor.py:153} INFO - Started process (PID=5045) to work on /home/airflow/.local/lib/python3.7/site-packages/airflow/example_dags/example_trigger_target_dag.py
[2023-04-28T11:35:37.228+0000] {processor.py:743} INFO - Processing file /home/airflow/.local/lib/python3.7/site-packages/airflow/example_dags/example_trigger_target_dag.py for tasks to queue
[2023-04-28T11:35:37.230+0000] {logging_mixin.py:137} INFO - [2023-04-28T11:35:37.230+0000] {dagbag.py:532} INFO - Filling up the DagBag from /home/airflow/.local/lib/python3.7/site-packages/airflow/example_dags/example_trigger_target_dag.py
[2023-04-28T11:35:37.260+0000] {processor.py:753} INFO - DAG(s) dict_keys(['example_trigger_target_dag']) retrieved from /home/airflow/.local/lib/python3.7/site-packages/airflow/example_dags/example_trigger_target_dag.py
[2023-04-28T11:35:37.293+0000] {logging_mixin.py:137} INFO - [2023-04-28T11:35:37.293+0000] {dag.py:2705} INFO - Sync 1 DAGs
[2023-04-28T11:35:37.324+0000] {logging_mixin.py:137} INFO - [2023-04-28T11:35:37.324+0000] {dag.py:3456} INFO - Setting next_dagrun for example_trigger_target_dag to None, run_after=None
[2023-04-28T11:35:37.346+0000] {processor.py:175} INFO - Processing /home/airflow/.local/lib/python3.7/site-packages/airflow/example_dags/example_trigger_target_dag.py took 0.126 seconds
[2023-04-28T11:36:07.825+0000] {processor.py:153} INFO - Started process (PID=5263) to work on /home/airflow/.local/lib/python3.7/site-packages/airflow/example_dags/example_trigger_target_dag.py
[2023-04-28T11:36:07.828+0000] {processor.py:743} INFO - Processing file /home/airflow/.local/lib/python3.7/site-packages/airflow/example_dags/example_trigger_target_dag.py for tasks to queue
[2023-04-28T11:36:07.830+0000] {logging_mixin.py:137} INFO - [2023-04-28T11:36:07.830+0000] {dagbag.py:532} INFO - Filling up the DagBag from /home/airflow/.local/lib/python3.7/site-packages/airflow/example_dags/example_trigger_target_dag.py
[2023-04-28T11:36:07.863+0000] {processor.py:753} INFO - DAG(s) dict_keys(['example_trigger_target_dag']) retrieved from /home/airflow/.local/lib/python3.7/site-packages/airflow/example_dags/example_trigger_target_dag.py
[2023-04-28T11:36:07.905+0000] {logging_mixin.py:137} INFO - [2023-04-28T11:36:07.905+0000] {dag.py:2705} INFO - Sync 1 DAGs
[2023-04-28T11:36:07.939+0000] {logging_mixin.py:137} INFO - [2023-04-28T11:36:07.939+0000] {dag.py:3456} INFO - Setting next_dagrun for example_trigger_target_dag to None, run_after=None
[2023-04-28T11:36:07.962+0000] {processor.py:175} INFO - Processing /home/airflow/.local/lib/python3.7/site-packages/airflow/example_dags/example_trigger_target_dag.py took 0.143 seconds
[2023-04-28T11:36:38.670+0000] {processor.py:153} INFO - Started process (PID=5481) to work on /home/airflow/.local/lib/python3.7/site-packages/airflow/example_dags/example_trigger_target_dag.py
[2023-04-28T11:36:38.672+0000] {processor.py:743} INFO - Processing file /home/airflow/.local/lib/python3.7/site-packages/airflow/example_dags/example_trigger_target_dag.py for tasks to queue
[2023-04-28T11:36:38.676+0000] {logging_mixin.py:137} INFO - [2023-04-28T11:36:38.675+0000] {dagbag.py:532} INFO - Filling up the DagBag from /home/airflow/.local/lib/python3.7/site-packages/airflow/example_dags/example_trigger_target_dag.py
[2023-04-28T11:36:38.703+0000] {processor.py:753} INFO - DAG(s) dict_keys(['example_trigger_target_dag']) retrieved from /home/airflow/.local/lib/python3.7/site-packages/airflow/example_dags/example_trigger_target_dag.py
[2023-04-28T11:36:38.739+0000] {logging_mixin.py:137} INFO - [2023-04-28T11:36:38.739+0000] {dag.py:2705} INFO - Sync 1 DAGs
[2023-04-28T11:36:38.770+0000] {logging_mixin.py:137} INFO - [2023-04-28T11:36:38.770+0000] {dag.py:3456} INFO - Setting next_dagrun for example_trigger_target_dag to None, run_after=None
[2023-04-28T11:36:38.794+0000] {processor.py:175} INFO - Processing /home/airflow/.local/lib/python3.7/site-packages/airflow/example_dags/example_trigger_target_dag.py took 0.130 seconds
[2023-04-28T11:37:09.035+0000] {processor.py:153} INFO - Started process (PID=5699) to work on /home/airflow/.local/lib/python3.7/site-packages/airflow/example_dags/example_trigger_target_dag.py
[2023-04-28T11:37:09.038+0000] {processor.py:743} INFO - Processing file /home/airflow/.local/lib/python3.7/site-packages/airflow/example_dags/example_trigger_target_dag.py for tasks to queue
[2023-04-28T11:37:09.040+0000] {logging_mixin.py:137} INFO - [2023-04-28T11:37:09.040+0000] {dagbag.py:532} INFO - Filling up the DagBag from /home/airflow/.local/lib/python3.7/site-packages/airflow/example_dags/example_trigger_target_dag.py
[2023-04-28T11:37:09.069+0000] {processor.py:753} INFO - DAG(s) dict_keys(['example_trigger_target_dag']) retrieved from /home/airflow/.local/lib/python3.7/site-packages/airflow/example_dags/example_trigger_target_dag.py
[2023-04-28T11:37:09.103+0000] {logging_mixin.py:137} INFO - [2023-04-28T11:37:09.103+0000] {dag.py:2705} INFO - Sync 1 DAGs
[2023-04-28T11:37:09.138+0000] {logging_mixin.py:137} INFO - [2023-04-28T11:37:09.137+0000] {dag.py:3456} INFO - Setting next_dagrun for example_trigger_target_dag to None, run_after=None
[2023-04-28T11:37:09.166+0000] {processor.py:175} INFO - Processing /home/airflow/.local/lib/python3.7/site-packages/airflow/example_dags/example_trigger_target_dag.py took 0.136 seconds
[2023-04-28T11:37:39.642+0000] {processor.py:153} INFO - Started process (PID=5917) to work on /home/airflow/.local/lib/python3.7/site-packages/airflow/example_dags/example_trigger_target_dag.py
[2023-04-28T11:37:39.644+0000] {processor.py:743} INFO - Processing file /home/airflow/.local/lib/python3.7/site-packages/airflow/example_dags/example_trigger_target_dag.py for tasks to queue
[2023-04-28T11:37:39.646+0000] {logging_mixin.py:137} INFO - [2023-04-28T11:37:39.646+0000] {dagbag.py:532} INFO - Filling up the DagBag from /home/airflow/.local/lib/python3.7/site-packages/airflow/example_dags/example_trigger_target_dag.py
[2023-04-28T11:37:39.676+0000] {processor.py:753} INFO - DAG(s) dict_keys(['example_trigger_target_dag']) retrieved from /home/airflow/.local/lib/python3.7/site-packages/airflow/example_dags/example_trigger_target_dag.py
[2023-04-28T11:37:39.714+0000] {logging_mixin.py:137} INFO - [2023-04-28T11:37:39.713+0000] {dag.py:2705} INFO - Sync 1 DAGs
[2023-04-28T11:37:39.749+0000] {logging_mixin.py:137} INFO - [2023-04-28T11:37:39.749+0000] {dag.py:3456} INFO - Setting next_dagrun for example_trigger_target_dag to None, run_after=None
[2023-04-28T11:37:39.773+0000] {processor.py:175} INFO - Processing /home/airflow/.local/lib/python3.7/site-packages/airflow/example_dags/example_trigger_target_dag.py took 0.137 seconds
[2023-04-28T11:38:09.925+0000] {processor.py:153} INFO - Started process (PID=6135) to work on /home/airflow/.local/lib/python3.7/site-packages/airflow/example_dags/example_trigger_target_dag.py
[2023-04-28T11:38:09.927+0000] {processor.py:743} INFO - Processing file /home/airflow/.local/lib/python3.7/site-packages/airflow/example_dags/example_trigger_target_dag.py for tasks to queue
[2023-04-28T11:38:09.929+0000] {logging_mixin.py:137} INFO - [2023-04-28T11:38:09.929+0000] {dagbag.py:532} INFO - Filling up the DagBag from /home/airflow/.local/lib/python3.7/site-packages/airflow/example_dags/example_trigger_target_dag.py
[2023-04-28T11:38:09.961+0000] {processor.py:753} INFO - DAG(s) dict_keys(['example_trigger_target_dag']) retrieved from /home/airflow/.local/lib/python3.7/site-packages/airflow/example_dags/example_trigger_target_dag.py
[2023-04-28T11:38:10.002+0000] {logging_mixin.py:137} INFO - [2023-04-28T11:38:10.002+0000] {dag.py:2705} INFO - Sync 1 DAGs
[2023-04-28T11:38:10.040+0000] {logging_mixin.py:137} INFO - [2023-04-28T11:38:10.040+0000] {dag.py:3456} INFO - Setting next_dagrun for example_trigger_target_dag to None, run_after=None
[2023-04-28T11:38:10.069+0000] {processor.py:175} INFO - Processing /home/airflow/.local/lib/python3.7/site-packages/airflow/example_dags/example_trigger_target_dag.py took 0.149 seconds
[2023-04-28T11:38:40.616+0000] {processor.py:153} INFO - Started process (PID=6353) to work on /home/airflow/.local/lib/python3.7/site-packages/airflow/example_dags/example_trigger_target_dag.py
[2023-04-28T11:38:40.618+0000] {processor.py:743} INFO - Processing file /home/airflow/.local/lib/python3.7/site-packages/airflow/example_dags/example_trigger_target_dag.py for tasks to queue
[2023-04-28T11:38:40.621+0000] {logging_mixin.py:137} INFO - [2023-04-28T11:38:40.620+0000] {dagbag.py:532} INFO - Filling up the DagBag from /home/airflow/.local/lib/python3.7/site-packages/airflow/example_dags/example_trigger_target_dag.py
[2023-04-28T11:38:40.661+0000] {processor.py:753} INFO - DAG(s) dict_keys(['example_trigger_target_dag']) retrieved from /home/airflow/.local/lib/python3.7/site-packages/airflow/example_dags/example_trigger_target_dag.py
[2023-04-28T11:38:40.704+0000] {logging_mixin.py:137} INFO - [2023-04-28T11:38:40.704+0000] {dag.py:2705} INFO - Sync 1 DAGs
[2023-04-28T11:38:40.739+0000] {logging_mixin.py:137} INFO - [2023-04-28T11:38:40.739+0000] {dag.py:3456} INFO - Setting next_dagrun for example_trigger_target_dag to None, run_after=None
[2023-04-28T11:38:40.766+0000] {processor.py:175} INFO - Processing /home/airflow/.local/lib/python3.7/site-packages/airflow/example_dags/example_trigger_target_dag.py took 0.156 seconds
[2023-04-28T11:39:11.240+0000] {processor.py:153} INFO - Started process (PID=6571) to work on /home/airflow/.local/lib/python3.7/site-packages/airflow/example_dags/example_trigger_target_dag.py
[2023-04-28T11:39:11.243+0000] {processor.py:743} INFO - Processing file /home/airflow/.local/lib/python3.7/site-packages/airflow/example_dags/example_trigger_target_dag.py for tasks to queue
[2023-04-28T11:39:11.245+0000] {logging_mixin.py:137} INFO - [2023-04-28T11:39:11.244+0000] {dagbag.py:532} INFO - Filling up the DagBag from /home/airflow/.local/lib/python3.7/site-packages/airflow/example_dags/example_trigger_target_dag.py
[2023-04-28T11:39:11.276+0000] {processor.py:753} INFO - DAG(s) dict_keys(['example_trigger_target_dag']) retrieved from /home/airflow/.local/lib/python3.7/site-packages/airflow/example_dags/example_trigger_target_dag.py
[2023-04-28T11:39:11.311+0000] {logging_mixin.py:137} INFO - [2023-04-28T11:39:11.311+0000] {dag.py:2705} INFO - Sync 1 DAGs
[2023-04-28T11:39:11.343+0000] {logging_mixin.py:137} INFO - [2023-04-28T11:39:11.343+0000] {dag.py:3456} INFO - Setting next_dagrun for example_trigger_target_dag to None, run_after=None
[2023-04-28T11:39:11.368+0000] {processor.py:175} INFO - Processing /home/airflow/.local/lib/python3.7/site-packages/airflow/example_dags/example_trigger_target_dag.py took 0.134 seconds
[2023-04-28T11:39:41.850+0000] {processor.py:153} INFO - Started process (PID=6803) to work on /home/airflow/.local/lib/python3.7/site-packages/airflow/example_dags/example_trigger_target_dag.py
[2023-04-28T11:39:41.852+0000] {processor.py:743} INFO - Processing file /home/airflow/.local/lib/python3.7/site-packages/airflow/example_dags/example_trigger_target_dag.py for tasks to queue
[2023-04-28T11:39:41.854+0000] {logging_mixin.py:137} INFO - [2023-04-28T11:39:41.854+0000] {dagbag.py:532} INFO - Filling up the DagBag from /home/airflow/.local/lib/python3.7/site-packages/airflow/example_dags/example_trigger_target_dag.py
[2023-04-28T11:39:41.887+0000] {processor.py:753} INFO - DAG(s) dict_keys(['example_trigger_target_dag']) retrieved from /home/airflow/.local/lib/python3.7/site-packages/airflow/example_dags/example_trigger_target_dag.py
[2023-04-28T11:39:41.927+0000] {logging_mixin.py:137} INFO - [2023-04-28T11:39:41.927+0000] {dag.py:2705} INFO - Sync 1 DAGs
[2023-04-28T11:39:41.962+0000] {logging_mixin.py:137} INFO - [2023-04-28T11:39:41.962+0000] {dag.py:3456} INFO - Setting next_dagrun for example_trigger_target_dag to None, run_after=None
[2023-04-28T11:39:41.987+0000] {processor.py:175} INFO - Processing /home/airflow/.local/lib/python3.7/site-packages/airflow/example_dags/example_trigger_target_dag.py took 0.143 seconds
[2023-04-28T11:40:12.168+0000] {processor.py:153} INFO - Started process (PID=7026) to work on /home/airflow/.local/lib/python3.7/site-packages/airflow/example_dags/example_trigger_target_dag.py
[2023-04-28T11:40:12.172+0000] {processor.py:743} INFO - Processing file /home/airflow/.local/lib/python3.7/site-packages/airflow/example_dags/example_trigger_target_dag.py for tasks to queue
[2023-04-28T11:40:12.181+0000] {logging_mixin.py:137} INFO - [2023-04-28T11:40:12.180+0000] {dagbag.py:532} INFO - Filling up the DagBag from /home/airflow/.local/lib/python3.7/site-packages/airflow/example_dags/example_trigger_target_dag.py
[2023-04-28T11:40:12.285+0000] {processor.py:753} INFO - DAG(s) dict_keys(['example_trigger_target_dag']) retrieved from /home/airflow/.local/lib/python3.7/site-packages/airflow/example_dags/example_trigger_target_dag.py
[2023-04-28T11:40:12.416+0000] {logging_mixin.py:137} INFO - [2023-04-28T11:40:12.409+0000] {dag.py:2705} INFO - Sync 1 DAGs
[2023-04-28T11:40:12.501+0000] {logging_mixin.py:137} INFO - [2023-04-28T11:40:12.501+0000] {dag.py:3456} INFO - Setting next_dagrun for example_trigger_target_dag to None, run_after=None
[2023-04-28T11:40:12.552+0000] {processor.py:175} INFO - Processing /home/airflow/.local/lib/python3.7/site-packages/airflow/example_dags/example_trigger_target_dag.py took 0.400 seconds
[2023-04-28T11:40:42.777+0000] {processor.py:153} INFO - Started process (PID=7248) to work on /home/airflow/.local/lib/python3.7/site-packages/airflow/example_dags/example_trigger_target_dag.py
[2023-04-28T11:40:42.780+0000] {processor.py:743} INFO - Processing file /home/airflow/.local/lib/python3.7/site-packages/airflow/example_dags/example_trigger_target_dag.py for tasks to queue
[2023-04-28T11:40:42.783+0000] {logging_mixin.py:137} INFO - [2023-04-28T11:40:42.783+0000] {dagbag.py:532} INFO - Filling up the DagBag from /home/airflow/.local/lib/python3.7/site-packages/airflow/example_dags/example_trigger_target_dag.py
[2023-04-28T11:40:42.894+0000] {processor.py:753} INFO - DAG(s) dict_keys(['example_trigger_target_dag']) retrieved from /home/airflow/.local/lib/python3.7/site-packages/airflow/example_dags/example_trigger_target_dag.py
[2023-04-28T11:40:43.006+0000] {logging_mixin.py:137} INFO - [2023-04-28T11:40:43.005+0000] {dag.py:2705} INFO - Sync 1 DAGs
[2023-04-28T11:40:43.094+0000] {logging_mixin.py:137} INFO - [2023-04-28T11:40:43.094+0000] {dag.py:3456} INFO - Setting next_dagrun for example_trigger_target_dag to None, run_after=None
[2023-04-28T11:40:43.152+0000] {processor.py:175} INFO - Processing /home/airflow/.local/lib/python3.7/site-packages/airflow/example_dags/example_trigger_target_dag.py took 0.388 seconds
