[2023-04-28T11:24:23.344+0000] {processor.py:153} INFO - Started process (PID=223) to work on /home/airflow/.local/lib/python3.7/site-packages/airflow/example_dags/tutorial_dag.py
[2023-04-28T11:24:23.345+0000] {processor.py:743} INFO - Processing file /home/airflow/.local/lib/python3.7/site-packages/airflow/example_dags/tutorial_dag.py for tasks to queue
[2023-04-28T11:24:23.347+0000] {logging_mixin.py:137} INFO - [2023-04-28T11:24:23.347+0000] {dagbag.py:532} INFO - Filling up the DagBag from /home/airflow/.local/lib/python3.7/site-packages/airflow/example_dags/tutorial_dag.py
[2023-04-28T11:24:23.363+0000] {processor.py:753} INFO - DAG(s) dict_keys(['tutorial_dag']) retrieved from /home/airflow/.local/lib/python3.7/site-packages/airflow/example_dags/tutorial_dag.py
[2023-04-28T11:24:23.383+0000] {logging_mixin.py:137} INFO - [2023-04-28T11:24:23.382+0000] {dag.py:2705} INFO - Sync 1 DAGs
[2023-04-28T11:24:23.416+0000] {logging_mixin.py:137} INFO - [2023-04-28T11:24:23.416+0000] {dag.py:3456} INFO - Setting next_dagrun for tutorial_dag to None, run_after=None
[2023-04-28T11:24:23.442+0000] {processor.py:175} INFO - Processing /home/airflow/.local/lib/python3.7/site-packages/airflow/example_dags/tutorial_dag.py took 0.103 seconds
[2023-04-28T11:24:53.795+0000] {processor.py:153} INFO - Started process (PID=441) to work on /home/airflow/.local/lib/python3.7/site-packages/airflow/example_dags/tutorial_dag.py
[2023-04-28T11:24:53.797+0000] {processor.py:743} INFO - Processing file /home/airflow/.local/lib/python3.7/site-packages/airflow/example_dags/tutorial_dag.py for tasks to queue
[2023-04-28T11:24:53.798+0000] {logging_mixin.py:137} INFO - [2023-04-28T11:24:53.798+0000] {dagbag.py:532} INFO - Filling up the DagBag from /home/airflow/.local/lib/python3.7/site-packages/airflow/example_dags/tutorial_dag.py
[2023-04-28T11:24:53.812+0000] {processor.py:753} INFO - DAG(s) dict_keys(['tutorial_dag']) retrieved from /home/airflow/.local/lib/python3.7/site-packages/airflow/example_dags/tutorial_dag.py
[2023-04-28T11:24:53.842+0000] {logging_mixin.py:137} INFO - [2023-04-28T11:24:53.842+0000] {dag.py:2705} INFO - Sync 1 DAGs
[2023-04-28T11:24:53.871+0000] {logging_mixin.py:137} INFO - [2023-04-28T11:24:53.871+0000] {dag.py:3456} INFO - Setting next_dagrun for tutorial_dag to None, run_after=None
[2023-04-28T11:24:53.891+0000] {processor.py:175} INFO - Processing /home/airflow/.local/lib/python3.7/site-packages/airflow/example_dags/tutorial_dag.py took 0.101 seconds
[2023-04-28T11:25:24.406+0000] {processor.py:153} INFO - Started process (PID=659) to work on /home/airflow/.local/lib/python3.7/site-packages/airflow/example_dags/tutorial_dag.py
[2023-04-28T11:25:24.434+0000] {processor.py:743} INFO - Processing file /home/airflow/.local/lib/python3.7/site-packages/airflow/example_dags/tutorial_dag.py for tasks to queue
[2023-04-28T11:25:24.437+0000] {logging_mixin.py:137} INFO - [2023-04-28T11:25:24.437+0000] {dagbag.py:532} INFO - Filling up the DagBag from /home/airflow/.local/lib/python3.7/site-packages/airflow/example_dags/tutorial_dag.py
[2023-04-28T11:25:24.458+0000] {processor.py:753} INFO - DAG(s) dict_keys(['tutorial_dag']) retrieved from /home/airflow/.local/lib/python3.7/site-packages/airflow/example_dags/tutorial_dag.py
[2023-04-28T11:25:24.492+0000] {logging_mixin.py:137} INFO - [2023-04-28T11:25:24.492+0000] {dag.py:2705} INFO - Sync 1 DAGs
[2023-04-28T11:25:24.527+0000] {logging_mixin.py:137} INFO - [2023-04-28T11:25:24.527+0000] {dag.py:3456} INFO - Setting next_dagrun for tutorial_dag to None, run_after=None
[2023-04-28T11:25:24.551+0000] {processor.py:175} INFO - Processing /home/airflow/.local/lib/python3.7/site-packages/airflow/example_dags/tutorial_dag.py took 0.149 seconds
[2023-04-28T11:25:55.631+0000] {processor.py:153} INFO - Started process (PID=877) to work on /home/airflow/.local/lib/python3.7/site-packages/airflow/example_dags/tutorial_dag.py
[2023-04-28T11:25:55.639+0000] {processor.py:743} INFO - Processing file /home/airflow/.local/lib/python3.7/site-packages/airflow/example_dags/tutorial_dag.py for tasks to queue
[2023-04-28T11:25:55.691+0000] {logging_mixin.py:137} INFO - [2023-04-28T11:25:55.689+0000] {dagbag.py:532} INFO - Filling up the DagBag from /home/airflow/.local/lib/python3.7/site-packages/airflow/example_dags/tutorial_dag.py
[2023-04-28T11:25:55.729+0000] {processor.py:753} INFO - DAG(s) dict_keys(['tutorial_dag']) retrieved from /home/airflow/.local/lib/python3.7/site-packages/airflow/example_dags/tutorial_dag.py
[2023-04-28T11:25:55.793+0000] {logging_mixin.py:137} INFO - [2023-04-28T11:25:55.792+0000] {dag.py:2705} INFO - Sync 1 DAGs
[2023-04-28T11:25:55.860+0000] {logging_mixin.py:137} INFO - [2023-04-28T11:25:55.860+0000] {dag.py:3456} INFO - Setting next_dagrun for tutorial_dag to None, run_after=None
[2023-04-28T11:25:55.905+0000] {processor.py:175} INFO - Processing /home/airflow/.local/lib/python3.7/site-packages/airflow/example_dags/tutorial_dag.py took 0.290 seconds
[2023-04-28T11:26:25.977+0000] {processor.py:153} INFO - Started process (PID=1097) to work on /home/airflow/.local/lib/python3.7/site-packages/airflow/example_dags/tutorial_dag.py
[2023-04-28T11:26:25.979+0000] {processor.py:743} INFO - Processing file /home/airflow/.local/lib/python3.7/site-packages/airflow/example_dags/tutorial_dag.py for tasks to queue
[2023-04-28T11:26:25.980+0000] {logging_mixin.py:137} INFO - [2023-04-28T11:26:25.980+0000] {dagbag.py:532} INFO - Filling up the DagBag from /home/airflow/.local/lib/python3.7/site-packages/airflow/example_dags/tutorial_dag.py
[2023-04-28T11:26:25.996+0000] {processor.py:753} INFO - DAG(s) dict_keys(['tutorial_dag']) retrieved from /home/airflow/.local/lib/python3.7/site-packages/airflow/example_dags/tutorial_dag.py
[2023-04-28T11:26:26.028+0000] {logging_mixin.py:137} INFO - [2023-04-28T11:26:26.028+0000] {dag.py:2705} INFO - Sync 1 DAGs
[2023-04-28T11:26:26.062+0000] {logging_mixin.py:137} INFO - [2023-04-28T11:26:26.062+0000] {dag.py:3456} INFO - Setting next_dagrun for tutorial_dag to None, run_after=None
[2023-04-28T11:26:26.095+0000] {processor.py:175} INFO - Processing /home/airflow/.local/lib/python3.7/site-packages/airflow/example_dags/tutorial_dag.py took 0.123 seconds
[2023-04-28T11:26:56.408+0000] {processor.py:153} INFO - Started process (PID=1313) to work on /home/airflow/.local/lib/python3.7/site-packages/airflow/example_dags/tutorial_dag.py
[2023-04-28T11:26:56.412+0000] {processor.py:743} INFO - Processing file /home/airflow/.local/lib/python3.7/site-packages/airflow/example_dags/tutorial_dag.py for tasks to queue
[2023-04-28T11:26:56.416+0000] {logging_mixin.py:137} INFO - [2023-04-28T11:26:56.415+0000] {dagbag.py:532} INFO - Filling up the DagBag from /home/airflow/.local/lib/python3.7/site-packages/airflow/example_dags/tutorial_dag.py
[2023-04-28T11:26:56.447+0000] {processor.py:753} INFO - DAG(s) dict_keys(['tutorial_dag']) retrieved from /home/airflow/.local/lib/python3.7/site-packages/airflow/example_dags/tutorial_dag.py
[2023-04-28T11:26:56.515+0000] {logging_mixin.py:137} INFO - [2023-04-28T11:26:56.514+0000] {dag.py:2705} INFO - Sync 1 DAGs
[2023-04-28T11:26:56.571+0000] {logging_mixin.py:137} INFO - [2023-04-28T11:26:56.571+0000] {dag.py:3456} INFO - Setting next_dagrun for tutorial_dag to None, run_after=None
[2023-04-28T11:26:56.614+0000] {processor.py:175} INFO - Processing /home/airflow/.local/lib/python3.7/site-packages/airflow/example_dags/tutorial_dag.py took 0.215 seconds
[2023-04-28T11:27:27.377+0000] {processor.py:153} INFO - Started process (PID=1531) to work on /home/airflow/.local/lib/python3.7/site-packages/airflow/example_dags/tutorial_dag.py
[2023-04-28T11:27:27.380+0000] {processor.py:743} INFO - Processing file /home/airflow/.local/lib/python3.7/site-packages/airflow/example_dags/tutorial_dag.py for tasks to queue
[2023-04-28T11:27:27.382+0000] {logging_mixin.py:137} INFO - [2023-04-28T11:27:27.382+0000] {dagbag.py:532} INFO - Filling up the DagBag from /home/airflow/.local/lib/python3.7/site-packages/airflow/example_dags/tutorial_dag.py
[2023-04-28T11:27:27.403+0000] {processor.py:753} INFO - DAG(s) dict_keys(['tutorial_dag']) retrieved from /home/airflow/.local/lib/python3.7/site-packages/airflow/example_dags/tutorial_dag.py
[2023-04-28T11:27:27.437+0000] {logging_mixin.py:137} INFO - [2023-04-28T11:27:27.437+0000] {dag.py:2705} INFO - Sync 1 DAGs
[2023-04-28T11:27:27.467+0000] {logging_mixin.py:137} INFO - [2023-04-28T11:27:27.467+0000] {dag.py:3456} INFO - Setting next_dagrun for tutorial_dag to None, run_after=None
[2023-04-28T11:27:27.487+0000] {processor.py:175} INFO - Processing /home/airflow/.local/lib/python3.7/site-packages/airflow/example_dags/tutorial_dag.py took 0.115 seconds
[2023-04-28T11:27:57.991+0000] {processor.py:153} INFO - Started process (PID=1749) to work on /home/airflow/.local/lib/python3.7/site-packages/airflow/example_dags/tutorial_dag.py
[2023-04-28T11:27:57.995+0000] {processor.py:743} INFO - Processing file /home/airflow/.local/lib/python3.7/site-packages/airflow/example_dags/tutorial_dag.py for tasks to queue
[2023-04-28T11:27:57.997+0000] {logging_mixin.py:137} INFO - [2023-04-28T11:27:57.997+0000] {dagbag.py:532} INFO - Filling up the DagBag from /home/airflow/.local/lib/python3.7/site-packages/airflow/example_dags/tutorial_dag.py
[2023-04-28T11:27:58.031+0000] {processor.py:753} INFO - DAG(s) dict_keys(['tutorial_dag']) retrieved from /home/airflow/.local/lib/python3.7/site-packages/airflow/example_dags/tutorial_dag.py
[2023-04-28T11:27:58.136+0000] {logging_mixin.py:137} INFO - [2023-04-28T11:27:58.136+0000] {dag.py:2705} INFO - Sync 1 DAGs
[2023-04-28T11:27:58.232+0000] {logging_mixin.py:137} INFO - [2023-04-28T11:27:58.231+0000] {dag.py:3456} INFO - Setting next_dagrun for tutorial_dag to None, run_after=None
[2023-04-28T11:27:58.283+0000] {processor.py:175} INFO - Processing /home/airflow/.local/lib/python3.7/site-packages/airflow/example_dags/tutorial_dag.py took 0.299 seconds
[2023-04-28T11:28:28.486+0000] {processor.py:153} INFO - Started process (PID=1967) to work on /home/airflow/.local/lib/python3.7/site-packages/airflow/example_dags/tutorial_dag.py
[2023-04-28T11:28:28.490+0000] {processor.py:743} INFO - Processing file /home/airflow/.local/lib/python3.7/site-packages/airflow/example_dags/tutorial_dag.py for tasks to queue
[2023-04-28T11:28:28.494+0000] {logging_mixin.py:137} INFO - [2023-04-28T11:28:28.493+0000] {dagbag.py:532} INFO - Filling up the DagBag from /home/airflow/.local/lib/python3.7/site-packages/airflow/example_dags/tutorial_dag.py
[2023-04-28T11:28:28.515+0000] {processor.py:753} INFO - DAG(s) dict_keys(['tutorial_dag']) retrieved from /home/airflow/.local/lib/python3.7/site-packages/airflow/example_dags/tutorial_dag.py
[2023-04-28T11:28:28.553+0000] {logging_mixin.py:137} INFO - [2023-04-28T11:28:28.553+0000] {dag.py:2705} INFO - Sync 1 DAGs
[2023-04-28T11:28:28.589+0000] {logging_mixin.py:137} INFO - [2023-04-28T11:28:28.589+0000] {dag.py:3456} INFO - Setting next_dagrun for tutorial_dag to None, run_after=None
[2023-04-28T11:28:28.617+0000] {processor.py:175} INFO - Processing /home/airflow/.local/lib/python3.7/site-packages/airflow/example_dags/tutorial_dag.py took 0.138 seconds
[2023-04-28T11:28:58.903+0000] {processor.py:153} INFO - Started process (PID=2185) to work on /home/airflow/.local/lib/python3.7/site-packages/airflow/example_dags/tutorial_dag.py
[2023-04-28T11:28:58.905+0000] {processor.py:743} INFO - Processing file /home/airflow/.local/lib/python3.7/site-packages/airflow/example_dags/tutorial_dag.py for tasks to queue
[2023-04-28T11:28:58.908+0000] {logging_mixin.py:137} INFO - [2023-04-28T11:28:58.908+0000] {dagbag.py:532} INFO - Filling up the DagBag from /home/airflow/.local/lib/python3.7/site-packages/airflow/example_dags/tutorial_dag.py
[2023-04-28T11:28:58.927+0000] {processor.py:753} INFO - DAG(s) dict_keys(['tutorial_dag']) retrieved from /home/airflow/.local/lib/python3.7/site-packages/airflow/example_dags/tutorial_dag.py
[2023-04-28T11:28:58.963+0000] {logging_mixin.py:137} INFO - [2023-04-28T11:28:58.963+0000] {dag.py:2705} INFO - Sync 1 DAGs
[2023-04-28T11:28:58.998+0000] {logging_mixin.py:137} INFO - [2023-04-28T11:28:58.998+0000] {dag.py:3456} INFO - Setting next_dagrun for tutorial_dag to None, run_after=None
[2023-04-28T11:28:59.026+0000] {processor.py:175} INFO - Processing /home/airflow/.local/lib/python3.7/site-packages/airflow/example_dags/tutorial_dag.py took 0.130 seconds
[2023-04-28T11:29:29.330+0000] {processor.py:153} INFO - Started process (PID=2403) to work on /home/airflow/.local/lib/python3.7/site-packages/airflow/example_dags/tutorial_dag.py
[2023-04-28T11:29:29.332+0000] {processor.py:743} INFO - Processing file /home/airflow/.local/lib/python3.7/site-packages/airflow/example_dags/tutorial_dag.py for tasks to queue
[2023-04-28T11:29:29.334+0000] {logging_mixin.py:137} INFO - [2023-04-28T11:29:29.334+0000] {dagbag.py:532} INFO - Filling up the DagBag from /home/airflow/.local/lib/python3.7/site-packages/airflow/example_dags/tutorial_dag.py
[2023-04-28T11:29:29.351+0000] {processor.py:753} INFO - DAG(s) dict_keys(['tutorial_dag']) retrieved from /home/airflow/.local/lib/python3.7/site-packages/airflow/example_dags/tutorial_dag.py
[2023-04-28T11:29:29.382+0000] {logging_mixin.py:137} INFO - [2023-04-28T11:29:29.382+0000] {dag.py:2705} INFO - Sync 1 DAGs
[2023-04-28T11:29:29.412+0000] {logging_mixin.py:137} INFO - [2023-04-28T11:29:29.412+0000] {dag.py:3456} INFO - Setting next_dagrun for tutorial_dag to None, run_after=None
[2023-04-28T11:29:29.432+0000] {processor.py:175} INFO - Processing /home/airflow/.local/lib/python3.7/site-packages/airflow/example_dags/tutorial_dag.py took 0.108 seconds
[2023-04-28T11:30:00.311+0000] {processor.py:153} INFO - Started process (PID=2621) to work on /home/airflow/.local/lib/python3.7/site-packages/airflow/example_dags/tutorial_dag.py
[2023-04-28T11:30:00.315+0000] {processor.py:743} INFO - Processing file /home/airflow/.local/lib/python3.7/site-packages/airflow/example_dags/tutorial_dag.py for tasks to queue
[2023-04-28T11:30:00.318+0000] {logging_mixin.py:137} INFO - [2023-04-28T11:30:00.318+0000] {dagbag.py:532} INFO - Filling up the DagBag from /home/airflow/.local/lib/python3.7/site-packages/airflow/example_dags/tutorial_dag.py
[2023-04-28T11:30:00.342+0000] {processor.py:753} INFO - DAG(s) dict_keys(['tutorial_dag']) retrieved from /home/airflow/.local/lib/python3.7/site-packages/airflow/example_dags/tutorial_dag.py
[2023-04-28T11:30:00.381+0000] {logging_mixin.py:137} INFO - [2023-04-28T11:30:00.381+0000] {dag.py:2705} INFO - Sync 1 DAGs
[2023-04-28T11:30:00.414+0000] {logging_mixin.py:137} INFO - [2023-04-28T11:30:00.414+0000] {dag.py:3456} INFO - Setting next_dagrun for tutorial_dag to None, run_after=None
[2023-04-28T11:30:00.438+0000] {processor.py:175} INFO - Processing /home/airflow/.local/lib/python3.7/site-packages/airflow/example_dags/tutorial_dag.py took 0.137 seconds
[2023-04-28T11:30:30.604+0000] {processor.py:153} INFO - Started process (PID=2839) to work on /home/airflow/.local/lib/python3.7/site-packages/airflow/example_dags/tutorial_dag.py
[2023-04-28T11:30:30.607+0000] {processor.py:743} INFO - Processing file /home/airflow/.local/lib/python3.7/site-packages/airflow/example_dags/tutorial_dag.py for tasks to queue
[2023-04-28T11:30:30.609+0000] {logging_mixin.py:137} INFO - [2023-04-28T11:30:30.608+0000] {dagbag.py:532} INFO - Filling up the DagBag from /home/airflow/.local/lib/python3.7/site-packages/airflow/example_dags/tutorial_dag.py
[2023-04-28T11:30:30.625+0000] {processor.py:753} INFO - DAG(s) dict_keys(['tutorial_dag']) retrieved from /home/airflow/.local/lib/python3.7/site-packages/airflow/example_dags/tutorial_dag.py
[2023-04-28T11:30:30.657+0000] {logging_mixin.py:137} INFO - [2023-04-28T11:30:30.657+0000] {dag.py:2705} INFO - Sync 1 DAGs
[2023-04-28T11:30:30.689+0000] {logging_mixin.py:137} INFO - [2023-04-28T11:30:30.689+0000] {dag.py:3456} INFO - Setting next_dagrun for tutorial_dag to None, run_after=None
[2023-04-28T11:30:30.712+0000] {processor.py:175} INFO - Processing /home/airflow/.local/lib/python3.7/site-packages/airflow/example_dags/tutorial_dag.py took 0.112 seconds
[2023-04-28T11:31:00.985+0000] {processor.py:153} INFO - Started process (PID=3057) to work on /home/airflow/.local/lib/python3.7/site-packages/airflow/example_dags/tutorial_dag.py
[2023-04-28T11:31:00.988+0000] {processor.py:743} INFO - Processing file /home/airflow/.local/lib/python3.7/site-packages/airflow/example_dags/tutorial_dag.py for tasks to queue
[2023-04-28T11:31:00.991+0000] {logging_mixin.py:137} INFO - [2023-04-28T11:31:00.990+0000] {dagbag.py:532} INFO - Filling up the DagBag from /home/airflow/.local/lib/python3.7/site-packages/airflow/example_dags/tutorial_dag.py
[2023-04-28T11:31:01.009+0000] {processor.py:753} INFO - DAG(s) dict_keys(['tutorial_dag']) retrieved from /home/airflow/.local/lib/python3.7/site-packages/airflow/example_dags/tutorial_dag.py
[2023-04-28T11:31:01.042+0000] {logging_mixin.py:137} INFO - [2023-04-28T11:31:01.042+0000] {dag.py:2705} INFO - Sync 1 DAGs
[2023-04-28T11:31:01.073+0000] {logging_mixin.py:137} INFO - [2023-04-28T11:31:01.073+0000] {dag.py:3456} INFO - Setting next_dagrun for tutorial_dag to None, run_after=None
[2023-04-28T11:31:01.094+0000] {processor.py:175} INFO - Processing /home/airflow/.local/lib/python3.7/site-packages/airflow/example_dags/tutorial_dag.py took 0.115 seconds
[2023-04-28T11:31:31.642+0000] {processor.py:153} INFO - Started process (PID=3274) to work on /home/airflow/.local/lib/python3.7/site-packages/airflow/example_dags/tutorial_dag.py
[2023-04-28T11:31:31.644+0000] {processor.py:743} INFO - Processing file /home/airflow/.local/lib/python3.7/site-packages/airflow/example_dags/tutorial_dag.py for tasks to queue
[2023-04-28T11:31:31.646+0000] {logging_mixin.py:137} INFO - [2023-04-28T11:31:31.646+0000] {dagbag.py:532} INFO - Filling up the DagBag from /home/airflow/.local/lib/python3.7/site-packages/airflow/example_dags/tutorial_dag.py
[2023-04-28T11:31:31.665+0000] {processor.py:753} INFO - DAG(s) dict_keys(['tutorial_dag']) retrieved from /home/airflow/.local/lib/python3.7/site-packages/airflow/example_dags/tutorial_dag.py
[2023-04-28T11:31:31.698+0000] {logging_mixin.py:137} INFO - [2023-04-28T11:31:31.698+0000] {dag.py:2705} INFO - Sync 1 DAGs
[2023-04-28T11:31:31.729+0000] {logging_mixin.py:137} INFO - [2023-04-28T11:31:31.729+0000] {dag.py:3456} INFO - Setting next_dagrun for tutorial_dag to None, run_after=None
[2023-04-28T11:31:31.751+0000] {processor.py:175} INFO - Processing /home/airflow/.local/lib/python3.7/site-packages/airflow/example_dags/tutorial_dag.py took 0.114 seconds
[2023-04-28T11:32:02.045+0000] {processor.py:153} INFO - Started process (PID=3492) to work on /home/airflow/.local/lib/python3.7/site-packages/airflow/example_dags/tutorial_dag.py
[2023-04-28T11:32:02.048+0000] {processor.py:743} INFO - Processing file /home/airflow/.local/lib/python3.7/site-packages/airflow/example_dags/tutorial_dag.py for tasks to queue
[2023-04-28T11:32:02.049+0000] {logging_mixin.py:137} INFO - [2023-04-28T11:32:02.049+0000] {dagbag.py:532} INFO - Filling up the DagBag from /home/airflow/.local/lib/python3.7/site-packages/airflow/example_dags/tutorial_dag.py
[2023-04-28T11:32:02.067+0000] {processor.py:753} INFO - DAG(s) dict_keys(['tutorial_dag']) retrieved from /home/airflow/.local/lib/python3.7/site-packages/airflow/example_dags/tutorial_dag.py
[2023-04-28T11:32:02.100+0000] {logging_mixin.py:137} INFO - [2023-04-28T11:32:02.100+0000] {dag.py:2705} INFO - Sync 1 DAGs
[2023-04-28T11:32:02.130+0000] {logging_mixin.py:137} INFO - [2023-04-28T11:32:02.130+0000] {dag.py:3456} INFO - Setting next_dagrun for tutorial_dag to None, run_after=None
[2023-04-28T11:32:02.153+0000] {processor.py:175} INFO - Processing /home/airflow/.local/lib/python3.7/site-packages/airflow/example_dags/tutorial_dag.py took 0.114 seconds
[2023-04-28T11:32:32.330+0000] {processor.py:153} INFO - Started process (PID=3710) to work on /home/airflow/.local/lib/python3.7/site-packages/airflow/example_dags/tutorial_dag.py
[2023-04-28T11:32:32.331+0000] {processor.py:743} INFO - Processing file /home/airflow/.local/lib/python3.7/site-packages/airflow/example_dags/tutorial_dag.py for tasks to queue
[2023-04-28T11:32:32.333+0000] {logging_mixin.py:137} INFO - [2023-04-28T11:32:32.333+0000] {dagbag.py:532} INFO - Filling up the DagBag from /home/airflow/.local/lib/python3.7/site-packages/airflow/example_dags/tutorial_dag.py
[2023-04-28T11:32:32.351+0000] {processor.py:753} INFO - DAG(s) dict_keys(['tutorial_dag']) retrieved from /home/airflow/.local/lib/python3.7/site-packages/airflow/example_dags/tutorial_dag.py
[2023-04-28T11:32:32.381+0000] {logging_mixin.py:137} INFO - [2023-04-28T11:32:32.381+0000] {dag.py:2705} INFO - Sync 1 DAGs
[2023-04-28T11:32:32.410+0000] {logging_mixin.py:137} INFO - [2023-04-28T11:32:32.410+0000] {dag.py:3456} INFO - Setting next_dagrun for tutorial_dag to None, run_after=None
[2023-04-28T11:32:32.431+0000] {processor.py:175} INFO - Processing /home/airflow/.local/lib/python3.7/site-packages/airflow/example_dags/tutorial_dag.py took 0.106 seconds
[2023-04-28T11:33:02.717+0000] {processor.py:153} INFO - Started process (PID=3928) to work on /home/airflow/.local/lib/python3.7/site-packages/airflow/example_dags/tutorial_dag.py
[2023-04-28T11:33:02.719+0000] {processor.py:743} INFO - Processing file /home/airflow/.local/lib/python3.7/site-packages/airflow/example_dags/tutorial_dag.py for tasks to queue
[2023-04-28T11:33:02.722+0000] {logging_mixin.py:137} INFO - [2023-04-28T11:33:02.721+0000] {dagbag.py:532} INFO - Filling up the DagBag from /home/airflow/.local/lib/python3.7/site-packages/airflow/example_dags/tutorial_dag.py
[2023-04-28T11:33:02.739+0000] {processor.py:753} INFO - DAG(s) dict_keys(['tutorial_dag']) retrieved from /home/airflow/.local/lib/python3.7/site-packages/airflow/example_dags/tutorial_dag.py
[2023-04-28T11:33:02.771+0000] {logging_mixin.py:137} INFO - [2023-04-28T11:33:02.770+0000] {dag.py:2705} INFO - Sync 1 DAGs
[2023-04-28T11:33:02.799+0000] {logging_mixin.py:137} INFO - [2023-04-28T11:33:02.799+0000] {dag.py:3456} INFO - Setting next_dagrun for tutorial_dag to None, run_after=None
[2023-04-28T11:33:02.819+0000] {processor.py:175} INFO - Processing /home/airflow/.local/lib/python3.7/site-packages/airflow/example_dags/tutorial_dag.py took 0.110 seconds
[2023-04-28T11:33:33.021+0000] {processor.py:153} INFO - Started process (PID=4146) to work on /home/airflow/.local/lib/python3.7/site-packages/airflow/example_dags/tutorial_dag.py
[2023-04-28T11:33:33.024+0000] {processor.py:743} INFO - Processing file /home/airflow/.local/lib/python3.7/site-packages/airflow/example_dags/tutorial_dag.py for tasks to queue
[2023-04-28T11:33:33.026+0000] {logging_mixin.py:137} INFO - [2023-04-28T11:33:33.026+0000] {dagbag.py:532} INFO - Filling up the DagBag from /home/airflow/.local/lib/python3.7/site-packages/airflow/example_dags/tutorial_dag.py
[2023-04-28T11:33:33.047+0000] {processor.py:753} INFO - DAG(s) dict_keys(['tutorial_dag']) retrieved from /home/airflow/.local/lib/python3.7/site-packages/airflow/example_dags/tutorial_dag.py
[2023-04-28T11:33:33.087+0000] {logging_mixin.py:137} INFO - [2023-04-28T11:33:33.087+0000] {dag.py:2705} INFO - Sync 1 DAGs
[2023-04-28T11:33:33.126+0000] {logging_mixin.py:137} INFO - [2023-04-28T11:33:33.126+0000] {dag.py:3456} INFO - Setting next_dagrun for tutorial_dag to None, run_after=None
[2023-04-28T11:33:33.159+0000] {processor.py:175} INFO - Processing /home/airflow/.local/lib/python3.7/site-packages/airflow/example_dags/tutorial_dag.py took 0.143 seconds
[2023-04-28T11:34:03.296+0000] {processor.py:153} INFO - Started process (PID=4364) to work on /home/airflow/.local/lib/python3.7/site-packages/airflow/example_dags/tutorial_dag.py
[2023-04-28T11:34:03.298+0000] {processor.py:743} INFO - Processing file /home/airflow/.local/lib/python3.7/site-packages/airflow/example_dags/tutorial_dag.py for tasks to queue
[2023-04-28T11:34:03.300+0000] {logging_mixin.py:137} INFO - [2023-04-28T11:34:03.300+0000] {dagbag.py:532} INFO - Filling up the DagBag from /home/airflow/.local/lib/python3.7/site-packages/airflow/example_dags/tutorial_dag.py
[2023-04-28T11:34:03.315+0000] {processor.py:753} INFO - DAG(s) dict_keys(['tutorial_dag']) retrieved from /home/airflow/.local/lib/python3.7/site-packages/airflow/example_dags/tutorial_dag.py
[2023-04-28T11:34:03.344+0000] {logging_mixin.py:137} INFO - [2023-04-28T11:34:03.344+0000] {dag.py:2705} INFO - Sync 1 DAGs
[2023-04-28T11:34:03.375+0000] {logging_mixin.py:137} INFO - [2023-04-28T11:34:03.374+0000] {dag.py:3456} INFO - Setting next_dagrun for tutorial_dag to None, run_after=None
[2023-04-28T11:34:03.398+0000] {processor.py:175} INFO - Processing /home/airflow/.local/lib/python3.7/site-packages/airflow/example_dags/tutorial_dag.py took 0.107 seconds
[2023-04-28T11:34:33.980+0000] {processor.py:153} INFO - Started process (PID=4582) to work on /home/airflow/.local/lib/python3.7/site-packages/airflow/example_dags/tutorial_dag.py
[2023-04-28T11:34:33.982+0000] {processor.py:743} INFO - Processing file /home/airflow/.local/lib/python3.7/site-packages/airflow/example_dags/tutorial_dag.py for tasks to queue
[2023-04-28T11:34:33.984+0000] {logging_mixin.py:137} INFO - [2023-04-28T11:34:33.983+0000] {dagbag.py:532} INFO - Filling up the DagBag from /home/airflow/.local/lib/python3.7/site-packages/airflow/example_dags/tutorial_dag.py
[2023-04-28T11:34:34.001+0000] {processor.py:753} INFO - DAG(s) dict_keys(['tutorial_dag']) retrieved from /home/airflow/.local/lib/python3.7/site-packages/airflow/example_dags/tutorial_dag.py
[2023-04-28T11:34:34.032+0000] {logging_mixin.py:137} INFO - [2023-04-28T11:34:34.031+0000] {dag.py:2705} INFO - Sync 1 DAGs
[2023-04-28T11:34:34.059+0000] {logging_mixin.py:137} INFO - [2023-04-28T11:34:34.059+0000] {dag.py:3456} INFO - Setting next_dagrun for tutorial_dag to None, run_after=None
[2023-04-28T11:34:34.079+0000] {processor.py:175} INFO - Processing /home/airflow/.local/lib/python3.7/site-packages/airflow/example_dags/tutorial_dag.py took 0.103 seconds
[2023-04-28T11:35:04.538+0000] {processor.py:153} INFO - Started process (PID=4800) to work on /home/airflow/.local/lib/python3.7/site-packages/airflow/example_dags/tutorial_dag.py
[2023-04-28T11:35:04.542+0000] {processor.py:743} INFO - Processing file /home/airflow/.local/lib/python3.7/site-packages/airflow/example_dags/tutorial_dag.py for tasks to queue
[2023-04-28T11:35:04.544+0000] {logging_mixin.py:137} INFO - [2023-04-28T11:35:04.543+0000] {dagbag.py:532} INFO - Filling up the DagBag from /home/airflow/.local/lib/python3.7/site-packages/airflow/example_dags/tutorial_dag.py
[2023-04-28T11:35:04.562+0000] {processor.py:753} INFO - DAG(s) dict_keys(['tutorial_dag']) retrieved from /home/airflow/.local/lib/python3.7/site-packages/airflow/example_dags/tutorial_dag.py
[2023-04-28T11:35:04.597+0000] {logging_mixin.py:137} INFO - [2023-04-28T11:35:04.597+0000] {dag.py:2705} INFO - Sync 1 DAGs
[2023-04-28T11:35:04.632+0000] {logging_mixin.py:137} INFO - [2023-04-28T11:35:04.632+0000] {dag.py:3456} INFO - Setting next_dagrun for tutorial_dag to None, run_after=None
[2023-04-28T11:35:04.658+0000] {processor.py:175} INFO - Processing /home/airflow/.local/lib/python3.7/site-packages/airflow/example_dags/tutorial_dag.py took 0.125 seconds
[2023-04-28T11:35:34.802+0000] {processor.py:153} INFO - Started process (PID=5018) to work on /home/airflow/.local/lib/python3.7/site-packages/airflow/example_dags/tutorial_dag.py
[2023-04-28T11:35:34.804+0000] {processor.py:743} INFO - Processing file /home/airflow/.local/lib/python3.7/site-packages/airflow/example_dags/tutorial_dag.py for tasks to queue
[2023-04-28T11:35:34.806+0000] {logging_mixin.py:137} INFO - [2023-04-28T11:35:34.806+0000] {dagbag.py:532} INFO - Filling up the DagBag from /home/airflow/.local/lib/python3.7/site-packages/airflow/example_dags/tutorial_dag.py
[2023-04-28T11:35:34.824+0000] {processor.py:753} INFO - DAG(s) dict_keys(['tutorial_dag']) retrieved from /home/airflow/.local/lib/python3.7/site-packages/airflow/example_dags/tutorial_dag.py
[2023-04-28T11:35:34.855+0000] {logging_mixin.py:137} INFO - [2023-04-28T11:35:34.855+0000] {dag.py:2705} INFO - Sync 1 DAGs
[2023-04-28T11:35:34.885+0000] {logging_mixin.py:137} INFO - [2023-04-28T11:35:34.885+0000] {dag.py:3456} INFO - Setting next_dagrun for tutorial_dag to None, run_after=None
[2023-04-28T11:35:34.906+0000] {processor.py:175} INFO - Processing /home/airflow/.local/lib/python3.7/site-packages/airflow/example_dags/tutorial_dag.py took 0.109 seconds
[2023-04-28T11:36:05.386+0000] {processor.py:153} INFO - Started process (PID=5236) to work on /home/airflow/.local/lib/python3.7/site-packages/airflow/example_dags/tutorial_dag.py
[2023-04-28T11:36:05.389+0000] {processor.py:743} INFO - Processing file /home/airflow/.local/lib/python3.7/site-packages/airflow/example_dags/tutorial_dag.py for tasks to queue
[2023-04-28T11:36:05.391+0000] {logging_mixin.py:137} INFO - [2023-04-28T11:36:05.391+0000] {dagbag.py:532} INFO - Filling up the DagBag from /home/airflow/.local/lib/python3.7/site-packages/airflow/example_dags/tutorial_dag.py
[2023-04-28T11:36:05.409+0000] {processor.py:753} INFO - DAG(s) dict_keys(['tutorial_dag']) retrieved from /home/airflow/.local/lib/python3.7/site-packages/airflow/example_dags/tutorial_dag.py
[2023-04-28T11:36:05.442+0000] {logging_mixin.py:137} INFO - [2023-04-28T11:36:05.442+0000] {dag.py:2705} INFO - Sync 1 DAGs
[2023-04-28T11:36:05.476+0000] {logging_mixin.py:137} INFO - [2023-04-28T11:36:05.475+0000] {dag.py:3456} INFO - Setting next_dagrun for tutorial_dag to None, run_after=None
[2023-04-28T11:36:05.500+0000] {processor.py:175} INFO - Processing /home/airflow/.local/lib/python3.7/site-packages/airflow/example_dags/tutorial_dag.py took 0.118 seconds
[2023-04-28T11:36:36.267+0000] {processor.py:153} INFO - Started process (PID=5454) to work on /home/airflow/.local/lib/python3.7/site-packages/airflow/example_dags/tutorial_dag.py
[2023-04-28T11:36:36.269+0000] {processor.py:743} INFO - Processing file /home/airflow/.local/lib/python3.7/site-packages/airflow/example_dags/tutorial_dag.py for tasks to queue
[2023-04-28T11:36:36.272+0000] {logging_mixin.py:137} INFO - [2023-04-28T11:36:36.271+0000] {dagbag.py:532} INFO - Filling up the DagBag from /home/airflow/.local/lib/python3.7/site-packages/airflow/example_dags/tutorial_dag.py
[2023-04-28T11:36:36.289+0000] {processor.py:753} INFO - DAG(s) dict_keys(['tutorial_dag']) retrieved from /home/airflow/.local/lib/python3.7/site-packages/airflow/example_dags/tutorial_dag.py
[2023-04-28T11:36:36.323+0000] {logging_mixin.py:137} INFO - [2023-04-28T11:36:36.323+0000] {dag.py:2705} INFO - Sync 1 DAGs
[2023-04-28T11:36:36.354+0000] {logging_mixin.py:137} INFO - [2023-04-28T11:36:36.353+0000] {dag.py:3456} INFO - Setting next_dagrun for tutorial_dag to None, run_after=None
[2023-04-28T11:36:36.378+0000] {processor.py:175} INFO - Processing /home/airflow/.local/lib/python3.7/site-packages/airflow/example_dags/tutorial_dag.py took 0.115 seconds
[2023-04-28T11:37:06.615+0000] {processor.py:153} INFO - Started process (PID=5672) to work on /home/airflow/.local/lib/python3.7/site-packages/airflow/example_dags/tutorial_dag.py
[2023-04-28T11:37:06.618+0000] {processor.py:743} INFO - Processing file /home/airflow/.local/lib/python3.7/site-packages/airflow/example_dags/tutorial_dag.py for tasks to queue
[2023-04-28T11:37:06.620+0000] {logging_mixin.py:137} INFO - [2023-04-28T11:37:06.620+0000] {dagbag.py:532} INFO - Filling up the DagBag from /home/airflow/.local/lib/python3.7/site-packages/airflow/example_dags/tutorial_dag.py
[2023-04-28T11:37:06.639+0000] {processor.py:753} INFO - DAG(s) dict_keys(['tutorial_dag']) retrieved from /home/airflow/.local/lib/python3.7/site-packages/airflow/example_dags/tutorial_dag.py
[2023-04-28T11:37:06.673+0000] {logging_mixin.py:137} INFO - [2023-04-28T11:37:06.673+0000] {dag.py:2705} INFO - Sync 1 DAGs
[2023-04-28T11:37:06.706+0000] {logging_mixin.py:137} INFO - [2023-04-28T11:37:06.706+0000] {dag.py:3456} INFO - Setting next_dagrun for tutorial_dag to None, run_after=None
[2023-04-28T11:37:06.731+0000] {processor.py:175} INFO - Processing /home/airflow/.local/lib/python3.7/site-packages/airflow/example_dags/tutorial_dag.py took 0.123 seconds
[2023-04-28T11:37:37.126+0000] {processor.py:153} INFO - Started process (PID=5890) to work on /home/airflow/.local/lib/python3.7/site-packages/airflow/example_dags/tutorial_dag.py
[2023-04-28T11:37:37.128+0000] {processor.py:743} INFO - Processing file /home/airflow/.local/lib/python3.7/site-packages/airflow/example_dags/tutorial_dag.py for tasks to queue
[2023-04-28T11:37:37.132+0000] {logging_mixin.py:137} INFO - [2023-04-28T11:37:37.132+0000] {dagbag.py:532} INFO - Filling up the DagBag from /home/airflow/.local/lib/python3.7/site-packages/airflow/example_dags/tutorial_dag.py
[2023-04-28T11:37:37.151+0000] {processor.py:753} INFO - DAG(s) dict_keys(['tutorial_dag']) retrieved from /home/airflow/.local/lib/python3.7/site-packages/airflow/example_dags/tutorial_dag.py
[2023-04-28T11:37:37.190+0000] {logging_mixin.py:137} INFO - [2023-04-28T11:37:37.190+0000] {dag.py:2705} INFO - Sync 1 DAGs
[2023-04-28T11:37:37.233+0000] {logging_mixin.py:137} INFO - [2023-04-28T11:37:37.233+0000] {dag.py:3456} INFO - Setting next_dagrun for tutorial_dag to None, run_after=None
[2023-04-28T11:37:37.290+0000] {processor.py:175} INFO - Processing /home/airflow/.local/lib/python3.7/site-packages/airflow/example_dags/tutorial_dag.py took 0.169 seconds
[2023-04-28T11:38:07.416+0000] {processor.py:153} INFO - Started process (PID=6108) to work on /home/airflow/.local/lib/python3.7/site-packages/airflow/example_dags/tutorial_dag.py
[2023-04-28T11:38:07.419+0000] {processor.py:743} INFO - Processing file /home/airflow/.local/lib/python3.7/site-packages/airflow/example_dags/tutorial_dag.py for tasks to queue
[2023-04-28T11:38:07.422+0000] {logging_mixin.py:137} INFO - [2023-04-28T11:38:07.422+0000] {dagbag.py:532} INFO - Filling up the DagBag from /home/airflow/.local/lib/python3.7/site-packages/airflow/example_dags/tutorial_dag.py
[2023-04-28T11:38:07.444+0000] {processor.py:753} INFO - DAG(s) dict_keys(['tutorial_dag']) retrieved from /home/airflow/.local/lib/python3.7/site-packages/airflow/example_dags/tutorial_dag.py
[2023-04-28T11:38:07.488+0000] {logging_mixin.py:137} INFO - [2023-04-28T11:38:07.488+0000] {dag.py:2705} INFO - Sync 1 DAGs
[2023-04-28T11:38:07.525+0000] {logging_mixin.py:137} INFO - [2023-04-28T11:38:07.525+0000] {dag.py:3456} INFO - Setting next_dagrun for tutorial_dag to None, run_after=None
[2023-04-28T11:38:07.551+0000] {processor.py:175} INFO - Processing /home/airflow/.local/lib/python3.7/site-packages/airflow/example_dags/tutorial_dag.py took 0.141 seconds
[2023-04-28T11:38:38.222+0000] {processor.py:153} INFO - Started process (PID=6326) to work on /home/airflow/.local/lib/python3.7/site-packages/airflow/example_dags/tutorial_dag.py
[2023-04-28T11:38:38.225+0000] {processor.py:743} INFO - Processing file /home/airflow/.local/lib/python3.7/site-packages/airflow/example_dags/tutorial_dag.py for tasks to queue
[2023-04-28T11:38:38.227+0000] {logging_mixin.py:137} INFO - [2023-04-28T11:38:38.227+0000] {dagbag.py:532} INFO - Filling up the DagBag from /home/airflow/.local/lib/python3.7/site-packages/airflow/example_dags/tutorial_dag.py
[2023-04-28T11:38:38.246+0000] {processor.py:753} INFO - DAG(s) dict_keys(['tutorial_dag']) retrieved from /home/airflow/.local/lib/python3.7/site-packages/airflow/example_dags/tutorial_dag.py
[2023-04-28T11:38:38.280+0000] {logging_mixin.py:137} INFO - [2023-04-28T11:38:38.280+0000] {dag.py:2705} INFO - Sync 1 DAGs
[2023-04-28T11:38:38.315+0000] {logging_mixin.py:137} INFO - [2023-04-28T11:38:38.314+0000] {dag.py:3456} INFO - Setting next_dagrun for tutorial_dag to None, run_after=None
[2023-04-28T11:38:38.339+0000] {processor.py:175} INFO - Processing /home/airflow/.local/lib/python3.7/site-packages/airflow/example_dags/tutorial_dag.py took 0.123 seconds
[2023-04-28T11:39:08.826+0000] {processor.py:153} INFO - Started process (PID=6544) to work on /home/airflow/.local/lib/python3.7/site-packages/airflow/example_dags/tutorial_dag.py
[2023-04-28T11:39:08.828+0000] {processor.py:743} INFO - Processing file /home/airflow/.local/lib/python3.7/site-packages/airflow/example_dags/tutorial_dag.py for tasks to queue
[2023-04-28T11:39:08.830+0000] {logging_mixin.py:137} INFO - [2023-04-28T11:39:08.830+0000] {dagbag.py:532} INFO - Filling up the DagBag from /home/airflow/.local/lib/python3.7/site-packages/airflow/example_dags/tutorial_dag.py
[2023-04-28T11:39:08.849+0000] {processor.py:753} INFO - DAG(s) dict_keys(['tutorial_dag']) retrieved from /home/airflow/.local/lib/python3.7/site-packages/airflow/example_dags/tutorial_dag.py
[2023-04-28T11:39:08.883+0000] {logging_mixin.py:137} INFO - [2023-04-28T11:39:08.883+0000] {dag.py:2705} INFO - Sync 1 DAGs
[2023-04-28T11:39:08.916+0000] {logging_mixin.py:137} INFO - [2023-04-28T11:39:08.916+0000] {dag.py:3456} INFO - Setting next_dagrun for tutorial_dag to None, run_after=None
[2023-04-28T11:39:08.940+0000] {processor.py:175} INFO - Processing /home/airflow/.local/lib/python3.7/site-packages/airflow/example_dags/tutorial_dag.py took 0.120 seconds
[2023-04-28T11:39:39.391+0000] {processor.py:153} INFO - Started process (PID=6776) to work on /home/airflow/.local/lib/python3.7/site-packages/airflow/example_dags/tutorial_dag.py
[2023-04-28T11:39:39.395+0000] {processor.py:743} INFO - Processing file /home/airflow/.local/lib/python3.7/site-packages/airflow/example_dags/tutorial_dag.py for tasks to queue
[2023-04-28T11:39:39.398+0000] {logging_mixin.py:137} INFO - [2023-04-28T11:39:39.397+0000] {dagbag.py:532} INFO - Filling up the DagBag from /home/airflow/.local/lib/python3.7/site-packages/airflow/example_dags/tutorial_dag.py
[2023-04-28T11:39:39.420+0000] {processor.py:753} INFO - DAG(s) dict_keys(['tutorial_dag']) retrieved from /home/airflow/.local/lib/python3.7/site-packages/airflow/example_dags/tutorial_dag.py
[2023-04-28T11:39:39.465+0000] {logging_mixin.py:137} INFO - [2023-04-28T11:39:39.464+0000] {dag.py:2705} INFO - Sync 1 DAGs
[2023-04-28T11:39:39.506+0000] {logging_mixin.py:137} INFO - [2023-04-28T11:39:39.505+0000] {dag.py:3456} INFO - Setting next_dagrun for tutorial_dag to None, run_after=None
[2023-04-28T11:39:39.540+0000] {processor.py:175} INFO - Processing /home/airflow/.local/lib/python3.7/site-packages/airflow/example_dags/tutorial_dag.py took 0.155 seconds
[2023-04-28T11:40:10.155+0000] {processor.py:153} INFO - Started process (PID=6999) to work on /home/airflow/.local/lib/python3.7/site-packages/airflow/example_dags/tutorial_dag.py
[2023-04-28T11:40:10.159+0000] {processor.py:743} INFO - Processing file /home/airflow/.local/lib/python3.7/site-packages/airflow/example_dags/tutorial_dag.py for tasks to queue
[2023-04-28T11:40:10.162+0000] {logging_mixin.py:137} INFO - [2023-04-28T11:40:10.162+0000] {dagbag.py:532} INFO - Filling up the DagBag from /home/airflow/.local/lib/python3.7/site-packages/airflow/example_dags/tutorial_dag.py
[2023-04-28T11:40:10.222+0000] {processor.py:753} INFO - DAG(s) dict_keys(['tutorial_dag']) retrieved from /home/airflow/.local/lib/python3.7/site-packages/airflow/example_dags/tutorial_dag.py
[2023-04-28T11:40:10.383+0000] {logging_mixin.py:137} INFO - [2023-04-28T11:40:10.382+0000] {dag.py:2705} INFO - Sync 1 DAGs
[2023-04-28T11:40:10.609+0000] {logging_mixin.py:137} INFO - [2023-04-28T11:40:10.608+0000] {dag.py:3456} INFO - Setting next_dagrun for tutorial_dag to None, run_after=None
[2023-04-28T11:40:10.803+0000] {processor.py:175} INFO - Processing /home/airflow/.local/lib/python3.7/site-packages/airflow/example_dags/tutorial_dag.py took 0.659 seconds
[2023-04-28T11:40:41.491+0000] {processor.py:153} INFO - Started process (PID=7223) to work on /home/airflow/.local/lib/python3.7/site-packages/airflow/example_dags/tutorial_dag.py
[2023-04-28T11:40:41.493+0000] {processor.py:743} INFO - Processing file /home/airflow/.local/lib/python3.7/site-packages/airflow/example_dags/tutorial_dag.py for tasks to queue
[2023-04-28T11:40:41.496+0000] {logging_mixin.py:137} INFO - [2023-04-28T11:40:41.495+0000] {dagbag.py:532} INFO - Filling up the DagBag from /home/airflow/.local/lib/python3.7/site-packages/airflow/example_dags/tutorial_dag.py
[2023-04-28T11:40:41.515+0000] {processor.py:753} INFO - DAG(s) dict_keys(['tutorial_dag']) retrieved from /home/airflow/.local/lib/python3.7/site-packages/airflow/example_dags/tutorial_dag.py
[2023-04-28T11:40:41.548+0000] {logging_mixin.py:137} INFO - [2023-04-28T11:40:41.548+0000] {dag.py:2705} INFO - Sync 1 DAGs
[2023-04-28T11:40:41.580+0000] {logging_mixin.py:137} INFO - [2023-04-28T11:40:41.579+0000] {dag.py:3456} INFO - Setting next_dagrun for tutorial_dag to None, run_after=None
[2023-04-28T11:40:41.601+0000] {processor.py:175} INFO - Processing /home/airflow/.local/lib/python3.7/site-packages/airflow/example_dags/tutorial_dag.py took 0.115 seconds
