[2023-04-28T11:24:24.699+0000] {processor.py:153} INFO - Started process (PID=308) to work on /home/airflow/.local/lib/python3.7/site-packages/airflow/example_dags/tutorial_taskflow_api_virtualenv.py
[2023-04-28T11:24:24.701+0000] {processor.py:743} INFO - Processing file /home/airflow/.local/lib/python3.7/site-packages/airflow/example_dags/tutorial_taskflow_api_virtualenv.py for tasks to queue
[2023-04-28T11:24:24.703+0000] {logging_mixin.py:137} INFO - [2023-04-28T11:24:24.703+0000] {dagbag.py:532} INFO - Filling up the DagBag from /home/airflow/.local/lib/python3.7/site-packages/airflow/example_dags/tutorial_taskflow_api_virtualenv.py
[2023-04-28T11:24:24.731+0000] {processor.py:753} INFO - DAG(s) dict_keys(['tutorial_taskflow_api_virtualenv']) retrieved from /home/airflow/.local/lib/python3.7/site-packages/airflow/example_dags/tutorial_taskflow_api_virtualenv.py
[2023-04-28T11:24:24.747+0000] {logging_mixin.py:137} INFO - [2023-04-28T11:24:24.747+0000] {dag.py:2705} INFO - Sync 1 DAGs
[2023-04-28T11:24:24.778+0000] {logging_mixin.py:137} INFO - [2023-04-28T11:24:24.778+0000] {dag.py:3456} INFO - Setting next_dagrun for tutorial_taskflow_api_virtualenv to None, run_after=None
[2023-04-28T11:24:24.801+0000] {processor.py:175} INFO - Processing /home/airflow/.local/lib/python3.7/site-packages/airflow/example_dags/tutorial_taskflow_api_virtualenv.py took 0.106 seconds
[2023-04-28T11:24:55.198+0000] {processor.py:153} INFO - Started process (PID=526) to work on /home/airflow/.local/lib/python3.7/site-packages/airflow/example_dags/tutorial_taskflow_api_virtualenv.py
[2023-04-28T11:24:55.200+0000] {processor.py:743} INFO - Processing file /home/airflow/.local/lib/python3.7/site-packages/airflow/example_dags/tutorial_taskflow_api_virtualenv.py for tasks to queue
[2023-04-28T11:24:55.201+0000] {logging_mixin.py:137} INFO - [2023-04-28T11:24:55.201+0000] {dagbag.py:532} INFO - Filling up the DagBag from /home/airflow/.local/lib/python3.7/site-packages/airflow/example_dags/tutorial_taskflow_api_virtualenv.py
[2023-04-28T11:24:55.226+0000] {processor.py:753} INFO - DAG(s) dict_keys(['tutorial_taskflow_api_virtualenv']) retrieved from /home/airflow/.local/lib/python3.7/site-packages/airflow/example_dags/tutorial_taskflow_api_virtualenv.py
[2023-04-28T11:24:55.259+0000] {logging_mixin.py:137} INFO - [2023-04-28T11:24:55.259+0000] {dag.py:2705} INFO - Sync 1 DAGs
[2023-04-28T11:24:55.288+0000] {logging_mixin.py:137} INFO - [2023-04-28T11:24:55.288+0000] {dag.py:3456} INFO - Setting next_dagrun for tutorial_taskflow_api_virtualenv to None, run_after=None
[2023-04-28T11:24:55.308+0000] {processor.py:175} INFO - Processing /home/airflow/.local/lib/python3.7/site-packages/airflow/example_dags/tutorial_taskflow_api_virtualenv.py took 0.114 seconds
[2023-04-28T11:25:26.316+0000] {processor.py:153} INFO - Started process (PID=744) to work on /home/airflow/.local/lib/python3.7/site-packages/airflow/example_dags/tutorial_taskflow_api_virtualenv.py
[2023-04-28T11:25:26.318+0000] {processor.py:743} INFO - Processing file /home/airflow/.local/lib/python3.7/site-packages/airflow/example_dags/tutorial_taskflow_api_virtualenv.py for tasks to queue
[2023-04-28T11:25:26.322+0000] {logging_mixin.py:137} INFO - [2023-04-28T11:25:26.321+0000] {dagbag.py:532} INFO - Filling up the DagBag from /home/airflow/.local/lib/python3.7/site-packages/airflow/example_dags/tutorial_taskflow_api_virtualenv.py
[2023-04-28T11:25:26.358+0000] {processor.py:753} INFO - DAG(s) dict_keys(['tutorial_taskflow_api_virtualenv']) retrieved from /home/airflow/.local/lib/python3.7/site-packages/airflow/example_dags/tutorial_taskflow_api_virtualenv.py
[2023-04-28T11:25:26.404+0000] {logging_mixin.py:137} INFO - [2023-04-28T11:25:26.403+0000] {dag.py:2705} INFO - Sync 1 DAGs
[2023-04-28T11:25:26.442+0000] {logging_mixin.py:137} INFO - [2023-04-28T11:25:26.442+0000] {dag.py:3456} INFO - Setting next_dagrun for tutorial_taskflow_api_virtualenv to None, run_after=None
[2023-04-28T11:25:26.470+0000] {processor.py:175} INFO - Processing /home/airflow/.local/lib/python3.7/site-packages/airflow/example_dags/tutorial_taskflow_api_virtualenv.py took 0.160 seconds
[2023-04-28T11:25:58.543+0000] {processor.py:153} INFO - Started process (PID=962) to work on /home/airflow/.local/lib/python3.7/site-packages/airflow/example_dags/tutorial_taskflow_api_virtualenv.py
[2023-04-28T11:25:58.545+0000] {processor.py:743} INFO - Processing file /home/airflow/.local/lib/python3.7/site-packages/airflow/example_dags/tutorial_taskflow_api_virtualenv.py for tasks to queue
[2023-04-28T11:25:58.547+0000] {logging_mixin.py:137} INFO - [2023-04-28T11:25:58.547+0000] {dagbag.py:532} INFO - Filling up the DagBag from /home/airflow/.local/lib/python3.7/site-packages/airflow/example_dags/tutorial_taskflow_api_virtualenv.py
[2023-04-28T11:25:58.587+0000] {processor.py:753} INFO - DAG(s) dict_keys(['tutorial_taskflow_api_virtualenv']) retrieved from /home/airflow/.local/lib/python3.7/site-packages/airflow/example_dags/tutorial_taskflow_api_virtualenv.py
[2023-04-28T11:25:58.640+0000] {logging_mixin.py:137} INFO - [2023-04-28T11:25:58.640+0000] {dag.py:2705} INFO - Sync 1 DAGs
[2023-04-28T11:25:58.673+0000] {logging_mixin.py:137} INFO - [2023-04-28T11:25:58.672+0000] {dag.py:3456} INFO - Setting next_dagrun for tutorial_taskflow_api_virtualenv to None, run_after=None
[2023-04-28T11:25:58.696+0000] {processor.py:175} INFO - Processing /home/airflow/.local/lib/python3.7/site-packages/airflow/example_dags/tutorial_taskflow_api_virtualenv.py took 0.159 seconds
[2023-04-28T11:26:29.528+0000] {processor.py:153} INFO - Started process (PID=1182) to work on /home/airflow/.local/lib/python3.7/site-packages/airflow/example_dags/tutorial_taskflow_api_virtualenv.py
[2023-04-28T11:26:29.532+0000] {processor.py:743} INFO - Processing file /home/airflow/.local/lib/python3.7/site-packages/airflow/example_dags/tutorial_taskflow_api_virtualenv.py for tasks to queue
[2023-04-28T11:26:29.534+0000] {logging_mixin.py:137} INFO - [2023-04-28T11:26:29.534+0000] {dagbag.py:532} INFO - Filling up the DagBag from /home/airflow/.local/lib/python3.7/site-packages/airflow/example_dags/tutorial_taskflow_api_virtualenv.py
[2023-04-28T11:26:29.561+0000] {processor.py:753} INFO - DAG(s) dict_keys(['tutorial_taskflow_api_virtualenv']) retrieved from /home/airflow/.local/lib/python3.7/site-packages/airflow/example_dags/tutorial_taskflow_api_virtualenv.py
[2023-04-28T11:26:29.591+0000] {logging_mixin.py:137} INFO - [2023-04-28T11:26:29.591+0000] {dag.py:2705} INFO - Sync 1 DAGs
[2023-04-28T11:26:29.620+0000] {logging_mixin.py:137} INFO - [2023-04-28T11:26:29.620+0000] {dag.py:3456} INFO - Setting next_dagrun for tutorial_taskflow_api_virtualenv to None, run_after=None
[2023-04-28T11:26:29.642+0000] {processor.py:175} INFO - Processing /home/airflow/.local/lib/python3.7/site-packages/airflow/example_dags/tutorial_taskflow_api_virtualenv.py took 0.120 seconds
[2023-04-28T11:26:59.986+0000] {processor.py:153} INFO - Started process (PID=1398) to work on /home/airflow/.local/lib/python3.7/site-packages/airflow/example_dags/tutorial_taskflow_api_virtualenv.py
[2023-04-28T11:26:59.989+0000] {processor.py:743} INFO - Processing file /home/airflow/.local/lib/python3.7/site-packages/airflow/example_dags/tutorial_taskflow_api_virtualenv.py for tasks to queue
[2023-04-28T11:26:59.993+0000] {logging_mixin.py:137} INFO - [2023-04-28T11:26:59.993+0000] {dagbag.py:532} INFO - Filling up the DagBag from /home/airflow/.local/lib/python3.7/site-packages/airflow/example_dags/tutorial_taskflow_api_virtualenv.py
[2023-04-28T11:27:00.037+0000] {processor.py:753} INFO - DAG(s) dict_keys(['tutorial_taskflow_api_virtualenv']) retrieved from /home/airflow/.local/lib/python3.7/site-packages/airflow/example_dags/tutorial_taskflow_api_virtualenv.py
[2023-04-28T11:27:00.100+0000] {logging_mixin.py:137} INFO - [2023-04-28T11:27:00.100+0000] {dag.py:2705} INFO - Sync 1 DAGs
[2023-04-28T11:27:00.151+0000] {logging_mixin.py:137} INFO - [2023-04-28T11:27:00.151+0000] {dag.py:3456} INFO - Setting next_dagrun for tutorial_taskflow_api_virtualenv to None, run_after=None
[2023-04-28T11:27:00.191+0000] {processor.py:175} INFO - Processing /home/airflow/.local/lib/python3.7/site-packages/airflow/example_dags/tutorial_taskflow_api_virtualenv.py took 0.213 seconds
[2023-04-28T11:27:31.213+0000] {processor.py:153} INFO - Started process (PID=1618) to work on /home/airflow/.local/lib/python3.7/site-packages/airflow/example_dags/tutorial_taskflow_api_virtualenv.py
[2023-04-28T11:27:31.215+0000] {processor.py:743} INFO - Processing file /home/airflow/.local/lib/python3.7/site-packages/airflow/example_dags/tutorial_taskflow_api_virtualenv.py for tasks to queue
[2023-04-28T11:27:31.217+0000] {logging_mixin.py:137} INFO - [2023-04-28T11:27:31.217+0000] {dagbag.py:532} INFO - Filling up the DagBag from /home/airflow/.local/lib/python3.7/site-packages/airflow/example_dags/tutorial_taskflow_api_virtualenv.py
[2023-04-28T11:27:31.247+0000] {processor.py:753} INFO - DAG(s) dict_keys(['tutorial_taskflow_api_virtualenv']) retrieved from /home/airflow/.local/lib/python3.7/site-packages/airflow/example_dags/tutorial_taskflow_api_virtualenv.py
[2023-04-28T11:27:31.283+0000] {logging_mixin.py:137} INFO - [2023-04-28T11:27:31.283+0000] {dag.py:2705} INFO - Sync 1 DAGs
[2023-04-28T11:27:31.322+0000] {logging_mixin.py:137} INFO - [2023-04-28T11:27:31.322+0000] {dag.py:3456} INFO - Setting next_dagrun for tutorial_taskflow_api_virtualenv to None, run_after=None
[2023-04-28T11:27:31.354+0000] {processor.py:175} INFO - Processing /home/airflow/.local/lib/python3.7/site-packages/airflow/example_dags/tutorial_taskflow_api_virtualenv.py took 0.145 seconds
[2023-04-28T11:28:02.349+0000] {processor.py:153} INFO - Started process (PID=1836) to work on /home/airflow/.local/lib/python3.7/site-packages/airflow/example_dags/tutorial_taskflow_api_virtualenv.py
[2023-04-28T11:28:02.352+0000] {processor.py:743} INFO - Processing file /home/airflow/.local/lib/python3.7/site-packages/airflow/example_dags/tutorial_taskflow_api_virtualenv.py for tasks to queue
[2023-04-28T11:28:02.355+0000] {logging_mixin.py:137} INFO - [2023-04-28T11:28:02.354+0000] {dagbag.py:532} INFO - Filling up the DagBag from /home/airflow/.local/lib/python3.7/site-packages/airflow/example_dags/tutorial_taskflow_api_virtualenv.py
[2023-04-28T11:28:02.402+0000] {processor.py:753} INFO - DAG(s) dict_keys(['tutorial_taskflow_api_virtualenv']) retrieved from /home/airflow/.local/lib/python3.7/site-packages/airflow/example_dags/tutorial_taskflow_api_virtualenv.py
[2023-04-28T11:28:02.448+0000] {logging_mixin.py:137} INFO - [2023-04-28T11:28:02.448+0000] {dag.py:2705} INFO - Sync 1 DAGs
[2023-04-28T11:28:02.496+0000] {logging_mixin.py:137} INFO - [2023-04-28T11:28:02.495+0000] {dag.py:3456} INFO - Setting next_dagrun for tutorial_taskflow_api_virtualenv to None, run_after=None
[2023-04-28T11:28:02.544+0000] {processor.py:175} INFO - Processing /home/airflow/.local/lib/python3.7/site-packages/airflow/example_dags/tutorial_taskflow_api_virtualenv.py took 0.203 seconds
[2023-04-28T11:28:32.650+0000] {processor.py:153} INFO - Started process (PID=2054) to work on /home/airflow/.local/lib/python3.7/site-packages/airflow/example_dags/tutorial_taskflow_api_virtualenv.py
[2023-04-28T11:28:32.653+0000] {processor.py:743} INFO - Processing file /home/airflow/.local/lib/python3.7/site-packages/airflow/example_dags/tutorial_taskflow_api_virtualenv.py for tasks to queue
[2023-04-28T11:28:32.656+0000] {logging_mixin.py:137} INFO - [2023-04-28T11:28:32.655+0000] {dagbag.py:532} INFO - Filling up the DagBag from /home/airflow/.local/lib/python3.7/site-packages/airflow/example_dags/tutorial_taskflow_api_virtualenv.py
[2023-04-28T11:28:32.693+0000] {processor.py:753} INFO - DAG(s) dict_keys(['tutorial_taskflow_api_virtualenv']) retrieved from /home/airflow/.local/lib/python3.7/site-packages/airflow/example_dags/tutorial_taskflow_api_virtualenv.py
[2023-04-28T11:28:32.741+0000] {logging_mixin.py:137} INFO - [2023-04-28T11:28:32.741+0000] {dag.py:2705} INFO - Sync 1 DAGs
[2023-04-28T11:28:32.780+0000] {logging_mixin.py:137} INFO - [2023-04-28T11:28:32.780+0000] {dag.py:3456} INFO - Setting next_dagrun for tutorial_taskflow_api_virtualenv to None, run_after=None
[2023-04-28T11:28:32.809+0000] {processor.py:175} INFO - Processing /home/airflow/.local/lib/python3.7/site-packages/airflow/example_dags/tutorial_taskflow_api_virtualenv.py took 0.163 seconds
[2023-04-28T11:29:03.567+0000] {processor.py:153} INFO - Started process (PID=2272) to work on /home/airflow/.local/lib/python3.7/site-packages/airflow/example_dags/tutorial_taskflow_api_virtualenv.py
[2023-04-28T11:29:03.570+0000] {processor.py:743} INFO - Processing file /home/airflow/.local/lib/python3.7/site-packages/airflow/example_dags/tutorial_taskflow_api_virtualenv.py for tasks to queue
[2023-04-28T11:29:03.574+0000] {logging_mixin.py:137} INFO - [2023-04-28T11:29:03.573+0000] {dagbag.py:532} INFO - Filling up the DagBag from /home/airflow/.local/lib/python3.7/site-packages/airflow/example_dags/tutorial_taskflow_api_virtualenv.py
[2023-04-28T11:29:03.659+0000] {processor.py:753} INFO - DAG(s) dict_keys(['tutorial_taskflow_api_virtualenv']) retrieved from /home/airflow/.local/lib/python3.7/site-packages/airflow/example_dags/tutorial_taskflow_api_virtualenv.py
[2023-04-28T11:29:03.752+0000] {logging_mixin.py:137} INFO - [2023-04-28T11:29:03.752+0000] {dag.py:2705} INFO - Sync 1 DAGs
[2023-04-28T11:29:03.823+0000] {logging_mixin.py:137} INFO - [2023-04-28T11:29:03.822+0000] {dag.py:3456} INFO - Setting next_dagrun for tutorial_taskflow_api_virtualenv to None, run_after=None
[2023-04-28T11:29:03.908+0000] {processor.py:175} INFO - Processing /home/airflow/.local/lib/python3.7/site-packages/airflow/example_dags/tutorial_taskflow_api_virtualenv.py took 0.347 seconds
[2023-04-28T11:29:34.987+0000] {processor.py:153} INFO - Started process (PID=2490) to work on /home/airflow/.local/lib/python3.7/site-packages/airflow/example_dags/tutorial_taskflow_api_virtualenv.py
[2023-04-28T11:29:34.991+0000] {processor.py:743} INFO - Processing file /home/airflow/.local/lib/python3.7/site-packages/airflow/example_dags/tutorial_taskflow_api_virtualenv.py for tasks to queue
[2023-04-28T11:29:34.994+0000] {logging_mixin.py:137} INFO - [2023-04-28T11:29:34.994+0000] {dagbag.py:532} INFO - Filling up the DagBag from /home/airflow/.local/lib/python3.7/site-packages/airflow/example_dags/tutorial_taskflow_api_virtualenv.py
[2023-04-28T11:29:35.052+0000] {processor.py:753} INFO - DAG(s) dict_keys(['tutorial_taskflow_api_virtualenv']) retrieved from /home/airflow/.local/lib/python3.7/site-packages/airflow/example_dags/tutorial_taskflow_api_virtualenv.py
[2023-04-28T11:29:35.130+0000] {logging_mixin.py:137} INFO - [2023-04-28T11:29:35.130+0000] {dag.py:2705} INFO - Sync 1 DAGs
[2023-04-28T11:29:35.230+0000] {logging_mixin.py:137} INFO - [2023-04-28T11:29:35.230+0000] {dag.py:3456} INFO - Setting next_dagrun for tutorial_taskflow_api_virtualenv to None, run_after=None
[2023-04-28T11:29:35.334+0000] {processor.py:175} INFO - Processing /home/airflow/.local/lib/python3.7/site-packages/airflow/example_dags/tutorial_taskflow_api_virtualenv.py took 0.364 seconds
[2023-04-28T11:30:06.098+0000] {processor.py:153} INFO - Started process (PID=2708) to work on /home/airflow/.local/lib/python3.7/site-packages/airflow/example_dags/tutorial_taskflow_api_virtualenv.py
[2023-04-28T11:30:06.104+0000] {processor.py:743} INFO - Processing file /home/airflow/.local/lib/python3.7/site-packages/airflow/example_dags/tutorial_taskflow_api_virtualenv.py for tasks to queue
[2023-04-28T11:30:06.108+0000] {logging_mixin.py:137} INFO - [2023-04-28T11:30:06.108+0000] {dagbag.py:532} INFO - Filling up the DagBag from /home/airflow/.local/lib/python3.7/site-packages/airflow/example_dags/tutorial_taskflow_api_virtualenv.py
[2023-04-28T11:30:06.150+0000] {processor.py:753} INFO - DAG(s) dict_keys(['tutorial_taskflow_api_virtualenv']) retrieved from /home/airflow/.local/lib/python3.7/site-packages/airflow/example_dags/tutorial_taskflow_api_virtualenv.py
[2023-04-28T11:30:06.188+0000] {logging_mixin.py:137} INFO - [2023-04-28T11:30:06.187+0000] {dag.py:2705} INFO - Sync 1 DAGs
[2023-04-28T11:30:06.219+0000] {logging_mixin.py:137} INFO - [2023-04-28T11:30:06.219+0000] {dag.py:3456} INFO - Setting next_dagrun for tutorial_taskflow_api_virtualenv to None, run_after=None
[2023-04-28T11:30:06.250+0000] {processor.py:175} INFO - Processing /home/airflow/.local/lib/python3.7/site-packages/airflow/example_dags/tutorial_taskflow_api_virtualenv.py took 0.161 seconds
[2023-04-28T11:30:36.323+0000] {processor.py:153} INFO - Started process (PID=2926) to work on /home/airflow/.local/lib/python3.7/site-packages/airflow/example_dags/tutorial_taskflow_api_virtualenv.py
[2023-04-28T11:30:36.325+0000] {processor.py:743} INFO - Processing file /home/airflow/.local/lib/python3.7/site-packages/airflow/example_dags/tutorial_taskflow_api_virtualenv.py for tasks to queue
[2023-04-28T11:30:36.327+0000] {logging_mixin.py:137} INFO - [2023-04-28T11:30:36.327+0000] {dagbag.py:532} INFO - Filling up the DagBag from /home/airflow/.local/lib/python3.7/site-packages/airflow/example_dags/tutorial_taskflow_api_virtualenv.py
[2023-04-28T11:30:36.364+0000] {processor.py:753} INFO - DAG(s) dict_keys(['tutorial_taskflow_api_virtualenv']) retrieved from /home/airflow/.local/lib/python3.7/site-packages/airflow/example_dags/tutorial_taskflow_api_virtualenv.py
[2023-04-28T11:30:36.404+0000] {logging_mixin.py:137} INFO - [2023-04-28T11:30:36.404+0000] {dag.py:2705} INFO - Sync 1 DAGs
[2023-04-28T11:30:36.450+0000] {logging_mixin.py:137} INFO - [2023-04-28T11:30:36.450+0000] {dag.py:3456} INFO - Setting next_dagrun for tutorial_taskflow_api_virtualenv to None, run_after=None
[2023-04-28T11:30:36.477+0000] {processor.py:175} INFO - Processing /home/airflow/.local/lib/python3.7/site-packages/airflow/example_dags/tutorial_taskflow_api_virtualenv.py took 0.160 seconds
[2023-04-28T11:31:06.758+0000] {processor.py:153} INFO - Started process (PID=3144) to work on /home/airflow/.local/lib/python3.7/site-packages/airflow/example_dags/tutorial_taskflow_api_virtualenv.py
[2023-04-28T11:31:06.760+0000] {processor.py:743} INFO - Processing file /home/airflow/.local/lib/python3.7/site-packages/airflow/example_dags/tutorial_taskflow_api_virtualenv.py for tasks to queue
[2023-04-28T11:31:06.762+0000] {logging_mixin.py:137} INFO - [2023-04-28T11:31:06.762+0000] {dagbag.py:532} INFO - Filling up the DagBag from /home/airflow/.local/lib/python3.7/site-packages/airflow/example_dags/tutorial_taskflow_api_virtualenv.py
[2023-04-28T11:31:06.790+0000] {processor.py:753} INFO - DAG(s) dict_keys(['tutorial_taskflow_api_virtualenv']) retrieved from /home/airflow/.local/lib/python3.7/site-packages/airflow/example_dags/tutorial_taskflow_api_virtualenv.py
[2023-04-28T11:31:06.825+0000] {logging_mixin.py:137} INFO - [2023-04-28T11:31:06.825+0000] {dag.py:2705} INFO - Sync 1 DAGs
[2023-04-28T11:31:06.856+0000] {logging_mixin.py:137} INFO - [2023-04-28T11:31:06.856+0000] {dag.py:3456} INFO - Setting next_dagrun for tutorial_taskflow_api_virtualenv to None, run_after=None
[2023-04-28T11:31:06.879+0000] {processor.py:175} INFO - Processing /home/airflow/.local/lib/python3.7/site-packages/airflow/example_dags/tutorial_taskflow_api_virtualenv.py took 0.128 seconds
[2023-04-28T11:31:37.254+0000] {processor.py:153} INFO - Started process (PID=3361) to work on /home/airflow/.local/lib/python3.7/site-packages/airflow/example_dags/tutorial_taskflow_api_virtualenv.py
[2023-04-28T11:31:37.256+0000] {processor.py:743} INFO - Processing file /home/airflow/.local/lib/python3.7/site-packages/airflow/example_dags/tutorial_taskflow_api_virtualenv.py for tasks to queue
[2023-04-28T11:31:37.257+0000] {logging_mixin.py:137} INFO - [2023-04-28T11:31:37.257+0000] {dagbag.py:532} INFO - Filling up the DagBag from /home/airflow/.local/lib/python3.7/site-packages/airflow/example_dags/tutorial_taskflow_api_virtualenv.py
[2023-04-28T11:31:37.286+0000] {processor.py:753} INFO - DAG(s) dict_keys(['tutorial_taskflow_api_virtualenv']) retrieved from /home/airflow/.local/lib/python3.7/site-packages/airflow/example_dags/tutorial_taskflow_api_virtualenv.py
[2023-04-28T11:31:37.319+0000] {logging_mixin.py:137} INFO - [2023-04-28T11:31:37.319+0000] {dag.py:2705} INFO - Sync 1 DAGs
[2023-04-28T11:31:37.350+0000] {logging_mixin.py:137} INFO - [2023-04-28T11:31:37.350+0000] {dag.py:3456} INFO - Setting next_dagrun for tutorial_taskflow_api_virtualenv to None, run_after=None
[2023-04-28T11:31:37.373+0000] {processor.py:175} INFO - Processing /home/airflow/.local/lib/python3.7/site-packages/airflow/example_dags/tutorial_taskflow_api_virtualenv.py took 0.124 seconds
[2023-04-28T11:32:07.586+0000] {processor.py:153} INFO - Started process (PID=3579) to work on /home/airflow/.local/lib/python3.7/site-packages/airflow/example_dags/tutorial_taskflow_api_virtualenv.py
[2023-04-28T11:32:07.589+0000] {processor.py:743} INFO - Processing file /home/airflow/.local/lib/python3.7/site-packages/airflow/example_dags/tutorial_taskflow_api_virtualenv.py for tasks to queue
[2023-04-28T11:32:07.591+0000] {logging_mixin.py:137} INFO - [2023-04-28T11:32:07.591+0000] {dagbag.py:532} INFO - Filling up the DagBag from /home/airflow/.local/lib/python3.7/site-packages/airflow/example_dags/tutorial_taskflow_api_virtualenv.py
[2023-04-28T11:32:07.619+0000] {processor.py:753} INFO - DAG(s) dict_keys(['tutorial_taskflow_api_virtualenv']) retrieved from /home/airflow/.local/lib/python3.7/site-packages/airflow/example_dags/tutorial_taskflow_api_virtualenv.py
[2023-04-28T11:32:07.650+0000] {logging_mixin.py:137} INFO - [2023-04-28T11:32:07.650+0000] {dag.py:2705} INFO - Sync 1 DAGs
[2023-04-28T11:32:07.679+0000] {logging_mixin.py:137} INFO - [2023-04-28T11:32:07.679+0000] {dag.py:3456} INFO - Setting next_dagrun for tutorial_taskflow_api_virtualenv to None, run_after=None
[2023-04-28T11:32:07.701+0000] {processor.py:175} INFO - Processing /home/airflow/.local/lib/python3.7/site-packages/airflow/example_dags/tutorial_taskflow_api_virtualenv.py took 0.121 seconds
[2023-04-28T11:32:37.859+0000] {processor.py:153} INFO - Started process (PID=3797) to work on /home/airflow/.local/lib/python3.7/site-packages/airflow/example_dags/tutorial_taskflow_api_virtualenv.py
[2023-04-28T11:32:37.862+0000] {processor.py:743} INFO - Processing file /home/airflow/.local/lib/python3.7/site-packages/airflow/example_dags/tutorial_taskflow_api_virtualenv.py for tasks to queue
[2023-04-28T11:32:37.864+0000] {logging_mixin.py:137} INFO - [2023-04-28T11:32:37.864+0000] {dagbag.py:532} INFO - Filling up the DagBag from /home/airflow/.local/lib/python3.7/site-packages/airflow/example_dags/tutorial_taskflow_api_virtualenv.py
[2023-04-28T11:32:37.894+0000] {processor.py:753} INFO - DAG(s) dict_keys(['tutorial_taskflow_api_virtualenv']) retrieved from /home/airflow/.local/lib/python3.7/site-packages/airflow/example_dags/tutorial_taskflow_api_virtualenv.py
[2023-04-28T11:32:37.924+0000] {logging_mixin.py:137} INFO - [2023-04-28T11:32:37.924+0000] {dag.py:2705} INFO - Sync 1 DAGs
[2023-04-28T11:32:37.953+0000] {logging_mixin.py:137} INFO - [2023-04-28T11:32:37.952+0000] {dag.py:3456} INFO - Setting next_dagrun for tutorial_taskflow_api_virtualenv to None, run_after=None
[2023-04-28T11:32:37.975+0000] {processor.py:175} INFO - Processing /home/airflow/.local/lib/python3.7/site-packages/airflow/example_dags/tutorial_taskflow_api_virtualenv.py took 0.122 seconds
[2023-04-28T11:33:08.222+0000] {processor.py:153} INFO - Started process (PID=4015) to work on /home/airflow/.local/lib/python3.7/site-packages/airflow/example_dags/tutorial_taskflow_api_virtualenv.py
[2023-04-28T11:33:08.225+0000] {processor.py:743} INFO - Processing file /home/airflow/.local/lib/python3.7/site-packages/airflow/example_dags/tutorial_taskflow_api_virtualenv.py for tasks to queue
[2023-04-28T11:33:08.227+0000] {logging_mixin.py:137} INFO - [2023-04-28T11:33:08.227+0000] {dagbag.py:532} INFO - Filling up the DagBag from /home/airflow/.local/lib/python3.7/site-packages/airflow/example_dags/tutorial_taskflow_api_virtualenv.py
[2023-04-28T11:33:08.257+0000] {processor.py:753} INFO - DAG(s) dict_keys(['tutorial_taskflow_api_virtualenv']) retrieved from /home/airflow/.local/lib/python3.7/site-packages/airflow/example_dags/tutorial_taskflow_api_virtualenv.py
[2023-04-28T11:33:08.289+0000] {logging_mixin.py:137} INFO - [2023-04-28T11:33:08.289+0000] {dag.py:2705} INFO - Sync 1 DAGs
[2023-04-28T11:33:08.318+0000] {logging_mixin.py:137} INFO - [2023-04-28T11:33:08.318+0000] {dag.py:3456} INFO - Setting next_dagrun for tutorial_taskflow_api_virtualenv to None, run_after=None
[2023-04-28T11:33:08.340+0000] {processor.py:175} INFO - Processing /home/airflow/.local/lib/python3.7/site-packages/airflow/example_dags/tutorial_taskflow_api_virtualenv.py took 0.123 seconds
[2023-04-28T11:33:38.575+0000] {processor.py:153} INFO - Started process (PID=4233) to work on /home/airflow/.local/lib/python3.7/site-packages/airflow/example_dags/tutorial_taskflow_api_virtualenv.py
[2023-04-28T11:33:38.578+0000] {processor.py:743} INFO - Processing file /home/airflow/.local/lib/python3.7/site-packages/airflow/example_dags/tutorial_taskflow_api_virtualenv.py for tasks to queue
[2023-04-28T11:33:38.580+0000] {logging_mixin.py:137} INFO - [2023-04-28T11:33:38.579+0000] {dagbag.py:532} INFO - Filling up the DagBag from /home/airflow/.local/lib/python3.7/site-packages/airflow/example_dags/tutorial_taskflow_api_virtualenv.py
[2023-04-28T11:33:38.607+0000] {processor.py:753} INFO - DAG(s) dict_keys(['tutorial_taskflow_api_virtualenv']) retrieved from /home/airflow/.local/lib/python3.7/site-packages/airflow/example_dags/tutorial_taskflow_api_virtualenv.py
[2023-04-28T11:33:38.639+0000] {logging_mixin.py:137} INFO - [2023-04-28T11:33:38.638+0000] {dag.py:2705} INFO - Sync 1 DAGs
[2023-04-28T11:33:38.667+0000] {logging_mixin.py:137} INFO - [2023-04-28T11:33:38.667+0000] {dag.py:3456} INFO - Setting next_dagrun for tutorial_taskflow_api_virtualenv to None, run_after=None
[2023-04-28T11:33:38.689+0000] {processor.py:175} INFO - Processing /home/airflow/.local/lib/python3.7/site-packages/airflow/example_dags/tutorial_taskflow_api_virtualenv.py took 0.121 seconds
[2023-04-28T11:34:08.833+0000] {processor.py:153} INFO - Started process (PID=4451) to work on /home/airflow/.local/lib/python3.7/site-packages/airflow/example_dags/tutorial_taskflow_api_virtualenv.py
[2023-04-28T11:34:08.836+0000] {processor.py:743} INFO - Processing file /home/airflow/.local/lib/python3.7/site-packages/airflow/example_dags/tutorial_taskflow_api_virtualenv.py for tasks to queue
[2023-04-28T11:34:08.838+0000] {logging_mixin.py:137} INFO - [2023-04-28T11:34:08.837+0000] {dagbag.py:532} INFO - Filling up the DagBag from /home/airflow/.local/lib/python3.7/site-packages/airflow/example_dags/tutorial_taskflow_api_virtualenv.py
[2023-04-28T11:34:08.866+0000] {processor.py:753} INFO - DAG(s) dict_keys(['tutorial_taskflow_api_virtualenv']) retrieved from /home/airflow/.local/lib/python3.7/site-packages/airflow/example_dags/tutorial_taskflow_api_virtualenv.py
[2023-04-28T11:34:08.897+0000] {logging_mixin.py:137} INFO - [2023-04-28T11:34:08.896+0000] {dag.py:2705} INFO - Sync 1 DAGs
[2023-04-28T11:34:08.926+0000] {logging_mixin.py:137} INFO - [2023-04-28T11:34:08.925+0000] {dag.py:3456} INFO - Setting next_dagrun for tutorial_taskflow_api_virtualenv to None, run_after=None
[2023-04-28T11:34:08.946+0000] {processor.py:175} INFO - Processing /home/airflow/.local/lib/python3.7/site-packages/airflow/example_dags/tutorial_taskflow_api_virtualenv.py took 0.120 seconds
[2023-04-28T11:34:39.501+0000] {processor.py:153} INFO - Started process (PID=4669) to work on /home/airflow/.local/lib/python3.7/site-packages/airflow/example_dags/tutorial_taskflow_api_virtualenv.py
[2023-04-28T11:34:39.503+0000] {processor.py:743} INFO - Processing file /home/airflow/.local/lib/python3.7/site-packages/airflow/example_dags/tutorial_taskflow_api_virtualenv.py for tasks to queue
[2023-04-28T11:34:39.505+0000] {logging_mixin.py:137} INFO - [2023-04-28T11:34:39.505+0000] {dagbag.py:532} INFO - Filling up the DagBag from /home/airflow/.local/lib/python3.7/site-packages/airflow/example_dags/tutorial_taskflow_api_virtualenv.py
[2023-04-28T11:34:39.535+0000] {processor.py:753} INFO - DAG(s) dict_keys(['tutorial_taskflow_api_virtualenv']) retrieved from /home/airflow/.local/lib/python3.7/site-packages/airflow/example_dags/tutorial_taskflow_api_virtualenv.py
[2023-04-28T11:34:39.563+0000] {logging_mixin.py:137} INFO - [2023-04-28T11:34:39.563+0000] {dag.py:2705} INFO - Sync 1 DAGs
[2023-04-28T11:34:39.593+0000] {logging_mixin.py:137} INFO - [2023-04-28T11:34:39.593+0000] {dag.py:3456} INFO - Setting next_dagrun for tutorial_taskflow_api_virtualenv to None, run_after=None
[2023-04-28T11:34:39.613+0000] {processor.py:175} INFO - Processing /home/airflow/.local/lib/python3.7/site-packages/airflow/example_dags/tutorial_taskflow_api_virtualenv.py took 0.118 seconds
[2023-04-28T11:35:10.407+0000] {processor.py:153} INFO - Started process (PID=4887) to work on /home/airflow/.local/lib/python3.7/site-packages/airflow/example_dags/tutorial_taskflow_api_virtualenv.py
[2023-04-28T11:35:10.410+0000] {processor.py:743} INFO - Processing file /home/airflow/.local/lib/python3.7/site-packages/airflow/example_dags/tutorial_taskflow_api_virtualenv.py for tasks to queue
[2023-04-28T11:35:10.413+0000] {logging_mixin.py:137} INFO - [2023-04-28T11:35:10.413+0000] {dagbag.py:532} INFO - Filling up the DagBag from /home/airflow/.local/lib/python3.7/site-packages/airflow/example_dags/tutorial_taskflow_api_virtualenv.py
[2023-04-28T11:35:10.449+0000] {processor.py:753} INFO - DAG(s) dict_keys(['tutorial_taskflow_api_virtualenv']) retrieved from /home/airflow/.local/lib/python3.7/site-packages/airflow/example_dags/tutorial_taskflow_api_virtualenv.py
[2023-04-28T11:35:10.488+0000] {logging_mixin.py:137} INFO - [2023-04-28T11:35:10.488+0000] {dag.py:2705} INFO - Sync 1 DAGs
[2023-04-28T11:35:10.518+0000] {logging_mixin.py:137} INFO - [2023-04-28T11:35:10.518+0000] {dag.py:3456} INFO - Setting next_dagrun for tutorial_taskflow_api_virtualenv to None, run_after=None
[2023-04-28T11:35:10.541+0000] {processor.py:175} INFO - Processing /home/airflow/.local/lib/python3.7/site-packages/airflow/example_dags/tutorial_taskflow_api_virtualenv.py took 0.142 seconds
[2023-04-28T11:35:40.743+0000] {processor.py:153} INFO - Started process (PID=5105) to work on /home/airflow/.local/lib/python3.7/site-packages/airflow/example_dags/tutorial_taskflow_api_virtualenv.py
[2023-04-28T11:35:40.745+0000] {processor.py:743} INFO - Processing file /home/airflow/.local/lib/python3.7/site-packages/airflow/example_dags/tutorial_taskflow_api_virtualenv.py for tasks to queue
[2023-04-28T11:35:40.748+0000] {logging_mixin.py:137} INFO - [2023-04-28T11:35:40.748+0000] {dagbag.py:532} INFO - Filling up the DagBag from /home/airflow/.local/lib/python3.7/site-packages/airflow/example_dags/tutorial_taskflow_api_virtualenv.py
[2023-04-28T11:35:40.782+0000] {processor.py:753} INFO - DAG(s) dict_keys(['tutorial_taskflow_api_virtualenv']) retrieved from /home/airflow/.local/lib/python3.7/site-packages/airflow/example_dags/tutorial_taskflow_api_virtualenv.py
[2023-04-28T11:35:40.818+0000] {logging_mixin.py:137} INFO - [2023-04-28T11:35:40.818+0000] {dag.py:2705} INFO - Sync 1 DAGs
[2023-04-28T11:35:40.851+0000] {logging_mixin.py:137} INFO - [2023-04-28T11:35:40.851+0000] {dag.py:3456} INFO - Setting next_dagrun for tutorial_taskflow_api_virtualenv to None, run_after=None
[2023-04-28T11:35:40.873+0000] {processor.py:175} INFO - Processing /home/airflow/.local/lib/python3.7/site-packages/airflow/example_dags/tutorial_taskflow_api_virtualenv.py took 0.136 seconds
[2023-04-28T11:36:11.202+0000] {processor.py:153} INFO - Started process (PID=5323) to work on /home/airflow/.local/lib/python3.7/site-packages/airflow/example_dags/tutorial_taskflow_api_virtualenv.py
[2023-04-28T11:36:11.204+0000] {processor.py:743} INFO - Processing file /home/airflow/.local/lib/python3.7/site-packages/airflow/example_dags/tutorial_taskflow_api_virtualenv.py for tasks to queue
[2023-04-28T11:36:11.206+0000] {logging_mixin.py:137} INFO - [2023-04-28T11:36:11.206+0000] {dagbag.py:532} INFO - Filling up the DagBag from /home/airflow/.local/lib/python3.7/site-packages/airflow/example_dags/tutorial_taskflow_api_virtualenv.py
[2023-04-28T11:36:11.233+0000] {processor.py:753} INFO - DAG(s) dict_keys(['tutorial_taskflow_api_virtualenv']) retrieved from /home/airflow/.local/lib/python3.7/site-packages/airflow/example_dags/tutorial_taskflow_api_virtualenv.py
[2023-04-28T11:36:11.268+0000] {logging_mixin.py:137} INFO - [2023-04-28T11:36:11.268+0000] {dag.py:2705} INFO - Sync 1 DAGs
[2023-04-28T11:36:11.299+0000] {logging_mixin.py:137} INFO - [2023-04-28T11:36:11.299+0000] {dag.py:3456} INFO - Setting next_dagrun for tutorial_taskflow_api_virtualenv to None, run_after=None
[2023-04-28T11:36:11.322+0000] {processor.py:175} INFO - Processing /home/airflow/.local/lib/python3.7/site-packages/airflow/example_dags/tutorial_taskflow_api_virtualenv.py took 0.125 seconds
[2023-04-28T11:36:42.100+0000] {processor.py:153} INFO - Started process (PID=5539) to work on /home/airflow/.local/lib/python3.7/site-packages/airflow/example_dags/tutorial_taskflow_api_virtualenv.py
[2023-04-28T11:36:42.102+0000] {processor.py:743} INFO - Processing file /home/airflow/.local/lib/python3.7/site-packages/airflow/example_dags/tutorial_taskflow_api_virtualenv.py for tasks to queue
[2023-04-28T11:36:42.104+0000] {logging_mixin.py:137} INFO - [2023-04-28T11:36:42.104+0000] {dagbag.py:532} INFO - Filling up the DagBag from /home/airflow/.local/lib/python3.7/site-packages/airflow/example_dags/tutorial_taskflow_api_virtualenv.py
[2023-04-28T11:36:42.135+0000] {processor.py:753} INFO - DAG(s) dict_keys(['tutorial_taskflow_api_virtualenv']) retrieved from /home/airflow/.local/lib/python3.7/site-packages/airflow/example_dags/tutorial_taskflow_api_virtualenv.py
[2023-04-28T11:36:42.171+0000] {logging_mixin.py:137} INFO - [2023-04-28T11:36:42.171+0000] {dag.py:2705} INFO - Sync 1 DAGs
[2023-04-28T11:36:42.205+0000] {logging_mixin.py:137} INFO - [2023-04-28T11:36:42.205+0000] {dag.py:3456} INFO - Setting next_dagrun for tutorial_taskflow_api_virtualenv to None, run_after=None
[2023-04-28T11:36:42.238+0000] {processor.py:175} INFO - Processing /home/airflow/.local/lib/python3.7/site-packages/airflow/example_dags/tutorial_taskflow_api_virtualenv.py took 0.143 seconds
[2023-04-28T11:37:13.827+0000] {processor.py:153} INFO - Started process (PID=5759) to work on /home/airflow/.local/lib/python3.7/site-packages/airflow/example_dags/tutorial_taskflow_api_virtualenv.py
[2023-04-28T11:37:13.831+0000] {processor.py:743} INFO - Processing file /home/airflow/.local/lib/python3.7/site-packages/airflow/example_dags/tutorial_taskflow_api_virtualenv.py for tasks to queue
[2023-04-28T11:37:13.834+0000] {logging_mixin.py:137} INFO - [2023-04-28T11:37:13.834+0000] {dagbag.py:532} INFO - Filling up the DagBag from /home/airflow/.local/lib/python3.7/site-packages/airflow/example_dags/tutorial_taskflow_api_virtualenv.py
[2023-04-28T11:37:13.884+0000] {processor.py:753} INFO - DAG(s) dict_keys(['tutorial_taskflow_api_virtualenv']) retrieved from /home/airflow/.local/lib/python3.7/site-packages/airflow/example_dags/tutorial_taskflow_api_virtualenv.py
[2023-04-28T11:37:13.928+0000] {logging_mixin.py:137} INFO - [2023-04-28T11:37:13.927+0000] {dag.py:2705} INFO - Sync 1 DAGs
[2023-04-28T11:37:13.972+0000] {logging_mixin.py:137} INFO - [2023-04-28T11:37:13.972+0000] {dag.py:3456} INFO - Setting next_dagrun for tutorial_taskflow_api_virtualenv to None, run_after=None
[2023-04-28T11:37:14.004+0000] {processor.py:175} INFO - Processing /home/airflow/.local/lib/python3.7/site-packages/airflow/example_dags/tutorial_taskflow_api_virtualenv.py took 0.188 seconds
[2023-04-28T11:37:44.672+0000] {processor.py:153} INFO - Started process (PID=5977) to work on /home/airflow/.local/lib/python3.7/site-packages/airflow/example_dags/tutorial_taskflow_api_virtualenv.py
[2023-04-28T11:37:44.674+0000] {processor.py:743} INFO - Processing file /home/airflow/.local/lib/python3.7/site-packages/airflow/example_dags/tutorial_taskflow_api_virtualenv.py for tasks to queue
[2023-04-28T11:37:44.676+0000] {logging_mixin.py:137} INFO - [2023-04-28T11:37:44.676+0000] {dagbag.py:532} INFO - Filling up the DagBag from /home/airflow/.local/lib/python3.7/site-packages/airflow/example_dags/tutorial_taskflow_api_virtualenv.py
[2023-04-28T11:37:44.706+0000] {processor.py:753} INFO - DAG(s) dict_keys(['tutorial_taskflow_api_virtualenv']) retrieved from /home/airflow/.local/lib/python3.7/site-packages/airflow/example_dags/tutorial_taskflow_api_virtualenv.py
[2023-04-28T11:37:44.741+0000] {logging_mixin.py:137} INFO - [2023-04-28T11:37:44.740+0000] {dag.py:2705} INFO - Sync 1 DAGs
[2023-04-28T11:37:44.772+0000] {logging_mixin.py:137} INFO - [2023-04-28T11:37:44.772+0000] {dag.py:3456} INFO - Setting next_dagrun for tutorial_taskflow_api_virtualenv to None, run_after=None
[2023-04-28T11:37:44.800+0000] {processor.py:175} INFO - Processing /home/airflow/.local/lib/python3.7/site-packages/airflow/example_dags/tutorial_taskflow_api_virtualenv.py took 0.133 seconds
[2023-04-28T11:38:15.025+0000] {processor.py:153} INFO - Started process (PID=6195) to work on /home/airflow/.local/lib/python3.7/site-packages/airflow/example_dags/tutorial_taskflow_api_virtualenv.py
[2023-04-28T11:38:15.027+0000] {processor.py:743} INFO - Processing file /home/airflow/.local/lib/python3.7/site-packages/airflow/example_dags/tutorial_taskflow_api_virtualenv.py for tasks to queue
[2023-04-28T11:38:15.029+0000] {logging_mixin.py:137} INFO - [2023-04-28T11:38:15.029+0000] {dagbag.py:532} INFO - Filling up the DagBag from /home/airflow/.local/lib/python3.7/site-packages/airflow/example_dags/tutorial_taskflow_api_virtualenv.py
[2023-04-28T11:38:15.064+0000] {processor.py:753} INFO - DAG(s) dict_keys(['tutorial_taskflow_api_virtualenv']) retrieved from /home/airflow/.local/lib/python3.7/site-packages/airflow/example_dags/tutorial_taskflow_api_virtualenv.py
[2023-04-28T11:38:15.107+0000] {logging_mixin.py:137} INFO - [2023-04-28T11:38:15.106+0000] {dag.py:2705} INFO - Sync 1 DAGs
[2023-04-28T11:38:15.162+0000] {logging_mixin.py:137} INFO - [2023-04-28T11:38:15.162+0000] {dag.py:3456} INFO - Setting next_dagrun for tutorial_taskflow_api_virtualenv to None, run_after=None
[2023-04-28T11:38:15.198+0000] {processor.py:175} INFO - Processing /home/airflow/.local/lib/python3.7/site-packages/airflow/example_dags/tutorial_taskflow_api_virtualenv.py took 0.178 seconds
[2023-04-28T11:38:45.777+0000] {processor.py:153} INFO - Started process (PID=6420) to work on /home/airflow/.local/lib/python3.7/site-packages/airflow/example_dags/tutorial_taskflow_api_virtualenv.py
[2023-04-28T11:38:45.781+0000] {processor.py:743} INFO - Processing file /home/airflow/.local/lib/python3.7/site-packages/airflow/example_dags/tutorial_taskflow_api_virtualenv.py for tasks to queue
[2023-04-28T11:38:45.784+0000] {logging_mixin.py:137} INFO - [2023-04-28T11:38:45.784+0000] {dagbag.py:532} INFO - Filling up the DagBag from /home/airflow/.local/lib/python3.7/site-packages/airflow/example_dags/tutorial_taskflow_api_virtualenv.py
[2023-04-28T11:38:45.830+0000] {processor.py:753} INFO - DAG(s) dict_keys(['tutorial_taskflow_api_virtualenv']) retrieved from /home/airflow/.local/lib/python3.7/site-packages/airflow/example_dags/tutorial_taskflow_api_virtualenv.py
[2023-04-28T11:38:45.880+0000] {logging_mixin.py:137} INFO - [2023-04-28T11:38:45.880+0000] {dag.py:2705} INFO - Sync 1 DAGs
[2023-04-28T11:38:45.924+0000] {logging_mixin.py:137} INFO - [2023-04-28T11:38:45.923+0000] {dag.py:3456} INFO - Setting next_dagrun for tutorial_taskflow_api_virtualenv to None, run_after=None
[2023-04-28T11:38:45.954+0000] {processor.py:175} INFO - Processing /home/airflow/.local/lib/python3.7/site-packages/airflow/example_dags/tutorial_taskflow_api_virtualenv.py took 0.183 seconds
[2023-04-28T11:39:16.706+0000] {processor.py:153} INFO - Started process (PID=6637) to work on /home/airflow/.local/lib/python3.7/site-packages/airflow/example_dags/tutorial_taskflow_api_virtualenv.py
[2023-04-28T11:39:16.709+0000] {processor.py:743} INFO - Processing file /home/airflow/.local/lib/python3.7/site-packages/airflow/example_dags/tutorial_taskflow_api_virtualenv.py for tasks to queue
[2023-04-28T11:39:16.712+0000] {logging_mixin.py:137} INFO - [2023-04-28T11:39:16.712+0000] {dagbag.py:532} INFO - Filling up the DagBag from /home/airflow/.local/lib/python3.7/site-packages/airflow/example_dags/tutorial_taskflow_api_virtualenv.py
[2023-04-28T11:39:16.745+0000] {processor.py:753} INFO - DAG(s) dict_keys(['tutorial_taskflow_api_virtualenv']) retrieved from /home/airflow/.local/lib/python3.7/site-packages/airflow/example_dags/tutorial_taskflow_api_virtualenv.py
[2023-04-28T11:39:16.779+0000] {logging_mixin.py:137} INFO - [2023-04-28T11:39:16.779+0000] {dag.py:2705} INFO - Sync 1 DAGs
[2023-04-28T11:39:16.815+0000] {logging_mixin.py:137} INFO - [2023-04-28T11:39:16.814+0000] {dag.py:3456} INFO - Setting next_dagrun for tutorial_taskflow_api_virtualenv to None, run_after=None
[2023-04-28T11:39:16.843+0000] {processor.py:175} INFO - Processing /home/airflow/.local/lib/python3.7/site-packages/airflow/example_dags/tutorial_taskflow_api_virtualenv.py took 0.143 seconds
[2023-04-28T11:39:47.353+0000] {processor.py:153} INFO - Started process (PID=6870) to work on /home/airflow/.local/lib/python3.7/site-packages/airflow/example_dags/tutorial_taskflow_api_virtualenv.py
[2023-04-28T11:39:47.356+0000] {processor.py:743} INFO - Processing file /home/airflow/.local/lib/python3.7/site-packages/airflow/example_dags/tutorial_taskflow_api_virtualenv.py for tasks to queue
[2023-04-28T11:39:47.358+0000] {logging_mixin.py:137} INFO - [2023-04-28T11:39:47.358+0000] {dagbag.py:532} INFO - Filling up the DagBag from /home/airflow/.local/lib/python3.7/site-packages/airflow/example_dags/tutorial_taskflow_api_virtualenv.py
[2023-04-28T11:39:47.388+0000] {processor.py:753} INFO - DAG(s) dict_keys(['tutorial_taskflow_api_virtualenv']) retrieved from /home/airflow/.local/lib/python3.7/site-packages/airflow/example_dags/tutorial_taskflow_api_virtualenv.py
[2023-04-28T11:39:47.423+0000] {logging_mixin.py:137} INFO - [2023-04-28T11:39:47.423+0000] {dag.py:2705} INFO - Sync 1 DAGs
[2023-04-28T11:39:47.471+0000] {logging_mixin.py:137} INFO - [2023-04-28T11:39:47.470+0000] {dag.py:3456} INFO - Setting next_dagrun for tutorial_taskflow_api_virtualenv to None, run_after=None
[2023-04-28T11:39:47.504+0000] {processor.py:175} INFO - Processing /home/airflow/.local/lib/python3.7/site-packages/airflow/example_dags/tutorial_taskflow_api_virtualenv.py took 0.155 seconds
[2023-04-28T11:40:17.678+0000] {processor.py:153} INFO - Started process (PID=7092) to work on /home/airflow/.local/lib/python3.7/site-packages/airflow/example_dags/tutorial_taskflow_api_virtualenv.py
[2023-04-28T11:40:17.680+0000] {processor.py:743} INFO - Processing file /home/airflow/.local/lib/python3.7/site-packages/airflow/example_dags/tutorial_taskflow_api_virtualenv.py for tasks to queue
[2023-04-28T11:40:17.682+0000] {logging_mixin.py:137} INFO - [2023-04-28T11:40:17.682+0000] {dagbag.py:532} INFO - Filling up the DagBag from /home/airflow/.local/lib/python3.7/site-packages/airflow/example_dags/tutorial_taskflow_api_virtualenv.py
[2023-04-28T11:40:17.714+0000] {processor.py:753} INFO - DAG(s) dict_keys(['tutorial_taskflow_api_virtualenv']) retrieved from /home/airflow/.local/lib/python3.7/site-packages/airflow/example_dags/tutorial_taskflow_api_virtualenv.py
[2023-04-28T11:40:17.751+0000] {logging_mixin.py:137} INFO - [2023-04-28T11:40:17.751+0000] {dag.py:2705} INFO - Sync 1 DAGs
[2023-04-28T11:40:17.785+0000] {logging_mixin.py:137} INFO - [2023-04-28T11:40:17.785+0000] {dag.py:3456} INFO - Setting next_dagrun for tutorial_taskflow_api_virtualenv to None, run_after=None
[2023-04-28T11:40:17.810+0000] {processor.py:175} INFO - Processing /home/airflow/.local/lib/python3.7/site-packages/airflow/example_dags/tutorial_taskflow_api_virtualenv.py took 0.137 seconds
[2023-04-28T11:40:49.093+0000] {processor.py:153} INFO - Started process (PID=7275) to work on /home/airflow/.local/lib/python3.7/site-packages/airflow/example_dags/tutorial_taskflow_api_virtualenv.py
[2023-04-28T11:40:49.096+0000] {processor.py:743} INFO - Processing file /home/airflow/.local/lib/python3.7/site-packages/airflow/example_dags/tutorial_taskflow_api_virtualenv.py for tasks to queue
[2023-04-28T11:40:49.107+0000] {logging_mixin.py:137} INFO - [2023-04-28T11:40:49.106+0000] {dagbag.py:532} INFO - Filling up the DagBag from /home/airflow/.local/lib/python3.7/site-packages/airflow/example_dags/tutorial_taskflow_api_virtualenv.py
[2023-04-28T11:40:49.213+0000] {processor.py:753} INFO - DAG(s) dict_keys(['tutorial_taskflow_api_virtualenv']) retrieved from /home/airflow/.local/lib/python3.7/site-packages/airflow/example_dags/tutorial_taskflow_api_virtualenv.py
[2023-04-28T11:40:49.281+0000] {logging_mixin.py:137} INFO - [2023-04-28T11:40:49.281+0000] {dag.py:2705} INFO - Sync 1 DAGs
[2023-04-28T11:40:49.354+0000] {logging_mixin.py:137} INFO - [2023-04-28T11:40:49.354+0000] {dag.py:3456} INFO - Setting next_dagrun for tutorial_taskflow_api_virtualenv to None, run_after=None
[2023-04-28T11:40:49.415+0000] {processor.py:175} INFO - Processing /home/airflow/.local/lib/python3.7/site-packages/airflow/example_dags/tutorial_taskflow_api_virtualenv.py took 0.335 seconds
